29-08-2018 18:12:03 UDP: Started listening at port 8414
29-08-2018 18:12:03 TCP: Started listening at port 10025
29-08-2018 18:12:04 TCP Output Control: Started listening at port 668
29-08-2018 18:12:05 TCP Output Control: Error in confirmation checker.
29-08-2018 18:12:05 TCP Output Control: System.InvalidOperationException: ExecuteNonQuery requires the command to have a transaction when the connection assigned to the command is in a pending local transaction.  The Transaction property of the command has not been initialized.
   at System.Data.SqlClient.SqlCommand.ValidateCommand(String method, Boolean async)
   at System.Data.SqlClient.SqlCommand.InternalExecuteNonQuery(TaskCompletionSource`1 completion, String methodName, Boolean sendToPipe, Int32 timeout, Boolean& usedCache, Boolean asyncWrite, Boolean inRetry)
   at System.Data.SqlClient.SqlCommand.ExecuteNonQuery()
   at ExampleService.DataAccess.MSSqlDataAccess.OutputUpdate(Int32 id, Byte status) in C:\Users\Abuzar\Desktop\27-08-2018\ExampleService\DataAccess\MSSqlDataAccess.cs:line 540
   at ExampleService.DataAccess.MSSqlDataAccess.CheckConfirmationExpirations() in C:\Users\Abuzar\Desktop\27-08-2018\ExampleService\DataAccess\MSSqlDataAccess.cs:line 561
   at ExampleService.TCPOutputControl.CheckConfirmationExpiration() in C:\Users\Abuzar\Desktop\27-08-2018\ExampleService\TCPOutputControl.cs:line 312
29-08-2018 18:12:13 TCP: Got new connection: 42.106.20.213:40860
29-08-2018 18:12:15 TCP: Recieved 18 bytes from socket.
29-08-2018 18:12:15 TCP: Checking for keyword validity.
29-08-2018 18:12:40 TCP: Keyword valid. Waiting for data.
29-08-2018 18:12:40 TCP: Recieved 288 bytes from socket.
29-08-2018 18:12:40 TCP: Parsing recieved data.
29-08-2018 18:12:40 TCP: ---- Parser log start ----
29-08-2018 18:12:40 Helper: IMEI: 872862776486230136
29-08-2018 18:12:40 Helper: Checksum does not match.
29-08-2018 18:12:40 TCP: ---- Saving to database ----
29-08-2018 18:12:40 TCP: ---- Successfully saved to database ----
29-08-2018 18:12:41 TCP: Recieved 36 bytes from socket.
29-08-2018 18:12:41 TCP: Parsing recieved data.
29-08-2018 18:12:41 TCP: ---- Parser log start ----
29-08-2018 18:12:41 Helper: IMEI: 872862776486230136
29-08-2018 18:12:41 Helper: Checksum does not match.
29-08-2018 18:12:41 TCP: ---- Saving to database ----
29-08-2018 18:12:41 TCP: ---- Successfully saved to database ----
29-08-2018 18:12:44 TCP: Recieved 36 bytes from socket.
29-08-2018 18:12:44 TCP: Parsing recieved data.
29-08-2018 18:12:44 TCP: ---- Parser log start ----
29-08-2018 18:12:44 Helper: IMEI: 872862776486230136
29-08-2018 18:12:44 Helper: Checksum does not match.
29-08-2018 18:12:44 TCP: ---- Saving to database ----
29-08-2018 18:12:44 TCP: ---- Successfully saved to database ----
29-08-2018 18:12:49 TCP: Recieved 36 bytes from socket.
29-08-2018 18:13:00 TCP: Parsing recieved data.
29-08-2018 18:13:00 TCP: ---- Parser log start ----
29-08-2018 18:13:00 Helper: IMEI: 872862776486230136
29-08-2018 18:13:00 Helper: Checksum does not match.
29-08-2018 18:13:00 TCP: ---- Saving to database ----
29-08-2018 18:13:00 TCP: ---- Successfully saved to database ----
29-08-2018 18:13:00 TCP: Recieved 144 bytes from socket.
29-08-2018 18:13:00 TCP: Parsing recieved data.
29-08-2018 18:13:00 TCP: ---- Parser log start ----
29-08-2018 18:13:00 Helper: IMEI: 872862776486230136
29-08-2018 18:13:00 Helper: Checksum does not match.
29-08-2018 18:13:00 TCP: ---- Saving to database ----
29-08-2018 18:13:00 TCP: ---- Successfully saved to database ----
29-08-2018 18:13:02 TCP: Recieved 36 bytes from socket.
29-08-2018 18:13:02 TCP: Parsing recieved data.
29-08-2018 18:13:02 TCP: ---- Parser log start ----
29-08-2018 18:13:02 Helper: IMEI: 872862776486230136
29-08-2018 18:13:02 Helper: Checksum does not match.
29-08-2018 18:13:02 TCP: ---- Saving to database ----
29-08-2018 18:13:02 TCP: ---- Successfully saved to database ----
29-08-2018 18:13:05 TCP: Recieved 36 bytes from socket.
29-08-2018 18:13:05 TCP: Parsing recieved data.
29-08-2018 18:13:05 TCP: ---- Parser log start ----
29-08-2018 18:13:05 Helper: IMEI: 872862776486230136
29-08-2018 18:13:05 Helper: Checksum does not match.
29-08-2018 18:13:05 TCP: ---- Saving to database ----
29-08-2018 18:13:05 TCP: ---- Successfully saved to database ----
29-08-2018 18:13:08 TCP: Recieved 36 bytes from socket.
29-08-2018 18:13:08 TCP: Parsing recieved data.
29-08-2018 18:13:08 TCP: ---- Parser log start ----
29-08-2018 18:13:08 Helper: IMEI: 872862776486230136
29-08-2018 18:13:08 Helper: Checksum does not match.
29-08-2018 18:13:08 TCP: ---- Saving to database ----
29-08-2018 18:13:08 TCP: ---- Successfully saved to database ----
29-08-2018 18:13:11 TCP: Recieved 36 bytes from socket.
29-08-2018 18:13:11 TCP: Parsing recieved data.
29-08-2018 18:13:11 TCP: ---- Parser log start ----
29-08-2018 18:13:11 Helper: IMEI: 872862776486230136
29-08-2018 18:13:11 Helper: Checksum does not match.
29-08-2018 18:13:11 TCP: ---- Saving to database ----
29-08-2018 18:13:11 TCP: ---- Successfully saved to database ----
29-08-2018 18:13:14 TCP: Recieved 36 bytes from socket.
29-08-2018 18:13:14 TCP: Parsing recieved data.
29-08-2018 18:13:14 TCP: ---- Parser log start ----
29-08-2018 18:13:14 Helper: IMEI: 872862776486230136
29-08-2018 18:13:14 Helper: Checksum does not match.
29-08-2018 18:13:14 TCP: ---- Saving to database ----
29-08-2018 18:13:14 TCP: ---- Successfully saved to database ----
29-08-2018 18:13:17 TCP: Recieved 36 bytes from socket.
29-08-2018 18:13:17 TCP: Parsing recieved data.
29-08-2018 18:13:17 TCP: ---- Parser log start ----
29-08-2018 18:13:17 Helper: IMEI: 872862776486230136
29-08-2018 18:13:17 Helper: Checksum does not match.
29-08-2018 18:13:17 TCP: ---- Saving to database ----
29-08-2018 18:13:17 TCP: ---- Successfully saved to database ----
29-08-2018 18:13:20 TCP: Recieved 36 bytes from socket.
29-08-2018 18:13:20 TCP: Parsing recieved data.
29-08-2018 18:13:20 TCP: ---- Parser log start ----
29-08-2018 18:13:20 Helper: IMEI: 872862776486230136
29-08-2018 18:13:20 Helper: Checksum does not match.
29-08-2018 18:13:20 TCP: ---- Saving to database ----
29-08-2018 18:13:20 TCP: ---- Successfully saved to database ----
29-08-2018 18:13:25 TCP: Recieved 36 bytes from socket.
29-08-2018 18:13:25 TCP: Parsing recieved data.
29-08-2018 18:13:25 TCP: ---- Parser log start ----
29-08-2018 18:13:25 Helper: IMEI: 872862776486230136
29-08-2018 18:13:25 Helper: Checksum does not match.
29-08-2018 18:13:25 TCP: ---- Saving to database ----
29-08-2018 18:13:25 TCP: ---- Successfully saved to database ----
29-08-2018 18:13:28 TCP: Recieved 36 bytes from socket.
29-08-2018 18:13:31 TCP: Parsing recieved data.
29-08-2018 18:13:33 TCP: ---- Parser log start ----
29-08-2018 18:13:54 Helper: IMEI: 872862776486230136
29-08-2018 18:13:54 Helper: Checksum does not match.
29-08-2018 18:13:54 TCP: ---- Saving to database ----
29-08-2018 18:13:54 TCP: ---- Successfully saved to database ----
29-08-2018 18:13:59 TCP: Recieved 324 bytes from socket.
29-08-2018 18:14:06 TCP: Parsing recieved data.
29-08-2018 18:14:09 TCP: ---- Parser log start ----
