03-09-2018 18:07:09 UDP: Started listening at port 8414
03-09-2018 18:07:09 TCP: Started listening at port 10025
03-09-2018 18:07:10 TCP Output Control: Started listening at port 668
03-09-2018 18:07:10 TCP Output Control: Error in confirmation checker.
03-09-2018 18:07:10 TCP Output Control: System.InvalidOperationException: ExecuteNonQuery requires the command to have a transaction when the connection assigned to the command is in a pending local transaction.  The Transaction property of the command has not been initialized.
   at System.Data.SqlClient.SqlCommand.ValidateCommand(String method, Boolean async)
   at System.Data.SqlClient.SqlCommand.InternalExecuteNonQuery(TaskCompletionSource`1 completion, String methodName, Boolean sendToPipe, Int32 timeout, Boolean& usedCache, Boolean asyncWrite, Boolean inRetry)
   at System.Data.SqlClient.SqlCommand.ExecuteNonQuery()
   at ExampleService.DataAccess.MSSqlDataAccess.OutputUpdate(Int32 id, Byte status) in C:\Users\Abuzar\Desktop\27-08-2018\ExampleService\DataAccess\MSSqlDataAccess.cs:line 540
   at ExampleService.DataAccess.MSSqlDataAccess.CheckConfirmationExpirations() in C:\Users\Abuzar\Desktop\27-08-2018\ExampleService\DataAccess\MSSqlDataAccess.cs:line 561
   at ExampleService.TCPOutputControl.CheckConfirmationExpiration() in C:\Users\Abuzar\Desktop\27-08-2018\ExampleService\TCPOutputControl.cs:line 313
03-09-2018 18:07:16 TCP: Got new connection: 42.106.25.70:53034
03-09-2018 18:07:17 TCP: Recieved 18 bytes from socket.
03-09-2018 18:07:17 TCP: Parsing Data....
03-09-2018 18:07:17 TCP: Parsing Data....
03-09-2018 18:07:20 TCP: Recieved 36 bytes from socket.
03-09-2018 18:07:20 TCP: Parsing Data....
03-09-2018 18:07:20 TCP: Saving Data Into Database......
03-09-2018 18:07:21 TCP: Successfully Saved To Database......
03-09-2018 18:07:24 TCP: Recieved 36 bytes from socket.
03-09-2018 18:07:24 TCP: Parsing Data....
03-09-2018 18:07:24 TCP: Saving Data Into Database......
03-09-2018 18:07:24 TCP: Successfully Saved To Database......
03-09-2018 18:07:27 TCP: Recieved 36 bytes from socket.
03-09-2018 18:07:27 TCP: Parsing Data....
03-09-2018 18:07:27 TCP: Saving Data Into Database......
03-09-2018 18:07:27 TCP: Successfully Saved To Database......
03-09-2018 18:07:29 TCP: Recieved 15 bytes from socket.
03-09-2018 18:07:29 TCP: Parsing Data....
