29-08-2018 14:42:24 UDP: Started listening at port 8414
29-08-2018 14:42:24 TCP: Started listening at port 10025
29-08-2018 14:42:24 TCP Output Control: Started listening at port 668
29-08-2018 14:42:24 TCP Output Control: Error in confirmation checker.
29-08-2018 14:42:24 TCP Output Control: System.InvalidOperationException: ExecuteNonQuery requires the command to have a transaction when the connection assigned to the command is in a pending local transaction.  The Transaction property of the command has not been initialized.
   at System.Data.SqlClient.SqlCommand.ValidateCommand(String method, Boolean async)
   at System.Data.SqlClient.SqlCommand.InternalExecuteNonQuery(TaskCompletionSource`1 completion, String methodName, Boolean sendToPipe, Int32 timeout, Boolean& usedCache, Boolean asyncWrite, Boolean inRetry)
   at System.Data.SqlClient.SqlCommand.ExecuteNonQuery()
   at ExampleService.DataAccess.MSSqlDataAccess.OutputUpdate(Int32 id, Byte status) in C:\Users\Abuzar\Desktop\27-08-2018\ExampleService\DataAccess\MSSqlDataAccess.cs:line 540
   at ExampleService.DataAccess.MSSqlDataAccess.CheckConfirmationExpirations() in C:\Users\Abuzar\Desktop\27-08-2018\ExampleService\DataAccess\MSSqlDataAccess.cs:line 561
   at ExampleService.TCPOutputControl.CheckConfirmationExpiration() in C:\Users\Abuzar\Desktop\27-08-2018\ExampleService\TCPOutputControl.cs:line 312
29-08-2018 14:42:35 TCP: Got new connection: 42.106.17.250:49318
29-08-2018 14:42:38 TCP: Recieved 18 bytes from socket.
29-08-2018 14:42:38 TCP: Checking for keyword validity.
29-08-2018 14:42:38 TCP: Keyword valid. Waiting for data.
29-08-2018 14:42:39 TCP: Recieved 15 bytes from socket.
29-08-2018 14:42:39 TCP: Parsing recieved data.
29-08-2018 14:42:39 TCP: ---- Parser log start ----
29-08-2018 14:42:39 Helper: IMEI: 1130590330583160
29-08-2018 14:42:39 Helper: Checksum does not match.
29-08-2018 14:42:43 TCP: ---- Saving to database ----
29-08-2018 14:42:43 TCP: ---- Successfully saved to database ----
29-08-2018 14:42:43 TCP: Recieved 36 bytes from socket.
29-08-2018 14:42:43 TCP: Parsing recieved data.
29-08-2018 14:42:43 TCP: ---- Parser log start ----
29-08-2018 14:42:43 Helper: IMEI: 656689994372446328
29-08-2018 14:42:43 Helper: Checksum does not match.
29-08-2018 14:43:20 TCP: ---- Saving to database ----
29-08-2018 14:43:20 TCP: ---- Successfully saved to database ----
29-08-2018 14:43:21 TCP: Recieved 411 bytes from socket.
29-08-2018 14:43:21 TCP: Parsing recieved data.
29-08-2018 14:43:21 TCP: ---- Parser log start ----
29-08-2018 14:43:21 Helper: IMEI: 584632400334518392
29-08-2018 14:43:21 Helper: Checksum does not match.
29-08-2018 14:43:23 TCP: ---- Saving to database ----
29-08-2018 14:43:23 TCP: ---- Successfully saved to database ----
29-08-2018 14:43:23 TCP: Recieved 36 bytes from socket.
29-08-2018 14:43:23 TCP: Parsing recieved data.
29-08-2018 14:43:23 TCP: ---- Parser log start ----
29-08-2018 14:43:23 Helper: IMEI: 584632400334518392
29-08-2018 14:43:23 Helper: Checksum does not match.
29-08-2018 14:43:23 TCP: ---- Saving to database ----
29-08-2018 14:43:23 TCP: ---- Successfully saved to database ----
29-08-2018 14:43:26 TCP: Recieved 36 bytes from socket.
29-08-2018 14:43:26 TCP: Parsing recieved data.
29-08-2018 14:43:26 TCP: ---- Parser log start ----
29-08-2018 14:43:26 Helper: IMEI: 656689994372446328
29-08-2018 14:43:26 Helper: Checksum does not match.
29-08-2018 14:43:26 TCP: ---- Saving to database ----
29-08-2018 14:43:26 TCP: ---- Successfully saved to database ----
29-08-2018 14:43:34 TCP: Recieved 36 bytes from socket.
29-08-2018 14:43:34 TCP: Parsing recieved data.
29-08-2018 14:43:34 TCP: ---- Parser log start ----
29-08-2018 14:43:34 Helper: IMEI: 584632400334518392
29-08-2018 14:43:34 Helper: Checksum does not match.
29-08-2018 14:43:34 TCP: ---- Saving to database ----
29-08-2018 14:43:34 TCP: ---- Successfully saved to database ----
29-08-2018 14:43:35 TCP: Recieved 72 bytes from socket.
29-08-2018 14:43:35 TCP: Parsing recieved data.
29-08-2018 14:43:35 TCP: ---- Parser log start ----
29-08-2018 14:43:35 Helper: IMEI: 584632400334518392
29-08-2018 14:43:35 Helper: Checksum does not match.
29-08-2018 14:43:35 TCP: ---- Saving to database ----
29-08-2018 14:43:35 TCP: ---- Successfully saved to database ----
29-08-2018 14:43:38 TCP: Recieved 36 bytes from socket.
29-08-2018 14:43:38 TCP: Parsing recieved data.
29-08-2018 14:43:38 TCP: ---- Parser log start ----
29-08-2018 14:43:38 Helper: IMEI: 584632400334518392
29-08-2018 14:43:38 Helper: Checksum does not match.
29-08-2018 14:43:38 TCP: ---- Saving to database ----
29-08-2018 14:43:38 TCP: ---- Successfully saved to database ----
29-08-2018 14:43:40 TCP: Recieved 36 bytes from socket.
29-08-2018 14:43:40 TCP: Parsing recieved data.
29-08-2018 14:43:40 TCP: ---- Parser log start ----
29-08-2018 14:43:40 Helper: IMEI: 584632400334518392
29-08-2018 14:43:40 Helper: Checksum does not match.
29-08-2018 14:43:40 TCP: ---- Saving to database ----
29-08-2018 14:43:40 TCP: ---- Successfully saved to database ----
29-08-2018 14:43:43 TCP: Recieved 36 bytes from socket.
29-08-2018 14:43:43 TCP: Parsing recieved data.
29-08-2018 14:43:43 TCP: ---- Parser log start ----
29-08-2018 14:43:43 Helper: IMEI: 584632400334518392
29-08-2018 14:43:43 Helper: Checksum does not match.
29-08-2018 14:43:59 TCP: ---- Saving to database ----
29-08-2018 14:43:59 TCP: ---- Successfully saved to database ----
29-08-2018 14:43:59 TCP: Recieved 180 bytes from socket.
29-08-2018 14:43:59 TCP: Parsing recieved data.
29-08-2018 14:43:59 TCP: ---- Parser log start ----
29-08-2018 14:43:59 Helper: IMEI: 584632400334518392
29-08-2018 14:43:59 Helper: Checksum does not match.
29-08-2018 14:44:18 TCP: ---- Saving to database ----
29-08-2018 14:44:18 TCP: ---- Successfully saved to database ----
29-08-2018 14:44:18 TCP: Recieved 216 bytes from socket.
29-08-2018 14:44:18 TCP: Parsing recieved data.
29-08-2018 14:44:18 TCP: ---- Parser log start ----
29-08-2018 14:44:18 Helper: IMEI: 584632400334518392
29-08-2018 14:44:18 Helper: Checksum does not match.
29-08-2018 14:44:21 TCP: ---- Saving to database ----
29-08-2018 14:44:21 TCP: ---- Successfully saved to database ----
29-08-2018 14:44:21 TCP: Recieved 36 bytes from socket.
29-08-2018 14:44:21 TCP: Parsing recieved data.
29-08-2018 14:44:21 TCP: ---- Parser log start ----
29-08-2018 14:44:21 Helper: IMEI: 584632400334518392
29-08-2018 14:44:21 Helper: Checksum does not match.
29-08-2018 14:44:23 TCP: ---- Saving to database ----
29-08-2018 14:44:23 TCP: ---- Successfully saved to database ----
29-08-2018 14:44:23 TCP: Recieved 36 bytes from socket.
29-08-2018 14:44:23 TCP: Parsing recieved data.
29-08-2018 14:44:23 TCP: ---- Parser log start ----
29-08-2018 14:44:23 Helper: IMEI: 584632400334518392
29-08-2018 14:44:23 Helper: Checksum does not match.
29-08-2018 14:44:25 TCP: ---- Saving to database ----
29-08-2018 14:44:25 TCP: ---- Successfully saved to database ----
29-08-2018 14:44:25 TCP: Recieved 36 bytes from socket.
29-08-2018 14:44:25 TCP: Parsing recieved data.
29-08-2018 14:44:25 TCP: ---- Parser log start ----
29-08-2018 14:44:25 Helper: IMEI: 584632400334518392
29-08-2018 14:44:25 Helper: Checksum does not match.
29-08-2018 14:44:27 TCP: ---- Saving to database ----
29-08-2018 14:44:27 TCP: ---- Successfully saved to database ----
29-08-2018 14:44:28 TCP: Recieved 36 bytes from socket.
29-08-2018 14:44:28 TCP: Parsing recieved data.
29-08-2018 14:44:28 TCP: ---- Parser log start ----
29-08-2018 14:44:28 Helper: IMEI: 584632400334518392
29-08-2018 14:44:28 Helper: Checksum does not match.
29-08-2018 14:44:29 TCP: ---- Saving to database ----
29-08-2018 14:44:29 TCP: ---- Successfully saved to database ----
29-08-2018 14:44:31 TCP: Recieved 36 bytes from socket.
29-08-2018 14:44:31 TCP: Parsing recieved data.
29-08-2018 14:44:31 TCP: ---- Parser log start ----
29-08-2018 14:44:31 Helper: IMEI: 584632400334518392
29-08-2018 14:44:31 Helper: Checksum does not match.
