10-09-2018 16:25:16 UDP: Started listening at port 8414
10-09-2018 16:25:16 TCP: Started listening at port 10025
10-09-2018 16:25:17 TCP Output Control: Started listening at port 668
10-09-2018 16:25:17 TCP Output Control: Error in confirmation checker.
10-09-2018 16:25:17 TCP Output Control: System.InvalidOperationException: ExecuteNonQuery requires the command to have a transaction when the connection assigned to the command is in a pending local transaction.  The Transaction property of the command has not been initialized.
   at System.Data.SqlClient.SqlCommand.ValidateCommand(String method, Boolean async)
   at System.Data.SqlClient.SqlCommand.InternalExecuteNonQuery(TaskCompletionSource`1 completion, String methodName, Boolean sendToPipe, Int32 timeout, Boolean& usedCache, Boolean asyncWrite, Boolean inRetry)
   at System.Data.SqlClient.SqlCommand.ExecuteNonQuery()
   at ExampleService.DataAccess.MSSqlDataAccess.OutputUpdate(Int32 id, Byte status) in C:\Users\Abuzar\Desktop\27-08-2018\ExampleService\DataAccess\MSSqlDataAccess.cs:line 540
   at ExampleService.DataAccess.MSSqlDataAccess.CheckConfirmationExpirations() in C:\Users\Abuzar\Desktop\27-08-2018\ExampleService\DataAccess\MSSqlDataAccess.cs:line 561
   at ExampleService.TCPOutputControl.CheckConfirmationExpiration() in C:\Users\Abuzar\Desktop\27-08-2018\ExampleService\TCPOutputControl.cs:line 313
10-09-2018 16:26:16 TCP: Got new connection: 27.97.132.208:39723
10-09-2018 16:26:16 TCP: Recieved 7 bytes from socket.
10-09-2018 16:26:16 TCP: Parsing Data....
10-09-2018 16:26:16 TCP: Parsing Data....
10-09-2018 16:26:17 TCP: Recieved 193 bytes from socket.
10-09-2018 16:26:17 TCP: Parsing Data....
10-09-2018 16:27:15 TCP: Recieved 313 bytes from socket.
10-09-2018 16:27:15 TCP: Parsing Data....
10-09-2018 16:28:17 TCP: Recieved 433 bytes from socket.
10-09-2018 16:28:17 TCP: Parsing Data....
10-09-2018 16:29:17 TCP: Recieved 553 bytes from socket.
10-09-2018 16:29:17 TCP: Parsing Data....
10-09-2018 16:29:44 TCP: Got new connection: 106.77.35.193:18496
10-09-2018 16:29:49 TCP: Recieved 18 bytes from socket.
10-09-2018 16:29:49 TCP: Parsing Data....
10-09-2018 16:29:49 TCP: Parsing Data....
10-09-2018 16:29:49 TCP: Recieved 15 bytes from socket.
10-09-2018 16:29:49 TCP: Parsing Data....
10-09-2018 16:29:52 TCP: Recieved 36 bytes from socket.
10-09-2018 16:29:52 TCP: Parsing Data....
10-09-2018 16:30:15 TCP: Recieved 593 bytes from socket.
10-09-2018 16:30:15 TCP: Parsing Data....
10-09-2018 16:30:15 TCP: Saving Data Into Database......
