27-08-2018 17:00:16 UDP: Started listening at port 8414
27-08-2018 17:00:16 TCP: Started listening at port 10025
27-08-2018 17:00:16 TCP Output Control: Started listening at port 668
27-08-2018 17:00:18 TCP Output Control: Error in confirmation checker.
27-08-2018 17:00:18 TCP Output Control: System.InvalidOperationException: ExecuteNonQuery requires the command to have a transaction when the connection assigned to the command is in a pending local transaction.  The Transaction property of the command has not been initialized.
   at System.Data.SqlClient.SqlCommand.ValidateCommand(String method, Boolean async)
   at System.Data.SqlClient.SqlCommand.InternalExecuteNonQuery(TaskCompletionSource`1 completion, String methodName, Boolean sendToPipe, Int32 timeout, Boolean& usedCache, Boolean asyncWrite, Boolean inRetry)
   at System.Data.SqlClient.SqlCommand.ExecuteNonQuery()
   at ExampleService.DataAccess.MSSqlDataAccess.OutputUpdate(Int32 id, Byte status) in C:\Users\Abuzar\Desktop\27-08-2018\ExampleService\DataAccess\MSSqlDataAccess.cs:line 540
   at ExampleService.DataAccess.MSSqlDataAccess.CheckConfirmationExpirations() in C:\Users\Abuzar\Desktop\27-08-2018\ExampleService\DataAccess\MSSqlDataAccess.cs:line 561
   at ExampleService.TCPOutputControl.CheckConfirmationExpiration() in C:\Users\Abuzar\Desktop\27-08-2018\ExampleService\TCPOutputControl.cs:line 312
27-08-2018 17:00:47 TCP: Got new connection: 42.106.21.193:16854
27-08-2018 17:00:48 TCP: Recieved 18 bytes from socket.
27-08-2018 17:00:48 TCP: Checking for keyword validity.
27-08-2018 17:01:15 TCP: Keyword valid. Waiting for data.
27-08-2018 17:01:25 TCP: Recieved 291 bytes from socket.
27-08-2018 17:01:26 TCP: Parsing recieved data.
27-08-2018 17:01:27 TCP: ---- Parser log start ----
27-08-2018 17:02:10 Helper: IMEI: 1130590330583160
27-08-2018 17:02:45 Helper: Checksum does not match.
27-08-2018 17:02:45 TCP: ---- Parser log end ----
27-08-2018 17:02:45 TCP: Parse results:
Parsed items from packet: 0

27-08-2018 17:02:45 TCP: Recieved 678 bytes from socket.
27-08-2018 17:02:45 TCP: Unknown service id = 179 , closing connection.
27-08-2018 17:02:46 TCP: Connection closed.
27-08-2018 17:02:49 TCP: Got new connection: 42.106.21.193:43984
27-08-2018 17:02:49 TCP: Recieved 18 bytes from socket.
27-08-2018 17:02:49 TCP: Checking for keyword validity.
27-08-2018 17:02:51 TCP: Keyword valid. Waiting for data.
27-08-2018 17:02:51 TCP: Recieved 36 bytes from socket.
27-08-2018 17:02:51 TCP: Unknown service id = 202 , closing connection.
27-08-2018 17:02:51 TCP: Connection closed.
27-08-2018 17:03:26 TCP: Got new connection: 42.106.26.244:24787
27-08-2018 17:03:47 TCP: Recieved 171 bytes from socket.
27-08-2018 17:03:47 TCP: Checking for keyword validity.
27-08-2018 17:03:48 TCP: Keyword valid. Waiting for data.
27-08-2018 17:03:48 TCP: Recieved 36 bytes from socket.
27-08-2018 17:03:48 TCP: Unknown service id = 203 , closing connection.
27-08-2018 17:03:48 TCP: Connection closed.
27-08-2018 17:03:50 TCP: Got new connection: 42.106.26.244:60979
27-08-2018 17:03:51 TCP: Recieved 18 bytes from socket.
27-08-2018 17:03:51 TCP: Checking for keyword validity.
27-08-2018 17:03:52 TCP: Keyword valid. Waiting for data.
27-08-2018 17:03:54 TCP: Recieved 15 bytes from socket.
27-08-2018 17:03:54 TCP: Unknown service id = 237 , closing connection.
27-08-2018 17:03:54 TCP: Connection closed.
27-08-2018 17:03:55 TCP: Got new connection: 42.106.26.244:13898
27-08-2018 17:03:56 TCP: Recieved 18 bytes from socket.
27-08-2018 17:03:56 TCP: Checking for keyword validity.
27-08-2018 17:03:59 TCP: Keyword valid. Waiting for data.
27-08-2018 17:03:59 TCP: Recieved 15 bytes from socket.
27-08-2018 17:03:59 TCP: Unknown service id = 239 , closing connection.
27-08-2018 17:03:59 TCP: Connection closed.
27-08-2018 17:04:33 TCP: Got new connection: 42.106.18.44:25681
27-08-2018 17:04:36 TCP: Recieved 18 bytes from socket.
27-08-2018 17:04:36 TCP: Checking for keyword validity.
27-08-2018 17:04:36 TCP: Keyword valid. Waiting for data.
27-08-2018 17:04:37 TCP: Recieved 15 bytes from socket.
27-08-2018 17:04:37 TCP: Unknown service id = 242 , closing connection.
27-08-2018 17:04:37 TCP: Connection closed.
27-08-2018 17:04:38 TCP: Got new connection: 42.106.18.44:19165
27-08-2018 17:04:39 TCP: Recieved 18 bytes from socket.
27-08-2018 17:04:39 TCP: Checking for keyword validity.
27-08-2018 17:04:39 TCP: Keyword valid. Waiting for data.
27-08-2018 17:04:42 TCP: Recieved 36 bytes from socket.
27-08-2018 17:04:42 TCP: Unknown service id = 203 , closing connection.
27-08-2018 17:04:42 TCP: Connection closed.
27-08-2018 17:04:44 TCP: Got new connection: 42.106.18.44:19243
27-08-2018 17:04:45 TCP: Recieved 18 bytes from socket.
27-08-2018 17:04:45 TCP: Checking for keyword validity.
27-08-2018 17:04:45 TCP: Keyword valid. Waiting for data.
27-08-2018 17:04:48 TCP: Recieved 36 bytes from socket.
27-08-2018 17:04:48 TCP: Unknown service id = 202 , closing connection.
27-08-2018 17:04:48 TCP: Connection closed.
27-08-2018 17:05:23 TCP: Got new connection: 42.106.24.89:43024
27-08-2018 17:05:24 TCP: Recieved 18 bytes from socket.
27-08-2018 17:05:24 TCP: Checking for keyword validity.
27-08-2018 17:05:24 TCP: Keyword valid. Waiting for data.
27-08-2018 17:05:27 TCP: Recieved 36 bytes from socket.
27-08-2018 17:05:27 TCP: Unknown service id = 202 , closing connection.
27-08-2018 17:05:27 TCP: Connection closed.
27-08-2018 17:05:29 TCP: Got new connection: 42.106.24.89:60055
27-08-2018 17:05:30 TCP: Recieved 18 bytes from socket.
27-08-2018 17:05:30 TCP: Checking for keyword validity.
27-08-2018 17:05:30 TCP: Keyword valid. Waiting for data.
27-08-2018 17:05:33 TCP: Recieved 36 bytes from socket.
27-08-2018 17:05:33 TCP: Unknown service id = 203 , closing connection.
27-08-2018 17:05:33 TCP: Connection closed.
27-08-2018 17:05:35 TCP: Got new connection: 42.106.24.89:6018
27-08-2018 17:05:36 TCP: Recieved 18 bytes from socket.
27-08-2018 17:05:36 TCP: Checking for keyword validity.
27-08-2018 17:05:36 TCP: Keyword valid. Waiting for data.
27-08-2018 17:05:38 TCP: Recieved 15 bytes from socket.
27-08-2018 17:05:38 TCP: Unknown service id = 247 , closing connection.
27-08-2018 17:05:38 TCP: Connection closed.
27-08-2018 17:06:13 TCP: Got new connection: 42.106.30.29:64671
27-08-2018 17:06:20 TCP: Recieved 18 bytes from socket.
27-08-2018 17:06:27 TCP: Checking for keyword validity.
27-08-2018 17:06:51 TCP: Keyword valid. Waiting for data.
27-08-2018 17:07:12 TCP: Recieved 357 bytes from socket.
27-08-2018 17:09:24 TCP: Got new connection: 42.106.30.29:54624
27-08-2018 17:09:31 TCP: Unknown service id = 249 , closing connection.
27-08-2018 17:09:47 TCP: Recieved 177 bytes from socket.
27-08-2018 17:09:51 TCP: Connection closed.
27-08-2018 17:10:02 TCP: Checking for keyword validity.
27-08-2018 17:10:16 TCP: Keyword valid. Waiting for data.
27-08-2018 17:10:56 TCP: Recieved 558 bytes from socket.
27-08-2018 17:11:29 TCP: Unknown service id = 203 , closing connection.
