18-05-2018 17:06:37 UDP: Started listening at port 8414
18-05-2018 17:06:37 TCP: Started listening at port 10025
18-05-2018 17:06:37 TCP Output Control: Started listening at port 668
18-05-2018 17:07:53 TCP: Got new connection: 106.67.147.147:11306
18-05-2018 17:07:54 TCP: Recieved 7 bytes from socket.
18-05-2018 17:07:54 TCP: Checking for keyword validity.
18-05-2018 17:07:54 TCP: Keyword valid. Waiting for data.
18-05-2018 17:07:54 TCP: Recieved 161 bytes from socket.
18-05-2018 17:07:54 TCP: Parsing recieved data.
18-05-2018 17:07:54 TCP: ---- Parser log start ----
18-05-2018 17:07:54 Helper: IMEI: 866710039995144
18-05-2018 17:07:54 Packet parser: 1: Packet type: 7. 5/18/2018 11:34:16 AM
18-05-2018 17:07:54 Packet parser: Mask1=400B, Mask2=0000, Mask3=0000, Mask4=0000
18-05-2018 17:07:55 Packet parser: 7DT0: Spd=0,Sat=9,HDOP=1,Course=150,Altitude = 590,Odo=0
18-05-2018 17:07:55 Packet parser: C7BD299C0B405DBC9342D91B944100194B4E0200000000A880E12F940116542774010037
18-05-2018 17:07:55 Packet parser: 38: Packet type: 7. 5/18/2018 11:35:16 AM
18-05-2018 17:07:55 Packet parser: Mask1=400B, Mask2=0000, Mask3=0000, Mask4=0000
18-05-2018 17:07:55 Packet parser: 7DT0: Spd=0,Sat=8,HDOP=1,Course=150,Altitude = 590,Odo=0
18-05-2018 17:07:55 Packet parser: A7BF299C0B405DBC9342D91B944100184B4E0200000000A880E12F940116542774010037
18-05-2018 17:07:55 Packet parser: 75: Packet type: 7. 5/18/2018 11:36:16 AM
18-05-2018 17:07:55 Packet parser: Mask1=400B, Mask2=0000, Mask3=0000, Mask4=0000
18-05-2018 17:07:55 Packet parser: 7DT0: Spd=0,Sat=8,HDOP=1,Course=150,Altitude = 590,Odo=0
18-05-2018 17:07:55 Packet parser: 87C1299C0B405DBC9342D91B944100184B4E0200000000A880EA2F940116542774010037
18-05-2018 17:07:55 Packet parser: 112: Packet type: 7. 5/18/2018 11:37:16 AM
18-05-2018 17:07:55 Packet parser: Mask1=400B, Mask2=0000, Mask3=0000, Mask4=0000
18-05-2018 17:07:55 Packet parser: 7DT0: Spd=0,Sat=5,HDOP=1,Course=150,Altitude = 590,Odo=0
18-05-2018 17:07:55 Packet parser: 67C3299C0B405DBC9342D91B944100154B4E0200000000A880E12F940116542774010037
18-05-2018 17:07:55 TCP: ---- Parser log end ----
18-05-2018 17:07:55 TCP: Parse results:
Parsed items from packet: 4

Merged data packet:
{
  "AnalogInputs": [
    0,
    12257,
    0,
    0,
    0,
    0,
    0,
    0
  ],
  "DigitalInputs": 32936,
  "Gps": {
    "Longitude": 73.8679,
    "Latitude": 18.5135975,
    "Speed": 0,
    "Satellites": 9,
    "Hdop": 1,
    "Direction": 150,
    "Altitude": 590,
    "Odometer": 0.0
  },
  "Gsm": {
    "MobileCountryCode": 404,
    "MobileNetworkCode": 22,
    "LocalAreaCode": 10068,
    "CellIdentifier": 372,
    "TimingAdvance": 0,
    "ReceivedSignalStrength": 55
  },
  "Time": "2018-05-18T11:34:16"
}

Merged data packet:
{
  "AnalogInputs": [
    0,
    12257,
    0,
    0,
    0,
    0,
    0,
    0
  ],
  "DigitalInputs": 32936,
  "Gps": {
    "Longitude": 73.8679,
    "Latitude": 18.5135975,
    "Speed": 0,
    "Satellites": 8,
    "Hdop": 1,
    "Direction": 150,
    "Altitude": 590,
    "Odometer": 0.0
  },
  "Gsm": {
    "MobileCountryCode": 404,
    "MobileNetworkCode": 22,
    "LocalAreaCode": 10068,
    "CellIdentifier": 372,
    "TimingAdvance": 0,
    "ReceivedSignalStrength": 55
  },
  "Time": "2018-05-18T11:35:16"
}

Merged data packet:
{
  "AnalogInputs": [
    0,
    12266,
    0,
    0,
    0,
    0,
    0,
    0
  ],
  "DigitalInputs": 32936,
  "Gps": {
    "Longitude": 73.8679,
    "Latitude": 18.5135975,
    "Speed": 0,
    "Satellites": 8,
    "Hdop": 1,
    "Direction": 150,
    "Altitude": 590,
    "Odometer": 0.0
  },
  "Gsm": {
    "MobileCountryCode": 404,
    "MobileNetworkCode": 22,
    "LocalAreaCode": 10068,
    "CellIdentifier": 372,
    "TimingAdvance": 0,
    "ReceivedSignalStrength": 55
  },
  "Time": "2018-05-18T11:36:16"
}

Merged data packet:
{
  "AnalogInputs": [
    0,
    12257,
    0,
    0,
    0,
    0,
    0,
    0
  ],
  "DigitalInputs": 32936,
  "Gps": {
    "Longitude": 73.8679,
    "Latitude": 18.5135975,
    "Speed": 0,
    "Satellites": 5,
    "Hdop": 1,
    "Direction": 150,
    "Altitude": 590,
    "Odometer": 0.0
  },
  "Gsm": {
    "MobileCountryCode": 404,
    "MobileNetworkCode": 22,
    "LocalAreaCode": 10068,
    "CellIdentifier": 372,
    "TimingAdvance": 0,
    "ReceivedSignalStrength": 55
  },
  "Time": "2018-05-18T11:37:16"
}

18-05-2018 17:07:55 TCP: ---- Saving to database ----
18-05-2018 17:07:55 TCP: ---- Successfully saved to database ----
18-05-2018 17:07:57 TCP: Recieved 50 bytes from socket.
18-05-2018 17:07:57 TCP: Parsing recieved data.
18-05-2018 17:07:57 TCP: ---- Parser log start ----
18-05-2018 17:07:57 Helper: IMEI: 866710039995144
18-05-2018 17:07:58 Packet parser: 1: Packet type: 7. 5/18/2018 11:37:52 AM
18-05-2018 17:07:58 Packet parser: Mask1=400B, Mask2=0000, Mask3=0000, Mask4=0000
18-05-2018 17:07:58 Packet parser: 7DT0: Spd=0,Sat=8,HDOP=1,Course=150,Altitude = 590,Odo=0
18-05-2018 17:07:58 Packet parser: 87C4299C0B405DBC9342D91B944100184B4E0200000000B9803A30940116542774010038
18-05-2018 17:07:58 TCP: ---- Parser log end ----
18-05-2018 17:07:58 TCP: Parse results:
Parsed items from packet: 1

Merged data packet:
{
  "AnalogInputs": [
    0,
    12346,
    0,
    0,
    0,
    0,
    0,
    0
  ],
  "DigitalInputs": 32953,
  "Gps": {
    "Longitude": 73.8679,
    "Latitude": 18.5135975,
    "Speed": 0,
    "Satellites": 8,
    "Hdop": 1,
    "Direction": 150,
    "Altitude": 590,
    "Odometer": 0.0
  },
  "Gsm": {
    "MobileCountryCode": 404,
    "MobileNetworkCode": 22,
    "LocalAreaCode": 10068,
    "CellIdentifier": 372,
    "TimingAdvance": 0,
    "ReceivedSignalStrength": 56
  },
  "Time": "2018-05-18T11:37:52"
}

18-05-2018 17:07:58 TCP: ---- Saving to database ----
18-05-2018 17:07:58 TCP: ---- Successfully saved to database ----
18-05-2018 17:08:53 TCP: Recieved 50 bytes from socket.
18-05-2018 17:08:53 TCP: Parsing recieved data.
18-05-2018 17:08:53 TCP: ---- Parser log start ----
18-05-2018 17:08:53 Helper: IMEI: 866710039995144
18-05-2018 17:08:53 Packet parser: 1: Packet type: 7. 5/18/2018 11:38:46 AM
18-05-2018 17:08:53 Packet parser: Mask1=400B, Mask2=0000, Mask3=0000, Mask4=0000
18-05-2018 17:08:53 Packet parser: 7DT0: Spd=0,Sat=7,HDOP=1,Course=150,Altitude = 590,Odo=0
18-05-2018 17:08:53 Packet parser: 37C6299C0B405DBC9342D91B944100174B4E0200000000A880C03194011654277401003A
18-05-2018 17:08:53 TCP: ---- Parser log end ----
18-05-2018 17:08:53 TCP: Parse results:
Parsed items from packet: 1

Merged data packet:
{
  "AnalogInputs": [
    0,
    12736,
    0,
    0,
    0,
    0,
    0,
    0
  ],
  "DigitalInputs": 32936,
  "Gps": {
    "Longitude": 73.8679,
    "Latitude": 18.5135975,
    "Speed": 0,
    "Satellites": 7,
    "Hdop": 1,
    "Direction": 150,
    "Altitude": 590,
    "Odometer": 0.0
  },
  "Gsm": {
    "MobileCountryCode": 404,
    "MobileNetworkCode": 22,
    "LocalAreaCode": 10068,
    "CellIdentifier": 372,
    "TimingAdvance": 0,
    "ReceivedSignalStrength": 58
  },
  "Time": "2018-05-18T11:38:46"
}

18-05-2018 17:08:53 TCP: ---- Saving to database ----
18-05-2018 17:08:53 TCP: ---- Successfully saved to database ----
18-05-2018 17:10:55 TCP: Recieved 87 bytes from socket.
18-05-2018 17:11:09 TCP: Parsing recieved data.
18-05-2018 17:11:09 TCP: ---- Parser log start ----
18-05-2018 17:11:09 Helper: IMEI: 866710039995144
18-05-2018 17:11:09 Packet parser: 1: Packet type: 7. 5/18/2018 11:39:46 AM
18-05-2018 17:11:09 Packet parser: Mask1=400B, Mask2=0000, Mask3=0000, Mask4=0000
18-05-2018 17:11:09 Packet parser: 7DT0: Spd=0,Sat=9,HDOP=1,Course=150,Altitude = 590,Odo=0
18-05-2018 17:11:09 Packet parser: 17C8299C0B405DBC9342D91B944100194B4E0200000000A880933094011654277401003A
18-05-2018 17:11:09 Packet parser: 38: Packet type: 7. 5/18/2018 11:40:48 AM
18-05-2018 17:11:09 Packet parser: Mask1=400B, Mask2=0000, Mask3=0000, Mask4=0000
18-05-2018 17:11:09 Packet parser: 7DT0: Spd=0,Sat=10,HDOP=1,Course=150,Altitude = 590,Odo=0
18-05-2018 17:11:09 Packet parser: 07CA299C0B405DBC9342D91B9441001A4B4E0200000000A880663094011654277401003A
18-05-2018 17:11:09 TCP: ---- Parser log end ----
18-05-2018 17:11:09 TCP: Parse results:
Parsed items from packet: 2

Merged data packet:
{
  "AnalogInputs": [
    0,
    12435,
    0,
    0,
    0,
    0,
    0,
    0
  ],
  "DigitalInputs": 32936,
  "Gps": {
    "Longitude": 73.8679,
    "Latitude": 18.5135975,
    "Speed": 0,
    "Satellites": 9,
    "Hdop": 1,
    "Direction": 150,
    "Altitude": 590,
    "Odometer": 0.0
  },
  "Gsm": {
    "MobileCountryCode": 404,
    "MobileNetworkCode": 22,
    "LocalAreaCode": 10068,
    "CellIdentifier": 372,
    "TimingAdvance": 0,
    "ReceivedSignalStrength": 58
  },
  "Time": "2018-05-18T11:39:46"
}

Merged data packet:
{
  "AnalogInputs": [
    0,
    12390,
    0,
    0,
    0,
    0,
    0,
    0
  ],
  "DigitalInputs": 32936,
  "Gps": {
    "Longitude": 73.8679,
    "Latitude": 18.5135975,
    "Speed": 0,
    "Satellites": 10,
    "Hdop": 1,
    "Direction": 150,
    "Altitude": 590,
    "Odometer": 0.0
  },
  "Gsm": {
    "MobileCountryCode": 404,
    "MobileNetworkCode": 22,
    "LocalAreaCode": 10068,
    "CellIdentifier": 372,
    "TimingAdvance": 0,
    "ReceivedSignalStrength": 58
  },
  "Time": "2018-05-18T11:40:48"
}

18-05-2018 17:11:09 TCP: ---- Saving to database ----
18-05-2018 17:11:09 TCP: ---- Successfully saved to database ----
18-05-2018 17:13:11 TCP: Recieved 87 bytes from socket.
18-05-2018 17:13:11 TCP: Parsing recieved data.
18-05-2018 17:13:11 TCP: ---- Parser log start ----
18-05-2018 17:13:11 Helper: IMEI: 866710039995144
18-05-2018 17:13:11 Packet parser: 1: Packet type: 7. 5/18/2018 11:41:46 AM
18-05-2018 17:13:11 Packet parser: Mask1=400B, Mask2=0000, Mask3=0000, Mask4=0000
18-05-2018 17:13:11 Packet parser: 7DT0: Spd=0,Sat=6,HDOP=1,Course=150,Altitude = 590,Odo=0
18-05-2018 17:13:11 Packet parser: D7CB299C0B405DBC9342D91B944100164B4E0200000000A880433094011654277401003A
18-05-2018 17:13:11 Packet parser: 38: Packet type: 7. 5/18/2018 11:42:46 AM
18-05-2018 17:13:11 Packet parser: Mask1=400B, Mask2=0000, Mask3=0000, Mask4=0000
18-05-2018 17:13:11 Packet parser: 7DT0: Spd=0,Sat=9,HDOP=1,Course=150,Altitude = 590,Odo=0
18-05-2018 17:13:11 Packet parser: B7CD299C0B405DBC9342D91B944100194B4E0200000000A880313094011654277401003A
18-05-2018 17:13:11 TCP: ---- Parser log end ----
18-05-2018 17:13:11 TCP: Parse results:
Parsed items from packet: 2

Merged data packet:
{
  "AnalogInputs": [
    0,
    12355,
    0,
    0,
    0,
    0,
    0,
    0
  ],
  "DigitalInputs": 32936,
  "Gps": {
    "Longitude": 73.8679,
    "Latitude": 18.5135975,
    "Speed": 0,
    "Satellites": 6,
    "Hdop": 1,
    "Direction": 150,
    "Altitude": 590,
    "Odometer": 0.0
  },
  "Gsm": {
    "MobileCountryCode": 404,
    "MobileNetworkCode": 22,
    "LocalAreaCode": 10068,
    "CellIdentifier": 372,
    "TimingAdvance": 0,
    "ReceivedSignalStrength": 58
  },
  "Time": "2018-05-18T11:41:46"
}

Merged data packet:
{
  "AnalogInputs": [
    0,
    12337,
    0,
    0,
    0,
    0,
    0,
    0
  ],
  "DigitalInputs": 32936,
  "Gps": {
    "Longitude": 73.8679,
    "Latitude": 18.5135975,
    "Speed": 0,
    "Satellites": 9,
    "Hdop": 1,
    "Direction": 150,
    "Altitude": 590,
    "Odometer": 0.0
  },
  "Gsm": {
    "MobileCountryCode": 404,
    "MobileNetworkCode": 22,
    "LocalAreaCode": 10068,
    "CellIdentifier": 372,
    "TimingAdvance": 0,
    "ReceivedSignalStrength": 58
  },
  "Time": "2018-05-18T11:42:46"
}

18-05-2018 17:13:11 TCP: ---- Saving to database ----
18-05-2018 17:13:11 TCP: ---- Successfully saved to database ----
18-05-2018 17:15:13 TCP: Recieved 87 bytes from socket.
18-05-2018 17:15:13 TCP: Parsing recieved data.
18-05-2018 17:15:13 TCP: ---- Parser log start ----
18-05-2018 17:15:13 Helper: IMEI: 866710039995144
18-05-2018 17:15:13 Packet parser: 1: Packet type: 7. 5/18/2018 11:43:46 AM
18-05-2018 17:15:13 Packet parser: Mask1=400B, Mask2=0000, Mask3=0000, Mask4=0000
18-05-2018 17:15:13 Packet parser: 7DT0: Spd=0,Sat=9,HDOP=1,Course=150,Altitude = 590,Odo=0
18-05-2018 17:15:13 Packet parser: 97CF299C0B405DBC9342D91B944100194B4E0200000000A8802830940116542774010039
18-05-2018 17:15:13 Packet parser: 38: Packet type: 7. 5/18/2018 11:44:46 AM
18-05-2018 17:15:13 Packet parser: Mask1=400B, Mask2=0000, Mask3=0000, Mask4=0000
18-05-2018 17:15:13 Packet parser: 7DT0: Spd=0,Sat=10,HDOP=1,Course=150,Altitude = 590,Odo=0
18-05-2018 17:15:13 Packet parser: 77D1299C0B405DBC9342D91B9441001A4B4E0200000000A8801F3094011654277401003A
18-05-2018 17:15:13 TCP: ---- Parser log end ----
18-05-2018 17:15:13 TCP: Parse results:
Parsed items from packet: 2

Merged data packet:
{
  "AnalogInputs": [
    0,
    12328,
    0,
    0,
    0,
    0,
    0,
    0
  ],
  "DigitalInputs": 32936,
  "Gps": {
    "Longitude": 73.8679,
    "Latitude": 18.5135975,
    "Speed": 0,
    "Satellites": 9,
    "Hdop": 1,
    "Direction": 150,
    "Altitude": 590,
    "Odometer": 0.0
  },
  "Gsm": {
    "MobileCountryCode": 404,
    "MobileNetworkCode": 22,
    "LocalAreaCode": 10068,
    "CellIdentifier": 372,
    "TimingAdvance": 0,
    "ReceivedSignalStrength": 57
  },
  "Time": "2018-05-18T11:43:46"
}

Merged data packet:
{
  "AnalogInputs": [
    0,
    12319,
    0,
    0,
    0,
    0,
    0,
    0
  ],
  "DigitalInputs": 32936,
  "Gps": {
    "Longitude": 73.8679,
    "Latitude": 18.5135975,
    "Speed": 0,
    "Satellites": 10,
    "Hdop": 1,
    "Direction": 150,
    "Altitude": 590,
    "Odometer": 0.0
  },
  "Gsm": {
    "MobileCountryCode": 404,
    "MobileNetworkCode": 22,
    "LocalAreaCode": 10068,
    "CellIdentifier": 372,
    "TimingAdvance": 0,
    "ReceivedSignalStrength": 58
  },
  "Time": "2018-05-18T11:44:46"
}

18-05-2018 17:15:13 TCP: ---- Saving to database ----
18-05-2018 17:15:13 TCP: ---- Successfully saved to database ----
18-05-2018 17:17:15 TCP: Recieved 87 bytes from socket.
18-05-2018 17:17:15 TCP: Parsing recieved data.
18-05-2018 17:17:15 TCP: ---- Parser log start ----
18-05-2018 17:17:15 Helper: IMEI: 866710039995144
18-05-2018 17:17:15 Packet parser: 1: Packet type: 7. 5/18/2018 11:45:48 AM
18-05-2018 17:17:15 Packet parser: Mask1=400B, Mask2=0000, Mask3=0000, Mask4=0000
18-05-2018 17:17:15 Packet parser: 7DT0: Spd=0,Sat=10,HDOP=1,Course=150,Altitude = 590,Odo=0
18-05-2018 17:17:15 Packet parser: 67D3299C0B405DBC9342D91B9441001A4B4E0200000000A8801630940116542774010039
18-05-2018 17:17:15 Packet parser: 38: Packet type: 7. 5/18/2018 11:46:48 AM
18-05-2018 17:17:15 Packet parser: Mask1=400B, Mask2=0000, Mask3=0000, Mask4=0000
18-05-2018 17:17:15 Packet parser: 7DT0: Spd=0,Sat=9,HDOP=1,Course=150,Altitude = 590,Odo=0
18-05-2018 17:17:15 Packet parser: 47D5299C0B405DBC9342D91B944100194B4E0200000000A8800530940116542774010039
18-05-2018 17:17:15 TCP: ---- Parser log end ----
18-05-2018 17:17:15 TCP: Parse results:
Parsed items from packet: 2

Merged data packet:
{
  "AnalogInputs": [
    0,
    12310,
    0,
    0,
    0,
    0,
    0,
    0
  ],
  "DigitalInputs": 32936,
  "Gps": {
    "Longitude": 73.8679,
    "Latitude": 18.5135975,
    "Speed": 0,
    "Satellites": 10,
    "Hdop": 1,
    "Direction": 150,
    "Altitude": 590,
    "Odometer": 0.0
  },
  "Gsm": {
    "MobileCountryCode": 404,
    "MobileNetworkCode": 22,
    "LocalAreaCode": 10068,
    "CellIdentifier": 372,
    "TimingAdvance": 0,
    "ReceivedSignalStrength": 57
  },
  "Time": "2018-05-18T11:45:48"
}

Merged data packet:
{
  "AnalogInputs": [
    0,
    12293,
    0,
    0,
    0,
    0,
    0,
    0
  ],
  "DigitalInputs": 32936,
  "Gps": {
    "Longitude": 73.8679,
    "Latitude": 18.5135975,
    "Speed": 0,
    "Satellites": 9,
    "Hdop": 1,
    "Direction": 150,
    "Altitude": 590,
    "Odometer": 0.0
  },
  "Gsm": {
    "MobileCountryCode": 404,
    "MobileNetworkCode": 22,
    "LocalAreaCode": 10068,
    "CellIdentifier": 372,
    "TimingAdvance": 0,
    "ReceivedSignalStrength": 57
  },
  "Time": "2018-05-18T11:46:48"
}

18-05-2018 17:17:15 TCP: ---- Saving to database ----
18-05-2018 17:17:15 TCP: ---- Successfully saved to database ----
