03-09-2018 14:54:11 UDP: Started listening at port 8414
03-09-2018 14:54:11 TCP: Started listening at port 10025
03-09-2018 14:54:20 TCP Output Control: Started listening at port 668
03-09-2018 14:54:30 TCP Output Control: Error in confirmation checker.
03-09-2018 14:54:30 TCP Output Control: System.InvalidOperationException: ExecuteNonQuery requires the command to have a transaction when the connection assigned to the command is in a pending local transaction.  The Transaction property of the command has not been initialized.
   at System.Data.SqlClient.SqlCommand.ValidateCommand(String method, Boolean async)
   at System.Data.SqlClient.SqlCommand.InternalExecuteNonQuery(TaskCompletionSource`1 completion, String methodName, Boolean sendToPipe, Int32 timeout, Boolean& usedCache, Boolean asyncWrite, Boolean inRetry)
   at System.Data.SqlClient.SqlCommand.ExecuteNonQuery()
   at ExampleService.DataAccess.MSSqlDataAccess.OutputUpdate(Int32 id, Byte status) in C:\Users\Abuzar\Desktop\27-08-2018\ExampleService\DataAccess\MSSqlDataAccess.cs:line 540
   at ExampleService.DataAccess.MSSqlDataAccess.CheckConfirmationExpirations() in C:\Users\Abuzar\Desktop\27-08-2018\ExampleService\DataAccess\MSSqlDataAccess.cs:line 561
   at ExampleService.TCPOutputControl.CheckConfirmationExpiration() in C:\Users\Abuzar\Desktop\27-08-2018\ExampleService\TCPOutputControl.cs:line 313
03-09-2018 14:54:45 TCP: Got new connection: 42.106.25.87:20557
03-09-2018 14:54:47 TCP: Recieved 18 bytes from socket.
03-09-2018 14:54:47 TCP: Parsing Data....
03-09-2018 14:54:47 TCP: Parsing Data....
03-09-2018 14:54:50 TCP: Recieved 15 bytes from socket.
03-09-2018 14:54:50 TCP: Parsing Data....
03-09-2018 14:54:50 TCP: Packet too short.
03-09-2018 14:54:54 TCP: Recieved 36 bytes from socket.
03-09-2018 14:54:54 TCP: Parsing Data....
03-09-2018 14:54:54 TCP: Saving Data Into Database......
03-09-2018 14:54:54 TCP: Successfully Saved To Database......
03-09-2018 14:54:57 TCP: Recieved 36 bytes from socket.
03-09-2018 14:54:57 TCP: Parsing Data....
03-09-2018 14:54:57 TCP: Saving Data Into Database......
03-09-2018 14:54:57 TCP: Successfully Saved To Database......
03-09-2018 14:54:59 TCP: Recieved 36 bytes from socket.
03-09-2018 14:54:59 TCP: Parsing Data....
03-09-2018 14:54:59 TCP: Saving Data Into Database......
03-09-2018 14:55:00 TCP: Successfully Saved To Database......
03-09-2018 14:55:03 TCP: Recieved 36 bytes from socket.
03-09-2018 14:55:03 TCP: Parsing Data....
03-09-2018 14:55:03 TCP: Saving Data Into Database......
03-09-2018 14:55:03 TCP: Successfully Saved To Database......
03-09-2018 14:55:06 TCP: Recieved 36 bytes from socket.
03-09-2018 14:55:06 TCP: Parsing Data....
03-09-2018 14:55:06 TCP: Saving Data Into Database......
03-09-2018 14:55:06 TCP: Successfully Saved To Database......
03-09-2018 14:55:09 TCP: Recieved 36 bytes from socket.
03-09-2018 14:55:09 TCP: Parsing Data....
03-09-2018 14:55:09 TCP: Saving Data Into Database......
03-09-2018 14:55:09 TCP: Successfully Saved To Database......
03-09-2018 14:55:15 TCP: Recieved 36 bytes from socket.
03-09-2018 14:55:15 TCP: Parsing Data....
03-09-2018 14:59:05 TCP: Saving Data Into Database......
03-09-2018 14:59:05 TCP: Successfully Saved To Database......
03-09-2018 14:59:05 TCP: Recieved 858 bytes from socket.
03-09-2018 14:59:05 TCP: Parsing Data....
03-09-2018 14:59:17 TCP: Got new connection: 42.106.25.87:55711
03-09-2018 14:59:17 TCP: Recieved 18 bytes from socket.
03-09-2018 14:59:17 TCP: Saving Data Into Database......
03-09-2018 14:59:17 TCP: Parsing Data....
03-09-2018 14:59:19 TCP: Parsing Data....
03-09-2018 14:59:19 TCP: Successfully Saved To Database......
03-09-2018 14:59:34 TCP: Recieved 15 bytes from socket.
03-09-2018 14:59:35 TCP: Parsing Data....
03-09-2018 14:59:37 TCP: Packet too short.
03-09-2018 14:59:37 TCP: Saving Data Into Database......
03-09-2018 14:59:37 TCP: Recieved 72 bytes from socket.
03-09-2018 14:59:37 TCP: Parsing Data....
03-09-2018 14:59:41 TCP: Saving Data Into Database......
03-09-2018 14:59:41 TCP: Successfully Saved To Database......
03-09-2018 14:59:43 TCP: Saving Data Into Database......
03-09-2018 14:59:44 TCP: Successfully Saved To Database......
03-09-2018 14:59:46 TCP: Saving Data Into Database......
03-09-2018 14:59:47 TCP: Successfully Saved To Database......
03-09-2018 14:59:50 TCP: Saving Data Into Database......
03-09-2018 14:59:50 TCP: Successfully Saved To Database......
03-09-2018 14:59:50 TCP: Recieved 36 bytes from socket.
03-09-2018 14:59:50 TCP: Parsing Data....
03-09-2018 15:01:11 TCP: Successfully Saved To Database......
