28-08-2018 18:16:42 UDP: Started listening at port 8414
28-08-2018 18:16:42 TCP: Started listening at port 10025
28-08-2018 18:16:42 TCP Output Control: Started listening at port 668
28-08-2018 18:16:43 TCP Output Control: Error in confirmation checker.
28-08-2018 18:16:43 TCP Output Control: System.InvalidOperationException: ExecuteNonQuery requires the command to have a transaction when the connection assigned to the command is in a pending local transaction.  The Transaction property of the command has not been initialized.
   at System.Data.SqlClient.SqlCommand.ValidateCommand(String method, Boolean async)
   at System.Data.SqlClient.SqlCommand.InternalExecuteNonQuery(TaskCompletionSource`1 completion, String methodName, Boolean sendToPipe, Int32 timeout, Boolean& usedCache, Boolean asyncWrite, Boolean inRetry)
   at System.Data.SqlClient.SqlCommand.ExecuteNonQuery()
   at ExampleService.DataAccess.MSSqlDataAccess.OutputUpdate(Int32 id, Byte status) in C:\Users\Abuzar\Desktop\27-08-2018\ExampleService\DataAccess\MSSqlDataAccess.cs:line 540
   at ExampleService.DataAccess.MSSqlDataAccess.CheckConfirmationExpirations() in C:\Users\Abuzar\Desktop\27-08-2018\ExampleService\DataAccess\MSSqlDataAccess.cs:line 561
   at ExampleService.TCPOutputControl.CheckConfirmationExpiration() in C:\Users\Abuzar\Desktop\27-08-2018\ExampleService\TCPOutputControl.cs:line 312
28-08-2018 18:17:08 TCP: Got new connection: 42.106.20.160:13118
28-08-2018 18:17:09 TCP: Recieved 18 bytes from socket.
28-08-2018 18:17:09 TCP: Checking for keyword validity.
28-08-2018 18:17:09 TCP: Keyword valid. Waiting for data.
28-08-2018 18:17:12 TCP: Recieved 36 bytes from socket.
28-08-2018 18:17:14 TCP: Parsing recieved data.
28-08-2018 18:17:14 TCP: ---- Parser log start ----
28-08-2018 18:17:14 Helper: IMEI: 872581301509519480
28-08-2018 18:17:16 Helper: Checksum does not match.
28-08-2018 18:17:16 TCP: ---- Saving to database ----
28-08-2018 18:17:49 TCP: ---- Successfully saved to database ----
28-08-2018 18:17:49 TCP: Recieved 390 bytes from socket.
28-08-2018 18:17:52 TCP: Parsing recieved data.
28-08-2018 18:17:52 TCP: ---- Parser log start ----
28-08-2018 18:17:53 Helper: IMEI: 872581301509519480
28-08-2018 18:17:55 Helper: Checksum does not match.
28-08-2018 18:17:55 TCP: ---- Saving to database ----
28-08-2018 18:17:58 TCP: ---- Successfully saved to database ----
28-08-2018 18:17:58 TCP: Recieved 36 bytes from socket.
28-08-2018 18:17:58 TCP: Parsing recieved data.
28-08-2018 18:17:58 TCP: ---- Parser log start ----
28-08-2018 18:17:59 Helper: IMEI: 872581301509519480
28-08-2018 18:18:01 Helper: Checksum does not match.
28-08-2018 18:18:01 TCP: ---- Saving to database ----
28-08-2018 18:18:02 TCP: ---- Successfully saved to database ----
28-08-2018 18:18:02 TCP: Recieved 36 bytes from socket.
28-08-2018 18:22:03 TCP: Parsing recieved data.
28-08-2018 18:22:03 TCP: Got new connection: 42.106.20.160:4588
28-08-2018 18:22:03 TCP: Recieved 105 bytes from socket.
28-08-2018 18:22:03 TCP: Checking for keyword validity.
28-08-2018 18:22:03 TCP: ---- Parser log start ----
