03-09-2018 18:19:34 UDP: Started listening at port 8414
03-09-2018 18:19:34 TCP: Started listening at port 10025
03-09-2018 18:19:34 TCP Output Control: Started listening at port 668
03-09-2018 18:19:34 TCP Output Control: Error in confirmation checker.
03-09-2018 18:19:34 TCP Output Control: System.InvalidOperationException: ExecuteNonQuery requires the command to have a transaction when the connection assigned to the command is in a pending local transaction.  The Transaction property of the command has not been initialized.
   at System.Data.SqlClient.SqlCommand.ValidateCommand(String method, Boolean async)
   at System.Data.SqlClient.SqlCommand.InternalExecuteNonQuery(TaskCompletionSource`1 completion, String methodName, Boolean sendToPipe, Int32 timeout, Boolean& usedCache, Boolean asyncWrite, Boolean inRetry)
   at System.Data.SqlClient.SqlCommand.ExecuteNonQuery()
   at ExampleService.DataAccess.MSSqlDataAccess.OutputUpdate(Int32 id, Byte status) in C:\Users\Abuzar\Desktop\27-08-2018\ExampleService\DataAccess\MSSqlDataAccess.cs:line 540
   at ExampleService.DataAccess.MSSqlDataAccess.CheckConfirmationExpirations() in C:\Users\Abuzar\Desktop\27-08-2018\ExampleService\DataAccess\MSSqlDataAccess.cs:line 561
   at ExampleService.TCPOutputControl.CheckConfirmationExpiration() in C:\Users\Abuzar\Desktop\27-08-2018\ExampleService\TCPOutputControl.cs:line 313
03-09-2018 18:19:52 TCP: Got new connection: 42.106.17.216:34056
03-09-2018 18:19:53 TCP: Recieved 18 bytes from socket.
03-09-2018 18:19:53 TCP: Parsing Data....
03-09-2018 18:19:53 TCP: Parsing Data....
03-09-2018 18:19:56 TCP: Recieved 36 bytes from socket.
03-09-2018 18:19:56 TCP: Parsing Data....
03-09-2018 18:19:56 TCP: Saving Data Into Database......
03-09-2018 18:19:59 TCP: Successfully Saved To Database......
03-09-2018 18:19:59 TCP: Recieved 36 bytes from socket.
03-09-2018 18:19:59 TCP: Parsing Data....
03-09-2018 18:19:59 TCP: Saving Data Into Database......
03-09-2018 18:20:00 TCP: Successfully Saved To Database......
03-09-2018 18:20:02 TCP: Recieved 15 bytes from socket.
03-09-2018 18:20:02 TCP: Parsing Data....
03-09-2018 18:20:05 TCP: Recieved 36 bytes from socket.
03-09-2018 18:20:05 TCP: Parsing Data....
03-09-2018 18:20:05 TCP: Saving Data Into Database......
03-09-2018 18:20:06 TCP: Successfully Saved To Database......
03-09-2018 18:20:08 TCP: Recieved 36 bytes from socket.
03-09-2018 18:20:08 TCP: Parsing Data....
03-09-2018 18:20:08 TCP: Saving Data Into Database......
03-09-2018 18:20:12 TCP: Successfully Saved To Database......
03-09-2018 18:20:12 TCP: Recieved 36 bytes from socket.
03-09-2018 18:20:12 TCP: Parsing Data....
03-09-2018 18:20:12 TCP: Saving Data Into Database......
03-09-2018 18:20:14 TCP: Successfully Saved To Database......
03-09-2018 18:20:14 TCP: Recieved 36 bytes from socket.
03-09-2018 18:20:14 TCP: Parsing Data....
03-09-2018 18:20:14 TCP: Saving Data Into Database......
03-09-2018 18:20:15 TCP: Successfully Saved To Database......
03-09-2018 18:20:17 TCP: Recieved 36 bytes from socket.
03-09-2018 18:20:17 TCP: Parsing Data....
03-09-2018 18:20:17 TCP: Saving Data Into Database......
03-09-2018 18:20:19 TCP: Successfully Saved To Database......
03-09-2018 18:20:20 TCP: Recieved 36 bytes from socket.
03-09-2018 18:20:20 TCP: Parsing Data....
03-09-2018 18:20:20 TCP: Saving Data Into Database......
03-09-2018 18:20:23 TCP: Successfully Saved To Database......
03-09-2018 18:20:30 TCP: Recieved 36 bytes from socket.
03-09-2018 18:20:30 TCP: Parsing Data....
03-09-2018 18:20:30 TCP: Saving Data Into Database......
03-09-2018 18:20:30 TCP: Successfully Saved To Database......
03-09-2018 18:20:40 TCP: Recieved 36 bytes from socket.
03-09-2018 18:20:40 TCP: Parsing Data....
03-09-2018 18:20:40 TCP: Saving Data Into Database......
03-09-2018 18:20:40 TCP: Successfully Saved To Database......
