01-09-2018 18:17:31 UDP: Started listening at port 8414
01-09-2018 18:17:31 TCP: Started listening at port 10025
01-09-2018 18:17:31 TCP Output Control: Started listening at port 668
01-09-2018 18:17:32 TCP Output Control: Error in confirmation checker.
01-09-2018 18:17:32 TCP Output Control: System.InvalidOperationException: ExecuteNonQuery requires the command to have a transaction when the connection assigned to the command is in a pending local transaction.  The Transaction property of the command has not been initialized.
   at System.Data.SqlClient.SqlCommand.ValidateCommand(String method, Boolean async)
   at System.Data.SqlClient.SqlCommand.InternalExecuteNonQuery(TaskCompletionSource`1 completion, String methodName, Boolean sendToPipe, Int32 timeout, Boolean& usedCache, Boolean asyncWrite, Boolean inRetry)
   at System.Data.SqlClient.SqlCommand.ExecuteNonQuery()
   at ExampleService.DataAccess.MSSqlDataAccess.OutputUpdate(Int32 id, Byte status) in C:\Users\Abuzar\Desktop\27-08-2018\ExampleService\DataAccess\MSSqlDataAccess.cs:line 540
   at ExampleService.DataAccess.MSSqlDataAccess.CheckConfirmationExpirations() in C:\Users\Abuzar\Desktop\27-08-2018\ExampleService\DataAccess\MSSqlDataAccess.cs:line 561
   at ExampleService.TCPOutputControl.CheckConfirmationExpiration() in C:\Users\Abuzar\Desktop\27-08-2018\ExampleService\TCPOutputControl.cs:line 312
01-09-2018 18:17:57 TCP: Got new connection: 42.106.24.175:20217
01-09-2018 18:17:58 TCP: Recieved 18 bytes from socket.
01-09-2018 18:17:58 TCP: Parsing Data....
01-09-2018 18:17:58 TCP: Parsing Data....
01-09-2018 18:18:02 TCP: Recieved 15 bytes from socket.
01-09-2018 18:18:06 TCP: Parsing Data....
01-09-2018 18:18:06 TCP: Packet too short.
01-09-2018 18:18:06 TCP: Recieved 36 bytes from socket.
01-09-2018 18:18:06 TCP: Parsing Data....
01-09-2018 18:18:06 TCP: Saving Data Into Database......
01-09-2018 18:18:06 TCP: Successfully Saved To Database......
01-09-2018 18:18:08 TCP: Recieved 36 bytes from socket.
01-09-2018 18:18:08 TCP: Parsing Data....
01-09-2018 18:18:08 TCP: Saving Data Into Database......
01-09-2018 18:18:08 TCP: Successfully Saved To Database......
01-09-2018 18:18:10 TCP: Recieved 36 bytes from socket.
01-09-2018 18:18:10 TCP: Parsing Data....
01-09-2018 18:18:10 TCP: Saving Data Into Database......
01-09-2018 18:18:11 TCP: Successfully Saved To Database......
01-09-2018 18:18:13 TCP: Recieved 36 bytes from socket.
01-09-2018 18:18:13 TCP: Parsing Data....
01-09-2018 18:18:13 TCP: Saving Data Into Database......
01-09-2018 18:18:13 TCP: Successfully Saved To Database......
01-09-2018 18:18:16 TCP: Recieved 36 bytes from socket.
01-09-2018 18:18:16 TCP: Parsing Data....
01-09-2018 18:18:16 TCP: Saving Data Into Database......
01-09-2018 18:18:16 TCP: Successfully Saved To Database......
01-09-2018 18:18:19 TCP: Recieved 36 bytes from socket.
01-09-2018 18:18:19 TCP: Parsing Data....
01-09-2018 18:18:19 TCP: Saving Data Into Database......
01-09-2018 18:18:19 TCP: Successfully Saved To Database......
01-09-2018 18:18:26 TCP: Recieved 36 bytes from socket.
01-09-2018 18:18:26 TCP: Parsing Data....
01-09-2018 18:18:26 TCP: Saving Data Into Database......
01-09-2018 18:18:26 TCP: Successfully Saved To Database......
01-09-2018 18:18:35 TCP: Recieved 36 bytes from socket.
01-09-2018 18:18:35 TCP: Parsing Data....
01-09-2018 18:18:35 TCP: Saving Data Into Database......
01-09-2018 18:18:35 TCP: Successfully Saved To Database......
