03-09-2018 17:17:47 UDP: Started listening at port 8414
03-09-2018 17:17:47 TCP: Started listening at port 10025
03-09-2018 17:17:48 TCP Output Control: Started listening at port 668
03-09-2018 17:17:48 TCP Output Control: Error in confirmation checker.
03-09-2018 17:17:48 TCP Output Control: System.InvalidOperationException: ExecuteNonQuery requires the command to have a transaction when the connection assigned to the command is in a pending local transaction.  The Transaction property of the command has not been initialized.
   at System.Data.SqlClient.SqlCommand.ValidateCommand(String method, Boolean async)
   at System.Data.SqlClient.SqlCommand.InternalExecuteNonQuery(TaskCompletionSource`1 completion, String methodName, Boolean sendToPipe, Int32 timeout, Boolean& usedCache, Boolean asyncWrite, Boolean inRetry)
   at System.Data.SqlClient.SqlCommand.ExecuteNonQuery()
   at ExampleService.DataAccess.MSSqlDataAccess.OutputUpdate(Int32 id, Byte status) in C:\Users\Abuzar\Desktop\27-08-2018\ExampleService\DataAccess\MSSqlDataAccess.cs:line 540
   at ExampleService.DataAccess.MSSqlDataAccess.CheckConfirmationExpirations() in C:\Users\Abuzar\Desktop\27-08-2018\ExampleService\DataAccess\MSSqlDataAccess.cs:line 561
   at ExampleService.TCPOutputControl.CheckConfirmationExpiration() in C:\Users\Abuzar\Desktop\27-08-2018\ExampleService\TCPOutputControl.cs:line 313
03-09-2018 17:18:21 TCP: Got new connection: 42.106.18.123:35213
03-09-2018 17:18:22 TCP: Recieved 18 bytes from socket.
03-09-2018 17:18:22 TCP: Parsing Data....
03-09-2018 17:18:22 TCP: Parsing Data....
03-09-2018 17:18:25 TCP: Recieved 36 bytes from socket.
03-09-2018 17:18:25 TCP: Parsing Data....
03-09-2018 17:18:28 TCP: Saving Data Into Database......
03-09-2018 17:18:28 TCP: Successfully Saved To Database......
03-09-2018 17:18:28 TCP: Recieved 36 bytes from socket.
03-09-2018 17:18:28 TCP: Parsing Data....
03-09-2018 17:18:31 TCP: Saving Data Into Database......
03-09-2018 17:18:31 TCP: Successfully Saved To Database......
03-09-2018 17:18:31 TCP: Recieved 36 bytes from socket.
03-09-2018 17:18:31 TCP: Parsing Data....
03-09-2018 17:18:34 TCP: Saving Data Into Database......
03-09-2018 17:18:34 TCP: Successfully Saved To Database......
03-09-2018 17:18:34 TCP: Recieved 36 bytes from socket.
03-09-2018 17:18:34 TCP: Parsing Data....
03-09-2018 17:18:36 TCP: Saving Data Into Database......
03-09-2018 17:18:36 TCP: Successfully Saved To Database......
03-09-2018 17:18:37 TCP: Recieved 36 bytes from socket.
03-09-2018 17:18:37 TCP: Parsing Data....
03-09-2018 17:18:40 TCP: Saving Data Into Database......
03-09-2018 17:18:41 TCP: Successfully Saved To Database......
03-09-2018 17:18:41 TCP: Recieved 36 bytes from socket.
03-09-2018 17:18:41 TCP: Parsing Data....
03-09-2018 17:18:43 TCP: Saving Data Into Database......
03-09-2018 17:18:43 TCP: Successfully Saved To Database......
03-09-2018 17:18:43 TCP: Recieved 36 bytes from socket.
03-09-2018 17:18:43 TCP: Parsing Data....
03-09-2018 17:18:44 TCP: Saving Data Into Database......
03-09-2018 17:18:44 TCP: Successfully Saved To Database......
03-09-2018 17:18:46 TCP: Recieved 36 bytes from socket.
03-09-2018 17:18:46 TCP: Parsing Data....
03-09-2018 17:18:53 TCP: Saving Data Into Database......
03-09-2018 17:18:53 TCP: Successfully Saved To Database......
03-09-2018 17:18:53 TCP: Recieved 72 bytes from socket.
03-09-2018 17:18:53 TCP: Parsing Data....
03-09-2018 17:18:54 TCP: Saving Data Into Database......
03-09-2018 17:18:54 TCP: Successfully Saved To Database......
03-09-2018 17:18:54 TCP: Saving Data Into Database......
03-09-2018 17:18:55 TCP: Successfully Saved To Database......
03-09-2018 17:18:55 TCP: Recieved 36 bytes from socket.
03-09-2018 17:18:55 TCP: Parsing Data....
03-09-2018 17:19:02 TCP: Saving Data Into Database......
03-09-2018 17:19:02 TCP: Successfully Saved To Database......
03-09-2018 17:19:02 TCP: Recieved 72 bytes from socket.
03-09-2018 17:19:02 TCP: Parsing Data....
03-09-2018 17:19:06 TCP: Saving Data Into Database......
03-09-2018 17:19:06 TCP: Successfully Saved To Database......
03-09-2018 17:19:07 TCP: Saving Data Into Database......
03-09-2018 17:19:07 TCP: Successfully Saved To Database......
03-09-2018 17:19:07 TCP: Recieved 36 bytes from socket.
03-09-2018 17:19:07 TCP: Parsing Data....
03-09-2018 17:19:11 TCP: Saving Data Into Database......
03-09-2018 17:19:11 TCP: Successfully Saved To Database......
03-09-2018 17:19:11 TCP: Recieved 72 bytes from socket.
03-09-2018 17:19:11 TCP: Parsing Data....
03-09-2018 17:19:14 TCP: Saving Data Into Database......
03-09-2018 17:19:14 TCP: Successfully Saved To Database......
03-09-2018 17:19:15 TCP: Saving Data Into Database......
03-09-2018 17:19:15 TCP: Successfully Saved To Database......
03-09-2018 17:19:15 TCP: Recieved 36 bytes from socket.
03-09-2018 17:19:15 TCP: Parsing Data....
03-09-2018 17:19:19 TCP: Saving Data Into Database......
03-09-2018 17:19:19 TCP: Successfully Saved To Database......
03-09-2018 17:19:19 TCP: Recieved 72 bytes from socket.
03-09-2018 17:19:19 TCP: Parsing Data....
03-09-2018 17:19:22 TCP: Saving Data Into Database......
03-09-2018 17:19:22 TCP: Successfully Saved To Database......
03-09-2018 17:19:23 TCP: Saving Data Into Database......
03-09-2018 17:19:23 TCP: Successfully Saved To Database......
03-09-2018 17:19:23 TCP: Recieved 36 bytes from socket.
03-09-2018 17:19:23 TCP: Parsing Data....
03-09-2018 17:19:26 TCP: Saving Data Into Database......
03-09-2018 17:19:26 TCP: Successfully Saved To Database......
03-09-2018 17:19:26 TCP: Recieved 36 bytes from socket.
03-09-2018 17:19:26 TCP: Parsing Data....
03-09-2018 17:19:29 TCP: Saving Data Into Database......
03-09-2018 17:19:29 TCP: Successfully Saved To Database......
03-09-2018 17:19:29 TCP: Recieved 36 bytes from socket.
03-09-2018 17:19:29 TCP: Parsing Data....
03-09-2018 17:19:32 TCP: Saving Data Into Database......
03-09-2018 17:19:32 TCP: Successfully Saved To Database......
03-09-2018 17:19:32 TCP: Recieved 36 bytes from socket.
03-09-2018 17:19:32 TCP: Parsing Data....
03-09-2018 17:19:40 TCP: Saving Data Into Database......
03-09-2018 17:19:40 TCP: Successfully Saved To Database......
03-09-2018 17:19:40 TCP: Recieved 72 bytes from socket.
03-09-2018 17:19:40 TCP: Parsing Data....
03-09-2018 17:19:43 TCP: Saving Data Into Database......
03-09-2018 17:19:43 TCP: Successfully Saved To Database......
03-09-2018 17:19:44 TCP: Saving Data Into Database......
03-09-2018 17:19:44 TCP: Successfully Saved To Database......
03-09-2018 17:19:44 TCP: Recieved 51 bytes from socket.
03-09-2018 17:19:44 TCP: Parsing Data....
