11-09-2018 15:53:39 UDP: Started listening at port 8414
11-09-2018 15:53:39 TCP: Started listening at port 10025
11-09-2018 15:53:39 TCP Output Control: Started listening at port 669
11-09-2018 15:53:40 TCP Output Control: Error in confirmation checker.
11-09-2018 15:53:40 TCP Output Control: System.InvalidOperationException: ExecuteNonQuery requires the command to have a transaction when the connection assigned to the command is in a pending local transaction.  The Transaction property of the command has not been initialized.
   at System.Data.SqlClient.SqlCommand.ValidateCommand(String method, Boolean async)
   at System.Data.SqlClient.SqlCommand.InternalExecuteNonQuery(TaskCompletionSource`1 completion, String methodName, Boolean sendToPipe, Int32 timeout, Boolean& usedCache, Boolean asyncWrite, Boolean inRetry)
   at System.Data.SqlClient.SqlCommand.ExecuteNonQuery()
   at ExampleService.DataAccess.MSSqlDataAccess.OutputUpdate(Int32 id, Byte status) in C:\Users\Abuzar\Desktop\2deviceconsole 11-09-2018\GPSIndia\ExampleService\DataAccess\MSSqlDataAccess.cs:line 540
   at ExampleService.DataAccess.MSSqlDataAccess.CheckConfirmationExpirations() in C:\Users\Abuzar\Desktop\2deviceconsole 11-09-2018\GPSIndia\ExampleService\DataAccess\MSSqlDataAccess.cs:line 561
   at ExampleService.TCPOutputControl.CheckConfirmationExpiration() in C:\Users\Abuzar\Desktop\2deviceconsole 11-09-2018\GPSIndia\ExampleService\TCPOutputControl.cs:line 313
11-09-2018 15:53:48 TCP: Got new connection: 106.77.12.193:55722
11-09-2018 15:53:49 TCP: Recieved 18 bytes from socket.
11-09-2018 15:53:49 TCP: Parsing Data....
11-09-2018 15:53:49 TCP: Parsing Data....
11-09-2018 15:53:52 TCP: Recieved 36 bytes from socket.
11-09-2018 15:53:52 TCP: Parsing Data....
11-09-2018 15:53:52 TCP: Saving Data Into Database......
11-09-2018 15:53:53 TCP: Successfully Saved To Database......
11-09-2018 15:53:56 TCP: Recieved 15 bytes from socket.
11-09-2018 15:53:56 TCP: Parsing Data....
11-09-2018 15:53:58 TCP: Recieved 15 bytes from socket.
11-09-2018 15:53:58 TCP: Parsing Data....
11-09-2018 15:54:01 TCP: Recieved 36 bytes from socket.
11-09-2018 15:54:01 TCP: Parsing Data....
11-09-2018 15:54:01 TCP: Saving Data Into Database......
11-09-2018 15:54:01 TCP: Successfully Saved To Database......
11-09-2018 15:54:04 TCP: Recieved 36 bytes from socket.
11-09-2018 15:54:04 TCP: Parsing Data....
11-09-2018 15:54:04 TCP: Saving Data Into Database......
11-09-2018 15:54:04 TCP: Successfully Saved To Database......
11-09-2018 15:54:11 TCP: Recieved 36 bytes from socket.
11-09-2018 15:54:11 TCP: Parsing Data....
11-09-2018 15:54:11 TCP: Saving Data Into Database......
11-09-2018 15:54:11 TCP: Successfully Saved To Database......
11-09-2018 15:55:28 TCP: Got new connection: 49.14.208.215:21626
11-09-2018 15:55:29 TCP: Recieved 18 bytes from socket.
11-09-2018 15:55:29 TCP: Parsing Data....
11-09-2018 15:55:29 TCP: Parsing Data....
11-09-2018 15:55:33 TCP: Recieved 15 bytes from socket.
11-09-2018 15:55:33 TCP: Parsing Data....
11-09-2018 15:55:36 TCP: Recieved 36 bytes from socket.
11-09-2018 15:55:36 TCP: Parsing Data....
11-09-2018 15:55:36 TCP: Saving Data Into Database......
11-09-2018 15:55:36 TCP: Successfully Saved To Database......
11-09-2018 15:55:46 TCP: Recieved 36 bytes from socket.
11-09-2018 15:55:46 TCP: Parsing Data....
11-09-2018 15:55:46 TCP: Saving Data Into Database......
11-09-2018 15:55:46 TCP: Successfully Saved To Database......
11-09-2018 15:55:56 TCP: Recieved 36 bytes from socket.
11-09-2018 15:55:56 TCP: Parsing Data....
11-09-2018 15:55:56 TCP: Saving Data Into Database......
11-09-2018 15:55:56 TCP: Successfully Saved To Database......
11-09-2018 15:56:06 TCP: Recieved 36 bytes from socket.
11-09-2018 15:56:06 TCP: Parsing Data....
11-09-2018 15:56:06 TCP: Saving Data Into Database......
11-09-2018 15:56:06 TCP: Successfully Saved To Database......
11-09-2018 15:56:16 TCP: Recieved 36 bytes from socket.
11-09-2018 15:56:16 TCP: Parsing Data....
11-09-2018 15:56:16 TCP: Saving Data Into Database......
11-09-2018 15:56:16 TCP: Successfully Saved To Database......
11-09-2018 15:56:26 TCP: Recieved 36 bytes from socket.
11-09-2018 15:56:26 TCP: Parsing Data....
11-09-2018 15:56:26 TCP: Saving Data Into Database......
11-09-2018 15:56:26 TCP: Successfully Saved To Database......
11-09-2018 15:56:36 TCP: Recieved 36 bytes from socket.
11-09-2018 15:56:36 TCP: Parsing Data....
11-09-2018 15:56:36 TCP: Saving Data Into Database......
11-09-2018 15:56:36 TCP: Successfully Saved To Database......
11-09-2018 15:56:46 TCP: Recieved 36 bytes from socket.
11-09-2018 15:56:46 TCP: Parsing Data....
11-09-2018 15:56:46 TCP: Saving Data Into Database......
11-09-2018 15:56:46 TCP: Successfully Saved To Database......
11-09-2018 15:56:56 TCP: Recieved 36 bytes from socket.
11-09-2018 15:56:56 TCP: Parsing Data....
11-09-2018 15:56:56 TCP: Saving Data Into Database......
11-09-2018 15:56:56 TCP: Successfully Saved To Database......
11-09-2018 15:56:59 TCP: Recieved 15 bytes from socket.
11-09-2018 15:56:59 TCP: Parsing Data....
11-09-2018 15:57:06 TCP: Recieved 36 bytes from socket.
11-09-2018 15:57:06 TCP: Parsing Data....
11-09-2018 15:57:06 TCP: Saving Data Into Database......
11-09-2018 15:57:06 TCP: Successfully Saved To Database......
11-09-2018 15:57:16 TCP: Recieved 36 bytes from socket.
11-09-2018 15:57:16 TCP: Parsing Data....
11-09-2018 15:57:16 TCP: Saving Data Into Database......
11-09-2018 15:57:16 TCP: Successfully Saved To Database......
11-09-2018 15:57:26 TCP: Recieved 36 bytes from socket.
11-09-2018 15:57:26 TCP: Parsing Data....
11-09-2018 15:57:26 TCP: Saving Data Into Database......
11-09-2018 15:57:26 TCP: Successfully Saved To Database......
11-09-2018 15:57:36 TCP: Recieved 36 bytes from socket.
11-09-2018 15:57:36 TCP: Parsing Data....
11-09-2018 15:57:36 TCP: Saving Data Into Database......
11-09-2018 15:57:36 TCP: Successfully Saved To Database......
11-09-2018 15:57:46 TCP: Recieved 36 bytes from socket.
11-09-2018 15:57:46 TCP: Parsing Data....
11-09-2018 15:57:46 TCP: Saving Data Into Database......
11-09-2018 15:57:46 TCP: Successfully Saved To Database......
11-09-2018 15:57:56 TCP: Recieved 36 bytes from socket.
11-09-2018 15:57:56 TCP: Parsing Data....
11-09-2018 15:57:56 TCP: Saving Data Into Database......
11-09-2018 15:57:56 TCP: Successfully Saved To Database......
11-09-2018 15:58:06 TCP: Recieved 36 bytes from socket.
11-09-2018 15:58:06 TCP: Parsing Data....
11-09-2018 15:58:06 TCP: Saving Data Into Database......
11-09-2018 15:58:06 TCP: Successfully Saved To Database......
11-09-2018 15:58:17 TCP: Recieved 36 bytes from socket.
11-09-2018 15:58:17 TCP: Parsing Data....
11-09-2018 15:58:17 TCP: Saving Data Into Database......
11-09-2018 15:58:17 TCP: Successfully Saved To Database......
11-09-2018 15:58:26 TCP: Recieved 36 bytes from socket.
11-09-2018 15:58:26 TCP: Parsing Data....
11-09-2018 15:58:26 TCP: Saving Data Into Database......
11-09-2018 15:58:26 TCP: Successfully Saved To Database......
11-09-2018 15:58:28 TCP: Recieved 15 bytes from socket.
11-09-2018 15:58:28 TCP: Parsing Data....
11-09-2018 15:58:36 TCP: Recieved 36 bytes from socket.
11-09-2018 15:58:36 TCP: Parsing Data....
11-09-2018 15:58:36 TCP: Saving Data Into Database......
11-09-2018 15:58:36 TCP: Successfully Saved To Database......
11-09-2018 15:58:46 TCP: Recieved 36 bytes from socket.
11-09-2018 15:58:46 TCP: Parsing Data....
11-09-2018 15:58:46 TCP: Saving Data Into Database......
11-09-2018 15:58:46 TCP: Successfully Saved To Database......
11-09-2018 15:58:55 TCP: Recieved 36 bytes from socket.
11-09-2018 15:58:55 TCP: Parsing Data....
11-09-2018 15:58:55 TCP: Saving Data Into Database......
11-09-2018 15:58:55 TCP: Successfully Saved To Database......
11-09-2018 15:59:05 TCP: Recieved 36 bytes from socket.
11-09-2018 15:59:05 TCP: Parsing Data....
11-09-2018 15:59:05 TCP: Saving Data Into Database......
11-09-2018 15:59:06 TCP: Successfully Saved To Database......
11-09-2018 15:59:15 TCP: Recieved 36 bytes from socket.
11-09-2018 15:59:15 TCP: Parsing Data....
11-09-2018 15:59:15 TCP: Saving Data Into Database......
11-09-2018 15:59:15 TCP: Successfully Saved To Database......
11-09-2018 15:59:25 TCP: Recieved 36 bytes from socket.
11-09-2018 15:59:25 TCP: Parsing Data....
11-09-2018 15:59:25 TCP: Saving Data Into Database......
11-09-2018 15:59:25 TCP: Successfully Saved To Database......
11-09-2018 15:59:35 TCP: Recieved 36 bytes from socket.
11-09-2018 15:59:35 TCP: Parsing Data....
11-09-2018 15:59:35 TCP: Saving Data Into Database......
11-09-2018 15:59:35 TCP: Successfully Saved To Database......
11-09-2018 16:10:19 TCP: Got new connection: 27.97.128.10:55545
11-09-2018 16:10:20 TCP: Recieved 18 bytes from socket.
11-09-2018 16:10:20 TCP: Parsing Data....
11-09-2018 16:10:20 TCP: Parsing Data....
11-09-2018 16:10:23 TCP: Recieved 36 bytes from socket.
11-09-2018 16:10:23 TCP: Parsing Data....
11-09-2018 16:10:23 TCP: Saving Data Into Database......
11-09-2018 16:10:23 TCP: Successfully Saved To Database......
11-09-2018 16:10:26 TCP: Recieved 15 bytes from socket.
11-09-2018 16:10:26 TCP: Parsing Data....
11-09-2018 16:10:29 TCP: Recieved 36 bytes from socket.
11-09-2018 16:10:29 TCP: Parsing Data....
11-09-2018 16:10:29 TCP: Saving Data Into Database......
11-09-2018 16:10:29 TCP: Successfully Saved To Database......
11-09-2018 16:10:36 TCP: Recieved 36 bytes from socket.
11-09-2018 16:10:36 TCP: Parsing Data....
11-09-2018 16:10:36 TCP: Saving Data Into Database......
11-09-2018 16:10:36 TCP: Successfully Saved To Database......
11-09-2018 16:10:46 TCP: Recieved 36 bytes from socket.
11-09-2018 16:10:46 TCP: Parsing Data....
11-09-2018 16:10:46 TCP: Saving Data Into Database......
11-09-2018 16:10:46 TCP: Successfully Saved To Database......
11-09-2018 16:10:56 TCP: Recieved 36 bytes from socket.
11-09-2018 16:10:56 TCP: Parsing Data....
11-09-2018 16:10:56 TCP: Saving Data Into Database......
11-09-2018 16:10:56 TCP: Successfully Saved To Database......
11-09-2018 16:11:06 TCP: Recieved 36 bytes from socket.
11-09-2018 16:11:06 TCP: Parsing Data....
11-09-2018 16:12:45 TCP: Saving Data Into Database......
11-09-2018 16:12:46 TCP: Successfully Saved To Database......
11-09-2018 16:12:46 TCP: Recieved 339 bytes from socket.
11-09-2018 16:12:46 TCP: Parsing Data....
11-09-2018 16:12:47 TCP: Saving Data Into Database......
11-09-2018 16:12:47 TCP: Successfully Saved To Database......
11-09-2018 16:12:47 TCP: Saving Data Into Database......
11-09-2018 16:12:47 TCP: Successfully Saved To Database......
11-09-2018 16:12:47 TCP: Saving Data Into Database......
11-09-2018 16:12:47 TCP: Successfully Saved To Database......
11-09-2018 16:12:47 TCP: Saving Data Into Database......
11-09-2018 16:12:47 TCP: Successfully Saved To Database......
11-09-2018 16:12:47 TCP: Saving Data Into Database......
11-09-2018 16:12:47 TCP: Successfully Saved To Database......
11-09-2018 16:12:47 TCP: Saving Data Into Database......
11-09-2018 16:12:47 TCP: Successfully Saved To Database......
11-09-2018 16:12:47 TCP: Saving Data Into Database......
11-09-2018 16:12:47 TCP: Successfully Saved To Database......
11-09-2018 16:12:47 TCP: Saving Data Into Database......
11-09-2018 16:12:47 TCP: Successfully Saved To Database......
11-09-2018 16:12:47 TCP: Saving Data Into Database......
11-09-2018 16:12:47 TCP: Successfully Saved To Database......
11-09-2018 16:12:47 TCP: Recieved 36 bytes from socket.
11-09-2018 16:12:47 TCP: Parsing Data....
11-09-2018 16:12:48 TCP: Saving Data Into Database......
11-09-2018 16:12:48 TCP: Successfully Saved To Database......
11-09-2018 16:12:56 TCP: Recieved 36 bytes from socket.
11-09-2018 16:12:56 TCP: Parsing Data....
11-09-2018 16:12:56 TCP: Saving Data Into Database......
11-09-2018 16:12:56 TCP: Successfully Saved To Database......
11-09-2018 16:13:06 TCP: Recieved 36 bytes from socket.
11-09-2018 16:13:06 TCP: Parsing Data....
11-09-2018 16:13:10 TCP: Saving Data Into Database......
11-09-2018 16:13:10 TCP: Successfully Saved To Database......
11-09-2018 16:13:16 TCP: Recieved 36 bytes from socket.
11-09-2018 16:13:16 TCP: Parsing Data....
11-09-2018 16:13:16 TCP: Saving Data Into Database......
11-09-2018 16:13:16 TCP: Successfully Saved To Database......
11-09-2018 16:13:20 TCP: Recieved 15 bytes from socket.
11-09-2018 16:13:20 TCP: Parsing Data....
11-09-2018 16:13:26 TCP: Recieved 36 bytes from socket.
11-09-2018 16:13:26 TCP: Parsing Data....
11-09-2018 16:13:26 TCP: Saving Data Into Database......
11-09-2018 16:13:26 TCP: Successfully Saved To Database......
11-09-2018 16:13:36 TCP: Recieved 36 bytes from socket.
11-09-2018 16:13:36 TCP: Parsing Data....
11-09-2018 16:13:36 TCP: Saving Data Into Database......
11-09-2018 16:13:36 TCP: Successfully Saved To Database......
11-09-2018 16:13:45 TCP: Recieved 36 bytes from socket.
11-09-2018 16:13:45 TCP: Parsing Data....
11-09-2018 16:13:45 TCP: Saving Data Into Database......
11-09-2018 16:13:45 TCP: Successfully Saved To Database......
11-09-2018 16:13:55 TCP: Recieved 36 bytes from socket.
11-09-2018 16:13:55 TCP: Parsing Data....
11-09-2018 16:13:55 TCP: Saving Data Into Database......
11-09-2018 16:13:56 TCP: Successfully Saved To Database......
11-09-2018 16:14:05 TCP: Recieved 36 bytes from socket.
11-09-2018 16:14:05 TCP: Parsing Data....
11-09-2018 16:15:32 TCP: Saving Data Into Database......
11-09-2018 16:15:32 TCP: Got new connection: 27.97.128.10:23891
11-09-2018 16:15:32 TCP: Recieved 177 bytes from socket.
11-09-2018 16:15:32 TCP: Parsing Data....
