29-08-2018 13:41:16 UDP: Started listening at port 8414
29-08-2018 13:41:16 TCP: Started listening at port 10025
29-08-2018 13:41:17 TCP Output Control: Started listening at port 668
29-08-2018 13:41:17 TCP Output Control: Error in confirmation checker.
29-08-2018 13:41:17 TCP Output Control: System.InvalidOperationException: ExecuteNonQuery requires the command to have a transaction when the connection assigned to the command is in a pending local transaction.  The Transaction property of the command has not been initialized.
   at System.Data.SqlClient.SqlCommand.ValidateCommand(String method, Boolean async)
   at System.Data.SqlClient.SqlCommand.InternalExecuteNonQuery(TaskCompletionSource`1 completion, String methodName, Boolean sendToPipe, Int32 timeout, Boolean& usedCache, Boolean asyncWrite, Boolean inRetry)
   at System.Data.SqlClient.SqlCommand.ExecuteNonQuery()
   at ExampleService.DataAccess.MSSqlDataAccess.OutputUpdate(Int32 id, Byte status) in C:\Users\Abuzar\Desktop\27-08-2018\ExampleService\DataAccess\MSSqlDataAccess.cs:line 540
   at ExampleService.DataAccess.MSSqlDataAccess.CheckConfirmationExpirations() in C:\Users\Abuzar\Desktop\27-08-2018\ExampleService\DataAccess\MSSqlDataAccess.cs:line 561
   at ExampleService.TCPOutputControl.CheckConfirmationExpiration() in C:\Users\Abuzar\Desktop\27-08-2018\ExampleService\TCPOutputControl.cs:line 312
29-08-2018 13:41:45 TCP: Got new connection: 42.106.25.232:20927
29-08-2018 13:41:46 TCP: Recieved 18 bytes from socket.
29-08-2018 13:41:46 TCP: Checking for keyword validity.
29-08-2018 13:41:46 TCP: Keyword valid. Waiting for data.
29-08-2018 13:41:49 TCP: Recieved 15 bytes from socket.
29-08-2018 13:41:49 TCP: Parsing recieved data.
29-08-2018 13:41:49 TCP: ---- Parser log start ----
29-08-2018 13:41:50 Helper: IMEI: 1130590330583160
29-08-2018 13:41:50 Helper: Checksum does not match.
29-08-2018 13:42:31 TCP: ---- Saving to database ----
29-08-2018 13:42:31 TCP: ---- Successfully saved to database ----
29-08-2018 13:42:31 TCP: Recieved 504 bytes from socket.
29-08-2018 13:42:31 TCP: Parsing recieved data.
29-08-2018 13:42:31 TCP: ---- Parser log start ----
29-08-2018 13:42:34 Helper: IMEI: 584632400334518392
29-08-2018 13:42:34 Helper: Checksum does not match.
29-08-2018 13:42:38 TCP: ---- Saving to database ----
29-08-2018 13:42:38 TCP: ---- Successfully saved to database ----
29-08-2018 13:42:38 TCP: Recieved 72 bytes from socket.
29-08-2018 13:42:38 TCP: Parsing recieved data.
29-08-2018 13:42:38 TCP: ---- Parser log start ----
29-08-2018 13:42:38 Helper: IMEI: 584632400334518392
29-08-2018 13:42:38 Helper: Checksum does not match.
29-08-2018 13:42:40 TCP: ---- Saving to database ----
29-08-2018 13:42:40 TCP: ---- Successfully saved to database ----
29-08-2018 13:42:40 TCP: Recieved 36 bytes from socket.
29-08-2018 13:42:40 TCP: Parsing recieved data.
29-08-2018 13:42:40 TCP: ---- Parser log start ----
29-08-2018 13:42:40 Helper: IMEI: 584632400334518392
29-08-2018 13:42:40 Helper: Checksum does not match.
29-08-2018 13:42:41 TCP: ---- Saving to database ----
29-08-2018 13:42:41 TCP: ---- Successfully saved to database ----
29-08-2018 13:42:43 TCP: Recieved 36 bytes from socket.
29-08-2018 13:42:43 TCP: Parsing recieved data.
29-08-2018 13:42:43 TCP: ---- Parser log start ----
29-08-2018 13:42:43 Helper: IMEI: 584632400334518392
29-08-2018 13:42:43 Helper: Checksum does not match.
29-08-2018 13:42:44 TCP: ---- Saving to database ----
29-08-2018 13:42:44 TCP: ---- Successfully saved to database ----
29-08-2018 13:42:46 TCP: Recieved 36 bytes from socket.
29-08-2018 13:42:46 TCP: Parsing recieved data.
29-08-2018 13:42:46 TCP: ---- Parser log start ----
29-08-2018 13:42:46 Helper: IMEI: 584632400334518392
29-08-2018 13:42:46 Helper: Checksum does not match.
29-08-2018 13:42:48 TCP: ---- Saving to database ----
29-08-2018 13:42:48 TCP: ---- Successfully saved to database ----
29-08-2018 13:42:49 TCP: Recieved 15 bytes from socket.
29-08-2018 13:42:49 TCP: Parsing recieved data.
29-08-2018 13:42:49 TCP: ---- Parser log start ----
29-08-2018 13:42:49 Helper: IMEI: 1130590330583160
29-08-2018 13:42:49 Helper: Checksum does not match.
29-08-2018 13:43:38 TCP: ---- Saving to database ----
29-08-2018 13:43:38 TCP: ---- Successfully saved to database ----
29-08-2018 13:43:38 TCP: Recieved 534 bytes from socket.
29-08-2018 13:43:38 TCP: Parsing recieved data.
29-08-2018 13:43:38 TCP: ---- Parser log start ----
29-08-2018 13:43:38 Helper: IMEI: 584632400334518392
29-08-2018 13:43:38 Helper: Checksum does not match.
