10-09-2018 16:30:23 UDP: Started listening at port 8414
10-09-2018 16:30:23 TCP: Started listening at port 10025
10-09-2018 16:30:23 TCP Output Control: Started listening at port 668
10-09-2018 16:30:23 TCP Output Control: Error in confirmation checker.
10-09-2018 16:30:23 TCP Output Control: System.InvalidOperationException: ExecuteNonQuery requires the command to have a transaction when the connection assigned to the command is in a pending local transaction.  The Transaction property of the command has not been initialized.
   at System.Data.SqlClient.SqlCommand.ValidateCommand(String method, Boolean async)
   at System.Data.SqlClient.SqlCommand.InternalExecuteNonQuery(TaskCompletionSource`1 completion, String methodName, Boolean sendToPipe, Int32 timeout, Boolean& usedCache, Boolean asyncWrite, Boolean inRetry)
   at System.Data.SqlClient.SqlCommand.ExecuteNonQuery()
   at ExampleService.DataAccess.MSSqlDataAccess.OutputUpdate(Int32 id, Byte status) in C:\Users\Abuzar\Desktop\27-08-2018\ExampleService\DataAccess\MSSqlDataAccess.cs:line 540
   at ExampleService.DataAccess.MSSqlDataAccess.CheckConfirmationExpirations() in C:\Users\Abuzar\Desktop\27-08-2018\ExampleService\DataAccess\MSSqlDataAccess.cs:line 561
   at ExampleService.TCPOutputControl.CheckConfirmationExpiration() in C:\Users\Abuzar\Desktop\27-08-2018\ExampleService\TCPOutputControl.cs:line 313
10-09-2018 16:31:16 TCP: Got new connection: 106.77.50.109:53742
10-09-2018 16:31:17 TCP: Recieved 18 bytes from socket.
10-09-2018 16:31:17 TCP: Parsing Data....
10-09-2018 16:31:17 TCP: Parsing Data....
10-09-2018 16:31:20 TCP: Recieved 15 bytes from socket.
10-09-2018 16:31:20 TCP: Parsing Data....
10-09-2018 16:31:23 TCP: Recieved 36 bytes from socket.
10-09-2018 16:31:23 TCP: Parsing Data....
10-09-2018 16:31:23 TCP: Saving Data Into Database......
