03-09-2018 18:10:56 UDP: Started listening at port 8414
03-09-2018 18:10:56 TCP: Started listening at port 10025
03-09-2018 18:10:56 TCP Output Control: Started listening at port 668
03-09-2018 18:10:57 TCP Output Control: Error in confirmation checker.
03-09-2018 18:10:57 TCP Output Control: System.InvalidOperationException: ExecuteNonQuery requires the command to have a transaction when the connection assigned to the command is in a pending local transaction.  The Transaction property of the command has not been initialized.
   at System.Data.SqlClient.SqlCommand.ValidateCommand(String method, Boolean async)
   at System.Data.SqlClient.SqlCommand.InternalExecuteNonQuery(TaskCompletionSource`1 completion, String methodName, Boolean sendToPipe, Int32 timeout, Boolean& usedCache, Boolean asyncWrite, Boolean inRetry)
   at System.Data.SqlClient.SqlCommand.ExecuteNonQuery()
   at ExampleService.DataAccess.MSSqlDataAccess.OutputUpdate(Int32 id, Byte status) in C:\Users\Abuzar\Desktop\27-08-2018\ExampleService\DataAccess\MSSqlDataAccess.cs:line 540
   at ExampleService.DataAccess.MSSqlDataAccess.CheckConfirmationExpirations() in C:\Users\Abuzar\Desktop\27-08-2018\ExampleService\DataAccess\MSSqlDataAccess.cs:line 561
   at ExampleService.TCPOutputControl.CheckConfirmationExpiration() in C:\Users\Abuzar\Desktop\27-08-2018\ExampleService\TCPOutputControl.cs:line 313
03-09-2018 18:11:02 TCP: Got new connection: 42.106.25.110:30423
03-09-2018 18:11:03 TCP: Recieved 18 bytes from socket.
03-09-2018 18:11:03 TCP: Parsing Data....
03-09-2018 18:11:03 TCP: Parsing Data....
03-09-2018 18:11:06 TCP: Recieved 36 bytes from socket.
03-09-2018 18:11:06 TCP: Parsing Data....
03-09-2018 18:11:06 TCP: Saving Data Into Database......
03-09-2018 18:11:07 TCP: Successfully Saved To Database......
03-09-2018 18:11:09 TCP: Recieved 36 bytes from socket.
03-09-2018 18:11:09 TCP: Parsing Data....
03-09-2018 18:11:09 TCP: Saving Data Into Database......
03-09-2018 18:11:09 TCP: Successfully Saved To Database......
03-09-2018 18:11:12 TCP: Recieved 36 bytes from socket.
03-09-2018 18:11:12 TCP: Parsing Data....
03-09-2018 18:11:12 TCP: Saving Data Into Database......
03-09-2018 18:11:12 TCP: Successfully Saved To Database......
03-09-2018 18:11:15 TCP: Recieved 36 bytes from socket.
03-09-2018 18:11:15 TCP: Parsing Data....
03-09-2018 18:11:15 TCP: Saving Data Into Database......
03-09-2018 18:11:15 TCP: Successfully Saved To Database......
03-09-2018 18:11:18 TCP: Recieved 36 bytes from socket.
03-09-2018 18:11:18 TCP: Parsing Data....
03-09-2018 18:11:18 TCP: Saving Data Into Database......
03-09-2018 18:11:19 TCP: Successfully Saved To Database......
03-09-2018 18:11:22 TCP: Recieved 36 bytes from socket.
03-09-2018 18:11:22 TCP: Parsing Data....
03-09-2018 18:11:22 TCP: Saving Data Into Database......
03-09-2018 18:11:22 TCP: Successfully Saved To Database......
03-09-2018 18:11:24 TCP: Recieved 36 bytes from socket.
03-09-2018 18:11:24 TCP: Parsing Data....
03-09-2018 18:11:24 TCP: Saving Data Into Database......
03-09-2018 18:11:24 TCP: Successfully Saved To Database......
03-09-2018 18:11:27 TCP: Recieved 36 bytes from socket.
03-09-2018 18:11:27 TCP: Parsing Data....
03-09-2018 18:11:27 TCP: Saving Data Into Database......
03-09-2018 18:11:27 TCP: Successfully Saved To Database......
03-09-2018 18:11:30 TCP: Recieved 36 bytes from socket.
03-09-2018 18:11:30 TCP: Parsing Data....
03-09-2018 18:11:30 TCP: Saving Data Into Database......
03-09-2018 18:11:30 TCP: Successfully Saved To Database......
03-09-2018 18:11:33 TCP: Recieved 36 bytes from socket.
03-09-2018 18:11:33 TCP: Parsing Data....
03-09-2018 18:11:33 TCP: Saving Data Into Database......
03-09-2018 18:11:33 TCP: Successfully Saved To Database......
03-09-2018 18:11:36 TCP: Recieved 36 bytes from socket.
03-09-2018 18:11:36 TCP: Parsing Data....
03-09-2018 18:11:36 TCP: Saving Data Into Database......
03-09-2018 18:11:36 TCP: Successfully Saved To Database......
03-09-2018 18:11:39 TCP: Recieved 15 bytes from socket.
03-09-2018 18:11:39 TCP: Parsing Data....
03-09-2018 18:14:42 TCP: Got new connection: 42.106.25.110:14329
03-09-2018 18:14:42 TCP: Recieved 1024 bytes from socket.
03-09-2018 18:14:42 TCP: Parsing Data....
03-09-2018 18:14:42 TCP: Recieved 570 bytes from socket.
03-09-2018 18:14:43 TCP: Parsing Data....
03-09-2018 18:14:43 TCP: Parsing Data....
03-09-2018 18:14:43 TCP: Recieved 365 bytes from socket.
03-09-2018 18:14:43 TCP: Saving Data Into Database......
03-09-2018 18:14:43 TCP: Parsing Data....
03-09-2018 18:14:43 TCP: Saving Data Into Database......
03-09-2018 18:14:44 TCP: Successfully Saved To Database......
03-09-2018 18:14:44 TCP: Saving Data Into Database......
03-09-2018 18:14:44 TCP: Successfully Saved To Database......
03-09-2018 18:14:45 TCP: Saving Data Into Database......
03-09-2018 18:14:45 TCP: Successfully Saved To Database......
03-09-2018 18:14:45 TCP: Saving Data Into Database......
03-09-2018 18:14:46 TCP: Saving Data Into Database......
03-09-2018 18:14:47 TCP: Saving Data Into Database......
03-09-2018 18:14:47 TCP: Saving Data Into Database......
03-09-2018 18:14:47 TCP: Saving Data Into Database......
03-09-2018 18:14:47 TCP: Saving Data Into Database......
03-09-2018 18:14:47 TCP: Saving Data Into Database......
03-09-2018 18:14:48 TCP: Saving Data Into Database......
03-09-2018 18:14:49 TCP: Recieved 36 bytes from socket.
03-09-2018 18:14:49 TCP: Parsing Data....
03-09-2018 18:14:49 TCP: Saving Data Into Database......
