28-08-2018 18:28:50 UDP: Started listening at port 8414
28-08-2018 18:28:51 TCP: Started listening at port 10025
28-08-2018 18:28:51 TCP Output Control: Started listening at port 668
28-08-2018 18:28:51 TCP Output Control: Error in confirmation checker.
28-08-2018 18:28:51 TCP Output Control: System.InvalidOperationException: ExecuteNonQuery requires the command to have a transaction when the connection assigned to the command is in a pending local transaction.  The Transaction property of the command has not been initialized.
   at System.Data.SqlClient.SqlCommand.ValidateCommand(String method, Boolean async)
   at System.Data.SqlClient.SqlCommand.InternalExecuteNonQuery(TaskCompletionSource`1 completion, String methodName, Boolean sendToPipe, Int32 timeout, Boolean& usedCache, Boolean asyncWrite, Boolean inRetry)
   at System.Data.SqlClient.SqlCommand.ExecuteNonQuery()
   at ExampleService.DataAccess.MSSqlDataAccess.OutputUpdate(Int32 id, Byte status) in C:\Users\Abuzar\Desktop\27-08-2018\ExampleService\DataAccess\MSSqlDataAccess.cs:line 540
   at ExampleService.DataAccess.MSSqlDataAccess.CheckConfirmationExpirations() in C:\Users\Abuzar\Desktop\27-08-2018\ExampleService\DataAccess\MSSqlDataAccess.cs:line 561
   at ExampleService.TCPOutputControl.CheckConfirmationExpiration() in C:\Users\Abuzar\Desktop\27-08-2018\ExampleService\TCPOutputControl.cs:line 312
28-08-2018 18:29:11 TCP: Got new connection: 42.106.16.200:18721
28-08-2018 18:29:12 TCP: Recieved 18 bytes from socket.
28-08-2018 18:29:12 TCP: Checking for keyword validity.
28-08-2018 18:29:12 TCP: Keyword valid. Waiting for data.
28-08-2018 18:29:15 TCP: Recieved 15 bytes from socket.
28-08-2018 18:29:17 TCP: Parsing recieved data.
28-08-2018 18:29:17 TCP: ---- Parser log start ----
28-08-2018 18:29:18 Helper: Error parsing data.
28-08-2018 18:29:18 TCP: ---- Saving to database ----
28-08-2018 18:29:20 TCP: ---- Successfully saved to database ----
28-08-2018 18:30:12 TCP: Got new connection: 42.106.16.168:49406
28-08-2018 18:30:13 TCP: Recieved 18 bytes from socket.
28-08-2018 18:30:13 TCP: Checking for keyword validity.
28-08-2018 18:30:13 TCP: Keyword valid. Waiting for data.
28-08-2018 18:30:16 TCP: Recieved 15 bytes from socket.
28-08-2018 18:30:22 TCP: Parsing recieved data.
28-08-2018 18:30:22 TCP: ---- Parser log start ----
28-08-2018 18:30:23 Helper: Error parsing data.
28-08-2018 18:30:23 TCP: ---- Saving to database ----
28-08-2018 18:30:32 TCP: ---- Successfully saved to database ----
28-08-2018 18:30:32 TCP: Recieved 180 bytes from socket.
28-08-2018 18:30:33 TCP: Parsing recieved data.
28-08-2018 18:30:33 TCP: ---- Parser log start ----
28-08-2018 18:30:34 Helper: Error parsing data.
28-08-2018 18:30:34 TCP: ---- Saving to database ----
28-08-2018 18:30:35 TCP: ---- Successfully saved to database ----
28-08-2018 18:30:35 TCP: Recieved 36 bytes from socket.
28-08-2018 18:30:35 TCP: Parsing recieved data.
28-08-2018 18:30:35 TCP: ---- Parser log start ----
28-08-2018 18:30:36 Helper: Error parsing data.
28-08-2018 18:30:36 TCP: ---- Saving to database ----
