29-08-2018 10:35:34 UDP: Started listening at port 8414
29-08-2018 10:35:34 TCP: Started listening at port 10025
29-08-2018 10:35:34 TCP Output Control: Started listening at port 668
29-08-2018 10:35:34 TCP Output Control: Error in confirmation checker.
29-08-2018 10:35:34 TCP Output Control: System.InvalidOperationException: ExecuteNonQuery requires the command to have a transaction when the connection assigned to the command is in a pending local transaction.  The Transaction property of the command has not been initialized.
   at System.Data.SqlClient.SqlCommand.ValidateCommand(String method, Boolean async)
   at System.Data.SqlClient.SqlCommand.InternalExecuteNonQuery(TaskCompletionSource`1 completion, String methodName, Boolean sendToPipe, Int32 timeout, Boolean& usedCache, Boolean asyncWrite, Boolean inRetry)
   at System.Data.SqlClient.SqlCommand.ExecuteNonQuery()
   at ExampleService.DataAccess.MSSqlDataAccess.OutputUpdate(Int32 id, Byte status) in C:\Users\Abuzar\Desktop\27-08-2018\ExampleService\DataAccess\MSSqlDataAccess.cs:line 540
   at ExampleService.DataAccess.MSSqlDataAccess.CheckConfirmationExpirations() in C:\Users\Abuzar\Desktop\27-08-2018\ExampleService\DataAccess\MSSqlDataAccess.cs:line 561
   at ExampleService.TCPOutputControl.CheckConfirmationExpiration() in C:\Users\Abuzar\Desktop\27-08-2018\ExampleService\TCPOutputControl.cs:line 312
29-08-2018 10:35:37 TCP: Got new connection: 42.106.29.96:25770
29-08-2018 10:35:39 TCP: Recieved 18 bytes from socket.
29-08-2018 10:35:39 TCP: Checking for keyword validity.
29-08-2018 10:35:39 TCP: Keyword valid. Waiting for data.
29-08-2018 10:35:41 TCP: Recieved 15 bytes from socket.
29-08-2018 10:35:52 TCP: Parsing recieved data.
29-08-2018 10:35:58 TCP: ---- Parser log start ----
29-08-2018 10:36:55 Helper: Error parsing data.
29-08-2018 10:36:55 TCP: ---- Saving to database ----
29-08-2018 10:37:06 TCP: ---- Successfully saved to database ----
29-08-2018 10:37:06 TCP: Recieved 951 bytes from socket.
