14-09-2018 17:17:15 UDP: Started listening at port 8414
14-09-2018 17:17:15 TCP: Started listening at port 10025
14-09-2018 17:17:15 TCP Output Control: Started listening at port 669
14-09-2018 17:17:16 TCP Output Control: Error in confirmation checker.
14-09-2018 17:17:16 TCP Output Control: System.InvalidOperationException: ExecuteNonQuery requires the command to have a transaction when the connection assigned to the command is in a pending local transaction.  The Transaction property of the command has not been initialized.
   at System.Data.SqlClient.SqlCommand.ValidateCommand(String method, Boolean async)
   at System.Data.SqlClient.SqlCommand.InternalExecuteNonQuery(TaskCompletionSource`1 completion, String methodName, Boolean sendToPipe, Int32 timeout, Boolean& usedCache, Boolean asyncWrite, Boolean inRetry)
   at System.Data.SqlClient.SqlCommand.ExecuteNonQuery()
   at ExampleService.DataAccess.MSSqlDataAccess.OutputUpdate(Int32 id, Byte status) in C:\Users\Abuzar\Desktop\2deviceconsole 11-09-2018\GPSIndia\ExampleService\DataAccess\MSSqlDataAccess.cs:line 540
   at ExampleService.DataAccess.MSSqlDataAccess.CheckConfirmationExpirations() in C:\Users\Abuzar\Desktop\2deviceconsole 11-09-2018\GPSIndia\ExampleService\DataAccess\MSSqlDataAccess.cs:line 561
   at ExampleService.TCPOutputControl.CheckConfirmationExpiration() in C:\Users\Abuzar\Desktop\2deviceconsole 11-09-2018\GPSIndia\ExampleService\TCPOutputControl.cs:line 313
14-09-2018 17:18:32 TCP: Got new connection: 49.15.0.193:28502
14-09-2018 17:18:33 TCP: Recieved 18 bytes from socket.
14-09-2018 17:18:33 TCP: Parsing Data....
14-09-2018 17:18:33 TCP: Parsing Data....
14-09-2018 17:18:36 TCP: Recieved 15 bytes from socket.
14-09-2018 17:18:36 TCP: Parsing Data....
14-09-2018 17:18:39 TCP: Recieved 36 bytes from socket.
14-09-2018 17:18:39 TCP: Parsing Data....
14-09-2018 17:18:39 TCP: Saving Data Into Database......
14-09-2018 17:18:39 TCP: Successfully Saved To Database......
14-09-2018 17:18:46 TCP: Recieved 36 bytes from socket.
14-09-2018 17:18:46 TCP: Parsing Data....
14-09-2018 17:18:46 TCP: Saving Data Into Database......
14-09-2018 17:18:46 TCP: Successfully Saved To Database......
14-09-2018 17:18:56 TCP: Recieved 36 bytes from socket.
14-09-2018 17:18:56 TCP: Parsing Data....
14-09-2018 17:18:56 TCP: Saving Data Into Database......
14-09-2018 17:18:56 TCP: Successfully Saved To Database......
14-09-2018 17:19:06 TCP: Recieved 36 bytes from socket.
14-09-2018 17:19:06 TCP: Parsing Data....
14-09-2018 17:19:06 TCP: Saving Data Into Database......
14-09-2018 17:19:06 TCP: Successfully Saved To Database......
14-09-2018 17:19:16 TCP: Recieved 36 bytes from socket.
14-09-2018 17:19:16 TCP: Parsing Data....
14-09-2018 17:19:16 TCP: Saving Data Into Database......
14-09-2018 17:19:16 TCP: Successfully Saved To Database......
14-09-2018 17:19:26 TCP: Recieved 36 bytes from socket.
14-09-2018 17:19:26 TCP: Parsing Data....
14-09-2018 17:19:26 TCP: Saving Data Into Database......
14-09-2018 17:19:26 TCP: Successfully Saved To Database......
14-09-2018 17:19:36 TCP: Recieved 36 bytes from socket.
14-09-2018 17:19:36 TCP: Parsing Data....
14-09-2018 17:19:36 TCP: Saving Data Into Database......
14-09-2018 17:19:36 TCP: Successfully Saved To Database......
14-09-2018 17:19:46 TCP: Recieved 36 bytes from socket.
14-09-2018 17:19:46 TCP: Parsing Data....
14-09-2018 17:19:46 TCP: Saving Data Into Database......
14-09-2018 17:19:46 TCP: Successfully Saved To Database......
14-09-2018 17:19:56 TCP: Recieved 36 bytes from socket.
14-09-2018 17:19:56 TCP: Parsing Data....
14-09-2018 17:19:56 TCP: Saving Data Into Database......
14-09-2018 17:19:57 TCP: Successfully Saved To Database......
14-09-2018 17:20:03 TCP: Recieved 15 bytes from socket.
14-09-2018 17:20:03 TCP: Parsing Data....
14-09-2018 17:20:06 TCP: Recieved 36 bytes from socket.
14-09-2018 17:20:06 TCP: Parsing Data....
14-09-2018 17:20:06 TCP: Saving Data Into Database......
14-09-2018 17:20:06 TCP: Successfully Saved To Database......
14-09-2018 17:20:15 TCP: Recieved 36 bytes from socket.
14-09-2018 17:20:15 TCP: Parsing Data....
14-09-2018 17:20:15 TCP: Saving Data Into Database......
14-09-2018 17:20:16 TCP: Successfully Saved To Database......
14-09-2018 17:20:25 TCP: Recieved 36 bytes from socket.
14-09-2018 17:20:25 TCP: Parsing Data....
14-09-2018 17:20:25 TCP: Saving Data Into Database......
14-09-2018 17:20:26 TCP: Successfully Saved To Database......
14-09-2018 17:20:36 TCP: Recieved 36 bytes from socket.
14-09-2018 17:20:36 TCP: Parsing Data....
14-09-2018 17:20:36 TCP: Saving Data Into Database......
14-09-2018 17:20:36 TCP: Successfully Saved To Database......
14-09-2018 17:20:45 TCP: Recieved 36 bytes from socket.
14-09-2018 17:20:45 TCP: Parsing Data....
14-09-2018 17:20:45 TCP: Saving Data Into Database......
14-09-2018 17:20:45 TCP: Successfully Saved To Database......
14-09-2018 17:20:55 TCP: Recieved 36 bytes from socket.
14-09-2018 17:20:55 TCP: Parsing Data....
14-09-2018 17:20:55 TCP: Saving Data Into Database......
14-09-2018 17:20:55 TCP: Successfully Saved To Database......
14-09-2018 17:21:05 TCP: Recieved 36 bytes from socket.
14-09-2018 17:21:05 TCP: Parsing Data....
14-09-2018 17:21:05 TCP: Saving Data Into Database......
14-09-2018 17:21:05 TCP: Successfully Saved To Database......
14-09-2018 17:21:15 TCP: Recieved 36 bytes from socket.
14-09-2018 17:21:15 TCP: Parsing Data....
14-09-2018 17:21:56 TCP: Saving Data Into Database......
14-09-2018 17:21:56 TCP: Got new connection: 49.15.0.193:36776
14-09-2018 17:21:56 TCP: Recieved 141 bytes from socket.
14-09-2018 17:21:56 TCP: Parsing Data....
14-09-2018 17:21:56 TCP: Parsing Data....
14-09-2018 17:21:57 TCP: Successfully Saved To Database......
14-09-2018 17:21:57 TCP: Recieved 36 bytes from socket.
14-09-2018 17:21:57 TCP: Parsing Data....
14-09-2018 17:22:04 TCP: Saving Data Into Database......
14-09-2018 17:22:04 TCP: Successfully Saved To Database......
14-09-2018 17:22:05 TCP: Recieved 36 bytes from socket.
14-09-2018 17:22:05 TCP: Parsing Data....
14-09-2018 17:22:08 TCP: Saving Data Into Database......
14-09-2018 17:22:08 TCP: Successfully Saved To Database......
14-09-2018 17:22:15 TCP: Recieved 36 bytes from socket.
14-09-2018 17:22:15 TCP: Parsing Data....
14-09-2018 17:22:15 TCP: Saving Data Into Database......
14-09-2018 17:22:15 TCP: Successfully Saved To Database......
14-09-2018 17:22:25 TCP: Recieved 36 bytes from socket.
14-09-2018 17:22:25 TCP: Parsing Data....
14-09-2018 17:22:25 TCP: Saving Data Into Database......
14-09-2018 17:22:25 TCP: Successfully Saved To Database......
14-09-2018 17:22:35 TCP: Recieved 36 bytes from socket.
14-09-2018 17:22:35 TCP: Parsing Data....
14-09-2018 17:22:35 TCP: Saving Data Into Database......
14-09-2018 17:22:35 TCP: Successfully Saved To Database......
14-09-2018 17:22:46 TCP: Recieved 36 bytes from socket.
14-09-2018 17:22:46 TCP: Parsing Data....
14-09-2018 17:22:46 TCP: Saving Data Into Database......
14-09-2018 17:22:46 TCP: Successfully Saved To Database......
14-09-2018 17:22:55 TCP: Recieved 36 bytes from socket.
14-09-2018 17:22:55 TCP: Parsing Data....
14-09-2018 17:22:55 TCP: Saving Data Into Database......
14-09-2018 17:22:55 TCP: Successfully Saved To Database......
14-09-2018 17:23:03 TCP: Recieved 15 bytes from socket.
14-09-2018 17:23:03 TCP: Parsing Data....
14-09-2018 17:23:06 TCP: Recieved 36 bytes from socket.
14-09-2018 17:23:06 TCP: Parsing Data....
14-09-2018 17:23:06 TCP: Saving Data Into Database......
14-09-2018 17:23:06 TCP: Successfully Saved To Database......
14-09-2018 17:23:16 TCP: Recieved 36 bytes from socket.
14-09-2018 17:23:16 TCP: Parsing Data....
14-09-2018 17:23:16 TCP: Saving Data Into Database......
14-09-2018 17:23:16 TCP: Successfully Saved To Database......
14-09-2018 17:23:26 TCP: Recieved 36 bytes from socket.
14-09-2018 17:23:26 TCP: Parsing Data....
14-09-2018 17:23:26 TCP: Saving Data Into Database......
14-09-2018 17:23:27 TCP: Successfully Saved To Database......
14-09-2018 17:23:36 TCP: Recieved 36 bytes from socket.
14-09-2018 17:23:36 TCP: Parsing Data....
14-09-2018 17:23:36 TCP: Saving Data Into Database......
14-09-2018 17:23:36 TCP: Successfully Saved To Database......
14-09-2018 17:23:46 TCP: Recieved 36 bytes from socket.
14-09-2018 17:23:46 TCP: Parsing Data....
14-09-2018 17:23:46 TCP: Saving Data Into Database......
14-09-2018 17:23:46 TCP: Successfully Saved To Database......
14-09-2018 17:23:56 TCP: Recieved 36 bytes from socket.
14-09-2018 17:23:56 TCP: Parsing Data....
14-09-2018 17:23:56 TCP: Saving Data Into Database......
14-09-2018 17:23:57 TCP: Successfully Saved To Database......
14-09-2018 17:24:06 TCP: Recieved 36 bytes from socket.
14-09-2018 17:24:06 TCP: Parsing Data....
14-09-2018 17:24:06 TCP: Saving Data Into Database......
14-09-2018 17:24:07 TCP: Successfully Saved To Database......
14-09-2018 17:24:16 TCP: Recieved 36 bytes from socket.
14-09-2018 17:24:16 TCP: Parsing Data....
14-09-2018 17:24:16 TCP: Saving Data Into Database......
14-09-2018 17:24:16 TCP: Successfully Saved To Database......
14-09-2018 17:24:26 TCP: Recieved 36 bytes from socket.
14-09-2018 17:24:26 TCP: Parsing Data....
14-09-2018 17:24:26 TCP: Saving Data Into Database......
14-09-2018 17:24:26 TCP: Successfully Saved To Database......
14-09-2018 17:24:33 TCP: Recieved 15 bytes from socket.
14-09-2018 17:24:33 TCP: Parsing Data....
14-09-2018 17:24:36 TCP: Recieved 36 bytes from socket.
14-09-2018 17:24:36 TCP: Parsing Data....
14-09-2018 17:24:36 TCP: Saving Data Into Database......
14-09-2018 17:24:36 TCP: Successfully Saved To Database......
14-09-2018 17:24:47 TCP: Recieved 36 bytes from socket.
14-09-2018 17:24:47 TCP: Parsing Data....
14-09-2018 17:24:47 TCP: Saving Data Into Database......
14-09-2018 17:24:48 TCP: Successfully Saved To Database......
14-09-2018 17:24:59 TCP: Recieved 36 bytes from socket.
14-09-2018 17:24:59 TCP: Parsing Data....
14-09-2018 17:24:59 TCP: Saving Data Into Database......
14-09-2018 17:24:59 TCP: Successfully Saved To Database......
14-09-2018 17:25:07 TCP: Recieved 36 bytes from socket.
14-09-2018 17:25:07 TCP: Parsing Data....
14-09-2018 17:25:07 TCP: Saving Data Into Database......
14-09-2018 17:25:07 TCP: Successfully Saved To Database......
14-09-2018 17:25:16 TCP: Recieved 36 bytes from socket.
14-09-2018 17:25:16 TCP: Parsing Data....
14-09-2018 17:25:16 TCP: Saving Data Into Database......
14-09-2018 17:25:16 TCP: Successfully Saved To Database......
14-09-2018 17:25:26 TCP: Recieved 36 bytes from socket.
14-09-2018 17:25:26 TCP: Parsing Data....
14-09-2018 17:25:26 TCP: Saving Data Into Database......
14-09-2018 17:25:26 TCP: Successfully Saved To Database......
14-09-2018 17:25:36 TCP: Recieved 36 bytes from socket.
14-09-2018 17:25:36 TCP: Parsing Data....
14-09-2018 17:25:36 TCP: Saving Data Into Database......
14-09-2018 17:25:37 TCP: Successfully Saved To Database......
14-09-2018 17:25:46 TCP: Recieved 36 bytes from socket.
14-09-2018 17:25:46 TCP: Parsing Data....
14-09-2018 17:25:46 TCP: Saving Data Into Database......
14-09-2018 17:25:46 TCP: Successfully Saved To Database......
14-09-2018 17:25:56 TCP: Recieved 36 bytes from socket.
14-09-2018 17:25:56 TCP: Parsing Data....
14-09-2018 17:25:56 TCP: Saving Data Into Database......
14-09-2018 17:25:56 TCP: Successfully Saved To Database......
14-09-2018 17:26:03 TCP: Got new connection: 49.15.0.193:1963
14-09-2018 17:26:04 TCP: Recieved 18 bytes from socket.
14-09-2018 17:26:04 TCP: Parsing Data....
14-09-2018 17:26:04 TCP: Parsing Data....
14-09-2018 17:26:07 TCP: Recieved 15 bytes from socket.
14-09-2018 17:26:07 TCP: Parsing Data....
14-09-2018 17:26:10 TCP: Recieved 36 bytes from socket.
14-09-2018 17:26:10 TCP: Parsing Data....
14-09-2018 17:26:10 TCP: Saving Data Into Database......
14-09-2018 17:26:10 TCP: Successfully Saved To Database......
14-09-2018 17:26:16 TCP: Recieved 36 bytes from socket.
14-09-2018 17:26:16 TCP: Parsing Data....
14-09-2018 17:26:16 TCP: Saving Data Into Database......
14-09-2018 17:26:16 TCP: Successfully Saved To Database......
14-09-2018 17:26:26 TCP: Recieved 36 bytes from socket.
14-09-2018 17:26:26 TCP: Parsing Data....
14-09-2018 17:26:26 TCP: Saving Data Into Database......
14-09-2018 17:26:27 TCP: Successfully Saved To Database......
14-09-2018 17:26:36 TCP: Recieved 36 bytes from socket.
14-09-2018 17:26:36 TCP: Parsing Data....
14-09-2018 17:26:36 TCP: Saving Data Into Database......
14-09-2018 17:26:36 TCP: Successfully Saved To Database......
14-09-2018 17:26:46 TCP: Recieved 36 bytes from socket.
14-09-2018 17:26:46 TCP: Parsing Data....
14-09-2018 17:26:46 TCP: Saving Data Into Database......
14-09-2018 17:26:46 TCP: Successfully Saved To Database......
14-09-2018 17:26:56 TCP: Recieved 36 bytes from socket.
14-09-2018 17:26:56 TCP: Parsing Data....
14-09-2018 17:26:56 TCP: Saving Data Into Database......
14-09-2018 17:26:56 TCP: Successfully Saved To Database......
14-09-2018 17:27:06 TCP: Recieved 36 bytes from socket.
14-09-2018 17:27:06 TCP: Parsing Data....
14-09-2018 17:27:06 TCP: Saving Data Into Database......
14-09-2018 17:27:06 TCP: Successfully Saved To Database......
14-09-2018 17:27:16 TCP: Recieved 36 bytes from socket.
14-09-2018 17:27:16 TCP: Parsing Data....
14-09-2018 17:27:16 TCP: Saving Data Into Database......
14-09-2018 17:27:16 TCP: Successfully Saved To Database......
14-09-2018 17:27:26 TCP: Recieved 36 bytes from socket.
14-09-2018 17:27:26 TCP: Parsing Data....
14-09-2018 17:27:26 TCP: Saving Data Into Database......
14-09-2018 17:27:26 TCP: Successfully Saved To Database......
14-09-2018 17:27:34 TCP: Recieved 15 bytes from socket.
14-09-2018 17:27:34 TCP: Parsing Data....
14-09-2018 17:27:36 TCP: Recieved 36 bytes from socket.
14-09-2018 17:27:36 TCP: Parsing Data....
14-09-2018 17:27:36 TCP: Saving Data Into Database......
14-09-2018 17:27:36 TCP: Successfully Saved To Database......
14-09-2018 17:27:46 TCP: Recieved 36 bytes from socket.
14-09-2018 17:27:46 TCP: Parsing Data....
14-09-2018 17:27:46 TCP: Saving Data Into Database......
14-09-2018 17:27:46 TCP: Successfully Saved To Database......
14-09-2018 17:27:56 TCP: Recieved 36 bytes from socket.
14-09-2018 17:27:56 TCP: Parsing Data....
14-09-2018 17:27:56 TCP: Saving Data Into Database......
14-09-2018 17:27:56 TCP: Successfully Saved To Database......
14-09-2018 17:28:06 TCP: Recieved 36 bytes from socket.
14-09-2018 17:28:06 TCP: Parsing Data....
14-09-2018 17:28:06 TCP: Saving Data Into Database......
14-09-2018 17:28:06 TCP: Successfully Saved To Database......
14-09-2018 17:28:16 TCP: Recieved 36 bytes from socket.
14-09-2018 17:28:16 TCP: Parsing Data....
14-09-2018 17:28:16 TCP: Saving Data Into Database......
14-09-2018 17:28:16 TCP: Successfully Saved To Database......
14-09-2018 17:28:26 TCP: Recieved 36 bytes from socket.
14-09-2018 17:28:26 TCP: Parsing Data....
14-09-2018 17:28:26 TCP: Saving Data Into Database......
14-09-2018 17:28:26 TCP: Successfully Saved To Database......
14-09-2018 17:28:36 TCP: Recieved 36 bytes from socket.
14-09-2018 17:28:36 TCP: Parsing Data....
14-09-2018 17:28:36 TCP: Saving Data Into Database......
14-09-2018 17:28:36 TCP: Successfully Saved To Database......
14-09-2018 17:28:46 TCP: Recieved 36 bytes from socket.
14-09-2018 17:28:46 TCP: Parsing Data....
14-09-2018 17:28:46 TCP: Saving Data Into Database......
14-09-2018 17:28:46 TCP: Successfully Saved To Database......
14-09-2018 17:28:56 TCP: Recieved 36 bytes from socket.
14-09-2018 17:28:56 TCP: Parsing Data....
14-09-2018 17:28:56 TCP: Saving Data Into Database......
14-09-2018 17:28:56 TCP: Successfully Saved To Database......
14-09-2018 17:29:04 TCP: Recieved 15 bytes from socket.
14-09-2018 17:29:04 TCP: Parsing Data....
14-09-2018 17:29:06 TCP: Recieved 36 bytes from socket.
14-09-2018 17:29:06 TCP: Parsing Data....
14-09-2018 17:29:06 TCP: Saving Data Into Database......
14-09-2018 17:29:06 TCP: Successfully Saved To Database......
14-09-2018 17:29:16 TCP: Recieved 36 bytes from socket.
14-09-2018 17:29:16 TCP: Parsing Data....
14-09-2018 17:29:16 TCP: Saving Data Into Database......
14-09-2018 17:29:16 TCP: Successfully Saved To Database......
14-09-2018 17:29:26 TCP: Recieved 36 bytes from socket.
14-09-2018 17:29:26 TCP: Parsing Data....
14-09-2018 17:29:26 TCP: Saving Data Into Database......
14-09-2018 17:29:26 TCP: Successfully Saved To Database......
14-09-2018 17:29:36 TCP: Recieved 36 bytes from socket.
14-09-2018 17:29:36 TCP: Parsing Data....
14-09-2018 17:29:36 TCP: Saving Data Into Database......
14-09-2018 17:29:36 TCP: Successfully Saved To Database......
14-09-2018 17:29:46 TCP: Recieved 36 bytes from socket.
14-09-2018 17:29:46 TCP: Parsing Data....
14-09-2018 17:29:46 TCP: Saving Data Into Database......
14-09-2018 17:29:46 TCP: Successfully Saved To Database......
14-09-2018 17:29:56 TCP: Recieved 36 bytes from socket.
14-09-2018 17:29:56 TCP: Parsing Data....
14-09-2018 17:29:56 TCP: Saving Data Into Database......
14-09-2018 17:29:56 TCP: Successfully Saved To Database......
14-09-2018 17:30:06 TCP: Recieved 36 bytes from socket.
14-09-2018 17:30:06 TCP: Parsing Data....
14-09-2018 17:30:06 TCP: Saving Data Into Database......
14-09-2018 17:30:06 TCP: Successfully Saved To Database......
14-09-2018 17:30:16 TCP: Recieved 36 bytes from socket.
14-09-2018 17:30:16 TCP: Parsing Data....
14-09-2018 17:30:16 TCP: Saving Data Into Database......
14-09-2018 17:30:16 TCP: Successfully Saved To Database......
14-09-2018 17:30:26 TCP: Recieved 36 bytes from socket.
14-09-2018 17:30:26 TCP: Parsing Data....
14-09-2018 17:30:26 TCP: Saving Data Into Database......
14-09-2018 17:30:26 TCP: Successfully Saved To Database......
14-09-2018 17:31:17 TCP: Got new connection: 27.97.139.0:8235
14-09-2018 17:31:19 TCP: Recieved 18 bytes from socket.
14-09-2018 17:31:19 TCP: Parsing Data....
14-09-2018 17:31:19 TCP: Parsing Data....
14-09-2018 17:31:21 TCP: Recieved 15 bytes from socket.
14-09-2018 17:31:21 TCP: Parsing Data....
14-09-2018 17:31:26 TCP: Recieved 36 bytes from socket.
14-09-2018 17:31:26 TCP: Parsing Data....
14-09-2018 17:31:26 TCP: Saving Data Into Database......
14-09-2018 17:31:26 TCP: Successfully Saved To Database......
14-09-2018 17:31:36 TCP: Recieved 36 bytes from socket.
14-09-2018 17:31:36 TCP: Parsing Data....
14-09-2018 17:31:36 TCP: Saving Data Into Database......
14-09-2018 17:31:36 TCP: Successfully Saved To Database......
14-09-2018 17:31:46 TCP: Recieved 36 bytes from socket.
14-09-2018 17:31:46 TCP: Parsing Data....
14-09-2018 17:31:46 TCP: Saving Data Into Database......
14-09-2018 17:31:46 TCP: Successfully Saved To Database......
14-09-2018 17:31:56 TCP: Recieved 36 bytes from socket.
14-09-2018 17:31:56 TCP: Parsing Data....
14-09-2018 17:31:56 TCP: Saving Data Into Database......
14-09-2018 17:31:56 TCP: Successfully Saved To Database......
14-09-2018 17:33:04 TCP: Got new connection: 106.78.172.238:22998
14-09-2018 17:33:07 TCP: Recieved 18 bytes from socket.
14-09-2018 17:33:07 TCP: Parsing Data....
14-09-2018 17:33:07 TCP: Parsing Data....
14-09-2018 17:33:09 TCP: Recieved 15 bytes from socket.
14-09-2018 17:33:09 TCP: Parsing Data....
14-09-2018 17:33:12 TCP: Recieved 36 bytes from socket.
14-09-2018 17:33:12 TCP: Parsing Data....
14-09-2018 17:33:12 TCP: Saving Data Into Database......
14-09-2018 17:33:12 TCP: Successfully Saved To Database......
14-09-2018 17:33:21 TCP: Recieved 36 bytes from socket.
14-09-2018 17:33:21 TCP: Parsing Data....
14-09-2018 17:33:21 TCP: Saving Data Into Database......
14-09-2018 17:33:21 TCP: Successfully Saved To Database......
14-09-2018 17:33:31 TCP: Recieved 36 bytes from socket.
14-09-2018 17:33:31 TCP: Parsing Data....
14-09-2018 17:33:31 TCP: Saving Data Into Database......
14-09-2018 17:33:31 TCP: Successfully Saved To Database......
14-09-2018 17:33:41 TCP: Recieved 36 bytes from socket.
14-09-2018 17:33:41 TCP: Parsing Data....
14-09-2018 17:33:41 TCP: Saving Data Into Database......
14-09-2018 17:33:41 TCP: Successfully Saved To Database......
14-09-2018 17:33:50 TCP: Recieved 36 bytes from socket.
14-09-2018 17:33:50 TCP: Parsing Data....
14-09-2018 17:33:50 TCP: Saving Data Into Database......
14-09-2018 17:33:50 TCP: Successfully Saved To Database......
14-09-2018 17:34:00 TCP: Recieved 36 bytes from socket.
14-09-2018 17:34:00 TCP: Parsing Data....
14-09-2018 17:34:00 TCP: Saving Data Into Database......
14-09-2018 17:34:00 TCP: Successfully Saved To Database......
14-09-2018 17:34:11 TCP: Recieved 36 bytes from socket.
14-09-2018 17:34:11 TCP: Parsing Data....
14-09-2018 17:34:11 TCP: Saving Data Into Database......
14-09-2018 17:34:11 TCP: Successfully Saved To Database......
14-09-2018 17:34:20 TCP: Recieved 36 bytes from socket.
14-09-2018 17:34:20 TCP: Parsing Data....
14-09-2018 17:34:20 TCP: Saving Data Into Database......
14-09-2018 17:34:20 TCP: Successfully Saved To Database......
14-09-2018 17:34:30 TCP: Recieved 36 bytes from socket.
14-09-2018 17:34:30 TCP: Parsing Data....
14-09-2018 17:34:30 TCP: Saving Data Into Database......
14-09-2018 17:34:30 TCP: Successfully Saved To Database......
14-09-2018 17:34:34 TCP: Recieved 15 bytes from socket.
14-09-2018 17:34:34 TCP: Parsing Data....
14-09-2018 17:34:40 TCP: Recieved 36 bytes from socket.
14-09-2018 17:34:40 TCP: Parsing Data....
14-09-2018 17:34:40 TCP: Saving Data Into Database......
14-09-2018 17:34:40 TCP: Successfully Saved To Database......
14-09-2018 17:34:50 TCP: Recieved 36 bytes from socket.
14-09-2018 17:34:50 TCP: Parsing Data....
14-09-2018 17:34:50 TCP: Saving Data Into Database......
14-09-2018 17:34:50 TCP: Successfully Saved To Database......
14-09-2018 17:35:00 TCP: Recieved 36 bytes from socket.
14-09-2018 17:35:00 TCP: Parsing Data....
14-09-2018 17:35:00 TCP: Saving Data Into Database......
14-09-2018 17:35:00 TCP: Successfully Saved To Database......
14-09-2018 17:35:10 TCP: Recieved 36 bytes from socket.
14-09-2018 17:35:10 TCP: Parsing Data....
14-09-2018 17:35:10 TCP: Saving Data Into Database......
14-09-2018 17:35:11 TCP: Successfully Saved To Database......
14-09-2018 17:35:20 TCP: Recieved 36 bytes from socket.
14-09-2018 17:35:20 TCP: Parsing Data....
14-09-2018 17:35:20 TCP: Saving Data Into Database......
14-09-2018 17:35:20 TCP: Successfully Saved To Database......
14-09-2018 17:35:30 TCP: Recieved 36 bytes from socket.
14-09-2018 17:35:30 TCP: Parsing Data....
14-09-2018 17:35:30 TCP: Saving Data Into Database......
14-09-2018 17:35:30 TCP: Successfully Saved To Database......
14-09-2018 17:35:40 TCP: Recieved 36 bytes from socket.
14-09-2018 17:35:40 TCP: Parsing Data....
14-09-2018 17:35:40 TCP: Saving Data Into Database......
14-09-2018 17:35:40 TCP: Successfully Saved To Database......
14-09-2018 17:35:50 TCP: Recieved 36 bytes from socket.
14-09-2018 17:35:50 TCP: Parsing Data....
14-09-2018 17:35:50 TCP: Saving Data Into Database......
14-09-2018 17:35:50 TCP: Successfully Saved To Database......
14-09-2018 17:36:00 TCP: Recieved 36 bytes from socket.
14-09-2018 17:36:00 TCP: Parsing Data....
14-09-2018 17:36:00 TCP: Saving Data Into Database......
14-09-2018 17:36:00 TCP: Successfully Saved To Database......
14-09-2018 17:36:04 TCP: Recieved 15 bytes from socket.
14-09-2018 17:36:04 TCP: Parsing Data....
14-09-2018 17:36:10 TCP: Recieved 36 bytes from socket.
14-09-2018 17:36:10 TCP: Parsing Data....
14-09-2018 17:36:10 TCP: Saving Data Into Database......
14-09-2018 17:36:10 TCP: Successfully Saved To Database......
14-09-2018 17:36:21 TCP: Recieved 36 bytes from socket.
14-09-2018 17:36:21 TCP: Parsing Data....
14-09-2018 17:36:21 TCP: Saving Data Into Database......
14-09-2018 17:36:21 TCP: Successfully Saved To Database......
14-09-2018 17:36:31 TCP: Recieved 36 bytes from socket.
14-09-2018 17:36:31 TCP: Parsing Data....
14-09-2018 17:36:31 TCP: Saving Data Into Database......
14-09-2018 17:36:31 TCP: Successfully Saved To Database......
14-09-2018 17:36:41 TCP: Recieved 36 bytes from socket.
14-09-2018 17:36:41 TCP: Parsing Data....
14-09-2018 17:36:41 TCP: Saving Data Into Database......
14-09-2018 17:36:41 TCP: Successfully Saved To Database......
14-09-2018 17:36:51 TCP: Recieved 36 bytes from socket.
14-09-2018 17:36:51 TCP: Parsing Data....
14-09-2018 17:36:51 TCP: Saving Data Into Database......
14-09-2018 17:36:51 TCP: Successfully Saved To Database......
14-09-2018 17:37:01 TCP: Recieved 36 bytes from socket.
14-09-2018 17:37:01 TCP: Parsing Data....
14-09-2018 17:37:01 TCP: Saving Data Into Database......
14-09-2018 17:37:01 TCP: Successfully Saved To Database......
14-09-2018 17:37:11 TCP: Recieved 36 bytes from socket.
14-09-2018 17:37:11 TCP: Parsing Data....
14-09-2018 17:37:11 TCP: Saving Data Into Database......
14-09-2018 17:37:11 TCP: Successfully Saved To Database......
14-09-2018 17:37:21 TCP: Recieved 36 bytes from socket.
14-09-2018 17:37:21 TCP: Parsing Data....
14-09-2018 17:37:21 TCP: Saving Data Into Database......
14-09-2018 17:37:21 TCP: Successfully Saved To Database......
14-09-2018 17:37:31 TCP: Recieved 36 bytes from socket.
14-09-2018 17:37:31 TCP: Parsing Data....
14-09-2018 17:37:31 TCP: Saving Data Into Database......
14-09-2018 17:37:31 TCP: Successfully Saved To Database......
14-09-2018 17:37:34 TCP: Got new connection: 106.78.172.238:33482
14-09-2018 17:37:35 TCP: Recieved 18 bytes from socket.
14-09-2018 17:37:35 TCP: Parsing Data....
14-09-2018 17:37:35 TCP: Parsing Data....
14-09-2018 17:37:38 TCP: Recieved 15 bytes from socket.
14-09-2018 17:37:38 TCP: Parsing Data....
14-09-2018 17:37:41 TCP: Recieved 36 bytes from socket.
14-09-2018 17:37:41 TCP: Parsing Data....
14-09-2018 17:37:41 TCP: Saving Data Into Database......
14-09-2018 17:37:41 TCP: Successfully Saved To Database......
14-09-2018 17:37:51 TCP: Recieved 36 bytes from socket.
14-09-2018 17:37:51 TCP: Parsing Data....
14-09-2018 17:37:51 TCP: Saving Data Into Database......
14-09-2018 17:37:51 TCP: Successfully Saved To Database......
14-09-2018 17:38:01 TCP: Recieved 36 bytes from socket.
14-09-2018 17:38:01 TCP: Parsing Data....
14-09-2018 17:38:01 TCP: Saving Data Into Database......
14-09-2018 17:38:01 TCP: Successfully Saved To Database......
14-09-2018 17:38:11 TCP: Recieved 36 bytes from socket.
14-09-2018 17:38:11 TCP: Parsing Data....
14-09-2018 17:38:11 TCP: Saving Data Into Database......
14-09-2018 17:38:11 TCP: Successfully Saved To Database......
14-09-2018 17:38:21 TCP: Recieved 36 bytes from socket.
14-09-2018 17:38:21 TCP: Parsing Data....
14-09-2018 17:38:21 TCP: Saving Data Into Database......
14-09-2018 17:38:21 TCP: Successfully Saved To Database......
14-09-2018 17:38:31 TCP: Recieved 36 bytes from socket.
14-09-2018 17:38:31 TCP: Parsing Data....
14-09-2018 17:38:31 TCP: Saving Data Into Database......
14-09-2018 17:38:31 TCP: Successfully Saved To Database......
14-09-2018 17:38:41 TCP: Recieved 36 bytes from socket.
14-09-2018 17:38:41 TCP: Parsing Data....
14-09-2018 17:38:41 TCP: Saving Data Into Database......
14-09-2018 17:38:41 TCP: Successfully Saved To Database......
14-09-2018 17:38:51 TCP: Recieved 36 bytes from socket.
14-09-2018 17:38:51 TCP: Parsing Data....
14-09-2018 17:38:51 TCP: Saving Data Into Database......
14-09-2018 17:38:51 TCP: Successfully Saved To Database......
14-09-2018 17:39:01 TCP: Recieved 36 bytes from socket.
14-09-2018 17:39:01 TCP: Parsing Data....
14-09-2018 17:39:01 TCP: Saving Data Into Database......
14-09-2018 17:39:01 TCP: Successfully Saved To Database......
14-09-2018 17:39:05 TCP: Recieved 15 bytes from socket.
14-09-2018 17:39:05 TCP: Parsing Data....
14-09-2018 17:39:11 TCP: Recieved 36 bytes from socket.
14-09-2018 17:39:11 TCP: Parsing Data....
14-09-2018 17:39:11 TCP: Saving Data Into Database......
14-09-2018 17:39:11 TCP: Successfully Saved To Database......
14-09-2018 17:39:21 TCP: Recieved 36 bytes from socket.
14-09-2018 17:39:21 TCP: Parsing Data....
14-09-2018 17:39:21 TCP: Saving Data Into Database......
14-09-2018 17:39:21 TCP: Successfully Saved To Database......
14-09-2018 17:39:31 TCP: Recieved 36 bytes from socket.
14-09-2018 17:39:31 TCP: Parsing Data....
14-09-2018 17:39:31 TCP: Saving Data Into Database......
14-09-2018 17:39:31 TCP: Successfully Saved To Database......
14-09-2018 17:39:41 TCP: Recieved 36 bytes from socket.
14-09-2018 17:39:41 TCP: Parsing Data....
14-09-2018 17:39:41 TCP: Saving Data Into Database......
14-09-2018 17:39:41 TCP: Successfully Saved To Database......
14-09-2018 17:39:51 TCP: Recieved 36 bytes from socket.
14-09-2018 17:39:51 TCP: Parsing Data....
14-09-2018 17:39:51 TCP: Saving Data Into Database......
14-09-2018 17:39:51 TCP: Successfully Saved To Database......
14-09-2018 17:40:01 TCP: Recieved 36 bytes from socket.
14-09-2018 17:40:01 TCP: Parsing Data....
14-09-2018 17:40:01 TCP: Saving Data Into Database......
14-09-2018 17:40:01 TCP: Successfully Saved To Database......
14-09-2018 17:40:11 TCP: Recieved 36 bytes from socket.
14-09-2018 17:40:11 TCP: Parsing Data....
14-09-2018 17:40:11 TCP: Saving Data Into Database......
14-09-2018 17:40:11 TCP: Successfully Saved To Database......
14-09-2018 17:40:21 TCP: Recieved 36 bytes from socket.
14-09-2018 17:40:21 TCP: Parsing Data....
14-09-2018 17:40:21 TCP: Saving Data Into Database......
14-09-2018 17:40:21 TCP: Successfully Saved To Database......
14-09-2018 17:40:31 TCP: Recieved 36 bytes from socket.
14-09-2018 17:40:31 TCP: Parsing Data....
14-09-2018 17:40:31 TCP: Saving Data Into Database......
14-09-2018 17:40:31 TCP: Successfully Saved To Database......
14-09-2018 17:40:34 TCP: Recieved 15 bytes from socket.
14-09-2018 17:40:34 TCP: Parsing Data....
14-09-2018 17:40:41 TCP: Recieved 36 bytes from socket.
14-09-2018 17:40:41 TCP: Parsing Data....
14-09-2018 17:40:41 TCP: Saving Data Into Database......
14-09-2018 17:40:41 TCP: Successfully Saved To Database......
14-09-2018 17:40:51 TCP: Recieved 36 bytes from socket.
14-09-2018 17:40:51 TCP: Parsing Data....
14-09-2018 17:40:51 TCP: Saving Data Into Database......
14-09-2018 17:40:51 TCP: Successfully Saved To Database......
14-09-2018 17:41:01 TCP: Recieved 36 bytes from socket.
14-09-2018 17:41:01 TCP: Parsing Data....
14-09-2018 17:41:01 TCP: Saving Data Into Database......
14-09-2018 17:41:01 TCP: Successfully Saved To Database......
14-09-2018 17:41:10 TCP: Recieved 36 bytes from socket.
14-09-2018 17:41:10 TCP: Parsing Data....
14-09-2018 17:41:10 TCP: Saving Data Into Database......
14-09-2018 17:41:11 TCP: Successfully Saved To Database......
14-09-2018 17:41:20 TCP: Recieved 36 bytes from socket.
14-09-2018 17:41:20 TCP: Parsing Data....
14-09-2018 17:41:20 TCP: Saving Data Into Database......
14-09-2018 17:41:21 TCP: Successfully Saved To Database......
14-09-2018 17:41:30 TCP: Recieved 36 bytes from socket.
14-09-2018 17:41:30 TCP: Parsing Data....
14-09-2018 17:41:30 TCP: Saving Data Into Database......
14-09-2018 17:41:30 TCP: Successfully Saved To Database......
14-09-2018 17:41:40 TCP: Recieved 36 bytes from socket.
14-09-2018 17:41:40 TCP: Parsing Data....
14-09-2018 17:41:40 TCP: Saving Data Into Database......
14-09-2018 17:41:40 TCP: Successfully Saved To Database......
14-09-2018 17:41:50 TCP: Recieved 36 bytes from socket.
14-09-2018 17:41:50 TCP: Parsing Data....
14-09-2018 17:41:50 TCP: Saving Data Into Database......
14-09-2018 17:41:50 TCP: Successfully Saved To Database......
14-09-2018 17:42:00 TCP: Recieved 36 bytes from socket.
14-09-2018 17:42:00 TCP: Parsing Data....
14-09-2018 17:42:00 TCP: Saving Data Into Database......
14-09-2018 17:42:00 TCP: Successfully Saved To Database......
14-09-2018 17:42:42 TCP: Got new connection: 106.77.53.66:24873
14-09-2018 17:42:43 TCP: Recieved 18 bytes from socket.
14-09-2018 17:42:43 TCP: Parsing Data....
14-09-2018 17:42:43 TCP: Parsing Data....
14-09-2018 17:42:46 TCP: Recieved 15 bytes from socket.
14-09-2018 17:42:46 TCP: Parsing Data....
14-09-2018 17:42:50 TCP: Recieved 36 bytes from socket.
14-09-2018 17:42:50 TCP: Parsing Data....
14-09-2018 17:42:50 TCP: Saving Data Into Database......
14-09-2018 17:42:50 TCP: Successfully Saved To Database......
14-09-2018 17:43:00 TCP: Recieved 36 bytes from socket.
14-09-2018 17:43:00 TCP: Parsing Data....
14-09-2018 17:43:00 TCP: Saving Data Into Database......
14-09-2018 17:43:00 TCP: Successfully Saved To Database......
14-09-2018 17:43:10 TCP: Recieved 36 bytes from socket.
14-09-2018 17:43:10 TCP: Parsing Data....
14-09-2018 17:43:10 TCP: Saving Data Into Database......
14-09-2018 17:43:10 TCP: Successfully Saved To Database......
14-09-2018 17:43:20 TCP: Recieved 36 bytes from socket.
14-09-2018 17:43:20 TCP: Parsing Data....
14-09-2018 17:43:20 TCP: Saving Data Into Database......
14-09-2018 17:43:20 TCP: Successfully Saved To Database......
14-09-2018 17:43:30 TCP: Recieved 36 bytes from socket.
14-09-2018 17:43:30 TCP: Parsing Data....
14-09-2018 17:43:30 TCP: Saving Data Into Database......
14-09-2018 17:43:30 TCP: Successfully Saved To Database......
14-09-2018 17:43:40 TCP: Recieved 36 bytes from socket.
14-09-2018 17:43:40 TCP: Parsing Data....
14-09-2018 17:43:40 TCP: Saving Data Into Database......
14-09-2018 17:43:40 TCP: Successfully Saved To Database......
14-09-2018 17:43:50 TCP: Recieved 36 bytes from socket.
14-09-2018 17:43:50 TCP: Parsing Data....
14-09-2018 17:43:50 TCP: Saving Data Into Database......
14-09-2018 17:43:50 TCP: Successfully Saved To Database......
14-09-2018 17:44:00 TCP: Recieved 36 bytes from socket.
14-09-2018 17:44:00 TCP: Parsing Data....
14-09-2018 17:44:00 TCP: Saving Data Into Database......
14-09-2018 17:44:00 TCP: Successfully Saved To Database......
14-09-2018 17:44:10 TCP: Recieved 36 bytes from socket.
14-09-2018 17:44:10 TCP: Parsing Data....
14-09-2018 17:44:10 TCP: Saving Data Into Database......
14-09-2018 17:44:10 TCP: Successfully Saved To Database......
14-09-2018 17:44:13 TCP: Recieved 15 bytes from socket.
14-09-2018 17:44:13 TCP: Parsing Data....
14-09-2018 17:44:20 TCP: Recieved 36 bytes from socket.
14-09-2018 17:44:20 TCP: Parsing Data....
14-09-2018 17:44:20 TCP: Saving Data Into Database......
14-09-2018 17:44:20 TCP: Successfully Saved To Database......
14-09-2018 17:44:34 TCP: Recieved 36 bytes from socket.
14-09-2018 17:44:34 TCP: Parsing Data....
14-09-2018 17:44:34 TCP: Saving Data Into Database......
14-09-2018 17:44:34 TCP: Successfully Saved To Database......
14-09-2018 17:45:35 TCP: Got new connection: 106.77.3.96:45248
14-09-2018 17:45:37 TCP: Recieved 18 bytes from socket.
14-09-2018 17:45:37 TCP: Parsing Data....
14-09-2018 17:45:37 TCP: Parsing Data....
14-09-2018 17:45:39 TCP: Recieved 15 bytes from socket.
14-09-2018 17:45:39 TCP: Parsing Data....
14-09-2018 17:47:08 TCP: Recieved 15 bytes from socket.
14-09-2018 17:47:08 TCP: Parsing Data....
14-09-2018 17:48:37 TCP: Recieved 15 bytes from socket.
14-09-2018 17:48:37 TCP: Parsing Data....
14-09-2018 17:50:06 TCP: Got new connection: 106.77.3.96:63712
14-09-2018 17:50:07 TCP: Recieved 18 bytes from socket.
14-09-2018 17:50:07 TCP: Parsing Data....
14-09-2018 17:50:07 TCP: Parsing Data....
14-09-2018 17:50:10 TCP: Recieved 15 bytes from socket.
14-09-2018 17:50:10 TCP: Parsing Data....
14-09-2018 17:50:21 TCP: Recieved 36 bytes from socket.
14-09-2018 17:50:21 TCP: Parsing Data....
14-09-2018 17:50:21 TCP: Saving Data Into Database......
14-09-2018 17:50:21 TCP: Successfully Saved To Database......
14-09-2018 17:50:31 TCP: Recieved 36 bytes from socket.
14-09-2018 17:50:31 TCP: Parsing Data....
14-09-2018 17:50:31 TCP: Saving Data Into Database......
14-09-2018 17:50:31 TCP: Successfully Saved To Database......
14-09-2018 17:51:34 TCP: Recieved 36 bytes from socket.
14-09-2018 17:51:34 TCP: Parsing Data....
14-09-2018 17:51:34 TCP: Saving Data Into Database......
14-09-2018 17:51:34 TCP: Successfully Saved To Database......
14-09-2018 17:51:38 TCP: Recieved 15 bytes from socket.
14-09-2018 17:51:38 TCP: Parsing Data....
14-09-2018 17:53:07 TCP: Recieved 15 bytes from socket.
14-09-2018 17:53:07 TCP: Parsing Data....
14-09-2018 17:55:21 TCP: Got new connection: 27.97.129.74:37102
14-09-2018 17:55:22 TCP: Recieved 18 bytes from socket.
14-09-2018 17:55:22 TCP: Parsing Data....
14-09-2018 17:55:22 TCP: Parsing Data....
14-09-2018 17:55:25 TCP: Recieved 15 bytes from socket.
14-09-2018 17:55:25 TCP: Parsing Data....
14-09-2018 17:56:34 TCP: Recieved 36 bytes from socket.
14-09-2018 17:56:34 TCP: Parsing Data....
14-09-2018 17:56:34 TCP: Saving Data Into Database......
14-09-2018 17:56:35 TCP: Successfully Saved To Database......
14-09-2018 17:56:52 TCP: Recieved 15 bytes from socket.
14-09-2018 17:56:52 TCP: Parsing Data....
14-09-2018 17:58:22 TCP: Recieved 15 bytes from socket.
14-09-2018 17:58:22 TCP: Parsing Data....
14-09-2018 17:59:52 TCP: Got new connection: 27.97.129.74:2346
14-09-2018 17:59:56 TCP: Recieved 18 bytes from socket.
14-09-2018 17:59:56 TCP: Parsing Data....
14-09-2018 17:59:56 TCP: Parsing Data....
14-09-2018 18:00:02 TCP: Recieved 15 bytes from socket.
14-09-2018 18:00:05 TCP: Parsing Data....
14-09-2018 18:01:27 TCP: Recieved 15 bytes from socket.
14-09-2018 18:01:28 TCP: Parsing Data....
14-09-2018 18:02:33 TCP: Recieved 36 bytes from socket.
14-09-2018 18:02:33 TCP: Parsing Data....
14-09-2018 18:02:46 TCP: Saving Data Into Database......
14-09-2018 18:02:46 TCP: Successfully Saved To Database......
14-09-2018 18:03:18 TCP: Recieved 15 bytes from socket.
14-09-2018 18:03:18 TCP: Parsing Data....
14-09-2018 18:04:08 TCP: Recieved 36 bytes from socket.
14-09-2018 18:04:08 TCP: Parsing Data....
14-09-2018 18:04:08 TCP: Saving Data Into Database......
14-09-2018 18:04:08 TCP: Successfully Saved To Database......
14-09-2018 18:04:18 TCP: Recieved 36 bytes from socket.
14-09-2018 18:04:18 TCP: Parsing Data....
14-09-2018 18:04:18 TCP: Saving Data Into Database......
14-09-2018 18:04:18 TCP: Successfully Saved To Database......
14-09-2018 18:04:23 TCP: Got new connection: 27.97.129.74:49203
14-09-2018 18:04:24 TCP: Recieved 18 bytes from socket.
14-09-2018 18:04:24 TCP: Parsing Data....
14-09-2018 18:04:24 TCP: Parsing Data....
14-09-2018 18:04:27 TCP: Recieved 15 bytes from socket.
14-09-2018 18:04:27 TCP: Parsing Data....
14-09-2018 18:04:30 TCP: Recieved 36 bytes from socket.
14-09-2018 18:04:30 TCP: Parsing Data....
14-09-2018 18:04:30 TCP: Saving Data Into Database......
14-09-2018 18:04:30 TCP: Successfully Saved To Database......
14-09-2018 18:04:37 TCP: Recieved 36 bytes from socket.
14-09-2018 18:04:37 TCP: Parsing Data....
14-09-2018 18:04:37 TCP: Saving Data Into Database......
14-09-2018 18:04:37 TCP: Successfully Saved To Database......
14-09-2018 18:04:47 TCP: Recieved 36 bytes from socket.
14-09-2018 18:04:47 TCP: Parsing Data....
14-09-2018 18:04:47 TCP: Saving Data Into Database......
14-09-2018 18:04:48 TCP: Successfully Saved To Database......
14-09-2018 18:04:57 TCP: Recieved 36 bytes from socket.
14-09-2018 18:04:57 TCP: Parsing Data....
14-09-2018 18:04:57 TCP: Saving Data Into Database......
14-09-2018 18:04:57 TCP: Successfully Saved To Database......
14-09-2018 18:05:07 TCP: Recieved 36 bytes from socket.
14-09-2018 18:05:07 TCP: Parsing Data....
14-09-2018 18:05:07 TCP: Saving Data Into Database......
14-09-2018 18:05:07 TCP: Successfully Saved To Database......
14-09-2018 18:05:17 TCP: Recieved 36 bytes from socket.
14-09-2018 18:05:17 TCP: Parsing Data....
14-09-2018 18:05:17 TCP: Saving Data Into Database......
14-09-2018 18:05:17 TCP: Successfully Saved To Database......
14-09-2018 18:05:27 TCP: Recieved 36 bytes from socket.
14-09-2018 18:05:27 TCP: Parsing Data....
14-09-2018 18:05:27 TCP: Saving Data Into Database......
14-09-2018 18:05:28 TCP: Successfully Saved To Database......
14-09-2018 18:05:37 TCP: Recieved 36 bytes from socket.
14-09-2018 18:05:37 TCP: Parsing Data....
14-09-2018 18:05:37 TCP: Saving Data Into Database......
14-09-2018 18:05:37 TCP: Successfully Saved To Database......
14-09-2018 18:05:47 TCP: Recieved 36 bytes from socket.
14-09-2018 18:05:47 TCP: Parsing Data....
14-09-2018 18:05:47 TCP: Saving Data Into Database......
14-09-2018 18:05:47 TCP: Successfully Saved To Database......
14-09-2018 18:05:57 TCP: Recieved 15 bytes from socket.
14-09-2018 18:05:57 TCP: Parsing Data....
14-09-2018 18:05:58 TCP: Recieved 36 bytes from socket.
14-09-2018 18:05:58 TCP: Parsing Data....
14-09-2018 18:05:58 TCP: Saving Data Into Database......
14-09-2018 18:05:58 TCP: Successfully Saved To Database......
