29-08-2018 15:36:08 UDP: Started listening at port 8414
29-08-2018 15:36:33 TCP: Started listening at port 10025
29-08-2018 15:36:41 TCP: Got new connection: 42.106.27.150:46259
29-08-2018 15:36:59 TCP: Recieved 141 bytes from socket.
29-08-2018 15:37:01 TCP: Checking for keyword validity.
29-08-2018 15:38:24 TCP: Keyword valid. Waiting for data.
29-08-2018 15:38:26 TCP: Recieved 951 bytes from socket.
29-08-2018 15:38:26 TCP: Parsing recieved data.
29-08-2018 15:38:26 TCP Output Control: Started listening at port 668
29-08-2018 15:38:26 TCP: ---- Parser log start ----
29-08-2018 15:38:30 Helper: IMEI: 728747588410374264
29-08-2018 15:38:30 Helper: Checksum does not match.
29-08-2018 15:38:30 TCP: ---- Saving to database ----
29-08-2018 15:38:31 TCP: ---- Successfully saved to database ----
29-08-2018 15:38:31 TCP Output Control: Error in confirmation checker.
29-08-2018 15:38:31 TCP Output Control: System.InvalidOperationException: ExecuteNonQuery requires the command to have a transaction when the connection assigned to the command is in a pending local transaction.  The Transaction property of the command has not been initialized.
   at System.Data.SqlClient.SqlCommand.ValidateCommand(String method, Boolean async)
   at System.Data.SqlClient.SqlCommand.InternalExecuteNonQuery(TaskCompletionSource`1 completion, String methodName, Boolean sendToPipe, Int32 timeout, Boolean& usedCache, Boolean asyncWrite, Boolean inRetry)
   at System.Data.SqlClient.SqlCommand.ExecuteNonQuery()
   at ExampleService.DataAccess.MSSqlDataAccess.OutputUpdate(Int32 id, Byte status) in C:\Users\Abuzar\Desktop\27-08-2018\ExampleService\DataAccess\MSSqlDataAccess.cs:line 540
   at ExampleService.DataAccess.MSSqlDataAccess.CheckConfirmationExpirations() in C:\Users\Abuzar\Desktop\27-08-2018\ExampleService\DataAccess\MSSqlDataAccess.cs:line 561
   at ExampleService.TCPOutputControl.CheckConfirmationExpiration() in C:\Users\Abuzar\Desktop\27-08-2018\ExampleService\TCPOutputControl.cs:line 312
29-08-2018 15:38:31 TCP: Recieved 36 bytes from socket.
29-08-2018 15:38:31 TCP: Parsing recieved data.
29-08-2018 15:38:31 TCP: ---- Parser log start ----
29-08-2018 15:38:31 Helper: IMEI: 728747588410374264
29-08-2018 15:38:32 Helper: Checksum does not match.
29-08-2018 15:38:32 TCP: ---- Saving to database ----
29-08-2018 15:38:32 TCP: ---- Successfully saved to database ----
29-08-2018 15:38:41 TCP: Recieved 36 bytes from socket.
29-08-2018 15:38:41 TCP: Parsing recieved data.
29-08-2018 15:38:41 TCP: ---- Parser log start ----
