03-09-2018 17:59:56 UDP: Started listening at port 8414
03-09-2018 17:59:56 TCP: Started listening at port 10025
03-09-2018 17:59:56 TCP Output Control: Started listening at port 668
03-09-2018 17:59:56 TCP Output Control: Error in confirmation checker.
03-09-2018 17:59:56 TCP Output Control: System.InvalidOperationException: ExecuteNonQuery requires the command to have a transaction when the connection assigned to the command is in a pending local transaction.  The Transaction property of the command has not been initialized.
   at System.Data.SqlClient.SqlCommand.ValidateCommand(String method, Boolean async)
   at System.Data.SqlClient.SqlCommand.InternalExecuteNonQuery(TaskCompletionSource`1 completion, String methodName, Boolean sendToPipe, Int32 timeout, Boolean& usedCache, Boolean asyncWrite, Boolean inRetry)
   at System.Data.SqlClient.SqlCommand.ExecuteNonQuery()
   at ExampleService.DataAccess.MSSqlDataAccess.OutputUpdate(Int32 id, Byte status) in C:\Users\Abuzar\Desktop\27-08-2018\ExampleService\DataAccess\MSSqlDataAccess.cs:line 540
   at ExampleService.DataAccess.MSSqlDataAccess.CheckConfirmationExpirations() in C:\Users\Abuzar\Desktop\27-08-2018\ExampleService\DataAccess\MSSqlDataAccess.cs:line 561
   at ExampleService.TCPOutputControl.CheckConfirmationExpiration() in C:\Users\Abuzar\Desktop\27-08-2018\ExampleService\TCPOutputControl.cs:line 313
03-09-2018 18:00:30 TCP: Got new connection: 42.106.30.46:29833
03-09-2018 18:00:31 TCP: Recieved 18 bytes from socket.
03-09-2018 18:00:31 TCP: Parsing Data....
03-09-2018 18:00:31 TCP: Parsing Data....
03-09-2018 18:00:34 TCP: Recieved 36 bytes from socket.
03-09-2018 18:00:34 TCP: Parsing Data....
03-09-2018 18:00:34 TCP: Saving Data Into Database......
03-09-2018 18:00:34 TCP: Successfully Saved To Database......
03-09-2018 18:00:37 TCP: Recieved 36 bytes from socket.
03-09-2018 18:00:37 TCP: Parsing Data....
03-09-2018 18:00:37 TCP: Saving Data Into Database......
03-09-2018 18:00:37 TCP: Successfully Saved To Database......
03-09-2018 18:00:40 TCP: Recieved 36 bytes from socket.
03-09-2018 18:00:40 TCP: Parsing Data....
03-09-2018 18:00:40 TCP: Saving Data Into Database......
03-09-2018 18:00:40 TCP: Successfully Saved To Database......
03-09-2018 18:00:43 TCP: Recieved 36 bytes from socket.
03-09-2018 18:00:43 TCP: Parsing Data....
03-09-2018 18:00:43 TCP: Saving Data Into Database......
03-09-2018 18:00:43 TCP: Successfully Saved To Database......
03-09-2018 18:00:46 TCP: Recieved 36 bytes from socket.
03-09-2018 18:00:46 TCP: Parsing Data....
03-09-2018 18:00:46 TCP: Saving Data Into Database......
03-09-2018 18:00:46 TCP: Successfully Saved To Database......
03-09-2018 18:00:49 TCP: Recieved 36 bytes from socket.
03-09-2018 18:00:49 TCP: Parsing Data....
03-09-2018 18:00:49 TCP: Saving Data Into Database......
03-09-2018 18:00:49 TCP: Successfully Saved To Database......
03-09-2018 18:00:52 TCP: Recieved 36 bytes from socket.
03-09-2018 18:00:52 TCP: Parsing Data....
03-09-2018 18:00:52 TCP: Saving Data Into Database......
03-09-2018 18:00:52 TCP: Successfully Saved To Database......
03-09-2018 18:00:55 TCP: Recieved 36 bytes from socket.
03-09-2018 18:00:55 TCP: Parsing Data....
03-09-2018 18:00:55 TCP: Saving Data Into Database......
03-09-2018 18:00:55 TCP: Successfully Saved To Database......
03-09-2018 18:00:58 TCP: Recieved 36 bytes from socket.
03-09-2018 18:00:58 TCP: Parsing Data....
03-09-2018 18:00:58 TCP: Saving Data Into Database......
03-09-2018 18:00:58 TCP: Successfully Saved To Database......
03-09-2018 18:01:01 TCP: Recieved 36 bytes from socket.
03-09-2018 18:01:01 TCP: Parsing Data....
03-09-2018 18:01:01 TCP: Saving Data Into Database......
03-09-2018 18:01:01 TCP: Successfully Saved To Database......
03-09-2018 18:01:04 TCP: Recieved 36 bytes from socket.
03-09-2018 18:01:04 TCP: Parsing Data....
03-09-2018 18:01:04 TCP: Saving Data Into Database......
03-09-2018 18:01:04 TCP: Successfully Saved To Database......
03-09-2018 18:01:07 TCP: Recieved 36 bytes from socket.
03-09-2018 18:01:07 TCP: Parsing Data....
03-09-2018 18:01:07 TCP: Saving Data Into Database......
03-09-2018 18:01:07 TCP: Successfully Saved To Database......
03-09-2018 18:01:12 TCP: Recieved 36 bytes from socket.
03-09-2018 18:01:12 TCP: Parsing Data....
03-09-2018 18:01:12 TCP: Saving Data Into Database......
03-09-2018 18:01:12 TCP: Successfully Saved To Database......
03-09-2018 18:01:13 TCP: Recieved 36 bytes from socket.
03-09-2018 18:01:13 TCP: Parsing Data....
03-09-2018 18:01:13 TCP: Saving Data Into Database......
03-09-2018 18:01:13 TCP: Successfully Saved To Database......
03-09-2018 18:01:16 TCP: Recieved 36 bytes from socket.
03-09-2018 18:01:16 TCP: Parsing Data....
03-09-2018 18:01:16 TCP: Saving Data Into Database......
03-09-2018 18:01:16 TCP: Successfully Saved To Database......
03-09-2018 18:01:19 TCP: Recieved 36 bytes from socket.
03-09-2018 18:01:19 TCP: Parsing Data....
03-09-2018 18:01:19 TCP: Saving Data Into Database......
03-09-2018 18:01:19 TCP: Successfully Saved To Database......
03-09-2018 18:01:22 TCP: Recieved 36 bytes from socket.
03-09-2018 18:01:22 TCP: Parsing Data....
03-09-2018 18:01:22 TCP: Saving Data Into Database......
03-09-2018 18:01:22 TCP: Successfully Saved To Database......
03-09-2018 18:01:25 TCP: Recieved 36 bytes from socket.
03-09-2018 18:01:25 TCP: Parsing Data....
03-09-2018 18:01:25 TCP: Saving Data Into Database......
03-09-2018 18:01:25 TCP: Successfully Saved To Database......
03-09-2018 18:01:28 TCP: Recieved 36 bytes from socket.
03-09-2018 18:01:28 TCP: Parsing Data....
03-09-2018 18:01:28 TCP: Saving Data Into Database......
03-09-2018 18:01:28 TCP: Successfully Saved To Database......
03-09-2018 18:01:31 TCP: Recieved 36 bytes from socket.
03-09-2018 18:01:31 TCP: Parsing Data....
03-09-2018 18:01:31 TCP: Saving Data Into Database......
03-09-2018 18:01:31 TCP: Successfully Saved To Database......
03-09-2018 18:01:34 TCP: Recieved 36 bytes from socket.
03-09-2018 18:01:34 TCP: Parsing Data....
03-09-2018 18:01:34 TCP: Saving Data Into Database......
03-09-2018 18:01:34 TCP: Successfully Saved To Database......
03-09-2018 18:01:37 TCP: Recieved 36 bytes from socket.
03-09-2018 18:01:37 TCP: Parsing Data....
03-09-2018 18:01:37 TCP: Saving Data Into Database......
03-09-2018 18:01:37 TCP: Successfully Saved To Database......
03-09-2018 18:01:40 TCP: Recieved 36 bytes from socket.
03-09-2018 18:01:40 TCP: Parsing Data....
03-09-2018 18:01:40 TCP: Saving Data Into Database......
03-09-2018 18:01:40 TCP: Successfully Saved To Database......
03-09-2018 18:01:43 TCP: Recieved 36 bytes from socket.
03-09-2018 18:01:43 TCP: Parsing Data....
03-09-2018 18:01:43 TCP: Saving Data Into Database......
03-09-2018 18:01:43 TCP: Successfully Saved To Database......
03-09-2018 18:01:46 TCP: Recieved 36 bytes from socket.
03-09-2018 18:01:46 TCP: Parsing Data....
03-09-2018 18:01:46 TCP: Saving Data Into Database......
03-09-2018 18:01:46 TCP: Successfully Saved To Database......
03-09-2018 18:01:49 TCP: Recieved 36 bytes from socket.
03-09-2018 18:01:49 TCP: Parsing Data....
03-09-2018 18:01:49 TCP: Saving Data Into Database......
03-09-2018 18:01:49 TCP: Successfully Saved To Database......
03-09-2018 18:01:52 TCP: Recieved 36 bytes from socket.
03-09-2018 18:01:52 TCP: Parsing Data....
03-09-2018 18:01:52 TCP: Saving Data Into Database......
03-09-2018 18:01:52 TCP: Successfully Saved To Database......
03-09-2018 18:01:55 TCP: Recieved 36 bytes from socket.
03-09-2018 18:01:55 TCP: Parsing Data....
03-09-2018 18:01:55 TCP: Saving Data Into Database......
03-09-2018 18:01:55 TCP: Successfully Saved To Database......
03-09-2018 18:01:58 TCP: Recieved 36 bytes from socket.
03-09-2018 18:01:58 TCP: Parsing Data....
03-09-2018 18:01:58 TCP: Saving Data Into Database......
03-09-2018 18:01:58 TCP: Successfully Saved To Database......
03-09-2018 18:02:01 TCP: Recieved 36 bytes from socket.
03-09-2018 18:02:01 TCP: Parsing Data....
03-09-2018 18:02:01 TCP: Saving Data Into Database......
03-09-2018 18:02:01 TCP: Successfully Saved To Database......
03-09-2018 18:02:04 TCP: Recieved 36 bytes from socket.
03-09-2018 18:02:04 TCP: Parsing Data....
03-09-2018 18:02:04 TCP: Saving Data Into Database......
03-09-2018 18:02:04 TCP: Successfully Saved To Database......
03-09-2018 18:02:07 TCP: Recieved 36 bytes from socket.
03-09-2018 18:02:07 TCP: Parsing Data....
03-09-2018 18:02:07 TCP: Saving Data Into Database......
03-09-2018 18:02:07 TCP: Successfully Saved To Database......
03-09-2018 18:02:10 TCP: Recieved 36 bytes from socket.
03-09-2018 18:02:10 TCP: Parsing Data....
03-09-2018 18:02:10 TCP: Saving Data Into Database......
03-09-2018 18:02:10 TCP: Successfully Saved To Database......
03-09-2018 18:02:13 TCP: Recieved 36 bytes from socket.
03-09-2018 18:02:13 TCP: Parsing Data....
03-09-2018 18:02:13 TCP: Saving Data Into Database......
03-09-2018 18:02:13 TCP: Successfully Saved To Database......
03-09-2018 18:02:16 TCP: Recieved 36 bytes from socket.
03-09-2018 18:02:16 TCP: Parsing Data....
03-09-2018 18:02:16 TCP: Saving Data Into Database......
03-09-2018 18:02:16 TCP: Successfully Saved To Database......
03-09-2018 18:02:19 TCP: Recieved 36 bytes from socket.
03-09-2018 18:02:19 TCP: Parsing Data....
03-09-2018 18:02:19 TCP: Saving Data Into Database......
03-09-2018 18:02:19 TCP: Successfully Saved To Database......
03-09-2018 18:02:22 TCP: Recieved 36 bytes from socket.
03-09-2018 18:02:22 TCP: Parsing Data....
03-09-2018 18:02:22 TCP: Saving Data Into Database......
03-09-2018 18:02:22 TCP: Successfully Saved To Database......
03-09-2018 18:02:25 TCP: Recieved 36 bytes from socket.
03-09-2018 18:02:25 TCP: Parsing Data....
03-09-2018 18:02:25 TCP: Saving Data Into Database......
03-09-2018 18:02:25 TCP: Successfully Saved To Database......
03-09-2018 18:02:28 TCP: Recieved 36 bytes from socket.
03-09-2018 18:02:28 TCP: Parsing Data....
03-09-2018 18:02:28 TCP: Saving Data Into Database......
03-09-2018 18:02:28 TCP: Successfully Saved To Database......
03-09-2018 18:02:31 TCP: Recieved 36 bytes from socket.
03-09-2018 18:02:31 TCP: Parsing Data....
03-09-2018 18:02:31 TCP: Saving Data Into Database......
03-09-2018 18:02:32 TCP: Successfully Saved To Database......
03-09-2018 18:02:34 TCP: Recieved 36 bytes from socket.
03-09-2018 18:02:34 TCP: Parsing Data....
03-09-2018 18:02:34 TCP: Saving Data Into Database......
03-09-2018 18:02:34 TCP: Successfully Saved To Database......
03-09-2018 18:02:37 TCP: Recieved 36 bytes from socket.
03-09-2018 18:02:37 TCP: Parsing Data....
03-09-2018 18:02:37 TCP: Saving Data Into Database......
03-09-2018 18:02:37 TCP: Successfully Saved To Database......
03-09-2018 18:02:40 TCP: Recieved 36 bytes from socket.
03-09-2018 18:02:40 TCP: Parsing Data....
03-09-2018 18:02:40 TCP: Saving Data Into Database......
03-09-2018 18:02:40 TCP: Successfully Saved To Database......
