01-09-2018 11:56:21 UDP: Started listening at port 8414
01-09-2018 11:56:21 TCP: Started listening at port 10025
01-09-2018 11:56:21 TCP Output Control: Started listening at port 668
01-09-2018 11:56:22 TCP Output Control: Error in confirmation checker.
01-09-2018 11:56:22 TCP Output Control: System.InvalidOperationException: ExecuteNonQuery requires the command to have a transaction when the connection assigned to the command is in a pending local transaction.  The Transaction property of the command has not been initialized.
   at System.Data.SqlClient.SqlCommand.ValidateCommand(String method, Boolean async)
   at System.Data.SqlClient.SqlCommand.InternalExecuteNonQuery(TaskCompletionSource`1 completion, String methodName, Boolean sendToPipe, Int32 timeout, Boolean& usedCache, Boolean asyncWrite, Boolean inRetry)
   at System.Data.SqlClient.SqlCommand.ExecuteNonQuery()
   at ExampleService.DataAccess.MSSqlDataAccess.OutputUpdate(Int32 id, Byte status) in C:\Users\Abuzar\Desktop\27-08-2018\ExampleService\DataAccess\MSSqlDataAccess.cs:line 540
   at ExampleService.DataAccess.MSSqlDataAccess.CheckConfirmationExpirations() in C:\Users\Abuzar\Desktop\27-08-2018\ExampleService\DataAccess\MSSqlDataAccess.cs:line 561
   at ExampleService.TCPOutputControl.CheckConfirmationExpiration() in C:\Users\Abuzar\Desktop\27-08-2018\ExampleService\TCPOutputControl.cs:line 312
01-09-2018 11:56:47 TCP: Got new connection: 42.106.4.154:56027
01-09-2018 11:56:48 TCP: Recieved 18 bytes from socket.
01-09-2018 11:56:48 TCP: Parsing Data....
01-09-2018 11:56:48 TCP: Checking for keyword validity.
01-09-2018 11:56:48 TCP: Parsing Data....
01-09-2018 11:56:52 TCP: Recieved 36 bytes from socket.
01-09-2018 11:56:52 TCP: Parsing Data....
01-09-2018 11:56:52 TCP: Saving Data Into Database......
01-09-2018 11:56:52 TCP: Successfully Saved To Database......
01-09-2018 11:56:55 TCP: Recieved 15 bytes from socket.
01-09-2018 11:56:55 TCP: Parsing Data....
01-09-2018 11:56:55 TCP: Checking for keyword validity.
01-09-2018 11:56:55 TCP: Parsing Data....
01-09-2018 11:56:58 TCP: Recieved 36 bytes from socket.
01-09-2018 11:56:58 TCP: Parsing Data....
01-09-2018 11:56:58 TCP: Saving Data Into Database......
01-09-2018 11:56:58 TCP: Successfully Saved To Database......
01-09-2018 11:57:01 TCP: Recieved 36 bytes from socket.
01-09-2018 11:57:01 TCP: Parsing Data....
01-09-2018 11:57:01 TCP: Checking for keyword validity.
01-09-2018 11:57:01 Helper: Saving Data Into Database......
01-09-2018 11:57:01 Helper: Successfully Saved To Database......
01-09-2018 11:57:01 TCP: Parsing Data....
01-09-2018 11:57:03 TCP: Recieved 36 bytes from socket.
01-09-2018 11:57:03 TCP: Parsing Data....
01-09-2018 11:57:04 TCP: Saving Data Into Database......
01-09-2018 11:57:04 TCP: Successfully Saved To Database......
01-09-2018 11:57:06 TCP: Recieved 36 bytes from socket.
01-09-2018 11:57:06 TCP: Parsing Data....
01-09-2018 11:57:06 TCP: Checking for keyword validity.
01-09-2018 11:57:06 Helper: Saving Data Into Database......
01-09-2018 11:57:07 Helper: Successfully Saved To Database......
01-09-2018 11:57:07 TCP: Parsing Data....
01-09-2018 11:57:09 TCP: Recieved 36 bytes from socket.
01-09-2018 11:57:09 TCP: Parsing Data....
01-09-2018 11:57:09 TCP: Saving Data Into Database......
01-09-2018 11:57:09 TCP: Successfully Saved To Database......
01-09-2018 11:57:12 TCP: Recieved 36 bytes from socket.
01-09-2018 11:57:12 TCP: Parsing Data....
01-09-2018 11:57:12 TCP: Checking for keyword validity.
01-09-2018 11:57:12 Helper: Saving Data Into Database......
01-09-2018 11:57:13 Helper: Successfully Saved To Database......
01-09-2018 11:57:13 TCP: Parsing Data....
01-09-2018 11:57:16 TCP: Recieved 36 bytes from socket.
01-09-2018 11:57:16 TCP: Parsing Data....
01-09-2018 11:57:16 TCP: Saving Data Into Database......
01-09-2018 11:57:16 TCP: Successfully Saved To Database......
01-09-2018 11:57:18 TCP: Recieved 15 bytes from socket.
01-09-2018 11:57:18 TCP: Parsing Data....
01-09-2018 11:57:18 TCP: Checking for keyword validity.
01-09-2018 11:57:18 TCP: Parsing Data....
01-09-2018 11:57:22 TCP: Recieved 36 bytes from socket.
01-09-2018 11:57:22 TCP: Parsing Data....
01-09-2018 11:57:22 TCP: Saving Data Into Database......
01-09-2018 11:57:22 TCP: Successfully Saved To Database......
01-09-2018 11:57:25 TCP: Recieved 36 bytes from socket.
01-09-2018 11:57:25 TCP: Parsing Data....
01-09-2018 11:57:25 TCP: Checking for keyword validity.
01-09-2018 11:57:25 Helper: Saving Data Into Database......
01-09-2018 11:57:25 Helper: Successfully Saved To Database......
01-09-2018 11:57:25 TCP: Parsing Data....
01-09-2018 11:57:28 TCP: Recieved 36 bytes from socket.
01-09-2018 11:57:28 TCP: Parsing Data....
01-09-2018 11:57:28 TCP: Saving Data Into Database......
01-09-2018 11:57:28 TCP: Successfully Saved To Database......
01-09-2018 11:57:31 TCP: Recieved 36 bytes from socket.
01-09-2018 11:57:31 TCP: Parsing Data....
01-09-2018 11:57:31 TCP: Checking for keyword validity.
01-09-2018 11:57:31 Helper: Saving Data Into Database......
01-09-2018 11:57:31 Helper: Successfully Saved To Database......
01-09-2018 11:57:31 TCP: Parsing Data....
01-09-2018 11:57:34 TCP: Recieved 36 bytes from socket.
01-09-2018 11:57:34 TCP: Parsing Data....
01-09-2018 11:57:34 TCP: Saving Data Into Database......
01-09-2018 11:57:34 TCP: Successfully Saved To Database......
01-09-2018 11:57:37 TCP: Recieved 36 bytes from socket.
01-09-2018 11:57:37 TCP: Parsing Data....
01-09-2018 11:57:37 TCP: Checking for keyword validity.
01-09-2018 11:57:37 Helper: Saving Data Into Database......
01-09-2018 11:57:37 Helper: Successfully Saved To Database......
01-09-2018 11:57:37 TCP: Parsing Data....
01-09-2018 11:57:40 TCP: Recieved 36 bytes from socket.
01-09-2018 11:57:40 TCP: Parsing Data....
01-09-2018 11:57:40 TCP: Saving Data Into Database......
01-09-2018 11:57:40 TCP: Successfully Saved To Database......
01-09-2018 11:57:43 TCP: Recieved 36 bytes from socket.
01-09-2018 11:57:43 TCP: Parsing Data....
01-09-2018 11:57:43 TCP: Checking for keyword validity.
01-09-2018 11:57:43 Helper: Saving Data Into Database......
01-09-2018 11:57:43 Helper: Successfully Saved To Database......
01-09-2018 11:57:43 TCP: Parsing Data....
01-09-2018 11:57:46 TCP: Recieved 36 bytes from socket.
01-09-2018 11:57:46 TCP: Parsing Data....
01-09-2018 11:57:46 TCP: Saving Data Into Database......
01-09-2018 11:57:46 TCP: Successfully Saved To Database......
01-09-2018 11:57:49 TCP: Recieved 36 bytes from socket.
01-09-2018 11:57:49 TCP: Parsing Data....
01-09-2018 11:57:49 TCP: Checking for keyword validity.
01-09-2018 11:57:49 Helper: Saving Data Into Database......
01-09-2018 11:57:49 Helper: Successfully Saved To Database......
01-09-2018 11:57:49 TCP: Parsing Data....
