31-08-2018 18:28:03 UDP: Started listening at port 8414
31-08-2018 18:28:03 TCP: Started listening at port 10025
31-08-2018 18:28:03 TCP Output Control: Started listening at port 668
31-08-2018 18:28:03 TCP Output Control: Error in confirmation checker.
31-08-2018 18:28:03 TCP Output Control: System.InvalidOperationException: ExecuteNonQuery requires the command to have a transaction when the connection assigned to the command is in a pending local transaction.  The Transaction property of the command has not been initialized.
   at System.Data.SqlClient.SqlCommand.ValidateCommand(String method, Boolean async)
   at System.Data.SqlClient.SqlCommand.InternalExecuteNonQuery(TaskCompletionSource`1 completion, String methodName, Boolean sendToPipe, Int32 timeout, Boolean& usedCache, Boolean asyncWrite, Boolean inRetry)
   at System.Data.SqlClient.SqlCommand.ExecuteNonQuery()
   at ExampleService.DataAccess.MSSqlDataAccess.OutputUpdate(Int32 id, Byte status) in C:\Users\Abuzar\Desktop\27-08-2018\ExampleService\DataAccess\MSSqlDataAccess.cs:line 540
   at ExampleService.DataAccess.MSSqlDataAccess.CheckConfirmationExpirations() in C:\Users\Abuzar\Desktop\27-08-2018\ExampleService\DataAccess\MSSqlDataAccess.cs:line 561
   at ExampleService.TCPOutputControl.CheckConfirmationExpiration() in C:\Users\Abuzar\Desktop\27-08-2018\ExampleService\TCPOutputControl.cs:line 312
31-08-2018 18:28:20 TCP: Got new connection: 42.106.30.147:32484
31-08-2018 18:28:21 TCP: Recieved 18 bytes from socket.
31-08-2018 18:28:21 TCP: Checking for keyword validity.
31-08-2018 18:28:21 TCP: Keyword valid. Waiting for data.
31-08-2018 18:28:25 TCP: Recieved 36 bytes from socket.
31-08-2018 18:28:27 TCP: Recieved 36 bytes from socket.
31-08-2018 18:28:27 TCP: Checking for keyword validity.
31-08-2018 18:28:27 TCP: Keyword valid. Waiting for data.
31-08-2018 18:28:30 TCP: Recieved 36 bytes from socket.
31-08-2018 18:28:33 TCP: Recieved 36 bytes from socket.
31-08-2018 18:28:33 TCP: Checking for keyword validity.
31-08-2018 18:28:33 TCP: Keyword valid. Waiting for data.
31-08-2018 18:28:36 TCP: Recieved 36 bytes from socket.
31-08-2018 18:28:39 TCP: Recieved 36 bytes from socket.
31-08-2018 18:28:39 TCP: Checking for keyword validity.
31-08-2018 18:28:39 TCP: Keyword valid. Waiting for data.
31-08-2018 18:28:42 TCP: Recieved 36 bytes from socket.
31-08-2018 18:28:45 TCP: Recieved 15 bytes from socket.
31-08-2018 18:28:45 TCP: Checking for keyword validity.
31-08-2018 18:28:45 TCP: Keyword valid. Waiting for data.
31-08-2018 18:28:48 TCP: Recieved 36 bytes from socket.
31-08-2018 18:28:51 TCP: Recieved 36 bytes from socket.
31-08-2018 18:28:51 TCP: Checking for keyword validity.
31-08-2018 18:28:51 TCP: Keyword valid. Waiting for data.
31-08-2018 18:28:54 TCP: Recieved 36 bytes from socket.
31-08-2018 18:28:57 TCP: Recieved 36 bytes from socket.
31-08-2018 18:28:57 TCP: Checking for keyword validity.
31-08-2018 18:28:57 TCP: Keyword valid. Waiting for data.
31-08-2018 18:29:00 TCP: Recieved 36 bytes from socket.
31-08-2018 18:29:03 TCP: Recieved 36 bytes from socket.
31-08-2018 18:29:03 TCP: Checking for keyword validity.
31-08-2018 18:29:03 TCP: Keyword valid. Waiting for data.
31-08-2018 18:29:10 TCP: Recieved 36 bytes from socket.
31-08-2018 18:29:20 TCP: Recieved 36 bytes from socket.
31-08-2018 18:29:20 TCP: Checking for keyword validity.
31-08-2018 18:29:20 TCP: Keyword valid. Waiting for data.
31-08-2018 18:29:30 TCP: Recieved 36 bytes from socket.
31-08-2018 18:29:40 TCP: Recieved 36 bytes from socket.
31-08-2018 18:29:40 TCP: Checking for keyword validity.
31-08-2018 18:29:40 TCP: Keyword valid. Waiting for data.
31-08-2018 18:29:50 TCP: Recieved 36 bytes from socket.
31-08-2018 18:29:51 TCP: Recieved 15 bytes from socket.
31-08-2018 18:29:51 TCP: Checking for keyword validity.
31-08-2018 18:29:51 TCP: Keyword valid. Waiting for data.
31-08-2018 18:30:00 TCP: Recieved 36 bytes from socket.
31-08-2018 18:30:12 TCP: Recieved 36 bytes from socket.
31-08-2018 18:30:12 TCP: Checking for keyword validity.
31-08-2018 18:30:12 TCP: Keyword valid. Waiting for data.
31-08-2018 18:30:20 TCP: Recieved 36 bytes from socket.
31-08-2018 18:30:30 TCP: Recieved 36 bytes from socket.
31-08-2018 18:30:30 TCP: Checking for keyword validity.
31-08-2018 18:30:30 TCP: Keyword valid. Waiting for data.
31-08-2018 18:30:40 TCP: Recieved 36 bytes from socket.
31-08-2018 18:30:50 TCP: Recieved 36 bytes from socket.
31-08-2018 18:30:50 TCP: Checking for keyword validity.
31-08-2018 18:30:50 TCP: Keyword valid. Waiting for data.
31-08-2018 18:31:00 TCP: Recieved 36 bytes from socket.
31-08-2018 18:31:10 TCP: Recieved 36 bytes from socket.
31-08-2018 18:31:10 TCP: Checking for keyword validity.
31-08-2018 18:31:10 TCP: Keyword valid. Waiting for data.
31-08-2018 18:31:20 TCP: Recieved 36 bytes from socket.
31-08-2018 18:31:21 TCP: Got new connection: 42.106.30.147:45480
31-08-2018 18:31:22 TCP: Recieved 18 bytes from socket.
31-08-2018 18:31:22 TCP: Checking for keyword validity.
31-08-2018 18:31:22 TCP: Keyword valid. Waiting for data.
31-08-2018 18:31:25 TCP: Recieved 15 bytes from socket.
31-08-2018 18:31:25 TCP: Packet too short.
31-08-2018 18:31:31 TCP: Recieved 36 bytes from socket.
31-08-2018 18:31:40 TCP: Recieved 36 bytes from socket.
31-08-2018 18:31:40 TCP: Checking for keyword validity.
31-08-2018 18:31:40 TCP: Keyword valid. Waiting for data.
31-08-2018 18:31:50 TCP: Recieved 36 bytes from socket.
31-08-2018 18:32:00 TCP: Recieved 36 bytes from socket.
31-08-2018 18:32:00 TCP: Checking for keyword validity.
31-08-2018 18:32:00 TCP: Keyword valid. Waiting for data.
31-08-2018 18:32:10 TCP: Recieved 36 bytes from socket.
31-08-2018 18:32:20 TCP: Recieved 36 bytes from socket.
31-08-2018 18:32:20 TCP: Checking for keyword validity.
31-08-2018 18:32:20 TCP: Keyword valid. Waiting for data.
31-08-2018 18:32:30 TCP: Recieved 36 bytes from socket.
31-08-2018 18:32:40 TCP: Recieved 36 bytes from socket.
31-08-2018 18:32:40 TCP: Checking for keyword validity.
31-08-2018 18:32:40 TCP: Keyword valid. Waiting for data.
31-08-2018 18:32:50 TCP: Recieved 36 bytes from socket.
31-08-2018 18:32:52 TCP: Recieved 15 bytes from socket.
31-08-2018 18:32:52 TCP: Checking for keyword validity.
31-08-2018 18:32:52 TCP: Keyword valid. Waiting for data.
31-08-2018 18:33:00 TCP: Recieved 36 bytes from socket.
31-08-2018 18:33:10 TCP: Recieved 36 bytes from socket.
31-08-2018 18:33:10 TCP: Checking for keyword validity.
31-08-2018 18:33:10 TCP: Keyword valid. Waiting for data.
31-08-2018 18:33:20 TCP: Recieved 36 bytes from socket.
31-08-2018 18:33:30 TCP: Recieved 36 bytes from socket.
31-08-2018 18:33:30 TCP: Checking for keyword validity.
31-08-2018 18:33:30 TCP: Keyword valid. Waiting for data.
31-08-2018 18:33:40 TCP: Recieved 36 bytes from socket.
31-08-2018 18:33:50 TCP: Recieved 36 bytes from socket.
31-08-2018 18:33:50 TCP: Checking for keyword validity.
31-08-2018 18:33:50 TCP: Keyword valid. Waiting for data.
31-08-2018 18:34:00 TCP: Recieved 36 bytes from socket.
31-08-2018 18:34:10 TCP: Recieved 36 bytes from socket.
31-08-2018 18:34:11 TCP: Checking for keyword validity.
31-08-2018 18:34:11 TCP: Keyword valid. Waiting for data.
31-08-2018 18:34:20 TCP: Recieved 36 bytes from socket.
31-08-2018 18:34:22 TCP: Recieved 15 bytes from socket.
31-08-2018 18:34:22 TCP: Checking for keyword validity.
31-08-2018 18:34:22 TCP: Keyword valid. Waiting for data.
31-08-2018 18:34:30 TCP: Recieved 36 bytes from socket.
31-08-2018 18:34:40 TCP: Recieved 36 bytes from socket.
31-08-2018 18:34:40 TCP: Checking for keyword validity.
31-08-2018 18:34:40 TCP: Keyword valid. Waiting for data.
31-08-2018 18:34:50 TCP: Recieved 36 bytes from socket.
31-08-2018 18:35:00 TCP: Recieved 36 bytes from socket.
31-08-2018 18:35:00 TCP: Checking for keyword validity.
31-08-2018 18:35:00 TCP: Keyword valid. Waiting for data.
31-08-2018 18:35:10 TCP: Recieved 36 bytes from socket.
31-08-2018 18:35:20 TCP: Recieved 36 bytes from socket.
31-08-2018 18:35:20 TCP: Checking for keyword validity.
31-08-2018 18:35:20 TCP: Keyword valid. Waiting for data.
31-08-2018 18:35:30 TCP: Recieved 36 bytes from socket.
31-08-2018 18:35:40 TCP: Recieved 36 bytes from socket.
31-08-2018 18:35:40 TCP: Checking for keyword validity.
31-08-2018 18:35:40 TCP: Keyword valid. Waiting for data.
31-08-2018 18:35:50 TCP: Recieved 36 bytes from socket.
31-08-2018 18:35:52 TCP: Got new connection: 42.106.30.147:10214
31-08-2018 18:35:53 TCP: Recieved 18 bytes from socket.
31-08-2018 18:35:53 TCP: Checking for keyword validity.
31-08-2018 18:35:53 TCP: Keyword valid. Waiting for data.
31-08-2018 18:35:56 TCP: Recieved 15 bytes from socket.
31-08-2018 18:35:56 TCP: Packet too short.
31-08-2018 18:36:00 TCP: Recieved 36 bytes from socket.
31-08-2018 18:36:10 TCP: Recieved 36 bytes from socket.
31-08-2018 18:36:10 TCP: Checking for keyword validity.
31-08-2018 18:36:10 TCP: Keyword valid. Waiting for data.
31-08-2018 18:36:20 TCP: Recieved 36 bytes from socket.
31-08-2018 18:36:30 TCP: Recieved 36 bytes from socket.
31-08-2018 18:36:30 TCP: Checking for keyword validity.
31-08-2018 18:36:30 TCP: Keyword valid. Waiting for data.
31-08-2018 18:36:40 TCP: Recieved 36 bytes from socket.
31-08-2018 18:36:50 TCP: Recieved 36 bytes from socket.
31-08-2018 18:36:50 TCP: Checking for keyword validity.
31-08-2018 18:36:50 TCP: Keyword valid. Waiting for data.
31-08-2018 18:37:00 TCP: Recieved 36 bytes from socket.
31-08-2018 18:37:10 TCP: Recieved 36 bytes from socket.
31-08-2018 18:37:10 TCP: Checking for keyword validity.
31-08-2018 18:37:10 TCP: Keyword valid. Waiting for data.
31-08-2018 18:37:20 TCP: Recieved 36 bytes from socket.
31-08-2018 18:37:23 TCP: Recieved 15 bytes from socket.
31-08-2018 18:37:23 TCP: Checking for keyword validity.
31-08-2018 18:37:23 TCP: Keyword valid. Waiting for data.
31-08-2018 18:37:30 TCP: Recieved 36 bytes from socket.
31-08-2018 18:37:40 TCP: Recieved 36 bytes from socket.
31-08-2018 18:37:40 TCP: Checking for keyword validity.
31-08-2018 18:37:40 TCP: Keyword valid. Waiting for data.
31-08-2018 18:37:50 TCP: Recieved 36 bytes from socket.
31-08-2018 18:38:00 TCP: Recieved 36 bytes from socket.
31-08-2018 18:38:00 TCP: Checking for keyword validity.
31-08-2018 18:38:00 TCP: Keyword valid. Waiting for data.
31-08-2018 18:38:10 TCP: Recieved 36 bytes from socket.
31-08-2018 18:38:21 TCP: Recieved 36 bytes from socket.
31-08-2018 18:38:21 TCP: Checking for keyword validity.
31-08-2018 18:38:21 TCP: Keyword valid. Waiting for data.
31-08-2018 18:38:31 TCP: Recieved 36 bytes from socket.
31-08-2018 18:38:40 TCP: Recieved 36 bytes from socket.
31-08-2018 18:38:40 TCP: Checking for keyword validity.
31-08-2018 18:38:40 TCP: Keyword valid. Waiting for data.
31-08-2018 18:38:50 TCP: Recieved 36 bytes from socket.
31-08-2018 18:38:52 TCP: Recieved 15 bytes from socket.
31-08-2018 18:38:52 TCP: Checking for keyword validity.
31-08-2018 18:38:52 TCP: Keyword valid. Waiting for data.
