29-08-2018 12:18:59 UDP: Started listening at port 8414
29-08-2018 12:18:59 TCP: Started listening at port 10025
29-08-2018 12:18:59 TCP Output Control: Started listening at port 668
29-08-2018 12:19:01 TCP Output Control: Error in confirmation checker.
29-08-2018 12:19:01 TCP Output Control: System.InvalidOperationException: ExecuteNonQuery requires the command to have a transaction when the connection assigned to the command is in a pending local transaction.  The Transaction property of the command has not been initialized.
   at System.Data.SqlClient.SqlCommand.ValidateCommand(String method, Boolean async)
   at System.Data.SqlClient.SqlCommand.InternalExecuteNonQuery(TaskCompletionSource`1 completion, String methodName, Boolean sendToPipe, Int32 timeout, Boolean& usedCache, Boolean asyncWrite, Boolean inRetry)
   at System.Data.SqlClient.SqlCommand.ExecuteNonQuery()
   at ExampleService.DataAccess.MSSqlDataAccess.OutputUpdate(Int32 id, Byte status) in C:\Users\Abuzar\Desktop\27-08-2018\ExampleService\DataAccess\MSSqlDataAccess.cs:line 540
   at ExampleService.DataAccess.MSSqlDataAccess.CheckConfirmationExpirations() in C:\Users\Abuzar\Desktop\27-08-2018\ExampleService\DataAccess\MSSqlDataAccess.cs:line 561
   at ExampleService.TCPOutputControl.CheckConfirmationExpiration() in C:\Users\Abuzar\Desktop\27-08-2018\ExampleService\TCPOutputControl.cs:line 312
29-08-2018 12:19:15 TCP: Got new connection: 42.106.26.199:35961
29-08-2018 12:19:16 TCP: Recieved 18 bytes from socket.
29-08-2018 12:19:16 TCP: Checking for keyword validity.
29-08-2018 12:19:16 TCP: Keyword valid. Waiting for data.
29-08-2018 12:19:19 TCP: Recieved 15 bytes from socket.
29-08-2018 12:20:37 TCP: Packet too short.
29-08-2018 12:20:37 TCP: Recieved 432 bytes from socket.
29-08-2018 12:22:42 TCP: Parsing recieved data.
29-08-2018 12:22:42 TCP: Got new connection: 42.106.26.199:37468
29-08-2018 12:22:42 TCP: ---- Parser log start ----
29-08-2018 12:22:42 TCP: Recieved 444 bytes from socket.
29-08-2018 12:22:42 TCP: Checking for keyword validity.
29-08-2018 12:22:42 TCP: Keyword valid. Waiting for data.
29-08-2018 12:22:43 Helper: IMEI: 440517212258662520
29-08-2018 12:22:45 TCP: Recieved 36 bytes from socket.
29-08-2018 12:23:09 TCP: Parsing recieved data.
29-08-2018 12:23:09 TCP: ---- Parser log start ----
29-08-2018 12:22:55 Helper: Checksum does not match.
29-08-2018 12:23:09 TCP: ---- Saving to database ----
29-08-2018 12:23:09 Helper: IMEI: 440517212258662520
29-08-2018 12:23:13 Helper: Checksum does not match.
29-08-2018 12:23:13 TCP: ---- Successfully saved to database ----
29-08-2018 12:23:13 TCP: Recieved 36 bytes from socket.
29-08-2018 12:23:13 TCP: ---- Saving to database ----
29-08-2018 12:23:22 TCP: Parsing recieved data.
29-08-2018 12:23:22 TCP: ---- Parser log start ----
29-08-2018 12:23:23 Helper: IMEI: 440517212258662520
29-08-2018 12:23:25 Helper: Checksum does not match.
29-08-2018 12:23:25 TCP: ---- Saving to database ----
29-08-2018 12:23:25 TCP: ---- Successfully saved to database ----
29-08-2018 12:23:27 TCP: Recieved 144 bytes from socket.
29-08-2018 12:23:36 TCP: Parsing recieved data.
29-08-2018 12:23:36 TCP: ---- Parser log start ----
29-08-2018 12:23:37 Helper: IMEI: 440517212258662520
29-08-2018 12:23:37 TCP: ---- Successfully saved to database ----
29-08-2018 12:23:39 Helper: Checksum does not match.
29-08-2018 12:23:39 TCP: ---- Saving to database ----
29-08-2018 12:23:41 TCP: ---- Successfully saved to database ----
29-08-2018 12:23:41 TCP: Recieved 36 bytes from socket.
29-08-2018 12:23:47 TCP: Parsing recieved data.
29-08-2018 12:23:47 TCP: ---- Parser log start ----
29-08-2018 12:23:47 Helper: IMEI: 440517212258662520
29-08-2018 12:23:48 Helper: Checksum does not match.
29-08-2018 12:23:48 TCP: ---- Saving to database ----
29-08-2018 12:23:58 TCP: ---- Successfully saved to database ----
29-08-2018 12:23:58 TCP: Recieved 87 bytes from socket.
29-08-2018 12:23:59 TCP: Parsing recieved data.
29-08-2018 12:23:59 TCP: ---- Parser log start ----
29-08-2018 12:24:00 Helper: IMEI: 440517212258662520
29-08-2018 12:24:01 Helper: Checksum does not match.
29-08-2018 12:24:01 TCP: ---- Saving to database ----
29-08-2018 12:24:04 TCP: ---- Successfully saved to database ----
29-08-2018 12:24:04 TCP: Recieved 36 bytes from socket.
29-08-2018 12:24:32 TCP: Parsing recieved data.
29-08-2018 12:24:32 TCP: ---- Parser log start ----
29-08-2018 12:24:33 Helper: IMEI: 440517212258662520
29-08-2018 12:24:33 Helper: Checksum does not match.
29-08-2018 12:24:33 TCP: ---- Saving to database ----
29-08-2018 12:24:34 TCP: ---- Successfully saved to database ----
29-08-2018 12:24:34 TCP: Recieved 108 bytes from socket.
29-08-2018 12:24:42 TCP: Parsing recieved data.
29-08-2018 12:24:42 TCP: ---- Parser log start ----
29-08-2018 12:24:42 Helper: IMEI: 440517212258662520
29-08-2018 12:24:42 Helper: Checksum does not match.
29-08-2018 12:24:42 TCP: ---- Saving to database ----
29-08-2018 12:24:43 TCP: ---- Successfully saved to database ----
29-08-2018 12:24:45 TCP: Recieved 36 bytes from socket.
29-08-2018 12:25:21 TCP: Parsing recieved data.
29-08-2018 12:25:21 TCP: ---- Parser log start ----
29-08-2018 12:25:22 Helper: IMEI: 440517212258662520
29-08-2018 12:25:21 TCP: Got new connection: 42.106.26.199:23253
29-08-2018 12:25:24 TCP: Recieved 69 bytes from socket.
29-08-2018 12:30:16 Helper: Checksum does not match.
29-08-2018 12:30:16 TCP: Checking for keyword validity.
29-08-2018 12:30:16 TCP: Keyword valid. Waiting for data.
29-08-2018 12:30:16 TCP: Recieved 966 bytes from socket.
29-08-2018 12:30:16 TCP: ---- Saving to database ----
29-08-2018 12:30:20 TCP: Parsing recieved data.
29-08-2018 12:34:25 TCP: Got new connection: 42.106.25.15:16762
29-08-2018 12:35:19 TCP: ---- Successfully saved to database ----
29-08-2018 12:35:19 TCP: ---- Parser log start ----
29-08-2018 12:35:19 TCP: Got new connection: 42.106.25.15:30729
29-08-2018 12:35:25 TCP: Recieved 1024 bytes from socket.
29-08-2018 12:35:19 TCP: Recieved 108 bytes from socket.
29-08-2018 12:35:25 TCP: Checking for keyword validity.
29-08-2018 12:35:25 TCP: Recieved 177 bytes from socket.
29-08-2018 12:35:28 TCP: Parsing recieved data.
29-08-2018 12:35:28 TCP: Keyword valid. Waiting for data.
29-08-2018 12:35:32 TCP: ---- Parser log start ----
29-08-2018 12:35:32 TCP: Checking for keyword validity.
29-08-2018 12:35:33 TCP: Recieved 119 bytes from socket.
29-08-2018 12:35:38 TCP: Keyword valid. Waiting for data.
29-08-2018 12:35:44 TCP: Recieved 36 bytes from socket.
29-08-2018 12:36:25 TCP: Parsing recieved data.
29-08-2018 12:36:22 TCP: Parsing recieved data.
29-08-2018 12:36:31 TCP: ---- Parser log start ----
29-08-2018 12:36:40 TCP: ---- Parser log start ----
