17-09-2018 16:21:43 UDP: Started listening at port 8414
17-09-2018 16:21:43 TCP: Started listening at port 10025
17-09-2018 16:21:43 TCP Output Control: Started listening at port 669
17-09-2018 16:21:44 TCP Output Control: Error in confirmation checker.
17-09-2018 16:21:44 TCP Output Control: System.InvalidOperationException: ExecuteNonQuery requires the command to have a transaction when the connection assigned to the command is in a pending local transaction.  The Transaction property of the command has not been initialized.
   at System.Data.SqlClient.SqlCommand.ValidateCommand(String method, Boolean async)
   at System.Data.SqlClient.SqlCommand.InternalExecuteNonQuery(TaskCompletionSource`1 completion, String methodName, Boolean sendToPipe, Int32 timeout, Boolean& usedCache, Boolean asyncWrite, Boolean inRetry)
   at System.Data.SqlClient.SqlCommand.ExecuteNonQuery()
   at ExampleService.DataAccess.MSSqlDataAccess.OutputUpdate(Int32 id, Byte status) in C:\Users\Abuzar\Desktop\2deviceconsole 11-09-2018\GPSIndia\ExampleService\DataAccess\MSSqlDataAccess.cs:line 540
   at ExampleService.DataAccess.MSSqlDataAccess.CheckConfirmationExpirations() in C:\Users\Abuzar\Desktop\2deviceconsole 11-09-2018\GPSIndia\ExampleService\DataAccess\MSSqlDataAccess.cs:line 561
   at ExampleService.TCPOutputControl.CheckConfirmationExpiration() in C:\Users\Abuzar\Desktop\2deviceconsole 11-09-2018\GPSIndia\ExampleService\TCPOutputControl.cs:line 313
17-09-2018 16:22:04 TCP: Got new connection: 106.76.113.49:54952
17-09-2018 16:22:05 TCP: Recieved 18 bytes from socket.
17-09-2018 16:22:05 TCP: Parsing Data....
17-09-2018 16:22:05 TCP: Parsing Data....
17-09-2018 16:22:08 TCP: Recieved 15 bytes from socket.
17-09-2018 16:22:08 TCP: Parsing Data....
17-09-2018 16:22:11 TCP: Recieved 36 bytes from socket.
17-09-2018 16:22:11 TCP: Parsing Data....
17-09-2018 16:22:11 TCP: Saving Data Into Database......
17-09-2018 16:22:11 TCP: Successfully Saved To Database......
17-09-2018 16:22:14 TCP: Recieved 36 bytes from socket.
17-09-2018 16:22:14 TCP: Parsing Data....
17-09-2018 16:22:14 TCP: Saving Data Into Database......
17-09-2018 16:22:14 TCP: Successfully Saved To Database......
17-09-2018 16:22:17 TCP: Recieved 36 bytes from socket.
17-09-2018 16:22:17 TCP: Parsing Data....
17-09-2018 16:22:17 TCP: Saving Data Into Database......
17-09-2018 16:22:17 TCP: Successfully Saved To Database......
17-09-2018 16:22:20 TCP: Recieved 36 bytes from socket.
17-09-2018 16:22:20 TCP: Parsing Data....
17-09-2018 16:22:20 TCP: Saving Data Into Database......
17-09-2018 16:22:20 TCP: Successfully Saved To Database......
17-09-2018 16:22:23 TCP: Recieved 36 bytes from socket.
17-09-2018 16:22:23 TCP: Parsing Data....
17-09-2018 16:22:23 TCP: Saving Data Into Database......
17-09-2018 16:22:23 TCP: Successfully Saved To Database......
17-09-2018 16:22:26 TCP: Recieved 36 bytes from socket.
17-09-2018 16:22:26 TCP: Parsing Data....
17-09-2018 16:22:26 TCP: Saving Data Into Database......
17-09-2018 16:22:26 TCP: Successfully Saved To Database......
17-09-2018 16:22:29 TCP: Recieved 36 bytes from socket.
17-09-2018 16:22:29 TCP: Parsing Data....
17-09-2018 16:22:29 TCP: Saving Data Into Database......
17-09-2018 16:22:29 TCP: Successfully Saved To Database......
17-09-2018 16:22:32 TCP: Recieved 36 bytes from socket.
17-09-2018 16:22:32 TCP: Parsing Data....
17-09-2018 16:22:32 TCP: Saving Data Into Database......
17-09-2018 16:22:32 TCP: Successfully Saved To Database......
17-09-2018 16:22:35 TCP: Recieved 36 bytes from socket.
17-09-2018 16:22:35 TCP: Parsing Data....
17-09-2018 16:22:35 TCP: Saving Data Into Database......
17-09-2018 16:22:35 TCP: Successfully Saved To Database......
17-09-2018 16:22:38 TCP: Recieved 36 bytes from socket.
17-09-2018 16:22:38 TCP: Parsing Data....
17-09-2018 16:22:38 TCP: Saving Data Into Database......
17-09-2018 16:22:38 TCP: Successfully Saved To Database......
17-09-2018 16:22:41 TCP: Recieved 36 bytes from socket.
17-09-2018 16:22:41 TCP: Parsing Data....
17-09-2018 16:22:41 TCP: Saving Data Into Database......
17-09-2018 16:22:41 TCP: Successfully Saved To Database......
17-09-2018 16:22:44 TCP: Recieved 36 bytes from socket.
17-09-2018 16:22:44 TCP: Parsing Data....
17-09-2018 16:22:44 TCP: Saving Data Into Database......
17-09-2018 16:22:44 TCP: Successfully Saved To Database......
17-09-2018 16:22:49 TCP: Recieved 36 bytes from socket.
17-09-2018 16:22:49 TCP: Parsing Data....
17-09-2018 16:22:49 TCP: Saving Data Into Database......
17-09-2018 16:22:49 TCP: Successfully Saved To Database......
17-09-2018 16:22:52 TCP: Recieved 36 bytes from socket.
17-09-2018 16:22:52 TCP: Parsing Data....
17-09-2018 16:22:52 TCP: Saving Data Into Database......
17-09-2018 16:22:52 TCP: Successfully Saved To Database......
17-09-2018 16:22:53 TCP: Recieved 36 bytes from socket.
17-09-2018 16:22:53 TCP: Parsing Data....
17-09-2018 16:22:53 TCP: Saving Data Into Database......
17-09-2018 16:22:54 TCP: Successfully Saved To Database......
17-09-2018 16:22:56 TCP: Recieved 36 bytes from socket.
17-09-2018 16:22:56 TCP: Parsing Data....
17-09-2018 16:22:56 TCP: Saving Data Into Database......
17-09-2018 16:22:56 TCP: Successfully Saved To Database......
17-09-2018 16:22:59 TCP: Recieved 36 bytes from socket.
17-09-2018 16:22:59 TCP: Parsing Data....
17-09-2018 16:22:59 TCP: Saving Data Into Database......
17-09-2018 16:22:59 TCP: Successfully Saved To Database......
17-09-2018 16:23:02 TCP: Recieved 36 bytes from socket.
17-09-2018 16:23:02 TCP: Parsing Data....
17-09-2018 16:23:02 TCP: Saving Data Into Database......
17-09-2018 16:23:03 TCP: Successfully Saved To Database......
17-09-2018 16:23:05 TCP: Recieved 36 bytes from socket.
17-09-2018 16:23:05 TCP: Parsing Data....
17-09-2018 16:23:05 TCP: Saving Data Into Database......
17-09-2018 16:23:05 TCP: Successfully Saved To Database......
17-09-2018 16:23:08 TCP: Recieved 36 bytes from socket.
17-09-2018 16:23:08 TCP: Parsing Data....
17-09-2018 16:23:08 TCP: Saving Data Into Database......
17-09-2018 16:23:08 TCP: Successfully Saved To Database......
17-09-2018 16:23:11 TCP: Recieved 36 bytes from socket.
17-09-2018 16:23:11 TCP: Parsing Data....
17-09-2018 16:23:11 TCP: Saving Data Into Database......
17-09-2018 16:23:11 TCP: Successfully Saved To Database......
17-09-2018 16:23:15 TCP: Recieved 36 bytes from socket.
17-09-2018 16:23:15 TCP: Parsing Data....
17-09-2018 16:23:15 TCP: Saving Data Into Database......
17-09-2018 16:23:15 TCP: Successfully Saved To Database......
17-09-2018 16:23:17 TCP: Recieved 36 bytes from socket.
17-09-2018 16:23:17 TCP: Parsing Data....
17-09-2018 16:23:17 TCP: Saving Data Into Database......
17-09-2018 16:23:17 TCP: Successfully Saved To Database......
17-09-2018 16:23:20 TCP: Recieved 36 bytes from socket.
17-09-2018 16:23:20 TCP: Parsing Data....
17-09-2018 16:23:20 TCP: Saving Data Into Database......
17-09-2018 16:23:20 TCP: Successfully Saved To Database......
17-09-2018 16:23:23 TCP: Recieved 36 bytes from socket.
17-09-2018 16:23:23 TCP: Parsing Data....
17-09-2018 16:23:23 TCP: Saving Data Into Database......
17-09-2018 16:23:23 TCP: Successfully Saved To Database......
17-09-2018 16:23:26 TCP: Recieved 36 bytes from socket.
17-09-2018 16:23:26 TCP: Parsing Data....
17-09-2018 16:23:26 TCP: Saving Data Into Database......
17-09-2018 16:23:26 TCP: Successfully Saved To Database......
17-09-2018 16:23:29 TCP: Recieved 36 bytes from socket.
17-09-2018 16:23:29 TCP: Parsing Data....
17-09-2018 16:23:29 TCP: Saving Data Into Database......
17-09-2018 16:23:29 TCP: Successfully Saved To Database......
17-09-2018 16:23:32 TCP: Recieved 36 bytes from socket.
17-09-2018 16:23:32 TCP: Parsing Data....
17-09-2018 16:23:32 TCP: Saving Data Into Database......
17-09-2018 16:23:32 TCP: Successfully Saved To Database......
17-09-2018 16:23:35 TCP: Recieved 36 bytes from socket.
17-09-2018 16:23:35 TCP: Parsing Data....
17-09-2018 16:23:35 TCP: Saving Data Into Database......
17-09-2018 16:23:35 TCP: Successfully Saved To Database......
17-09-2018 16:23:38 TCP: Recieved 36 bytes from socket.
17-09-2018 16:23:38 TCP: Parsing Data....
17-09-2018 16:23:38 TCP: Saving Data Into Database......
17-09-2018 16:23:38 TCP: Successfully Saved To Database......
17-09-2018 16:23:41 TCP: Recieved 36 bytes from socket.
17-09-2018 16:23:41 TCP: Parsing Data....
17-09-2018 16:23:41 TCP: Saving Data Into Database......
17-09-2018 16:23:41 TCP: Successfully Saved To Database......
17-09-2018 16:23:44 TCP: Recieved 36 bytes from socket.
17-09-2018 16:23:44 TCP: Parsing Data....
17-09-2018 16:23:44 TCP: Saving Data Into Database......
17-09-2018 16:23:44 TCP: Successfully Saved To Database......
17-09-2018 16:23:47 TCP: Recieved 36 bytes from socket.
17-09-2018 16:23:47 TCP: Parsing Data....
17-09-2018 16:23:47 TCP: Saving Data Into Database......
17-09-2018 16:23:47 TCP: Successfully Saved To Database......
17-09-2018 16:23:50 TCP: Recieved 36 bytes from socket.
17-09-2018 16:23:50 TCP: Parsing Data....
17-09-2018 16:23:50 TCP: Saving Data Into Database......
17-09-2018 16:23:50 TCP: Successfully Saved To Database......
17-09-2018 16:23:53 TCP: Recieved 36 bytes from socket.
17-09-2018 16:23:53 TCP: Parsing Data....
17-09-2018 16:23:53 TCP: Saving Data Into Database......
17-09-2018 16:23:53 TCP: Successfully Saved To Database......
17-09-2018 16:23:56 TCP: Recieved 36 bytes from socket.
17-09-2018 16:23:56 TCP: Parsing Data....
17-09-2018 16:23:56 TCP: Saving Data Into Database......
17-09-2018 16:23:57 TCP: Successfully Saved To Database......
17-09-2018 16:23:59 TCP: Recieved 36 bytes from socket.
17-09-2018 16:23:59 TCP: Parsing Data....
17-09-2018 16:23:59 TCP: Saving Data Into Database......
17-09-2018 16:23:59 TCP: Successfully Saved To Database......
17-09-2018 16:24:02 TCP: Recieved 36 bytes from socket.
17-09-2018 16:24:02 TCP: Parsing Data....
17-09-2018 16:24:02 TCP: Saving Data Into Database......
17-09-2018 16:24:02 TCP: Successfully Saved To Database......
17-09-2018 16:24:05 TCP: Recieved 36 bytes from socket.
17-09-2018 16:24:05 TCP: Parsing Data....
17-09-2018 16:24:05 TCP: Saving Data Into Database......
17-09-2018 16:24:05 TCP: Successfully Saved To Database......
17-09-2018 16:24:08 TCP: Recieved 36 bytes from socket.
17-09-2018 16:24:08 TCP: Parsing Data....
17-09-2018 16:24:08 TCP: Saving Data Into Database......
17-09-2018 16:24:08 TCP: Successfully Saved To Database......
17-09-2018 16:24:11 TCP: Recieved 36 bytes from socket.
17-09-2018 16:24:11 TCP: Parsing Data....
17-09-2018 16:24:11 TCP: Saving Data Into Database......
17-09-2018 16:24:11 TCP: Successfully Saved To Database......
17-09-2018 16:24:14 TCP: Recieved 36 bytes from socket.
17-09-2018 16:24:14 TCP: Parsing Data....
17-09-2018 16:24:14 TCP: Saving Data Into Database......
17-09-2018 16:24:14 TCP: Successfully Saved To Database......
17-09-2018 16:24:18 TCP: Recieved 36 bytes from socket.
17-09-2018 16:24:18 TCP: Parsing Data....
17-09-2018 16:24:18 TCP: Saving Data Into Database......
17-09-2018 16:24:18 TCP: Successfully Saved To Database......
17-09-2018 16:24:20 TCP: Recieved 36 bytes from socket.
17-09-2018 16:24:20 TCP: Parsing Data....
17-09-2018 16:24:20 TCP: Saving Data Into Database......
17-09-2018 16:24:20 TCP: Successfully Saved To Database......
17-09-2018 16:24:23 TCP: Recieved 36 bytes from socket.
17-09-2018 16:24:23 TCP: Parsing Data....
17-09-2018 16:24:23 TCP: Saving Data Into Database......
17-09-2018 16:24:23 TCP: Successfully Saved To Database......
17-09-2018 16:24:26 TCP: Recieved 36 bytes from socket.
17-09-2018 16:24:26 TCP: Parsing Data....
17-09-2018 16:24:26 TCP: Saving Data Into Database......
17-09-2018 16:24:26 TCP: Successfully Saved To Database......
17-09-2018 16:24:29 TCP: Recieved 36 bytes from socket.
17-09-2018 16:24:29 TCP: Parsing Data....
17-09-2018 16:24:29 TCP: Saving Data Into Database......
17-09-2018 16:24:29 TCP: Successfully Saved To Database......
17-09-2018 16:24:32 TCP: Recieved 36 bytes from socket.
17-09-2018 16:24:32 TCP: Parsing Data....
17-09-2018 16:24:32 TCP: Saving Data Into Database......
17-09-2018 16:24:32 TCP: Successfully Saved To Database......
17-09-2018 16:24:35 TCP: Recieved 36 bytes from socket.
17-09-2018 16:24:35 TCP: Parsing Data....
17-09-2018 16:24:35 TCP: Saving Data Into Database......
17-09-2018 16:24:35 TCP: Successfully Saved To Database......
17-09-2018 16:24:38 TCP: Recieved 36 bytes from socket.
17-09-2018 16:24:38 TCP: Parsing Data....
17-09-2018 16:24:38 TCP: Saving Data Into Database......
17-09-2018 16:24:38 TCP: Successfully Saved To Database......
17-09-2018 16:24:41 TCP: Recieved 36 bytes from socket.
17-09-2018 16:24:41 TCP: Parsing Data....
17-09-2018 16:24:41 TCP: Saving Data Into Database......
17-09-2018 16:24:41 TCP: Successfully Saved To Database......
17-09-2018 16:24:44 TCP: Recieved 36 bytes from socket.
17-09-2018 16:24:44 TCP: Parsing Data....
17-09-2018 16:24:44 TCP: Saving Data Into Database......
17-09-2018 16:24:44 TCP: Successfully Saved To Database......
17-09-2018 16:24:47 TCP: Recieved 36 bytes from socket.
17-09-2018 16:24:47 TCP: Parsing Data....
17-09-2018 16:24:47 TCP: Saving Data Into Database......
17-09-2018 16:24:47 TCP: Successfully Saved To Database......
17-09-2018 16:24:50 TCP: Recieved 36 bytes from socket.
17-09-2018 16:24:50 TCP: Parsing Data....
17-09-2018 16:24:50 TCP: Saving Data Into Database......
17-09-2018 16:24:50 TCP: Successfully Saved To Database......
17-09-2018 16:24:53 TCP: Recieved 36 bytes from socket.
17-09-2018 16:24:53 TCP: Parsing Data....
17-09-2018 16:24:53 TCP: Saving Data Into Database......
17-09-2018 16:24:53 TCP: Successfully Saved To Database......
17-09-2018 16:24:56 TCP: Recieved 36 bytes from socket.
17-09-2018 16:24:56 TCP: Parsing Data....
17-09-2018 16:24:56 TCP: Saving Data Into Database......
17-09-2018 16:24:56 TCP: Successfully Saved To Database......
17-09-2018 16:24:59 TCP: Recieved 36 bytes from socket.
17-09-2018 16:24:59 TCP: Parsing Data....
17-09-2018 16:24:59 TCP: Saving Data Into Database......
17-09-2018 16:25:00 TCP: Successfully Saved To Database......
17-09-2018 16:25:02 TCP: Recieved 36 bytes from socket.
17-09-2018 16:25:02 TCP: Parsing Data....
17-09-2018 16:25:02 TCP: Saving Data Into Database......
17-09-2018 16:25:02 TCP: Successfully Saved To Database......
17-09-2018 16:25:05 TCP: Recieved 36 bytes from socket.
17-09-2018 16:25:05 TCP: Parsing Data....
17-09-2018 16:25:05 TCP: Saving Data Into Database......
17-09-2018 16:25:05 TCP: Successfully Saved To Database......
17-09-2018 16:25:08 TCP: Recieved 36 bytes from socket.
17-09-2018 16:25:08 TCP: Parsing Data....
17-09-2018 16:25:08 TCP: Saving Data Into Database......
17-09-2018 16:25:08 TCP: Successfully Saved To Database......
17-09-2018 16:25:11 TCP: Recieved 36 bytes from socket.
17-09-2018 16:25:11 TCP: Parsing Data....
17-09-2018 16:25:11 TCP: Saving Data Into Database......
17-09-2018 16:25:11 TCP: Successfully Saved To Database......
17-09-2018 16:25:14 TCP: Recieved 15 bytes from socket.
17-09-2018 16:25:14 TCP: Parsing Data....
17-09-2018 16:25:17 TCP: Recieved 36 bytes from socket.
17-09-2018 16:25:17 TCP: Parsing Data....
17-09-2018 16:25:17 TCP: Saving Data Into Database......
17-09-2018 16:25:17 TCP: Successfully Saved To Database......
17-09-2018 16:25:20 TCP: Recieved 36 bytes from socket.
17-09-2018 16:25:20 TCP: Parsing Data....
17-09-2018 16:25:20 TCP: Saving Data Into Database......
17-09-2018 16:25:20 TCP: Successfully Saved To Database......
17-09-2018 16:25:23 TCP: Recieved 36 bytes from socket.
17-09-2018 16:25:23 TCP: Parsing Data....
17-09-2018 16:25:23 TCP: Saving Data Into Database......
17-09-2018 16:25:23 TCP: Successfully Saved To Database......
17-09-2018 16:25:26 TCP: Recieved 36 bytes from socket.
17-09-2018 16:25:26 TCP: Parsing Data....
17-09-2018 16:25:26 TCP: Saving Data Into Database......
17-09-2018 16:25:26 TCP: Successfully Saved To Database......
17-09-2018 16:25:29 TCP: Recieved 36 bytes from socket.
17-09-2018 16:25:29 TCP: Parsing Data....
17-09-2018 16:25:29 TCP: Saving Data Into Database......
17-09-2018 16:25:29 TCP: Successfully Saved To Database......
17-09-2018 16:25:32 TCP: Recieved 15 bytes from socket.
17-09-2018 16:25:32 TCP: Parsing Data....
17-09-2018 16:25:35 TCP: Recieved 36 bytes from socket.
17-09-2018 16:25:35 TCP: Parsing Data....
17-09-2018 16:25:35 TCP: Saving Data Into Database......
17-09-2018 16:25:35 TCP: Successfully Saved To Database......
17-09-2018 16:25:44 TCP: Recieved 36 bytes from socket.
17-09-2018 16:25:44 TCP: Parsing Data....
17-09-2018 16:25:44 TCP: Saving Data Into Database......
17-09-2018 16:25:44 TCP: Successfully Saved To Database......
17-09-2018 16:25:54 TCP: Recieved 36 bytes from socket.
17-09-2018 16:25:54 TCP: Parsing Data....
17-09-2018 16:25:54 TCP: Saving Data Into Database......
17-09-2018 16:25:54 TCP: Successfully Saved To Database......
17-09-2018 16:26:04 TCP: Recieved 36 bytes from socket.
17-09-2018 16:26:04 TCP: Parsing Data....
17-09-2018 16:26:04 TCP: Saving Data Into Database......
17-09-2018 16:26:04 TCP: Successfully Saved To Database......
17-09-2018 16:26:14 TCP: Recieved 36 bytes from socket.
17-09-2018 16:26:14 TCP: Parsing Data....
17-09-2018 16:26:14 TCP: Saving Data Into Database......
17-09-2018 16:26:14 TCP: Successfully Saved To Database......
17-09-2018 16:26:24 TCP: Recieved 36 bytes from socket.
17-09-2018 16:26:29 TCP: Parsing Data....
17-09-2018 16:26:29 TCP: Saving Data Into Database......
17-09-2018 16:26:29 TCP: Successfully Saved To Database......
17-09-2018 16:26:34 TCP: Got new connection: 106.76.113.49:24021
17-09-2018 16:26:35 TCP: Recieved 18 bytes from socket.
17-09-2018 16:26:35 TCP: Parsing Data....
17-09-2018 16:26:35 TCP: Parsing Data....
17-09-2018 16:26:39 TCP: Recieved 36 bytes from socket.
17-09-2018 16:26:42 TCP: Parsing Data....
17-09-2018 16:26:42 TCP: Saving Data Into Database......
17-09-2018 16:26:42 TCP: Successfully Saved To Database......
17-09-2018 16:26:42 TCP: Recieved 15 bytes from socket.
17-09-2018 16:26:42 TCP: Parsing Data....
17-09-2018 16:26:44 TCP: Recieved 36 bytes from socket.
17-09-2018 16:26:44 TCP: Parsing Data....
17-09-2018 16:26:44 TCP: Saving Data Into Database......
17-09-2018 16:26:44 TCP: Successfully Saved To Database......
17-09-2018 16:26:53 TCP: Recieved 36 bytes from socket.
17-09-2018 16:26:53 TCP: Parsing Data....
17-09-2018 16:26:53 TCP: Saving Data Into Database......
17-09-2018 16:26:54 TCP: Successfully Saved To Database......
17-09-2018 16:27:04 TCP: Recieved 36 bytes from socket.
17-09-2018 16:27:04 TCP: Parsing Data....
17-09-2018 16:27:04 TCP: Saving Data Into Database......
17-09-2018 16:27:04 TCP: Successfully Saved To Database......
17-09-2018 16:28:05 TCP: Recieved 15 bytes from socket.
17-09-2018 16:28:05 TCP: Parsing Data....
17-09-2018 16:29:35 TCP: Recieved 15 bytes from socket.
17-09-2018 16:29:35 TCP: Parsing Data....
