17-09-2018 16:49:05 UDP: Started listening at port 8414
17-09-2018 16:49:05 TCP: Started listening at port 10025
17-09-2018 16:49:05 TCP Output Control: Started listening at port 669
17-09-2018 16:49:06 TCP Output Control: Error in confirmation checker.
17-09-2018 16:49:06 TCP Output Control: System.InvalidOperationException: ExecuteNonQuery requires the command to have a transaction when the connection assigned to the command is in a pending local transaction.  The Transaction property of the command has not been initialized.
   at System.Data.SqlClient.SqlCommand.ValidateCommand(String method, Boolean async)
   at System.Data.SqlClient.SqlCommand.InternalExecuteNonQuery(TaskCompletionSource`1 completion, String methodName, Boolean sendToPipe, Int32 timeout, Boolean& usedCache, Boolean asyncWrite, Boolean inRetry)
   at System.Data.SqlClient.SqlCommand.ExecuteNonQuery()
   at ExampleService.DataAccess.MSSqlDataAccess.OutputUpdate(Int32 id, Byte status) in C:\Users\Abuzar\Desktop\2deviceconsole 11-09-2018\GPSIndia\ExampleService\DataAccess\MSSqlDataAccess.cs:line 540
   at ExampleService.DataAccess.MSSqlDataAccess.CheckConfirmationExpirations() in C:\Users\Abuzar\Desktop\2deviceconsole 11-09-2018\GPSIndia\ExampleService\DataAccess\MSSqlDataAccess.cs:line 561
   at ExampleService.TCPOutputControl.CheckConfirmationExpiration() in C:\Users\Abuzar\Desktop\2deviceconsole 11-09-2018\GPSIndia\ExampleService\TCPOutputControl.cs:line 313
17-09-2018 16:49:32 TCP: Got new connection: 49.14.210.181:9707
17-09-2018 16:49:32 TCP: Recieved 18 bytes from socket.
17-09-2018 16:49:32 TCP: Parsing Data....
17-09-2018 16:49:33 TCP: Parsing Data....
17-09-2018 16:49:35 TCP: Recieved 15 bytes from socket.
17-09-2018 16:49:35 TCP: Parsing Data....
17-09-2018 16:49:39 TCP: Recieved 36 bytes from socket.
17-09-2018 16:49:39 TCP: Parsing Data....
17-09-2018 16:49:39 TCP: Saving Data Into Database......
17-09-2018 16:49:39 TCP: Successfully Saved To Database......
17-09-2018 16:49:42 TCP: Recieved 15 bytes from socket.
17-09-2018 16:49:42 TCP: Parsing Data....
17-09-2018 16:49:45 TCP: Recieved 15 bytes from socket.
17-09-2018 16:49:45 TCP: Parsing Data....
17-09-2018 16:49:48 TCP: Recieved 36 bytes from socket.
17-09-2018 16:49:48 TCP: Parsing Data....
17-09-2018 16:49:48 TCP: Saving Data Into Database......
17-09-2018 16:49:48 TCP: Successfully Saved To Database......
17-09-2018 16:49:51 TCP: Recieved 36 bytes from socket.
17-09-2018 16:49:51 TCP: Parsing Data....
17-09-2018 16:49:51 TCP: Saving Data Into Database......
17-09-2018 16:49:52 TCP: Successfully Saved To Database......
17-09-2018 16:49:54 TCP: Recieved 36 bytes from socket.
17-09-2018 16:49:54 TCP: Parsing Data....
17-09-2018 16:49:54 TCP: Saving Data Into Database......
17-09-2018 16:49:54 TCP: Successfully Saved To Database......
