31-08-2018 16:21:02 UDP: Started listening at port 8414
31-08-2018 16:21:02 TCP: Started listening at port 10025
31-08-2018 16:21:03 TCP Output Control: Started listening at port 668
31-08-2018 16:21:03 TCP Output Control: Error in confirmation checker.
31-08-2018 16:21:03 TCP Output Control: System.InvalidOperationException: ExecuteNonQuery requires the command to have a transaction when the connection assigned to the command is in a pending local transaction.  The Transaction property of the command has not been initialized.
   at System.Data.SqlClient.SqlCommand.ValidateCommand(String method, Boolean async)
   at System.Data.SqlClient.SqlCommand.InternalExecuteNonQuery(TaskCompletionSource`1 completion, String methodName, Boolean sendToPipe, Int32 timeout, Boolean& usedCache, Boolean asyncWrite, Boolean inRetry)
   at System.Data.SqlClient.SqlCommand.ExecuteNonQuery()
   at ExampleService.DataAccess.MSSqlDataAccess.OutputUpdate(Int32 id, Byte status) in C:\Users\Abuzar\Desktop\27-08-2018\ExampleService\DataAccess\MSSqlDataAccess.cs:line 540
   at ExampleService.DataAccess.MSSqlDataAccess.CheckConfirmationExpirations() in C:\Users\Abuzar\Desktop\27-08-2018\ExampleService\DataAccess\MSSqlDataAccess.cs:line 561
   at ExampleService.TCPOutputControl.CheckConfirmationExpiration() in C:\Users\Abuzar\Desktop\27-08-2018\ExampleService\TCPOutputControl.cs:line 312
31-08-2018 16:21:24 TCP: Got new connection: 42.106.25.240:39717
31-08-2018 16:21:25 TCP: Recieved 18 bytes from socket.
31-08-2018 16:21:25 TCP: Checking for keyword validity.
31-08-2018 16:21:25 TCP: Keyword valid. Waiting for data.
31-08-2018 16:21:28 TCP: Recieved 15 bytes from socket.
31-08-2018 16:21:28 TCP: Packet too short.
31-08-2018 16:21:31 TCP: Recieved 36 bytes from socket.
31-08-2018 16:21:34 TCP: Recieved 36 bytes from socket.
31-08-2018 16:21:34 TCP: Checking for keyword validity.
31-08-2018 16:21:34 TCP: Keyword valid. Waiting for data.
31-08-2018 16:21:37 TCP: Recieved 36 bytes from socket.
31-08-2018 16:21:41 TCP: Recieved 36 bytes from socket.
31-08-2018 16:21:41 TCP: Checking for keyword validity.
31-08-2018 16:21:41 TCP: Keyword valid. Waiting for data.
31-08-2018 16:21:43 TCP: Recieved 36 bytes from socket.
31-08-2018 16:21:46 TCP: Recieved 36 bytes from socket.
31-08-2018 16:21:46 TCP: Checking for keyword validity.
31-08-2018 16:21:46 TCP: Keyword valid. Waiting for data.
31-08-2018 16:21:49 TCP: Recieved 36 bytes from socket.
31-08-2018 16:21:52 TCP: Recieved 15 bytes from socket.
31-08-2018 16:21:52 TCP: Checking for keyword validity.
31-08-2018 16:21:52 TCP: Keyword valid. Waiting for data.
31-08-2018 16:21:55 TCP: Recieved 36 bytes from socket.
31-08-2018 16:21:58 TCP: Recieved 36 bytes from socket.
31-08-2018 16:21:58 TCP: Checking for keyword validity.
31-08-2018 16:21:58 TCP: Keyword valid. Waiting for data.
31-08-2018 16:22:01 TCP: Recieved 36 bytes from socket.
31-08-2018 16:22:04 TCP: Recieved 36 bytes from socket.
31-08-2018 16:22:04 TCP: Checking for keyword validity.
31-08-2018 16:22:04 TCP: Keyword valid. Waiting for data.
31-08-2018 16:22:07 TCP: Recieved 36 bytes from socket.
31-08-2018 16:22:10 TCP: Recieved 36 bytes from socket.
31-08-2018 16:22:10 TCP: Checking for keyword validity.
31-08-2018 16:22:10 TCP: Keyword valid. Waiting for data.
31-08-2018 16:22:13 TCP: Recieved 36 bytes from socket.
31-08-2018 16:22:16 TCP: Recieved 36 bytes from socket.
31-08-2018 16:22:16 TCP: Checking for keyword validity.
31-08-2018 16:22:16 TCP: Keyword valid. Waiting for data.
31-08-2018 16:22:19 TCP: Recieved 36 bytes from socket.
31-08-2018 16:22:26 TCP: Recieved 36 bytes from socket.
31-08-2018 16:22:26 TCP: Checking for keyword validity.
31-08-2018 16:22:26 TCP: Keyword valid. Waiting for data.
31-08-2018 16:22:36 TCP: Recieved 36 bytes from socket.
31-08-2018 16:22:46 TCP: Recieved 36 bytes from socket.
31-08-2018 16:22:46 TCP: Checking for keyword validity.
31-08-2018 16:22:46 TCP: Keyword valid. Waiting for data.
31-08-2018 16:22:55 TCP: Recieved 15 bytes from socket.
31-08-2018 16:22:55 TCP: Packet too short.
31-08-2018 16:22:56 TCP: Recieved 36 bytes from socket.
31-08-2018 16:23:06 TCP: Recieved 36 bytes from socket.
31-08-2018 16:23:06 TCP: Checking for keyword validity.
31-08-2018 16:23:06 TCP: Keyword valid. Waiting for data.
31-08-2018 16:23:17 TCP: Recieved 36 bytes from socket.
31-08-2018 16:23:26 TCP: Recieved 36 bytes from socket.
31-08-2018 16:23:26 TCP: Checking for keyword validity.
31-08-2018 16:23:26 TCP: Keyword valid. Waiting for data.
31-08-2018 16:23:36 TCP: Recieved 36 bytes from socket.
31-08-2018 16:23:46 TCP: Recieved 36 bytes from socket.
31-08-2018 16:23:46 TCP: Checking for keyword validity.
31-08-2018 16:23:46 TCP: Keyword valid. Waiting for data.
31-08-2018 16:23:56 TCP: Recieved 36 bytes from socket.
31-08-2018 16:24:06 TCP: Recieved 36 bytes from socket.
31-08-2018 16:24:06 TCP: Checking for keyword validity.
31-08-2018 16:24:06 TCP: Keyword valid. Waiting for data.
31-08-2018 16:24:16 TCP: Recieved 36 bytes from socket.
31-08-2018 16:24:28 TCP: Got new connection: 42.106.25.240:29212
31-08-2018 16:24:28 TCP: Recieved 18 bytes from socket.
31-08-2018 16:24:28 TCP: Checking for keyword validity.
31-08-2018 16:24:28 TCP: Keyword valid. Waiting for data.
31-08-2018 16:24:31 TCP: Recieved 15 bytes from socket.
31-08-2018 16:24:31 TCP: Packet too short.
31-08-2018 16:24:36 TCP: Recieved 36 bytes from socket.
31-08-2018 16:24:37 TCP: Recieved 36 bytes from socket.
31-08-2018 16:24:37 TCP: Checking for keyword validity.
31-08-2018 16:24:37 TCP: Keyword valid. Waiting for data.
31-08-2018 16:24:46 TCP: Recieved 36 bytes from socket.
31-08-2018 16:24:56 TCP: Recieved 36 bytes from socket.
31-08-2018 16:24:56 TCP: Checking for keyword validity.
31-08-2018 16:24:56 TCP: Keyword valid. Waiting for data.
31-08-2018 16:25:06 TCP: Recieved 36 bytes from socket.
31-08-2018 16:25:16 TCP: Recieved 36 bytes from socket.
31-08-2018 16:25:16 TCP: Checking for keyword validity.
31-08-2018 16:25:16 TCP: Keyword valid. Waiting for data.
31-08-2018 16:25:26 TCP: Recieved 36 bytes from socket.
31-08-2018 16:25:36 TCP: Recieved 36 bytes from socket.
31-08-2018 16:25:36 TCP: Checking for keyword validity.
31-08-2018 16:25:36 TCP: Keyword valid. Waiting for data.
