11-09-2018 18:59:15 UDP: Started listening at port 8414
11-09-2018 18:59:15 TCP: Started listening at port 10025
11-09-2018 18:59:15 TCP Output Control: Started listening at port 669
11-09-2018 18:59:16 TCP Output Control: Error in confirmation checker.
11-09-2018 18:59:16 TCP Output Control: System.InvalidOperationException: ExecuteNonQuery requires the command to have a transaction when the connection assigned to the command is in a pending local transaction.  The Transaction property of the command has not been initialized.
   at System.Data.SqlClient.SqlCommand.ValidateCommand(String method, Boolean async)
   at System.Data.SqlClient.SqlCommand.InternalExecuteNonQuery(TaskCompletionSource`1 completion, String methodName, Boolean sendToPipe, Int32 timeout, Boolean& usedCache, Boolean asyncWrite, Boolean inRetry)
   at System.Data.SqlClient.SqlCommand.ExecuteNonQuery()
   at ExampleService.DataAccess.MSSqlDataAccess.OutputUpdate(Int32 id, Byte status) in C:\Users\Abuzar\Desktop\2deviceconsole 11-09-2018\GPSIndia\ExampleService\DataAccess\MSSqlDataAccess.cs:line 540
   at ExampleService.DataAccess.MSSqlDataAccess.CheckConfirmationExpirations() in C:\Users\Abuzar\Desktop\2deviceconsole 11-09-2018\GPSIndia\ExampleService\DataAccess\MSSqlDataAccess.cs:line 561
   at ExampleService.TCPOutputControl.CheckConfirmationExpiration() in C:\Users\Abuzar\Desktop\2deviceconsole 11-09-2018\GPSIndia\ExampleService\TCPOutputControl.cs:line 313
11-09-2018 18:59:53 TCP: Got new connection: 106.77.59.188:31948
11-09-2018 18:59:54 TCP: Recieved 18 bytes from socket.
11-09-2018 18:59:54 TCP: Parsing Data....
11-09-2018 18:59:54 TCP: Parsing Data....
11-09-2018 18:59:57 TCP: Recieved 36 bytes from socket.
11-09-2018 18:59:57 TCP: Parsing Data....
11-09-2018 18:59:57 TCP: Saving Data Into Database......
11-09-2018 18:59:57 TCP: Successfully Saved To Database......
11-09-2018 19:00:00 TCP: Recieved 36 bytes from socket.
11-09-2018 19:00:00 TCP: Parsing Data....
11-09-2018 19:00:00 TCP: Saving Data Into Database......
11-09-2018 19:00:00 TCP: Successfully Saved To Database......
11-09-2018 19:00:03 TCP: Recieved 36 bytes from socket.
11-09-2018 19:00:03 TCP: Parsing Data....
11-09-2018 19:00:03 TCP: Saving Data Into Database......
11-09-2018 19:00:03 TCP: Successfully Saved To Database......
11-09-2018 19:00:06 TCP: Recieved 36 bytes from socket.
11-09-2018 19:00:06 TCP: Parsing Data....
11-09-2018 19:00:06 TCP: Saving Data Into Database......
11-09-2018 19:00:06 TCP: Successfully Saved To Database......
11-09-2018 19:00:09 TCP: Recieved 36 bytes from socket.
11-09-2018 19:00:09 TCP: Parsing Data....
11-09-2018 19:00:09 TCP: Saving Data Into Database......
11-09-2018 19:00:09 TCP: Successfully Saved To Database......
11-09-2018 19:00:12 TCP: Recieved 15 bytes from socket.
11-09-2018 19:00:12 TCP: Parsing Data....
11-09-2018 19:00:15 TCP: Recieved 36 bytes from socket.
11-09-2018 19:00:15 TCP: Parsing Data....
11-09-2018 19:00:15 TCP: Saving Data Into Database......
11-09-2018 19:00:15 TCP: Successfully Saved To Database......
11-09-2018 19:00:18 TCP: Recieved 36 bytes from socket.
11-09-2018 19:00:18 TCP: Parsing Data....
11-09-2018 19:00:18 TCP: Saving Data Into Database......
11-09-2018 19:00:18 TCP: Successfully Saved To Database......
11-09-2018 19:00:21 TCP: Recieved 36 bytes from socket.
11-09-2018 19:00:21 TCP: Parsing Data....
11-09-2018 19:00:21 TCP: Saving Data Into Database......
11-09-2018 19:00:21 TCP: Successfully Saved To Database......
11-09-2018 19:00:24 TCP: Recieved 36 bytes from socket.
11-09-2018 19:00:24 TCP: Parsing Data....
11-09-2018 19:00:24 TCP: Saving Data Into Database......
11-09-2018 19:00:24 TCP: Successfully Saved To Database......
11-09-2018 19:00:27 TCP: Recieved 36 bytes from socket.
11-09-2018 19:00:27 TCP: Parsing Data....
11-09-2018 19:00:27 TCP: Saving Data Into Database......
11-09-2018 19:00:27 TCP: Successfully Saved To Database......
11-09-2018 19:00:30 TCP: Recieved 36 bytes from socket.
11-09-2018 19:00:30 TCP: Parsing Data....
11-09-2018 19:00:30 TCP: Saving Data Into Database......
11-09-2018 19:00:30 TCP: Successfully Saved To Database......
11-09-2018 19:00:33 TCP: Recieved 36 bytes from socket.
11-09-2018 19:00:33 TCP: Parsing Data....
11-09-2018 19:00:33 TCP: Saving Data Into Database......
11-09-2018 19:00:33 TCP: Successfully Saved To Database......
11-09-2018 19:00:36 TCP: Recieved 36 bytes from socket.
11-09-2018 19:00:36 TCP: Parsing Data....
11-09-2018 19:00:36 TCP: Saving Data Into Database......
11-09-2018 19:00:36 TCP: Successfully Saved To Database......
11-09-2018 19:00:39 TCP: Recieved 36 bytes from socket.
11-09-2018 19:00:39 TCP: Parsing Data....
11-09-2018 19:00:39 TCP: Saving Data Into Database......
11-09-2018 19:00:39 TCP: Successfully Saved To Database......
11-09-2018 19:00:42 TCP: Recieved 15 bytes from socket.
11-09-2018 19:00:42 TCP: Parsing Data....
11-09-2018 19:00:45 TCP: Recieved 36 bytes from socket.
11-09-2018 19:00:45 TCP: Parsing Data....
11-09-2018 19:00:45 TCP: Saving Data Into Database......
11-09-2018 19:00:45 TCP: Successfully Saved To Database......
11-09-2018 19:00:50 TCP: Recieved 36 bytes from socket.
11-09-2018 19:00:50 TCP: Parsing Data....
11-09-2018 19:00:50 TCP: Saving Data Into Database......
11-09-2018 19:00:50 TCP: Successfully Saved To Database......
11-09-2018 19:00:54 TCP: Recieved 36 bytes from socket.
11-09-2018 19:00:54 TCP: Parsing Data....
11-09-2018 19:00:54 TCP: Saving Data Into Database......
11-09-2018 19:00:54 TCP: Successfully Saved To Database......
11-09-2018 19:00:55 TCP: Recieved 36 bytes from socket.
11-09-2018 19:00:55 TCP: Parsing Data....
11-09-2018 19:00:55 TCP: Saving Data Into Database......
11-09-2018 19:00:55 TCP: Successfully Saved To Database......
11-09-2018 19:00:58 TCP: Recieved 36 bytes from socket.
11-09-2018 19:00:58 TCP: Parsing Data....
11-09-2018 19:00:58 TCP: Saving Data Into Database......
11-09-2018 19:00:58 TCP: Successfully Saved To Database......
11-09-2018 19:01:00 TCP: Recieved 36 bytes from socket.
11-09-2018 19:01:00 TCP: Parsing Data....
11-09-2018 19:01:00 TCP: Saving Data Into Database......
11-09-2018 19:01:00 TCP: Successfully Saved To Database......
11-09-2018 19:01:03 TCP: Recieved 36 bytes from socket.
11-09-2018 19:01:03 TCP: Parsing Data....
11-09-2018 19:01:03 TCP: Saving Data Into Database......
11-09-2018 19:01:03 TCP: Successfully Saved To Database......
11-09-2018 19:01:06 TCP: Recieved 36 bytes from socket.
11-09-2018 19:01:06 TCP: Parsing Data....
11-09-2018 19:01:06 TCP: Saving Data Into Database......
11-09-2018 19:01:06 TCP: Successfully Saved To Database......
11-09-2018 19:01:09 TCP: Recieved 36 bytes from socket.
11-09-2018 19:01:09 TCP: Parsing Data....
11-09-2018 19:01:09 TCP: Saving Data Into Database......
11-09-2018 19:01:09 TCP: Successfully Saved To Database......
11-09-2018 19:01:12 TCP: Recieved 15 bytes from socket.
11-09-2018 19:01:12 TCP: Parsing Data....
11-09-2018 19:01:16 TCP: Recieved 36 bytes from socket.
11-09-2018 19:01:16 TCP: Parsing Data....
11-09-2018 19:01:16 TCP: Saving Data Into Database......
11-09-2018 19:01:16 TCP: Successfully Saved To Database......
11-09-2018 19:01:19 TCP: Recieved 36 bytes from socket.
11-09-2018 19:01:19 TCP: Parsing Data....
11-09-2018 19:01:19 TCP: Saving Data Into Database......
11-09-2018 19:01:19 TCP: Successfully Saved To Database......
11-09-2018 19:01:22 TCP: Recieved 36 bytes from socket.
11-09-2018 19:01:22 TCP: Parsing Data....
11-09-2018 19:01:22 TCP: Saving Data Into Database......
11-09-2018 19:01:22 TCP: Successfully Saved To Database......
11-09-2018 19:01:28 TCP: Got new connection: 106.77.59.188:29706
11-09-2018 19:01:30 TCP: Recieved 18 bytes from socket.
11-09-2018 19:01:30 TCP: Parsing Data....
11-09-2018 19:01:30 TCP: Parsing Data....
11-09-2018 19:01:35 TCP: Recieved 36 bytes from socket.
11-09-2018 19:01:35 TCP: Parsing Data....
11-09-2018 19:01:35 TCP: Saving Data Into Database......
11-09-2018 19:01:35 TCP: Successfully Saved To Database......
11-09-2018 19:01:36 TCP: Recieved 15 bytes from socket.
11-09-2018 19:01:36 TCP: Parsing Data....
11-09-2018 19:01:38 TCP: Recieved 36 bytes from socket.
11-09-2018 19:01:38 TCP: Parsing Data....
11-09-2018 19:01:38 TCP: Saving Data Into Database......
11-09-2018 19:01:38 TCP: Successfully Saved To Database......
11-09-2018 19:01:41 TCP: Recieved 36 bytes from socket.
11-09-2018 19:01:41 TCP: Parsing Data....
11-09-2018 19:01:41 TCP: Saving Data Into Database......
11-09-2018 19:01:41 TCP: Successfully Saved To Database......
11-09-2018 19:01:45 TCP: Recieved 36 bytes from socket.
11-09-2018 19:01:45 TCP: Parsing Data....
11-09-2018 19:01:45 TCP: Saving Data Into Database......
11-09-2018 19:01:45 TCP: Successfully Saved To Database......
11-09-2018 19:01:46 TCP: Recieved 36 bytes from socket.
11-09-2018 19:01:46 TCP: Parsing Data....
11-09-2018 19:01:46 TCP: Saving Data Into Database......
11-09-2018 19:01:46 TCP: Successfully Saved To Database......
11-09-2018 19:01:49 TCP: Recieved 36 bytes from socket.
11-09-2018 19:01:49 TCP: Parsing Data....
11-09-2018 19:01:49 TCP: Saving Data Into Database......
11-09-2018 19:01:49 TCP: Successfully Saved To Database......
11-09-2018 19:01:53 TCP: Recieved 36 bytes from socket.
11-09-2018 19:01:53 TCP: Parsing Data....
11-09-2018 19:01:53 TCP: Saving Data Into Database......
11-09-2018 19:01:53 TCP: Successfully Saved To Database......
11-09-2018 19:01:55 TCP: Recieved 36 bytes from socket.
11-09-2018 19:01:55 TCP: Parsing Data....
11-09-2018 19:01:55 TCP: Saving Data Into Database......
11-09-2018 19:01:56 TCP: Successfully Saved To Database......
11-09-2018 19:01:58 TCP: Recieved 36 bytes from socket.
11-09-2018 19:01:58 TCP: Parsing Data....
11-09-2018 19:01:58 TCP: Saving Data Into Database......
11-09-2018 19:01:58 TCP: Successfully Saved To Database......
11-09-2018 19:02:02 TCP: Recieved 36 bytes from socket.
11-09-2018 19:02:02 TCP: Parsing Data....
11-09-2018 19:02:02 TCP: Saving Data Into Database......
11-09-2018 19:02:02 TCP: Successfully Saved To Database......
11-09-2018 19:02:04 TCP: Recieved 36 bytes from socket.
11-09-2018 19:02:04 TCP: Parsing Data....
11-09-2018 19:02:04 TCP: Saving Data Into Database......
11-09-2018 19:02:04 TCP: Successfully Saved To Database......
11-09-2018 19:02:08 TCP: Recieved 36 bytes from socket.
11-09-2018 19:02:08 TCP: Parsing Data....
11-09-2018 19:02:08 TCP: Saving Data Into Database......
11-09-2018 19:02:08 TCP: Successfully Saved To Database......
11-09-2018 19:02:11 TCP: Recieved 36 bytes from socket.
11-09-2018 19:02:11 TCP: Parsing Data....
11-09-2018 19:02:11 TCP: Saving Data Into Database......
11-09-2018 19:02:11 TCP: Successfully Saved To Database......
11-09-2018 19:02:14 TCP: Recieved 36 bytes from socket.
11-09-2018 19:02:14 TCP: Parsing Data....
11-09-2018 19:02:14 TCP: Saving Data Into Database......
11-09-2018 19:02:14 TCP: Successfully Saved To Database......
11-09-2018 19:02:16 TCP: Recieved 15 bytes from socket.
11-09-2018 19:02:16 TCP: Parsing Data....
11-09-2018 19:02:19 TCP: Recieved 36 bytes from socket.
11-09-2018 19:02:19 TCP: Parsing Data....
11-09-2018 19:02:19 TCP: Saving Data Into Database......
11-09-2018 19:02:19 TCP: Successfully Saved To Database......
11-09-2018 19:02:22 TCP: Recieved 36 bytes from socket.
11-09-2018 19:02:22 TCP: Parsing Data....
11-09-2018 19:02:22 TCP: Saving Data Into Database......
11-09-2018 19:02:22 TCP: Successfully Saved To Database......
11-09-2018 19:02:25 TCP: Recieved 36 bytes from socket.
11-09-2018 19:02:25 TCP: Parsing Data....
11-09-2018 19:02:25 TCP: Saving Data Into Database......
11-09-2018 19:02:25 TCP: Successfully Saved To Database......
11-09-2018 19:02:29 TCP: Recieved 36 bytes from socket.
11-09-2018 19:02:29 TCP: Parsing Data....
11-09-2018 19:02:29 TCP: Saving Data Into Database......
11-09-2018 19:02:29 TCP: Successfully Saved To Database......
11-09-2018 19:02:32 TCP: Recieved 36 bytes from socket.
11-09-2018 19:02:32 TCP: Parsing Data....
11-09-2018 19:02:32 TCP: Saving Data Into Database......
11-09-2018 19:02:32 TCP: Successfully Saved To Database......
11-09-2018 19:02:35 TCP: Recieved 36 bytes from socket.
11-09-2018 19:02:35 TCP: Parsing Data....
11-09-2018 19:02:35 TCP: Saving Data Into Database......
11-09-2018 19:02:35 TCP: Successfully Saved To Database......
11-09-2018 19:02:38 TCP: Recieved 36 bytes from socket.
11-09-2018 19:02:38 TCP: Parsing Data....
11-09-2018 19:02:38 TCP: Saving Data Into Database......
11-09-2018 19:02:38 TCP: Successfully Saved To Database......
11-09-2018 19:02:41 TCP: Recieved 36 bytes from socket.
11-09-2018 19:02:41 TCP: Parsing Data....
11-09-2018 19:02:41 TCP: Saving Data Into Database......
11-09-2018 19:02:41 TCP: Successfully Saved To Database......
11-09-2018 19:02:44 TCP: Recieved 36 bytes from socket.
11-09-2018 19:02:44 TCP: Parsing Data....
11-09-2018 19:02:44 TCP: Saving Data Into Database......
11-09-2018 19:02:44 TCP: Successfully Saved To Database......
11-09-2018 19:02:54 TCP: Recieved 36 bytes from socket.
11-09-2018 19:02:54 TCP: Parsing Data....
11-09-2018 19:02:54 TCP: Saving Data Into Database......
11-09-2018 19:02:54 TCP: Successfully Saved To Database......
11-09-2018 19:02:58 TCP: Recieved 15 bytes from socket.
11-09-2018 19:02:58 TCP: Parsing Data....
11-09-2018 19:03:04 TCP: Recieved 36 bytes from socket.
11-09-2018 19:03:04 TCP: Parsing Data....
11-09-2018 19:03:04 TCP: Saving Data Into Database......
11-09-2018 19:03:04 TCP: Successfully Saved To Database......
11-09-2018 19:03:14 TCP: Recieved 36 bytes from socket.
11-09-2018 19:03:14 TCP: Parsing Data....
11-09-2018 19:03:14 TCP: Saving Data Into Database......
11-09-2018 19:03:14 TCP: Successfully Saved To Database......
11-09-2018 19:03:24 TCP: Recieved 36 bytes from socket.
11-09-2018 19:03:24 TCP: Parsing Data....
11-09-2018 19:03:24 TCP: Saving Data Into Database......
11-09-2018 19:03:24 TCP: Successfully Saved To Database......
11-09-2018 19:03:35 TCP: Recieved 36 bytes from socket.
11-09-2018 19:03:35 TCP: Parsing Data....
11-09-2018 19:03:35 TCP: Saving Data Into Database......
11-09-2018 19:03:35 TCP: Successfully Saved To Database......
11-09-2018 19:03:43 TCP: Recieved 36 bytes from socket.
11-09-2018 19:03:43 TCP: Parsing Data....
11-09-2018 19:03:43 TCP: Saving Data Into Database......
11-09-2018 19:03:44 TCP: Successfully Saved To Database......
11-09-2018 19:03:53 TCP: Recieved 36 bytes from socket.
11-09-2018 19:03:53 TCP: Parsing Data....
11-09-2018 19:03:53 TCP: Saving Data Into Database......
11-09-2018 19:03:53 TCP: Successfully Saved To Database......
11-09-2018 19:04:03 TCP: Recieved 36 bytes from socket.
11-09-2018 19:04:03 TCP: Parsing Data....
11-09-2018 19:04:03 TCP: Saving Data Into Database......
11-09-2018 19:04:03 TCP: Successfully Saved To Database......
11-09-2018 19:04:13 TCP: Recieved 36 bytes from socket.
11-09-2018 19:04:13 TCP: Parsing Data....
11-09-2018 19:04:13 TCP: Saving Data Into Database......
11-09-2018 19:04:13 TCP: Successfully Saved To Database......
11-09-2018 19:04:23 TCP: Recieved 36 bytes from socket.
11-09-2018 19:04:23 TCP: Parsing Data....
11-09-2018 19:04:23 TCP: Saving Data Into Database......
11-09-2018 19:04:24 TCP: Successfully Saved To Database......
11-09-2018 19:04:29 TCP: Recieved 15 bytes from socket.
11-09-2018 19:04:29 TCP: Parsing Data....
11-09-2018 19:04:33 TCP: Recieved 36 bytes from socket.
11-09-2018 19:04:33 TCP: Parsing Data....
11-09-2018 19:04:33 TCP: Saving Data Into Database......
11-09-2018 19:04:33 TCP: Successfully Saved To Database......
11-09-2018 19:04:44 TCP: Recieved 36 bytes from socket.
11-09-2018 19:04:44 TCP: Parsing Data....
11-09-2018 19:04:44 TCP: Saving Data Into Database......
11-09-2018 19:04:45 TCP: Successfully Saved To Database......
