03-09-2018 18:08:53 UDP: Started listening at port 8414
03-09-2018 18:08:53 TCP: Started listening at port 10025
03-09-2018 18:08:53 TCP Output Control: Started listening at port 668
03-09-2018 18:08:53 TCP Output Control: Error in confirmation checker.
03-09-2018 18:08:53 TCP Output Control: System.InvalidOperationException: ExecuteNonQuery requires the command to have a transaction when the connection assigned to the command is in a pending local transaction.  The Transaction property of the command has not been initialized.
   at System.Data.SqlClient.SqlCommand.ValidateCommand(String method, Boolean async)
   at System.Data.SqlClient.SqlCommand.InternalExecuteNonQuery(TaskCompletionSource`1 completion, String methodName, Boolean sendToPipe, Int32 timeout, Boolean& usedCache, Boolean asyncWrite, Boolean inRetry)
   at System.Data.SqlClient.SqlCommand.ExecuteNonQuery()
   at ExampleService.DataAccess.MSSqlDataAccess.OutputUpdate(Int32 id, Byte status) in C:\Users\Abuzar\Desktop\27-08-2018\ExampleService\DataAccess\MSSqlDataAccess.cs:line 540
   at ExampleService.DataAccess.MSSqlDataAccess.CheckConfirmationExpirations() in C:\Users\Abuzar\Desktop\27-08-2018\ExampleService\DataAccess\MSSqlDataAccess.cs:line 561
   at ExampleService.TCPOutputControl.CheckConfirmationExpiration() in C:\Users\Abuzar\Desktop\27-08-2018\ExampleService\TCPOutputControl.cs:line 313
03-09-2018 18:09:15 TCP: Got new connection: 42.106.28.35:59683
03-09-2018 18:09:17 TCP: Recieved 18 bytes from socket.
03-09-2018 18:09:17 TCP: Parsing Data....
03-09-2018 18:09:17 TCP: Parsing Data....
03-09-2018 18:09:20 TCP: Recieved 36 bytes from socket.
03-09-2018 18:09:20 TCP: Parsing Data....
03-09-2018 18:09:20 TCP: Saving Data Into Database......
03-09-2018 18:09:20 TCP: Successfully Saved To Database......
03-09-2018 18:09:23 TCP: Recieved 36 bytes from socket.
03-09-2018 18:09:23 TCP: Parsing Data....
03-09-2018 18:09:23 TCP: Saving Data Into Database......
03-09-2018 18:09:23 TCP: Successfully Saved To Database......
03-09-2018 18:09:26 TCP: Recieved 36 bytes from socket.
03-09-2018 18:09:26 TCP: Parsing Data....
03-09-2018 18:09:26 TCP: Saving Data Into Database......
03-09-2018 18:09:26 TCP: Successfully Saved To Database......
03-09-2018 18:09:29 TCP: Recieved 36 bytes from socket.
03-09-2018 18:09:29 TCP: Parsing Data....
03-09-2018 18:09:29 TCP: Saving Data Into Database......
03-09-2018 18:09:29 TCP: Successfully Saved To Database......
03-09-2018 18:09:31 TCP: Recieved 36 bytes from socket.
03-09-2018 18:09:31 TCP: Parsing Data....
03-09-2018 18:09:31 TCP: Saving Data Into Database......
03-09-2018 18:09:32 TCP: Successfully Saved To Database......
03-09-2018 18:09:34 TCP: Recieved 36 bytes from socket.
03-09-2018 18:09:34 TCP: Parsing Data....
03-09-2018 18:09:34 TCP: Saving Data Into Database......
03-09-2018 18:09:34 TCP: Successfully Saved To Database......
03-09-2018 18:09:38 TCP: Recieved 36 bytes from socket.
03-09-2018 18:09:38 TCP: Parsing Data....
03-09-2018 18:09:38 TCP: Saving Data Into Database......
03-09-2018 18:09:38 TCP: Successfully Saved To Database......
03-09-2018 18:09:41 TCP: Recieved 15 bytes from socket.
03-09-2018 18:09:41 TCP: Parsing Data....
