30-08-2018 15:13:38 UDP: Started listening at port 8414
30-08-2018 15:13:38 TCP: Started listening at port 10025
30-08-2018 15:13:39 TCP Output Control: Started listening at port 668
30-08-2018 15:13:40 TCP Output Control: Error in confirmation checker.
30-08-2018 15:13:40 TCP Output Control: System.InvalidOperationException: ExecuteNonQuery requires the command to have a transaction when the connection assigned to the command is in a pending local transaction.  The Transaction property of the command has not been initialized.
   at System.Data.SqlClient.SqlCommand.ValidateCommand(String method, Boolean async)
   at System.Data.SqlClient.SqlCommand.InternalExecuteNonQuery(TaskCompletionSource`1 completion, String methodName, Boolean sendToPipe, Int32 timeout, Boolean& usedCache, Boolean asyncWrite, Boolean inRetry)
   at System.Data.SqlClient.SqlCommand.ExecuteNonQuery()
   at ExampleService.DataAccess.MSSqlDataAccess.OutputUpdate(Int32 id, Byte status) in C:\Users\Abuzar\Desktop\27-08-2018\ExampleService\DataAccess\MSSqlDataAccess.cs:line 540
   at ExampleService.DataAccess.MSSqlDataAccess.CheckConfirmationExpirations() in C:\Users\Abuzar\Desktop\27-08-2018\ExampleService\DataAccess\MSSqlDataAccess.cs:line 561
   at ExampleService.TCPOutputControl.CheckConfirmationExpiration() in C:\Users\Abuzar\Desktop\27-08-2018\ExampleService\TCPOutputControl.cs:line 312
30-08-2018 15:13:59 TCP: Got new connection: 42.106.16.125:18106
30-08-2018 15:14:02 TCP: Recieved 18 bytes from socket.
30-08-2018 15:14:02 TCP: Checking for keyword validity.
30-08-2018 15:14:03 TCP: Keyword valid. Waiting for data.
30-08-2018 15:14:04 TCP: Recieved 36 bytes from socket.
30-08-2018 15:14:10 TCP: Recieved 87 bytes from socket.
30-08-2018 15:14:10 TCP: Checking for keyword validity.
30-08-2018 15:14:12 TCP: Keyword valid. Waiting for data.
30-08-2018 15:14:14 TCP: Recieved 36 bytes from socket.
30-08-2018 15:14:21 TCP: Recieved 72 bytes from socket.
30-08-2018 15:14:21 TCP: Checking for keyword validity.
30-08-2018 15:14:23 TCP: Keyword valid. Waiting for data.
30-08-2018 15:14:24 TCP: Recieved 36 bytes from socket.
30-08-2018 15:14:30 TCP: Recieved 36 bytes from socket.
30-08-2018 15:14:30 TCP: Checking for keyword validity.
30-08-2018 15:14:31 TCP: Keyword valid. Waiting for data.
30-08-2018 15:14:40 TCP: Recieved 36 bytes from socket.
