10-09-2018 16:33:00 UDP: Started listening at port 8414
10-09-2018 16:33:00 TCP: Started listening at port 10025
10-09-2018 16:33:01 TCP Output Control: Started listening at port 668
10-09-2018 16:33:01 TCP Output Control: Error in confirmation checker.
10-09-2018 16:33:01 TCP Output Control: System.InvalidOperationException: ExecuteNonQuery requires the command to have a transaction when the connection assigned to the command is in a pending local transaction.  The Transaction property of the command has not been initialized.
   at System.Data.SqlClient.SqlCommand.ValidateCommand(String method, Boolean async)
   at System.Data.SqlClient.SqlCommand.InternalExecuteNonQuery(TaskCompletionSource`1 completion, String methodName, Boolean sendToPipe, Int32 timeout, Boolean& usedCache, Boolean asyncWrite, Boolean inRetry)
   at System.Data.SqlClient.SqlCommand.ExecuteNonQuery()
   at ExampleService.DataAccess.MSSqlDataAccess.OutputUpdate(Int32 id, Byte status) in C:\Users\Abuzar\Desktop\27-08-2018\ExampleService\DataAccess\MSSqlDataAccess.cs:line 540
   at ExampleService.DataAccess.MSSqlDataAccess.CheckConfirmationExpirations() in C:\Users\Abuzar\Desktop\27-08-2018\ExampleService\DataAccess\MSSqlDataAccess.cs:line 561
   at ExampleService.TCPOutputControl.CheckConfirmationExpiration() in C:\Users\Abuzar\Desktop\27-08-2018\ExampleService\TCPOutputControl.cs:line 313
10-09-2018 16:33:33 TCP: Got new connection: 49.14.48.139:3068
10-09-2018 16:33:34 TCP: Recieved 18 bytes from socket.
10-09-2018 16:33:34 TCP: Parsing Data....
10-09-2018 16:33:34 TCP: Parsing Data....
10-09-2018 16:33:37 TCP: Recieved 15 bytes from socket.
10-09-2018 16:33:52 TCP: Parsing Data....
10-09-2018 16:33:52 TCP: Recieved 159 bytes from socket.
10-09-2018 16:33:52 TCP: Parsing Data....
10-09-2018 16:33:52 TCP: Saving Data Into Database......
10-09-2018 16:33:53 TCP: Saving Data Into Database......
10-09-2018 16:33:53 TCP: Saving Data Into Database......
10-09-2018 16:33:53 TCP: Saving Data Into Database......
10-09-2018 16:33:55 TCP: Recieved 36 bytes from socket.
10-09-2018 16:33:58 TCP: Parsing Data....
10-09-2018 16:33:58 TCP: Saving Data Into Database......
