11-09-2018 16:38:55 UDP: Started listening at port 8414
11-09-2018 16:38:55 TCP: Started listening at port 10025
11-09-2018 16:38:56 TCP Output Control: Started listening at port 669
11-09-2018 16:38:56 TCP Output Control: Error in confirmation checker.
11-09-2018 16:38:56 TCP Output Control: System.InvalidOperationException: ExecuteNonQuery requires the command to have a transaction when the connection assigned to the command is in a pending local transaction.  The Transaction property of the command has not been initialized.
   at System.Data.SqlClient.SqlCommand.ValidateCommand(String method, Boolean async)
   at System.Data.SqlClient.SqlCommand.InternalExecuteNonQuery(TaskCompletionSource`1 completion, String methodName, Boolean sendToPipe, Int32 timeout, Boolean& usedCache, Boolean asyncWrite, Boolean inRetry)
   at System.Data.SqlClient.SqlCommand.ExecuteNonQuery()
   at ExampleService.DataAccess.MSSqlDataAccess.OutputUpdate(Int32 id, Byte status) in C:\Users\Abuzar\Desktop\2deviceconsole 11-09-2018\GPSIndia\ExampleService\DataAccess\MSSqlDataAccess.cs:line 540
   at ExampleService.DataAccess.MSSqlDataAccess.CheckConfirmationExpirations() in C:\Users\Abuzar\Desktop\2deviceconsole 11-09-2018\GPSIndia\ExampleService\DataAccess\MSSqlDataAccess.cs:line 561
   at ExampleService.TCPOutputControl.CheckConfirmationExpiration() in C:\Users\Abuzar\Desktop\2deviceconsole 11-09-2018\GPSIndia\ExampleService\TCPOutputControl.cs:line 313
11-09-2018 16:39:52 TCP: Got new connection: 106.77.13.138:10303
11-09-2018 16:39:53 TCP: Recieved 18 bytes from socket.
11-09-2018 16:39:53 TCP: Parsing Data....
11-09-2018 16:39:53 TCP: Parsing Data....
11-09-2018 16:39:56 TCP: Recieved 15 bytes from socket.
11-09-2018 16:39:56 TCP: Parsing Data....
11-09-2018 16:41:12 TCP: Got new connection: 106.77.34.144:43610
11-09-2018 16:41:13 TCP: Recieved 18 bytes from socket.
11-09-2018 16:41:13 TCP: Parsing Data....
11-09-2018 16:41:13 TCP: Parsing Data....
11-09-2018 16:41:16 TCP: Recieved 36 bytes from socket.
11-09-2018 16:41:16 TCP: Parsing Data....
11-09-2018 16:41:16 TCP: Saving Data Into Database......
11-09-2018 16:41:16 TCP: Successfully Saved To Database......
11-09-2018 16:41:19 TCP: Recieved 36 bytes from socket.
11-09-2018 16:41:19 TCP: Parsing Data....
11-09-2018 16:41:19 TCP: Saving Data Into Database......
11-09-2018 16:41:19 TCP: Successfully Saved To Database......
11-09-2018 16:41:22 TCP: Recieved 36 bytes from socket.
11-09-2018 16:41:22 TCP: Parsing Data....
11-09-2018 16:41:22 TCP: Saving Data Into Database......
11-09-2018 16:41:22 TCP: Successfully Saved To Database......
11-09-2018 16:41:25 TCP: Recieved 36 bytes from socket.
11-09-2018 16:41:25 TCP: Parsing Data....
11-09-2018 16:41:25 TCP: Saving Data Into Database......
11-09-2018 16:41:25 TCP: Successfully Saved To Database......
11-09-2018 16:41:28 TCP: Recieved 15 bytes from socket.
11-09-2018 16:41:28 TCP: Parsing Data....
11-09-2018 16:41:31 TCP: Recieved 36 bytes from socket.
11-09-2018 16:41:31 TCP: Parsing Data....
11-09-2018 16:41:31 TCP: Saving Data Into Database......
11-09-2018 16:41:31 TCP: Successfully Saved To Database......
11-09-2018 16:41:34 TCP: Recieved 36 bytes from socket.
11-09-2018 16:41:34 TCP: Parsing Data....
11-09-2018 16:41:34 TCP: Saving Data Into Database......
11-09-2018 16:41:34 TCP: Successfully Saved To Database......
11-09-2018 16:41:37 TCP: Recieved 36 bytes from socket.
11-09-2018 16:41:37 TCP: Parsing Data....
11-09-2018 16:41:37 TCP: Saving Data Into Database......
11-09-2018 16:41:37 TCP: Successfully Saved To Database......
11-09-2018 16:41:41 TCP: Recieved 36 bytes from socket.
11-09-2018 16:41:41 TCP: Parsing Data....
11-09-2018 16:41:41 TCP: Saving Data Into Database......
11-09-2018 16:41:41 TCP: Successfully Saved To Database......
11-09-2018 16:41:43 TCP: Recieved 36 bytes from socket.
11-09-2018 16:41:43 TCP: Parsing Data....
11-09-2018 16:41:43 TCP: Saving Data Into Database......
11-09-2018 16:41:43 TCP: Successfully Saved To Database......
11-09-2018 16:41:46 TCP: Recieved 36 bytes from socket.
11-09-2018 16:41:46 TCP: Parsing Data....
11-09-2018 16:41:46 TCP: Saving Data Into Database......
11-09-2018 16:41:46 TCP: Successfully Saved To Database......
11-09-2018 16:41:49 TCP: Recieved 36 bytes from socket.
11-09-2018 16:41:49 TCP: Parsing Data....
11-09-2018 16:41:49 TCP: Saving Data Into Database......
11-09-2018 16:41:49 TCP: Successfully Saved To Database......
11-09-2018 16:41:52 TCP: Recieved 36 bytes from socket.
11-09-2018 16:41:52 TCP: Parsing Data....
11-09-2018 16:41:52 TCP: Saving Data Into Database......
11-09-2018 16:41:52 TCP: Successfully Saved To Database......
11-09-2018 16:41:55 TCP: Recieved 36 bytes from socket.
11-09-2018 16:41:55 TCP: Parsing Data....
11-09-2018 16:41:55 TCP: Saving Data Into Database......
11-09-2018 16:41:55 TCP: Successfully Saved To Database......
11-09-2018 16:41:58 TCP: Recieved 36 bytes from socket.
11-09-2018 16:41:58 TCP: Parsing Data....
11-09-2018 16:41:58 TCP: Saving Data Into Database......
11-09-2018 16:41:58 TCP: Successfully Saved To Database......
11-09-2018 16:42:01 TCP: Recieved 15 bytes from socket.
11-09-2018 16:42:01 TCP: Parsing Data....
11-09-2018 16:42:04 TCP: Recieved 36 bytes from socket.
11-09-2018 16:42:04 TCP: Parsing Data....
11-09-2018 16:42:04 TCP: Saving Data Into Database......
11-09-2018 16:42:04 TCP: Successfully Saved To Database......
11-09-2018 16:42:07 TCP: Recieved 36 bytes from socket.
11-09-2018 16:42:07 TCP: Parsing Data....
11-09-2018 16:42:07 TCP: Saving Data Into Database......
11-09-2018 16:42:07 TCP: Successfully Saved To Database......
11-09-2018 16:42:10 TCP: Recieved 36 bytes from socket.
11-09-2018 16:42:10 TCP: Parsing Data....
11-09-2018 16:42:10 TCP: Saving Data Into Database......
11-09-2018 16:42:10 TCP: Successfully Saved To Database......
11-09-2018 16:42:13 TCP: Recieved 36 bytes from socket.
11-09-2018 16:42:13 TCP: Parsing Data....
11-09-2018 16:42:13 TCP: Saving Data Into Database......
11-09-2018 16:42:13 TCP: Successfully Saved To Database......
11-09-2018 16:42:16 TCP: Recieved 36 bytes from socket.
11-09-2018 16:42:16 TCP: Parsing Data....
11-09-2018 16:42:16 TCP: Saving Data Into Database......
11-09-2018 16:42:16 TCP: Successfully Saved To Database......
11-09-2018 16:42:19 TCP: Recieved 36 bytes from socket.
11-09-2018 16:42:19 TCP: Parsing Data....
11-09-2018 16:42:19 TCP: Saving Data Into Database......
11-09-2018 16:42:19 TCP: Successfully Saved To Database......
11-09-2018 16:42:22 TCP: Recieved 36 bytes from socket.
11-09-2018 16:42:22 TCP: Parsing Data....
11-09-2018 16:42:22 TCP: Saving Data Into Database......
11-09-2018 16:42:22 TCP: Successfully Saved To Database......
11-09-2018 16:42:25 TCP: Recieved 36 bytes from socket.
11-09-2018 16:42:25 TCP: Parsing Data....
11-09-2018 16:42:25 TCP: Saving Data Into Database......
11-09-2018 16:42:25 TCP: Successfully Saved To Database......
11-09-2018 16:42:28 TCP: Recieved 36 bytes from socket.
11-09-2018 16:42:28 TCP: Parsing Data....
11-09-2018 16:42:28 TCP: Saving Data Into Database......
11-09-2018 16:42:28 TCP: Successfully Saved To Database......
11-09-2018 16:42:31 TCP: Recieved 36 bytes from socket.
11-09-2018 16:42:31 TCP: Parsing Data....
11-09-2018 16:42:31 TCP: Saving Data Into Database......
11-09-2018 16:42:31 TCP: Successfully Saved To Database......
11-09-2018 16:42:34 TCP: Recieved 36 bytes from socket.
11-09-2018 16:42:34 TCP: Parsing Data....
11-09-2018 16:42:34 TCP: Saving Data Into Database......
11-09-2018 16:42:34 TCP: Successfully Saved To Database......
11-09-2018 16:42:37 TCP: Recieved 36 bytes from socket.
11-09-2018 16:42:37 TCP: Parsing Data....
11-09-2018 16:42:37 TCP: Saving Data Into Database......
11-09-2018 16:42:37 TCP: Successfully Saved To Database......
11-09-2018 16:42:40 TCP: Recieved 36 bytes from socket.
11-09-2018 16:42:40 TCP: Parsing Data....
11-09-2018 16:42:40 TCP: Saving Data Into Database......
11-09-2018 16:42:40 TCP: Successfully Saved To Database......
11-09-2018 16:42:42 TCP: Recieved 15 bytes from socket.
11-09-2018 16:42:42 TCP: Parsing Data....
11-09-2018 16:42:43 TCP: Recieved 36 bytes from socket.
11-09-2018 16:42:43 TCP: Parsing Data....
11-09-2018 16:42:43 TCP: Saving Data Into Database......
11-09-2018 16:42:43 TCP: Successfully Saved To Database......
11-09-2018 16:51:50 TCP: Got new connection: 106.78.162.143:55882
11-09-2018 16:51:51 TCP: Recieved 18 bytes from socket.
11-09-2018 16:51:51 TCP: Parsing Data....
11-09-2018 16:51:51 TCP: Parsing Data....
11-09-2018 16:51:54 TCP: Recieved 36 bytes from socket.
11-09-2018 16:51:54 TCP: Parsing Data....
11-09-2018 16:51:54 TCP: Saving Data Into Database......
11-09-2018 16:51:54 TCP: Successfully Saved To Database......
11-09-2018 16:51:57 TCP: Recieved 15 bytes from socket.
11-09-2018 16:51:57 TCP: Parsing Data....
11-09-2018 16:52:00 TCP: Recieved 36 bytes from socket.
11-09-2018 16:52:00 TCP: Parsing Data....
11-09-2018 16:52:00 TCP: Saving Data Into Database......
11-09-2018 16:52:00 TCP: Successfully Saved To Database......
11-09-2018 16:52:05 TCP: Recieved 36 bytes from socket.
11-09-2018 16:52:05 TCP: Parsing Data....
11-09-2018 16:52:05 TCP: Saving Data Into Database......
11-09-2018 16:52:05 TCP: Successfully Saved To Database......
11-09-2018 16:52:11 TCP: Recieved 36 bytes from socket.
11-09-2018 16:52:11 TCP: Parsing Data....
11-09-2018 16:52:11 TCP: Saving Data Into Database......
11-09-2018 16:52:11 TCP: Successfully Saved To Database......
11-09-2018 16:52:21 TCP: Recieved 36 bytes from socket.
11-09-2018 16:52:21 TCP: Parsing Data....
11-09-2018 16:52:21 TCP: Saving Data Into Database......
11-09-2018 16:52:21 TCP: Successfully Saved To Database......
11-09-2018 16:52:31 TCP: Recieved 36 bytes from socket.
11-09-2018 16:52:31 TCP: Parsing Data....
11-09-2018 16:52:31 TCP: Saving Data Into Database......
11-09-2018 16:52:31 TCP: Successfully Saved To Database......
11-09-2018 16:52:41 TCP: Recieved 36 bytes from socket.
11-09-2018 16:52:41 TCP: Parsing Data....
11-09-2018 16:52:41 TCP: Saving Data Into Database......
11-09-2018 16:52:41 TCP: Successfully Saved To Database......
11-09-2018 16:52:51 TCP: Recieved 36 bytes from socket.
11-09-2018 16:52:51 TCP: Parsing Data....
11-09-2018 16:52:51 TCP: Saving Data Into Database......
11-09-2018 16:52:51 TCP: Successfully Saved To Database......
11-09-2018 16:53:04 TCP: Recieved 36 bytes from socket.
11-09-2018 16:53:04 TCP: Parsing Data....
11-09-2018 16:53:04 TCP: Saving Data Into Database......
11-09-2018 16:53:04 TCP: Successfully Saved To Database......
11-09-2018 16:53:11 TCP: Recieved 36 bytes from socket.
11-09-2018 16:53:11 TCP: Parsing Data....
11-09-2018 16:53:11 TCP: Saving Data Into Database......
11-09-2018 16:53:11 TCP: Successfully Saved To Database......
11-09-2018 16:53:21 TCP: Recieved 15 bytes from socket.
11-09-2018 16:53:21 TCP: Parsing Data....
11-09-2018 16:53:24 TCP: Recieved 36 bytes from socket.
11-09-2018 16:53:24 TCP: Parsing Data....
11-09-2018 16:53:24 TCP: Saving Data Into Database......
11-09-2018 16:53:24 TCP: Successfully Saved To Database......
11-09-2018 16:53:31 TCP: Recieved 36 bytes from socket.
11-09-2018 16:53:31 TCP: Parsing Data....
11-09-2018 16:53:31 TCP: Saving Data Into Database......
11-09-2018 16:53:31 TCP: Successfully Saved To Database......
11-09-2018 16:53:41 TCP: Recieved 36 bytes from socket.
11-09-2018 16:53:41 TCP: Parsing Data....
11-09-2018 16:53:41 TCP: Saving Data Into Database......
11-09-2018 16:53:41 TCP: Successfully Saved To Database......
11-09-2018 16:53:51 TCP: Recieved 36 bytes from socket.
11-09-2018 16:53:51 TCP: Parsing Data....
11-09-2018 16:53:51 TCP: Saving Data Into Database......
11-09-2018 16:53:51 TCP: Successfully Saved To Database......
11-09-2018 16:54:01 TCP: Recieved 36 bytes from socket.
11-09-2018 16:54:01 TCP: Parsing Data....
11-09-2018 16:54:01 TCP: Saving Data Into Database......
11-09-2018 16:54:01 TCP: Successfully Saved To Database......
11-09-2018 16:54:11 TCP: Recieved 36 bytes from socket.
11-09-2018 16:54:11 TCP: Parsing Data....
11-09-2018 16:54:11 TCP: Saving Data Into Database......
11-09-2018 16:54:11 TCP: Successfully Saved To Database......
11-09-2018 16:54:21 TCP: Recieved 36 bytes from socket.
11-09-2018 16:54:21 TCP: Parsing Data....
11-09-2018 16:54:21 TCP: Saving Data Into Database......
11-09-2018 16:54:21 TCP: Successfully Saved To Database......
11-09-2018 16:54:31 TCP: Recieved 36 bytes from socket.
11-09-2018 16:54:31 TCP: Parsing Data....
11-09-2018 16:54:31 TCP: Saving Data Into Database......
11-09-2018 16:54:31 TCP: Successfully Saved To Database......
11-09-2018 16:54:41 TCP: Recieved 36 bytes from socket.
11-09-2018 16:54:41 TCP: Parsing Data....
11-09-2018 16:54:41 TCP: Saving Data Into Database......
11-09-2018 16:54:41 TCP: Successfully Saved To Database......
11-09-2018 16:54:51 TCP: Recieved 15 bytes from socket.
11-09-2018 16:54:51 TCP: Parsing Data....
11-09-2018 16:54:54 TCP: Recieved 36 bytes from socket.
11-09-2018 16:54:54 TCP: Parsing Data....
11-09-2018 16:54:54 TCP: Saving Data Into Database......
11-09-2018 16:54:54 TCP: Successfully Saved To Database......
11-09-2018 16:55:04 TCP: Recieved 36 bytes from socket.
11-09-2018 16:55:04 TCP: Parsing Data....
11-09-2018 16:55:04 TCP: Saving Data Into Database......
11-09-2018 16:55:04 TCP: Successfully Saved To Database......
11-09-2018 16:55:11 TCP: Recieved 36 bytes from socket.
11-09-2018 16:55:11 TCP: Parsing Data....
11-09-2018 16:55:11 TCP: Saving Data Into Database......
11-09-2018 16:55:11 TCP: Successfully Saved To Database......
11-09-2018 16:55:21 TCP: Recieved 36 bytes from socket.
11-09-2018 16:55:21 TCP: Parsing Data....
11-09-2018 16:55:21 TCP: Saving Data Into Database......
11-09-2018 16:55:21 TCP: Successfully Saved To Database......
11-09-2018 16:55:31 TCP: Recieved 36 bytes from socket.
11-09-2018 16:55:31 TCP: Parsing Data....
11-09-2018 16:55:31 TCP: Saving Data Into Database......
11-09-2018 16:55:31 TCP: Successfully Saved To Database......
11-09-2018 16:55:42 TCP: Recieved 36 bytes from socket.
11-09-2018 16:55:42 TCP: Parsing Data....
11-09-2018 16:55:42 TCP: Saving Data Into Database......
11-09-2018 16:55:42 TCP: Successfully Saved To Database......
11-09-2018 16:55:51 TCP: Recieved 36 bytes from socket.
11-09-2018 16:55:51 TCP: Parsing Data....
11-09-2018 16:55:51 TCP: Saving Data Into Database......
11-09-2018 16:55:52 TCP: Successfully Saved To Database......
11-09-2018 16:56:02 TCP: Recieved 36 bytes from socket.
11-09-2018 16:56:02 TCP: Parsing Data....
11-09-2018 16:56:02 TCP: Saving Data Into Database......
11-09-2018 16:56:02 TCP: Successfully Saved To Database......
11-09-2018 16:56:13 TCP: Recieved 36 bytes from socket.
11-09-2018 16:56:13 TCP: Parsing Data....
11-09-2018 16:56:13 TCP: Saving Data Into Database......
11-09-2018 16:56:13 TCP: Successfully Saved To Database......
11-09-2018 16:56:22 TCP: Got new connection: 106.78.162.143:23524
11-09-2018 16:56:23 TCP: Recieved 18 bytes from socket.
11-09-2018 16:56:23 TCP: Parsing Data....
11-09-2018 16:56:23 TCP: Parsing Data....
11-09-2018 16:56:26 TCP: Recieved 15 bytes from socket.
11-09-2018 16:56:26 TCP: Parsing Data....
11-09-2018 16:56:31 TCP: Recieved 36 bytes from socket.
11-09-2018 16:56:31 TCP: Parsing Data....
11-09-2018 16:56:31 TCP: Saving Data Into Database......
11-09-2018 16:56:32 TCP: Successfully Saved To Database......
11-09-2018 16:56:33 TCP: Recieved 36 bytes from socket.
11-09-2018 16:56:33 TCP: Parsing Data....
11-09-2018 16:56:33 TCP: Saving Data Into Database......
11-09-2018 16:56:33 TCP: Successfully Saved To Database......
11-09-2018 16:56:46 TCP: Recieved 36 bytes from socket.
11-09-2018 16:56:46 TCP: Parsing Data....
11-09-2018 16:56:46 TCP: Saving Data Into Database......
11-09-2018 16:56:46 TCP: Successfully Saved To Database......
11-09-2018 16:56:55 TCP: Recieved 36 bytes from socket.
11-09-2018 16:56:55 TCP: Parsing Data....
11-09-2018 16:56:55 TCP: Saving Data Into Database......
11-09-2018 16:56:55 TCP: Successfully Saved To Database......
11-09-2018 16:57:02 TCP: Recieved 36 bytes from socket.
11-09-2018 16:57:02 TCP: Parsing Data....
11-09-2018 16:57:02 TCP: Saving Data Into Database......
11-09-2018 16:57:02 TCP: Successfully Saved To Database......
11-09-2018 16:57:11 TCP: Recieved 36 bytes from socket.
11-09-2018 16:57:11 TCP: Parsing Data....
11-09-2018 16:57:11 TCP: Saving Data Into Database......
11-09-2018 16:57:11 TCP: Successfully Saved To Database......
11-09-2018 16:57:25 TCP: Recieved 36 bytes from socket.
11-09-2018 16:57:25 TCP: Parsing Data....
11-09-2018 16:57:25 TCP: Saving Data Into Database......
11-09-2018 16:57:25 TCP: Successfully Saved To Database......
11-09-2018 16:57:31 TCP: Recieved 36 bytes from socket.
11-09-2018 16:57:31 TCP: Parsing Data....
11-09-2018 16:57:31 TCP: Saving Data Into Database......
11-09-2018 16:57:32 TCP: Successfully Saved To Database......
11-09-2018 16:57:41 TCP: Recieved 36 bytes from socket.
11-09-2018 16:57:41 TCP: Parsing Data....
11-09-2018 16:57:41 TCP: Saving Data Into Database......
11-09-2018 16:57:41 TCP: Successfully Saved To Database......
11-09-2018 16:57:51 TCP: Recieved 36 bytes from socket.
11-09-2018 16:57:51 TCP: Parsing Data....
11-09-2018 16:57:51 TCP: Saving Data Into Database......
11-09-2018 16:57:51 TCP: Successfully Saved To Database......
11-09-2018 16:57:53 TCP: Recieved 15 bytes from socket.
11-09-2018 16:57:53 TCP: Parsing Data....
11-09-2018 16:58:01 TCP: Recieved 36 bytes from socket.
11-09-2018 16:58:01 TCP: Parsing Data....
11-09-2018 17:00:11 TCP: Saving Data Into Database......
11-09-2018 17:00:11 TCP: Successfully Saved To Database......
11-09-2018 17:00:11 TCP: Recieved 483 bytes from socket.
11-09-2018 17:00:11 TCP: Parsing Data....
11-09-2018 17:00:11 TCP: Saving Data Into Database......
11-09-2018 17:00:11 TCP: Successfully Saved To Database......
11-09-2018 17:00:11 TCP: Saving Data Into Database......
11-09-2018 17:00:11 TCP: Successfully Saved To Database......
11-09-2018 17:00:11 TCP: Saving Data Into Database......
11-09-2018 17:00:11 TCP: Successfully Saved To Database......
11-09-2018 17:00:11 TCP: Saving Data Into Database......
11-09-2018 17:00:11 TCP: Successfully Saved To Database......
11-09-2018 17:00:11 TCP: Saving Data Into Database......
11-09-2018 17:00:11 TCP: Successfully Saved To Database......
11-09-2018 17:00:11 TCP: Saving Data Into Database......
11-09-2018 17:00:12 TCP: Successfully Saved To Database......
11-09-2018 17:00:12 TCP: Saving Data Into Database......
11-09-2018 17:00:12 TCP: Successfully Saved To Database......
11-09-2018 17:00:12 TCP: Saving Data Into Database......
11-09-2018 17:00:12 TCP: Successfully Saved To Database......
11-09-2018 17:00:12 TCP: Saving Data Into Database......
11-09-2018 17:00:12 TCP: Successfully Saved To Database......
11-09-2018 17:00:12 TCP: Saving Data Into Database......
11-09-2018 17:00:12 TCP: Successfully Saved To Database......
11-09-2018 17:00:12 TCP: Saving Data Into Database......
11-09-2018 17:00:12 TCP: Successfully Saved To Database......
11-09-2018 17:00:12 TCP: Saving Data Into Database......
11-09-2018 17:00:12 TCP: Successfully Saved To Database......
11-09-2018 17:00:12 TCP: Saving Data Into Database......
11-09-2018 17:00:12 TCP: Successfully Saved To Database......
11-09-2018 17:00:21 TCP: Recieved 36 bytes from socket.
11-09-2018 17:00:21 TCP: Parsing Data....
11-09-2018 17:00:21 TCP: Saving Data Into Database......
11-09-2018 17:00:21 TCP: Successfully Saved To Database......
11-09-2018 17:00:31 TCP: Recieved 36 bytes from socket.
11-09-2018 17:00:31 TCP: Parsing Data....
11-09-2018 17:00:31 TCP: Saving Data Into Database......
11-09-2018 17:00:31 TCP: Successfully Saved To Database......
11-09-2018 17:00:41 TCP: Recieved 36 bytes from socket.
11-09-2018 17:00:41 TCP: Parsing Data....
11-09-2018 17:00:41 TCP: Saving Data Into Database......
11-09-2018 17:00:41 TCP: Successfully Saved To Database......
11-09-2018 17:00:51 TCP: Recieved 36 bytes from socket.
11-09-2018 17:00:51 TCP: Parsing Data....
11-09-2018 17:00:51 TCP: Saving Data Into Database......
11-09-2018 17:00:51 TCP: Successfully Saved To Database......
11-09-2018 17:01:42 TCP: Got new connection: 27.97.140.103:38988
11-09-2018 17:01:43 TCP: Recieved 18 bytes from socket.
11-09-2018 17:01:43 TCP: Parsing Data....
11-09-2018 17:01:43 TCP: Parsing Data....
11-09-2018 17:01:46 TCP: Recieved 15 bytes from socket.
11-09-2018 17:01:46 TCP: Parsing Data....
11-09-2018 17:01:51 TCP: Recieved 36 bytes from socket.
11-09-2018 17:01:51 TCP: Parsing Data....
11-09-2018 17:01:51 TCP: Saving Data Into Database......
11-09-2018 17:01:51 TCP: Successfully Saved To Database......
11-09-2018 17:01:53 TCP: Recieved 36 bytes from socket.
11-09-2018 17:01:53 TCP: Parsing Data....
11-09-2018 17:01:53 TCP: Saving Data Into Database......
11-09-2018 17:01:53 TCP: Successfully Saved To Database......
11-09-2018 17:01:56 TCP: Recieved 36 bytes from socket.
11-09-2018 17:01:56 TCP: Parsing Data....
11-09-2018 17:01:56 TCP: Saving Data Into Database......
11-09-2018 17:01:56 TCP: Successfully Saved To Database......
11-09-2018 17:01:59 TCP: Recieved 36 bytes from socket.
11-09-2018 17:01:59 TCP: Parsing Data....
11-09-2018 17:01:59 TCP: Saving Data Into Database......
11-09-2018 17:01:59 TCP: Successfully Saved To Database......
11-09-2018 17:02:03 TCP: Recieved 36 bytes from socket.
11-09-2018 17:02:03 TCP: Parsing Data....
11-09-2018 17:02:03 TCP: Saving Data Into Database......
11-09-2018 17:02:03 TCP: Successfully Saved To Database......
11-09-2018 17:02:05 TCP: Recieved 36 bytes from socket.
11-09-2018 17:02:05 TCP: Parsing Data....
11-09-2018 17:02:05 TCP: Saving Data Into Database......
11-09-2018 17:02:05 TCP: Successfully Saved To Database......
11-09-2018 17:02:08 TCP: Recieved 36 bytes from socket.
11-09-2018 17:02:08 TCP: Parsing Data....
11-09-2018 17:02:08 TCP: Saving Data Into Database......
11-09-2018 17:02:08 TCP: Successfully Saved To Database......
11-09-2018 17:02:11 TCP: Recieved 36 bytes from socket.
11-09-2018 17:02:11 TCP: Parsing Data....
11-09-2018 17:02:11 TCP: Saving Data Into Database......
11-09-2018 17:02:11 TCP: Successfully Saved To Database......
11-09-2018 17:02:21 TCP: Recieved 36 bytes from socket.
11-09-2018 17:02:21 TCP: Parsing Data....
11-09-2018 17:06:38 TCP: Saving Data Into Database......
11-09-2018 17:06:38 TCP: Got new connection: 27.97.140.103:26573
11-09-2018 17:06:38 TCP: Recieved 105 bytes from socket.
11-09-2018 17:06:38 TCP: Parsing Data....
11-09-2018 17:06:38 TCP: Parsing Data....
11-09-2018 17:06:38 TCP: Successfully Saved To Database......
11-09-2018 17:06:38 TCP: Recieved 858 bytes from socket.
11-09-2018 17:06:38 TCP: Parsing Data....
11-09-2018 17:06:42 TCP: Recieved 36 bytes from socket.
11-09-2018 17:06:42 TCP: Parsing Data....
11-09-2018 17:06:42 TCP: Saving Data Into Database......
11-09-2018 17:06:42 TCP: Saving Data Into Database......
11-09-2018 17:06:42 TCP: Successfully Saved To Database......
11-09-2018 17:06:42 TCP: Saving Data Into Database......
11-09-2018 17:06:42 TCP: Successfully Saved To Database......
11-09-2018 17:06:42 TCP: Saving Data Into Database......
11-09-2018 17:06:42 TCP: Successfully Saved To Database......
11-09-2018 17:06:42 TCP: Saving Data Into Database......
11-09-2018 17:06:42 TCP: Successfully Saved To Database......
11-09-2018 17:06:42 TCP: Saving Data Into Database......
11-09-2018 17:06:42 TCP: Successfully Saved To Database......
11-09-2018 17:06:42 TCP: Saving Data Into Database......
11-09-2018 17:06:42 TCP: Successfully Saved To Database......
11-09-2018 17:06:42 TCP: Saving Data Into Database......
11-09-2018 17:06:42 TCP: Successfully Saved To Database......
11-09-2018 17:06:42 TCP: Saving Data Into Database......
11-09-2018 17:06:42 TCP: Successfully Saved To Database......
11-09-2018 17:06:42 TCP: Saving Data Into Database......
11-09-2018 17:06:42 TCP: Successfully Saved To Database......
11-09-2018 17:06:42 TCP: Saving Data Into Database......
11-09-2018 17:06:42 TCP: Successfully Saved To Database......
11-09-2018 17:06:42 TCP: Saving Data Into Database......
11-09-2018 17:06:42 TCP: Successfully Saved To Database......
11-09-2018 17:06:42 TCP: Saving Data Into Database......
11-09-2018 17:06:42 TCP: Successfully Saved To Database......
11-09-2018 17:06:42 TCP: Saving Data Into Database......
11-09-2018 17:06:42 TCP: Successfully Saved To Database......
11-09-2018 17:06:42 TCP: Saving Data Into Database......
11-09-2018 17:06:42 TCP: Successfully Saved To Database......
11-09-2018 17:06:42 TCP: Saving Data Into Database......
11-09-2018 17:06:42 TCP: Successfully Saved To Database......
11-09-2018 17:06:42 TCP: Saving Data Into Database......
11-09-2018 17:06:42 TCP: Successfully Saved To Database......
11-09-2018 17:06:42 TCP: Saving Data Into Database......
11-09-2018 17:06:42 TCP: Successfully Saved To Database......
11-09-2018 17:06:42 TCP: Saving Data Into Database......
11-09-2018 17:06:42 TCP: Successfully Saved To Database......
11-09-2018 17:06:42 TCP: Saving Data Into Database......
11-09-2018 17:06:42 TCP: Successfully Saved To Database......
11-09-2018 17:06:42 TCP: Saving Data Into Database......
11-09-2018 17:06:43 TCP: Successfully Saved To Database......
11-09-2018 17:06:43 TCP: Saving Data Into Database......
11-09-2018 17:06:43 TCP: Successfully Saved To Database......
11-09-2018 17:06:43 TCP: Saving Data Into Database......
11-09-2018 17:06:43 TCP: Successfully Saved To Database......
11-09-2018 17:06:43 TCP: Saving Data Into Database......
11-09-2018 17:06:43 TCP: Successfully Saved To Database......
11-09-2018 17:06:51 TCP: Recieved 36 bytes from socket.
11-09-2018 17:06:51 TCP: Parsing Data....
11-09-2018 17:06:51 TCP: Saving Data Into Database......
11-09-2018 17:06:51 TCP: Successfully Saved To Database......
11-09-2018 17:07:01 TCP: Recieved 36 bytes from socket.
11-09-2018 17:07:01 TCP: Parsing Data....
11-09-2018 17:07:01 TCP: Saving Data Into Database......
11-09-2018 17:07:01 TCP: Successfully Saved To Database......
11-09-2018 17:07:11 TCP: Recieved 36 bytes from socket.
11-09-2018 17:07:11 TCP: Parsing Data....
11-09-2018 17:07:11 TCP: Saving Data Into Database......
11-09-2018 17:07:11 TCP: Successfully Saved To Database......
11-09-2018 17:07:21 TCP: Recieved 36 bytes from socket.
11-09-2018 17:07:21 TCP: Parsing Data....
11-09-2018 17:07:21 TCP: Saving Data Into Database......
11-09-2018 17:07:21 TCP: Successfully Saved To Database......
11-09-2018 17:07:31 TCP: Recieved 36 bytes from socket.
11-09-2018 17:07:31 TCP: Parsing Data....
11-09-2018 17:08:09 TCP: Saving Data Into Database......
11-09-2018 17:08:09 TCP: Successfully Saved To Database......
11-09-2018 17:08:09 TCP: Recieved 123 bytes from socket.
11-09-2018 17:08:09 TCP: Parsing Data....
11-09-2018 17:08:09 TCP: Saving Data Into Database......
11-09-2018 17:08:09 TCP: Successfully Saved To Database......
11-09-2018 17:08:09 TCP: Saving Data Into Database......
11-09-2018 17:08:09 TCP: Successfully Saved To Database......
11-09-2018 17:08:09 TCP: Saving Data Into Database......
11-09-2018 17:08:09 TCP: Successfully Saved To Database......
11-09-2018 17:08:11 TCP: Recieved 36 bytes from socket.
11-09-2018 17:08:11 TCP: Parsing Data....
11-09-2018 17:08:11 TCP: Saving Data Into Database......
11-09-2018 17:08:11 TCP: Successfully Saved To Database......
11-09-2018 17:08:21 TCP: Recieved 36 bytes from socket.
11-09-2018 17:08:21 TCP: Parsing Data....
11-09-2018 17:08:21 TCP: Saving Data Into Database......
11-09-2018 17:08:21 TCP: Successfully Saved To Database......
11-09-2018 17:08:30 TCP: Recieved 36 bytes from socket.
11-09-2018 17:08:30 TCP: Parsing Data....
11-09-2018 17:08:31 TCP: Saving Data Into Database......
11-09-2018 17:08:31 TCP: Successfully Saved To Database......
11-09-2018 17:08:40 TCP: Recieved 36 bytes from socket.
11-09-2018 17:08:40 TCP: Parsing Data....
11-09-2018 17:08:40 TCP: Saving Data Into Database......
11-09-2018 17:08:41 TCP: Successfully Saved To Database......
11-09-2018 17:08:50 TCP: Recieved 36 bytes from socket.
11-09-2018 17:08:50 TCP: Parsing Data....
11-09-2018 17:08:50 TCP: Saving Data Into Database......
11-09-2018 17:08:50 TCP: Successfully Saved To Database......
11-09-2018 17:09:00 TCP: Recieved 36 bytes from socket.
11-09-2018 17:09:00 TCP: Parsing Data....
11-09-2018 17:09:00 TCP: Saving Data Into Database......
11-09-2018 17:09:00 TCP: Successfully Saved To Database......
11-09-2018 17:09:10 TCP: Recieved 36 bytes from socket.
11-09-2018 17:09:10 TCP: Parsing Data....
11-09-2018 17:09:10 TCP: Saving Data Into Database......
11-09-2018 17:09:11 TCP: Successfully Saved To Database......
11-09-2018 17:09:13 TCP: Recieved 15 bytes from socket.
11-09-2018 17:09:13 TCP: Parsing Data....
11-09-2018 17:09:20 TCP: Recieved 36 bytes from socket.
11-09-2018 17:09:20 TCP: Parsing Data....
11-09-2018 17:09:20 TCP: Saving Data Into Database......
11-09-2018 17:09:20 TCP: Successfully Saved To Database......
11-09-2018 17:09:30 TCP: Recieved 36 bytes from socket.
11-09-2018 17:09:30 TCP: Parsing Data....
11-09-2018 17:09:30 TCP: Saving Data Into Database......
11-09-2018 17:09:30 TCP: Successfully Saved To Database......
11-09-2018 17:09:40 TCP: Recieved 36 bytes from socket.
11-09-2018 17:09:40 TCP: Parsing Data....
11-09-2018 17:09:40 TCP: Saving Data Into Database......
11-09-2018 17:09:40 TCP: Successfully Saved To Database......
11-09-2018 17:09:51 TCP: Recieved 36 bytes from socket.
11-09-2018 17:09:51 TCP: Parsing Data....
11-09-2018 17:09:51 TCP: Saving Data Into Database......
11-09-2018 17:09:51 TCP: Successfully Saved To Database......
11-09-2018 17:10:00 TCP: Recieved 36 bytes from socket.
11-09-2018 17:10:00 TCP: Parsing Data....
11-09-2018 17:10:00 TCP: Saving Data Into Database......
11-09-2018 17:10:00 TCP: Successfully Saved To Database......
11-09-2018 17:10:10 TCP: Recieved 36 bytes from socket.
11-09-2018 17:10:10 TCP: Parsing Data....
11-09-2018 17:10:10 TCP: Saving Data Into Database......
11-09-2018 17:10:11 TCP: Successfully Saved To Database......
11-09-2018 17:10:20 TCP: Recieved 36 bytes from socket.
11-09-2018 17:10:20 TCP: Parsing Data....
11-09-2018 17:10:20 TCP: Saving Data Into Database......
11-09-2018 17:10:20 TCP: Successfully Saved To Database......
11-09-2018 17:10:30 TCP: Recieved 36 bytes from socket.
11-09-2018 17:10:30 TCP: Parsing Data....
11-09-2018 17:10:30 TCP: Saving Data Into Database......
11-09-2018 17:10:30 TCP: Successfully Saved To Database......
11-09-2018 17:10:41 TCP: Recieved 36 bytes from socket.
11-09-2018 17:10:41 TCP: Parsing Data....
11-09-2018 17:10:41 TCP: Saving Data Into Database......
11-09-2018 17:10:41 TCP: Successfully Saved To Database......
11-09-2018 17:10:43 TCP: Got new connection: 27.97.140.103:34946
11-09-2018 17:10:44 TCP: Recieved 18 bytes from socket.
11-09-2018 17:10:44 TCP: Parsing Data....
11-09-2018 17:10:44 TCP: Parsing Data....
11-09-2018 17:10:47 TCP: Recieved 15 bytes from socket.
11-09-2018 17:10:47 TCP: Parsing Data....
11-09-2018 17:10:50 TCP: Recieved 36 bytes from socket.
11-09-2018 17:10:50 TCP: Parsing Data....
11-09-2018 17:10:50 TCP: Saving Data Into Database......
11-09-2018 17:10:50 TCP: Successfully Saved To Database......
11-09-2018 17:11:00 TCP: Recieved 36 bytes from socket.
11-09-2018 17:11:00 TCP: Parsing Data....
11-09-2018 17:11:00 TCP: Saving Data Into Database......
11-09-2018 17:11:00 TCP: Successfully Saved To Database......
11-09-2018 17:11:10 TCP: Recieved 36 bytes from socket.
11-09-2018 17:11:10 TCP: Parsing Data....
11-09-2018 17:11:10 TCP: Saving Data Into Database......
11-09-2018 17:11:10 TCP: Successfully Saved To Database......
11-09-2018 17:11:20 TCP: Recieved 36 bytes from socket.
11-09-2018 17:11:20 TCP: Parsing Data....
11-09-2018 17:11:20 TCP: Saving Data Into Database......
11-09-2018 17:11:20 TCP: Successfully Saved To Database......
11-09-2018 17:11:31 TCP: Recieved 36 bytes from socket.
11-09-2018 17:11:31 TCP: Parsing Data....
11-09-2018 17:11:31 TCP: Saving Data Into Database......
11-09-2018 17:11:32 TCP: Successfully Saved To Database......
11-09-2018 17:11:42 TCP: Recieved 36 bytes from socket.
11-09-2018 17:11:42 TCP: Parsing Data....
11-09-2018 17:11:42 TCP: Saving Data Into Database......
11-09-2018 17:11:42 TCP: Successfully Saved To Database......
11-09-2018 17:11:51 TCP: Recieved 36 bytes from socket.
11-09-2018 17:11:51 TCP: Parsing Data....
11-09-2018 17:11:51 TCP: Saving Data Into Database......
11-09-2018 17:11:51 TCP: Successfully Saved To Database......
11-09-2018 17:12:01 TCP: Recieved 36 bytes from socket.
11-09-2018 17:12:01 TCP: Parsing Data....
11-09-2018 17:12:01 TCP: Saving Data Into Database......
11-09-2018 17:12:01 TCP: Successfully Saved To Database......
11-09-2018 17:12:11 TCP: Recieved 36 bytes from socket.
11-09-2018 17:12:11 TCP: Parsing Data....
11-09-2018 17:12:11 TCP: Saving Data Into Database......
11-09-2018 17:12:11 TCP: Successfully Saved To Database......
11-09-2018 17:12:14 TCP: Recieved 15 bytes from socket.
11-09-2018 17:12:14 TCP: Parsing Data....
11-09-2018 17:12:21 TCP: Recieved 36 bytes from socket.
11-09-2018 17:12:21 TCP: Parsing Data....
11-09-2018 17:12:21 TCP: Saving Data Into Database......
11-09-2018 17:12:21 TCP: Successfully Saved To Database......
11-09-2018 17:12:31 TCP: Recieved 36 bytes from socket.
11-09-2018 17:12:31 TCP: Parsing Data....
11-09-2018 17:12:31 TCP: Saving Data Into Database......
11-09-2018 17:12:31 TCP: Successfully Saved To Database......
11-09-2018 17:12:41 TCP: Recieved 36 bytes from socket.
11-09-2018 17:12:41 TCP: Parsing Data....
11-09-2018 17:12:41 TCP: Saving Data Into Database......
11-09-2018 17:12:41 TCP: Successfully Saved To Database......
11-09-2018 17:12:51 TCP: Recieved 36 bytes from socket.
11-09-2018 17:12:51 TCP: Parsing Data....
11-09-2018 17:12:51 TCP: Saving Data Into Database......
11-09-2018 17:12:51 TCP: Successfully Saved To Database......
11-09-2018 17:13:01 TCP: Recieved 36 bytes from socket.
11-09-2018 17:13:01 TCP: Parsing Data....
11-09-2018 17:13:01 TCP: Saving Data Into Database......
11-09-2018 17:13:01 TCP: Successfully Saved To Database......
11-09-2018 17:13:11 TCP: Recieved 36 bytes from socket.
11-09-2018 17:13:11 TCP: Parsing Data....
11-09-2018 17:13:11 TCP: Saving Data Into Database......
11-09-2018 17:13:11 TCP: Successfully Saved To Database......
11-09-2018 17:13:21 TCP: Recieved 36 bytes from socket.
11-09-2018 17:13:21 TCP: Parsing Data....
11-09-2018 17:13:21 TCP: Saving Data Into Database......
11-09-2018 17:13:21 TCP: Successfully Saved To Database......
11-09-2018 17:13:31 TCP: Recieved 36 bytes from socket.
11-09-2018 17:13:31 TCP: Parsing Data....
11-09-2018 17:13:31 TCP: Saving Data Into Database......
11-09-2018 17:13:31 TCP: Successfully Saved To Database......
11-09-2018 17:13:41 TCP: Recieved 36 bytes from socket.
11-09-2018 17:13:41 TCP: Parsing Data....
11-09-2018 17:13:41 TCP: Saving Data Into Database......
11-09-2018 17:13:41 TCP: Successfully Saved To Database......
11-09-2018 17:13:44 TCP: Recieved 15 bytes from socket.
11-09-2018 17:13:44 TCP: Parsing Data....
11-09-2018 17:13:51 TCP: Recieved 36 bytes from socket.
11-09-2018 17:13:51 TCP: Parsing Data....
11-09-2018 17:13:51 TCP: Saving Data Into Database......
11-09-2018 17:13:51 TCP: Successfully Saved To Database......
11-09-2018 17:14:01 TCP: Recieved 36 bytes from socket.
11-09-2018 17:14:01 TCP: Parsing Data....
11-09-2018 17:14:01 TCP: Saving Data Into Database......
11-09-2018 17:14:01 TCP: Successfully Saved To Database......
11-09-2018 17:14:11 TCP: Recieved 36 bytes from socket.
11-09-2018 17:14:11 TCP: Parsing Data....
11-09-2018 17:14:11 TCP: Saving Data Into Database......
11-09-2018 17:14:11 TCP: Successfully Saved To Database......
11-09-2018 17:14:21 TCP: Recieved 36 bytes from socket.
11-09-2018 17:14:21 TCP: Parsing Data....
11-09-2018 17:14:21 TCP: Saving Data Into Database......
11-09-2018 17:14:21 TCP: Successfully Saved To Database......
11-09-2018 17:14:31 TCP: Recieved 36 bytes from socket.
11-09-2018 17:14:31 TCP: Parsing Data....
11-09-2018 17:14:31 TCP: Saving Data Into Database......
11-09-2018 17:14:31 TCP: Successfully Saved To Database......
11-09-2018 17:14:41 TCP: Recieved 36 bytes from socket.
11-09-2018 17:14:41 TCP: Parsing Data....
11-09-2018 17:14:41 TCP: Saving Data Into Database......
11-09-2018 17:14:41 TCP: Successfully Saved To Database......
11-09-2018 17:14:51 TCP: Recieved 36 bytes from socket.
11-09-2018 17:14:51 TCP: Parsing Data....
11-09-2018 17:14:51 TCP: Saving Data Into Database......
11-09-2018 17:14:51 TCP: Successfully Saved To Database......
11-09-2018 17:15:01 TCP: Recieved 36 bytes from socket.
11-09-2018 17:15:01 TCP: Parsing Data....
11-09-2018 17:15:01 TCP: Saving Data Into Database......
11-09-2018 17:15:01 TCP: Successfully Saved To Database......
11-09-2018 17:15:11 TCP: Recieved 36 bytes from socket.
11-09-2018 17:15:11 TCP: Parsing Data....
11-09-2018 17:15:11 TCP: Saving Data Into Database......
11-09-2018 17:15:11 TCP: Successfully Saved To Database......
11-09-2018 17:15:52 TCP: Got new connection: 106.78.210.25:30003
11-09-2018 17:15:53 TCP: Recieved 18 bytes from socket.
11-09-2018 17:15:53 TCP: Parsing Data....
11-09-2018 17:15:53 TCP: Parsing Data....
11-09-2018 17:15:56 TCP: Recieved 15 bytes from socket.
11-09-2018 17:15:56 TCP: Parsing Data....
11-09-2018 17:16:00 TCP: Recieved 36 bytes from socket.
11-09-2018 17:16:00 TCP: Parsing Data....
11-09-2018 17:16:00 TCP: Saving Data Into Database......
11-09-2018 17:16:00 TCP: Successfully Saved To Database......
11-09-2018 17:16:03 TCP: Recieved 36 bytes from socket.
11-09-2018 17:16:03 TCP: Parsing Data....
11-09-2018 17:16:03 TCP: Saving Data Into Database......
11-09-2018 17:16:03 TCP: Successfully Saved To Database......
11-09-2018 17:16:06 TCP: Recieved 36 bytes from socket.
11-09-2018 17:16:06 TCP: Parsing Data....
11-09-2018 17:16:06 TCP: Saving Data Into Database......
11-09-2018 17:16:07 TCP: Successfully Saved To Database......
11-09-2018 17:16:09 TCP: Recieved 36 bytes from socket.
11-09-2018 17:16:09 TCP: Parsing Data....
11-09-2018 17:16:09 TCP: Saving Data Into Database......
11-09-2018 17:16:09 TCP: Successfully Saved To Database......
11-09-2018 17:16:12 TCP: Recieved 36 bytes from socket.
11-09-2018 17:16:12 TCP: Parsing Data....
11-09-2018 17:16:12 TCP: Saving Data Into Database......
11-09-2018 17:16:12 TCP: Successfully Saved To Database......
11-09-2018 17:16:15 TCP: Recieved 36 bytes from socket.
11-09-2018 17:16:15 TCP: Parsing Data....
11-09-2018 17:16:15 TCP: Saving Data Into Database......
11-09-2018 17:16:15 TCP: Successfully Saved To Database......
11-09-2018 17:16:20 TCP: Recieved 36 bytes from socket.
11-09-2018 17:16:20 TCP: Parsing Data....
11-09-2018 17:16:20 TCP: Saving Data Into Database......
11-09-2018 17:16:20 TCP: Successfully Saved To Database......
11-09-2018 17:16:30 TCP: Recieved 36 bytes from socket.
11-09-2018 17:16:30 TCP: Parsing Data....
11-09-2018 17:16:30 TCP: Saving Data Into Database......
11-09-2018 17:16:30 TCP: Successfully Saved To Database......
11-09-2018 17:16:40 TCP: Recieved 36 bytes from socket.
11-09-2018 17:16:40 TCP: Parsing Data....
11-09-2018 17:16:40 TCP: Saving Data Into Database......
11-09-2018 17:16:40 TCP: Successfully Saved To Database......
11-09-2018 17:16:50 TCP: Recieved 36 bytes from socket.
11-09-2018 17:16:50 TCP: Parsing Data....
11-09-2018 17:16:50 TCP: Saving Data Into Database......
11-09-2018 17:16:50 TCP: Successfully Saved To Database......
11-09-2018 17:17:00 TCP: Recieved 36 bytes from socket.
11-09-2018 17:17:00 TCP: Parsing Data....
11-09-2018 17:17:00 TCP: Saving Data Into Database......
11-09-2018 17:17:00 TCP: Successfully Saved To Database......
11-09-2018 17:17:10 TCP: Recieved 36 bytes from socket.
11-09-2018 17:17:10 TCP: Parsing Data....
11-09-2018 17:17:10 TCP: Saving Data Into Database......
11-09-2018 17:17:11 TCP: Successfully Saved To Database......
11-09-2018 17:17:20 TCP: Recieved 36 bytes from socket.
11-09-2018 17:17:20 TCP: Parsing Data....
11-09-2018 17:17:20 TCP: Saving Data Into Database......
11-09-2018 17:17:20 TCP: Successfully Saved To Database......
11-09-2018 17:17:23 TCP: Recieved 15 bytes from socket.
11-09-2018 17:17:23 TCP: Parsing Data....
11-09-2018 17:17:30 TCP: Recieved 36 bytes from socket.
11-09-2018 17:17:30 TCP: Parsing Data....
11-09-2018 17:17:30 TCP: Saving Data Into Database......
11-09-2018 17:17:30 TCP: Successfully Saved To Database......
11-09-2018 17:17:40 TCP: Recieved 36 bytes from socket.
11-09-2018 17:17:40 TCP: Parsing Data....
11-09-2018 17:17:40 TCP: Saving Data Into Database......
11-09-2018 17:17:41 TCP: Successfully Saved To Database......
11-09-2018 17:17:50 TCP: Recieved 36 bytes from socket.
11-09-2018 17:17:50 TCP: Parsing Data....
11-09-2018 17:17:50 TCP: Saving Data Into Database......
11-09-2018 17:17:50 TCP: Successfully Saved To Database......
11-09-2018 17:18:00 TCP: Recieved 36 bytes from socket.
11-09-2018 17:18:00 TCP: Parsing Data....
11-09-2018 17:18:00 TCP: Saving Data Into Database......
11-09-2018 17:18:00 TCP: Successfully Saved To Database......
11-09-2018 17:18:10 TCP: Recieved 36 bytes from socket.
11-09-2018 17:18:10 TCP: Parsing Data....
11-09-2018 17:18:10 TCP: Saving Data Into Database......
11-09-2018 17:18:10 TCP: Successfully Saved To Database......
11-09-2018 17:18:20 TCP: Recieved 36 bytes from socket.
11-09-2018 17:18:20 TCP: Parsing Data....
11-09-2018 17:18:20 TCP: Saving Data Into Database......
11-09-2018 17:18:20 TCP: Successfully Saved To Database......
11-09-2018 17:18:30 TCP: Recieved 36 bytes from socket.
11-09-2018 17:18:30 TCP: Parsing Data....
11-09-2018 17:18:30 TCP: Saving Data Into Database......
11-09-2018 17:18:30 TCP: Successfully Saved To Database......
11-09-2018 17:18:44 TCP: Recieved 36 bytes from socket.
11-09-2018 17:18:44 TCP: Parsing Data....
11-09-2018 17:18:44 TCP: Saving Data Into Database......
11-09-2018 17:18:44 TCP: Successfully Saved To Database......
11-09-2018 17:18:51 TCP: Recieved 36 bytes from socket.
11-09-2018 17:18:51 TCP: Parsing Data....
11-09-2018 17:18:51 TCP: Saving Data Into Database......
11-09-2018 17:18:51 TCP: Successfully Saved To Database......
11-09-2018 17:18:57 TCP: Recieved 15 bytes from socket.
11-09-2018 17:18:57 TCP: Parsing Data....
11-09-2018 17:19:05 TCP: Recieved 36 bytes from socket.
11-09-2018 17:19:05 TCP: Parsing Data....
11-09-2018 17:23:08 TCP: Got new connection: 106.78.210.25:58631
11-09-2018 17:23:08 TCP: Saving Data Into Database......
11-09-2018 17:23:08 TCP: Recieved 624 bytes from socket.
11-09-2018 17:23:08 TCP: Parsing Data....
11-09-2018 17:23:08 TCP: Parsing Data....
11-09-2018 17:23:08 TCP: Successfully Saved To Database......
11-09-2018 17:23:08 TCP: Recieved 288 bytes from socket.
11-09-2018 17:23:08 TCP: Parsing Data....
11-09-2018 17:23:08 TCP: Saving Data Into Database......
11-09-2018 17:23:08 TCP: Successfully Saved To Database......
11-09-2018 17:23:08 TCP: Saving Data Into Database......
11-09-2018 17:23:08 TCP: Successfully Saved To Database......
11-09-2018 17:23:08 TCP: Saving Data Into Database......
11-09-2018 17:23:08 TCP: Successfully Saved To Database......
11-09-2018 17:23:08 TCP: Saving Data Into Database......
11-09-2018 17:23:08 TCP: Successfully Saved To Database......
11-09-2018 17:23:08 TCP: Saving Data Into Database......
11-09-2018 17:23:08 TCP: Successfully Saved To Database......
11-09-2018 17:23:08 TCP: Saving Data Into Database......
11-09-2018 17:23:08 TCP: Successfully Saved To Database......
11-09-2018 17:23:08 TCP: Saving Data Into Database......
11-09-2018 17:23:08 TCP: Successfully Saved To Database......
11-09-2018 17:23:08 TCP: Saving Data Into Database......
11-09-2018 17:23:08 TCP: Successfully Saved To Database......
11-09-2018 17:23:11 TCP: Recieved 36 bytes from socket.
11-09-2018 17:23:11 TCP: Parsing Data....
11-09-2018 17:23:11 TCP: Saving Data Into Database......
11-09-2018 17:23:11 TCP: Successfully Saved To Database......
11-09-2018 17:23:21 TCP: Recieved 36 bytes from socket.
11-09-2018 17:23:21 TCP: Parsing Data....
11-09-2018 17:23:21 TCP: Saving Data Into Database......
11-09-2018 17:23:21 TCP: Successfully Saved To Database......
11-09-2018 17:23:23 TCP: Recieved 15 bytes from socket.
11-09-2018 17:23:23 TCP: Parsing Data....
11-09-2018 17:23:31 TCP: Recieved 36 bytes from socket.
11-09-2018 17:23:31 TCP: Parsing Data....
11-09-2018 17:23:31 TCP: Saving Data Into Database......
11-09-2018 17:23:31 TCP: Successfully Saved To Database......
11-09-2018 17:23:41 TCP: Recieved 36 bytes from socket.
11-09-2018 17:23:41 TCP: Parsing Data....
11-09-2018 17:23:41 TCP: Saving Data Into Database......
11-09-2018 17:23:41 TCP: Successfully Saved To Database......
11-09-2018 17:23:52 TCP: Recieved 36 bytes from socket.
11-09-2018 17:23:52 TCP: Parsing Data....
11-09-2018 17:23:52 TCP: Saving Data Into Database......
11-09-2018 17:23:52 TCP: Successfully Saved To Database......
11-09-2018 17:24:00 TCP: Recieved 36 bytes from socket.
11-09-2018 17:24:00 TCP: Parsing Data....
11-09-2018 17:24:00 TCP: Saving Data Into Database......
11-09-2018 17:24:01 TCP: Successfully Saved To Database......
11-09-2018 17:24:12 TCP: Recieved 36 bytes from socket.
11-09-2018 17:24:12 TCP: Parsing Data....
11-09-2018 17:24:12 TCP: Saving Data Into Database......
11-09-2018 17:24:12 TCP: Successfully Saved To Database......
11-09-2018 17:24:20 TCP: Recieved 36 bytes from socket.
11-09-2018 17:24:20 TCP: Parsing Data....
11-09-2018 17:24:20 TCP: Saving Data Into Database......
11-09-2018 17:24:20 TCP: Successfully Saved To Database......
11-09-2018 17:24:30 TCP: Recieved 36 bytes from socket.
11-09-2018 17:24:30 TCP: Parsing Data....
11-09-2018 17:24:30 TCP: Saving Data Into Database......
11-09-2018 17:24:30 TCP: Successfully Saved To Database......
11-09-2018 17:24:40 TCP: Recieved 36 bytes from socket.
11-09-2018 17:24:40 TCP: Parsing Data....
11-09-2018 17:24:40 TCP: Saving Data Into Database......
11-09-2018 17:24:41 TCP: Successfully Saved To Database......
11-09-2018 17:24:50 TCP: Recieved 36 bytes from socket.
11-09-2018 17:24:50 TCP: Parsing Data....
11-09-2018 17:24:50 TCP: Saving Data Into Database......
11-09-2018 17:24:50 TCP: Successfully Saved To Database......
11-09-2018 17:24:53 TCP: Got new connection: 106.78.210.25:53598
11-09-2018 17:24:54 TCP: Recieved 18 bytes from socket.
11-09-2018 17:24:54 TCP: Parsing Data....
11-09-2018 17:24:54 TCP: Parsing Data....
11-09-2018 17:24:57 TCP: Recieved 15 bytes from socket.
11-09-2018 17:24:57 TCP: Parsing Data....
11-09-2018 17:25:01 TCP: Recieved 36 bytes from socket.
11-09-2018 17:25:01 TCP: Parsing Data....
11-09-2018 17:25:01 TCP: Saving Data Into Database......
11-09-2018 17:25:01 TCP: Successfully Saved To Database......
11-09-2018 17:25:11 TCP: Recieved 36 bytes from socket.
11-09-2018 17:25:11 TCP: Parsing Data....
11-09-2018 17:25:11 TCP: Saving Data Into Database......
11-09-2018 17:25:11 TCP: Successfully Saved To Database......
11-09-2018 17:25:21 TCP: Recieved 36 bytes from socket.
11-09-2018 17:25:21 TCP: Parsing Data....
11-09-2018 17:25:21 TCP: Saving Data Into Database......
11-09-2018 17:25:21 TCP: Successfully Saved To Database......
11-09-2018 17:25:30 TCP: Recieved 36 bytes from socket.
11-09-2018 17:25:30 TCP: Parsing Data....
11-09-2018 17:25:30 TCP: Saving Data Into Database......
11-09-2018 17:25:30 TCP: Successfully Saved To Database......
11-09-2018 17:25:41 TCP: Recieved 36 bytes from socket.
11-09-2018 17:25:41 TCP: Parsing Data....
11-09-2018 17:25:41 TCP: Saving Data Into Database......
11-09-2018 17:25:41 TCP: Successfully Saved To Database......
11-09-2018 17:25:51 TCP: Recieved 36 bytes from socket.
11-09-2018 17:25:51 TCP: Parsing Data....
11-09-2018 17:25:51 TCP: Saving Data Into Database......
11-09-2018 17:25:51 TCP: Successfully Saved To Database......
11-09-2018 17:26:00 TCP: Recieved 36 bytes from socket.
11-09-2018 17:26:00 TCP: Parsing Data....
11-09-2018 17:26:00 TCP: Saving Data Into Database......
11-09-2018 17:26:01 TCP: Successfully Saved To Database......
11-09-2018 17:26:10 TCP: Recieved 36 bytes from socket.
11-09-2018 17:26:10 TCP: Parsing Data....
11-09-2018 17:26:10 TCP: Saving Data Into Database......
11-09-2018 17:26:11 TCP: Successfully Saved To Database......
11-09-2018 17:26:20 TCP: Recieved 36 bytes from socket.
11-09-2018 17:26:20 TCP: Parsing Data....
11-09-2018 17:26:20 TCP: Saving Data Into Database......
11-09-2018 17:26:20 TCP: Successfully Saved To Database......
11-09-2018 17:26:25 TCP: Recieved 15 bytes from socket.
11-09-2018 17:26:25 TCP: Parsing Data....
11-09-2018 17:26:30 TCP: Recieved 36 bytes from socket.
11-09-2018 17:26:30 TCP: Parsing Data....
11-09-2018 17:26:30 TCP: Saving Data Into Database......
11-09-2018 17:26:30 TCP: Successfully Saved To Database......
11-09-2018 17:26:40 TCP: Recieved 36 bytes from socket.
11-09-2018 17:26:40 TCP: Parsing Data....
11-09-2018 17:26:40 TCP: Saving Data Into Database......
11-09-2018 17:26:40 TCP: Successfully Saved To Database......
11-09-2018 17:26:50 TCP: Recieved 36 bytes from socket.
11-09-2018 17:26:50 TCP: Parsing Data....
11-09-2018 17:26:50 TCP: Saving Data Into Database......
11-09-2018 17:26:50 TCP: Successfully Saved To Database......
11-09-2018 17:27:00 TCP: Recieved 36 bytes from socket.
11-09-2018 17:27:00 TCP: Parsing Data....
11-09-2018 17:27:00 TCP: Saving Data Into Database......
11-09-2018 17:27:00 TCP: Successfully Saved To Database......
11-09-2018 17:27:10 TCP: Recieved 36 bytes from socket.
11-09-2018 17:27:10 TCP: Parsing Data....
11-09-2018 17:27:10 TCP: Saving Data Into Database......
11-09-2018 17:27:11 TCP: Successfully Saved To Database......
11-09-2018 17:27:20 TCP: Recieved 36 bytes from socket.
11-09-2018 17:27:20 TCP: Parsing Data....
11-09-2018 17:34:25 TCP: Got new connection: 106.77.56.112:25583
11-09-2018 17:34:25 TCP: Recieved 1024 bytes from socket.
11-09-2018 17:34:25 TCP: Parsing Data....
11-09-2018 17:34:25 TCP: Saving Data Into Database......
11-09-2018 17:34:25 TCP: Parsing Data....
11-09-2018 17:34:25 TCP: Recieved 119 bytes from socket.
11-09-2018 17:34:25 TCP: Parsing Data....
11-09-2018 17:34:25 TCP: Saving Data Into Database......
11-09-2018 17:34:25 TCP: Saving Data Into Database......
11-09-2018 17:34:25 TCP: Successfully Saved To Database......
11-09-2018 17:34:25 TCP: Recieved 447 bytes from socket.
11-09-2018 17:34:25 TCP: Parsing Data....
11-09-2018 17:34:25 TCP: Saving Data Into Database......
11-09-2018 17:34:26 TCP: Successfully Saved To Database......
11-09-2018 17:34:26 TCP: Saving Data Into Database......
11-09-2018 17:34:26 TCP: Successfully Saved To Database......
11-09-2018 17:34:26 TCP: Saving Data Into Database......
11-09-2018 17:34:26 TCP: Successfully Saved To Database......
11-09-2018 17:34:26 TCP: Saving Data Into Database......
11-09-2018 17:34:26 TCP: Successfully Saved To Database......
11-09-2018 17:34:26 TCP: Saving Data Into Database......
11-09-2018 17:34:26 TCP: Successfully Saved To Database......
11-09-2018 17:34:26 TCP: Saving Data Into Database......
11-09-2018 17:34:26 TCP: Successfully Saved To Database......
11-09-2018 17:34:26 TCP: Saving Data Into Database......
11-09-2018 17:34:26 TCP: Successfully Saved To Database......
11-09-2018 17:34:26 TCP: Saving Data Into Database......
11-09-2018 17:34:26 TCP: Successfully Saved To Database......
11-09-2018 17:34:26 TCP: Saving Data Into Database......
11-09-2018 17:34:26 TCP: Successfully Saved To Database......
11-09-2018 17:34:26 TCP: Saving Data Into Database......
11-09-2018 17:34:26 TCP: Successfully Saved To Database......
11-09-2018 17:34:26 TCP: Saving Data Into Database......
11-09-2018 17:34:26 TCP: Successfully Saved To Database......
11-09-2018 17:34:26 TCP: Saving Data Into Database......
11-09-2018 17:34:26 TCP: Successfully Saved To Database......
11-09-2018 17:34:30 TCP: Recieved 36 bytes from socket.
11-09-2018 17:34:30 TCP: Parsing Data....
11-09-2018 17:34:30 TCP: Saving Data Into Database......
11-09-2018 17:34:30 TCP: Successfully Saved To Database......
11-09-2018 17:34:40 TCP: Recieved 36 bytes from socket.
11-09-2018 17:34:40 TCP: Parsing Data....
11-09-2018 17:34:40 TCP: Saving Data Into Database......
11-09-2018 17:34:40 TCP: Successfully Saved To Database......
11-09-2018 17:34:50 TCP: Recieved 36 bytes from socket.
11-09-2018 17:34:50 TCP: Parsing Data....
11-09-2018 17:34:50 TCP: Saving Data Into Database......
11-09-2018 17:34:50 TCP: Successfully Saved To Database......
11-09-2018 17:35:00 TCP: Recieved 36 bytes from socket.
11-09-2018 17:35:00 TCP: Parsing Data....
11-09-2018 17:35:00 TCP: Saving Data Into Database......
11-09-2018 17:35:00 TCP: Successfully Saved To Database......
11-09-2018 17:35:10 TCP: Recieved 36 bytes from socket.
11-09-2018 17:35:10 TCP: Parsing Data....
11-09-2018 17:35:10 TCP: Saving Data Into Database......
11-09-2018 17:35:10 TCP: Successfully Saved To Database......
