11-09-2018 18:47:22 UDP: Started listening at port 8414
11-09-2018 18:47:22 TCP: Started listening at port 10025
11-09-2018 18:47:23 TCP Output Control: Started listening at port 669
11-09-2018 18:47:24 TCP Output Control: Error in confirmation checker.
11-09-2018 18:47:24 TCP Output Control: System.InvalidOperationException: ExecuteNonQuery requires the command to have a transaction when the connection assigned to the command is in a pending local transaction.  The Transaction property of the command has not been initialized.
   at System.Data.SqlClient.SqlCommand.ValidateCommand(String method, Boolean async)
   at System.Data.SqlClient.SqlCommand.InternalExecuteNonQuery(TaskCompletionSource`1 completion, String methodName, Boolean sendToPipe, Int32 timeout, Boolean& usedCache, Boolean asyncWrite, Boolean inRetry)
   at System.Data.SqlClient.SqlCommand.ExecuteNonQuery()
   at ExampleService.DataAccess.MSSqlDataAccess.OutputUpdate(Int32 id, Byte status) in C:\Users\Abuzar\Desktop\2deviceconsole 11-09-2018\GPSIndia\ExampleService\DataAccess\MSSqlDataAccess.cs:line 540
   at ExampleService.DataAccess.MSSqlDataAccess.CheckConfirmationExpirations() in C:\Users\Abuzar\Desktop\2deviceconsole 11-09-2018\GPSIndia\ExampleService\DataAccess\MSSqlDataAccess.cs:line 561
   at ExampleService.TCPOutputControl.CheckConfirmationExpiration() in C:\Users\Abuzar\Desktop\2deviceconsole 11-09-2018\GPSIndia\ExampleService\TCPOutputControl.cs:line 313
11-09-2018 18:47:56 TCP: Got new connection: 106.77.26.254:13024
11-09-2018 18:47:57 TCP: Recieved 18 bytes from socket.
11-09-2018 18:47:57 TCP: Parsing Data....
11-09-2018 18:47:57 TCP: Parsing Data....
11-09-2018 18:48:01 TCP: Recieved 15 bytes from socket.
11-09-2018 18:48:01 TCP: Parsing Data....
11-09-2018 18:48:04 TCP: Recieved 36 bytes from socket.
11-09-2018 18:48:04 TCP: Parsing Data....
11-09-2018 18:48:43 TCP: Saving Data Into Database......
11-09-2018 18:48:43 TCP: Successfully Saved To Database......
11-09-2018 18:48:43 TCP: Recieved 411 bytes from socket.
11-09-2018 18:48:43 TCP: Parsing Data....
11-09-2018 18:48:43 TCP: Saving Data Into Database......
11-09-2018 18:48:43 TCP: Successfully Saved To Database......
11-09-2018 18:48:43 TCP: Saving Data Into Database......
11-09-2018 18:48:43 TCP: Successfully Saved To Database......
11-09-2018 18:48:43 TCP: Saving Data Into Database......
11-09-2018 18:48:43 TCP: Successfully Saved To Database......
11-09-2018 18:48:43 TCP: Saving Data Into Database......
11-09-2018 18:48:43 TCP: Successfully Saved To Database......
11-09-2018 18:48:43 TCP: Saving Data Into Database......
11-09-2018 18:48:43 TCP: Successfully Saved To Database......
11-09-2018 18:48:43 TCP: Saving Data Into Database......
11-09-2018 18:48:43 TCP: Successfully Saved To Database......
11-09-2018 18:48:43 TCP: Saving Data Into Database......
11-09-2018 18:48:43 TCP: Successfully Saved To Database......
11-09-2018 18:48:43 TCP: Saving Data Into Database......
11-09-2018 18:48:43 TCP: Successfully Saved To Database......
11-09-2018 18:48:43 TCP: Saving Data Into Database......
11-09-2018 18:48:43 TCP: Successfully Saved To Database......
11-09-2018 18:48:43 TCP: Saving Data Into Database......
11-09-2018 18:48:43 TCP: Successfully Saved To Database......
11-09-2018 18:48:43 TCP: Saving Data Into Database......
11-09-2018 18:48:43 TCP: Successfully Saved To Database......
11-09-2018 18:48:43 TCP: Recieved 15 bytes from socket.
11-09-2018 18:48:43 TCP: Parsing Data....
11-09-2018 18:48:47 TCP: Recieved 36 bytes from socket.
11-09-2018 18:48:47 TCP: Parsing Data....
11-09-2018 18:48:47 TCP: Saving Data Into Database......
11-09-2018 18:48:47 TCP: Successfully Saved To Database......
11-09-2018 18:48:50 TCP: Recieved 36 bytes from socket.
11-09-2018 18:48:50 TCP: Parsing Data....
11-09-2018 18:48:50 TCP: Saving Data Into Database......
11-09-2018 18:48:50 TCP: Successfully Saved To Database......
11-09-2018 18:48:52 TCP: Recieved 36 bytes from socket.
11-09-2018 18:48:52 TCP: Parsing Data....
11-09-2018 18:48:52 TCP: Saving Data Into Database......
11-09-2018 18:48:52 TCP: Successfully Saved To Database......
11-09-2018 18:48:55 TCP: Recieved 36 bytes from socket.
11-09-2018 18:48:55 TCP: Parsing Data....
11-09-2018 18:48:55 TCP: Saving Data Into Database......
11-09-2018 18:48:55 TCP: Successfully Saved To Database......
11-09-2018 18:49:44 TCP: Recieved 36 bytes from socket.
11-09-2018 18:49:44 TCP: Parsing Data....
11-09-2018 18:49:44 TCP: Saving Data Into Database......
11-09-2018 18:49:44 TCP: Successfully Saved To Database......
11-09-2018 18:49:44 TCP: Recieved 36 bytes from socket.
11-09-2018 18:49:44 TCP: Parsing Data....
11-09-2018 18:49:44 TCP: Saving Data Into Database......
11-09-2018 18:49:44 TCP: Successfully Saved To Database......
11-09-2018 18:49:45 TCP: Recieved 108 bytes from socket.
11-09-2018 18:49:45 TCP: Parsing Data....
11-09-2018 18:49:45 TCP: Saving Data Into Database......
11-09-2018 18:49:45 TCP: Successfully Saved To Database......
11-09-2018 18:49:45 TCP: Saving Data Into Database......
11-09-2018 18:49:45 TCP: Successfully Saved To Database......
11-09-2018 18:49:45 TCP: Saving Data Into Database......
11-09-2018 18:49:45 TCP: Successfully Saved To Database......
11-09-2018 18:49:45 TCP: Recieved 144 bytes from socket.
11-09-2018 18:49:45 TCP: Parsing Data....
11-09-2018 18:49:45 TCP: Saving Data Into Database......
11-09-2018 18:49:45 TCP: Successfully Saved To Database......
11-09-2018 18:49:45 TCP: Saving Data Into Database......
11-09-2018 18:49:45 TCP: Successfully Saved To Database......
11-09-2018 18:49:45 TCP: Saving Data Into Database......
11-09-2018 18:49:45 TCP: Successfully Saved To Database......
11-09-2018 18:49:45 TCP: Saving Data Into Database......
11-09-2018 18:49:45 TCP: Successfully Saved To Database......
11-09-2018 18:49:45 TCP: Recieved 252 bytes from socket.
11-09-2018 18:49:45 TCP: Parsing Data....
11-09-2018 18:49:45 TCP: Saving Data Into Database......
11-09-2018 18:49:45 TCP: Successfully Saved To Database......
11-09-2018 18:49:45 TCP: Saving Data Into Database......
11-09-2018 18:49:45 TCP: Successfully Saved To Database......
11-09-2018 18:49:45 TCP: Saving Data Into Database......
11-09-2018 18:49:45 TCP: Successfully Saved To Database......
11-09-2018 18:49:45 TCP: Saving Data Into Database......
11-09-2018 18:49:45 TCP: Successfully Saved To Database......
11-09-2018 18:49:45 TCP: Saving Data Into Database......
11-09-2018 18:49:45 TCP: Successfully Saved To Database......
11-09-2018 18:49:45 TCP: Saving Data Into Database......
11-09-2018 18:49:46 TCP: Successfully Saved To Database......
11-09-2018 18:49:46 TCP: Saving Data Into Database......
11-09-2018 18:49:46 TCP: Successfully Saved To Database......
11-09-2018 18:49:47 TCP: Recieved 36 bytes from socket.
11-09-2018 18:49:47 TCP: Parsing Data....
11-09-2018 18:49:47 TCP: Saving Data Into Database......
11-09-2018 18:49:47 TCP: Successfully Saved To Database......
11-09-2018 18:49:50 TCP: Recieved 36 bytes from socket.
11-09-2018 18:49:50 TCP: Parsing Data....
11-09-2018 18:49:50 TCP: Saving Data Into Database......
11-09-2018 18:49:50 TCP: Successfully Saved To Database......
11-09-2018 18:49:53 TCP: Recieved 36 bytes from socket.
11-09-2018 18:49:53 TCP: Parsing Data....
11-09-2018 18:49:53 TCP: Saving Data Into Database......
11-09-2018 18:49:53 TCP: Successfully Saved To Database......
11-09-2018 18:50:56 TCP: Recieved 36 bytes from socket.
11-09-2018 18:50:56 TCP: Parsing Data....
11-09-2018 18:50:56 TCP: Saving Data Into Database......
11-09-2018 18:50:56 TCP: Successfully Saved To Database......
11-09-2018 18:50:57 TCP: Recieved 504 bytes from socket.
11-09-2018 18:50:57 TCP: Parsing Data....
11-09-2018 18:50:57 TCP: Saving Data Into Database......
11-09-2018 18:50:57 TCP: Successfully Saved To Database......
11-09-2018 18:50:57 TCP: Saving Data Into Database......
11-09-2018 18:50:57 TCP: Successfully Saved To Database......
11-09-2018 18:50:57 TCP: Saving Data Into Database......
11-09-2018 18:50:57 TCP: Successfully Saved To Database......
11-09-2018 18:50:57 TCP: Saving Data Into Database......
11-09-2018 18:50:57 TCP: Successfully Saved To Database......
11-09-2018 18:50:57 TCP: Saving Data Into Database......
11-09-2018 18:50:57 TCP: Successfully Saved To Database......
11-09-2018 18:50:57 TCP: Saving Data Into Database......
11-09-2018 18:50:57 TCP: Successfully Saved To Database......
11-09-2018 18:50:57 TCP: Saving Data Into Database......
11-09-2018 18:50:57 TCP: Successfully Saved To Database......
11-09-2018 18:50:57 TCP: Saving Data Into Database......
11-09-2018 18:50:57 TCP: Successfully Saved To Database......
11-09-2018 18:50:59 TCP: Recieved 36 bytes from socket.
11-09-2018 18:50:59 TCP: Parsing Data....
11-09-2018 18:50:59 TCP: Saving Data Into Database......
11-09-2018 18:50:59 TCP: Successfully Saved To Database......
11-09-2018 18:51:02 TCP: Recieved 36 bytes from socket.
11-09-2018 18:51:02 TCP: Parsing Data....
11-09-2018 18:51:02 TCP: Saving Data Into Database......
11-09-2018 18:51:02 TCP: Successfully Saved To Database......
11-09-2018 18:51:05 TCP: Recieved 36 bytes from socket.
11-09-2018 18:51:05 TCP: Parsing Data....
11-09-2018 18:51:05 TCP: Saving Data Into Database......
11-09-2018 18:51:05 TCP: Successfully Saved To Database......
11-09-2018 18:52:09 TCP: Recieved 36 bytes from socket.
11-09-2018 18:52:09 TCP: Parsing Data....
11-09-2018 18:52:09 TCP: Saving Data Into Database......
11-09-2018 18:52:09 TCP: Successfully Saved To Database......
11-09-2018 18:52:10 TCP: Recieved 699 bytes from socket.
11-09-2018 18:52:10 TCP: Parsing Data....
11-09-2018 18:52:10 TCP: Saving Data Into Database......
11-09-2018 18:52:10 TCP: Successfully Saved To Database......
11-09-2018 18:52:10 TCP: Saving Data Into Database......
11-09-2018 18:52:10 TCP: Successfully Saved To Database......
11-09-2018 18:52:10 TCP: Saving Data Into Database......
11-09-2018 18:52:10 TCP: Successfully Saved To Database......
11-09-2018 18:52:10 TCP: Saving Data Into Database......
11-09-2018 18:52:10 TCP: Successfully Saved To Database......
11-09-2018 18:52:10 TCP: Saving Data Into Database......
11-09-2018 18:52:10 TCP: Successfully Saved To Database......
11-09-2018 18:52:10 TCP: Saving Data Into Database......
11-09-2018 18:52:10 TCP: Successfully Saved To Database......
11-09-2018 18:52:10 TCP: Saving Data Into Database......
11-09-2018 18:52:10 TCP: Successfully Saved To Database......
11-09-2018 18:52:10 TCP: Saving Data Into Database......
11-09-2018 18:52:10 TCP: Successfully Saved To Database......
11-09-2018 18:52:10 TCP: Saving Data Into Database......
11-09-2018 18:52:10 TCP: Successfully Saved To Database......
11-09-2018 18:52:10 TCP: Saving Data Into Database......
11-09-2018 18:52:10 TCP: Successfully Saved To Database......
11-09-2018 18:52:10 TCP: Saving Data Into Database......
11-09-2018 18:52:10 TCP: Successfully Saved To Database......
11-09-2018 18:52:10 TCP: Saving Data Into Database......
11-09-2018 18:52:10 TCP: Successfully Saved To Database......
11-09-2018 18:52:10 TCP: Saving Data Into Database......
11-09-2018 18:52:10 TCP: Successfully Saved To Database......
11-09-2018 18:52:10 TCP: Saving Data Into Database......
11-09-2018 18:52:10 TCP: Successfully Saved To Database......
11-09-2018 18:52:10 TCP: Saving Data Into Database......
11-09-2018 18:52:10 TCP: Successfully Saved To Database......
11-09-2018 18:52:10 TCP: Saving Data Into Database......
11-09-2018 18:52:10 TCP: Successfully Saved To Database......
11-09-2018 18:52:10 TCP: Saving Data Into Database......
11-09-2018 18:52:10 TCP: Successfully Saved To Database......
11-09-2018 18:52:10 TCP: Saving Data Into Database......
11-09-2018 18:52:10 TCP: Successfully Saved To Database......
11-09-2018 18:52:10 TCP: Saving Data Into Database......
11-09-2018 18:52:10 TCP: Successfully Saved To Database......
11-09-2018 18:52:11 TCP: Recieved 36 bytes from socket.
11-09-2018 18:52:11 TCP: Parsing Data....
11-09-2018 18:52:11 TCP: Saving Data Into Database......
11-09-2018 18:52:11 TCP: Successfully Saved To Database......
11-09-2018 18:52:13 TCP: Recieved 36 bytes from socket.
11-09-2018 18:52:13 TCP: Parsing Data....
11-09-2018 18:52:13 TCP: Saving Data Into Database......
11-09-2018 18:52:14 TCP: Successfully Saved To Database......
11-09-2018 18:52:17 TCP: Recieved 36 bytes from socket.
11-09-2018 18:52:17 TCP: Parsing Data....
11-09-2018 18:52:17 TCP: Saving Data Into Database......
11-09-2018 18:52:17 TCP: Successfully Saved To Database......
11-09-2018 18:53:20 TCP: Recieved 36 bytes from socket.
11-09-2018 18:53:20 TCP: Parsing Data....
11-09-2018 18:53:20 TCP: Saving Data Into Database......
11-09-2018 18:53:20 TCP: Successfully Saved To Database......
11-09-2018 18:53:20 TCP: Recieved 72 bytes from socket.
11-09-2018 18:53:20 TCP: Parsing Data....
11-09-2018 18:53:20 TCP: Saving Data Into Database......
11-09-2018 18:53:20 TCP: Successfully Saved To Database......
11-09-2018 18:53:20 TCP: Saving Data Into Database......
11-09-2018 18:53:20 TCP: Successfully Saved To Database......
11-09-2018 18:53:40 TCP: Got new connection: 27.97.136.4:46030
11-09-2018 18:53:41 TCP: Recieved 18 bytes from socket.
11-09-2018 18:53:41 TCP: Parsing Data....
11-09-2018 18:53:41 TCP: Parsing Data....
11-09-2018 18:53:44 TCP: Recieved 36 bytes from socket.
11-09-2018 18:53:44 TCP: Parsing Data....
11-09-2018 18:53:44 TCP: Saving Data Into Database......
11-09-2018 18:53:44 TCP: Successfully Saved To Database......
11-09-2018 18:53:47 TCP: Recieved 36 bytes from socket.
11-09-2018 18:53:47 TCP: Parsing Data....
11-09-2018 18:53:47 TCP: Saving Data Into Database......
11-09-2018 18:53:48 TCP: Successfully Saved To Database......
11-09-2018 18:53:51 TCP: Recieved 36 bytes from socket.
11-09-2018 18:53:51 TCP: Parsing Data....
11-09-2018 18:53:51 TCP: Saving Data Into Database......
11-09-2018 18:53:51 TCP: Successfully Saved To Database......
11-09-2018 18:53:56 TCP: Recieved 36 bytes from socket.
11-09-2018 18:53:56 TCP: Parsing Data....
11-09-2018 18:53:56 TCP: Saving Data Into Database......
11-09-2018 18:53:56 TCP: Successfully Saved To Database......
11-09-2018 18:53:57 TCP: Recieved 36 bytes from socket.
11-09-2018 18:53:57 TCP: Parsing Data....
11-09-2018 18:53:57 TCP: Saving Data Into Database......
11-09-2018 18:53:57 TCP: Successfully Saved To Database......
11-09-2018 18:53:59 TCP: Recieved 36 bytes from socket.
11-09-2018 18:53:59 TCP: Parsing Data....
11-09-2018 18:53:59 TCP: Saving Data Into Database......
11-09-2018 18:53:59 TCP: Successfully Saved To Database......
