03-09-2018 15:09:20 UDP: Started listening at port 8414
03-09-2018 15:09:23 TCP: Started listening at port 10025
03-09-2018 15:09:24 TCP Output Control: Started listening at port 668
03-09-2018 15:09:24 TCP Output Control: Error in confirmation checker.
03-09-2018 15:09:24 TCP Output Control: System.InvalidOperationException: ExecuteNonQuery requires the command to have a transaction when the connection assigned to the command is in a pending local transaction.  The Transaction property of the command has not been initialized.
   at System.Data.SqlClient.SqlCommand.ValidateCommand(String method, Boolean async)
   at System.Data.SqlClient.SqlCommand.InternalExecuteNonQuery(TaskCompletionSource`1 completion, String methodName, Boolean sendToPipe, Int32 timeout, Boolean& usedCache, Boolean asyncWrite, Boolean inRetry)
   at System.Data.SqlClient.SqlCommand.ExecuteNonQuery()
   at ExampleService.DataAccess.MSSqlDataAccess.OutputUpdate(Int32 id, Byte status) in C:\Users\Abuzar\Desktop\27-08-2018\ExampleService\DataAccess\MSSqlDataAccess.cs:line 540
   at ExampleService.DataAccess.MSSqlDataAccess.CheckConfirmationExpirations() in C:\Users\Abuzar\Desktop\27-08-2018\ExampleService\DataAccess\MSSqlDataAccess.cs:line 561
   at ExampleService.TCPOutputControl.CheckConfirmationExpiration() in C:\Users\Abuzar\Desktop\27-08-2018\ExampleService\TCPOutputControl.cs:line 313
03-09-2018 15:10:02 TCP: Got new connection: 42.106.26.14:16429
03-09-2018 15:10:02 TCP: Recieved 18 bytes from socket.
03-09-2018 15:10:02 TCP: Parsing Data....
03-09-2018 15:10:04 TCP: Parsing Data....
03-09-2018 15:10:04 TCP: Recieved 51 bytes from socket.
03-09-2018 15:10:04 TCP: Parsing Data....
03-09-2018 15:11:41 TCP: Saving Data Into Database......
03-09-2018 15:11:41 TCP: Successfully Saved To Database......
03-09-2018 15:11:41 TCP: Recieved 483 bytes from socket.
03-09-2018 15:11:41 TCP: Parsing Data....
03-09-2018 15:11:41 TCP: Saving Data Into Database......
03-09-2018 15:11:41 TCP: Successfully Saved To Database......
03-09-2018 15:11:41 TCP: Saving Data Into Database......
03-09-2018 15:11:41 TCP: Successfully Saved To Database......
03-09-2018 15:11:41 TCP: Saving Data Into Database......
03-09-2018 15:11:41 TCP: Successfully Saved To Database......
03-09-2018 15:11:41 TCP: Saving Data Into Database......
03-09-2018 15:11:41 TCP: Successfully Saved To Database......
03-09-2018 15:11:41 TCP: Saving Data Into Database......
03-09-2018 15:11:41 TCP: Successfully Saved To Database......
03-09-2018 15:11:41 TCP: Saving Data Into Database......
03-09-2018 15:11:41 TCP: Successfully Saved To Database......
03-09-2018 15:11:41 TCP: Saving Data Into Database......
03-09-2018 15:11:41 TCP: Successfully Saved To Database......
03-09-2018 15:11:41 TCP: Saving Data Into Database......
03-09-2018 15:11:42 TCP: Successfully Saved To Database......
03-09-2018 15:11:42 TCP: Saving Data Into Database......
03-09-2018 15:11:42 TCP: Successfully Saved To Database......
03-09-2018 15:11:42 TCP: Saving Data Into Database......
03-09-2018 15:11:42 TCP: Successfully Saved To Database......
03-09-2018 15:11:42 TCP: Saving Data Into Database......
03-09-2018 15:11:42 TCP: Successfully Saved To Database......
03-09-2018 15:11:42 TCP: Saving Data Into Database......
03-09-2018 15:11:42 TCP: Successfully Saved To Database......
03-09-2018 15:11:42 TCP: Saving Data Into Database......
03-09-2018 15:11:42 TCP: Successfully Saved To Database......
03-09-2018 15:11:43 TCP: Recieved 36 bytes from socket.
03-09-2018 15:11:43 TCP: Parsing Data....
03-09-2018 15:11:43 TCP: Saving Data Into Database......
03-09-2018 15:11:43 TCP: Successfully Saved To Database......
03-09-2018 15:11:53 TCP: Recieved 36 bytes from socket.
03-09-2018 15:11:53 TCP: Parsing Data....
03-09-2018 15:11:53 TCP: Saving Data Into Database......
03-09-2018 15:11:53 TCP: Successfully Saved To Database......
03-09-2018 15:12:03 TCP: Recieved 36 bytes from socket.
03-09-2018 15:12:03 TCP: Parsing Data....
03-09-2018 15:12:03 TCP: Saving Data Into Database......
03-09-2018 15:12:03 TCP: Successfully Saved To Database......
03-09-2018 15:12:13 TCP: Recieved 36 bytes from socket.
03-09-2018 15:12:13 TCP: Parsing Data....
03-09-2018 15:12:13 TCP: Saving Data Into Database......
03-09-2018 15:12:13 TCP: Successfully Saved To Database......
03-09-2018 15:12:23 TCP: Recieved 36 bytes from socket.
03-09-2018 15:12:23 TCP: Parsing Data....
03-09-2018 15:12:23 TCP: Saving Data Into Database......
03-09-2018 15:12:23 TCP: Successfully Saved To Database......
03-09-2018 15:12:33 TCP: Recieved 36 bytes from socket.
03-09-2018 15:12:33 TCP: Parsing Data....
03-09-2018 15:12:33 TCP: Saving Data Into Database......
03-09-2018 15:12:33 TCP: Successfully Saved To Database......
03-09-2018 15:12:43 TCP: Recieved 36 bytes from socket.
03-09-2018 15:12:43 TCP: Parsing Data....
03-09-2018 15:12:43 TCP: Saving Data Into Database......
03-09-2018 15:12:43 TCP: Successfully Saved To Database......
03-09-2018 15:12:53 TCP: Recieved 36 bytes from socket.
03-09-2018 15:12:53 TCP: Parsing Data....
03-09-2018 15:12:53 TCP: Saving Data Into Database......
03-09-2018 15:12:53 TCP: Successfully Saved To Database......
03-09-2018 15:12:59 TCP: Recieved 15 bytes from socket.
03-09-2018 15:12:59 TCP: Parsing Data....
03-09-2018 15:12:59 TCP: Packet too short.
03-09-2018 15:13:02 TCP: Recieved 36 bytes from socket.
03-09-2018 15:13:02 TCP: Parsing Data....
03-09-2018 15:13:02 TCP: Saving Data Into Database......
03-09-2018 15:13:03 TCP: Successfully Saved To Database......
03-09-2018 15:13:13 TCP: Recieved 36 bytes from socket.
03-09-2018 15:13:13 TCP: Parsing Data....
03-09-2018 15:13:13 TCP: Saving Data Into Database......
03-09-2018 15:13:13 TCP: Successfully Saved To Database......
03-09-2018 15:13:23 TCP: Recieved 36 bytes from socket.
03-09-2018 15:13:23 TCP: Parsing Data....
03-09-2018 15:13:23 TCP: Saving Data Into Database......
03-09-2018 15:13:23 TCP: Successfully Saved To Database......
03-09-2018 15:13:33 TCP: Recieved 36 bytes from socket.
03-09-2018 15:13:33 TCP: Parsing Data....
03-09-2018 15:13:33 TCP: Saving Data Into Database......
03-09-2018 15:13:33 TCP: Successfully Saved To Database......
03-09-2018 15:13:43 TCP: Recieved 36 bytes from socket.
03-09-2018 15:13:43 TCP: Parsing Data....
03-09-2018 15:13:43 TCP: Saving Data Into Database......
03-09-2018 15:13:43 TCP: Successfully Saved To Database......
03-09-2018 15:13:53 TCP: Recieved 36 bytes from socket.
03-09-2018 15:13:53 TCP: Parsing Data....
03-09-2018 15:13:53 TCP: Saving Data Into Database......
03-09-2018 15:13:53 TCP: Successfully Saved To Database......
03-09-2018 15:14:03 TCP: Recieved 36 bytes from socket.
03-09-2018 15:14:03 TCP: Parsing Data....
03-09-2018 15:14:03 TCP: Saving Data Into Database......
03-09-2018 15:14:03 TCP: Successfully Saved To Database......
03-09-2018 15:14:12 TCP: Recieved 36 bytes from socket.
03-09-2018 15:14:12 TCP: Parsing Data....
03-09-2018 15:14:12 TCP: Saving Data Into Database......
03-09-2018 15:14:13 TCP: Successfully Saved To Database......
03-09-2018 15:14:22 TCP: Recieved 36 bytes from socket.
03-09-2018 15:14:22 TCP: Parsing Data....
03-09-2018 15:14:22 TCP: Saving Data Into Database......
03-09-2018 15:14:23 TCP: Successfully Saved To Database......
03-09-2018 15:14:30 TCP: Got new connection: 42.106.26.14:59940
03-09-2018 15:14:31 TCP: Recieved 18 bytes from socket.
03-09-2018 15:14:31 TCP: Parsing Data....
03-09-2018 15:14:31 TCP: Parsing Data....
03-09-2018 15:14:34 TCP: Recieved 15 bytes from socket.
03-09-2018 15:14:34 TCP: Parsing Data....
03-09-2018 15:14:34 TCP: Packet too short.
03-09-2018 15:14:37 TCP: Recieved 36 bytes from socket.
03-09-2018 15:14:37 TCP: Parsing Data....
03-09-2018 15:14:37 TCP: Saving Data Into Database......
03-09-2018 15:14:37 TCP: Successfully Saved To Database......
03-09-2018 15:14:43 TCP: Recieved 36 bytes from socket.
03-09-2018 15:14:43 TCP: Parsing Data....
03-09-2018 15:14:43 TCP: Saving Data Into Database......
03-09-2018 15:14:43 TCP: Successfully Saved To Database......
03-09-2018 15:14:53 TCP: Recieved 36 bytes from socket.
03-09-2018 15:14:53 TCP: Parsing Data....
03-09-2018 15:14:53 TCP: Saving Data Into Database......
03-09-2018 15:14:53 TCP: Successfully Saved To Database......
03-09-2018 15:15:03 TCP: Recieved 36 bytes from socket.
03-09-2018 15:15:03 TCP: Parsing Data....
03-09-2018 15:15:03 TCP: Saving Data Into Database......
03-09-2018 15:15:03 TCP: Successfully Saved To Database......
03-09-2018 15:15:13 TCP: Recieved 36 bytes from socket.
03-09-2018 15:15:13 TCP: Parsing Data....
03-09-2018 15:15:13 TCP: Saving Data Into Database......
03-09-2018 15:15:13 TCP: Successfully Saved To Database......
03-09-2018 15:15:23 TCP: Recieved 36 bytes from socket.
03-09-2018 15:15:23 TCP: Parsing Data....
03-09-2018 15:15:23 TCP: Saving Data Into Database......
03-09-2018 15:15:23 TCP: Successfully Saved To Database......
03-09-2018 15:15:33 TCP: Recieved 36 bytes from socket.
03-09-2018 15:15:33 TCP: Parsing Data....
03-09-2018 15:15:40 TCP: Saving Data Into Database......
03-09-2018 15:15:40 TCP: Successfully Saved To Database......
