14-09-2018 18:27:24 UDP: Started listening at port 8414
14-09-2018 18:27:24 TCP: Started listening at port 10025
14-09-2018 18:27:25 TCP Output Control: Started listening at port 669
14-09-2018 18:27:25 TCP Output Control: Error in confirmation checker.
14-09-2018 18:27:25 TCP Output Control: System.InvalidOperationException: ExecuteNonQuery requires the command to have a transaction when the connection assigned to the command is in a pending local transaction.  The Transaction property of the command has not been initialized.
   at System.Data.SqlClient.SqlCommand.ValidateCommand(String method, Boolean async)
   at System.Data.SqlClient.SqlCommand.InternalExecuteNonQuery(TaskCompletionSource`1 completion, String methodName, Boolean sendToPipe, Int32 timeout, Boolean& usedCache, Boolean asyncWrite, Boolean inRetry)
   at System.Data.SqlClient.SqlCommand.ExecuteNonQuery()
   at ExampleService.DataAccess.MSSqlDataAccess.OutputUpdate(Int32 id, Byte status) in C:\Users\Abuzar\Desktop\2deviceconsole 11-09-2018\GPSIndia\ExampleService\DataAccess\MSSqlDataAccess.cs:line 540
   at ExampleService.DataAccess.MSSqlDataAccess.CheckConfirmationExpirations() in C:\Users\Abuzar\Desktop\2deviceconsole 11-09-2018\GPSIndia\ExampleService\DataAccess\MSSqlDataAccess.cs:line 561
   at ExampleService.TCPOutputControl.CheckConfirmationExpiration() in C:\Users\Abuzar\Desktop\2deviceconsole 11-09-2018\GPSIndia\ExampleService\TCPOutputControl.cs:line 313
14-09-2018 18:27:54 TCP: Got new connection: 106.77.46.201:49017
14-09-2018 18:27:58 TCP: Recieved 18 bytes from socket.
14-09-2018 18:27:58 TCP: Parsing Data....
14-09-2018 18:27:58 TCP: Parsing Data....
14-09-2018 18:28:03 TCP: Recieved 15 bytes from socket.
14-09-2018 18:28:04 TCP: Parsing Data....
14-09-2018 18:28:16 TCP: Recieved 15 bytes from socket.
14-09-2018 18:28:16 TCP: Parsing Data....
14-09-2018 18:29:16 TCP: Recieved 36 bytes from socket.
14-09-2018 18:29:16 TCP: Parsing Data....
14-09-2018 18:29:16 TCP: Saving Data Into Database......
14-09-2018 18:29:16 TCP: Successfully Saved To Database......
14-09-2018 18:29:32 TCP: Got new connection: 106.77.46.201:8806
14-09-2018 18:29:35 TCP: Recieved 18 bytes from socket.
14-09-2018 18:29:35 TCP: Parsing Data....
14-09-2018 18:29:35 TCP: Parsing Data....
14-09-2018 18:29:41 TCP: Recieved 51 bytes from socket.
14-09-2018 18:29:41 TCP: Parsing Data....
14-09-2018 18:29:41 TCP: Saving Data Into Database......
14-09-2018 18:29:41 TCP: Successfully Saved To Database......
14-09-2018 18:29:43 TCP: Recieved 36 bytes from socket.
14-09-2018 18:29:43 TCP: Parsing Data....
14-09-2018 18:29:43 TCP: Saving Data Into Database......
14-09-2018 18:29:43 TCP: Successfully Saved To Database......
14-09-2018 18:29:48 TCP: Recieved 36 bytes from socket.
14-09-2018 18:29:48 TCP: Parsing Data....
14-09-2018 18:29:48 TCP: Saving Data Into Database......
14-09-2018 18:29:48 TCP: Successfully Saved To Database......
14-09-2018 18:29:56 TCP: Recieved 36 bytes from socket.
14-09-2018 18:29:56 TCP: Parsing Data....
14-09-2018 18:29:56 TCP: Saving Data Into Database......
14-09-2018 18:29:56 TCP: Successfully Saved To Database......
14-09-2018 18:30:06 TCP: Recieved 36 bytes from socket.
14-09-2018 18:30:06 TCP: Parsing Data....
14-09-2018 18:30:06 TCP: Saving Data Into Database......
14-09-2018 18:30:06 TCP: Successfully Saved To Database......
14-09-2018 18:30:16 TCP: Recieved 36 bytes from socket.
14-09-2018 18:30:16 TCP: Parsing Data....
14-09-2018 18:30:16 TCP: Saving Data Into Database......
14-09-2018 18:30:16 TCP: Successfully Saved To Database......
