10-09-2018 18:06:08 UDP: Started listening at port 8414
10-09-2018 18:06:08 TCP: Started listening at port 10025
10-09-2018 18:06:08 TCP Output Control: Started listening at port 668
10-09-2018 18:06:08 TCP Output Control: Error in confirmation checker.
10-09-2018 18:06:08 TCP Output Control: System.InvalidOperationException: ExecuteNonQuery requires the command to have a transaction when the connection assigned to the command is in a pending local transaction.  The Transaction property of the command has not been initialized.
   at System.Data.SqlClient.SqlCommand.ValidateCommand(String method, Boolean async)
   at System.Data.SqlClient.SqlCommand.InternalExecuteNonQuery(TaskCompletionSource`1 completion, String methodName, Boolean sendToPipe, Int32 timeout, Boolean& usedCache, Boolean asyncWrite, Boolean inRetry)
   at System.Data.SqlClient.SqlCommand.ExecuteNonQuery()
   at ExampleService.DataAccess.MSSqlDataAccess.OutputUpdate(Int32 id, Byte status) in C:\Users\Abuzar\Desktop\27-08-2018\ExampleService\DataAccess\MSSqlDataAccess.cs:line 540
   at ExampleService.DataAccess.MSSqlDataAccess.CheckConfirmationExpirations() in C:\Users\Abuzar\Desktop\27-08-2018\ExampleService\DataAccess\MSSqlDataAccess.cs:line 561
   at ExampleService.TCPOutputControl.CheckConfirmationExpiration() in C:\Users\Abuzar\Desktop\27-08-2018\ExampleService\TCPOutputControl.cs:line 313
10-09-2018 18:06:14 TCP: Got new connection: 106.77.42.114:51258
10-09-2018 18:06:14 TCP: Recieved 7 bytes from socket.
10-09-2018 18:06:14 TCP: Parsing Data....
10-09-2018 18:06:14 TCP: Parsing Data....
10-09-2018 18:06:15 TCP: Recieved 193 bytes from socket.
10-09-2018 18:06:15 TCP: Parsing Data....
10-09-2018 18:06:53 TCP: Got new connection: 106.77.49.12:30499
10-09-2018 18:06:54 TCP: Recieved 18 bytes from socket.
10-09-2018 18:06:54 TCP: Parsing Data....
10-09-2018 18:06:54 TCP: Parsing Data....
10-09-2018 18:06:57 TCP: Recieved 36 bytes from socket.
10-09-2018 18:06:57 TCP: Parsing Data....
10-09-2018 18:06:57 TCP: Saving Data Into Database......
10-09-2018 18:07:00 TCP: Recieved 15 bytes from socket.
10-09-2018 18:07:00 TCP: Parsing Data....
10-09-2018 18:07:03 TCP: Recieved 15 bytes from socket.
10-09-2018 18:07:03 TCP: Parsing Data....
10-09-2018 18:07:06 TCP: Recieved 15 bytes from socket.
10-09-2018 18:07:06 TCP: Parsing Data....
10-09-2018 18:07:09 TCP: Recieved 36 bytes from socket.
10-09-2018 18:07:09 TCP: Parsing Data....
10-09-2018 18:07:09 TCP: Saving Data Into Database......
10-09-2018 18:07:12 TCP: Recieved 36 bytes from socket.
10-09-2018 18:07:12 TCP: Parsing Data....
10-09-2018 18:07:12 TCP: Saving Data Into Database......
10-09-2018 18:07:15 TCP: Recieved 36 bytes from socket.
10-09-2018 18:07:15 TCP: Parsing Data....
10-09-2018 18:07:15 TCP: Saving Data Into Database......
10-09-2018 18:07:18 TCP: Recieved 36 bytes from socket.
10-09-2018 18:07:18 TCP: Parsing Data....
10-09-2018 18:07:18 TCP: Saving Data Into Database......
10-09-2018 18:07:21 TCP: Recieved 36 bytes from socket.
10-09-2018 18:07:21 TCP: Parsing Data....
10-09-2018 18:07:21 TCP: Saving Data Into Database......
10-09-2018 18:07:24 TCP: Recieved 36 bytes from socket.
10-09-2018 18:07:24 TCP: Parsing Data....
10-09-2018 18:07:24 TCP: Saving Data Into Database......
10-09-2018 18:07:27 TCP: Recieved 36 bytes from socket.
10-09-2018 18:07:27 TCP: Parsing Data....
10-09-2018 18:07:27 TCP: Saving Data Into Database......
10-09-2018 18:07:30 TCP: Recieved 36 bytes from socket.
10-09-2018 18:07:30 TCP: Parsing Data....
10-09-2018 18:07:30 TCP: Saving Data Into Database......
10-09-2018 18:07:33 TCP: Recieved 36 bytes from socket.
10-09-2018 18:07:33 TCP: Parsing Data....
10-09-2018 18:07:33 TCP: Saving Data Into Database......
10-09-2018 18:07:36 TCP: Recieved 36 bytes from socket.
10-09-2018 18:07:36 TCP: Parsing Data....
10-09-2018 18:07:36 TCP: Saving Data Into Database......
10-09-2018 18:07:39 TCP: Recieved 36 bytes from socket.
10-09-2018 18:07:39 TCP: Parsing Data....
10-09-2018 18:07:39 TCP: Saving Data Into Database......
10-09-2018 18:07:42 TCP: Recieved 36 bytes from socket.
10-09-2018 18:07:42 TCP: Parsing Data....
10-09-2018 18:07:42 TCP: Saving Data Into Database......
10-09-2018 18:07:45 TCP: Recieved 15 bytes from socket.
10-09-2018 18:07:45 TCP: Parsing Data....
10-09-2018 18:07:48 TCP: Recieved 36 bytes from socket.
10-09-2018 18:07:48 TCP: Parsing Data....
10-09-2018 18:07:48 TCP: Saving Data Into Database......
10-09-2018 18:07:52 TCP: Recieved 36 bytes from socket.
10-09-2018 18:07:52 TCP: Parsing Data....
10-09-2018 18:07:52 TCP: Saving Data Into Database......
10-09-2018 18:07:55 TCP: Recieved 36 bytes from socket.
10-09-2018 18:07:55 TCP: Parsing Data....
10-09-2018 18:07:55 TCP: Saving Data Into Database......
10-09-2018 18:07:57 TCP: Recieved 36 bytes from socket.
10-09-2018 18:07:57 TCP: Parsing Data....
10-09-2018 18:07:57 TCP: Saving Data Into Database......
10-09-2018 18:08:00 TCP: Recieved 36 bytes from socket.
10-09-2018 18:08:00 TCP: Parsing Data....
10-09-2018 18:08:00 TCP: Saving Data Into Database......
10-09-2018 18:08:03 TCP: Recieved 36 bytes from socket.
10-09-2018 18:08:03 TCP: Parsing Data....
10-09-2018 18:08:03 TCP: Saving Data Into Database......
10-09-2018 18:08:06 TCP: Recieved 15 bytes from socket.
10-09-2018 18:08:06 TCP: Parsing Data....
10-09-2018 18:08:11 TCP: Recieved 36 bytes from socket.
10-09-2018 18:08:11 TCP: Parsing Data....
10-09-2018 18:08:11 TCP: Saving Data Into Database......
10-09-2018 18:08:12 TCP: Recieved 36 bytes from socket.
10-09-2018 18:08:12 TCP: Parsing Data....
10-09-2018 18:08:12 TCP: Saving Data Into Database......
10-09-2018 18:08:18 TCP: Recieved 36 bytes from socket.
10-09-2018 18:08:18 TCP: Parsing Data....
10-09-2018 18:08:18 TCP: Saving Data Into Database......
10-09-2018 18:08:26 TCP: Recieved 108 bytes from socket.
10-09-2018 18:08:26 TCP: Parsing Data....
10-09-2018 18:08:26 TCP: Saving Data Into Database......
10-09-2018 18:08:26 TCP: Saving Data Into Database......
10-09-2018 18:08:26 TCP: Saving Data Into Database......
10-09-2018 18:08:28 TCP: Recieved 36 bytes from socket.
10-09-2018 18:08:28 TCP: Parsing Data....
10-09-2018 18:08:28 TCP: Saving Data Into Database......
10-09-2018 18:08:30 TCP: Recieved 36 bytes from socket.
10-09-2018 18:08:30 TCP: Parsing Data....
10-09-2018 18:08:30 TCP: Saving Data Into Database......
10-09-2018 18:08:33 TCP: Recieved 36 bytes from socket.
10-09-2018 18:08:33 TCP: Parsing Data....
10-09-2018 18:08:33 TCP: Saving Data Into Database......
10-09-2018 18:08:37 TCP: Recieved 36 bytes from socket.
10-09-2018 18:08:37 TCP: Parsing Data....
10-09-2018 18:08:37 TCP: Saving Data Into Database......
10-09-2018 18:08:39 TCP: Recieved 36 bytes from socket.
10-09-2018 18:08:39 TCP: Parsing Data....
10-09-2018 18:08:39 TCP: Saving Data Into Database......
10-09-2018 18:08:42 TCP: Recieved 36 bytes from socket.
10-09-2018 18:08:42 TCP: Parsing Data....
10-09-2018 18:08:42 TCP: Saving Data Into Database......
10-09-2018 18:08:45 TCP: Recieved 36 bytes from socket.
10-09-2018 18:08:45 TCP: Parsing Data....
10-09-2018 18:08:45 TCP: Saving Data Into Database......
10-09-2018 18:08:48 TCP: Recieved 36 bytes from socket.
10-09-2018 18:08:48 TCP: Parsing Data....
10-09-2018 18:08:48 TCP: Saving Data Into Database......
10-09-2018 18:08:52 TCP: Recieved 15 bytes from socket.
10-09-2018 18:08:52 TCP: Parsing Data....
10-09-2018 18:08:54 TCP: Recieved 36 bytes from socket.
10-09-2018 18:08:54 TCP: Parsing Data....
10-09-2018 18:08:54 TCP: Saving Data Into Database......
10-09-2018 18:08:57 TCP: Recieved 36 bytes from socket.
10-09-2018 18:08:57 TCP: Parsing Data....
10-09-2018 18:08:57 TCP: Saving Data Into Database......
10-09-2018 18:09:00 TCP: Recieved 36 bytes from socket.
10-09-2018 18:09:01 TCP: Parsing Data....
10-09-2018 18:09:01 TCP: Saving Data Into Database......
10-09-2018 18:09:02 TCP: Recieved 36 bytes from socket.
10-09-2018 18:09:02 TCP: Parsing Data....
10-09-2018 18:09:02 TCP: Saving Data Into Database......
10-09-2018 18:09:12 TCP: Recieved 36 bytes from socket.
10-09-2018 18:09:12 TCP: Parsing Data....
10-09-2018 18:09:12 TCP: Saving Data Into Database......
10-09-2018 18:09:22 TCP: Recieved 36 bytes from socket.
10-09-2018 18:09:22 TCP: Parsing Data....
10-09-2018 18:09:22 TCP: Saving Data Into Database......
10-09-2018 18:09:32 TCP: Recieved 36 bytes from socket.
10-09-2018 18:09:32 TCP: Parsing Data....
10-09-2018 18:09:32 TCP: Saving Data Into Database......
10-09-2018 18:09:41 TCP: Recieved 36 bytes from socket.
10-09-2018 18:09:41 TCP: Parsing Data....
10-09-2018 18:09:41 TCP: Saving Data Into Database......
10-09-2018 18:09:51 TCP: Recieved 36 bytes from socket.
10-09-2018 18:09:51 TCP: Parsing Data....
10-09-2018 18:09:51 TCP: Saving Data Into Database......
10-09-2018 18:10:37 TCP: Got new connection: 106.77.42.206:40719
10-09-2018 18:10:38 TCP: Recieved 18 bytes from socket.
10-09-2018 18:10:38 TCP: Parsing Data....
10-09-2018 18:10:38 TCP: Parsing Data....
10-09-2018 18:10:41 TCP: Recieved 15 bytes from socket.
10-09-2018 18:10:41 TCP: Parsing Data....
10-09-2018 18:10:44 TCP: Recieved 36 bytes from socket.
10-09-2018 18:10:44 TCP: Parsing Data....
10-09-2018 18:10:44 TCP: Saving Data Into Database......
10-09-2018 18:10:47 TCP: Recieved 36 bytes from socket.
10-09-2018 18:10:47 TCP: Parsing Data....
10-09-2018 18:10:47 TCP: Saving Data Into Database......
10-09-2018 18:10:50 TCP: Recieved 36 bytes from socket.
10-09-2018 18:10:50 TCP: Parsing Data....
10-09-2018 18:10:50 TCP: Saving Data Into Database......
10-09-2018 18:10:53 TCP: Recieved 36 bytes from socket.
10-09-2018 18:10:53 TCP: Parsing Data....
10-09-2018 18:10:53 TCP: Saving Data Into Database......
10-09-2018 18:10:56 TCP: Recieved 36 bytes from socket.
10-09-2018 18:10:56 TCP: Parsing Data....
10-09-2018 18:10:56 TCP: Saving Data Into Database......
10-09-2018 18:10:59 TCP: Recieved 36 bytes from socket.
10-09-2018 18:10:59 TCP: Parsing Data....
10-09-2018 18:10:59 TCP: Saving Data Into Database......
10-09-2018 18:11:01 TCP: Recieved 36 bytes from socket.
10-09-2018 18:11:01 TCP: Parsing Data....
10-09-2018 18:11:01 TCP: Saving Data Into Database......
10-09-2018 18:11:11 TCP: Recieved 36 bytes from socket.
10-09-2018 18:11:11 TCP: Parsing Data....
10-09-2018 18:11:11 TCP: Saving Data Into Database......
10-09-2018 18:11:21 TCP: Recieved 36 bytes from socket.
10-09-2018 18:11:21 TCP: Parsing Data....
10-09-2018 18:11:21 TCP: Saving Data Into Database......
10-09-2018 18:12:33 TCP: Got new connection: 49.14.49.222:28490
10-09-2018 18:12:34 TCP: Recieved 18 bytes from socket.
10-09-2018 18:12:34 TCP: Parsing Data....
10-09-2018 18:12:34 TCP: Parsing Data....
10-09-2018 18:12:37 TCP: Recieved 15 bytes from socket.
10-09-2018 18:12:37 TCP: Parsing Data....
10-09-2018 18:12:40 TCP: Recieved 36 bytes from socket.
10-09-2018 18:12:40 TCP: Parsing Data....
10-09-2018 18:12:40 TCP: Saving Data Into Database......
10-09-2018 18:26:36 TCP: Got new connection: 106.77.34.213:9713
10-09-2018 18:26:37 TCP: Recieved 18 bytes from socket.
10-09-2018 18:26:37 TCP: Parsing Data....
10-09-2018 18:26:37 TCP: Parsing Data....
10-09-2018 18:29:16 TCP: Got new connection: 106.67.145.127:56889
10-09-2018 18:29:17 TCP: Recieved 18 bytes from socket.
10-09-2018 18:29:17 TCP: Parsing Data....
10-09-2018 18:29:17 TCP: Parsing Data....
10-09-2018 18:29:21 TCP: Recieved 15 bytes from socket.
10-09-2018 18:29:21 TCP: Parsing Data....
10-09-2018 18:29:22 TCP: Recieved 36 bytes from socket.
10-09-2018 18:29:22 TCP: Parsing Data....
10-09-2018 18:29:22 TCP: Saving Data Into Database......
10-09-2018 18:29:32 TCP: Recieved 36 bytes from socket.
10-09-2018 18:29:32 TCP: Parsing Data....
10-09-2018 18:29:32 TCP: Saving Data Into Database......
10-09-2018 18:29:43 TCP: Recieved 36 bytes from socket.
10-09-2018 18:29:43 TCP: Parsing Data....
10-09-2018 18:29:43 TCP: Saving Data Into Database......
10-09-2018 18:29:52 TCP: Recieved 36 bytes from socket.
10-09-2018 18:29:52 TCP: Parsing Data....
10-09-2018 18:29:52 TCP: Saving Data Into Database......
10-09-2018 18:30:02 TCP: Recieved 36 bytes from socket.
10-09-2018 18:30:02 TCP: Parsing Data....
10-09-2018 18:30:02 TCP: Saving Data Into Database......
10-09-2018 18:30:12 TCP: Recieved 36 bytes from socket.
10-09-2018 18:30:12 TCP: Parsing Data....
10-09-2018 18:30:12 TCP: Saving Data Into Database......
10-09-2018 18:30:22 TCP: Recieved 36 bytes from socket.
10-09-2018 18:30:22 TCP: Parsing Data....
10-09-2018 18:30:22 TCP: Saving Data Into Database......
10-09-2018 18:30:32 TCP: Recieved 36 bytes from socket.
10-09-2018 18:30:32 TCP: Parsing Data....
10-09-2018 18:30:32 TCP: Saving Data Into Database......
10-09-2018 18:30:42 TCP: Recieved 36 bytes from socket.
10-09-2018 18:30:42 TCP: Parsing Data....
10-09-2018 18:30:42 TCP: Saving Data Into Database......
10-09-2018 18:30:47 TCP: Recieved 15 bytes from socket.
10-09-2018 18:30:47 TCP: Parsing Data....
10-09-2018 18:30:53 TCP: Recieved 36 bytes from socket.
10-09-2018 18:30:53 TCP: Parsing Data....
10-09-2018 18:30:53 TCP: Saving Data Into Database......
10-09-2018 18:31:03 TCP: Recieved 36 bytes from socket.
10-09-2018 18:31:03 TCP: Parsing Data....
10-09-2018 18:31:03 TCP: Saving Data Into Database......
10-09-2018 18:31:05 TCP: Recieved 36 bytes from socket.
10-09-2018 18:31:05 TCP: Parsing Data....
10-09-2018 18:31:05 TCP: Saving Data Into Database......
10-09-2018 18:31:15 TCP: Recieved 36 bytes from socket.
10-09-2018 18:31:15 TCP: Parsing Data....
10-09-2018 18:31:15 TCP: Saving Data Into Database......
10-09-2018 18:31:25 TCP: Recieved 36 bytes from socket.
10-09-2018 18:31:25 TCP: Parsing Data....
10-09-2018 18:31:25 TCP: Saving Data Into Database......
10-09-2018 18:31:35 TCP: Recieved 36 bytes from socket.
10-09-2018 18:31:35 TCP: Parsing Data....
10-09-2018 18:31:35 TCP: Saving Data Into Database......
10-09-2018 18:31:45 TCP: Recieved 36 bytes from socket.
10-09-2018 18:31:45 TCP: Parsing Data....
10-09-2018 18:31:45 TCP: Saving Data Into Database......
10-09-2018 18:31:55 TCP: Recieved 36 bytes from socket.
10-09-2018 18:31:55 TCP: Parsing Data....
10-09-2018 18:31:55 TCP: Saving Data Into Database......
10-09-2018 18:32:05 TCP: Recieved 36 bytes from socket.
10-09-2018 18:32:05 TCP: Parsing Data....
10-09-2018 18:32:05 TCP: Saving Data Into Database......
10-09-2018 18:32:15 TCP: Recieved 36 bytes from socket.
10-09-2018 18:32:15 TCP: Parsing Data....
10-09-2018 18:32:15 TCP: Saving Data Into Database......
10-09-2018 18:32:17 TCP: Recieved 15 bytes from socket.
10-09-2018 18:32:17 TCP: Parsing Data....
10-09-2018 18:32:25 TCP: Recieved 36 bytes from socket.
10-09-2018 18:32:25 TCP: Parsing Data....
10-09-2018 18:32:25 TCP: Saving Data Into Database......
10-09-2018 18:32:35 TCP: Recieved 36 bytes from socket.
10-09-2018 18:32:35 TCP: Parsing Data....
10-09-2018 18:32:35 TCP: Saving Data Into Database......
10-09-2018 18:32:45 TCP: Recieved 36 bytes from socket.
10-09-2018 18:32:45 TCP: Parsing Data....
10-09-2018 18:32:45 TCP: Saving Data Into Database......
10-09-2018 18:32:57 TCP: Recieved 36 bytes from socket.
10-09-2018 18:32:57 TCP: Parsing Data....
10-09-2018 18:32:57 TCP: Saving Data Into Database......
10-09-2018 18:33:05 TCP: Recieved 36 bytes from socket.
10-09-2018 18:33:05 TCP: Parsing Data....
10-09-2018 18:33:05 TCP: Saving Data Into Database......
10-09-2018 18:33:15 TCP: Recieved 36 bytes from socket.
10-09-2018 18:33:15 TCP: Parsing Data....
10-09-2018 18:33:15 TCP: Saving Data Into Database......
10-09-2018 18:33:25 TCP: Recieved 36 bytes from socket.
10-09-2018 18:33:25 TCP: Parsing Data....
10-09-2018 18:33:25 TCP: Saving Data Into Database......
10-09-2018 18:33:35 TCP: Recieved 36 bytes from socket.
10-09-2018 18:33:35 TCP: Parsing Data....
10-09-2018 18:33:35 TCP: Saving Data Into Database......
10-09-2018 18:33:45 TCP: Recieved 36 bytes from socket.
10-09-2018 18:33:45 TCP: Parsing Data....
10-09-2018 18:33:45 TCP: Saving Data Into Database......
10-09-2018 18:33:47 TCP: Got new connection: 106.67.145.127:21173
10-09-2018 18:33:48 TCP: Recieved 18 bytes from socket.
10-09-2018 18:33:48 TCP: Parsing Data....
10-09-2018 18:33:48 TCP: Parsing Data....
10-09-2018 18:33:51 TCP: Recieved 15 bytes from socket.
10-09-2018 18:33:51 TCP: Parsing Data....
10-09-2018 18:33:55 TCP: Recieved 36 bytes from socket.
10-09-2018 18:33:55 TCP: Parsing Data....
10-09-2018 18:33:55 TCP: Saving Data Into Database......
10-09-2018 18:34:05 TCP: Recieved 36 bytes from socket.
10-09-2018 18:34:05 TCP: Parsing Data....
10-09-2018 18:34:05 TCP: Saving Data Into Database......
10-09-2018 18:34:15 TCP: Recieved 36 bytes from socket.
10-09-2018 18:34:15 TCP: Parsing Data....
10-09-2018 18:34:15 TCP: Saving Data Into Database......
10-09-2018 18:34:25 TCP: Recieved 36 bytes from socket.
10-09-2018 18:34:25 TCP: Parsing Data....
10-09-2018 18:34:25 TCP: Saving Data Into Database......
10-09-2018 18:34:35 TCP: Recieved 36 bytes from socket.
10-09-2018 18:34:35 TCP: Parsing Data....
10-09-2018 18:34:35 TCP: Saving Data Into Database......
10-09-2018 18:34:45 TCP: Recieved 36 bytes from socket.
10-09-2018 18:34:45 TCP: Parsing Data....
10-09-2018 18:34:45 TCP: Saving Data Into Database......
10-09-2018 18:34:55 TCP: Recieved 36 bytes from socket.
10-09-2018 18:34:55 TCP: Parsing Data....
10-09-2018 18:34:55 TCP: Saving Data Into Database......
10-09-2018 18:35:05 TCP: Recieved 36 bytes from socket.
10-09-2018 18:35:05 TCP: Parsing Data....
10-09-2018 18:35:05 TCP: Saving Data Into Database......
10-09-2018 18:35:15 TCP: Recieved 36 bytes from socket.
10-09-2018 18:35:15 TCP: Parsing Data....
10-09-2018 18:35:15 TCP: Saving Data Into Database......
10-09-2018 18:35:21 TCP: Recieved 15 bytes from socket.
10-09-2018 18:35:21 TCP: Parsing Data....
10-09-2018 18:35:25 TCP: Recieved 36 bytes from socket.
10-09-2018 18:35:25 TCP: Parsing Data....
10-09-2018 18:35:25 TCP: Saving Data Into Database......
10-09-2018 18:35:35 TCP: Recieved 36 bytes from socket.
10-09-2018 18:35:35 TCP: Parsing Data....
10-09-2018 18:35:35 TCP: Saving Data Into Database......
10-09-2018 18:35:51 TCP: Recieved 36 bytes from socket.
10-09-2018 18:35:51 TCP: Parsing Data....
10-09-2018 18:35:51 TCP: Saving Data Into Database......
