27-08-2018 17:12:58 UDP: Started listening at port 8414
27-08-2018 17:12:58 TCP: Started listening at port 10025
27-08-2018 17:12:58 TCP Output Control: Started listening at port 668
27-08-2018 17:12:59 TCP Output Control: Error in confirmation checker.
27-08-2018 17:12:59 TCP Output Control: System.InvalidOperationException: ExecuteNonQuery requires the command to have a transaction when the connection assigned to the command is in a pending local transaction.  The Transaction property of the command has not been initialized.
   at System.Data.SqlClient.SqlCommand.ValidateCommand(String method, Boolean async)
   at System.Data.SqlClient.SqlCommand.InternalExecuteNonQuery(TaskCompletionSource`1 completion, String methodName, Boolean sendToPipe, Int32 timeout, Boolean& usedCache, Boolean asyncWrite, Boolean inRetry)
   at System.Data.SqlClient.SqlCommand.ExecuteNonQuery()
   at ExampleService.DataAccess.MSSqlDataAccess.OutputUpdate(Int32 id, Byte status) in C:\Users\Abuzar\Desktop\27-08-2018\ExampleService\DataAccess\MSSqlDataAccess.cs:line 540
   at ExampleService.DataAccess.MSSqlDataAccess.CheckConfirmationExpirations() in C:\Users\Abuzar\Desktop\27-08-2018\ExampleService\DataAccess\MSSqlDataAccess.cs:line 561
   at ExampleService.TCPOutputControl.CheckConfirmationExpiration() in C:\Users\Abuzar\Desktop\27-08-2018\ExampleService\TCPOutputControl.cs:line 312
27-08-2018 17:13:28 TCP: Got new connection: 42.106.6.97:43986
27-08-2018 17:13:34 TCP: Recieved 18 bytes from socket.
27-08-2018 17:13:41 TCP: Checking for keyword validity.
27-08-2018 17:17:05 TCP: Got new connection: 42.106.6.97:64584
27-08-2018 17:17:14 TCP: Keyword valid. Waiting for data.
27-08-2018 17:17:16 TCP: Recieved 1024 bytes from socket.
27-08-2018 17:17:54 TCP: Checking for keyword validity.
27-08-2018 17:17:57 TCP: Recieved 960 bytes from socket.
27-08-2018 17:18:16 TCP: Keyword valid. Waiting for data.
27-08-2018 17:18:17 TCP: Unknown service id = 202 , closing connection.
27-08-2018 17:18:43 TCP: Connection closed.
27-08-2018 17:18:44 TCP: Recieved 1024 bytes from socket.
27-08-2018 17:18:46 TCP: Unknown service id = 31 , closing connection.
27-08-2018 17:18:46 TCP: Connection closed.
27-08-2018 17:18:48 TCP: Got new connection: 42.106.6.97:45883
27-08-2018 17:18:50 TCP: Recieved 18 bytes from socket.
27-08-2018 17:18:50 TCP: Checking for keyword validity.
27-08-2018 17:18:50 TCP: Keyword valid. Waiting for data.
27-08-2018 17:18:53 TCP: Recieved 36 bytes from socket.
27-08-2018 17:19:45 TCP: Unknown service id = 203 , closing connection.
27-08-2018 17:19:45 TCP: Connection closed.
27-08-2018 17:20:21 TCP: Got new connection: 42.106.18.161:12994
27-08-2018 17:20:34 TCP: Recieved 18 bytes from socket.
27-08-2018 17:20:40 TCP: Checking for keyword validity.
27-08-2018 17:20:45 TCP: Keyword valid. Waiting for data.
27-08-2018 17:21:12 TCP: Recieved 411 bytes from socket.
27-08-2018 17:22:45 TCP: Unknown service id = 203 , closing connection.
27-08-2018 17:22:45 TCP: Connection closed.
27-08-2018 17:23:39 TCP: Got new connection: 42.106.18.161:52521
27-08-2018 17:23:40 TCP: Recieved 213 bytes from socket.
27-08-2018 17:23:40 TCP: Checking for keyword validity.
27-08-2018 17:23:40 TCP: Keyword valid. Waiting for data.
27-08-2018 17:23:51 TCP: Recieved 36 bytes from socket.
27-08-2018 17:24:59 TCP: Unknown service id = 202 , closing connection.
27-08-2018 17:24:59 TCP: Connection closed.
27-08-2018 17:25:34 TCP: Got new connection: 42.106.19.170:30281
27-08-2018 17:25:35 TCP: Recieved 18 bytes from socket.
27-08-2018 17:25:35 TCP: Checking for keyword validity.
27-08-2018 17:25:35 TCP: Keyword valid. Waiting for data.
27-08-2018 17:25:37 TCP: Recieved 15 bytes from socket.
27-08-2018 17:25:37 TCP: Unknown service id = 244 , closing connection.
27-08-2018 17:25:38 TCP: Connection closed.
27-08-2018 17:25:39 TCP: Got new connection: 42.106.19.170:12652
27-08-2018 17:25:40 TCP: Recieved 18 bytes from socket.
27-08-2018 17:25:40 TCP: Checking for keyword validity.
27-08-2018 17:25:40 TCP: Keyword valid. Waiting for data.
27-08-2018 17:25:43 TCP: Recieved 15 bytes from socket.
27-08-2018 17:25:43 TCP: Unknown service id = 246 , closing connection.
27-08-2018 17:25:43 TCP: Connection closed.
27-08-2018 17:25:44 TCP: Got new connection: 42.106.19.170:1188
27-08-2018 17:25:45 TCP: Recieved 18 bytes from socket.
27-08-2018 17:25:45 TCP: Checking for keyword validity.
27-08-2018 17:25:45 TCP: Keyword valid. Waiting for data.
27-08-2018 17:25:48 TCP: Recieved 36 bytes from socket.
27-08-2018 17:25:48 TCP: Unknown service id = 202 , closing connection.
27-08-2018 17:25:49 TCP: Connection closed.
27-08-2018 17:26:24 TCP: Got new connection: 42.106.25.231:61671
27-08-2018 17:26:26 TCP: Recieved 18 bytes from socket.
27-08-2018 17:26:26 TCP: Checking for keyword validity.
27-08-2018 17:26:26 TCP: Keyword valid. Waiting for data.
27-08-2018 17:26:31 TCP: Recieved 15 bytes from socket.
27-08-2018 17:26:31 TCP: Unknown service id = 249 , closing connection.
27-08-2018 17:26:31 TCP: Connection closed.
27-08-2018 17:26:35 TCP: Got new connection: 42.106.25.231:5552
27-08-2018 17:26:35 TCP: Recieved 18 bytes from socket.
27-08-2018 17:26:35 TCP: Checking for keyword validity.
27-08-2018 17:26:35 TCP: Keyword valid. Waiting for data.
27-08-2018 17:26:39 TCP: Recieved 36 bytes from socket.
27-08-2018 17:26:39 TCP: Unknown service id = 202 , closing connection.
27-08-2018 17:26:39 TCP: Connection closed.
27-08-2018 17:26:40 TCP: Got new connection: 42.106.25.231:3548
27-08-2018 17:26:41 TCP: Recieved 18 bytes from socket.
27-08-2018 17:26:41 TCP: Checking for keyword validity.
27-08-2018 17:26:41 TCP: Keyword valid. Waiting for data.
27-08-2018 17:26:44 TCP: Recieved 36 bytes from socket.
27-08-2018 17:26:44 TCP: Unknown service id = 202 , closing connection.
27-08-2018 17:26:44 TCP: Connection closed.
27-08-2018 17:27:19 TCP: Got new connection: 42.106.17.219:7713
27-08-2018 17:27:20 TCP: Recieved 18 bytes from socket.
27-08-2018 17:27:20 TCP: Checking for keyword validity.
27-08-2018 17:27:20 TCP: Keyword valid. Waiting for data.
27-08-2018 17:27:23 TCP: Recieved 36 bytes from socket.
27-08-2018 17:27:23 TCP: Unknown service id = 202 , closing connection.
27-08-2018 17:27:23 TCP: Connection closed.
27-08-2018 17:27:24 TCP: Got new connection: 42.106.17.219:26361
27-08-2018 17:27:26 TCP: Recieved 18 bytes from socket.
27-08-2018 17:27:26 TCP: Checking for keyword validity.
27-08-2018 17:27:26 TCP: Keyword valid. Waiting for data.
27-08-2018 17:27:29 TCP: Recieved 36 bytes from socket.
27-08-2018 17:27:29 TCP: Unknown service id = 202 , closing connection.
27-08-2018 17:27:29 TCP: Connection closed.
27-08-2018 17:27:30 TCP: Got new connection: 42.106.17.219:57894
27-08-2018 17:27:31 TCP: Recieved 18 bytes from socket.
27-08-2018 17:27:31 TCP: Checking for keyword validity.
27-08-2018 17:27:31 TCP: Keyword valid. Waiting for data.
27-08-2018 17:27:34 TCP: Recieved 36 bytes from socket.
27-08-2018 17:27:34 TCP: Unknown service id = 201 , closing connection.
27-08-2018 17:27:34 TCP: Connection closed.
27-08-2018 17:28:09 TCP: Got new connection: 42.106.28.152:18680
27-08-2018 17:28:10 TCP: Recieved 18 bytes from socket.
27-08-2018 17:28:10 TCP: Checking for keyword validity.
27-08-2018 17:28:10 TCP: Keyword valid. Waiting for data.
27-08-2018 17:28:13 TCP: Recieved 15 bytes from socket.
27-08-2018 17:28:13 TCP: Unknown service id = 255 , closing connection.
27-08-2018 17:28:13 TCP: Connection closed.
27-08-2018 17:28:15 TCP: Got new connection: 42.106.28.152:2733
27-08-2018 17:28:16 TCP: Recieved 18 bytes from socket.
27-08-2018 17:28:16 TCP: Checking for keyword validity.
27-08-2018 17:28:16 TCP: Keyword valid. Waiting for data.
27-08-2018 17:28:19 TCP: Recieved 15 bytes from socket.
27-08-2018 17:28:19 TCP: Unknown service id = 2 , closing connection.
27-08-2018 17:28:19 TCP: Connection closed.
27-08-2018 17:28:20 TCP: Got new connection: 42.106.28.152:22629
27-08-2018 17:28:21 TCP: Recieved 18 bytes from socket.
27-08-2018 17:28:21 TCP: Checking for keyword validity.
27-08-2018 17:28:21 TCP: Keyword valid. Waiting for data.
27-08-2018 17:28:24 TCP: Recieved 15 bytes from socket.
27-08-2018 17:28:24 TCP: Unknown service id = 4 , closing connection.
27-08-2018 17:28:24 TCP: Connection closed.
27-08-2018 17:28:58 TCP: Got new connection: 42.106.7.191:25627
27-08-2018 17:28:59 TCP: Recieved 18 bytes from socket.
27-08-2018 17:28:59 TCP: Checking for keyword validity.
27-08-2018 17:28:59 TCP: Keyword valid. Waiting for data.
27-08-2018 17:29:03 TCP: Recieved 36 bytes from socket.
27-08-2018 17:29:03 TCP: Unknown service id = 201 , closing connection.
27-08-2018 17:29:03 TCP: Connection closed.
27-08-2018 17:29:04 TCP: Got new connection: 42.106.7.191:16466
27-08-2018 17:29:05 TCP: Recieved 18 bytes from socket.
27-08-2018 17:29:05 TCP: Checking for keyword validity.
27-08-2018 17:29:05 TCP: Keyword valid. Waiting for data.
27-08-2018 17:29:08 TCP: Recieved 36 bytes from socket.
27-08-2018 17:29:08 TCP: Unknown service id = 200 , closing connection.
27-08-2018 17:29:08 TCP: Connection closed.
27-08-2018 17:29:09 TCP: Got new connection: 42.106.7.191:6984
27-08-2018 17:29:10 TCP: Recieved 18 bytes from socket.
27-08-2018 17:29:10 TCP: Checking for keyword validity.
27-08-2018 17:29:10 TCP: Keyword valid. Waiting for data.
27-08-2018 17:29:13 TCP: Recieved 36 bytes from socket.
27-08-2018 17:29:13 TCP: Unknown service id = 202 , closing connection.
27-08-2018 17:29:13 TCP: Connection closed.
27-08-2018 17:29:40 TCP: Got new connection: 42.106.18.252:24589
27-08-2018 17:29:41 TCP: Recieved 18 bytes from socket.
27-08-2018 17:29:41 TCP: Checking for keyword validity.
27-08-2018 17:29:41 TCP: Keyword valid. Waiting for data.
27-08-2018 17:29:46 TCP: Recieved 15 bytes from socket.
27-08-2018 17:29:46 TCP: Unknown service id = 4 , closing connection.
27-08-2018 17:29:46 TCP: Connection closed.
27-08-2018 17:29:48 TCP: Got new connection: 42.106.18.252:9261
27-08-2018 17:29:48 TCP: Recieved 18 bytes from socket.
27-08-2018 17:29:48 TCP: Checking for keyword validity.
27-08-2018 17:29:48 TCP: Keyword valid. Waiting for data.
27-08-2018 17:29:51 TCP: Recieved 36 bytes from socket.
27-08-2018 17:29:51 TCP: Unknown service id = 200 , closing connection.
27-08-2018 17:29:51 TCP: Connection closed.
27-08-2018 17:29:52 TCP: Got new connection: 42.106.18.252:54151
27-08-2018 17:29:53 TCP: Recieved 18 bytes from socket.
27-08-2018 17:29:53 TCP: Checking for keyword validity.
27-08-2018 17:29:53 TCP: Keyword valid. Waiting for data.
27-08-2018 17:29:57 TCP: Recieved 15 bytes from socket.
27-08-2018 17:29:57 TCP: Unknown service id = 7 , closing connection.
27-08-2018 17:29:57 TCP: Connection closed.
27-08-2018 17:30:34 TCP: Got new connection: 42.106.28.49:34469
27-08-2018 17:30:35 TCP: Recieved 18 bytes from socket.
27-08-2018 17:30:35 TCP: Checking for keyword validity.
27-08-2018 17:30:35 TCP: Keyword valid. Waiting for data.
27-08-2018 17:30:38 TCP: Recieved 15 bytes from socket.
27-08-2018 17:30:38 TCP: Unknown service id = 9 , closing connection.
27-08-2018 17:30:38 TCP: Connection closed.
27-08-2018 17:30:39 TCP: Got new connection: 42.106.28.49:53533
27-08-2018 17:30:40 TCP: Recieved 18 bytes from socket.
27-08-2018 17:30:40 TCP: Checking for keyword validity.
27-08-2018 17:30:40 TCP: Keyword valid. Waiting for data.
27-08-2018 17:30:43 TCP: Recieved 36 bytes from socket.
27-08-2018 17:30:43 TCP: Unknown service id = 200 , closing connection.
27-08-2018 17:30:43 TCP: Connection closed.
27-08-2018 17:30:44 TCP: Got new connection: 42.106.28.49:64846
27-08-2018 17:30:46 TCP: Recieved 18 bytes from socket.
27-08-2018 17:30:46 TCP: Checking for keyword validity.
27-08-2018 17:30:46 TCP: Keyword valid. Waiting for data.
27-08-2018 17:30:49 TCP: Recieved 36 bytes from socket.
27-08-2018 17:30:49 TCP: Unknown service id = 201 , closing connection.
27-08-2018 17:30:49 TCP: Connection closed.
27-08-2018 17:31:25 TCP: Got new connection: 42.106.22.221:62242
27-08-2018 17:31:26 TCP: Recieved 18 bytes from socket.
27-08-2018 17:31:26 TCP: Checking for keyword validity.
27-08-2018 17:31:26 TCP: Keyword valid. Waiting for data.
27-08-2018 17:31:29 TCP: Recieved 36 bytes from socket.
27-08-2018 17:31:29 TCP: Unknown service id = 201 , closing connection.
27-08-2018 17:31:29 TCP: Connection closed.
27-08-2018 17:31:30 TCP: Got new connection: 42.106.22.221:5245
27-08-2018 17:31:31 TCP: Recieved 18 bytes from socket.
27-08-2018 17:31:31 TCP: Checking for keyword validity.
27-08-2018 17:31:31 TCP: Keyword valid. Waiting for data.
27-08-2018 17:31:34 TCP: Recieved 36 bytes from socket.
27-08-2018 17:31:34 TCP: Unknown service id = 202 , closing connection.
27-08-2018 17:31:34 TCP: Connection closed.
27-08-2018 17:31:35 TCP: Got new connection: 42.106.22.221:33875
27-08-2018 17:31:36 TCP: Recieved 18 bytes from socket.
27-08-2018 17:31:36 TCP: Checking for keyword validity.
27-08-2018 17:31:36 TCP: Keyword valid. Waiting for data.
27-08-2018 17:31:40 TCP: Recieved 36 bytes from socket.
27-08-2018 17:31:40 TCP: Unknown service id = 200 , closing connection.
27-08-2018 17:31:40 TCP: Connection closed.
27-08-2018 17:32:15 TCP: Got new connection: 42.106.27.75:10105
27-08-2018 17:32:16 TCP: Recieved 18 bytes from socket.
27-08-2018 17:32:16 TCP: Checking for keyword validity.
27-08-2018 17:32:16 TCP: Keyword valid. Waiting for data.
27-08-2018 17:32:19 TCP: Recieved 15 bytes from socket.
27-08-2018 17:32:19 TCP: Unknown service id = 16 , closing connection.
27-08-2018 17:32:19 TCP: Connection closed.
27-08-2018 17:32:21 TCP: Got new connection: 42.106.27.75:14631
27-08-2018 17:32:22 TCP: Recieved 18 bytes from socket.
27-08-2018 17:32:22 TCP: Checking for keyword validity.
27-08-2018 17:32:22 TCP: Keyword valid. Waiting for data.
27-08-2018 17:32:25 TCP: Recieved 15 bytes from socket.
27-08-2018 17:32:25 TCP: Unknown service id = 18 , closing connection.
27-08-2018 17:32:25 TCP: Connection closed.
27-08-2018 17:32:27 TCP: Got new connection: 42.106.27.75:44875
27-08-2018 17:32:28 TCP: Recieved 18 bytes from socket.
27-08-2018 17:32:28 TCP: Checking for keyword validity.
27-08-2018 17:32:28 TCP: Keyword valid. Waiting for data.
27-08-2018 17:32:31 TCP: Recieved 36 bytes from socket.
27-08-2018 17:32:31 TCP: Unknown service id = 200 , closing connection.
27-08-2018 17:32:31 TCP: Connection closed.
27-08-2018 17:33:07 TCP: Got new connection: 42.106.5.36:54199
27-08-2018 17:33:09 TCP: Recieved 18 bytes from socket.
27-08-2018 17:33:09 TCP: Checking for keyword validity.
27-08-2018 17:33:09 TCP: Keyword valid. Waiting for data.
27-08-2018 17:33:12 TCP: Recieved 15 bytes from socket.
27-08-2018 17:33:12 TCP: Unknown service id = 21 , closing connection.
27-08-2018 17:33:12 TCP: Connection closed.
27-08-2018 17:33:13 TCP: Got new connection: 42.106.5.36:18056
27-08-2018 17:33:14 TCP: Recieved 18 bytes from socket.
27-08-2018 17:33:14 TCP: Checking for keyword validity.
27-08-2018 17:33:14 TCP: Keyword valid. Waiting for data.
27-08-2018 17:33:17 TCP: Recieved 36 bytes from socket.
27-08-2018 17:33:17 TCP: Unknown service id = 200 , closing connection.
27-08-2018 17:33:17 TCP: Connection closed.
27-08-2018 17:33:19 TCP: Got new connection: 42.106.5.36:41015
27-08-2018 17:33:20 TCP: Recieved 18 bytes from socket.
27-08-2018 17:33:20 TCP: Checking for keyword validity.
27-08-2018 17:33:20 TCP: Keyword valid. Waiting for data.
27-08-2018 17:33:23 TCP: Recieved 36 bytes from socket.
27-08-2018 17:33:23 TCP: Unknown service id = 200 , closing connection.
27-08-2018 17:33:23 TCP: Connection closed.
27-08-2018 17:33:58 TCP: Got new connection: 42.106.7.173:62134
27-08-2018 17:33:59 TCP: Recieved 18 bytes from socket.
27-08-2018 17:33:59 TCP: Checking for keyword validity.
27-08-2018 17:33:59 TCP: Keyword valid. Waiting for data.
27-08-2018 17:34:02 TCP: Recieved 36 bytes from socket.
27-08-2018 17:34:02 TCP: Unknown service id = 200 , closing connection.
27-08-2018 17:34:02 TCP: Connection closed.
27-08-2018 17:34:06 TCP: Got new connection: 42.106.7.173:23851
27-08-2018 17:34:07 TCP: Recieved 18 bytes from socket.
27-08-2018 17:34:07 TCP: Checking for keyword validity.
27-08-2018 17:34:07 TCP: Keyword valid. Waiting for data.
27-08-2018 17:34:10 TCP: Recieved 15 bytes from socket.
27-08-2018 17:34:10 TCP: Unknown service id = 27 , closing connection.
27-08-2018 17:34:10 TCP: Connection closed.
27-08-2018 17:34:11 TCP: Got new connection: 42.106.7.173:15724
27-08-2018 17:34:12 TCP: Recieved 18 bytes from socket.
27-08-2018 17:34:12 TCP: Checking for keyword validity.
27-08-2018 17:34:12 TCP: Keyword valid. Waiting for data.
27-08-2018 17:34:15 TCP: Recieved 15 bytes from socket.
27-08-2018 17:34:15 TCP: Unknown service id = 29 , closing connection.
27-08-2018 17:34:15 TCP: Connection closed.
27-08-2018 17:34:49 TCP: Got new connection: 42.106.31.74:34493
27-08-2018 17:34:50 TCP: Recieved 18 bytes from socket.
27-08-2018 17:34:50 TCP: Checking for keyword validity.
27-08-2018 17:34:50 TCP: Keyword valid. Waiting for data.
27-08-2018 17:34:53 TCP: Recieved 36 bytes from socket.
27-08-2018 17:34:53 TCP: Unknown service id = 200 , closing connection.
27-08-2018 17:34:53 TCP: Connection closed.
27-08-2018 17:34:55 TCP: Got new connection: 42.106.31.74:23573
27-08-2018 17:34:56 TCP: Recieved 18 bytes from socket.
27-08-2018 17:34:56 TCP: Checking for keyword validity.
27-08-2018 17:34:56 TCP: Keyword valid. Waiting for data.
27-08-2018 17:34:59 TCP: Recieved 15 bytes from socket.
27-08-2018 17:34:59 TCP: Unknown service id = 32 , closing connection.
27-08-2018 17:34:59 TCP: Connection closed.
27-08-2018 17:35:00 TCP: Got new connection: 42.106.31.74:29690
27-08-2018 17:35:01 TCP: Recieved 18 bytes from socket.
27-08-2018 17:35:01 TCP: Checking for keyword validity.
27-08-2018 17:35:01 TCP: Keyword valid. Waiting for data.
27-08-2018 17:35:04 TCP: Recieved 36 bytes from socket.
27-08-2018 17:35:04 TCP: Unknown service id = 200 , closing connection.
27-08-2018 17:35:04 TCP: Connection closed.
27-08-2018 17:35:38 TCP: Got new connection: 42.106.23.60:44890
27-08-2018 17:35:39 TCP: Recieved 18 bytes from socket.
27-08-2018 17:35:39 TCP: Checking for keyword validity.
27-08-2018 17:35:39 TCP: Keyword valid. Waiting for data.
27-08-2018 17:35:42 TCP: Recieved 36 bytes from socket.
27-08-2018 17:35:42 TCP: Unknown service id = 199 , closing connection.
27-08-2018 17:35:42 TCP: Connection closed.
27-08-2018 17:35:43 TCP: Got new connection: 42.106.23.60:29903
27-08-2018 17:35:44 TCP: Recieved 18 bytes from socket.
27-08-2018 17:35:44 TCP: Checking for keyword validity.
27-08-2018 17:35:44 TCP: Keyword valid. Waiting for data.
27-08-2018 17:35:48 TCP: Recieved 36 bytes from socket.
27-08-2018 17:35:48 TCP: Unknown service id = 198 , closing connection.
27-08-2018 17:35:48 TCP: Connection closed.
27-08-2018 17:35:49 TCP: Got new connection: 42.106.23.60:40942
27-08-2018 17:35:50 TCP: Recieved 18 bytes from socket.
27-08-2018 17:35:50 TCP: Checking for keyword validity.
27-08-2018 17:35:50 TCP: Keyword valid. Waiting for data.
27-08-2018 17:35:53 TCP: Recieved 15 bytes from socket.
27-08-2018 17:35:53 TCP: Unknown service id = 38 , closing connection.
27-08-2018 17:35:53 TCP: Connection closed.
27-08-2018 17:36:27 TCP: Got new connection: 42.106.30.209:51872
27-08-2018 17:36:28 TCP: Recieved 18 bytes from socket.
27-08-2018 17:36:28 TCP: Checking for keyword validity.
27-08-2018 17:36:28 TCP: Keyword valid. Waiting for data.
27-08-2018 17:36:31 TCP: Recieved 15 bytes from socket.
27-08-2018 17:36:31 TCP: Unknown service id = 40 , closing connection.
27-08-2018 17:36:31 TCP: Connection closed.
27-08-2018 17:36:32 TCP: Got new connection: 42.106.30.209:63703
27-08-2018 17:36:33 TCP: Recieved 18 bytes from socket.
27-08-2018 17:36:33 TCP: Checking for keyword validity.
27-08-2018 17:36:33 TCP: Keyword valid. Waiting for data.
27-08-2018 17:36:36 TCP: Recieved 36 bytes from socket.
27-08-2018 17:36:36 TCP: Unknown service id = 199 , closing connection.
27-08-2018 17:36:36 TCP: Connection closed.
27-08-2018 17:36:37 TCP: Got new connection: 42.106.30.209:28502
27-08-2018 17:36:38 TCP: Recieved 18 bytes from socket.
27-08-2018 17:36:38 TCP: Checking for keyword validity.
27-08-2018 17:36:38 TCP: Keyword valid. Waiting for data.
27-08-2018 17:36:41 TCP: Recieved 15 bytes from socket.
27-08-2018 17:36:41 TCP: Unknown service id = 43 , closing connection.
27-08-2018 17:36:41 TCP: Connection closed.
27-08-2018 17:37:16 TCP: Got new connection: 42.106.16.222:2320
27-08-2018 17:37:17 TCP: Recieved 18 bytes from socket.
27-08-2018 17:37:17 TCP: Checking for keyword validity.
27-08-2018 17:37:17 TCP: Keyword valid. Waiting for data.
27-08-2018 17:37:20 TCP: Recieved 36 bytes from socket.
27-08-2018 17:37:20 TCP: Unknown service id = 199 , closing connection.
27-08-2018 17:37:20 TCP: Connection closed.
27-08-2018 17:37:21 TCP: Got new connection: 42.106.16.222:14369
27-08-2018 17:37:23 TCP: Recieved 18 bytes from socket.
27-08-2018 17:37:23 TCP: Checking for keyword validity.
27-08-2018 17:37:23 TCP: Keyword valid. Waiting for data.
27-08-2018 17:37:26 TCP: Recieved 36 bytes from socket.
27-08-2018 17:37:26 TCP: Unknown service id = 200 , closing connection.
27-08-2018 17:37:26 TCP: Connection closed.
27-08-2018 17:37:29 TCP: Got new connection: 42.106.16.222:19936
27-08-2018 17:37:30 TCP: Recieved 18 bytes from socket.
27-08-2018 17:37:30 TCP: Checking for keyword validity.
27-08-2018 17:37:30 TCP: Keyword valid. Waiting for data.
27-08-2018 17:37:33 TCP: Recieved 36 bytes from socket.
27-08-2018 17:37:33 TCP: Unknown service id = 199 , closing connection.
27-08-2018 17:37:33 TCP: Connection closed.
27-08-2018 17:38:07 TCP: Got new connection: 42.106.25.208:31338
27-08-2018 17:38:08 TCP: Recieved 18 bytes from socket.
27-08-2018 17:38:08 TCP: Checking for keyword validity.
27-08-2018 17:38:08 TCP: Keyword valid. Waiting for data.
27-08-2018 17:38:11 TCP: Recieved 15 bytes from socket.
27-08-2018 17:38:11 TCP: Unknown service id = 49 , closing connection.
27-08-2018 17:38:11 TCP: Connection closed.
27-08-2018 17:38:13 TCP: Got new connection: 42.106.25.208:55714
27-08-2018 17:38:14 TCP: Recieved 18 bytes from socket.
27-08-2018 17:38:14 TCP: Checking for keyword validity.
27-08-2018 17:38:14 TCP: Keyword valid. Waiting for data.
27-08-2018 17:38:17 TCP: Recieved 15 bytes from socket.
27-08-2018 17:38:17 TCP: Unknown service id = 52 , closing connection.
27-08-2018 17:38:17 TCP: Connection closed.
27-08-2018 17:38:18 TCP: Got new connection: 42.106.25.208:52525
27-08-2018 17:38:19 TCP: Recieved 18 bytes from socket.
27-08-2018 17:38:19 TCP: Checking for keyword validity.
27-08-2018 17:38:19 TCP: Keyword valid. Waiting for data.
27-08-2018 17:38:22 TCP: Recieved 15 bytes from socket.
27-08-2018 17:38:22 TCP: Unknown service id = 54 , closing connection.
27-08-2018 17:38:22 TCP: Connection closed.
27-08-2018 17:38:58 TCP: Got new connection: 42.106.23.138:51628
27-08-2018 17:38:59 TCP: Recieved 18 bytes from socket.
27-08-2018 17:38:59 TCP: Checking for keyword validity.
27-08-2018 17:38:59 TCP: Keyword valid. Waiting for data.
27-08-2018 17:39:03 TCP: Recieved 36 bytes from socket.
27-08-2018 17:39:03 TCP: Unknown service id = 200 , closing connection.
27-08-2018 17:39:03 TCP: Connection closed.
27-08-2018 17:39:04 TCP: Got new connection: 42.106.23.138:28307
27-08-2018 17:39:05 TCP: Recieved 18 bytes from socket.
27-08-2018 17:39:05 TCP: Checking for keyword validity.
27-08-2018 17:39:05 TCP: Keyword valid. Waiting for data.
27-08-2018 17:39:08 TCP: Recieved 36 bytes from socket.
27-08-2018 17:39:08 TCP: Unknown service id = 200 , closing connection.
27-08-2018 17:39:08 TCP: Connection closed.
27-08-2018 17:39:09 TCP: Got new connection: 42.106.23.138:34028
27-08-2018 17:39:10 TCP: Recieved 18 bytes from socket.
27-08-2018 17:39:10 TCP: Checking for keyword validity.
27-08-2018 17:39:10 TCP: Keyword valid. Waiting for data.
27-08-2018 17:39:13 TCP: Recieved 36 bytes from socket.
27-08-2018 17:39:13 TCP: Unknown service id = 200 , closing connection.
27-08-2018 17:39:13 TCP: Connection closed.
27-08-2018 17:39:47 TCP: Got new connection: 42.106.17.229:27129
27-08-2018 17:39:48 TCP: Recieved 18 bytes from socket.
27-08-2018 17:39:48 TCP: Checking for keyword validity.
27-08-2018 17:39:48 TCP: Keyword valid. Waiting for data.
27-08-2018 17:39:51 TCP: Recieved 36 bytes from socket.
27-08-2018 17:39:51 TCP: Unknown service id = 200 , closing connection.
27-08-2018 17:39:51 TCP: Connection closed.
27-08-2018 17:39:52 TCP: Got new connection: 42.106.17.229:5393
27-08-2018 17:39:53 TCP: Recieved 18 bytes from socket.
27-08-2018 17:39:53 TCP: Checking for keyword validity.
27-08-2018 17:39:53 TCP: Keyword valid. Waiting for data.
27-08-2018 17:39:56 TCP: Recieved 15 bytes from socket.
27-08-2018 17:39:56 TCP: Unknown service id = 60 , closing connection.
27-08-2018 17:39:56 TCP: Connection closed.
27-08-2018 17:39:58 TCP: Got new connection: 42.106.17.229:20300
27-08-2018 17:39:59 TCP: Recieved 18 bytes from socket.
27-08-2018 17:39:59 TCP: Checking for keyword validity.
27-08-2018 17:39:59 TCP: Keyword valid. Waiting for data.
27-08-2018 17:40:02 TCP: Recieved 36 bytes from socket.
27-08-2018 17:40:02 TCP: Unknown service id = 200 , closing connection.
27-08-2018 17:40:02 TCP: Connection closed.
27-08-2018 17:40:36 TCP: Got new connection: 42.106.5.21:31626
27-08-2018 17:40:37 TCP: Recieved 18 bytes from socket.
27-08-2018 17:40:37 TCP: Checking for keyword validity.
27-08-2018 17:40:37 TCP: Keyword valid. Waiting for data.
27-08-2018 17:40:40 TCP: Recieved 15 bytes from socket.
27-08-2018 17:40:40 TCP: Unknown service id = 63 , closing connection.
27-08-2018 17:40:40 TCP: Connection closed.
27-08-2018 17:40:41 TCP: Got new connection: 42.106.5.21:30151
27-08-2018 17:40:42 TCP: Recieved 18 bytes from socket.
27-08-2018 17:40:42 TCP: Checking for keyword validity.
27-08-2018 17:40:42 TCP: Keyword valid. Waiting for data.
27-08-2018 17:40:45 TCP: Recieved 15 bytes from socket.
27-08-2018 17:40:45 TCP: Unknown service id = 65 , closing connection.
27-08-2018 17:40:45 TCP: Connection closed.
27-08-2018 17:40:46 TCP: Got new connection: 42.106.5.21:30705
27-08-2018 17:40:47 TCP: Recieved 18 bytes from socket.
27-08-2018 17:40:47 TCP: Checking for keyword validity.
27-08-2018 17:40:47 TCP: Keyword valid. Waiting for data.
27-08-2018 17:40:50 TCP: Recieved 36 bytes from socket.
27-08-2018 17:40:50 TCP: Unknown service id = 199 , closing connection.
27-08-2018 17:40:50 TCP: Connection closed.
27-08-2018 17:41:25 TCP: Got new connection: 42.106.25.176:17559
27-08-2018 17:41:26 TCP: Recieved 18 bytes from socket.
27-08-2018 17:41:26 TCP: Checking for keyword validity.
27-08-2018 17:41:26 TCP: Keyword valid. Waiting for data.
27-08-2018 17:41:29 TCP: Recieved 36 bytes from socket.
27-08-2018 17:41:29 TCP: Unknown service id = 200 , closing connection.
27-08-2018 17:41:29 TCP: Connection closed.
27-08-2018 17:41:30 TCP: Got new connection: 42.106.25.176:10810
27-08-2018 17:41:31 TCP: Recieved 18 bytes from socket.
27-08-2018 17:41:31 TCP: Checking for keyword validity.
27-08-2018 17:41:31 TCP: Keyword valid. Waiting for data.
27-08-2018 17:41:34 TCP: Recieved 36 bytes from socket.
27-08-2018 17:41:34 TCP: Unknown service id = 200 , closing connection.
27-08-2018 17:41:34 TCP: Connection closed.
27-08-2018 17:41:35 TCP: Got new connection: 42.106.25.176:54755
27-08-2018 17:41:36 TCP: Recieved 18 bytes from socket.
27-08-2018 17:41:36 TCP: Checking for keyword validity.
27-08-2018 17:41:36 TCP: Keyword valid. Waiting for data.
27-08-2018 17:41:39 TCP: Recieved 15 bytes from socket.
27-08-2018 17:41:39 TCP: Unknown service id = 71 , closing connection.
27-08-2018 17:41:39 TCP: Connection closed.
27-08-2018 17:42:14 TCP: Got new connection: 42.106.23.228:42469
27-08-2018 17:42:15 TCP: Recieved 18 bytes from socket.
27-08-2018 17:42:15 TCP: Checking for keyword validity.
27-08-2018 17:42:15 TCP: Keyword valid. Waiting for data.
27-08-2018 17:42:18 TCP: Recieved 36 bytes from socket.
27-08-2018 17:42:18 TCP: Unknown service id = 200 , closing connection.
27-08-2018 17:42:18 TCP: Connection closed.
27-08-2018 17:42:19 TCP: Got new connection: 42.106.23.228:54958
27-08-2018 17:42:20 TCP: Recieved 18 bytes from socket.
27-08-2018 17:42:20 TCP: Checking for keyword validity.
27-08-2018 17:42:20 TCP: Keyword valid. Waiting for data.
27-08-2018 17:42:23 TCP: Recieved 15 bytes from socket.
27-08-2018 17:42:23 TCP: Unknown service id = 74 , closing connection.
27-08-2018 17:42:23 TCP: Connection closed.
27-08-2018 17:42:24 TCP: Got new connection: 42.106.23.228:8907
27-08-2018 17:42:25 TCP: Recieved 18 bytes from socket.
27-08-2018 17:42:25 TCP: Checking for keyword validity.
27-08-2018 17:42:25 TCP: Keyword valid. Waiting for data.
27-08-2018 17:42:28 TCP: Recieved 15 bytes from socket.
27-08-2018 17:42:28 TCP: Unknown service id = 76 , closing connection.
27-08-2018 17:42:28 TCP: Connection closed.
27-08-2018 17:43:03 TCP: Got new connection: 42.106.27.26:59893
27-08-2018 17:43:04 TCP: Recieved 18 bytes from socket.
27-08-2018 17:43:04 TCP: Checking for keyword validity.
27-08-2018 17:43:04 TCP: Keyword valid. Waiting for data.
27-08-2018 17:43:07 TCP: Recieved 36 bytes from socket.
27-08-2018 17:43:07 TCP: Unknown service id = 200 , closing connection.
27-08-2018 17:43:07 TCP: Connection closed.
27-08-2018 17:43:08 TCP: Got new connection: 42.106.27.26:59585
27-08-2018 17:43:09 TCP: Recieved 18 bytes from socket.
27-08-2018 17:43:09 TCP: Checking for keyword validity.
27-08-2018 17:43:09 TCP: Keyword valid. Waiting for data.
27-08-2018 17:43:12 TCP: Recieved 36 bytes from socket.
27-08-2018 17:43:12 TCP: Unknown service id = 200 , closing connection.
27-08-2018 17:43:12 TCP: Connection closed.
27-08-2018 17:43:14 TCP: Got new connection: 42.106.27.26:32794
27-08-2018 17:43:15 TCP: Recieved 18 bytes from socket.
27-08-2018 17:43:15 TCP: Checking for keyword validity.
27-08-2018 17:43:15 TCP: Keyword valid. Waiting for data.
27-08-2018 17:43:18 TCP: Recieved 36 bytes from socket.
27-08-2018 17:43:18 TCP: Unknown service id = 200 , closing connection.
27-08-2018 17:43:18 TCP: Connection closed.
27-08-2018 17:43:54 TCP: Got new connection: 42.106.25.144:64841
27-08-2018 17:43:55 TCP: Recieved 18 bytes from socket.
27-08-2018 17:43:55 TCP: Checking for keyword validity.
27-08-2018 17:43:55 TCP: Keyword valid. Waiting for data.
27-08-2018 17:43:58 TCP: Recieved 15 bytes from socket.
27-08-2018 17:43:58 TCP: Unknown service id = 82 , closing connection.
27-08-2018 17:43:58 TCP: Connection closed.
27-08-2018 17:44:00 TCP: Got new connection: 42.106.25.144:15835
27-08-2018 17:44:00 TCP: Recieved 18 bytes from socket.
27-08-2018 17:44:00 TCP: Checking for keyword validity.
27-08-2018 17:44:00 TCP: Keyword valid. Waiting for data.
27-08-2018 17:44:03 TCP: Recieved 36 bytes from socket.
27-08-2018 17:44:03 TCP: Unknown service id = 200 , closing connection.
27-08-2018 17:44:03 TCP: Connection closed.
27-08-2018 17:44:05 TCP: Got new connection: 42.106.25.144:30942
27-08-2018 17:44:06 TCP: Recieved 18 bytes from socket.
27-08-2018 17:44:06 TCP: Checking for keyword validity.
27-08-2018 17:44:06 TCP: Keyword valid. Waiting for data.
27-08-2018 17:44:09 TCP: Recieved 15 bytes from socket.
27-08-2018 17:44:09 TCP: Unknown service id = 85 , closing connection.
27-08-2018 17:44:09 TCP: Connection closed.
27-08-2018 17:44:45 TCP: Got new connection: 42.106.26.165:10800
27-08-2018 17:44:46 TCP: Recieved 18 bytes from socket.
27-08-2018 17:44:46 TCP: Checking for keyword validity.
27-08-2018 17:44:46 TCP: Keyword valid. Waiting for data.
27-08-2018 17:44:49 TCP: Recieved 15 bytes from socket.
27-08-2018 17:44:49 TCP: Unknown service id = 87 , closing connection.
27-08-2018 17:44:49 TCP: Connection closed.
27-08-2018 17:44:50 TCP: Got new connection: 42.106.26.165:19348
27-08-2018 17:44:51 TCP: Recieved 18 bytes from socket.
27-08-2018 17:44:51 TCP: Checking for keyword validity.
27-08-2018 17:44:51 TCP: Keyword valid. Waiting for data.
27-08-2018 17:44:56 TCP: Recieved 36 bytes from socket.
27-08-2018 17:44:56 TCP: Unknown service id = 200 , closing connection.
27-08-2018 17:44:56 TCP: Connection closed.
27-08-2018 17:44:58 TCP: Got new connection: 42.106.26.165:60479
27-08-2018 17:44:59 TCP: Recieved 18 bytes from socket.
27-08-2018 17:44:59 TCP: Checking for keyword validity.
27-08-2018 17:44:59 TCP: Keyword valid. Waiting for data.
27-08-2018 17:45:02 TCP: Recieved 36 bytes from socket.
27-08-2018 17:45:02 TCP: Unknown service id = 199 , closing connection.
27-08-2018 17:45:02 TCP: Connection closed.
27-08-2018 17:45:38 TCP: Got new connection: 42.106.29.86:16476
27-08-2018 17:45:39 TCP: Recieved 18 bytes from socket.
27-08-2018 17:45:39 TCP: Checking for keyword validity.
27-08-2018 17:45:39 TCP: Keyword valid. Waiting for data.
27-08-2018 17:45:42 TCP: Recieved 36 bytes from socket.
27-08-2018 17:45:42 TCP: Unknown service id = 199 , closing connection.
27-08-2018 17:45:42 TCP: Connection closed.
27-08-2018 17:45:44 TCP: Got new connection: 42.106.29.86:11968
27-08-2018 17:45:45 TCP: Recieved 18 bytes from socket.
27-08-2018 17:45:45 TCP: Checking for keyword validity.
27-08-2018 17:45:45 TCP: Keyword valid. Waiting for data.
27-08-2018 17:45:48 TCP: Recieved 15 bytes from socket.
27-08-2018 17:45:48 TCP: Unknown service id = 93 , closing connection.
27-08-2018 17:45:48 TCP: Connection closed.
27-08-2018 17:45:49 TCP: Got new connection: 42.106.29.86:54830
27-08-2018 17:45:50 TCP: Recieved 18 bytes from socket.
27-08-2018 17:45:50 TCP: Checking for keyword validity.
27-08-2018 17:45:50 TCP: Keyword valid. Waiting for data.
27-08-2018 17:45:56 TCP: Recieved 15 bytes from socket.
27-08-2018 17:45:56 TCP: Unknown service id = 95 , closing connection.
27-08-2018 17:45:56 TCP: Connection closed.
27-08-2018 17:46:32 TCP: Got new connection: 42.106.26.217:2068
27-08-2018 17:46:33 TCP: Recieved 18 bytes from socket.
27-08-2018 17:46:33 TCP: Checking for keyword validity.
27-08-2018 17:46:33 TCP: Keyword valid. Waiting for data.
27-08-2018 17:46:36 TCP: Recieved 15 bytes from socket.
27-08-2018 17:46:36 TCP: Unknown service id = 98 , closing connection.
27-08-2018 17:46:36 TCP: Connection closed.
27-08-2018 17:46:37 TCP: Got new connection: 42.106.26.217:58403
27-08-2018 17:46:38 TCP: Recieved 18 bytes from socket.
27-08-2018 17:46:38 TCP: Checking for keyword validity.
27-08-2018 17:46:38 TCP: Keyword valid. Waiting for data.
27-08-2018 17:46:41 TCP: Recieved 36 bytes from socket.
27-08-2018 17:46:41 TCP: Unknown service id = 200 , closing connection.
27-08-2018 17:46:41 TCP: Connection closed.
27-08-2018 17:46:42 TCP: Got new connection: 42.106.26.217:5387
27-08-2018 17:46:44 TCP: Recieved 18 bytes from socket.
27-08-2018 17:46:44 TCP: Checking for keyword validity.
27-08-2018 17:46:44 TCP: Keyword valid. Waiting for data.
27-08-2018 17:46:46 TCP: Recieved 36 bytes from socket.
27-08-2018 17:46:46 TCP: Unknown service id = 199 , closing connection.
27-08-2018 17:46:46 TCP: Connection closed.
27-08-2018 17:47:21 TCP: Got new connection: 42.106.24.31:31895
27-08-2018 17:47:22 TCP: Recieved 18 bytes from socket.
27-08-2018 17:47:22 TCP: Checking for keyword validity.
27-08-2018 17:47:22 TCP: Keyword valid. Waiting for data.
27-08-2018 17:47:25 TCP: Recieved 36 bytes from socket.
27-08-2018 17:47:25 TCP: Unknown service id = 200 , closing connection.
27-08-2018 17:47:25 TCP: Connection closed.
27-08-2018 17:47:27 TCP: Got new connection: 42.106.24.31:1880
27-08-2018 17:47:28 TCP: Recieved 18 bytes from socket.
27-08-2018 17:47:28 TCP: Checking for keyword validity.
27-08-2018 17:47:28 TCP: Keyword valid. Waiting for data.
27-08-2018 17:47:31 TCP: Recieved 15 bytes from socket.
27-08-2018 17:47:31 TCP: Unknown service id = 104 , closing connection.
27-08-2018 17:47:31 TCP: Connection closed.
27-08-2018 17:47:32 TCP: Got new connection: 42.106.24.31:60419
27-08-2018 17:47:33 TCP: Recieved 18 bytes from socket.
27-08-2018 17:47:33 TCP: Checking for keyword validity.
27-08-2018 17:47:33 TCP: Keyword valid. Waiting for data.
27-08-2018 17:47:36 TCP: Recieved 15 bytes from socket.
27-08-2018 17:47:36 TCP: Unknown service id = 106 , closing connection.
27-08-2018 17:47:36 TCP: Connection closed.
27-08-2018 17:48:12 TCP: Got new connection: 42.106.22.38:27985
27-08-2018 17:48:13 TCP: Recieved 18 bytes from socket.
27-08-2018 17:48:13 TCP: Checking for keyword validity.
27-08-2018 17:48:13 TCP: Keyword valid. Waiting for data.
27-08-2018 17:48:16 TCP: Recieved 36 bytes from socket.
27-08-2018 17:48:16 TCP: Unknown service id = 200 , closing connection.
27-08-2018 17:48:16 TCP: Connection closed.
27-08-2018 17:48:17 TCP: Got new connection: 42.106.22.38:2608
27-08-2018 17:48:18 TCP: Recieved 18 bytes from socket.
27-08-2018 17:48:18 TCP: Checking for keyword validity.
27-08-2018 17:48:18 TCP: Keyword valid. Waiting for data.
27-08-2018 17:48:21 TCP: Recieved 15 bytes from socket.
27-08-2018 17:48:21 TCP: Unknown service id = 109 , closing connection.
27-08-2018 17:48:21 TCP: Connection closed.
27-08-2018 17:48:22 TCP: Got new connection: 42.106.22.38:59157
27-08-2018 17:48:23 TCP: Recieved 18 bytes from socket.
27-08-2018 17:48:23 TCP: Checking for keyword validity.
27-08-2018 17:48:23 TCP: Keyword valid. Waiting for data.
27-08-2018 17:48:27 TCP: Recieved 36 bytes from socket.
27-08-2018 17:48:27 TCP: Unknown service id = 199 , closing connection.
27-08-2018 17:48:27 TCP: Connection closed.
27-08-2018 17:49:01 TCP: Got new connection: 42.106.26.26:21904
27-08-2018 17:49:02 TCP: Recieved 18 bytes from socket.
27-08-2018 17:49:02 TCP: Checking for keyword validity.
27-08-2018 17:49:02 TCP: Keyword valid. Waiting for data.
27-08-2018 17:49:05 TCP: Recieved 36 bytes from socket.
27-08-2018 17:49:05 TCP: Unknown service id = 200 , closing connection.
27-08-2018 17:49:05 TCP: Connection closed.
27-08-2018 17:49:07 TCP: Got new connection: 42.106.26.26:26466
27-08-2018 17:49:08 TCP: Recieved 18 bytes from socket.
27-08-2018 17:49:08 TCP: Checking for keyword validity.
27-08-2018 17:49:08 TCP: Keyword valid. Waiting for data.
27-08-2018 17:49:11 TCP: Recieved 36 bytes from socket.
27-08-2018 17:49:11 TCP: Unknown service id = 199 , closing connection.
27-08-2018 17:49:11 TCP: Connection closed.
27-08-2018 17:49:13 TCP: Got new connection: 42.106.26.26:6547
27-08-2018 17:49:14 TCP: Recieved 18 bytes from socket.
27-08-2018 17:49:14 TCP: Checking for keyword validity.
27-08-2018 17:49:14 TCP: Keyword valid. Waiting for data.
27-08-2018 17:49:17 TCP: Recieved 15 bytes from socket.
27-08-2018 17:49:17 TCP: Unknown service id = 115 , closing connection.
27-08-2018 17:49:17 TCP: Connection closed.
27-08-2018 17:49:52 TCP: Got new connection: 42.106.25.119:37803
27-08-2018 17:49:53 TCP: Recieved 18 bytes from socket.
27-08-2018 17:49:53 TCP: Checking for keyword validity.
27-08-2018 17:49:53 TCP: Keyword valid. Waiting for data.
27-08-2018 17:49:56 TCP: Recieved 15 bytes from socket.
27-08-2018 17:49:56 TCP: Unknown service id = 118 , closing connection.
27-08-2018 17:49:56 TCP: Connection closed.
27-08-2018 17:49:57 TCP: Got new connection: 42.106.25.119:1154
27-08-2018 17:49:58 TCP: Recieved 18 bytes from socket.
27-08-2018 17:49:58 TCP: Checking for keyword validity.
27-08-2018 17:49:58 TCP: Keyword valid. Waiting for data.
27-08-2018 17:50:01 TCP: Recieved 15 bytes from socket.
27-08-2018 17:50:01 TCP: Unknown service id = 120 , closing connection.
27-08-2018 17:50:01 TCP: Connection closed.
27-08-2018 17:50:03 TCP: Got new connection: 42.106.25.119:13566
27-08-2018 17:50:05 TCP: Recieved 18 bytes from socket.
27-08-2018 17:50:05 TCP: Checking for keyword validity.
27-08-2018 17:50:05 TCP: Keyword valid. Waiting for data.
27-08-2018 17:50:07 TCP: Recieved 36 bytes from socket.
27-08-2018 17:50:07 TCP: Unknown service id = 202 , closing connection.
27-08-2018 17:50:07 TCP: Connection closed.
27-08-2018 17:50:43 TCP: Got new connection: 42.106.20.183:49149
27-08-2018 17:50:44 TCP: Recieved 18 bytes from socket.
27-08-2018 17:50:44 TCP: Checking for keyword validity.
27-08-2018 17:50:44 TCP: Keyword valid. Waiting for data.
27-08-2018 17:50:47 TCP: Recieved 36 bytes from socket.
27-08-2018 17:50:47 TCP: Unknown service id = 200 , closing connection.
27-08-2018 17:50:47 TCP: Connection closed.
27-08-2018 17:50:48 TCP: Got new connection: 42.106.20.183:8687
27-08-2018 17:50:49 TCP: Recieved 18 bytes from socket.
27-08-2018 17:50:49 TCP: Checking for keyword validity.
27-08-2018 17:50:49 TCP: Keyword valid. Waiting for data.
27-08-2018 17:50:52 TCP: Recieved 36 bytes from socket.
27-08-2018 17:50:52 TCP: Unknown service id = 202 , closing connection.
27-08-2018 17:50:52 TCP: Connection closed.
27-08-2018 17:50:53 TCP: Got new connection: 42.106.20.183:48146
27-08-2018 17:50:54 TCP: Recieved 18 bytes from socket.
27-08-2018 17:50:54 TCP: Checking for keyword validity.
27-08-2018 17:50:54 TCP: Keyword valid. Waiting for data.
27-08-2018 17:50:57 TCP: Recieved 36 bytes from socket.
27-08-2018 17:50:57 TCP: Unknown service id = 202 , closing connection.
27-08-2018 17:50:57 TCP: Connection closed.
27-08-2018 17:51:35 TCP: Got new connection: 42.106.20.29:50675
27-08-2018 17:51:36 TCP: Recieved 18 bytes from socket.
27-08-2018 17:51:36 TCP: Checking for keyword validity.
27-08-2018 17:51:36 TCP: Keyword valid. Waiting for data.
27-08-2018 17:51:38 TCP: Recieved 15 bytes from socket.
27-08-2018 17:51:38 TCP: Unknown service id = 126 , closing connection.
27-08-2018 17:51:38 TCP: Connection closed.
27-08-2018 17:51:40 TCP: Got new connection: 42.106.20.29:31803
27-08-2018 17:51:41 TCP: Recieved 18 bytes from socket.
27-08-2018 17:51:41 TCP: Checking for keyword validity.
27-08-2018 17:51:41 TCP: Keyword valid. Waiting for data.
27-08-2018 17:51:44 TCP: Recieved 36 bytes from socket.
27-08-2018 17:51:44 TCP: Unknown service id = 201 , closing connection.
27-08-2018 17:51:44 TCP: Connection closed.
27-08-2018 17:51:45 TCP: Got new connection: 42.106.20.29:57574
27-08-2018 17:51:46 TCP: Recieved 18 bytes from socket.
27-08-2018 17:51:46 TCP: Checking for keyword validity.
27-08-2018 17:51:46 TCP: Keyword valid. Waiting for data.
27-08-2018 17:51:49 TCP: Recieved 15 bytes from socket.
27-08-2018 17:51:49 TCP: Unknown service id = 129 , closing connection.
27-08-2018 17:51:49 TCP: Connection closed.
27-08-2018 17:52:24 TCP: Got new connection: 42.106.23.119:43913
27-08-2018 17:52:26 TCP: Recieved 18 bytes from socket.
27-08-2018 17:52:26 TCP: Checking for keyword validity.
27-08-2018 17:52:26 TCP: Keyword valid. Waiting for data.
27-08-2018 17:52:28 TCP: Recieved 15 bytes from socket.
27-08-2018 17:52:28 TCP: Unknown service id = 131 , closing connection.
27-08-2018 17:52:28 TCP: Connection closed.
27-08-2018 17:52:30 TCP: Got new connection: 42.106.23.119:20874
27-08-2018 17:52:32 TCP: Recieved 18 bytes from socket.
27-08-2018 17:52:32 TCP: Checking for keyword validity.
27-08-2018 17:52:32 TCP: Keyword valid. Waiting for data.
27-08-2018 17:52:34 TCP: Recieved 36 bytes from socket.
27-08-2018 17:52:34 TCP: Unknown service id = 202 , closing connection.
27-08-2018 17:52:34 TCP: Connection closed.
27-08-2018 17:52:35 TCP: Got new connection: 42.106.23.119:64971
27-08-2018 17:52:36 TCP: Recieved 18 bytes from socket.
27-08-2018 17:52:36 TCP: Checking for keyword validity.
27-08-2018 17:52:36 TCP: Keyword valid. Waiting for data.
27-08-2018 17:52:39 TCP: Recieved 36 bytes from socket.
27-08-2018 17:52:39 TCP: Unknown service id = 202 , closing connection.
27-08-2018 17:52:39 TCP: Connection closed.
27-08-2018 17:53:15 TCP: Got new connection: 42.106.26.66:27525
27-08-2018 17:53:16 TCP: Recieved 18 bytes from socket.
27-08-2018 17:53:16 TCP: Checking for keyword validity.
27-08-2018 17:53:16 TCP: Keyword valid. Waiting for data.
27-08-2018 17:53:19 TCP: Recieved 36 bytes from socket.
27-08-2018 17:53:19 TCP: Unknown service id = 202 , closing connection.
27-08-2018 17:53:19 TCP: Connection closed.
27-08-2018 17:53:20 TCP: Got new connection: 42.106.26.66:23203
27-08-2018 17:53:21 TCP: Recieved 18 bytes from socket.
27-08-2018 17:53:21 TCP: Checking for keyword validity.
27-08-2018 17:53:21 TCP: Keyword valid. Waiting for data.
27-08-2018 17:53:24 TCP: Recieved 15 bytes from socket.
27-08-2018 17:53:24 TCP: Unknown service id = 137 , closing connection.
27-08-2018 17:53:24 TCP: Connection closed.
27-08-2018 17:53:26 TCP: Got new connection: 42.106.26.66:45306
27-08-2018 17:53:27 TCP: Recieved 18 bytes from socket.
27-08-2018 17:53:27 TCP: Checking for keyword validity.
27-08-2018 17:53:27 TCP: Keyword valid. Waiting for data.
27-08-2018 17:53:30 TCP: Recieved 15 bytes from socket.
27-08-2018 17:53:30 TCP: Unknown service id = 139 , closing connection.
27-08-2018 17:53:30 TCP: Connection closed.
27-08-2018 17:54:09 TCP: Got new connection: 42.106.30.195:14592
27-08-2018 17:54:10 TCP: Recieved 18 bytes from socket.
27-08-2018 17:54:10 TCP: Checking for keyword validity.
27-08-2018 17:54:10 TCP: Keyword valid. Waiting for data.
27-08-2018 17:54:13 TCP: Recieved 36 bytes from socket.
27-08-2018 17:54:13 TCP: Unknown service id = 202 , closing connection.
27-08-2018 17:54:13 TCP: Connection closed.
27-08-2018 17:54:15 TCP: Got new connection: 42.106.30.195:17049
27-08-2018 17:54:16 TCP: Recieved 18 bytes from socket.
27-08-2018 17:54:16 TCP: Checking for keyword validity.
27-08-2018 17:54:16 TCP: Keyword valid. Waiting for data.
27-08-2018 17:54:19 TCP: Recieved 15 bytes from socket.
27-08-2018 17:54:19 TCP: Unknown service id = 142 , closing connection.
27-08-2018 17:54:19 TCP: Connection closed.
27-08-2018 17:54:20 TCP: Got new connection: 42.106.30.195:47719
27-08-2018 17:54:22 TCP: Recieved 18 bytes from socket.
27-08-2018 17:54:22 TCP: Checking for keyword validity.
27-08-2018 17:54:22 TCP: Keyword valid. Waiting for data.
27-08-2018 17:54:25 TCP: Recieved 36 bytes from socket.
27-08-2018 17:54:25 TCP: Unknown service id = 201 , closing connection.
27-08-2018 17:54:25 TCP: Connection closed.
27-08-2018 17:54:59 TCP: Got new connection: 42.106.25.24:39901
27-08-2018 17:55:01 TCP: Recieved 18 bytes from socket.
27-08-2018 17:55:01 TCP: Checking for keyword validity.
27-08-2018 17:55:01 TCP: Keyword valid. Waiting for data.
27-08-2018 17:55:03 TCP: Recieved 36 bytes from socket.
27-08-2018 17:55:03 TCP: Unknown service id = 202 , closing connection.
27-08-2018 17:55:03 TCP: Connection closed.
27-08-2018 17:55:05 TCP: Got new connection: 42.106.25.24:63592
27-08-2018 17:55:06 TCP: Recieved 18 bytes from socket.
27-08-2018 17:55:06 TCP: Checking for keyword validity.
27-08-2018 17:55:06 TCP: Keyword valid. Waiting for data.
27-08-2018 17:55:09 TCP: Recieved 36 bytes from socket.
27-08-2018 17:55:09 TCP: Unknown service id = 201 , closing connection.
27-08-2018 17:55:09 TCP: Connection closed.
27-08-2018 17:55:10 TCP: Got new connection: 42.106.25.24:13785
27-08-2018 17:55:11 TCP: Recieved 18 bytes from socket.
27-08-2018 17:55:11 TCP: Checking for keyword validity.
27-08-2018 17:55:11 TCP: Keyword valid. Waiting for data.
27-08-2018 17:55:14 TCP: Recieved 15 bytes from socket.
27-08-2018 17:55:14 TCP: Unknown service id = 148 , closing connection.
27-08-2018 17:55:14 TCP: Connection closed.
27-08-2018 17:55:49 TCP: Got new connection: 42.106.22.130:45929
27-08-2018 17:55:55 TCP: Recieved 33 bytes from socket.
27-08-2018 17:55:55 TCP: Checking for keyword validity.
27-08-2018 17:55:55 TCP: Keyword valid. Waiting for data.
27-08-2018 17:55:56 TCP: Recieved 36 bytes from socket.
27-08-2018 17:55:56 TCP: Unknown service id = 202 , closing connection.
27-08-2018 17:55:56 TCP: Connection closed.
27-08-2018 17:55:57 TCP: Got new connection: 42.106.22.130:14529
27-08-2018 17:55:58 TCP: Recieved 18 bytes from socket.
27-08-2018 17:55:58 TCP: Checking for keyword validity.
27-08-2018 17:55:58 TCP: Keyword valid. Waiting for data.
27-08-2018 17:56:01 TCP: Recieved 15 bytes from socket.
27-08-2018 17:56:01 TCP: Unknown service id = 153 , closing connection.
27-08-2018 17:56:01 TCP: Connection closed.
27-08-2018 17:56:02 TCP: Got new connection: 42.106.22.130:19987
27-08-2018 17:56:03 TCP: Recieved 18 bytes from socket.
27-08-2018 17:56:03 TCP: Checking for keyword validity.
27-08-2018 17:56:03 TCP: Keyword valid. Waiting for data.
27-08-2018 17:56:06 TCP: Recieved 36 bytes from socket.
27-08-2018 17:56:06 TCP: Unknown service id = 202 , closing connection.
27-08-2018 17:56:06 TCP: Connection closed.
27-08-2018 17:56:42 TCP: Got new connection: 42.106.21.99:43100
27-08-2018 17:56:43 TCP: Recieved 18 bytes from socket.
27-08-2018 17:56:43 TCP: Checking for keyword validity.
27-08-2018 17:56:43 TCP: Keyword valid. Waiting for data.
27-08-2018 17:56:46 TCP: Recieved 36 bytes from socket.
27-08-2018 17:56:46 TCP: Unknown service id = 201 , closing connection.
27-08-2018 17:56:46 TCP: Connection closed.
27-08-2018 17:56:48 TCP: Got new connection: 42.106.21.99:38371
27-08-2018 17:56:49 TCP: Recieved 18 bytes from socket.
27-08-2018 17:56:49 TCP: Checking for keyword validity.
27-08-2018 17:56:49 TCP: Keyword valid. Waiting for data.
27-08-2018 17:56:52 TCP: Recieved 36 bytes from socket.
27-08-2018 17:56:52 TCP: Unknown service id = 202 , closing connection.
27-08-2018 17:56:52 TCP: Connection closed.
27-08-2018 17:56:53 TCP: Got new connection: 42.106.21.99:42369
27-08-2018 17:56:54 TCP: Recieved 18 bytes from socket.
27-08-2018 17:56:54 TCP: Checking for keyword validity.
27-08-2018 17:56:54 TCP: Keyword valid. Waiting for data.
27-08-2018 17:56:57 TCP: Recieved 15 bytes from socket.
27-08-2018 17:56:57 TCP: Unknown service id = 159 , closing connection.
27-08-2018 17:56:57 TCP: Connection closed.
27-08-2018 17:57:32 TCP: Got new connection: 42.106.29.53:45022
27-08-2018 17:57:33 TCP: Recieved 18 bytes from socket.
27-08-2018 17:57:33 TCP: Checking for keyword validity.
27-08-2018 17:57:33 TCP: Keyword valid. Waiting for data.
27-08-2018 17:57:36 TCP: Recieved 15 bytes from socket.
27-08-2018 17:57:36 TCP: Unknown service id = 161 , closing connection.
27-08-2018 17:57:36 TCP: Connection closed.
27-08-2018 17:57:37 TCP: Got new connection: 42.106.29.53:7812
27-08-2018 17:57:38 TCP: Recieved 18 bytes from socket.
27-08-2018 17:57:38 TCP: Checking for keyword validity.
27-08-2018 17:57:38 TCP: Keyword valid. Waiting for data.
27-08-2018 17:57:41 TCP: Recieved 36 bytes from socket.
27-08-2018 17:57:41 TCP: Unknown service id = 201 , closing connection.
27-08-2018 17:57:41 TCP: Connection closed.
27-08-2018 17:57:42 TCP: Got new connection: 42.106.29.53:25277
27-08-2018 17:57:43 TCP: Recieved 18 bytes from socket.
27-08-2018 17:57:43 TCP: Checking for keyword validity.
27-08-2018 17:57:43 TCP: Keyword valid. Waiting for data.
27-08-2018 17:57:50 TCP: Recieved 15 bytes from socket.
27-08-2018 17:57:50 TCP: Unknown service id = 164 , closing connection.
27-08-2018 17:57:50 TCP: Connection closed.
27-08-2018 17:58:25 TCP: Got new connection: 42.106.7.239:26154
27-08-2018 17:58:39 TCP: Recieved 18 bytes from socket.
27-08-2018 17:58:43 TCP: Checking for keyword validity.
27-08-2018 17:58:48 TCP: Keyword valid. Waiting for data.
27-08-2018 17:59:19 TCP: Recieved 225 bytes from socket.
27-08-2018 18:01:15 TCP: Unknown service id = 201 , closing connection.
27-08-2018 18:01:27 TCP: Connection closed.
27-08-2018 18:01:28 TCP: Got new connection: 42.106.7.239:65154
27-08-2018 18:01:33 TCP: Recieved 141 bytes from socket.
27-08-2018 18:01:33 TCP: Checking for keyword validity.
27-08-2018 18:01:33 TCP: Keyword valid. Waiting for data.
27-08-2018 18:01:36 TCP: Recieved 36 bytes from socket.
27-08-2018 18:01:36 TCP: Unknown service id = 202 , closing connection.
27-08-2018 18:01:36 TCP: Connection closed.
27-08-2018 18:01:37 TCP: Got new connection: 42.106.7.239:62211
27-08-2018 18:02:07 TCP: Recieved 18 bytes from socket.
27-08-2018 18:02:07 TCP: Checking for keyword validity.
27-08-2018 18:02:07 TCP: Keyword valid. Waiting for data.
27-08-2018 18:02:08 TCP: Recieved 219 bytes from socket.
27-08-2018 18:02:08 TCP: Unknown service id = 5 , closing connection.
27-08-2018 18:02:08 TCP: Connection closed.
27-08-2018 18:02:43 TCP: Got new connection: 42.106.7.183:55450
27-08-2018 18:06:57 TCP: Recieved 18 bytes from socket.
27-08-2018 18:06:57 TCP: Checking for keyword validity.
27-08-2018 18:06:57 TCP: Got new connection: 42.106.7.183:44398
27-08-2018 18:06:57 TCP: Keyword valid. Waiting for data.
27-08-2018 18:11:14 TCP: Got new connection: 42.106.7.183:2812
27-08-2018 18:11:16 TCP: Recieved 741 bytes from socket.
27-08-2018 18:11:22 TCP: Recieved 1024 bytes from socket.
27-08-2018 18:11:22 TCP: Recieved 357 bytes from socket.
27-08-2018 18:12:05 TCP: Checking for keyword validity.
27-08-2018 18:12:08 TCP: Checking for keyword validity.
27-08-2018 18:12:09 TCP: Unknown service id = 203 , closing connection.
27-08-2018 18:14:47 TCP: Keyword valid. Waiting for data.
27-08-2018 18:14:50 TCP: Connection closed.
27-08-2018 18:14:50 TCP: Keyword valid. Waiting for data.
27-08-2018 18:15:10 TCP: Recieved 786 bytes from socket.
27-08-2018 18:15:17 TCP: Recieved 1024 bytes from socket.
27-08-2018 18:15:17 TCP: Unknown service id = 202 , closing connection.
27-08-2018 18:15:17 TCP: Unknown service id = 202 , closing connection.
27-08-2018 18:15:17 TCP: Connection closed.
27-08-2018 18:15:17 TCP: Connection closed.
27-08-2018 18:15:20 TCP: Got new connection: 42.106.20.165:34812
27-08-2018 18:15:21 TCP: Recieved 18 bytes from socket.
27-08-2018 18:15:21 TCP: Checking for keyword validity.
27-08-2018 18:15:21 TCP: Keyword valid. Waiting for data.
27-08-2018 18:15:25 TCP: Recieved 15 bytes from socket.
27-08-2018 18:15:25 TCP: Unknown service id = 244 , closing connection.
27-08-2018 18:15:25 TCP: Connection closed.
27-08-2018 18:15:26 TCP: Got new connection: 42.106.20.165:45218
27-08-2018 18:15:27 TCP: Recieved 18 bytes from socket.
27-08-2018 18:15:27 TCP: Checking for keyword validity.
27-08-2018 18:15:27 TCP: Keyword valid. Waiting for data.
27-08-2018 18:15:30 TCP: Recieved 36 bytes from socket.
27-08-2018 18:15:30 TCP: Unknown service id = 202 , closing connection.
27-08-2018 18:15:30 TCP: Connection closed.
27-08-2018 18:15:33 TCP: Got new connection: 42.106.20.165:15603
27-08-2018 18:15:33 TCP: Recieved 18 bytes from socket.
27-08-2018 18:15:33 TCP: Checking for keyword validity.
27-08-2018 18:15:33 TCP: Keyword valid. Waiting for data.
27-08-2018 18:15:35 TCP: Recieved 15 bytes from socket.
27-08-2018 18:15:35 TCP: Unknown service id = 247 , closing connection.
27-08-2018 18:15:35 TCP: Connection closed.
27-08-2018 18:16:11 TCP: Got new connection: 42.106.24.39:5792
27-08-2018 18:16:12 TCP: Recieved 18 bytes from socket.
27-08-2018 18:16:12 TCP: Checking for keyword validity.
27-08-2018 18:16:12 TCP: Keyword valid. Waiting for data.
27-08-2018 18:16:15 TCP: Recieved 15 bytes from socket.
27-08-2018 18:16:15 TCP: Unknown service id = 249 , closing connection.
27-08-2018 18:16:15 TCP: Connection closed.
27-08-2018 18:16:16 TCP: Got new connection: 42.106.24.39:52694
27-08-2018 18:16:17 TCP: Recieved 18 bytes from socket.
27-08-2018 18:16:17 TCP: Checking for keyword validity.
27-08-2018 18:16:17 TCP: Keyword valid. Waiting for data.
27-08-2018 18:16:20 TCP: Recieved 36 bytes from socket.
27-08-2018 18:16:20 TCP: Unknown service id = 203 , closing connection.
27-08-2018 18:16:20 TCP: Connection closed.
27-08-2018 18:16:22 TCP: Got new connection: 42.106.24.39:54018
27-08-2018 18:16:23 TCP: Recieved 18 bytes from socket.
27-08-2018 18:16:23 TCP: Checking for keyword validity.
27-08-2018 18:16:23 TCP: Keyword valid. Waiting for data.
27-08-2018 18:16:26 TCP: Recieved 36 bytes from socket.
27-08-2018 18:16:26 TCP: Unknown service id = 202 , closing connection.
27-08-2018 18:16:26 TCP: Connection closed.
27-08-2018 18:17:02 TCP: Got new connection: 42.106.4.223:12561
27-08-2018 18:17:03 TCP: Recieved 18 bytes from socket.
27-08-2018 18:17:03 TCP: Checking for keyword validity.
27-08-2018 18:17:03 TCP: Keyword valid. Waiting for data.
27-08-2018 18:17:06 TCP: Recieved 36 bytes from socket.
27-08-2018 18:17:06 TCP: Unknown service id = 202 , closing connection.
27-08-2018 18:17:06 TCP: Connection closed.
27-08-2018 18:17:07 TCP: Got new connection: 42.106.4.223:48150
27-08-2018 18:17:08 TCP: Recieved 18 bytes from socket.
27-08-2018 18:17:08 TCP: Checking for keyword validity.
27-08-2018 18:17:08 TCP: Keyword valid. Waiting for data.
27-08-2018 18:17:11 TCP: Recieved 36 bytes from socket.
27-08-2018 18:17:11 TCP: Unknown service id = 202 , closing connection.
27-08-2018 18:17:12 TCP: Connection closed.
27-08-2018 18:17:12 TCP: Got new connection: 42.106.4.223:22488
27-08-2018 18:17:13 TCP: Recieved 18 bytes from socket.
27-08-2018 18:17:13 TCP: Checking for keyword validity.
27-08-2018 18:17:13 TCP: Keyword valid. Waiting for data.
27-08-2018 18:17:17 TCP: Recieved 15 bytes from socket.
27-08-2018 18:17:17 TCP: Unknown service id = 255 , closing connection.
27-08-2018 18:17:17 TCP: Connection closed.
27-08-2018 18:17:56 TCP: Got new connection: 42.106.27.189:47001
27-08-2018 18:17:56 TCP: Recieved 18 bytes from socket.
27-08-2018 18:17:56 TCP: Checking for keyword validity.
27-08-2018 18:17:56 TCP: Keyword valid. Waiting for data.
27-08-2018 18:17:58 TCP: Recieved 36 bytes from socket.
27-08-2018 18:17:58 TCP: Unknown service id = 203 , closing connection.
27-08-2018 18:17:58 TCP: Connection closed.
27-08-2018 18:17:59 TCP: Got new connection: 42.106.27.189:6741
27-08-2018 18:18:00 TCP: Recieved 18 bytes from socket.
27-08-2018 18:18:00 TCP: Checking for keyword validity.
27-08-2018 18:18:00 TCP: Keyword valid. Waiting for data.
27-08-2018 18:18:04 TCP: Recieved 15 bytes from socket.
27-08-2018 18:18:04 TCP: Unknown service id = 2 , closing connection.
27-08-2018 18:18:04 TCP: Connection closed.
27-08-2018 18:18:05 TCP: Got new connection: 42.106.27.189:22487
27-08-2018 18:18:06 TCP: Recieved 18 bytes from socket.
27-08-2018 18:18:06 TCP: Checking for keyword validity.
27-08-2018 18:18:06 TCP: Keyword valid. Waiting for data.
27-08-2018 18:18:09 TCP: Recieved 15 bytes from socket.
27-08-2018 18:18:09 TCP: Unknown service id = 4 , closing connection.
27-08-2018 18:18:09 TCP: Connection closed.
27-08-2018 18:18:45 TCP: Got new connection: 42.106.7.189:9952
27-08-2018 18:18:46 TCP: Recieved 18 bytes from socket.
27-08-2018 18:18:46 TCP: Checking for keyword validity.
27-08-2018 18:18:46 TCP: Keyword valid. Waiting for data.
27-08-2018 18:18:49 TCP: Recieved 36 bytes from socket.
27-08-2018 18:18:49 TCP: Unknown service id = 203 , closing connection.
27-08-2018 18:18:49 TCP: Connection closed.
27-08-2018 18:18:50 TCP: Got new connection: 42.106.7.189:46355
27-08-2018 18:18:51 TCP: Recieved 18 bytes from socket.
27-08-2018 18:18:51 TCP: Checking for keyword validity.
27-08-2018 18:18:51 TCP: Keyword valid. Waiting for data.
27-08-2018 18:18:54 TCP: Recieved 36 bytes from socket.
27-08-2018 18:18:54 TCP: Unknown service id = 202 , closing connection.
27-08-2018 18:18:54 TCP: Connection closed.
27-08-2018 18:18:55 TCP: Got new connection: 42.106.7.189:3864
27-08-2018 18:18:56 TCP: Recieved 18 bytes from socket.
27-08-2018 18:18:56 TCP: Checking for keyword validity.
27-08-2018 18:18:56 TCP: Keyword valid. Waiting for data.
27-08-2018 18:18:59 TCP: Recieved 36 bytes from socket.
27-08-2018 18:18:59 TCP: Unknown service id = 202 , closing connection.
27-08-2018 18:18:59 TCP: Connection closed.
27-08-2018 18:19:34 TCP: Got new connection: 42.106.24.17:32514
27-08-2018 18:19:35 TCP: Recieved 18 bytes from socket.
27-08-2018 18:19:35 TCP: Checking for keyword validity.
27-08-2018 18:19:35 TCP: Keyword valid. Waiting for data.
27-08-2018 18:19:38 TCP: Recieved 15 bytes from socket.
27-08-2018 18:19:38 TCP: Unknown service id = 11 , closing connection.
27-08-2018 18:19:38 TCP: Connection closed.
27-08-2018 18:19:39 TCP: Got new connection: 42.106.24.17:24642
27-08-2018 18:19:40 TCP: Recieved 18 bytes from socket.
27-08-2018 18:19:40 TCP: Checking for keyword validity.
27-08-2018 18:19:40 TCP: Keyword valid. Waiting for data.
27-08-2018 18:19:43 TCP: Recieved 15 bytes from socket.
27-08-2018 18:19:43 TCP: Unknown service id = 13 , closing connection.
27-08-2018 18:19:43 TCP: Connection closed.
27-08-2018 18:19:44 TCP: Got new connection: 42.106.24.17:6165
27-08-2018 18:19:45 TCP: Recieved 18 bytes from socket.
27-08-2018 18:19:45 TCP: Checking for keyword validity.
27-08-2018 18:19:45 TCP: Keyword valid. Waiting for data.
27-08-2018 18:19:48 TCP: Recieved 36 bytes from socket.
27-08-2018 18:19:48 TCP: Unknown service id = 203 , closing connection.
27-08-2018 18:19:48 TCP: Connection closed.
27-08-2018 18:20:23 TCP: Got new connection: 42.106.25.243:10618
27-08-2018 18:20:24 TCP: Recieved 18 bytes from socket.
27-08-2018 18:20:24 TCP: Checking for keyword validity.
27-08-2018 18:20:24 TCP: Keyword valid. Waiting for data.
27-08-2018 18:20:27 TCP: Recieved 15 bytes from socket.
27-08-2018 18:20:27 TCP: Unknown service id = 16 , closing connection.
27-08-2018 18:20:27 TCP: Connection closed.
27-08-2018 18:20:28 TCP: Got new connection: 42.106.25.243:62581
27-08-2018 18:20:29 TCP: Recieved 18 bytes from socket.
27-08-2018 18:20:29 TCP: Checking for keyword validity.
27-08-2018 18:20:29 TCP: Keyword valid. Waiting for data.
27-08-2018 18:20:32 TCP: Recieved 36 bytes from socket.
27-08-2018 18:20:32 TCP: Unknown service id = 203 , closing connection.
27-08-2018 18:20:32 TCP: Connection closed.
27-08-2018 18:20:34 TCP: Got new connection: 42.106.25.243:51520
27-08-2018 18:20:35 TCP: Recieved 18 bytes from socket.
27-08-2018 18:20:35 TCP: Checking for keyword validity.
27-08-2018 18:20:35 TCP: Keyword valid. Waiting for data.
27-08-2018 18:20:38 TCP: Recieved 36 bytes from socket.
27-08-2018 18:20:38 TCP: Unknown service id = 203 , closing connection.
27-08-2018 18:20:38 TCP: Connection closed.
27-08-2018 18:21:14 TCP: Got new connection: 42.106.17.93:29188
27-08-2018 18:21:15 TCP: Recieved 18 bytes from socket.
27-08-2018 18:21:15 TCP: Checking for keyword validity.
27-08-2018 18:21:15 TCP: Keyword valid. Waiting for data.
27-08-2018 18:21:18 TCP: Recieved 36 bytes from socket.
27-08-2018 18:21:18 TCP: Unknown service id = 202 , closing connection.
27-08-2018 18:21:18 TCP: Connection closed.
27-08-2018 18:21:19 TCP: Got new connection: 42.106.17.93:6535
27-08-2018 18:21:20 TCP: Recieved 18 bytes from socket.
27-08-2018 18:21:20 TCP: Checking for keyword validity.
27-08-2018 18:21:20 TCP: Keyword valid. Waiting for data.
27-08-2018 18:21:23 TCP: Recieved 36 bytes from socket.
27-08-2018 18:21:23 TCP: Unknown service id = 202 , closing connection.
27-08-2018 18:21:23 TCP: Connection closed.
27-08-2018 18:21:25 TCP: Got new connection: 42.106.17.93:25678
27-08-2018 18:21:26 TCP: Recieved 18 bytes from socket.
27-08-2018 18:21:26 TCP: Checking for keyword validity.
27-08-2018 18:21:26 TCP: Keyword valid. Waiting for data.
27-08-2018 18:21:29 TCP: Recieved 15 bytes from socket.
27-08-2018 18:21:29 TCP: Unknown service id = 22 , closing connection.
27-08-2018 18:21:29 TCP: Connection closed.
27-08-2018 18:22:04 TCP: Got new connection: 42.106.30.121:12370
27-08-2018 18:22:05 TCP: Recieved 18 bytes from socket.
27-08-2018 18:22:05 TCP: Checking for keyword validity.
27-08-2018 18:22:05 TCP: Keyword valid. Waiting for data.
27-08-2018 18:22:08 TCP: Recieved 15 bytes from socket.
27-08-2018 18:22:08 TCP: Unknown service id = 24 , closing connection.
27-08-2018 18:22:08 TCP: Connection closed.
27-08-2018 18:22:10 TCP: Got new connection: 42.106.30.121:36943
27-08-2018 18:22:11 TCP: Recieved 18 bytes from socket.
27-08-2018 18:22:11 TCP: Checking for keyword validity.
27-08-2018 18:22:11 TCP: Keyword valid. Waiting for data.
27-08-2018 18:22:14 TCP: Recieved 36 bytes from socket.
27-08-2018 18:22:14 TCP: Unknown service id = 203 , closing connection.
27-08-2018 18:22:14 TCP: Connection closed.
27-08-2018 18:22:15 TCP: Got new connection: 42.106.30.121:55609
27-08-2018 18:22:16 TCP: Recieved 18 bytes from socket.
27-08-2018 18:22:16 TCP: Checking for keyword validity.
27-08-2018 18:22:16 TCP: Keyword valid. Waiting for data.
27-08-2018 18:22:19 TCP: Recieved 15 bytes from socket.
27-08-2018 18:22:19 TCP: Unknown service id = 27 , closing connection.
27-08-2018 18:22:19 TCP: Connection closed.
27-08-2018 18:22:54 TCP: Got new connection: 42.106.27.235:55879
27-08-2018 18:22:55 TCP: Recieved 18 bytes from socket.
27-08-2018 18:22:55 TCP: Checking for keyword validity.
27-08-2018 18:22:55 TCP: Keyword valid. Waiting for data.
27-08-2018 18:22:58 TCP: Recieved 36 bytes from socket.
27-08-2018 18:22:58 TCP: Unknown service id = 202 , closing connection.
27-08-2018 18:22:58 TCP: Connection closed.
27-08-2018 18:23:00 TCP: Got new connection: 42.106.27.235:33002
27-08-2018 18:23:01 TCP: Recieved 18 bytes from socket.
27-08-2018 18:23:01 TCP: Checking for keyword validity.
27-08-2018 18:23:01 TCP: Keyword valid. Waiting for data.
27-08-2018 18:23:04 TCP: Recieved 36 bytes from socket.
27-08-2018 18:23:04 TCP: Unknown service id = 203 , closing connection.
27-08-2018 18:23:04 TCP: Connection closed.
27-08-2018 18:23:05 TCP: Got new connection: 42.106.27.235:15925
27-08-2018 18:23:06 TCP: Recieved 18 bytes from socket.
27-08-2018 18:23:06 TCP: Checking for keyword validity.
27-08-2018 18:23:06 TCP: Keyword valid. Waiting for data.
27-08-2018 18:23:09 TCP: Recieved 36 bytes from socket.
27-08-2018 18:23:09 TCP: Unknown service id = 203 , closing connection.
27-08-2018 18:23:09 TCP: Connection closed.
27-08-2018 18:23:46 TCP: Got new connection: 42.106.29.51:22267
27-08-2018 18:23:47 TCP: Recieved 18 bytes from socket.
27-08-2018 18:23:47 TCP: Checking for keyword validity.
27-08-2018 18:23:47 TCP: Keyword valid. Waiting for data.
27-08-2018 18:23:50 TCP: Recieved 15 bytes from socket.
27-08-2018 18:23:50 TCP: Unknown service id = 33 , closing connection.
27-08-2018 18:23:50 TCP: Connection closed.
27-08-2018 18:23:51 TCP: Got new connection: 42.106.29.51:23790
27-08-2018 18:23:52 TCP: Recieved 18 bytes from socket.
27-08-2018 18:23:52 TCP: Checking for keyword validity.
27-08-2018 18:23:52 TCP: Keyword valid. Waiting for data.
27-08-2018 18:23:55 TCP: Recieved 15 bytes from socket.
27-08-2018 18:23:55 TCP: Unknown service id = 35 , closing connection.
27-08-2018 18:23:55 TCP: Connection closed.
27-08-2018 18:23:56 TCP: Got new connection: 42.106.29.51:17688
27-08-2018 18:23:57 TCP: Recieved 18 bytes from socket.
27-08-2018 18:23:57 TCP: Checking for keyword validity.
27-08-2018 18:23:57 TCP: Keyword valid. Waiting for data.
27-08-2018 18:24:01 TCP: Recieved 36 bytes from socket.
27-08-2018 18:24:01 TCP: Unknown service id = 203 , closing connection.
27-08-2018 18:24:01 TCP: Connection closed.
27-08-2018 18:24:35 TCP: Got new connection: 42.106.30.210:61812
27-08-2018 18:24:36 TCP: Recieved 18 bytes from socket.
27-08-2018 18:24:36 TCP: Checking for keyword validity.
27-08-2018 18:24:36 TCP: Keyword valid. Waiting for data.
27-08-2018 18:24:39 TCP: Recieved 15 bytes from socket.
27-08-2018 18:24:39 TCP: Unknown service id = 38 , closing connection.
27-08-2018 18:24:39 TCP: Connection closed.
27-08-2018 18:24:40 TCP: Got new connection: 42.106.30.210:29904
27-08-2018 18:24:41 TCP: Recieved 18 bytes from socket.
27-08-2018 18:24:41 TCP: Checking for keyword validity.
27-08-2018 18:24:41 TCP: Keyword valid. Waiting for data.
27-08-2018 18:24:44 TCP: Recieved 36 bytes from socket.
27-08-2018 18:24:44 TCP: Unknown service id = 203 , closing connection.
27-08-2018 18:24:44 TCP: Connection closed.
27-08-2018 18:24:45 TCP: Got new connection: 42.106.30.210:48341
27-08-2018 18:24:47 TCP: Recieved 18 bytes from socket.
27-08-2018 18:24:47 TCP: Checking for keyword validity.
27-08-2018 18:24:47 TCP: Keyword valid. Waiting for data.
27-08-2018 18:24:49 TCP: Recieved 36 bytes from socket.
27-08-2018 18:24:49 TCP: Unknown service id = 203 , closing connection.
27-08-2018 18:24:50 TCP: Connection closed.
27-08-2018 18:25:24 TCP: Got new connection: 42.106.27.112:13738
27-08-2018 18:25:25 TCP: Recieved 18 bytes from socket.
27-08-2018 18:25:25 TCP: Checking for keyword validity.
27-08-2018 18:25:25 TCP: Keyword valid. Waiting for data.
27-08-2018 18:25:28 TCP: Recieved 36 bytes from socket.
27-08-2018 18:25:28 TCP: Unknown service id = 203 , closing connection.
27-08-2018 18:25:28 TCP: Connection closed.
27-08-2018 18:25:30 TCP: Got new connection: 42.106.27.112:47527
27-08-2018 18:25:31 TCP: Recieved 18 bytes from socket.
27-08-2018 18:25:31 TCP: Checking for keyword validity.
27-08-2018 18:25:31 TCP: Keyword valid. Waiting for data.
27-08-2018 18:25:34 TCP: Recieved 15 bytes from socket.
27-08-2018 18:25:34 TCP: Unknown service id = 44 , closing connection.
27-08-2018 18:25:34 TCP: Connection closed.
27-08-2018 18:25:35 TCP: Got new connection: 42.106.27.112:10390
27-08-2018 18:25:36 TCP: Recieved 18 bytes from socket.
27-08-2018 18:25:36 TCP: Checking for keyword validity.
27-08-2018 18:25:36 TCP: Keyword valid. Waiting for data.
27-08-2018 18:25:39 TCP: Recieved 15 bytes from socket.
27-08-2018 18:25:39 TCP: Unknown service id = 46 , closing connection.
27-08-2018 18:25:39 TCP: Connection closed.
27-08-2018 18:26:15 TCP: Got new connection: 42.106.23.157:11422
27-08-2018 18:26:16 TCP: Recieved 18 bytes from socket.
27-08-2018 18:26:16 TCP: Checking for keyword validity.
27-08-2018 18:26:16 TCP: Keyword valid. Waiting for data.
27-08-2018 18:26:19 TCP: Recieved 36 bytes from socket.
27-08-2018 18:26:19 TCP: Unknown service id = 203 , closing connection.
27-08-2018 18:26:19 TCP: Connection closed.
27-08-2018 18:26:20 TCP: Got new connection: 42.106.23.157:36142
27-08-2018 18:26:21 TCP: Recieved 18 bytes from socket.
27-08-2018 18:26:21 TCP: Checking for keyword validity.
27-08-2018 18:26:21 TCP: Keyword valid. Waiting for data.
27-08-2018 18:26:24 TCP: Recieved 15 bytes from socket.
27-08-2018 18:26:24 TCP: Unknown service id = 49 , closing connection.
27-08-2018 18:26:24 TCP: Connection closed.
27-08-2018 18:26:25 TCP: Got new connection: 42.106.23.157:7054
27-08-2018 18:26:26 TCP: Recieved 18 bytes from socket.
27-08-2018 18:26:26 TCP: Checking for keyword validity.
27-08-2018 18:26:26 TCP: Keyword valid. Waiting for data.
27-08-2018 18:26:29 TCP: Recieved 36 bytes from socket.
27-08-2018 18:26:29 TCP: Unknown service id = 203 , closing connection.
27-08-2018 18:26:29 TCP: Connection closed.
27-08-2018 18:27:04 TCP: Got new connection: 42.106.16.43:5025
27-08-2018 18:27:05 TCP: Recieved 18 bytes from socket.
27-08-2018 18:27:05 TCP: Checking for keyword validity.
27-08-2018 18:27:05 TCP: Keyword valid. Waiting for data.
