28-08-2018 16:59:38 UDP: Started listening at port 8414
28-08-2018 16:59:38 TCP: Started listening at port 10025
28-08-2018 16:59:38 TCP Output Control: Started listening at port 668
28-08-2018 16:59:38 TCP Output Control: Error in confirmation checker.
28-08-2018 16:59:38 TCP Output Control: System.InvalidOperationException: ExecuteNonQuery requires the command to have a transaction when the connection assigned to the command is in a pending local transaction.  The Transaction property of the command has not been initialized.
   at System.Data.SqlClient.SqlCommand.ValidateCommand(String method, Boolean async)
   at System.Data.SqlClient.SqlCommand.InternalExecuteNonQuery(TaskCompletionSource`1 completion, String methodName, Boolean sendToPipe, Int32 timeout, Boolean& usedCache, Boolean asyncWrite, Boolean inRetry)
   at System.Data.SqlClient.SqlCommand.ExecuteNonQuery()
   at ExampleService.DataAccess.MSSqlDataAccess.OutputUpdate(Int32 id, Byte status) in C:\Users\Abuzar\Desktop\27-08-2018\ExampleService\DataAccess\MSSqlDataAccess.cs:line 540
   at ExampleService.DataAccess.MSSqlDataAccess.CheckConfirmationExpirations() in C:\Users\Abuzar\Desktop\27-08-2018\ExampleService\DataAccess\MSSqlDataAccess.cs:line 561
   at ExampleService.TCPOutputControl.CheckConfirmationExpiration() in C:\Users\Abuzar\Desktop\27-08-2018\ExampleService\TCPOutputControl.cs:line 312
28-08-2018 17:00:07 TCP: Got new connection: 42.106.25.28:33151
28-08-2018 17:00:08 TCP: Recieved 18 bytes from socket.
28-08-2018 17:00:08 TCP: Checking for keyword validity.
28-08-2018 17:00:08 TCP: Keyword valid. Waiting for data.
28-08-2018 17:00:11 TCP: Recieved 36 bytes from socket.
28-08-2018 17:00:17 TCP: Unknown service id = 203 , closing connection.
28-08-2018 17:00:20 TCP: Got new connection: 42.106.25.28:65287
28-08-2018 17:01:04 TCP: Connection closed.
28-08-2018 17:01:04 TCP: Recieved 18 bytes from socket.
28-08-2018 17:01:04 TCP: Checking for keyword validity.
28-08-2018 17:01:04 TCP: Keyword valid. Waiting for data.
28-08-2018 17:01:04 TCP: Recieved 303 bytes from socket.
