30-08-2018 16:51:46 UDP: Started listening at port 8414
30-08-2018 16:51:46 TCP: Started listening at port 10025
30-08-2018 16:51:47 TCP Output Control: Started listening at port 668
30-08-2018 16:51:47 TCP Output Control: Error in confirmation checker.
30-08-2018 16:51:47 TCP Output Control: System.InvalidOperationException: ExecuteNonQuery requires the command to have a transaction when the connection assigned to the command is in a pending local transaction.  The Transaction property of the command has not been initialized.
   at System.Data.SqlClient.SqlCommand.ValidateCommand(String method, Boolean async)
   at System.Data.SqlClient.SqlCommand.InternalExecuteNonQuery(TaskCompletionSource`1 completion, String methodName, Boolean sendToPipe, Int32 timeout, Boolean& usedCache, Boolean asyncWrite, Boolean inRetry)
   at System.Data.SqlClient.SqlCommand.ExecuteNonQuery()
   at ExampleService.DataAccess.MSSqlDataAccess.OutputUpdate(Int32 id, Byte status) in C:\Users\Abuzar\Desktop\27-08-2018\ExampleService\DataAccess\MSSqlDataAccess.cs:line 540
   at ExampleService.DataAccess.MSSqlDataAccess.CheckConfirmationExpirations() in C:\Users\Abuzar\Desktop\27-08-2018\ExampleService\DataAccess\MSSqlDataAccess.cs:line 561
   at ExampleService.TCPOutputControl.CheckConfirmationExpiration() in C:\Users\Abuzar\Desktop\27-08-2018\ExampleService\TCPOutputControl.cs:line 312
30-08-2018 16:51:49 TCP: Got new connection: 42.106.4.91:48526
30-08-2018 16:51:54 TCP: Recieved 18 bytes from socket.
30-08-2018 16:51:54 TCP: Checking for keyword validity.
30-08-2018 16:51:55 TCP: Keyword valid. Waiting for data.
30-08-2018 16:51:57 TCP: Recieved 15 bytes from socket.
30-08-2018 16:51:57 TCP: Packet too short.
30-08-2018 16:52:01 TCP: Recieved 36 bytes from socket.
30-08-2018 16:52:27 TCP: Longitude:.553.800448
30-08-2018 16:52:32 TCP: Lattitude:.3784.31412
30-08-2018 16:53:43 TCP: Date;.System.Byte[]
30-08-2018 16:53:47 TCP: Got new connection: 42.106.4.91:24473
30-08-2018 16:53:59 TCP: Recieved 555 bytes from socket.
30-08-2018 16:53:59 TCP: Checking for keyword validity.
30-08-2018 16:54:00 TCP: Recieved 177 bytes from socket.
30-08-2018 16:54:01 TCP: Checking for keyword validity.
30-08-2018 16:54:03 TCP: Keyword valid. Waiting for data.
30-08-2018 16:54:06 TCP: Keyword valid. Waiting for data.
30-08-2018 16:54:09 TCP: Recieved 36 bytes from socket.
