29-08-2018 15:39:37 UDP: Started listening at port 8414
29-08-2018 15:39:37 TCP: Started listening at port 10025
29-08-2018 15:39:37 TCP Output Control: Started listening at port 668
29-08-2018 15:39:37 TCP Output Control: Error in confirmation checker.
29-08-2018 15:39:37 TCP Output Control: System.InvalidOperationException: ExecuteNonQuery requires the command to have a transaction when the connection assigned to the command is in a pending local transaction.  The Transaction property of the command has not been initialized.
   at System.Data.SqlClient.SqlCommand.ValidateCommand(String method, Boolean async)
   at System.Data.SqlClient.SqlCommand.InternalExecuteNonQuery(TaskCompletionSource`1 completion, String methodName, Boolean sendToPipe, Int32 timeout, Boolean& usedCache, Boolean asyncWrite, Boolean inRetry)
   at System.Data.SqlClient.SqlCommand.ExecuteNonQuery()
   at ExampleService.DataAccess.MSSqlDataAccess.OutputUpdate(Int32 id, Byte status) in C:\Users\Abuzar\Desktop\27-08-2018\ExampleService\DataAccess\MSSqlDataAccess.cs:line 540
   at ExampleService.DataAccess.MSSqlDataAccess.CheckConfirmationExpirations() in C:\Users\Abuzar\Desktop\27-08-2018\ExampleService\DataAccess\MSSqlDataAccess.cs:line 561
   at ExampleService.TCPOutputControl.CheckConfirmationExpiration() in C:\Users\Abuzar\Desktop\27-08-2018\ExampleService\TCPOutputControl.cs:line 312
29-08-2018 15:40:08 TCP: Got new connection: 42.106.17.137:16829
29-08-2018 15:40:09 TCP: Recieved 18 bytes from socket.
29-08-2018 15:40:09 TCP: Checking for keyword validity.
29-08-2018 15:40:12 TCP: Keyword valid. Waiting for data.
29-08-2018 15:40:12 TCP: Recieved 15 bytes from socket.
29-08-2018 15:40:12 TCP: Parsing recieved data.
29-08-2018 15:40:12 TCP: ---- Parser log start ----
29-08-2018 15:40:16 Helper: IMEI: 1130590330583160
29-08-2018 15:40:16 Helper: Checksum does not match.
29-08-2018 15:40:16 TCP: ---- Saving to database ----
29-08-2018 15:40:16 TCP: ---- Successfully saved to database ----
29-08-2018 15:40:16 TCP: Recieved 36 bytes from socket.
29-08-2018 15:40:16 TCP: Parsing recieved data.
29-08-2018 15:40:16 TCP: ---- Parser log start ----
29-08-2018 15:40:22 Helper: IMEI: 728747588410374264
29-08-2018 15:40:22 Helper: Checksum does not match.
29-08-2018 15:40:22 TCP: ---- Saving to database ----
29-08-2018 15:40:22 TCP: ---- Successfully saved to database ----
29-08-2018 15:40:22 TCP: Recieved 72 bytes from socket.
29-08-2018 15:40:22 TCP: Parsing recieved data.
29-08-2018 15:40:22 TCP: ---- Parser log start ----
29-08-2018 15:40:37 Helper: IMEI: 728747588410374264
29-08-2018 15:40:37 Helper: Checksum does not match.
29-08-2018 15:40:37 TCP: ---- Saving to database ----
29-08-2018 15:40:37 TCP: ---- Successfully saved to database ----
29-08-2018 15:40:37 TCP: Recieved 159 bytes from socket.
29-08-2018 15:40:37 TCP: Parsing recieved data.
29-08-2018 15:40:37 TCP: ---- Parser log start ----
29-08-2018 15:41:07 Helper: IMEI: 728747588410374264
29-08-2018 15:41:27 Helper: Checksum does not match.
29-08-2018 15:41:27 TCP: ---- Saving to database ----
29-08-2018 15:41:27 TCP: ---- Successfully saved to database ----
29-08-2018 15:41:27 TCP: Recieved 288 bytes from socket.
29-08-2018 15:41:27 TCP: Parsing recieved data.
29-08-2018 15:41:27 TCP: ---- Parser log start ----
