29-08-2018 13:39:37 UDP: Started listening at port 8414
29-08-2018 13:39:37 TCP: Started listening at port 10025
29-08-2018 13:39:37 TCP Output Control: Started listening at port 668
29-08-2018 13:39:37 TCP Output Control: Error in confirmation checker.
29-08-2018 13:39:37 TCP Output Control: System.InvalidOperationException: ExecuteNonQuery requires the command to have a transaction when the connection assigned to the command is in a pending local transaction.  The Transaction property of the command has not been initialized.
   at System.Data.SqlClient.SqlCommand.ValidateCommand(String method, Boolean async)
   at System.Data.SqlClient.SqlCommand.InternalExecuteNonQuery(TaskCompletionSource`1 completion, String methodName, Boolean sendToPipe, Int32 timeout, Boolean& usedCache, Boolean asyncWrite, Boolean inRetry)
   at System.Data.SqlClient.SqlCommand.ExecuteNonQuery()
   at ExampleService.DataAccess.MSSqlDataAccess.OutputUpdate(Int32 id, Byte status) in C:\Users\Abuzar\Desktop\27-08-2018\ExampleService\DataAccess\MSSqlDataAccess.cs:line 540
   at ExampleService.DataAccess.MSSqlDataAccess.CheckConfirmationExpirations() in C:\Users\Abuzar\Desktop\27-08-2018\ExampleService\DataAccess\MSSqlDataAccess.cs:line 561
   at ExampleService.TCPOutputControl.CheckConfirmationExpiration() in C:\Users\Abuzar\Desktop\27-08-2018\ExampleService\TCPOutputControl.cs:line 312
29-08-2018 13:39:55 TCP: Got new connection: 42.106.16.39:39430
29-08-2018 13:39:56 TCP: Recieved 18 bytes from socket.
29-08-2018 13:39:56 TCP: Checking for keyword validity.
29-08-2018 13:39:56 TCP: Keyword valid. Waiting for data.
29-08-2018 13:39:59 TCP: Recieved 15 bytes from socket.
29-08-2018 13:39:59 TCP: Parsing recieved data.
29-08-2018 13:39:59 TCP: ---- Parser log start ----
29-08-2018 13:40:01 Helper: IMEI: 1130590330583160
29-08-2018 13:40:01 Helper: Checksum does not match.
29-08-2018 13:40:04 TCP: ---- Saving to database ----
29-08-2018 13:40:04 TCP: ---- Successfully saved to database ----
29-08-2018 13:40:04 TCP: Recieved 36 bytes from socket.
29-08-2018 13:40:04 TCP: Parsing recieved data.
29-08-2018 13:40:04 TCP: ---- Parser log start ----
29-08-2018 13:40:06 Helper: IMEI: 584632400334518392
29-08-2018 13:40:06 Helper: Checksum does not match.
29-08-2018 13:40:09 TCP: ---- Saving to database ----
29-08-2018 13:40:09 TCP: ---- Successfully saved to database ----
29-08-2018 13:40:09 TCP: Recieved 36 bytes from socket.
29-08-2018 13:40:09 TCP: Parsing recieved data.
29-08-2018 13:40:09 TCP: ---- Parser log start ----
29-08-2018 13:40:18 Helper: IMEI: 584632400334518392
29-08-2018 13:40:18 Helper: Checksum does not match.
29-08-2018 13:40:21 TCP: ---- Saving to database ----
29-08-2018 13:40:21 TCP: ---- Successfully saved to database ----
29-08-2018 13:40:21 TCP: Recieved 180 bytes from socket.
29-08-2018 13:40:21 TCP: Parsing recieved data.
29-08-2018 13:40:21 TCP: ---- Parser log start ----
29-08-2018 13:40:23 Helper: IMEI: 584632400334518392
29-08-2018 13:40:23 Helper: Checksum does not match.
29-08-2018 13:40:25 TCP: ---- Saving to database ----
29-08-2018 13:40:25 TCP: ---- Successfully saved to database ----
29-08-2018 13:40:25 TCP: Recieved 36 bytes from socket.
29-08-2018 13:40:25 TCP: Parsing recieved data.
29-08-2018 13:40:25 TCP: ---- Parser log start ----
29-08-2018 13:40:26 Helper: IMEI: 584632400334518392
29-08-2018 13:40:26 Helper: Checksum does not match.
29-08-2018 13:40:29 TCP: ---- Saving to database ----
29-08-2018 13:40:29 TCP: ---- Successfully saved to database ----
29-08-2018 13:40:29 TCP: Recieved 36 bytes from socket.
29-08-2018 13:40:29 TCP: Parsing recieved data.
29-08-2018 13:40:29 TCP: ---- Parser log start ----
29-08-2018 13:40:29 Helper: IMEI: 584632400334518392
29-08-2018 13:40:29 Helper: Checksum does not match.
