03-09-2018 17:51:54 UDP: Started listening at port 8414
03-09-2018 17:51:54 TCP: Started listening at port 10025
03-09-2018 17:51:54 TCP Output Control: Started listening at port 668
03-09-2018 17:51:55 TCP Output Control: Error in confirmation checker.
03-09-2018 17:51:55 TCP Output Control: System.InvalidOperationException: ExecuteNonQuery requires the command to have a transaction when the connection assigned to the command is in a pending local transaction.  The Transaction property of the command has not been initialized.
   at System.Data.SqlClient.SqlCommand.ValidateCommand(String method, Boolean async)
   at System.Data.SqlClient.SqlCommand.InternalExecuteNonQuery(TaskCompletionSource`1 completion, String methodName, Boolean sendToPipe, Int32 timeout, Boolean& usedCache, Boolean asyncWrite, Boolean inRetry)
   at System.Data.SqlClient.SqlCommand.ExecuteNonQuery()
   at ExampleService.DataAccess.MSSqlDataAccess.OutputUpdate(Int32 id, Byte status) in C:\Users\Abuzar\Desktop\27-08-2018\ExampleService\DataAccess\MSSqlDataAccess.cs:line 540
   at ExampleService.DataAccess.MSSqlDataAccess.CheckConfirmationExpirations() in C:\Users\Abuzar\Desktop\27-08-2018\ExampleService\DataAccess\MSSqlDataAccess.cs:line 561
   at ExampleService.TCPOutputControl.CheckConfirmationExpiration() in C:\Users\Abuzar\Desktop\27-08-2018\ExampleService\TCPOutputControl.cs:line 313
03-09-2018 17:52:10 TCP: Got new connection: 42.106.24.150:18713
03-09-2018 17:52:12 TCP: Recieved 18 bytes from socket.
03-09-2018 17:52:12 TCP: Parsing Data....
03-09-2018 17:52:12 TCP: Parsing Data....
03-09-2018 17:52:14 TCP: Recieved 15 bytes from socket.
03-09-2018 17:52:14 TCP: Parsing Data....
03-09-2018 17:52:21 TCP: Recieved 36 bytes from socket.
03-09-2018 17:52:21 TCP: Parsing Data....
03-09-2018 17:52:23 TCP: Saving Data Into Database......
