30-08-2018 17:11:54 UDP: Started listening at port 8414
30-08-2018 17:11:54 TCP: Started listening at port 10025
30-08-2018 17:11:55 TCP Output Control: Started listening at port 668
30-08-2018 17:11:55 TCP Output Control: Error in confirmation checker.
30-08-2018 17:11:55 TCP Output Control: System.InvalidOperationException: ExecuteNonQuery requires the command to have a transaction when the connection assigned to the command is in a pending local transaction.  The Transaction property of the command has not been initialized.
   at System.Data.SqlClient.SqlCommand.ValidateCommand(String method, Boolean async)
   at System.Data.SqlClient.SqlCommand.InternalExecuteNonQuery(TaskCompletionSource`1 completion, String methodName, Boolean sendToPipe, Int32 timeout, Boolean& usedCache, Boolean asyncWrite, Boolean inRetry)
   at System.Data.SqlClient.SqlCommand.ExecuteNonQuery()
   at ExampleService.DataAccess.MSSqlDataAccess.OutputUpdate(Int32 id, Byte status) in C:\Users\Abuzar\Desktop\27-08-2018\ExampleService\DataAccess\MSSqlDataAccess.cs:line 540
   at ExampleService.DataAccess.MSSqlDataAccess.CheckConfirmationExpirations() in C:\Users\Abuzar\Desktop\27-08-2018\ExampleService\DataAccess\MSSqlDataAccess.cs:line 561
   at ExampleService.TCPOutputControl.CheckConfirmationExpiration() in C:\Users\Abuzar\Desktop\27-08-2018\ExampleService\TCPOutputControl.cs:line 312
30-08-2018 17:12:22 TCP: Got new connection: 42.106.28.73:16801
30-08-2018 17:12:25 TCP: Recieved 18 bytes from socket.
30-08-2018 17:12:25 TCP: Checking for keyword validity.
30-08-2018 17:12:26 TCP: Keyword valid. Waiting for data.
30-08-2018 17:12:28 TCP: Recieved 15 bytes from socket.
30-08-2018 17:12:31 TCP: Packet too short.
30-08-2018 17:12:32 TCP: Recieved 36 bytes from socket.
30-08-2018 17:12:53 TCP: Longitude:.553.825024
30-08-2018 17:12:53 TCP: Lattitude:.3784.341768
30-08-2018 17:12:54 TCP: Date;.081E0B2A1AC8
30-08-2018 17:12:55 TCP: Recieved 252 bytes from socket.
30-08-2018 17:12:55 TCP: Checking for keyword validity.
30-08-2018 17:12:57 TCP: Keyword valid. Waiting for data.
30-08-2018 17:12:58 TCP: Recieved 36 bytes from socket.
30-08-2018 17:13:06 TCP: Longitude:.553.831168
30-08-2018 17:13:06 TCP: Lattitude:.3784.341768
30-08-2018 17:13:06 TCP: Date;.081E0B2A10C8
30-08-2018 17:13:11 TCP: Recieved 72 bytes from socket.
30-08-2018 17:13:11 TCP: Checking for keyword validity.
30-08-2018 17:13:13 TCP: Keyword valid. Waiting for data.
30-08-2018 17:13:16 TCP: Recieved 36 bytes from socket.
