11-09-2018 18:57:13 UDP: Started listening at port 8414
11-09-2018 18:57:13 TCP: Started listening at port 10025
11-09-2018 18:57:13 TCP Output Control: Started listening at port 669
11-09-2018 18:57:13 TCP Output Control: Error in confirmation checker.
11-09-2018 18:57:13 TCP Output Control: System.InvalidOperationException: ExecuteNonQuery requires the command to have a transaction when the connection assigned to the command is in a pending local transaction.  The Transaction property of the command has not been initialized.
   at System.Data.SqlClient.SqlCommand.ValidateCommand(String method, Boolean async)
   at System.Data.SqlClient.SqlCommand.InternalExecuteNonQuery(TaskCompletionSource`1 completion, String methodName, Boolean sendToPipe, Int32 timeout, Boolean& usedCache, Boolean asyncWrite, Boolean inRetry)
   at System.Data.SqlClient.SqlCommand.ExecuteNonQuery()
   at ExampleService.DataAccess.MSSqlDataAccess.OutputUpdate(Int32 id, Byte status) in C:\Users\Abuzar\Desktop\2deviceconsole 11-09-2018\GPSIndia\ExampleService\DataAccess\MSSqlDataAccess.cs:line 540
   at ExampleService.DataAccess.MSSqlDataAccess.CheckConfirmationExpirations() in C:\Users\Abuzar\Desktop\2deviceconsole 11-09-2018\GPSIndia\ExampleService\DataAccess\MSSqlDataAccess.cs:line 561
   at ExampleService.TCPOutputControl.CheckConfirmationExpiration() in C:\Users\Abuzar\Desktop\2deviceconsole 11-09-2018\GPSIndia\ExampleService\TCPOutputControl.cs:line 313
11-09-2018 18:57:17 TCP: Got new connection: 106.77.33.179:37349
11-09-2018 18:57:18 TCP: Recieved 18 bytes from socket.
11-09-2018 18:57:18 TCP: Parsing Data....
11-09-2018 18:57:18 TCP: Parsing Data....
11-09-2018 18:57:21 TCP: Recieved 36 bytes from socket.
11-09-2018 18:57:21 TCP: Parsing Data....
11-09-2018 18:57:36 TCP: Saving Data Into Database......
11-09-2018 18:57:36 TCP: Successfully Saved To Database......
11-09-2018 18:57:36 TCP: Recieved 180 bytes from socket.
11-09-2018 18:57:36 TCP: Parsing Data....
11-09-2018 18:57:36 TCP: Saving Data Into Database......
11-09-2018 18:57:37 TCP: Successfully Saved To Database......
11-09-2018 18:57:37 TCP: Saving Data Into Database......
11-09-2018 18:57:37 TCP: Successfully Saved To Database......
11-09-2018 18:57:37 TCP: Saving Data Into Database......
11-09-2018 18:57:37 TCP: Successfully Saved To Database......
11-09-2018 18:57:37 TCP: Saving Data Into Database......
11-09-2018 18:57:37 TCP: Successfully Saved To Database......
11-09-2018 18:57:37 TCP: Saving Data Into Database......
11-09-2018 18:57:37 TCP: Successfully Saved To Database......
11-09-2018 18:57:39 TCP: Recieved 36 bytes from socket.
11-09-2018 18:57:39 TCP: Parsing Data....
11-09-2018 18:57:39 TCP: Saving Data Into Database......
11-09-2018 18:57:39 TCP: Successfully Saved To Database......
11-09-2018 18:57:42 TCP: Recieved 36 bytes from socket.
11-09-2018 18:58:15 TCP: Parsing Data....
11-09-2018 18:58:15 TCP: Saving Data Into Database......
11-09-2018 18:58:15 TCP: Successfully Saved To Database......
11-09-2018 18:58:15 TCP: Recieved 339 bytes from socket.
11-09-2018 18:58:15 TCP: Parsing Data....
11-09-2018 18:58:15 TCP: Saving Data Into Database......
11-09-2018 18:58:15 TCP: Successfully Saved To Database......
11-09-2018 18:58:15 TCP: Saving Data Into Database......
11-09-2018 18:58:15 TCP: Successfully Saved To Database......
11-09-2018 18:58:15 TCP: Saving Data Into Database......
11-09-2018 18:58:15 TCP: Successfully Saved To Database......
11-09-2018 18:58:15 TCP: Saving Data Into Database......
11-09-2018 18:58:15 TCP: Successfully Saved To Database......
11-09-2018 18:58:15 TCP: Saving Data Into Database......
11-09-2018 18:58:15 TCP: Successfully Saved To Database......
11-09-2018 18:58:15 TCP: Saving Data Into Database......
11-09-2018 18:58:15 TCP: Successfully Saved To Database......
11-09-2018 18:58:15 TCP: Saving Data Into Database......
11-09-2018 18:58:16 TCP: Successfully Saved To Database......
11-09-2018 18:58:16 TCP: Saving Data Into Database......
11-09-2018 18:58:16 TCP: Successfully Saved To Database......
11-09-2018 18:58:16 TCP: Saving Data Into Database......
11-09-2018 18:58:16 TCP: Successfully Saved To Database......
11-09-2018 18:58:21 TCP: Recieved 36 bytes from socket.
11-09-2018 18:58:21 TCP: Parsing Data....
11-09-2018 18:58:21 TCP: Saving Data Into Database......
11-09-2018 18:58:21 TCP: Successfully Saved To Database......
11-09-2018 18:58:22 TCP: Recieved 15 bytes from socket.
11-09-2018 18:58:22 TCP: Parsing Data....
