01-09-2018 11:51:23 UDP: Started listening at port 8414
01-09-2018 11:51:23 TCP: Started listening at port 10025
01-09-2018 11:51:23 TCP Output Control: Started listening at port 668
01-09-2018 11:51:24 TCP Output Control: Error in confirmation checker.
01-09-2018 11:51:24 TCP Output Control: System.InvalidOperationException: ExecuteNonQuery requires the command to have a transaction when the connection assigned to the command is in a pending local transaction.  The Transaction property of the command has not been initialized.
   at System.Data.SqlClient.SqlCommand.ValidateCommand(String method, Boolean async)
   at System.Data.SqlClient.SqlCommand.InternalExecuteNonQuery(TaskCompletionSource`1 completion, String methodName, Boolean sendToPipe, Int32 timeout, Boolean& usedCache, Boolean asyncWrite, Boolean inRetry)
   at System.Data.SqlClient.SqlCommand.ExecuteNonQuery()
   at ExampleService.DataAccess.MSSqlDataAccess.OutputUpdate(Int32 id, Byte status) in C:\Users\Abuzar\Desktop\27-08-2018\ExampleService\DataAccess\MSSqlDataAccess.cs:line 540
   at ExampleService.DataAccess.MSSqlDataAccess.CheckConfirmationExpirations() in C:\Users\Abuzar\Desktop\27-08-2018\ExampleService\DataAccess\MSSqlDataAccess.cs:line 561
   at ExampleService.TCPOutputControl.CheckConfirmationExpiration() in C:\Users\Abuzar\Desktop\27-08-2018\ExampleService\TCPOutputControl.cs:line 312
01-09-2018 11:51:26 TCP: Got new connection: 42.106.28.146:40996
01-09-2018 11:51:27 TCP: Recieved 18 bytes from socket.
01-09-2018 11:51:27 TCP: Checking for keyword validity.
01-09-2018 11:51:27 TCP: Keyword valid. Waiting for data.
01-09-2018 11:51:30 TCP: Recieved 36 bytes from socket.
01-09-2018 11:51:33 TCP: Recieved 36 bytes from socket.
01-09-2018 11:51:33 TCP: Checking for keyword validity.
01-09-2018 11:51:33 Helper: Saving Data Into Database......
01-09-2018 11:51:34 Helper: Successfully Saved To Database......
01-09-2018 11:51:34 TCP: Keyword valid. Waiting for data.
01-09-2018 11:51:36 TCP: Recieved 36 bytes from socket.
01-09-2018 11:51:40 TCP: Recieved 36 bytes from socket.
01-09-2018 11:51:40 TCP: Checking for keyword validity.
01-09-2018 11:51:40 Helper: Saving Data Into Database......
01-09-2018 11:51:40 Helper: Successfully Saved To Database......
01-09-2018 11:51:40 TCP: Keyword valid. Waiting for data.
01-09-2018 11:51:43 TCP: Recieved 36 bytes from socket.
01-09-2018 11:51:45 TCP: Recieved 36 bytes from socket.
01-09-2018 11:51:45 TCP: Checking for keyword validity.
01-09-2018 11:51:45 Helper: Saving Data Into Database......
01-09-2018 11:51:45 Helper: Successfully Saved To Database......
01-09-2018 11:51:45 TCP: Keyword valid. Waiting for data.
