03-09-2018 18:03:25 UDP: Started listening at port 8414
03-09-2018 18:03:25 TCP: Started listening at port 10025
03-09-2018 18:03:25 TCP Output Control: Started listening at port 668
03-09-2018 18:03:26 TCP Output Control: Error in confirmation checker.
03-09-2018 18:03:26 TCP Output Control: System.InvalidOperationException: ExecuteNonQuery requires the command to have a transaction when the connection assigned to the command is in a pending local transaction.  The Transaction property of the command has not been initialized.
   at System.Data.SqlClient.SqlCommand.ValidateCommand(String method, Boolean async)
   at System.Data.SqlClient.SqlCommand.InternalExecuteNonQuery(TaskCompletionSource`1 completion, String methodName, Boolean sendToPipe, Int32 timeout, Boolean& usedCache, Boolean asyncWrite, Boolean inRetry)
   at System.Data.SqlClient.SqlCommand.ExecuteNonQuery()
   at ExampleService.DataAccess.MSSqlDataAccess.OutputUpdate(Int32 id, Byte status) in C:\Users\Abuzar\Desktop\27-08-2018\ExampleService\DataAccess\MSSqlDataAccess.cs:line 540
   at ExampleService.DataAccess.MSSqlDataAccess.CheckConfirmationExpirations() in C:\Users\Abuzar\Desktop\27-08-2018\ExampleService\DataAccess\MSSqlDataAccess.cs:line 561
   at ExampleService.TCPOutputControl.CheckConfirmationExpiration() in C:\Users\Abuzar\Desktop\27-08-2018\ExampleService\TCPOutputControl.cs:line 313
03-09-2018 18:03:35 TCP: Got new connection: 42.106.22.183:1254
03-09-2018 18:03:36 TCP: Recieved 18 bytes from socket.
03-09-2018 18:03:36 TCP: Parsing Data....
03-09-2018 18:03:36 TCP: Parsing Data....
03-09-2018 18:03:39 TCP: Recieved 36 bytes from socket.
03-09-2018 18:03:39 TCP: Parsing Data....
03-09-2018 18:03:39 TCP: Saving Data Into Database......
03-09-2018 18:03:39 TCP: Successfully Saved To Database......
03-09-2018 18:03:42 TCP: Recieved 36 bytes from socket.
03-09-2018 18:03:42 TCP: Parsing Data....
03-09-2018 18:03:42 TCP: Saving Data Into Database......
03-09-2018 18:03:42 TCP: Successfully Saved To Database......
03-09-2018 18:03:45 TCP: Recieved 15 bytes from socket.
03-09-2018 18:03:45 TCP: Parsing Data....
03-09-2018 18:05:47 TCP: Got new connection: 42.106.21.188:22176
