12-09-2018 18:55:44 UDP: Started listening at port 8414
12-09-2018 18:55:44 TCP: Started listening at port 10025
12-09-2018 18:55:45 TCP Output Control: Started listening at port 669
12-09-2018 18:55:45 TCP Output Control: Error in confirmation checker.
12-09-2018 18:55:45 TCP Output Control: System.InvalidOperationException: ExecuteNonQuery requires the command to have a transaction when the connection assigned to the command is in a pending local transaction.  The Transaction property of the command has not been initialized.
   at System.Data.SqlClient.SqlCommand.ValidateCommand(String method, Boolean async)
   at System.Data.SqlClient.SqlCommand.InternalExecuteNonQuery(TaskCompletionSource`1 completion, String methodName, Boolean sendToPipe, Int32 timeout, Boolean& usedCache, Boolean asyncWrite, Boolean inRetry)
   at System.Data.SqlClient.SqlCommand.ExecuteNonQuery()
   at ExampleService.DataAccess.MSSqlDataAccess.OutputUpdate(Int32 id, Byte status) in C:\Users\Abuzar\Desktop\2deviceconsole 11-09-2018\GPSIndia\ExampleService\DataAccess\MSSqlDataAccess.cs:line 540
   at ExampleService.DataAccess.MSSqlDataAccess.CheckConfirmationExpirations() in C:\Users\Abuzar\Desktop\2deviceconsole 11-09-2018\GPSIndia\ExampleService\DataAccess\MSSqlDataAccess.cs:line 561
   at ExampleService.TCPOutputControl.CheckConfirmationExpiration() in C:\Users\Abuzar\Desktop\2deviceconsole 11-09-2018\GPSIndia\ExampleService\TCPOutputControl.cs:line 313
12-09-2018 18:56:12 TCP: Got new connection: 49.14.197.48:49586
12-09-2018 18:56:13 TCP: Recieved 18 bytes from socket.
12-09-2018 18:56:13 TCP: Parsing Data....
12-09-2018 18:56:17 TCP: Parsing Data....
12-09-2018 18:56:17 TCP: Recieved 36 bytes from socket.
12-09-2018 18:56:17 TCP: Parsing Data....
12-09-2018 18:56:17 TCP: Saving Data Into Database......
12-09-2018 18:56:18 TCP: Successfully Saved To Database......
12-09-2018 18:56:19 TCP: Recieved 15 bytes from socket.
12-09-2018 18:56:19 TCP: Parsing Data....
12-09-2018 18:56:30 TCP: Recieved 72 bytes from socket.
12-09-2018 18:56:30 TCP: Parsing Data....
12-09-2018 18:56:30 TCP: Saving Data Into Database......
12-09-2018 18:56:30 TCP: Successfully Saved To Database......
12-09-2018 18:56:30 TCP: Saving Data Into Database......
12-09-2018 18:56:30 TCP: Successfully Saved To Database......
12-09-2018 18:56:34 TCP: Recieved 36 bytes from socket.
12-09-2018 18:56:34 TCP: Parsing Data....
12-09-2018 18:56:34 TCP: Saving Data Into Database......
12-09-2018 18:56:34 TCP: Successfully Saved To Database......
12-09-2018 18:56:47 TCP: Recieved 36 bytes from socket.
12-09-2018 18:56:47 TCP: Parsing Data....
12-09-2018 18:56:47 TCP: Saving Data Into Database......
12-09-2018 18:56:47 TCP: Successfully Saved To Database......
12-09-2018 18:56:54 TCP: Recieved 36 bytes from socket.
12-09-2018 18:56:54 TCP: Parsing Data....
12-09-2018 18:56:54 TCP: Saving Data Into Database......
12-09-2018 18:56:54 TCP: Successfully Saved To Database......
12-09-2018 18:57:04 TCP: Recieved 36 bytes from socket.
12-09-2018 18:57:04 TCP: Parsing Data....
12-09-2018 18:57:04 TCP: Saving Data Into Database......
12-09-2018 18:57:04 TCP: Successfully Saved To Database......
12-09-2018 18:57:14 TCP: Recieved 36 bytes from socket.
12-09-2018 18:57:14 TCP: Parsing Data....
12-09-2018 18:57:14 TCP: Saving Data Into Database......
12-09-2018 18:57:14 TCP: Successfully Saved To Database......
12-09-2018 18:57:24 TCP: Recieved 36 bytes from socket.
12-09-2018 18:57:24 TCP: Parsing Data....
12-09-2018 18:57:24 TCP: Saving Data Into Database......
12-09-2018 18:57:24 TCP: Successfully Saved To Database......
12-09-2018 18:57:34 TCP: Recieved 36 bytes from socket.
12-09-2018 18:57:34 TCP: Parsing Data....
12-09-2018 18:57:34 TCP: Saving Data Into Database......
12-09-2018 18:57:34 TCP: Successfully Saved To Database......
12-09-2018 18:57:45 TCP: Recieved 15 bytes from socket.
12-09-2018 18:57:45 TCP: Parsing Data....
12-09-2018 18:58:35 TCP: Recieved 216 bytes from socket.
12-09-2018 18:58:35 TCP: Parsing Data....
12-09-2018 18:58:35 TCP: Saving Data Into Database......
12-09-2018 18:58:36 TCP: Successfully Saved To Database......
12-09-2018 18:58:36 TCP: Saving Data Into Database......
12-09-2018 18:58:36 TCP: Successfully Saved To Database......
12-09-2018 18:58:36 TCP: Saving Data Into Database......
12-09-2018 18:58:36 TCP: Successfully Saved To Database......
12-09-2018 18:58:36 TCP: Saving Data Into Database......
12-09-2018 18:58:36 TCP: Successfully Saved To Database......
12-09-2018 18:58:36 TCP: Saving Data Into Database......
12-09-2018 18:58:36 TCP: Successfully Saved To Database......
12-09-2018 18:58:36 TCP: Saving Data Into Database......
12-09-2018 18:58:36 TCP: Successfully Saved To Database......
12-09-2018 18:58:44 TCP: Recieved 36 bytes from socket.
12-09-2018 18:58:44 TCP: Parsing Data....
12-09-2018 18:58:44 TCP: Saving Data Into Database......
12-09-2018 18:58:44 TCP: Successfully Saved To Database......
12-09-2018 18:58:54 TCP: Recieved 36 bytes from socket.
12-09-2018 18:58:54 TCP: Parsing Data....
12-09-2018 18:58:54 TCP: Saving Data Into Database......
12-09-2018 18:58:54 TCP: Successfully Saved To Database......
12-09-2018 18:59:04 TCP: Recieved 36 bytes from socket.
12-09-2018 18:59:04 TCP: Parsing Data....
12-09-2018 18:59:04 TCP: Saving Data Into Database......
12-09-2018 18:59:04 TCP: Successfully Saved To Database......
12-09-2018 18:59:13 TCP: Recieved 15 bytes from socket.
12-09-2018 18:59:13 TCP: Parsing Data....
12-09-2018 18:59:30 TCP: Recieved 72 bytes from socket.
12-09-2018 18:59:30 TCP: Parsing Data....
12-09-2018 18:59:30 TCP: Saving Data Into Database......
12-09-2018 18:59:30 TCP: Successfully Saved To Database......
12-09-2018 18:59:30 TCP: Saving Data Into Database......
12-09-2018 18:59:30 TCP: Successfully Saved To Database......
12-09-2018 18:59:35 TCP: Recieved 36 bytes from socket.
12-09-2018 18:59:35 TCP: Parsing Data....
12-09-2018 18:59:35 TCP: Saving Data Into Database......
12-09-2018 18:59:35 TCP: Successfully Saved To Database......
12-09-2018 18:59:45 TCP: Recieved 36 bytes from socket.
12-09-2018 18:59:45 TCP: Parsing Data....
12-09-2018 18:59:45 TCP: Saving Data Into Database......
12-09-2018 18:59:45 TCP: Successfully Saved To Database......
12-09-2018 18:59:55 TCP: Recieved 36 bytes from socket.
12-09-2018 18:59:55 TCP: Parsing Data....
12-09-2018 18:59:55 TCP: Saving Data Into Database......
12-09-2018 18:59:55 TCP: Successfully Saved To Database......
12-09-2018 19:00:05 TCP: Recieved 36 bytes from socket.
12-09-2018 19:00:05 TCP: Parsing Data....
12-09-2018 19:00:05 TCP: Saving Data Into Database......
12-09-2018 19:00:05 TCP: Successfully Saved To Database......
12-09-2018 19:00:15 TCP: Recieved 36 bytes from socket.
12-09-2018 19:00:15 TCP: Parsing Data....
12-09-2018 19:00:15 TCP: Saving Data Into Database......
12-09-2018 19:00:15 TCP: Successfully Saved To Database......
12-09-2018 19:00:25 TCP: Recieved 36 bytes from socket.
12-09-2018 19:00:25 TCP: Parsing Data....
12-09-2018 19:00:25 TCP: Saving Data Into Database......
12-09-2018 19:00:25 TCP: Successfully Saved To Database......
12-09-2018 19:00:35 TCP: Recieved 36 bytes from socket.
12-09-2018 19:00:35 TCP: Parsing Data....
12-09-2018 19:00:35 TCP: Saving Data Into Database......
12-09-2018 19:00:35 TCP: Successfully Saved To Database......
12-09-2018 19:00:46 TCP: Got new connection: 49.14.197.48:38010
12-09-2018 19:00:47 TCP: Recieved 18 bytes from socket.
12-09-2018 19:00:47 TCP: Parsing Data....
12-09-2018 19:00:53 TCP: Parsing Data....
12-09-2018 19:00:53 TCP: Recieved 15 bytes from socket.
12-09-2018 19:00:53 TCP: Parsing Data....
12-09-2018 19:01:04 TCP: Recieved 72 bytes from socket.
12-09-2018 19:01:04 TCP: Parsing Data....
12-09-2018 19:01:04 TCP: Saving Data Into Database......
12-09-2018 19:01:05 TCP: Successfully Saved To Database......
12-09-2018 19:01:05 TCP: Saving Data Into Database......
12-09-2018 19:01:05 TCP: Successfully Saved To Database......
12-09-2018 19:01:14 TCP: Recieved 36 bytes from socket.
12-09-2018 19:01:14 TCP: Parsing Data....
12-09-2018 19:01:14 TCP: Saving Data Into Database......
12-09-2018 19:01:14 TCP: Successfully Saved To Database......
