12-09-2018 16:45:01 UDP: Started listening at port 8414
12-09-2018 16:45:01 TCP: Started listening at port 10025
12-09-2018 16:45:01 TCP Output Control: Started listening at port 669
12-09-2018 16:45:02 TCP Output Control: Error in confirmation checker.
12-09-2018 16:45:02 TCP Output Control: System.InvalidOperationException: ExecuteNonQuery requires the command to have a transaction when the connection assigned to the command is in a pending local transaction.  The Transaction property of the command has not been initialized.
   at System.Data.SqlClient.SqlCommand.ValidateCommand(String method, Boolean async)
   at System.Data.SqlClient.SqlCommand.InternalExecuteNonQuery(TaskCompletionSource`1 completion, String methodName, Boolean sendToPipe, Int32 timeout, Boolean& usedCache, Boolean asyncWrite, Boolean inRetry)
   at System.Data.SqlClient.SqlCommand.ExecuteNonQuery()
   at ExampleService.DataAccess.MSSqlDataAccess.OutputUpdate(Int32 id, Byte status) in C:\Users\Abuzar\Desktop\2deviceconsole 11-09-2018\GPSIndia\ExampleService\DataAccess\MSSqlDataAccess.cs:line 540
   at ExampleService.DataAccess.MSSqlDataAccess.CheckConfirmationExpirations() in C:\Users\Abuzar\Desktop\2deviceconsole 11-09-2018\GPSIndia\ExampleService\DataAccess\MSSqlDataAccess.cs:line 561
   at ExampleService.TCPOutputControl.CheckConfirmationExpiration() in C:\Users\Abuzar\Desktop\2deviceconsole 11-09-2018\GPSIndia\ExampleService\TCPOutputControl.cs:line 313
12-09-2018 16:50:24 TCP: Got new connection: 106.78.170.26:65298
12-09-2018 16:50:25 TCP: Recieved 18 bytes from socket.
12-09-2018 16:50:25 TCP: Parsing Data....
12-09-2018 16:50:25 TCP: Parsing Data....
12-09-2018 16:50:29 TCP: Recieved 15 bytes from socket.
12-09-2018 16:50:29 TCP: Parsing Data....
12-09-2018 16:50:33 TCP: Recieved 36 bytes from socket.
12-09-2018 16:50:33 TCP: Parsing Data....
12-09-2018 16:50:33 TCP: Saving Data Into Database......
12-09-2018 16:50:34 TCP: Successfully Saved To Database......
12-09-2018 16:50:47 TCP: Recieved 36 bytes from socket.
12-09-2018 16:50:47 TCP: Parsing Data....
12-09-2018 16:50:47 TCP: Saving Data Into Database......
12-09-2018 16:50:47 TCP: Successfully Saved To Database......
12-09-2018 16:50:54 TCP: Recieved 36 bytes from socket.
12-09-2018 16:50:54 TCP: Parsing Data....
12-09-2018 16:50:54 TCP: Saving Data Into Database......
12-09-2018 16:50:54 TCP: Successfully Saved To Database......
12-09-2018 16:51:04 TCP: Recieved 36 bytes from socket.
12-09-2018 16:51:04 TCP: Parsing Data....
12-09-2018 16:51:04 TCP: Saving Data Into Database......
12-09-2018 16:51:04 TCP: Successfully Saved To Database......
12-09-2018 16:51:14 TCP: Recieved 36 bytes from socket.
12-09-2018 16:51:14 TCP: Parsing Data....
12-09-2018 16:51:14 TCP: Saving Data Into Database......
12-09-2018 16:51:14 TCP: Successfully Saved To Database......
12-09-2018 16:51:24 TCP: Recieved 36 bytes from socket.
12-09-2018 16:51:24 TCP: Parsing Data....
12-09-2018 16:51:24 TCP: Saving Data Into Database......
12-09-2018 16:51:24 TCP: Successfully Saved To Database......
12-09-2018 16:51:34 TCP: Recieved 36 bytes from socket.
12-09-2018 16:51:34 TCP: Parsing Data....
12-09-2018 16:51:34 TCP: Saving Data Into Database......
12-09-2018 16:51:34 TCP: Successfully Saved To Database......
12-09-2018 16:51:44 TCP: Recieved 36 bytes from socket.
12-09-2018 16:51:44 TCP: Parsing Data....
12-09-2018 16:51:44 TCP: Saving Data Into Database......
12-09-2018 16:51:44 TCP: Successfully Saved To Database......
12-09-2018 16:51:54 TCP: Recieved 36 bytes from socket.
12-09-2018 16:51:54 TCP: Parsing Data....
12-09-2018 16:51:54 TCP: Saving Data Into Database......
12-09-2018 16:51:54 TCP: Successfully Saved To Database......
12-09-2018 16:51:55 TCP: Recieved 15 bytes from socket.
12-09-2018 16:51:55 TCP: Parsing Data....
12-09-2018 16:52:04 TCP: Recieved 36 bytes from socket.
12-09-2018 16:52:04 TCP: Parsing Data....
12-09-2018 16:52:04 TCP: Saving Data Into Database......
12-09-2018 16:52:04 TCP: Successfully Saved To Database......
12-09-2018 16:52:14 TCP: Recieved 36 bytes from socket.
12-09-2018 16:52:14 TCP: Parsing Data....
12-09-2018 16:52:14 TCP: Saving Data Into Database......
12-09-2018 16:52:14 TCP: Successfully Saved To Database......
12-09-2018 16:52:23 TCP: Recieved 36 bytes from socket.
12-09-2018 16:52:23 TCP: Parsing Data....
12-09-2018 16:52:23 TCP: Saving Data Into Database......
12-09-2018 16:52:24 TCP: Successfully Saved To Database......
12-09-2018 16:52:33 TCP: Recieved 36 bytes from socket.
12-09-2018 16:52:33 TCP: Parsing Data....
12-09-2018 16:52:33 TCP: Saving Data Into Database......
12-09-2018 16:52:34 TCP: Successfully Saved To Database......
12-09-2018 16:52:43 TCP: Recieved 36 bytes from socket.
12-09-2018 16:52:43 TCP: Parsing Data....
12-09-2018 16:52:43 TCP: Saving Data Into Database......
12-09-2018 16:52:43 TCP: Successfully Saved To Database......
12-09-2018 16:52:53 TCP: Recieved 36 bytes from socket.
12-09-2018 16:52:53 TCP: Parsing Data....
12-09-2018 16:52:53 TCP: Saving Data Into Database......
12-09-2018 16:52:53 TCP: Successfully Saved To Database......
12-09-2018 16:53:05 TCP: Recieved 36 bytes from socket.
12-09-2018 16:53:05 TCP: Parsing Data....
12-09-2018 16:53:05 TCP: Saving Data Into Database......
12-09-2018 16:53:06 TCP: Successfully Saved To Database......
12-09-2018 16:53:19 TCP: Recieved 36 bytes from socket.
12-09-2018 16:53:19 TCP: Parsing Data....
12-09-2018 16:53:19 TCP: Saving Data Into Database......
12-09-2018 16:53:19 TCP: Successfully Saved To Database......
12-09-2018 16:53:23 TCP: Recieved 36 bytes from socket.
12-09-2018 16:53:23 TCP: Parsing Data....
12-09-2018 16:53:23 TCP: Saving Data Into Database......
12-09-2018 16:53:24 TCP: Successfully Saved To Database......
12-09-2018 16:53:25 TCP: Recieved 15 bytes from socket.
12-09-2018 16:53:25 TCP: Parsing Data....
12-09-2018 16:53:33 TCP: Recieved 36 bytes from socket.
12-09-2018 16:53:33 TCP: Parsing Data....
12-09-2018 16:53:33 TCP: Saving Data Into Database......
12-09-2018 16:53:33 TCP: Successfully Saved To Database......
12-09-2018 16:53:43 TCP: Recieved 36 bytes from socket.
12-09-2018 16:53:43 TCP: Parsing Data....
12-09-2018 16:53:43 TCP: Saving Data Into Database......
12-09-2018 16:53:43 TCP: Successfully Saved To Database......
12-09-2018 16:53:53 TCP: Recieved 36 bytes from socket.
12-09-2018 16:53:53 TCP: Parsing Data....
12-09-2018 16:53:53 TCP: Saving Data Into Database......
12-09-2018 16:53:54 TCP: Successfully Saved To Database......
12-09-2018 16:54:03 TCP: Recieved 36 bytes from socket.
12-09-2018 16:54:03 TCP: Parsing Data....
12-09-2018 16:54:03 TCP: Saving Data Into Database......
12-09-2018 16:54:03 TCP: Successfully Saved To Database......
12-09-2018 16:54:04 TCP: Recieved 36 bytes from socket.
12-09-2018 16:54:04 TCP: Parsing Data....
12-09-2018 16:54:04 TCP: Saving Data Into Database......
12-09-2018 16:54:04 TCP: Successfully Saved To Database......
12-09-2018 16:54:14 TCP: Recieved 36 bytes from socket.
12-09-2018 16:54:14 TCP: Parsing Data....
12-09-2018 16:54:14 TCP: Saving Data Into Database......
12-09-2018 16:54:15 TCP: Successfully Saved To Database......
12-09-2018 16:54:25 TCP: Recieved 36 bytes from socket.
12-09-2018 16:54:25 TCP: Parsing Data....
12-09-2018 16:54:25 TCP: Saving Data Into Database......
12-09-2018 16:54:25 TCP: Successfully Saved To Database......
12-09-2018 16:54:34 TCP: Recieved 36 bytes from socket.
12-09-2018 16:54:34 TCP: Parsing Data....
12-09-2018 16:54:34 TCP: Saving Data Into Database......
12-09-2018 16:54:34 TCP: Successfully Saved To Database......
12-09-2018 16:54:44 TCP: Recieved 36 bytes from socket.
12-09-2018 16:54:44 TCP: Parsing Data....
12-09-2018 16:54:44 TCP: Saving Data Into Database......
12-09-2018 16:54:44 TCP: Successfully Saved To Database......
12-09-2018 16:54:58 TCP: Recieved 36 bytes from socket.
12-09-2018 16:54:58 TCP: Parsing Data....
12-09-2018 16:54:58 TCP: Saving Data Into Database......
12-09-2018 16:54:58 TCP: Successfully Saved To Database......
12-09-2018 16:54:58 TCP: Got new connection: 106.78.170.26:23292
12-09-2018 16:54:59 TCP: Recieved 18 bytes from socket.
12-09-2018 16:54:59 TCP: Parsing Data....
12-09-2018 16:54:59 TCP: Parsing Data....
12-09-2018 16:55:02 TCP: Recieved 15 bytes from socket.
12-09-2018 16:55:02 TCP: Parsing Data....
12-09-2018 16:55:04 TCP: Recieved 36 bytes from socket.
12-09-2018 16:55:04 TCP: Parsing Data....
12-09-2018 16:55:04 TCP: Saving Data Into Database......
12-09-2018 16:55:04 TCP: Successfully Saved To Database......
12-09-2018 16:55:14 TCP: Recieved 36 bytes from socket.
12-09-2018 16:55:14 TCP: Parsing Data....
12-09-2018 16:55:14 TCP: Saving Data Into Database......
12-09-2018 16:55:15 TCP: Successfully Saved To Database......
12-09-2018 16:55:24 TCP: Recieved 36 bytes from socket.
12-09-2018 16:55:24 TCP: Parsing Data....
12-09-2018 16:55:24 TCP: Saving Data Into Database......
12-09-2018 16:55:24 TCP: Successfully Saved To Database......
12-09-2018 16:55:34 TCP: Recieved 36 bytes from socket.
12-09-2018 16:55:34 TCP: Parsing Data....
12-09-2018 16:55:34 TCP: Saving Data Into Database......
12-09-2018 16:55:34 TCP: Successfully Saved To Database......
12-09-2018 16:55:44 TCP: Recieved 36 bytes from socket.
12-09-2018 16:55:44 TCP: Parsing Data....
12-09-2018 16:55:44 TCP: Saving Data Into Database......
12-09-2018 16:55:44 TCP: Successfully Saved To Database......
12-09-2018 16:55:54 TCP: Recieved 36 bytes from socket.
12-09-2018 16:55:54 TCP: Parsing Data....
12-09-2018 16:55:54 TCP: Saving Data Into Database......
12-09-2018 16:55:54 TCP: Successfully Saved To Database......
12-09-2018 17:15:44 TCP: Got new connection: 49.14.213.38:25658
12-09-2018 17:15:45 TCP: Recieved 18 bytes from socket.
12-09-2018 17:15:45 TCP: Parsing Data....
12-09-2018 17:15:45 TCP: Parsing Data....
12-09-2018 17:15:48 TCP: Recieved 15 bytes from socket.
12-09-2018 17:15:48 TCP: Parsing Data....
12-09-2018 17:15:51 TCP: Recieved 36 bytes from socket.
12-09-2018 17:15:51 TCP: Parsing Data....
12-09-2018 17:15:51 TCP: Saving Data Into Database......
12-09-2018 17:15:51 TCP: Successfully Saved To Database......
12-09-2018 17:15:58 TCP: Recieved 36 bytes from socket.
12-09-2018 17:15:58 TCP: Parsing Data....
12-09-2018 17:15:58 TCP: Saving Data Into Database......
12-09-2018 17:15:59 TCP: Successfully Saved To Database......
12-09-2018 17:16:08 TCP: Recieved 36 bytes from socket.
12-09-2018 17:16:08 TCP: Parsing Data....
12-09-2018 17:16:08 TCP: Saving Data Into Database......
12-09-2018 17:16:08 TCP: Successfully Saved To Database......
12-09-2018 17:16:18 TCP: Recieved 36 bytes from socket.
12-09-2018 17:16:18 TCP: Parsing Data....
12-09-2018 17:16:18 TCP: Saving Data Into Database......
12-09-2018 17:16:18 TCP: Successfully Saved To Database......
12-09-2018 17:16:28 TCP: Recieved 36 bytes from socket.
12-09-2018 17:16:28 TCP: Parsing Data....
12-09-2018 17:16:28 TCP: Saving Data Into Database......
12-09-2018 17:16:29 TCP: Successfully Saved To Database......
12-09-2018 17:16:38 TCP: Recieved 36 bytes from socket.
12-09-2018 17:16:38 TCP: Parsing Data....
12-09-2018 17:16:38 TCP: Saving Data Into Database......
12-09-2018 17:16:38 TCP: Successfully Saved To Database......
12-09-2018 17:16:48 TCP: Recieved 36 bytes from socket.
12-09-2018 17:16:48 TCP: Parsing Data....
12-09-2018 17:16:48 TCP: Saving Data Into Database......
12-09-2018 17:16:48 TCP: Successfully Saved To Database......
12-09-2018 17:16:58 TCP: Recieved 36 bytes from socket.
12-09-2018 17:16:58 TCP: Parsing Data....
12-09-2018 17:16:58 TCP: Saving Data Into Database......
12-09-2018 17:16:58 TCP: Successfully Saved To Database......
12-09-2018 17:17:09 TCP: Recieved 36 bytes from socket.
12-09-2018 17:17:09 TCP: Parsing Data....
12-09-2018 17:17:09 TCP: Saving Data Into Database......
12-09-2018 17:17:09 TCP: Successfully Saved To Database......
12-09-2018 17:17:15 TCP: Recieved 15 bytes from socket.
12-09-2018 17:17:15 TCP: Parsing Data....
12-09-2018 17:17:18 TCP: Recieved 36 bytes from socket.
12-09-2018 17:17:18 TCP: Parsing Data....
12-09-2018 17:17:18 TCP: Saving Data Into Database......
12-09-2018 17:17:18 TCP: Successfully Saved To Database......
