29-08-2018 15:22:23 UDP: Started listening at port 8414
29-08-2018 15:22:23 TCP: Started listening at port 10025
29-08-2018 15:22:23 TCP Output Control: Started listening at port 668
29-08-2018 15:22:24 TCP Output Control: Error in confirmation checker.
29-08-2018 15:22:24 TCP Output Control: System.InvalidOperationException: ExecuteNonQuery requires the command to have a transaction when the connection assigned to the command is in a pending local transaction.  The Transaction property of the command has not been initialized.
   at System.Data.SqlClient.SqlCommand.ValidateCommand(String method, Boolean async)
   at System.Data.SqlClient.SqlCommand.InternalExecuteNonQuery(TaskCompletionSource`1 completion, String methodName, Boolean sendToPipe, Int32 timeout, Boolean& usedCache, Boolean asyncWrite, Boolean inRetry)
   at System.Data.SqlClient.SqlCommand.ExecuteNonQuery()
   at ExampleService.DataAccess.MSSqlDataAccess.OutputUpdate(Int32 id, Byte status) in C:\Users\Abuzar\Desktop\27-08-2018\ExampleService\DataAccess\MSSqlDataAccess.cs:line 540
   at ExampleService.DataAccess.MSSqlDataAccess.CheckConfirmationExpirations() in C:\Users\Abuzar\Desktop\27-08-2018\ExampleService\DataAccess\MSSqlDataAccess.cs:line 561
   at ExampleService.TCPOutputControl.CheckConfirmationExpiration() in C:\Users\Abuzar\Desktop\27-08-2018\ExampleService\TCPOutputControl.cs:line 312
29-08-2018 15:22:39 TCP: Got new connection: 42.106.19.31:33684
29-08-2018 15:22:41 TCP: Recieved 18 bytes from socket.
29-08-2018 15:22:41 TCP: Checking for keyword validity.
29-08-2018 15:24:11 TCP: Keyword valid. Waiting for data.
29-08-2018 15:24:11 TCP: Recieved 1017 bytes from socket.
29-08-2018 15:24:11 TCP: Parsing recieved data.
29-08-2018 15:24:11 TCP: ---- Parser log start ----
29-08-2018 15:24:11 Helper: IMEI: 656689994372446328
29-08-2018 15:24:11 Helper: Checksum does not match.
29-08-2018 15:24:11 TCP: ---- Saving to database ----
29-08-2018 15:24:11 TCP: ---- Successfully saved to database ----
29-08-2018 15:24:14 TCP: Recieved 36 bytes from socket.
29-08-2018 15:24:14 TCP: Parsing recieved data.
29-08-2018 15:24:14 TCP: ---- Parser log start ----
29-08-2018 15:24:14 Helper: IMEI: 656689994372446328
29-08-2018 15:24:14 Helper: Checksum does not match.
29-08-2018 15:24:14 TCP: ---- Saving to database ----
29-08-2018 15:24:14 TCP: ---- Successfully saved to database ----
29-08-2018 15:24:17 TCP: Recieved 36 bytes from socket.
29-08-2018 15:24:17 TCP: Parsing recieved data.
29-08-2018 15:24:17 TCP: ---- Parser log start ----
29-08-2018 15:24:17 Helper: IMEI: 656689994372446328
29-08-2018 15:24:17 Helper: Checksum does not match.
29-08-2018 15:24:17 TCP: ---- Saving to database ----
29-08-2018 15:24:17 TCP: ---- Successfully saved to database ----
29-08-2018 15:24:20 TCP: Recieved 36 bytes from socket.
29-08-2018 15:24:20 TCP: Parsing recieved data.
29-08-2018 15:24:20 TCP: ---- Parser log start ----
29-08-2018 15:24:20 Helper: IMEI: 656689994372446328
29-08-2018 15:24:20 Helper: Checksum does not match.
29-08-2018 15:24:20 TCP: ---- Saving to database ----
29-08-2018 15:24:20 TCP: ---- Successfully saved to database ----
29-08-2018 15:24:23 TCP: Recieved 36 bytes from socket.
29-08-2018 15:24:23 TCP: Parsing recieved data.
29-08-2018 15:24:23 TCP: ---- Parser log start ----
29-08-2018 15:24:23 Helper: IMEI: 656689994372446328
29-08-2018 15:24:23 Helper: Checksum does not match.
29-08-2018 15:24:23 TCP: ---- Saving to database ----
29-08-2018 15:24:23 TCP: ---- Successfully saved to database ----
29-08-2018 15:24:26 TCP: Recieved 36 bytes from socket.
29-08-2018 15:24:26 TCP: Parsing recieved data.
29-08-2018 15:24:26 TCP: ---- Parser log start ----
29-08-2018 15:24:26 Helper: IMEI: 656689994372446328
29-08-2018 15:24:26 Helper: Checksum does not match.
29-08-2018 15:24:26 TCP: ---- Saving to database ----
29-08-2018 15:24:26 TCP: ---- Successfully saved to database ----
29-08-2018 15:24:29 TCP: Recieved 36 bytes from socket.
29-08-2018 15:24:29 TCP: Parsing recieved data.
29-08-2018 15:24:29 TCP: ---- Parser log start ----
29-08-2018 15:24:29 Helper: IMEI: 656689994372446328
29-08-2018 15:24:29 Helper: Checksum does not match.
29-08-2018 15:24:29 TCP: ---- Saving to database ----
29-08-2018 15:24:29 TCP: ---- Successfully saved to database ----
29-08-2018 15:24:32 TCP: Recieved 36 bytes from socket.
29-08-2018 15:24:32 TCP: Parsing recieved data.
29-08-2018 15:24:32 TCP: ---- Parser log start ----
29-08-2018 15:24:32 Helper: IMEI: 656689994372446328
29-08-2018 15:24:32 Helper: Checksum does not match.
29-08-2018 15:24:32 TCP: ---- Saving to database ----
29-08-2018 15:24:32 TCP: ---- Successfully saved to database ----
