30-08-2018 17:22:33 UDP: Started listening at port 8414
30-08-2018 17:22:33 TCP: Started listening at port 10025
30-08-2018 17:22:34 TCP Output Control: Started listening at port 668
30-08-2018 17:22:34 TCP Output Control: Error in confirmation checker.
30-08-2018 17:22:34 TCP Output Control: System.InvalidOperationException: ExecuteNonQuery requires the command to have a transaction when the connection assigned to the command is in a pending local transaction.  The Transaction property of the command has not been initialized.
   at System.Data.SqlClient.SqlCommand.ValidateCommand(String method, Boolean async)
   at System.Data.SqlClient.SqlCommand.InternalExecuteNonQuery(TaskCompletionSource`1 completion, String methodName, Boolean sendToPipe, Int32 timeout, Boolean& usedCache, Boolean asyncWrite, Boolean inRetry)
   at System.Data.SqlClient.SqlCommand.ExecuteNonQuery()
   at ExampleService.DataAccess.MSSqlDataAccess.OutputUpdate(Int32 id, Byte status) in C:\Users\Abuzar\Desktop\27-08-2018\ExampleService\DataAccess\MSSqlDataAccess.cs:line 540
   at ExampleService.DataAccess.MSSqlDataAccess.CheckConfirmationExpirations() in C:\Users\Abuzar\Desktop\27-08-2018\ExampleService\DataAccess\MSSqlDataAccess.cs:line 561
   at ExampleService.TCPOutputControl.CheckConfirmationExpiration() in C:\Users\Abuzar\Desktop\27-08-2018\ExampleService\TCPOutputControl.cs:line 312
30-08-2018 17:22:49 TCP: Got new connection: 42.106.24.155:17232
30-08-2018 17:22:51 TCP: Recieved 18 bytes from socket.
30-08-2018 17:22:51 TCP: Checking for keyword validity.
30-08-2018 17:22:53 TCP: Keyword valid. Waiting for data.
30-08-2018 17:22:55 TCP: Recieved 36 bytes from socket.
30-08-2018 17:22:57 TCP: Longitude:.136.380981
30-08-2018 17:22:57 TCP: Lattitude:.48.336879
30-08-2018 17:22:57 TCP: Date;.12081E0B3306
30-08-2018 17:22:58 TCP: Recieved 15 bytes from socket.
30-08-2018 17:22:58 TCP: Checking for keyword validity.
30-08-2018 17:22:59 TCP: Keyword valid. Waiting for data.
30-08-2018 17:23:00 TCP: Recieved 36 bytes from socket.
30-08-2018 17:23:03 TCP: Longitude:.136.380936
30-08-2018 17:23:03 TCP: Lattitude:.48.337116
30-08-2018 17:23:03 TCP: Date;.12081E0B3438
30-08-2018 17:24:42 TCP: Recieved 72 bytes from socket.
30-08-2018 17:24:42 TCP: Checking for keyword validity.
30-08-2018 17:24:42 TCP: Got new connection: 42.106.24.155:50729
30-08-2018 17:24:44 TCP: Keyword valid. Waiting for data.
30-08-2018 17:24:48 TCP: Recieved 591 bytes from socket.
30-08-2018 17:24:48 TCP: Recieved 105 bytes from socket.
30-08-2018 17:24:49 TCP: Checking for keyword validity.
