12-09-2018 15:52:21 UDP: Started listening at port 8414
12-09-2018 15:52:21 TCP: Started listening at port 10025
12-09-2018 15:52:21 TCP Output Control: Started listening at port 669
12-09-2018 15:52:21 TCP Output Control: Error in confirmation checker.
12-09-2018 15:52:21 TCP Output Control: System.InvalidOperationException: ExecuteNonQuery requires the command to have a transaction when the connection assigned to the command is in a pending local transaction.  The Transaction property of the command has not been initialized.
   at System.Data.SqlClient.SqlCommand.ValidateCommand(String method, Boolean async)
   at System.Data.SqlClient.SqlCommand.InternalExecuteNonQuery(TaskCompletionSource`1 completion, String methodName, Boolean sendToPipe, Int32 timeout, Boolean& usedCache, Boolean asyncWrite, Boolean inRetry)
   at System.Data.SqlClient.SqlCommand.ExecuteNonQuery()
   at ExampleService.DataAccess.MSSqlDataAccess.OutputUpdate(Int32 id, Byte status) in C:\Users\Abuzar\Desktop\2deviceconsole 11-09-2018\GPSIndia\ExampleService\DataAccess\MSSqlDataAccess.cs:line 540
   at ExampleService.DataAccess.MSSqlDataAccess.CheckConfirmationExpirations() in C:\Users\Abuzar\Desktop\2deviceconsole 11-09-2018\GPSIndia\ExampleService\DataAccess\MSSqlDataAccess.cs:line 561
   at ExampleService.TCPOutputControl.CheckConfirmationExpiration() in C:\Users\Abuzar\Desktop\2deviceconsole 11-09-2018\GPSIndia\ExampleService\TCPOutputControl.cs:line 313
12-09-2018 16:19:52 TCP: Got new connection: 106.78.167.73:37713
12-09-2018 16:19:53 TCP: Recieved 18 bytes from socket.
12-09-2018 16:19:53 TCP: Parsing Data....
12-09-2018 16:19:53 TCP: Parsing Data....
12-09-2018 16:19:59 TCP: Recieved 51 bytes from socket.
12-09-2018 16:19:59 TCP: Parsing Data....
12-09-2018 16:19:59 TCP: Saving Data Into Database......
12-09-2018 16:20:00 TCP: Successfully Saved To Database......
12-09-2018 16:20:02 TCP: Recieved 36 bytes from socket.
12-09-2018 16:20:02 TCP: Parsing Data....
12-09-2018 16:20:02 TCP: Saving Data Into Database......
12-09-2018 16:20:02 TCP: Successfully Saved To Database......
12-09-2018 16:20:03 TCP: Recieved 36 bytes from socket.
12-09-2018 16:20:03 TCP: Parsing Data....
12-09-2018 16:20:03 TCP: Saving Data Into Database......
12-09-2018 16:20:03 TCP: Successfully Saved To Database......
12-09-2018 16:20:06 TCP: Recieved 36 bytes from socket.
12-09-2018 16:20:06 TCP: Parsing Data....
12-09-2018 16:20:06 TCP: Saving Data Into Database......
12-09-2018 16:20:06 TCP: Successfully Saved To Database......
12-09-2018 16:20:09 TCP: Recieved 36 bytes from socket.
12-09-2018 16:20:09 TCP: Parsing Data....
12-09-2018 16:20:09 TCP: Saving Data Into Database......
12-09-2018 16:20:09 TCP: Successfully Saved To Database......
12-09-2018 16:20:12 TCP: Recieved 36 bytes from socket.
12-09-2018 16:20:12 TCP: Parsing Data....
12-09-2018 16:20:12 TCP: Saving Data Into Database......
12-09-2018 16:20:12 TCP: Successfully Saved To Database......
12-09-2018 16:20:15 TCP: Recieved 36 bytes from socket.
12-09-2018 16:20:15 TCP: Parsing Data....
12-09-2018 16:20:15 TCP: Saving Data Into Database......
12-09-2018 16:20:15 TCP: Successfully Saved To Database......
12-09-2018 16:20:21 TCP: Recieved 72 bytes from socket.
12-09-2018 16:20:21 TCP: Parsing Data....
12-09-2018 16:20:21 TCP: Saving Data Into Database......
12-09-2018 16:20:22 TCP: Successfully Saved To Database......
12-09-2018 16:20:22 TCP: Saving Data Into Database......
12-09-2018 16:20:22 TCP: Successfully Saved To Database......
12-09-2018 16:20:24 TCP: Recieved 36 bytes from socket.
12-09-2018 16:20:24 TCP: Parsing Data....
12-09-2018 16:20:24 TCP: Saving Data Into Database......
12-09-2018 16:20:25 TCP: Successfully Saved To Database......
12-09-2018 16:20:40 TCP: Recieved 144 bytes from socket.
12-09-2018 16:20:40 TCP: Parsing Data....
12-09-2018 16:20:40 TCP: Saving Data Into Database......
12-09-2018 16:20:40 TCP: Successfully Saved To Database......
12-09-2018 16:20:40 TCP: Saving Data Into Database......
12-09-2018 16:20:40 TCP: Successfully Saved To Database......
12-09-2018 16:20:40 TCP: Saving Data Into Database......
12-09-2018 16:20:41 TCP: Successfully Saved To Database......
12-09-2018 16:20:41 TCP: Saving Data Into Database......
12-09-2018 16:20:41 TCP: Successfully Saved To Database......
12-09-2018 16:20:41 TCP: Recieved 36 bytes from socket.
12-09-2018 16:20:41 TCP: Parsing Data....
12-09-2018 16:20:41 TCP: Saving Data Into Database......
12-09-2018 16:20:41 TCP: Successfully Saved To Database......
12-09-2018 16:20:45 TCP: Recieved 36 bytes from socket.
12-09-2018 16:20:45 TCP: Parsing Data....
12-09-2018 16:20:45 TCP: Saving Data Into Database......
12-09-2018 16:20:45 TCP: Successfully Saved To Database......
12-09-2018 16:20:45 TCP: Recieved 36 bytes from socket.
12-09-2018 16:20:45 TCP: Parsing Data....
12-09-2018 16:20:45 TCP: Saving Data Into Database......
12-09-2018 16:20:45 TCP: Successfully Saved To Database......
12-09-2018 16:20:48 TCP: Recieved 36 bytes from socket.
12-09-2018 16:20:48 TCP: Parsing Data....
12-09-2018 16:20:48 TCP: Saving Data Into Database......
12-09-2018 16:20:48 TCP: Successfully Saved To Database......
12-09-2018 16:20:51 TCP: Recieved 36 bytes from socket.
12-09-2018 16:20:51 TCP: Parsing Data....
12-09-2018 16:20:51 TCP: Saving Data Into Database......
12-09-2018 16:20:51 TCP: Successfully Saved To Database......
12-09-2018 16:20:54 TCP: Recieved 36 bytes from socket.
12-09-2018 16:20:54 TCP: Parsing Data....
12-09-2018 16:20:54 TCP: Saving Data Into Database......
12-09-2018 16:20:54 TCP: Successfully Saved To Database......
12-09-2018 16:20:57 TCP: Recieved 36 bytes from socket.
12-09-2018 16:20:57 TCP: Parsing Data....
12-09-2018 16:20:57 TCP: Saving Data Into Database......
12-09-2018 16:20:57 TCP: Successfully Saved To Database......
12-09-2018 16:21:00 TCP: Recieved 36 bytes from socket.
12-09-2018 16:21:00 TCP: Parsing Data....
12-09-2018 16:21:00 TCP: Saving Data Into Database......
12-09-2018 16:21:00 TCP: Successfully Saved To Database......
12-09-2018 16:21:03 TCP: Recieved 36 bytes from socket.
12-09-2018 16:21:03 TCP: Parsing Data....
12-09-2018 16:21:03 TCP: Saving Data Into Database......
12-09-2018 16:21:03 TCP: Successfully Saved To Database......
12-09-2018 16:21:06 TCP: Recieved 36 bytes from socket.
12-09-2018 16:21:06 TCP: Parsing Data....
12-09-2018 16:21:06 TCP: Saving Data Into Database......
12-09-2018 16:21:06 TCP: Successfully Saved To Database......
12-09-2018 16:21:09 TCP: Recieved 36 bytes from socket.
12-09-2018 16:21:09 TCP: Parsing Data....
12-09-2018 16:21:09 TCP: Saving Data Into Database......
12-09-2018 16:21:09 TCP: Successfully Saved To Database......
12-09-2018 16:21:12 TCP: Recieved 36 bytes from socket.
12-09-2018 16:21:12 TCP: Parsing Data....
12-09-2018 16:21:12 TCP: Saving Data Into Database......
12-09-2018 16:21:12 TCP: Successfully Saved To Database......
12-09-2018 16:21:15 TCP: Recieved 36 bytes from socket.
12-09-2018 16:21:15 TCP: Parsing Data....
12-09-2018 16:21:15 TCP: Saving Data Into Database......
12-09-2018 16:21:15 TCP: Successfully Saved To Database......
12-09-2018 16:21:21 TCP: Recieved 36 bytes from socket.
12-09-2018 16:21:21 TCP: Parsing Data....
12-09-2018 16:21:21 TCP: Saving Data Into Database......
12-09-2018 16:21:21 TCP: Successfully Saved To Database......
12-09-2018 16:21:21 TCP: Recieved 36 bytes from socket.
12-09-2018 16:21:21 TCP: Parsing Data....
12-09-2018 16:21:21 TCP: Saving Data Into Database......
12-09-2018 16:21:21 TCP: Successfully Saved To Database......
12-09-2018 16:21:26 TCP: Recieved 36 bytes from socket.
12-09-2018 16:21:26 TCP: Parsing Data....
12-09-2018 16:21:26 TCP: Saving Data Into Database......
12-09-2018 16:21:26 TCP: Successfully Saved To Database......
12-09-2018 16:21:27 TCP: Recieved 36 bytes from socket.
12-09-2018 16:21:27 TCP: Parsing Data....
12-09-2018 16:21:27 TCP: Saving Data Into Database......
12-09-2018 16:21:27 TCP: Successfully Saved To Database......
12-09-2018 16:21:30 TCP: Recieved 36 bytes from socket.
12-09-2018 16:21:30 TCP: Parsing Data....
12-09-2018 16:21:30 TCP: Saving Data Into Database......
12-09-2018 16:21:30 TCP: Successfully Saved To Database......
12-09-2018 16:21:33 TCP: Recieved 36 bytes from socket.
12-09-2018 16:21:33 TCP: Parsing Data....
12-09-2018 16:21:33 TCP: Saving Data Into Database......
12-09-2018 16:21:33 TCP: Successfully Saved To Database......
12-09-2018 16:21:39 TCP: Recieved 36 bytes from socket.
12-09-2018 16:21:39 TCP: Parsing Data....
12-09-2018 16:21:39 TCP: Saving Data Into Database......
12-09-2018 16:21:39 TCP: Successfully Saved To Database......
12-09-2018 16:21:42 TCP: Recieved 36 bytes from socket.
12-09-2018 16:21:42 TCP: Parsing Data....
12-09-2018 16:21:42 TCP: Saving Data Into Database......
12-09-2018 16:21:42 TCP: Successfully Saved To Database......
12-09-2018 16:21:42 TCP: Recieved 36 bytes from socket.
12-09-2018 16:21:42 TCP: Parsing Data....
12-09-2018 16:21:42 TCP: Saving Data Into Database......
12-09-2018 16:21:42 TCP: Successfully Saved To Database......
12-09-2018 16:21:45 TCP: Recieved 36 bytes from socket.
12-09-2018 16:21:45 TCP: Parsing Data....
12-09-2018 16:21:45 TCP: Saving Data Into Database......
12-09-2018 16:21:45 TCP: Successfully Saved To Database......
12-09-2018 16:21:48 TCP: Recieved 36 bytes from socket.
12-09-2018 16:21:48 TCP: Parsing Data....
12-09-2018 16:21:48 TCP: Saving Data Into Database......
12-09-2018 16:21:49 TCP: Successfully Saved To Database......
12-09-2018 16:21:53 TCP: Recieved 36 bytes from socket.
12-09-2018 16:21:53 TCP: Parsing Data....
12-09-2018 16:21:53 TCP: Saving Data Into Database......
12-09-2018 16:21:53 TCP: Successfully Saved To Database......
12-09-2018 16:22:09 TCP: Recieved 144 bytes from socket.
12-09-2018 16:22:09 TCP: Parsing Data....
12-09-2018 16:22:09 TCP: Saving Data Into Database......
12-09-2018 16:22:09 TCP: Successfully Saved To Database......
12-09-2018 16:22:09 TCP: Saving Data Into Database......
12-09-2018 16:22:09 TCP: Successfully Saved To Database......
12-09-2018 16:22:09 TCP: Saving Data Into Database......
12-09-2018 16:22:09 TCP: Successfully Saved To Database......
12-09-2018 16:22:09 TCP: Saving Data Into Database......
12-09-2018 16:22:09 TCP: Successfully Saved To Database......
12-09-2018 16:26:49 TCP: Got new connection: 49.15.32.183:34115
12-09-2018 16:26:50 TCP: Recieved 18 bytes from socket.
12-09-2018 16:26:50 TCP: Parsing Data....
12-09-2018 16:26:50 TCP: Parsing Data....
12-09-2018 16:26:55 TCP: Recieved 15 bytes from socket.
12-09-2018 16:26:55 TCP: Parsing Data....
12-09-2018 16:26:58 TCP: Recieved 36 bytes from socket.
12-09-2018 16:26:58 TCP: Parsing Data....
12-09-2018 16:26:58 TCP: Saving Data Into Database......
12-09-2018 16:26:58 TCP: Successfully Saved To Database......
12-09-2018 16:27:02 TCP: Recieved 36 bytes from socket.
12-09-2018 16:27:02 TCP: Parsing Data....
12-09-2018 16:27:02 TCP: Saving Data Into Database......
12-09-2018 16:27:02 TCP: Successfully Saved To Database......
12-09-2018 16:27:11 TCP: Recieved 36 bytes from socket.
12-09-2018 16:27:11 TCP: Parsing Data....
12-09-2018 16:27:11 TCP: Saving Data Into Database......
12-09-2018 16:27:12 TCP: Successfully Saved To Database......
12-09-2018 16:27:27 TCP: Recieved 36 bytes from socket.
12-09-2018 16:27:27 TCP: Parsing Data....
12-09-2018 16:27:27 TCP: Saving Data Into Database......
12-09-2018 16:27:27 TCP: Successfully Saved To Database......
12-09-2018 16:27:31 TCP: Recieved 36 bytes from socket.
12-09-2018 16:27:31 TCP: Parsing Data....
12-09-2018 16:27:31 TCP: Saving Data Into Database......
12-09-2018 16:27:31 TCP: Successfully Saved To Database......
12-09-2018 16:27:41 TCP: Recieved 36 bytes from socket.
12-09-2018 16:27:41 TCP: Parsing Data....
12-09-2018 16:27:41 TCP: Saving Data Into Database......
12-09-2018 16:27:42 TCP: Successfully Saved To Database......
12-09-2018 16:27:51 TCP: Recieved 36 bytes from socket.
12-09-2018 16:27:51 TCP: Parsing Data....
12-09-2018 16:27:51 TCP: Saving Data Into Database......
12-09-2018 16:27:51 TCP: Successfully Saved To Database......
12-09-2018 16:28:10 TCP: Recieved 36 bytes from socket.
12-09-2018 16:28:10 TCP: Parsing Data....
12-09-2018 16:28:10 TCP: Saving Data Into Database......
12-09-2018 16:28:10 TCP: Successfully Saved To Database......
12-09-2018 16:28:11 TCP: Recieved 36 bytes from socket.
12-09-2018 16:28:11 TCP: Parsing Data....
12-09-2018 16:28:11 TCP: Saving Data Into Database......
12-09-2018 16:28:11 TCP: Successfully Saved To Database......
12-09-2018 16:28:20 TCP: Recieved 15 bytes from socket.
12-09-2018 16:28:20 TCP: Parsing Data....
12-09-2018 16:28:21 TCP: Recieved 36 bytes from socket.
12-09-2018 16:28:21 TCP: Parsing Data....
12-09-2018 16:28:21 TCP: Saving Data Into Database......
12-09-2018 16:28:21 TCP: Successfully Saved To Database......
12-09-2018 16:28:33 TCP: Recieved 36 bytes from socket.
12-09-2018 16:28:33 TCP: Parsing Data....
12-09-2018 16:28:33 TCP: Saving Data Into Database......
12-09-2018 16:28:33 TCP: Successfully Saved To Database......
12-09-2018 16:28:41 TCP: Recieved 36 bytes from socket.
12-09-2018 16:28:41 TCP: Parsing Data....
12-09-2018 16:28:41 TCP: Saving Data Into Database......
12-09-2018 16:28:42 TCP: Successfully Saved To Database......
12-09-2018 16:28:51 TCP: Recieved 36 bytes from socket.
12-09-2018 16:28:51 TCP: Parsing Data....
12-09-2018 16:28:51 TCP: Saving Data Into Database......
12-09-2018 16:28:51 TCP: Successfully Saved To Database......
12-09-2018 16:29:03 TCP: Recieved 36 bytes from socket.
12-09-2018 16:29:03 TCP: Parsing Data....
12-09-2018 16:29:03 TCP: Saving Data Into Database......
12-09-2018 16:29:03 TCP: Successfully Saved To Database......
12-09-2018 16:29:11 TCP: Recieved 36 bytes from socket.
12-09-2018 16:29:11 TCP: Parsing Data....
12-09-2018 16:29:11 TCP: Saving Data Into Database......
12-09-2018 16:29:11 TCP: Successfully Saved To Database......
12-09-2018 16:29:21 TCP: Recieved 36 bytes from socket.
12-09-2018 16:29:30 TCP: Parsing Data....
12-09-2018 16:29:30 TCP: Saving Data Into Database......
12-09-2018 16:29:30 TCP: Successfully Saved To Database......
12-09-2018 16:29:31 TCP: Recieved 36 bytes from socket.
12-09-2018 16:29:31 TCP: Parsing Data....
12-09-2018 16:29:31 TCP: Saving Data Into Database......
12-09-2018 16:29:31 TCP: Successfully Saved To Database......
