03-09-2018 18:08:20 UDP: Started listening at port 8414
03-09-2018 18:08:20 TCP: Started listening at port 10025
03-09-2018 18:08:21 TCP Output Control: Started listening at port 668
03-09-2018 18:08:21 TCP Output Control: Error in confirmation checker.
03-09-2018 18:08:21 TCP Output Control: System.InvalidOperationException: ExecuteNonQuery requires the command to have a transaction when the connection assigned to the command is in a pending local transaction.  The Transaction property of the command has not been initialized.
   at System.Data.SqlClient.SqlCommand.ValidateCommand(String method, Boolean async)
   at System.Data.SqlClient.SqlCommand.InternalExecuteNonQuery(TaskCompletionSource`1 completion, String methodName, Boolean sendToPipe, Int32 timeout, Boolean& usedCache, Boolean asyncWrite, Boolean inRetry)
   at System.Data.SqlClient.SqlCommand.ExecuteNonQuery()
   at ExampleService.DataAccess.MSSqlDataAccess.OutputUpdate(Int32 id, Byte status) in C:\Users\Abuzar\Desktop\27-08-2018\ExampleService\DataAccess\MSSqlDataAccess.cs:line 540
   at ExampleService.DataAccess.MSSqlDataAccess.CheckConfirmationExpirations() in C:\Users\Abuzar\Desktop\27-08-2018\ExampleService\DataAccess\MSSqlDataAccess.cs:line 561
   at ExampleService.TCPOutputControl.CheckConfirmationExpiration() in C:\Users\Abuzar\Desktop\27-08-2018\ExampleService\TCPOutputControl.cs:line 313
03-09-2018 18:08:24 TCP: Got new connection: 42.106.20.71:27088
03-09-2018 18:08:25 TCP: Recieved 18 bytes from socket.
03-09-2018 18:08:25 TCP: Parsing Data....
03-09-2018 18:08:25 TCP: Parsing Data....
03-09-2018 18:08:29 TCP: Recieved 36 bytes from socket.
03-09-2018 18:08:29 TCP: Parsing Data....
03-09-2018 18:08:29 TCP: Saving Data Into Database......
03-09-2018 18:08:29 TCP: Successfully Saved To Database......
03-09-2018 18:08:31 TCP: Recieved 36 bytes from socket.
03-09-2018 18:08:31 TCP: Parsing Data....
03-09-2018 18:08:31 TCP: Saving Data Into Database......
03-09-2018 18:08:31 TCP: Successfully Saved To Database......
03-09-2018 18:08:34 TCP: Recieved 36 bytes from socket.
03-09-2018 18:08:34 TCP: Parsing Data....
03-09-2018 18:08:34 TCP: Saving Data Into Database......
03-09-2018 18:08:34 TCP: Successfully Saved To Database......
03-09-2018 18:08:37 TCP: Recieved 36 bytes from socket.
03-09-2018 18:08:37 TCP: Parsing Data....
03-09-2018 18:08:37 TCP: Saving Data Into Database......
03-09-2018 18:08:37 TCP: Successfully Saved To Database......
