12-09-2018 17:22:28 UDP: Started listening at port 8414
12-09-2018 17:22:28 TCP: Started listening at port 10025
12-09-2018 17:22:28 TCP Output Control: Started listening at port 669
12-09-2018 17:22:29 TCP Output Control: Error in confirmation checker.
12-09-2018 17:22:29 TCP Output Control: System.InvalidOperationException: ExecuteNonQuery requires the command to have a transaction when the connection assigned to the command is in a pending local transaction.  The Transaction property of the command has not been initialized.
   at System.Data.SqlClient.SqlCommand.ValidateCommand(String method, Boolean async)
   at System.Data.SqlClient.SqlCommand.InternalExecuteNonQuery(TaskCompletionSource`1 completion, String methodName, Boolean sendToPipe, Int32 timeout, Boolean& usedCache, Boolean asyncWrite, Boolean inRetry)
   at System.Data.SqlClient.SqlCommand.ExecuteNonQuery()
   at ExampleService.DataAccess.MSSqlDataAccess.OutputUpdate(Int32 id, Byte status) in C:\Users\Abuzar\Desktop\2deviceconsole 11-09-2018\GPSIndia\ExampleService\DataAccess\MSSqlDataAccess.cs:line 540
   at ExampleService.DataAccess.MSSqlDataAccess.CheckConfirmationExpirations() in C:\Users\Abuzar\Desktop\2deviceconsole 11-09-2018\GPSIndia\ExampleService\DataAccess\MSSqlDataAccess.cs:line 561
   at ExampleService.TCPOutputControl.CheckConfirmationExpiration() in C:\Users\Abuzar\Desktop\2deviceconsole 11-09-2018\GPSIndia\ExampleService\TCPOutputControl.cs:line 313
12-09-2018 17:22:31 TCP: Got new connection: 106.67.134.41:37235
12-09-2018 17:22:32 TCP: Recieved 18 bytes from socket.
12-09-2018 17:22:32 TCP: Parsing Data....
12-09-2018 17:22:32 TCP: Parsing Data....
12-09-2018 17:22:35 TCP: Recieved 15 bytes from socket.
12-09-2018 17:22:35 TCP: Parsing Data....
12-09-2018 17:22:47 TCP: Recieved 36 bytes from socket.
12-09-2018 17:22:47 TCP: Parsing Data....
12-09-2018 17:22:47 TCP: Saving Data Into Database......
12-09-2018 17:22:47 TCP: Successfully Saved To Database......
12-09-2018 17:22:49 TCP: Recieved 36 bytes from socket.
12-09-2018 17:22:49 TCP: Parsing Data....
12-09-2018 17:22:49 TCP: Saving Data Into Database......
12-09-2018 17:22:49 TCP: Successfully Saved To Database......
12-09-2018 17:22:58 TCP: Recieved 36 bytes from socket.
12-09-2018 17:22:58 TCP: Parsing Data....
12-09-2018 17:22:58 TCP: Saving Data Into Database......
12-09-2018 17:22:58 TCP: Successfully Saved To Database......
12-09-2018 17:23:10 TCP: Recieved 36 bytes from socket.
12-09-2018 17:23:10 TCP: Parsing Data....
12-09-2018 17:23:10 TCP: Saving Data Into Database......
12-09-2018 17:23:10 TCP: Successfully Saved To Database......
12-09-2018 17:23:18 TCP: Recieved 36 bytes from socket.
12-09-2018 17:23:18 TCP: Parsing Data....
12-09-2018 17:23:18 TCP: Saving Data Into Database......
12-09-2018 17:23:18 TCP: Successfully Saved To Database......
12-09-2018 17:23:28 TCP: Recieved 36 bytes from socket.
12-09-2018 17:23:28 TCP: Parsing Data....
12-09-2018 17:23:28 TCP: Saving Data Into Database......
12-09-2018 17:23:28 TCP: Successfully Saved To Database......
12-09-2018 17:23:38 TCP: Recieved 36 bytes from socket.
12-09-2018 17:23:38 TCP: Parsing Data....
12-09-2018 17:23:38 TCP: Saving Data Into Database......
12-09-2018 17:23:38 TCP: Successfully Saved To Database......
12-09-2018 17:23:48 TCP: Recieved 36 bytes from socket.
12-09-2018 17:23:48 TCP: Parsing Data....
12-09-2018 17:23:48 TCP: Saving Data Into Database......
12-09-2018 17:23:48 TCP: Successfully Saved To Database......
12-09-2018 17:23:58 TCP: Recieved 36 bytes from socket.
12-09-2018 17:23:58 TCP: Parsing Data....
12-09-2018 17:23:58 TCP: Saving Data Into Database......
12-09-2018 17:23:58 TCP: Successfully Saved To Database......
12-09-2018 17:24:02 TCP: Recieved 15 bytes from socket.
12-09-2018 17:24:02 TCP: Parsing Data....
12-09-2018 17:24:08 TCP: Recieved 36 bytes from socket.
12-09-2018 17:24:08 TCP: Parsing Data....
12-09-2018 17:24:08 TCP: Saving Data Into Database......
12-09-2018 17:24:08 TCP: Successfully Saved To Database......
12-09-2018 17:24:18 TCP: Recieved 36 bytes from socket.
12-09-2018 17:24:18 TCP: Parsing Data....
12-09-2018 17:24:18 TCP: Saving Data Into Database......
12-09-2018 17:24:18 TCP: Successfully Saved To Database......
12-09-2018 17:24:28 TCP: Recieved 36 bytes from socket.
12-09-2018 17:24:28 TCP: Parsing Data....
12-09-2018 17:24:28 TCP: Saving Data Into Database......
12-09-2018 17:24:28 TCP: Successfully Saved To Database......
12-09-2018 17:24:38 TCP: Recieved 36 bytes from socket.
12-09-2018 17:24:38 TCP: Parsing Data....
12-09-2018 17:24:38 TCP: Saving Data Into Database......
12-09-2018 17:24:38 TCP: Successfully Saved To Database......
12-09-2018 17:24:48 TCP: Recieved 36 bytes from socket.
12-09-2018 17:24:48 TCP: Parsing Data....
12-09-2018 17:24:48 TCP: Saving Data Into Database......
12-09-2018 17:24:48 TCP: Successfully Saved To Database......
12-09-2018 17:24:57 TCP: Recieved 36 bytes from socket.
12-09-2018 17:24:57 TCP: Parsing Data....
12-09-2018 17:24:57 TCP: Saving Data Into Database......
12-09-2018 17:24:58 TCP: Successfully Saved To Database......
12-09-2018 17:25:07 TCP: Recieved 36 bytes from socket.
12-09-2018 17:25:07 TCP: Parsing Data....
12-09-2018 17:25:07 TCP: Saving Data Into Database......
12-09-2018 17:25:07 TCP: Successfully Saved To Database......
12-09-2018 17:25:17 TCP: Recieved 36 bytes from socket.
12-09-2018 17:25:17 TCP: Parsing Data....
12-09-2018 17:25:17 TCP: Saving Data Into Database......
12-09-2018 17:25:18 TCP: Successfully Saved To Database......
12-09-2018 17:25:28 TCP: Recieved 36 bytes from socket.
12-09-2018 17:25:28 TCP: Parsing Data....
12-09-2018 17:25:28 TCP: Saving Data Into Database......
12-09-2018 17:25:28 TCP: Successfully Saved To Database......
12-09-2018 17:25:31 TCP: Recieved 15 bytes from socket.
12-09-2018 17:25:31 TCP: Parsing Data....
12-09-2018 17:25:38 TCP: Recieved 36 bytes from socket.
12-09-2018 17:25:38 TCP: Parsing Data....
12-09-2018 17:25:38 TCP: Saving Data Into Database......
12-09-2018 17:25:38 TCP: Successfully Saved To Database......
12-09-2018 17:25:47 TCP: Recieved 36 bytes from socket.
12-09-2018 17:25:47 TCP: Parsing Data....
12-09-2018 17:25:47 TCP: Saving Data Into Database......
12-09-2018 17:25:47 TCP: Successfully Saved To Database......
12-09-2018 17:25:58 TCP: Recieved 36 bytes from socket.
12-09-2018 17:25:58 TCP: Parsing Data....
12-09-2018 17:25:58 TCP: Saving Data Into Database......
12-09-2018 17:25:58 TCP: Successfully Saved To Database......
12-09-2018 17:26:07 TCP: Recieved 36 bytes from socket.
12-09-2018 17:26:07 TCP: Parsing Data....
12-09-2018 17:26:07 TCP: Saving Data Into Database......
12-09-2018 17:26:08 TCP: Successfully Saved To Database......
12-09-2018 17:26:18 TCP: Recieved 36 bytes from socket.
12-09-2018 17:26:18 TCP: Parsing Data....
12-09-2018 17:26:18 TCP: Saving Data Into Database......
12-09-2018 17:26:18 TCP: Successfully Saved To Database......
12-09-2018 17:26:27 TCP: Recieved 36 bytes from socket.
12-09-2018 17:26:27 TCP: Parsing Data....
12-09-2018 17:26:27 TCP: Saving Data Into Database......
12-09-2018 17:26:27 TCP: Successfully Saved To Database......
12-09-2018 17:26:37 TCP: Recieved 36 bytes from socket.
12-09-2018 17:26:37 TCP: Parsing Data....
12-09-2018 17:26:37 TCP: Saving Data Into Database......
12-09-2018 17:26:37 TCP: Successfully Saved To Database......
12-09-2018 17:26:47 TCP: Recieved 36 bytes from socket.
12-09-2018 17:26:47 TCP: Parsing Data....
12-09-2018 17:26:47 TCP: Saving Data Into Database......
12-09-2018 17:26:47 TCP: Successfully Saved To Database......
12-09-2018 17:26:57 TCP: Recieved 36 bytes from socket.
12-09-2018 17:26:57 TCP: Parsing Data....
12-09-2018 17:26:57 TCP: Saving Data Into Database......
12-09-2018 17:26:57 TCP: Successfully Saved To Database......
12-09-2018 17:27:01 TCP: Got new connection: 106.67.134.41:2400
12-09-2018 17:27:02 TCP: Recieved 18 bytes from socket.
12-09-2018 17:27:02 TCP: Parsing Data....
12-09-2018 17:27:02 TCP: Parsing Data....
12-09-2018 17:27:06 TCP: Recieved 15 bytes from socket.
12-09-2018 17:27:06 TCP: Parsing Data....
12-09-2018 17:27:08 TCP: Recieved 36 bytes from socket.
12-09-2018 17:27:08 TCP: Parsing Data....
12-09-2018 17:27:08 TCP: Saving Data Into Database......
12-09-2018 17:27:08 TCP: Successfully Saved To Database......
12-09-2018 17:27:17 TCP: Recieved 36 bytes from socket.
12-09-2018 17:27:17 TCP: Parsing Data....
12-09-2018 17:27:17 TCP: Saving Data Into Database......
12-09-2018 17:27:17 TCP: Successfully Saved To Database......
12-09-2018 17:27:27 TCP: Recieved 36 bytes from socket.
12-09-2018 17:27:27 TCP: Parsing Data....
12-09-2018 17:27:27 TCP: Saving Data Into Database......
12-09-2018 17:27:27 TCP: Successfully Saved To Database......
12-09-2018 17:27:38 TCP: Recieved 36 bytes from socket.
12-09-2018 17:27:38 TCP: Parsing Data....
12-09-2018 17:27:38 TCP: Saving Data Into Database......
12-09-2018 17:27:38 TCP: Successfully Saved To Database......
12-09-2018 17:27:47 TCP: Recieved 36 bytes from socket.
12-09-2018 17:27:47 TCP: Parsing Data....
12-09-2018 17:27:47 TCP: Saving Data Into Database......
12-09-2018 17:27:47 TCP: Successfully Saved To Database......
12-09-2018 17:27:57 TCP: Recieved 36 bytes from socket.
12-09-2018 17:27:57 TCP: Parsing Data....
12-09-2018 17:27:57 TCP: Saving Data Into Database......
12-09-2018 17:27:57 TCP: Successfully Saved To Database......
12-09-2018 17:28:07 TCP: Recieved 36 bytes from socket.
12-09-2018 17:28:07 TCP: Parsing Data....
12-09-2018 17:28:07 TCP: Saving Data Into Database......
12-09-2018 17:28:07 TCP: Successfully Saved To Database......
12-09-2018 17:28:17 TCP: Recieved 36 bytes from socket.
12-09-2018 17:28:17 TCP: Parsing Data....
12-09-2018 17:28:17 TCP: Saving Data Into Database......
12-09-2018 17:28:17 TCP: Successfully Saved To Database......
12-09-2018 17:28:27 TCP: Recieved 36 bytes from socket.
12-09-2018 17:28:27 TCP: Parsing Data....
12-09-2018 17:28:27 TCP: Saving Data Into Database......
12-09-2018 17:28:27 TCP: Successfully Saved To Database......
12-09-2018 17:28:32 TCP: Recieved 15 bytes from socket.
12-09-2018 17:28:32 TCP: Parsing Data....
12-09-2018 17:28:37 TCP: Recieved 36 bytes from socket.
12-09-2018 17:28:37 TCP: Parsing Data....
12-09-2018 17:28:37 TCP: Saving Data Into Database......
12-09-2018 17:28:37 TCP: Successfully Saved To Database......
12-09-2018 17:28:48 TCP: Recieved 36 bytes from socket.
12-09-2018 17:28:48 TCP: Parsing Data....
12-09-2018 17:28:48 TCP: Saving Data Into Database......
12-09-2018 17:28:48 TCP: Successfully Saved To Database......
12-09-2018 17:28:58 TCP: Recieved 36 bytes from socket.
12-09-2018 17:28:58 TCP: Parsing Data....
12-09-2018 17:28:58 TCP: Saving Data Into Database......
12-09-2018 17:28:58 TCP: Successfully Saved To Database......
12-09-2018 17:29:08 TCP: Recieved 36 bytes from socket.
12-09-2018 17:29:08 TCP: Parsing Data....
12-09-2018 17:29:08 TCP: Saving Data Into Database......
12-09-2018 17:29:08 TCP: Successfully Saved To Database......
12-09-2018 17:29:18 TCP: Recieved 36 bytes from socket.
12-09-2018 17:29:18 TCP: Parsing Data....
12-09-2018 17:29:18 TCP: Saving Data Into Database......
12-09-2018 17:29:18 TCP: Successfully Saved To Database......
12-09-2018 17:29:28 TCP: Recieved 36 bytes from socket.
12-09-2018 17:29:28 TCP: Parsing Data....
12-09-2018 17:29:28 TCP: Saving Data Into Database......
12-09-2018 17:29:28 TCP: Successfully Saved To Database......
12-09-2018 17:29:38 TCP: Recieved 36 bytes from socket.
12-09-2018 17:29:38 TCP: Parsing Data....
12-09-2018 17:29:38 TCP: Saving Data Into Database......
12-09-2018 17:29:38 TCP: Successfully Saved To Database......
12-09-2018 17:29:48 TCP: Recieved 36 bytes from socket.
12-09-2018 17:29:48 TCP: Parsing Data....
12-09-2018 17:29:48 TCP: Saving Data Into Database......
12-09-2018 17:29:48 TCP: Successfully Saved To Database......
12-09-2018 17:29:58 TCP: Recieved 36 bytes from socket.
12-09-2018 17:29:58 TCP: Parsing Data....
12-09-2018 17:29:58 TCP: Saving Data Into Database......
12-09-2018 17:29:58 TCP: Successfully Saved To Database......
12-09-2018 17:30:02 TCP: Recieved 15 bytes from socket.
12-09-2018 17:30:02 TCP: Parsing Data....
12-09-2018 17:30:08 TCP: Recieved 36 bytes from socket.
12-09-2018 17:30:08 TCP: Parsing Data....
12-09-2018 17:30:08 TCP: Saving Data Into Database......
12-09-2018 17:30:08 TCP: Successfully Saved To Database......
12-09-2018 17:30:18 TCP: Recieved 36 bytes from socket.
12-09-2018 17:30:18 TCP: Parsing Data....
12-09-2018 17:30:18 TCP: Saving Data Into Database......
12-09-2018 17:30:18 TCP: Successfully Saved To Database......
12-09-2018 17:30:28 TCP: Recieved 36 bytes from socket.
12-09-2018 17:30:28 TCP: Parsing Data....
12-09-2018 17:30:28 TCP: Saving Data Into Database......
12-09-2018 17:30:28 TCP: Successfully Saved To Database......
12-09-2018 17:30:38 TCP: Recieved 36 bytes from socket.
12-09-2018 17:30:38 TCP: Parsing Data....
12-09-2018 17:30:38 TCP: Saving Data Into Database......
12-09-2018 17:30:38 TCP: Successfully Saved To Database......
12-09-2018 17:30:48 TCP: Recieved 36 bytes from socket.
12-09-2018 17:30:48 TCP: Parsing Data....
12-09-2018 17:30:48 TCP: Saving Data Into Database......
12-09-2018 17:30:48 TCP: Successfully Saved To Database......
12-09-2018 17:30:58 TCP: Recieved 36 bytes from socket.
12-09-2018 17:30:58 TCP: Parsing Data....
12-09-2018 17:30:58 TCP: Saving Data Into Database......
12-09-2018 17:30:58 TCP: Successfully Saved To Database......
12-09-2018 17:31:08 TCP: Recieved 36 bytes from socket.
12-09-2018 17:31:08 TCP: Parsing Data....
12-09-2018 17:31:08 TCP: Saving Data Into Database......
12-09-2018 17:31:08 TCP: Successfully Saved To Database......
12-09-2018 17:31:18 TCP: Recieved 36 bytes from socket.
12-09-2018 17:31:18 TCP: Parsing Data....
12-09-2018 17:31:18 TCP: Saving Data Into Database......
12-09-2018 17:31:18 TCP: Successfully Saved To Database......
12-09-2018 17:31:28 TCP: Recieved 36 bytes from socket.
12-09-2018 17:31:28 TCP: Parsing Data....
12-09-2018 17:31:28 TCP: Saving Data Into Database......
12-09-2018 17:31:28 TCP: Successfully Saved To Database......
12-09-2018 17:32:21 TCP: Got new connection: 106.77.61.5:5903
12-09-2018 17:32:22 TCP: Recieved 18 bytes from socket.
12-09-2018 17:32:22 TCP: Parsing Data....
12-09-2018 17:32:22 TCP: Parsing Data....
12-09-2018 17:32:25 TCP: Recieved 15 bytes from socket.
12-09-2018 17:32:25 TCP: Parsing Data....
12-09-2018 17:32:27 TCP: Recieved 36 bytes from socket.
12-09-2018 17:32:27 TCP: Parsing Data....
12-09-2018 17:32:27 TCP: Saving Data Into Database......
12-09-2018 17:32:27 TCP: Successfully Saved To Database......
12-09-2018 17:32:37 TCP: Recieved 36 bytes from socket.
12-09-2018 17:32:37 TCP: Parsing Data....
12-09-2018 17:32:37 TCP: Saving Data Into Database......
12-09-2018 17:32:37 TCP: Successfully Saved To Database......
12-09-2018 17:32:47 TCP: Recieved 36 bytes from socket.
12-09-2018 17:32:47 TCP: Parsing Data....
12-09-2018 17:32:47 TCP: Saving Data Into Database......
12-09-2018 17:32:47 TCP: Successfully Saved To Database......
12-09-2018 17:32:57 TCP: Recieved 36 bytes from socket.
12-09-2018 17:32:57 TCP: Parsing Data....
12-09-2018 17:32:57 TCP: Saving Data Into Database......
12-09-2018 17:32:57 TCP: Successfully Saved To Database......
12-09-2018 17:33:07 TCP: Recieved 36 bytes from socket.
12-09-2018 17:33:07 TCP: Parsing Data....
12-09-2018 17:33:07 TCP: Saving Data Into Database......
12-09-2018 17:33:07 TCP: Successfully Saved To Database......
12-09-2018 17:33:17 TCP: Recieved 36 bytes from socket.
12-09-2018 17:33:17 TCP: Parsing Data....
12-09-2018 17:33:17 TCP: Saving Data Into Database......
12-09-2018 17:33:17 TCP: Successfully Saved To Database......
12-09-2018 17:33:30 TCP: Recieved 36 bytes from socket.
12-09-2018 17:33:30 TCP: Parsing Data....
12-09-2018 17:33:30 TCP: Saving Data Into Database......
12-09-2018 17:33:30 TCP: Successfully Saved To Database......
12-09-2018 17:33:40 TCP: Recieved 36 bytes from socket.
12-09-2018 17:33:40 TCP: Parsing Data....
12-09-2018 17:33:40 TCP: Saving Data Into Database......
12-09-2018 17:33:40 TCP: Successfully Saved To Database......
12-09-2018 17:33:48 TCP: Recieved 36 bytes from socket.
12-09-2018 17:33:48 TCP: Parsing Data....
12-09-2018 17:33:48 TCP: Saving Data Into Database......
12-09-2018 17:33:48 TCP: Successfully Saved To Database......
12-09-2018 17:33:52 TCP: Recieved 15 bytes from socket.
12-09-2018 17:33:52 TCP: Parsing Data....
12-09-2018 17:34:00 TCP: Recieved 36 bytes from socket.
12-09-2018 17:34:00 TCP: Parsing Data....
12-09-2018 17:34:00 TCP: Saving Data Into Database......
12-09-2018 17:34:00 TCP: Successfully Saved To Database......
12-09-2018 17:34:09 TCP: Recieved 36 bytes from socket.
12-09-2018 17:34:09 TCP: Parsing Data....
12-09-2018 17:34:09 TCP: Saving Data Into Database......
12-09-2018 17:34:09 TCP: Successfully Saved To Database......
12-09-2018 17:34:18 TCP: Recieved 36 bytes from socket.
12-09-2018 17:34:18 TCP: Parsing Data....
12-09-2018 17:34:18 TCP: Saving Data Into Database......
12-09-2018 17:34:18 TCP: Successfully Saved To Database......
12-09-2018 17:34:31 TCP: Recieved 36 bytes from socket.
12-09-2018 17:34:31 TCP: Parsing Data....
12-09-2018 17:34:31 TCP: Saving Data Into Database......
12-09-2018 17:34:31 TCP: Successfully Saved To Database......
12-09-2018 17:34:41 TCP: Recieved 36 bytes from socket.
12-09-2018 17:34:41 TCP: Parsing Data....
12-09-2018 17:34:41 TCP: Saving Data Into Database......
12-09-2018 17:34:41 TCP: Successfully Saved To Database......
12-09-2018 17:34:48 TCP: Recieved 36 bytes from socket.
12-09-2018 17:34:48 TCP: Parsing Data....
12-09-2018 17:34:48 TCP: Saving Data Into Database......
12-09-2018 17:34:48 TCP: Successfully Saved To Database......
12-09-2018 17:34:58 TCP: Recieved 36 bytes from socket.
12-09-2018 17:34:58 TCP: Parsing Data....
12-09-2018 17:34:58 TCP: Saving Data Into Database......
12-09-2018 17:34:58 TCP: Successfully Saved To Database......
12-09-2018 17:35:08 TCP: Recieved 36 bytes from socket.
12-09-2018 17:35:08 TCP: Parsing Data....
12-09-2018 17:35:08 TCP: Saving Data Into Database......
12-09-2018 17:35:08 TCP: Successfully Saved To Database......
12-09-2018 17:35:18 TCP: Recieved 36 bytes from socket.
12-09-2018 17:35:18 TCP: Parsing Data....
12-09-2018 17:35:18 TCP: Saving Data Into Database......
12-09-2018 17:35:18 TCP: Successfully Saved To Database......
12-09-2018 17:35:22 TCP: Recieved 15 bytes from socket.
12-09-2018 17:35:22 TCP: Parsing Data....
12-09-2018 17:35:28 TCP: Recieved 36 bytes from socket.
12-09-2018 17:35:28 TCP: Parsing Data....
12-09-2018 17:35:28 TCP: Saving Data Into Database......
12-09-2018 17:35:28 TCP: Successfully Saved To Database......
12-09-2018 17:35:38 TCP: Recieved 36 bytes from socket.
12-09-2018 17:35:38 TCP: Parsing Data....
12-09-2018 17:35:38 TCP: Saving Data Into Database......
12-09-2018 17:35:38 TCP: Successfully Saved To Database......
12-09-2018 17:35:48 TCP: Recieved 36 bytes from socket.
12-09-2018 17:35:48 TCP: Parsing Data....
12-09-2018 17:35:48 TCP: Saving Data Into Database......
12-09-2018 17:35:48 TCP: Successfully Saved To Database......
12-09-2018 17:35:58 TCP: Recieved 36 bytes from socket.
12-09-2018 17:35:58 TCP: Parsing Data....
12-09-2018 17:35:58 TCP: Saving Data Into Database......
12-09-2018 17:35:58 TCP: Successfully Saved To Database......
12-09-2018 17:36:08 TCP: Recieved 36 bytes from socket.
12-09-2018 17:36:08 TCP: Parsing Data....
12-09-2018 17:36:08 TCP: Saving Data Into Database......
12-09-2018 17:36:08 TCP: Successfully Saved To Database......
12-09-2018 17:36:18 TCP: Recieved 36 bytes from socket.
12-09-2018 17:36:18 TCP: Parsing Data....
12-09-2018 17:36:18 TCP: Saving Data Into Database......
12-09-2018 17:36:18 TCP: Successfully Saved To Database......
12-09-2018 17:36:28 TCP: Recieved 36 bytes from socket.
12-09-2018 17:36:28 TCP: Parsing Data....
12-09-2018 17:36:28 TCP: Saving Data Into Database......
12-09-2018 17:36:28 TCP: Successfully Saved To Database......
12-09-2018 17:36:38 TCP: Recieved 36 bytes from socket.
12-09-2018 17:36:38 TCP: Parsing Data....
12-09-2018 17:36:38 TCP: Saving Data Into Database......
12-09-2018 17:36:38 TCP: Successfully Saved To Database......
12-09-2018 17:36:48 TCP: Recieved 36 bytes from socket.
12-09-2018 17:36:48 TCP: Parsing Data....
12-09-2018 17:36:48 TCP: Saving Data Into Database......
12-09-2018 17:36:48 TCP: Successfully Saved To Database......
12-09-2018 17:36:53 TCP: Got new connection: 106.77.61.5:43166
12-09-2018 17:36:54 TCP: Recieved 18 bytes from socket.
12-09-2018 17:36:54 TCP: Parsing Data....
12-09-2018 17:36:54 TCP: Parsing Data....
12-09-2018 17:36:57 TCP: Recieved 15 bytes from socket.
12-09-2018 17:36:57 TCP: Parsing Data....
12-09-2018 17:37:00 TCP: Recieved 36 bytes from socket.
12-09-2018 17:37:00 TCP: Parsing Data....
12-09-2018 17:37:00 TCP: Saving Data Into Database......
12-09-2018 17:37:00 TCP: Successfully Saved To Database......
12-09-2018 17:37:07 TCP: Recieved 36 bytes from socket.
12-09-2018 17:37:07 TCP: Parsing Data....
12-09-2018 17:37:07 TCP: Saving Data Into Database......
12-09-2018 17:37:08 TCP: Successfully Saved To Database......
12-09-2018 17:37:17 TCP: Recieved 36 bytes from socket.
12-09-2018 17:37:17 TCP: Parsing Data....
12-09-2018 17:37:17 TCP: Saving Data Into Database......
12-09-2018 17:37:18 TCP: Successfully Saved To Database......
12-09-2018 17:37:27 TCP: Recieved 36 bytes from socket.
12-09-2018 17:37:27 TCP: Parsing Data....
12-09-2018 17:37:27 TCP: Saving Data Into Database......
12-09-2018 17:37:27 TCP: Successfully Saved To Database......
12-09-2018 17:37:37 TCP: Recieved 36 bytes from socket.
12-09-2018 17:37:37 TCP: Parsing Data....
12-09-2018 17:37:37 TCP: Saving Data Into Database......
12-09-2018 17:37:37 TCP: Successfully Saved To Database......
12-09-2018 17:37:47 TCP: Recieved 36 bytes from socket.
12-09-2018 17:37:47 TCP: Parsing Data....
12-09-2018 17:37:47 TCP: Saving Data Into Database......
12-09-2018 17:37:47 TCP: Successfully Saved To Database......
12-09-2018 17:37:57 TCP: Recieved 36 bytes from socket.
12-09-2018 17:37:57 TCP: Parsing Data....
12-09-2018 17:37:57 TCP: Saving Data Into Database......
12-09-2018 17:37:57 TCP: Successfully Saved To Database......
12-09-2018 17:38:07 TCP: Recieved 36 bytes from socket.
12-09-2018 17:38:07 TCP: Parsing Data....
12-09-2018 17:38:07 TCP: Saving Data Into Database......
12-09-2018 17:38:07 TCP: Successfully Saved To Database......
12-09-2018 17:38:18 TCP: Recieved 36 bytes from socket.
12-09-2018 17:38:18 TCP: Parsing Data....
12-09-2018 17:38:18 TCP: Saving Data Into Database......
12-09-2018 17:38:18 TCP: Successfully Saved To Database......
12-09-2018 17:38:24 TCP: Recieved 15 bytes from socket.
12-09-2018 17:38:24 TCP: Parsing Data....
12-09-2018 17:38:27 TCP: Recieved 36 bytes from socket.
12-09-2018 17:38:27 TCP: Parsing Data....
12-09-2018 17:38:27 TCP: Saving Data Into Database......
12-09-2018 17:38:27 TCP: Successfully Saved To Database......
12-09-2018 17:38:37 TCP: Recieved 36 bytes from socket.
12-09-2018 17:38:37 TCP: Parsing Data....
12-09-2018 17:38:37 TCP: Saving Data Into Database......
12-09-2018 17:38:37 TCP: Successfully Saved To Database......
12-09-2018 17:38:47 TCP: Recieved 36 bytes from socket.
12-09-2018 17:38:47 TCP: Parsing Data....
12-09-2018 17:38:47 TCP: Saving Data Into Database......
12-09-2018 17:38:47 TCP: Successfully Saved To Database......
12-09-2018 17:38:57 TCP: Recieved 36 bytes from socket.
12-09-2018 17:38:57 TCP: Parsing Data....
12-09-2018 17:38:57 TCP: Saving Data Into Database......
12-09-2018 17:38:57 TCP: Successfully Saved To Database......
12-09-2018 17:39:07 TCP: Recieved 36 bytes from socket.
12-09-2018 17:39:07 TCP: Parsing Data....
12-09-2018 17:39:07 TCP: Saving Data Into Database......
12-09-2018 17:39:07 TCP: Successfully Saved To Database......
12-09-2018 17:39:17 TCP: Recieved 36 bytes from socket.
12-09-2018 17:39:17 TCP: Parsing Data....
12-09-2018 17:39:17 TCP: Saving Data Into Database......
12-09-2018 17:39:17 TCP: Successfully Saved To Database......
12-09-2018 17:39:27 TCP: Recieved 36 bytes from socket.
12-09-2018 17:39:27 TCP: Parsing Data....
12-09-2018 17:39:27 TCP: Saving Data Into Database......
12-09-2018 17:39:27 TCP: Successfully Saved To Database......
12-09-2018 17:39:37 TCP: Recieved 36 bytes from socket.
12-09-2018 17:39:37 TCP: Parsing Data....
12-09-2018 17:39:37 TCP: Saving Data Into Database......
12-09-2018 17:39:37 TCP: Successfully Saved To Database......
12-09-2018 17:39:48 TCP: Recieved 36 bytes from socket.
12-09-2018 17:39:48 TCP: Parsing Data....
12-09-2018 17:39:48 TCP: Saving Data Into Database......
12-09-2018 17:39:48 TCP: Successfully Saved To Database......
12-09-2018 17:39:54 TCP: Recieved 15 bytes from socket.
12-09-2018 17:39:54 TCP: Parsing Data....
12-09-2018 17:39:58 TCP: Recieved 36 bytes from socket.
12-09-2018 17:39:58 TCP: Parsing Data....
12-09-2018 17:39:58 TCP: Saving Data Into Database......
12-09-2018 17:39:58 TCP: Successfully Saved To Database......
12-09-2018 17:40:08 TCP: Recieved 36 bytes from socket.
12-09-2018 17:40:08 TCP: Parsing Data....
12-09-2018 17:40:08 TCP: Saving Data Into Database......
12-09-2018 17:40:08 TCP: Successfully Saved To Database......
12-09-2018 17:40:18 TCP: Recieved 36 bytes from socket.
12-09-2018 17:40:18 TCP: Parsing Data....
12-09-2018 17:40:18 TCP: Saving Data Into Database......
12-09-2018 17:40:18 TCP: Successfully Saved To Database......
12-09-2018 17:40:28 TCP: Recieved 36 bytes from socket.
12-09-2018 17:40:28 TCP: Parsing Data....
12-09-2018 17:40:38 TCP: Saving Data Into Database......
12-09-2018 17:40:41 TCP: Successfully Saved To Database......
12-09-2018 17:40:41 TCP: Recieved 36 bytes from socket.
12-09-2018 17:40:41 TCP: Parsing Data....
12-09-2018 17:40:46 TCP: Saving Data Into Database......
12-09-2018 17:40:46 TCP: Successfully Saved To Database......
12-09-2018 17:40:48 TCP: Recieved 36 bytes from socket.
12-09-2018 17:40:48 TCP: Parsing Data....
12-09-2018 17:40:48 TCP: Saving Data Into Database......
12-09-2018 17:40:48 TCP: Successfully Saved To Database......
12-09-2018 17:40:58 TCP: Recieved 36 bytes from socket.
12-09-2018 17:40:58 TCP: Parsing Data....
12-09-2018 17:40:58 TCP: Saving Data Into Database......
12-09-2018 17:40:58 TCP: Successfully Saved To Database......
12-09-2018 17:41:08 TCP: Recieved 36 bytes from socket.
12-09-2018 17:41:08 TCP: Parsing Data....
12-09-2018 17:41:08 TCP: Saving Data Into Database......
12-09-2018 17:41:08 TCP: Successfully Saved To Database......
12-09-2018 17:41:18 TCP: Recieved 36 bytes from socket.
12-09-2018 17:41:18 TCP: Parsing Data....
12-09-2018 17:41:18 TCP: Saving Data Into Database......
12-09-2018 17:41:18 TCP: Successfully Saved To Database......
12-09-2018 17:41:24 TCP: Got new connection: 106.77.61.5:47380
12-09-2018 17:41:25 TCP: Recieved 18 bytes from socket.
12-09-2018 17:41:25 TCP: Parsing Data....
12-09-2018 17:41:25 TCP: Parsing Data....
12-09-2018 17:41:28 TCP: Recieved 15 bytes from socket.
12-09-2018 17:41:28 TCP: Parsing Data....
12-09-2018 17:41:31 TCP: Recieved 36 bytes from socket.
12-09-2018 17:41:31 TCP: Parsing Data....
12-09-2018 17:41:31 TCP: Saving Data Into Database......
12-09-2018 17:41:31 TCP: Successfully Saved To Database......
12-09-2018 17:41:37 TCP: Recieved 36 bytes from socket.
12-09-2018 17:41:37 TCP: Parsing Data....
12-09-2018 17:41:37 TCP: Saving Data Into Database......
12-09-2018 17:41:37 TCP: Successfully Saved To Database......
12-09-2018 17:41:47 TCP: Recieved 36 bytes from socket.
12-09-2018 17:41:47 TCP: Parsing Data....
12-09-2018 17:41:47 TCP: Saving Data Into Database......
12-09-2018 17:41:51 TCP: Successfully Saved To Database......
12-09-2018 17:42:01 TCP: Recieved 36 bytes from socket.
12-09-2018 17:42:01 TCP: Parsing Data....
12-09-2018 17:42:02 TCP: Saving Data Into Database......
12-09-2018 17:42:08 TCP: Successfully Saved To Database......
12-09-2018 17:42:30 TCP: Recieved 72 bytes from socket.
12-09-2018 17:42:33 TCP: Parsing Data....
12-09-2018 17:43:04 TCP: Saving Data Into Database......
12-09-2018 17:43:10 TCP: Successfully Saved To Database......
12-09-2018 17:43:38 TCP: Saving Data Into Database......
12-09-2018 17:43:38 TCP: Successfully Saved To Database......
12-09-2018 17:43:38 TCP: Recieved 303 bytes from socket.
12-09-2018 17:43:38 TCP: Parsing Data....
12-09-2018 17:43:38 TCP: Saving Data Into Database......
12-09-2018 17:43:42 TCP: Successfully Saved To Database......
12-09-2018 17:43:42 TCP: Saving Data Into Database......
12-09-2018 17:43:42 TCP: Successfully Saved To Database......
12-09-2018 17:43:42 TCP: Saving Data Into Database......
12-09-2018 17:43:43 TCP: Successfully Saved To Database......
12-09-2018 17:43:43 TCP: Saving Data Into Database......
12-09-2018 17:43:43 TCP: Successfully Saved To Database......
12-09-2018 17:43:43 TCP: Saving Data Into Database......
12-09-2018 17:43:43 TCP: Successfully Saved To Database......
12-09-2018 17:43:43 TCP: Saving Data Into Database......
12-09-2018 17:43:43 TCP: Successfully Saved To Database......
12-09-2018 17:43:43 TCP: Saving Data Into Database......
12-09-2018 17:43:43 TCP: Successfully Saved To Database......
12-09-2018 17:43:43 TCP: Saving Data Into Database......
12-09-2018 17:43:43 TCP: Successfully Saved To Database......
12-09-2018 17:43:48 TCP: Recieved 36 bytes from socket.
12-09-2018 17:43:48 TCP: Parsing Data....
12-09-2018 17:43:48 TCP: Saving Data Into Database......
12-09-2018 17:43:48 TCP: Successfully Saved To Database......
12-09-2018 17:43:58 TCP: Recieved 36 bytes from socket.
12-09-2018 17:43:58 TCP: Parsing Data....
12-09-2018 17:43:58 TCP: Saving Data Into Database......
12-09-2018 17:43:58 TCP: Successfully Saved To Database......
12-09-2018 17:44:08 TCP: Recieved 36 bytes from socket.
12-09-2018 17:44:08 TCP: Parsing Data....
12-09-2018 17:44:08 TCP: Saving Data Into Database......
12-09-2018 17:44:08 TCP: Successfully Saved To Database......
12-09-2018 17:44:18 TCP: Recieved 36 bytes from socket.
12-09-2018 17:44:18 TCP: Parsing Data....
12-09-2018 17:44:18 TCP: Saving Data Into Database......
12-09-2018 17:44:18 TCP: Successfully Saved To Database......
12-09-2018 17:44:25 TCP: Recieved 15 bytes from socket.
12-09-2018 17:44:25 TCP: Parsing Data....
12-09-2018 17:44:28 TCP: Recieved 36 bytes from socket.
12-09-2018 17:44:28 TCP: Parsing Data....
12-09-2018 17:44:28 TCP: Saving Data Into Database......
12-09-2018 17:44:28 TCP: Successfully Saved To Database......
12-09-2018 17:45:46 TCP: Got new connection: 106.77.32.123:21177
12-09-2018 17:45:47 TCP: Recieved 18 bytes from socket.
12-09-2018 17:45:47 TCP: Parsing Data....
12-09-2018 17:45:47 TCP: Parsing Data....
12-09-2018 17:45:50 TCP: Recieved 36 bytes from socket.
12-09-2018 17:45:50 TCP: Parsing Data....
12-09-2018 17:45:50 TCP: Saving Data Into Database......
12-09-2018 17:45:50 TCP: Successfully Saved To Database......
12-09-2018 17:45:53 TCP: Recieved 15 bytes from socket.
12-09-2018 17:45:53 TCP: Parsing Data....
12-09-2018 17:45:56 TCP: Recieved 36 bytes from socket.
12-09-2018 17:45:56 TCP: Parsing Data....
12-09-2018 17:45:56 TCP: Saving Data Into Database......
12-09-2018 17:45:56 TCP: Successfully Saved To Database......
12-09-2018 17:45:57 TCP: Recieved 36 bytes from socket.
12-09-2018 17:45:57 TCP: Parsing Data....
12-09-2018 17:45:57 TCP: Saving Data Into Database......
12-09-2018 17:45:57 TCP: Successfully Saved To Database......
12-09-2018 17:46:07 TCP: Recieved 36 bytes from socket.
12-09-2018 17:46:07 TCP: Parsing Data....
12-09-2018 17:46:07 TCP: Saving Data Into Database......
12-09-2018 17:46:07 TCP: Successfully Saved To Database......
12-09-2018 17:46:17 TCP: Recieved 36 bytes from socket.
12-09-2018 17:46:17 TCP: Parsing Data....
12-09-2018 17:46:17 TCP: Saving Data Into Database......
12-09-2018 17:46:17 TCP: Successfully Saved To Database......
12-09-2018 17:46:27 TCP: Recieved 36 bytes from socket.
12-09-2018 17:46:27 TCP: Parsing Data....
12-09-2018 17:46:27 TCP: Saving Data Into Database......
12-09-2018 17:46:27 TCP: Successfully Saved To Database......
12-09-2018 17:46:37 TCP: Recieved 36 bytes from socket.
12-09-2018 17:46:37 TCP: Parsing Data....
12-09-2018 17:46:37 TCP: Saving Data Into Database......
12-09-2018 17:46:37 TCP: Successfully Saved To Database......
12-09-2018 17:46:47 TCP: Recieved 36 bytes from socket.
12-09-2018 17:46:47 TCP: Parsing Data....
12-09-2018 17:46:47 TCP: Saving Data Into Database......
12-09-2018 17:46:47 TCP: Successfully Saved To Database......
12-09-2018 17:46:57 TCP: Recieved 36 bytes from socket.
12-09-2018 17:46:57 TCP: Parsing Data....
12-09-2018 17:46:57 TCP: Saving Data Into Database......
12-09-2018 17:46:57 TCP: Successfully Saved To Database......
12-09-2018 17:47:07 TCP: Recieved 36 bytes from socket.
12-09-2018 17:47:07 TCP: Parsing Data....
12-09-2018 17:47:07 TCP: Saving Data Into Database......
12-09-2018 17:47:07 TCP: Successfully Saved To Database......
12-09-2018 17:47:09 TCP: Recieved 36 bytes from socket.
12-09-2018 17:47:09 TCP: Parsing Data....
12-09-2018 17:47:09 TCP: Saving Data Into Database......
12-09-2018 17:47:09 TCP: Successfully Saved To Database......
12-09-2018 17:47:17 TCP: Recieved 15 bytes from socket.
12-09-2018 17:47:17 TCP: Parsing Data....
12-09-2018 17:47:19 TCP: Recieved 36 bytes from socket.
12-09-2018 17:47:19 TCP: Parsing Data....
12-09-2018 17:47:19 TCP: Saving Data Into Database......
12-09-2018 17:47:19 TCP: Successfully Saved To Database......
12-09-2018 17:47:29 TCP: Recieved 36 bytes from socket.
12-09-2018 17:47:29 TCP: Parsing Data....
12-09-2018 17:47:29 TCP: Saving Data Into Database......
12-09-2018 17:47:29 TCP: Successfully Saved To Database......
12-09-2018 17:47:39 TCP: Recieved 36 bytes from socket.
12-09-2018 17:47:39 TCP: Parsing Data....
12-09-2018 17:47:39 TCP: Saving Data Into Database......
12-09-2018 17:47:39 TCP: Successfully Saved To Database......
12-09-2018 17:47:49 TCP: Recieved 36 bytes from socket.
12-09-2018 17:47:49 TCP: Parsing Data....
12-09-2018 17:47:49 TCP: Saving Data Into Database......
12-09-2018 17:47:49 TCP: Successfully Saved To Database......
12-09-2018 17:47:59 TCP: Recieved 36 bytes from socket.
12-09-2018 17:47:59 TCP: Parsing Data....
12-09-2018 17:47:59 TCP: Saving Data Into Database......
12-09-2018 17:47:59 TCP: Successfully Saved To Database......
12-09-2018 17:48:09 TCP: Recieved 36 bytes from socket.
12-09-2018 17:48:09 TCP: Parsing Data....
12-09-2018 17:48:09 TCP: Saving Data Into Database......
12-09-2018 17:48:09 TCP: Successfully Saved To Database......
12-09-2018 17:48:19 TCP: Recieved 36 bytes from socket.
12-09-2018 17:48:19 TCP: Parsing Data....
12-09-2018 17:48:19 TCP: Saving Data Into Database......
12-09-2018 17:48:19 TCP: Successfully Saved To Database......
12-09-2018 17:48:29 TCP: Recieved 36 bytes from socket.
12-09-2018 17:48:29 TCP: Parsing Data....
12-09-2018 17:48:29 TCP: Saving Data Into Database......
12-09-2018 17:48:29 TCP: Successfully Saved To Database......
12-09-2018 17:48:39 TCP: Recieved 36 bytes from socket.
12-09-2018 17:48:39 TCP: Parsing Data....
12-09-2018 17:48:39 TCP: Saving Data Into Database......
12-09-2018 17:48:39 TCP: Successfully Saved To Database......
12-09-2018 17:48:47 TCP: Recieved 15 bytes from socket.
12-09-2018 17:48:47 TCP: Parsing Data....
12-09-2018 17:48:49 TCP: Recieved 36 bytes from socket.
12-09-2018 17:48:49 TCP: Parsing Data....
12-09-2018 17:48:49 TCP: Saving Data Into Database......
12-09-2018 17:48:49 TCP: Successfully Saved To Database......
12-09-2018 17:48:59 TCP: Recieved 36 bytes from socket.
12-09-2018 17:48:59 TCP: Parsing Data....
12-09-2018 17:48:59 TCP: Saving Data Into Database......
12-09-2018 17:48:59 TCP: Successfully Saved To Database......
12-09-2018 17:49:09 TCP: Recieved 36 bytes from socket.
12-09-2018 17:49:09 TCP: Parsing Data....
12-09-2018 17:49:09 TCP: Saving Data Into Database......
12-09-2018 17:49:09 TCP: Successfully Saved To Database......
12-09-2018 17:49:19 TCP: Recieved 36 bytes from socket.
12-09-2018 17:49:19 TCP: Parsing Data....
12-09-2018 17:49:19 TCP: Saving Data Into Database......
12-09-2018 17:49:19 TCP: Successfully Saved To Database......
12-09-2018 17:49:29 TCP: Recieved 36 bytes from socket.
12-09-2018 17:49:29 TCP: Parsing Data....
12-09-2018 17:49:29 TCP: Saving Data Into Database......
12-09-2018 17:49:29 TCP: Successfully Saved To Database......
12-09-2018 17:49:39 TCP: Recieved 36 bytes from socket.
12-09-2018 17:49:39 TCP: Parsing Data....
12-09-2018 17:49:39 TCP: Saving Data Into Database......
12-09-2018 17:49:39 TCP: Successfully Saved To Database......
12-09-2018 17:49:49 TCP: Recieved 36 bytes from socket.
12-09-2018 17:49:49 TCP: Parsing Data....
12-09-2018 17:49:49 TCP: Saving Data Into Database......
12-09-2018 17:49:49 TCP: Successfully Saved To Database......
12-09-2018 17:49:59 TCP: Recieved 36 bytes from socket.
12-09-2018 17:49:59 TCP: Parsing Data....
12-09-2018 17:49:59 TCP: Saving Data Into Database......
12-09-2018 17:49:59 TCP: Successfully Saved To Database......
12-09-2018 17:50:09 TCP: Recieved 36 bytes from socket.
12-09-2018 17:50:09 TCP: Parsing Data....
12-09-2018 17:50:09 TCP: Saving Data Into Database......
12-09-2018 17:50:09 TCP: Successfully Saved To Database......
12-09-2018 17:50:17 TCP: Got new connection: 106.77.32.123:59718
12-09-2018 17:50:18 TCP: Recieved 18 bytes from socket.
12-09-2018 17:50:18 TCP: Parsing Data....
12-09-2018 17:50:18 TCP: Parsing Data....
12-09-2018 17:50:21 TCP: Recieved 15 bytes from socket.
12-09-2018 17:50:21 TCP: Parsing Data....
12-09-2018 17:50:24 TCP: Recieved 36 bytes from socket.
12-09-2018 17:50:24 TCP: Parsing Data....
12-09-2018 17:50:24 TCP: Saving Data Into Database......
12-09-2018 17:50:24 TCP: Successfully Saved To Database......
12-09-2018 17:50:29 TCP: Recieved 36 bytes from socket.
12-09-2018 17:50:29 TCP: Parsing Data....
12-09-2018 17:50:29 TCP: Saving Data Into Database......
12-09-2018 17:50:29 TCP: Successfully Saved To Database......
12-09-2018 17:50:39 TCP: Recieved 36 bytes from socket.
12-09-2018 17:50:39 TCP: Parsing Data....
12-09-2018 17:50:39 TCP: Saving Data Into Database......
12-09-2018 17:50:39 TCP: Successfully Saved To Database......
12-09-2018 17:50:49 TCP: Recieved 36 bytes from socket.
12-09-2018 17:50:49 TCP: Parsing Data....
12-09-2018 17:50:49 TCP: Saving Data Into Database......
12-09-2018 17:50:49 TCP: Successfully Saved To Database......
12-09-2018 17:51:02 TCP: Recieved 36 bytes from socket.
12-09-2018 17:51:02 TCP: Parsing Data....
12-09-2018 17:51:02 TCP: Saving Data Into Database......
12-09-2018 17:51:02 TCP: Successfully Saved To Database......
12-09-2018 17:51:09 TCP: Recieved 36 bytes from socket.
12-09-2018 17:51:09 TCP: Parsing Data....
12-09-2018 17:51:09 TCP: Saving Data Into Database......
12-09-2018 17:51:09 TCP: Successfully Saved To Database......
12-09-2018 17:51:19 TCP: Recieved 36 bytes from socket.
12-09-2018 17:51:19 TCP: Parsing Data....
12-09-2018 17:51:19 TCP: Saving Data Into Database......
12-09-2018 17:51:19 TCP: Successfully Saved To Database......
12-09-2018 17:51:29 TCP: Recieved 36 bytes from socket.
12-09-2018 17:51:29 TCP: Parsing Data....
12-09-2018 17:51:29 TCP: Saving Data Into Database......
12-09-2018 17:51:29 TCP: Successfully Saved To Database......
12-09-2018 17:51:40 TCP: Recieved 36 bytes from socket.
12-09-2018 17:51:40 TCP: Parsing Data....
12-09-2018 17:51:40 TCP: Saving Data Into Database......
12-09-2018 17:51:40 TCP: Successfully Saved To Database......
12-09-2018 17:51:48 TCP: Recieved 15 bytes from socket.
12-09-2018 17:51:48 TCP: Parsing Data....
12-09-2018 17:51:49 TCP: Recieved 36 bytes from socket.
12-09-2018 17:51:49 TCP: Parsing Data....
12-09-2018 17:51:49 TCP: Saving Data Into Database......
12-09-2018 17:51:49 TCP: Successfully Saved To Database......
12-09-2018 17:51:59 TCP: Recieved 36 bytes from socket.
12-09-2018 17:51:59 TCP: Parsing Data....
12-09-2018 17:51:59 TCP: Saving Data Into Database......
12-09-2018 17:51:59 TCP: Successfully Saved To Database......
12-09-2018 17:52:09 TCP: Recieved 36 bytes from socket.
12-09-2018 17:52:09 TCP: Parsing Data....
12-09-2018 17:52:09 TCP: Saving Data Into Database......
12-09-2018 17:52:09 TCP: Successfully Saved To Database......
12-09-2018 17:52:19 TCP: Recieved 36 bytes from socket.
12-09-2018 17:52:19 TCP: Parsing Data....
12-09-2018 17:52:19 TCP: Saving Data Into Database......
12-09-2018 17:52:19 TCP: Successfully Saved To Database......
12-09-2018 17:52:29 TCP: Recieved 36 bytes from socket.
12-09-2018 17:52:29 TCP: Parsing Data....
12-09-2018 17:52:29 TCP: Saving Data Into Database......
12-09-2018 17:52:29 TCP: Successfully Saved To Database......
12-09-2018 17:52:39 TCP: Recieved 36 bytes from socket.
12-09-2018 17:52:39 TCP: Parsing Data....
12-09-2018 17:52:39 TCP: Saving Data Into Database......
12-09-2018 17:52:39 TCP: Successfully Saved To Database......
12-09-2018 17:52:49 TCP: Recieved 36 bytes from socket.
12-09-2018 17:52:49 TCP: Parsing Data....
12-09-2018 17:52:49 TCP: Saving Data Into Database......
12-09-2018 17:52:49 TCP: Successfully Saved To Database......
12-09-2018 17:52:59 TCP: Recieved 36 bytes from socket.
12-09-2018 17:52:59 TCP: Parsing Data....
12-09-2018 17:52:59 TCP: Saving Data Into Database......
12-09-2018 17:52:59 TCP: Successfully Saved To Database......
12-09-2018 17:53:09 TCP: Recieved 36 bytes from socket.
12-09-2018 17:53:09 TCP: Parsing Data....
12-09-2018 17:53:09 TCP: Saving Data Into Database......
12-09-2018 17:53:09 TCP: Successfully Saved To Database......
12-09-2018 17:53:17 TCP: Recieved 15 bytes from socket.
12-09-2018 17:53:17 TCP: Parsing Data....
12-09-2018 17:53:20 TCP: Recieved 36 bytes from socket.
12-09-2018 17:53:20 TCP: Parsing Data....
12-09-2018 17:53:20 TCP: Saving Data Into Database......
12-09-2018 17:53:20 TCP: Successfully Saved To Database......
12-09-2018 17:53:29 TCP: Recieved 36 bytes from socket.
12-09-2018 17:53:29 TCP: Parsing Data....
12-09-2018 17:53:29 TCP: Saving Data Into Database......
12-09-2018 17:53:29 TCP: Successfully Saved To Database......
12-09-2018 17:53:38 TCP: Recieved 36 bytes from socket.
12-09-2018 17:53:38 TCP: Parsing Data....
12-09-2018 17:53:38 TCP: Saving Data Into Database......
12-09-2018 17:53:39 TCP: Successfully Saved To Database......
12-09-2018 17:53:49 TCP: Recieved 36 bytes from socket.
12-09-2018 17:53:49 TCP: Parsing Data....
12-09-2018 17:53:49 TCP: Saving Data Into Database......
12-09-2018 17:53:49 TCP: Successfully Saved To Database......
12-09-2018 17:54:00 TCP: Recieved 36 bytes from socket.
12-09-2018 17:54:00 TCP: Parsing Data....
12-09-2018 17:54:00 TCP: Saving Data Into Database......
12-09-2018 17:54:00 TCP: Successfully Saved To Database......
12-09-2018 17:54:09 TCP: Recieved 36 bytes from socket.
12-09-2018 17:54:09 TCP: Parsing Data....
12-09-2018 17:54:09 TCP: Saving Data Into Database......
12-09-2018 17:54:09 TCP: Successfully Saved To Database......
12-09-2018 17:54:19 TCP: Recieved 36 bytes from socket.
12-09-2018 17:54:19 TCP: Parsing Data....
12-09-2018 17:54:19 TCP: Saving Data Into Database......
12-09-2018 17:54:19 TCP: Successfully Saved To Database......
12-09-2018 17:54:29 TCP: Recieved 36 bytes from socket.
12-09-2018 17:54:29 TCP: Parsing Data....
12-09-2018 17:54:29 TCP: Saving Data Into Database......
12-09-2018 17:54:29 TCP: Successfully Saved To Database......
12-09-2018 17:54:39 TCP: Recieved 36 bytes from socket.
12-09-2018 17:54:39 TCP: Parsing Data....
12-09-2018 17:54:39 TCP: Saving Data Into Database......
12-09-2018 17:54:39 TCP: Successfully Saved To Database......
12-09-2018 17:55:29 TCP: Got new connection: 49.14.192.37:52591
12-09-2018 17:55:29 TCP: Recieved 18 bytes from socket.
12-09-2018 17:55:29 TCP: Parsing Data....
12-09-2018 17:55:29 TCP: Parsing Data....
12-09-2018 17:55:32 TCP: Recieved 15 bytes from socket.
12-09-2018 17:55:32 TCP: Parsing Data....
12-09-2018 17:55:39 TCP: Recieved 36 bytes from socket.
12-09-2018 17:55:39 TCP: Parsing Data....
12-09-2018 17:55:39 TCP: Saving Data Into Database......
12-09-2018 17:55:39 TCP: Successfully Saved To Database......
12-09-2018 17:55:39 TCP: Recieved 36 bytes from socket.
12-09-2018 17:55:39 TCP: Parsing Data....
12-09-2018 17:55:39 TCP: Saving Data Into Database......
12-09-2018 17:55:40 TCP: Successfully Saved To Database......
12-09-2018 17:55:42 TCP: Recieved 36 bytes from socket.
12-09-2018 17:55:42 TCP: Parsing Data....
12-09-2018 17:55:42 TCP: Saving Data Into Database......
12-09-2018 17:55:43 TCP: Successfully Saved To Database......
12-09-2018 17:55:45 TCP: Recieved 36 bytes from socket.
12-09-2018 17:55:45 TCP: Parsing Data....
12-09-2018 17:55:45 TCP: Saving Data Into Database......
12-09-2018 17:55:46 TCP: Successfully Saved To Database......
12-09-2018 17:55:49 TCP: Recieved 36 bytes from socket.
12-09-2018 17:55:49 TCP: Parsing Data....
12-09-2018 17:55:49 TCP: Saving Data Into Database......
12-09-2018 17:55:49 TCP: Successfully Saved To Database......
12-09-2018 17:55:59 TCP: Recieved 72 bytes from socket.
12-09-2018 17:55:59 TCP: Parsing Data....
12-09-2018 17:55:59 TCP: Saving Data Into Database......
12-09-2018 17:55:59 TCP: Successfully Saved To Database......
12-09-2018 17:55:59 TCP: Saving Data Into Database......
12-09-2018 17:55:59 TCP: Successfully Saved To Database......
12-09-2018 17:56:00 TCP: Recieved 36 bytes from socket.
12-09-2018 17:56:00 TCP: Parsing Data....
12-09-2018 17:56:00 TCP: Saving Data Into Database......
12-09-2018 17:56:00 TCP: Successfully Saved To Database......
12-09-2018 17:56:09 TCP: Recieved 36 bytes from socket.
12-09-2018 17:56:09 TCP: Parsing Data....
12-09-2018 17:56:09 TCP: Saving Data Into Database......
12-09-2018 17:56:09 TCP: Successfully Saved To Database......
12-09-2018 17:56:44 TCP: Recieved 108 bytes from socket.
12-09-2018 17:56:44 TCP: Parsing Data....
12-09-2018 17:56:44 TCP: Saving Data Into Database......
12-09-2018 17:56:44 TCP: Successfully Saved To Database......
12-09-2018 17:56:44 TCP: Saving Data Into Database......
12-09-2018 17:56:45 TCP: Successfully Saved To Database......
12-09-2018 17:56:45 TCP: Saving Data Into Database......
12-09-2018 17:56:45 TCP: Successfully Saved To Database......
12-09-2018 17:56:48 TCP: Recieved 36 bytes from socket.
12-09-2018 17:56:48 TCP: Parsing Data....
12-09-2018 17:56:48 TCP: Saving Data Into Database......
12-09-2018 17:56:48 TCP: Successfully Saved To Database......
12-09-2018 17:56:59 TCP: Recieved 36 bytes from socket.
12-09-2018 17:56:59 TCP: Parsing Data....
12-09-2018 17:56:59 TCP: Saving Data Into Database......
12-09-2018 17:56:59 TCP: Successfully Saved To Database......
12-09-2018 17:56:59 TCP: Recieved 15 bytes from socket.
12-09-2018 17:56:59 TCP: Parsing Data....
12-09-2018 17:57:15 TCP: Recieved 36 bytes from socket.
12-09-2018 17:57:15 TCP: Parsing Data....
12-09-2018 17:57:15 TCP: Saving Data Into Database......
12-09-2018 17:57:15 TCP: Successfully Saved To Database......
12-09-2018 17:57:18 TCP: Recieved 36 bytes from socket.
12-09-2018 17:57:18 TCP: Parsing Data....
12-09-2018 17:57:18 TCP: Saving Data Into Database......
12-09-2018 17:57:18 TCP: Successfully Saved To Database......
12-09-2018 17:57:29 TCP: Recieved 36 bytes from socket.
12-09-2018 17:57:29 TCP: Parsing Data....
12-09-2018 17:57:29 TCP: Saving Data Into Database......
12-09-2018 17:57:29 TCP: Successfully Saved To Database......
12-09-2018 17:57:41 TCP: Recieved 36 bytes from socket.
12-09-2018 17:57:41 TCP: Parsing Data....
12-09-2018 17:57:41 TCP: Saving Data Into Database......
12-09-2018 17:57:41 TCP: Successfully Saved To Database......
12-09-2018 17:57:48 TCP: Recieved 36 bytes from socket.
12-09-2018 17:57:48 TCP: Parsing Data....
12-09-2018 17:57:48 TCP: Saving Data Into Database......
12-09-2018 17:57:48 TCP: Successfully Saved To Database......
12-09-2018 17:57:58 TCP: Recieved 36 bytes from socket.
12-09-2018 17:57:58 TCP: Parsing Data....
12-09-2018 17:57:58 TCP: Saving Data Into Database......
12-09-2018 17:57:59 TCP: Successfully Saved To Database......
12-09-2018 17:58:08 TCP: Recieved 36 bytes from socket.
12-09-2018 17:58:08 TCP: Parsing Data....
12-09-2018 17:58:08 TCP: Saving Data Into Database......
12-09-2018 17:58:09 TCP: Successfully Saved To Database......
12-09-2018 17:58:18 TCP: Recieved 36 bytes from socket.
12-09-2018 17:58:18 TCP: Parsing Data....
12-09-2018 17:58:18 TCP: Saving Data Into Database......
12-09-2018 17:58:18 TCP: Successfully Saved To Database......
12-09-2018 17:58:28 TCP: Recieved 36 bytes from socket.
12-09-2018 17:58:28 TCP: Parsing Data....
12-09-2018 17:58:28 TCP: Saving Data Into Database......
12-09-2018 17:58:28 TCP: Successfully Saved To Database......
12-09-2018 17:58:29 TCP: Recieved 15 bytes from socket.
12-09-2018 17:58:29 TCP: Parsing Data....
12-09-2018 17:58:38 TCP: Recieved 36 bytes from socket.
12-09-2018 17:58:38 TCP: Parsing Data....
12-09-2018 17:58:38 TCP: Saving Data Into Database......
12-09-2018 17:58:38 TCP: Successfully Saved To Database......
12-09-2018 17:58:49 TCP: Recieved 36 bytes from socket.
12-09-2018 17:58:49 TCP: Parsing Data....
12-09-2018 17:58:49 TCP: Saving Data Into Database......
12-09-2018 17:58:49 TCP: Successfully Saved To Database......
12-09-2018 17:59:13 TCP: Recieved 36 bytes from socket.
12-09-2018 17:59:13 TCP: Parsing Data....
12-09-2018 17:59:13 TCP: Saving Data Into Database......
12-09-2018 17:59:13 TCP: Successfully Saved To Database......
12-09-2018 17:59:13 TCP: Recieved 36 bytes from socket.
12-09-2018 17:59:13 TCP: Parsing Data....
12-09-2018 17:59:13 TCP: Saving Data Into Database......
12-09-2018 17:59:13 TCP: Successfully Saved To Database......
12-09-2018 17:59:24 TCP: Recieved 36 bytes from socket.
12-09-2018 17:59:24 TCP: Parsing Data....
12-09-2018 17:59:24 TCP: Saving Data Into Database......
12-09-2018 17:59:24 TCP: Successfully Saved To Database......
12-09-2018 17:59:29 TCP: Recieved 36 bytes from socket.
12-09-2018 17:59:29 TCP: Parsing Data....
12-09-2018 17:59:29 TCP: Saving Data Into Database......
12-09-2018 17:59:30 TCP: Successfully Saved To Database......
12-09-2018 17:59:39 TCP: Recieved 36 bytes from socket.
12-09-2018 17:59:39 TCP: Parsing Data....
12-09-2018 17:59:39 TCP: Saving Data Into Database......
12-09-2018 17:59:39 TCP: Successfully Saved To Database......
12-09-2018 18:12:58 TCP: Got new connection: 27.97.135.167:51783
12-09-2018 18:12:59 TCP: Recieved 18 bytes from socket.
12-09-2018 18:12:59 TCP: Parsing Data....
12-09-2018 18:12:59 TCP: Parsing Data....
12-09-2018 18:13:03 TCP: Recieved 15 bytes from socket.
12-09-2018 18:13:03 TCP: Parsing Data....
12-09-2018 18:13:11 TCP: Recieved 36 bytes from socket.
12-09-2018 18:13:11 TCP: Parsing Data....
12-09-2018 18:13:11 TCP: Saving Data Into Database......
12-09-2018 18:13:12 TCP: Successfully Saved To Database......
12-09-2018 18:13:19 TCP: Recieved 36 bytes from socket.
12-09-2018 18:13:19 TCP: Parsing Data....
12-09-2018 18:13:19 TCP: Saving Data Into Database......
12-09-2018 18:13:19 TCP: Successfully Saved To Database......
12-09-2018 18:13:29 TCP: Recieved 36 bytes from socket.
12-09-2018 18:13:29 TCP: Parsing Data....
12-09-2018 18:13:29 TCP: Saving Data Into Database......
12-09-2018 18:13:29 TCP: Successfully Saved To Database......
12-09-2018 18:13:39 TCP: Recieved 36 bytes from socket.
12-09-2018 18:13:39 TCP: Parsing Data....
12-09-2018 18:13:39 TCP: Saving Data Into Database......
12-09-2018 18:13:39 TCP: Successfully Saved To Database......
12-09-2018 18:13:54 TCP: Recieved 36 bytes from socket.
12-09-2018 18:13:54 TCP: Parsing Data....
12-09-2018 18:13:54 TCP: Saving Data Into Database......
12-09-2018 18:13:55 TCP: Successfully Saved To Database......
12-09-2018 18:13:58 TCP: Recieved 36 bytes from socket.
12-09-2018 18:13:58 TCP: Parsing Data....
12-09-2018 18:13:58 TCP: Saving Data Into Database......
12-09-2018 18:13:59 TCP: Successfully Saved To Database......
12-09-2018 18:14:08 TCP: Recieved 36 bytes from socket.
12-09-2018 18:14:08 TCP: Parsing Data....
12-09-2018 18:14:08 TCP: Saving Data Into Database......
12-09-2018 18:14:08 TCP: Successfully Saved To Database......
12-09-2018 18:14:18 TCP: Recieved 36 bytes from socket.
12-09-2018 18:14:18 TCP: Parsing Data....
12-09-2018 18:14:18 TCP: Saving Data Into Database......
12-09-2018 18:14:18 TCP: Successfully Saved To Database......
12-09-2018 18:14:33 TCP: Recieved 36 bytes from socket.
12-09-2018 18:14:33 TCP: Parsing Data....
12-09-2018 18:14:33 TCP: Saving Data Into Database......
12-09-2018 18:14:33 TCP: Successfully Saved To Database......
12-09-2018 18:14:33 TCP: Recieved 15 bytes from socket.
12-09-2018 18:14:33 TCP: Parsing Data....
12-09-2018 18:14:41 TCP: Recieved 36 bytes from socket.
12-09-2018 18:14:41 TCP: Parsing Data....
12-09-2018 18:14:41 TCP: Saving Data Into Database......
12-09-2018 18:14:41 TCP: Successfully Saved To Database......
12-09-2018 18:14:49 TCP: Recieved 36 bytes from socket.
12-09-2018 18:14:49 TCP: Parsing Data....
12-09-2018 18:14:49 TCP: Saving Data Into Database......
12-09-2018 18:14:50 TCP: Successfully Saved To Database......
12-09-2018 18:14:59 TCP: Recieved 36 bytes from socket.
12-09-2018 18:14:59 TCP: Parsing Data....
12-09-2018 18:14:59 TCP: Saving Data Into Database......
12-09-2018 18:14:59 TCP: Successfully Saved To Database......
12-09-2018 18:15:09 TCP: Recieved 36 bytes from socket.
12-09-2018 18:15:09 TCP: Parsing Data....
12-09-2018 18:15:09 TCP: Saving Data Into Database......
12-09-2018 18:15:09 TCP: Successfully Saved To Database......
12-09-2018 18:15:19 TCP: Recieved 36 bytes from socket.
12-09-2018 18:15:19 TCP: Parsing Data....
12-09-2018 18:15:19 TCP: Saving Data Into Database......
12-09-2018 18:15:20 TCP: Successfully Saved To Database......
12-09-2018 18:15:29 TCP: Recieved 36 bytes from socket.
12-09-2018 18:15:29 TCP: Parsing Data....
12-09-2018 18:15:29 TCP: Saving Data Into Database......
12-09-2018 18:15:29 TCP: Successfully Saved To Database......
12-09-2018 18:15:39 TCP: Recieved 36 bytes from socket.
12-09-2018 18:15:39 TCP: Parsing Data....
12-09-2018 18:15:39 TCP: Saving Data Into Database......
12-09-2018 18:15:39 TCP: Successfully Saved To Database......
12-09-2018 18:15:49 TCP: Recieved 36 bytes from socket.
12-09-2018 18:15:49 TCP: Parsing Data....
12-09-2018 18:15:49 TCP: Saving Data Into Database......
12-09-2018 18:15:50 TCP: Successfully Saved To Database......
12-09-2018 18:16:01 TCP: Recieved 36 bytes from socket.
12-09-2018 18:16:01 TCP: Parsing Data....
12-09-2018 18:16:01 TCP: Saving Data Into Database......
12-09-2018 18:16:01 TCP: Successfully Saved To Database......
12-09-2018 18:16:25 TCP: Recieved 87 bytes from socket.
12-09-2018 18:16:25 TCP: Parsing Data....
12-09-2018 18:16:25 TCP: Saving Data Into Database......
12-09-2018 18:16:25 TCP: Successfully Saved To Database......
12-09-2018 18:16:25 TCP: Saving Data Into Database......
12-09-2018 18:16:25 TCP: Successfully Saved To Database......
12-09-2018 18:16:29 TCP: Recieved 36 bytes from socket.
12-09-2018 18:16:29 TCP: Parsing Data....
12-09-2018 18:16:29 TCP: Saving Data Into Database......
12-09-2018 18:16:29 TCP: Successfully Saved To Database......
12-09-2018 18:16:54 TCP: Recieved 36 bytes from socket.
12-09-2018 18:16:54 TCP: Parsing Data....
12-09-2018 18:16:54 TCP: Saving Data Into Database......
12-09-2018 18:16:54 TCP: Successfully Saved To Database......
12-09-2018 18:16:55 TCP: Recieved 36 bytes from socket.
12-09-2018 18:16:55 TCP: Parsing Data....
12-09-2018 18:16:55 TCP: Saving Data Into Database......
12-09-2018 18:16:55 TCP: Successfully Saved To Database......
12-09-2018 18:16:59 TCP: Recieved 36 bytes from socket.
12-09-2018 18:16:59 TCP: Parsing Data....
12-09-2018 18:16:59 TCP: Saving Data Into Database......
12-09-2018 18:16:59 TCP: Successfully Saved To Database......
12-09-2018 18:17:09 TCP: Recieved 36 bytes from socket.
12-09-2018 18:17:09 TCP: Parsing Data....
12-09-2018 18:17:09 TCP: Saving Data Into Database......
12-09-2018 18:17:09 TCP: Successfully Saved To Database......
12-09-2018 18:17:19 TCP: Recieved 36 bytes from socket.
12-09-2018 18:17:19 TCP: Parsing Data....
12-09-2018 18:17:19 TCP: Saving Data Into Database......
12-09-2018 18:17:19 TCP: Successfully Saved To Database......
12-09-2018 18:17:29 TCP: Got new connection: 27.97.135.167:5745
12-09-2018 18:17:30 TCP: Recieved 18 bytes from socket.
12-09-2018 18:17:30 TCP: Parsing Data....
12-09-2018 18:17:30 TCP: Parsing Data....
12-09-2018 18:17:33 TCP: Recieved 36 bytes from socket.
12-09-2018 18:17:33 TCP: Parsing Data....
12-09-2018 18:17:33 TCP: Saving Data Into Database......
12-09-2018 18:17:33 TCP: Successfully Saved To Database......
12-09-2018 18:17:36 TCP: Recieved 15 bytes from socket.
12-09-2018 18:17:36 TCP: Parsing Data....
12-09-2018 18:17:39 TCP: Recieved 36 bytes from socket.
12-09-2018 18:17:39 TCP: Parsing Data....
12-09-2018 18:17:39 TCP: Saving Data Into Database......
12-09-2018 18:17:39 TCP: Successfully Saved To Database......
12-09-2018 18:17:49 TCP: Recieved 36 bytes from socket.
12-09-2018 18:17:49 TCP: Parsing Data....
12-09-2018 18:17:49 TCP: Saving Data Into Database......
12-09-2018 18:17:50 TCP: Successfully Saved To Database......
12-09-2018 18:17:59 TCP: Recieved 36 bytes from socket.
12-09-2018 18:17:59 TCP: Parsing Data....
12-09-2018 18:17:59 TCP: Saving Data Into Database......
12-09-2018 18:18:00 TCP: Successfully Saved To Database......
12-09-2018 18:21:39 TCP: Got new connection: 106.77.30.47:24039
12-09-2018 18:21:40 TCP: Recieved 18 bytes from socket.
12-09-2018 18:21:40 TCP: Parsing Data....
12-09-2018 18:21:40 TCP: Parsing Data....
12-09-2018 18:21:43 TCP: Recieved 15 bytes from socket.
12-09-2018 18:21:43 TCP: Parsing Data....
12-09-2018 18:21:46 TCP: Recieved 36 bytes from socket.
12-09-2018 18:21:46 TCP: Parsing Data....
12-09-2018 18:21:46 TCP: Saving Data Into Database......
12-09-2018 18:21:47 TCP: Successfully Saved To Database......
12-09-2018 18:21:51 TCP: Recieved 36 bytes from socket.
12-09-2018 18:21:51 TCP: Parsing Data....
12-09-2018 18:21:51 TCP: Saving Data Into Database......
12-09-2018 18:21:51 TCP: Successfully Saved To Database......
12-09-2018 18:22:01 TCP: Recieved 36 bytes from socket.
12-09-2018 18:22:01 TCP: Parsing Data....
12-09-2018 18:22:01 TCP: Saving Data Into Database......
12-09-2018 18:22:01 TCP: Successfully Saved To Database......
12-09-2018 18:22:11 TCP: Recieved 36 bytes from socket.
12-09-2018 18:22:11 TCP: Parsing Data....
12-09-2018 18:22:11 TCP: Saving Data Into Database......
12-09-2018 18:22:12 TCP: Successfully Saved To Database......
12-09-2018 18:22:21 TCP: Recieved 36 bytes from socket.
12-09-2018 18:22:21 TCP: Parsing Data....
12-09-2018 18:22:21 TCP: Saving Data Into Database......
12-09-2018 18:22:22 TCP: Successfully Saved To Database......
12-09-2018 18:22:31 TCP: Recieved 36 bytes from socket.
12-09-2018 18:22:31 TCP: Parsing Data....
12-09-2018 18:22:31 TCP: Saving Data Into Database......
12-09-2018 18:22:36 TCP: Successfully Saved To Database......
12-09-2018 18:22:41 TCP: Recieved 36 bytes from socket.
12-09-2018 18:22:41 TCP: Parsing Data....
12-09-2018 18:22:41 TCP: Saving Data Into Database......
12-09-2018 18:23:22 TCP: Successfully Saved To Database......
12-09-2018 18:23:22 TCP: Recieved 159 bytes from socket.
12-09-2018 18:23:22 TCP: Parsing Data....
12-09-2018 18:23:22 TCP: Saving Data Into Database......
12-09-2018 18:23:23 TCP: Successfully Saved To Database......
12-09-2018 18:23:23 TCP: Saving Data Into Database......
12-09-2018 18:23:24 TCP: Successfully Saved To Database......
12-09-2018 18:23:24 TCP: Saving Data Into Database......
12-09-2018 18:23:25 TCP: Successfully Saved To Database......
12-09-2018 18:23:25 TCP: Saving Data Into Database......
12-09-2018 18:23:26 TCP: Successfully Saved To Database......
12-09-2018 18:24:02 TCP: Recieved 36 bytes from socket.
12-09-2018 18:24:02 TCP: Parsing Data....
12-09-2018 18:24:02 TCP: Saving Data Into Database......
12-09-2018 18:24:05 TCP: Successfully Saved To Database......
12-09-2018 18:24:06 TCP: Recieved 108 bytes from socket.
12-09-2018 18:24:06 TCP: Parsing Data....
12-09-2018 18:24:06 TCP: Saving Data Into Database......
12-09-2018 18:24:08 TCP: Successfully Saved To Database......
12-09-2018 18:24:08 TCP: Saving Data Into Database......
12-09-2018 18:24:09 TCP: Successfully Saved To Database......
12-09-2018 18:24:09 TCP: Saving Data Into Database......
12-09-2018 18:24:10 TCP: Successfully Saved To Database......
12-09-2018 18:24:11 TCP: Recieved 36 bytes from socket.
12-09-2018 18:24:11 TCP: Parsing Data....
12-09-2018 18:24:11 TCP: Saving Data Into Database......
12-09-2018 18:24:12 TCP: Successfully Saved To Database......
12-09-2018 18:24:21 TCP: Recieved 36 bytes from socket.
12-09-2018 18:24:21 TCP: Parsing Data....
12-09-2018 18:24:21 TCP: Saving Data Into Database......
12-09-2018 18:24:22 TCP: Successfully Saved To Database......
12-09-2018 18:47:35 TCP: Got new connection: 106.77.6.157:17351
12-09-2018 18:47:36 TCP: Recieved 18 bytes from socket.
12-09-2018 18:47:36 TCP: Parsing Data....
12-09-2018 18:47:36 TCP: Parsing Data....
12-09-2018 18:47:39 TCP: Recieved 15 bytes from socket.
12-09-2018 18:47:39 TCP: Parsing Data....
12-09-2018 18:48:07 TCP: Recieved 72 bytes from socket.
12-09-2018 18:48:07 TCP: Parsing Data....
12-09-2018 18:48:09 TCP: Saving Data Into Database......
12-09-2018 18:48:10 TCP: Successfully Saved To Database......
12-09-2018 18:48:11 TCP: Saving Data Into Database......
12-09-2018 18:48:12 TCP: Successfully Saved To Database......
12-09-2018 18:48:12 TCP: Recieved 36 bytes from socket.
12-09-2018 18:48:12 TCP: Parsing Data....
12-09-2018 18:48:14 TCP: Saving Data Into Database......
12-09-2018 18:48:15 TCP: Successfully Saved To Database......
12-09-2018 18:48:16 TCP: Recieved 36 bytes from socket.
12-09-2018 18:48:16 TCP: Parsing Data....
12-09-2018 18:48:17 TCP: Saving Data Into Database......
12-09-2018 18:48:18 TCP: Successfully Saved To Database......
12-09-2018 18:48:25 TCP: Recieved 36 bytes from socket.
12-09-2018 18:48:25 TCP: Parsing Data....
12-09-2018 18:48:52 TCP: Saving Data Into Database......
12-09-2018 18:48:54 TCP: Successfully Saved To Database......
12-09-2018 18:48:54 TCP: Recieved 72 bytes from socket.
12-09-2018 18:48:54 TCP: Parsing Data....
12-09-2018 18:48:56 TCP: Saving Data Into Database......
12-09-2018 18:48:57 TCP: Successfully Saved To Database......
12-09-2018 18:48:57 TCP: Saving Data Into Database......
12-09-2018 18:48:57 TCP: Successfully Saved To Database......
12-09-2018 18:48:57 TCP: Recieved 36 bytes from socket.
12-09-2018 18:48:57 TCP: Parsing Data....
12-09-2018 18:48:58 TCP: Saving Data Into Database......
12-09-2018 18:48:59 TCP: Successfully Saved To Database......
12-09-2018 18:49:05 TCP: Recieved 36 bytes from socket.
12-09-2018 18:49:05 TCP: Parsing Data....
12-09-2018 18:49:07 TCP: Saving Data Into Database......
12-09-2018 18:49:08 TCP: Successfully Saved To Database......
12-09-2018 18:49:08 TCP: Recieved 15 bytes from socket.
12-09-2018 18:49:08 TCP: Parsing Data....
12-09-2018 18:49:25 TCP: Recieved 36 bytes from socket.
12-09-2018 18:49:25 TCP: Parsing Data....
12-09-2018 18:49:26 TCP: Saving Data Into Database......
12-09-2018 18:49:27 TCP: Successfully Saved To Database......
12-09-2018 18:49:27 TCP: Recieved 36 bytes from socket.
12-09-2018 18:49:27 TCP: Parsing Data....
12-09-2018 18:49:28 TCP: Saving Data Into Database......
12-09-2018 18:49:29 TCP: Successfully Saved To Database......
12-09-2018 18:49:35 TCP: Recieved 36 bytes from socket.
12-09-2018 18:49:35 TCP: Parsing Data....
12-09-2018 18:49:37 TCP: Saving Data Into Database......
12-09-2018 18:49:38 TCP: Successfully Saved To Database......
12-09-2018 18:49:45 TCP: Recieved 36 bytes from socket.
12-09-2018 18:49:45 TCP: Parsing Data....
12-09-2018 18:49:48 TCP: Saving Data Into Database......
12-09-2018 18:49:48 TCP: Successfully Saved To Database......
12-09-2018 18:49:55 TCP: Recieved 36 bytes from socket.
12-09-2018 18:49:55 TCP: Parsing Data....
12-09-2018 18:49:57 TCP: Saving Data Into Database......
12-09-2018 18:49:57 TCP: Successfully Saved To Database......
12-09-2018 18:50:05 TCP: Recieved 36 bytes from socket.
12-09-2018 18:50:05 TCP: Parsing Data....
12-09-2018 18:50:07 TCP: Saving Data Into Database......
12-09-2018 18:50:08 TCP: Successfully Saved To Database......
12-09-2018 18:50:15 TCP: Recieved 36 bytes from socket.
12-09-2018 18:50:15 TCP: Parsing Data....
12-09-2018 18:50:17 TCP: Saving Data Into Database......
12-09-2018 18:50:18 TCP: Successfully Saved To Database......
12-09-2018 18:50:25 TCP: Recieved 36 bytes from socket.
12-09-2018 18:50:25 TCP: Parsing Data....
12-09-2018 18:50:27 TCP: Saving Data Into Database......
12-09-2018 18:50:27 TCP: Successfully Saved To Database......
12-09-2018 18:50:35 TCP: Recieved 36 bytes from socket.
12-09-2018 18:50:35 TCP: Parsing Data....
12-09-2018 18:50:37 TCP: Saving Data Into Database......
12-09-2018 18:50:37 TCP: Successfully Saved To Database......
12-09-2018 18:50:37 TCP: Recieved 15 bytes from socket.
12-09-2018 18:50:37 TCP: Parsing Data....
12-09-2018 18:51:00 TCP: Recieved 72 bytes from socket.
12-09-2018 18:51:00 TCP: Parsing Data....
12-09-2018 18:51:04 TCP: Saving Data Into Database......
12-09-2018 18:51:07 TCP: Successfully Saved To Database......
12-09-2018 18:51:07 TCP: Saving Data Into Database......
12-09-2018 18:51:07 TCP: Successfully Saved To Database......
12-09-2018 18:51:07 TCP: Recieved 36 bytes from socket.
12-09-2018 18:51:07 TCP: Parsing Data....
12-09-2018 18:51:07 TCP: Saving Data Into Database......
12-09-2018 18:51:07 TCP: Successfully Saved To Database......
12-09-2018 18:51:15 TCP: Recieved 36 bytes from socket.
12-09-2018 18:51:15 TCP: Parsing Data....
12-09-2018 18:51:15 TCP: Saving Data Into Database......
12-09-2018 18:51:15 TCP: Successfully Saved To Database......
12-09-2018 18:51:25 TCP: Recieved 36 bytes from socket.
12-09-2018 18:51:25 TCP: Parsing Data....
12-09-2018 18:51:25 TCP: Saving Data Into Database......
12-09-2018 18:51:25 TCP: Successfully Saved To Database......
12-09-2018 18:51:35 TCP: Recieved 36 bytes from socket.
12-09-2018 18:51:35 TCP: Parsing Data....
12-09-2018 18:51:35 TCP: Saving Data Into Database......
12-09-2018 18:51:35 TCP: Successfully Saved To Database......
12-09-2018 18:51:45 TCP: Recieved 36 bytes from socket.
12-09-2018 18:51:45 TCP: Parsing Data....
12-09-2018 18:51:45 TCP: Saving Data Into Database......
12-09-2018 18:51:45 TCP: Successfully Saved To Database......
12-09-2018 18:51:55 TCP: Recieved 36 bytes from socket.
12-09-2018 18:51:55 TCP: Parsing Data....
12-09-2018 18:51:55 TCP: Saving Data Into Database......
12-09-2018 18:51:55 TCP: Successfully Saved To Database......
12-09-2018 18:52:05 TCP: Recieved 36 bytes from socket.
12-09-2018 18:52:05 TCP: Parsing Data....
12-09-2018 18:52:05 TCP: Saving Data Into Database......
12-09-2018 18:52:05 TCP: Successfully Saved To Database......
12-09-2018 18:52:06 TCP: Got new connection: 106.77.6.157:22694
12-09-2018 18:52:07 TCP: Recieved 18 bytes from socket.
12-09-2018 18:52:07 TCP: Parsing Data....
12-09-2018 18:52:07 TCP: Parsing Data....
12-09-2018 18:52:10 TCP: Recieved 15 bytes from socket.
12-09-2018 18:52:10 TCP: Parsing Data....
12-09-2018 18:52:16 TCP: Recieved 36 bytes from socket.
12-09-2018 18:52:16 TCP: Parsing Data....
12-09-2018 18:52:16 TCP: Saving Data Into Database......
12-09-2018 18:52:16 TCP: Successfully Saved To Database......
12-09-2018 18:52:25 TCP: Recieved 36 bytes from socket.
12-09-2018 18:52:25 TCP: Parsing Data....
12-09-2018 18:52:25 TCP: Saving Data Into Database......
12-09-2018 18:52:25 TCP: Successfully Saved To Database......
12-09-2018 18:52:35 TCP: Recieved 36 bytes from socket.
12-09-2018 18:52:35 TCP: Parsing Data....
12-09-2018 18:52:35 TCP: Saving Data Into Database......
12-09-2018 18:52:36 TCP: Successfully Saved To Database......
12-09-2018 18:52:45 TCP: Recieved 36 bytes from socket.
12-09-2018 18:52:45 TCP: Parsing Data....
12-09-2018 18:52:45 TCP: Saving Data Into Database......
12-09-2018 18:52:45 TCP: Successfully Saved To Database......
12-09-2018 18:52:55 TCP: Recieved 36 bytes from socket.
12-09-2018 18:52:55 TCP: Parsing Data....
12-09-2018 18:52:55 TCP: Saving Data Into Database......
12-09-2018 18:52:55 TCP: Successfully Saved To Database......
12-09-2018 18:53:06 TCP: Recieved 36 bytes from socket.
12-09-2018 18:53:06 TCP: Parsing Data....
12-09-2018 18:53:06 TCP: Saving Data Into Database......
12-09-2018 18:53:06 TCP: Successfully Saved To Database......
12-09-2018 18:53:15 TCP: Recieved 36 bytes from socket.
12-09-2018 18:53:15 TCP: Parsing Data....
12-09-2018 18:53:15 TCP: Saving Data Into Database......
12-09-2018 18:53:15 TCP: Successfully Saved To Database......
12-09-2018 18:53:25 TCP: Recieved 36 bytes from socket.
12-09-2018 18:53:25 TCP: Parsing Data....
12-09-2018 18:53:25 TCP: Saving Data Into Database......
12-09-2018 18:53:25 TCP: Successfully Saved To Database......
12-09-2018 18:53:35 TCP: Recieved 36 bytes from socket.
12-09-2018 18:53:35 TCP: Parsing Data....
12-09-2018 18:53:35 TCP: Saving Data Into Database......
12-09-2018 18:53:35 TCP: Successfully Saved To Database......
12-09-2018 18:53:37 TCP: Recieved 15 bytes from socket.
12-09-2018 18:53:37 TCP: Parsing Data....
12-09-2018 18:53:45 TCP: Recieved 36 bytes from socket.
12-09-2018 18:53:45 TCP: Parsing Data....
12-09-2018 18:53:45 TCP: Saving Data Into Database......
12-09-2018 18:53:45 TCP: Successfully Saved To Database......
12-09-2018 18:53:56 TCP: Recieved 36 bytes from socket.
12-09-2018 18:53:56 TCP: Parsing Data....
12-09-2018 18:53:56 TCP: Saving Data Into Database......
12-09-2018 18:53:56 TCP: Successfully Saved To Database......
