22-05-2018 15:30:55 UDP: Started listening at port 8414
22-05-2018 15:30:55 TCP: Started listening at port 10025
22-05-2018 15:30:55 TCP Output Control: Started listening at port 668
22-05-2018 15:32:21 TCP: Got new connection: 27.97.137.89:55567
22-05-2018 15:32:21 TCP: Recieved 7 bytes from socket.
22-05-2018 15:32:21 TCP: Checking for keyword validity.
22-05-2018 15:32:21 TCP: Keyword valid. Waiting for data.
22-05-2018 15:32:22 TCP: Recieved 161 bytes from socket.
22-05-2018 15:32:22 TCP: Parsing recieved data.
22-05-2018 15:32:22 TCP: ---- Parser log start ----
22-05-2018 15:32:22 Helper: IMEI: 866710039995144
22-05-2018 15:32:22 Packet parser: 1: Packet type: 7. 22-05-2018 9:58:24 AM
22-05-2018 15:32:22 Packet parser: Mask1=400B, Mask2=0000, Mask3=0000, Mask4=0000
22-05-2018 15:32:22 Packet parser: 7DT0: Spd=0,Sat=6,HDOP=1,Course=0,Altitude = 605,Odo=0
22-05-2018 15:32:22 Packet parser: 073A539C0B4059BC9342B71B94410016005D0200000000A880B52F94011654277401003A
22-05-2018 15:32:22 Packet parser: 38: Packet type: 7. 22-05-2018 9:59:24 AM
22-05-2018 15:32:22 Packet parser: Mask1=400B, Mask2=0000, Mask3=0000, Mask4=0000
22-05-2018 15:32:22 Packet parser: 7DT0: Spd=0,Sat=7,HDOP=1,Course=0,Altitude = 605,Odo=0
22-05-2018 15:32:22 Packet parser: E73B539C0B4059BC9342B71B94410017005D0200000000A880B52F94011654277401003A
22-05-2018 15:32:22 Packet parser: 75: Packet type: 7. 22-05-2018 10:00:24 AM
22-05-2018 15:32:22 Packet parser: Mask1=400B, Mask2=0000, Mask3=0000, Mask4=0000
22-05-2018 15:32:22 Packet parser: 7DT0: Spd=0,Sat=6,HDOP=1,Course=0,Altitude = 605,Odo=0
22-05-2018 15:32:22 Packet parser: C73D539C0B4059BC9342B71B94410016005D0200000000A880B52F940116542774010039
22-05-2018 15:32:22 Packet parser: 112: Packet type: 7. 22-05-2018 10:01:24 AM
22-05-2018 15:32:22 Packet parser: Mask1=400B, Mask2=0000, Mask3=0000, Mask4=0000
22-05-2018 15:32:22 Packet parser: 7DT0: Spd=0,Sat=7,HDOP=1,Course=0,Altitude = 605,Odo=0
22-05-2018 15:32:22 Packet parser: A73F539C0B4059BC9342B71B94410017005D0200000000A880B52F940116542774010039
22-05-2018 15:32:22 TCP: ---- Parser log end ----
22-05-2018 15:32:22 TCP: Parse results:
Parsed items from packet: 4

Merged data packet:
{
  "AnalogInputs": [
    0,
    12213,
    0,
    0,
    0,
    0,
    0,
    0
  ],
  "DigitalInputs": 32936,
  "Gps": {
    "Longitude": 73.86787,
    "Latitude": 18.5135326,
    "Speed": 0,
    "Satellites": 6,
    "Hdop": 1,
    "Direction": 0,
    "Altitude": 605,
    "Odometer": 0.0
  },
  "Gsm": {
    "MobileCountryCode": 404,
    "MobileNetworkCode": 22,
    "LocalAreaCode": 10068,
    "CellIdentifier": 372,
    "TimingAdvance": 0,
    "ReceivedSignalStrength": 58
  },
  "Time": "2018-05-22T09:58:24"
}

Merged data packet:
{
  "AnalogInputs": [
    0,
    12213,
    0,
    0,
    0,
    0,
    0,
    0
  ],
  "DigitalInputs": 32936,
  "Gps": {
    "Longitude": 73.86787,
    "Latitude": 18.5135326,
    "Speed": 0,
    "Satellites": 7,
    "Hdop": 1,
    "Direction": 0,
    "Altitude": 605,
    "Odometer": 0.0
  },
  "Gsm": {
    "MobileCountryCode": 404,
    "MobileNetworkCode": 22,
    "LocalAreaCode": 10068,
    "CellIdentifier": 372,
    "TimingAdvance": 0,
    "ReceivedSignalStrength": 58
  },
  "Time": "2018-05-22T09:59:24"
}

Merged data packet:
{
  "AnalogInputs": [
    0,
    12213,
    0,
    0,
    0,
    0,
    0,
    0
  ],
  "DigitalInputs": 32936,
  "Gps": {
    "Longitude": 73.86787,
    "Latitude": 18.5135326,
    "Speed": 0,
    "Satellites": 6,
    "Hdop": 1,
    "Direction": 0,
    "Altitude": 605,
    "Odometer": 0.0
  },
  "Gsm": {
    "MobileCountryCode": 404,
    "MobileNetworkCode": 22,
    "LocalAreaCode": 10068,
    "CellIdentifier": 372,
    "TimingAdvance": 0,
    "ReceivedSignalStrength": 57
  },
  "Time": "2018-05-22T10:00:24"
}

Merged data packet:
{
  "AnalogInputs": [
    0,
    12213,
    0,
    0,
    0,
    0,
    0,
    0
  ],
  "DigitalInputs": 32936,
  "Gps": {
    "Longitude": 73.86787,
    "Latitude": 18.5135326,
    "Speed": 0,
    "Satellites": 7,
    "Hdop": 1,
    "Direction": 0,
    "Altitude": 605,
    "Odometer": 0.0
  },
  "Gsm": {
    "MobileCountryCode": 404,
    "MobileNetworkCode": 22,
    "LocalAreaCode": 10068,
    "CellIdentifier": 372,
    "TimingAdvance": 0,
    "ReceivedSignalStrength": 57
  },
  "Time": "2018-05-22T10:01:24"
}

22-05-2018 15:32:22 TCP: ---- Saving to database ----
22-05-2018 15:32:22 TCP: ---- Successfully saved to database ----
