28-08-2018 18:02:24 UDP: Started listening at port 8414
28-08-2018 18:02:24 TCP: Started listening at port 10025
28-08-2018 18:02:24 TCP Output Control: Started listening at port 668
28-08-2018 18:02:25 TCP Output Control: Error in confirmation checker.
28-08-2018 18:02:25 TCP Output Control: System.InvalidOperationException: ExecuteNonQuery requires the command to have a transaction when the connection assigned to the command is in a pending local transaction.  The Transaction property of the command has not been initialized.
   at System.Data.SqlClient.SqlCommand.ValidateCommand(String method, Boolean async)
   at System.Data.SqlClient.SqlCommand.InternalExecuteNonQuery(TaskCompletionSource`1 completion, String methodName, Boolean sendToPipe, Int32 timeout, Boolean& usedCache, Boolean asyncWrite, Boolean inRetry)
   at System.Data.SqlClient.SqlCommand.ExecuteNonQuery()
   at ExampleService.DataAccess.MSSqlDataAccess.OutputUpdate(Int32 id, Byte status) in C:\Users\Abuzar\Desktop\27-08-2018\ExampleService\DataAccess\MSSqlDataAccess.cs:line 540
   at ExampleService.DataAccess.MSSqlDataAccess.CheckConfirmationExpirations() in C:\Users\Abuzar\Desktop\27-08-2018\ExampleService\DataAccess\MSSqlDataAccess.cs:line 561
   at ExampleService.TCPOutputControl.CheckConfirmationExpiration() in C:\Users\Abuzar\Desktop\27-08-2018\ExampleService\TCPOutputControl.cs:line 312
28-08-2018 18:02:47 TCP: Got new connection: 42.106.31.217:4396
28-08-2018 18:02:48 TCP: Recieved 18 bytes from socket.
28-08-2018 18:02:48 TCP: Checking for keyword validity.
28-08-2018 18:02:48 TCP: Keyword valid. Waiting for data.
28-08-2018 18:02:51 TCP: Recieved 15 bytes from socket.
28-08-2018 18:02:58 TCP: Parsing recieved data.
28-08-2018 18:02:59 TCP: ---- Parser log start ----
28-08-2018 18:03:07 Helper: Error parsing data.
28-08-2018 18:03:25 TCP: ---- Saving to database ----
28-08-2018 18:04:05 TCP: Error saving to database.
28-08-2018 18:04:05 TCP: System.ArgumentNullException: Value cannot be null.
Parameter name: value
   at System.ThrowHelper.ThrowArgumentNullException(ExceptionArgument argument)
   at System.BitConverter.ToInt64(Byte[] value, Int32 startIndex)
   at ExampleService.ParseResults.get_Imei() in C:\Users\Abuzar\Desktop\27-08-2018\ExampleService\ParseResults.cs:line 42
   at ExampleService.TCPServer.SaveToDatabase(ParseResults results) in C:\Users\Abuzar\Desktop\27-08-2018\ExampleService\TCPServer.cs:line 202
28-08-2018 18:04:05 TCP: ---- Successfully saved to database ----
28-08-2018 18:04:05 TCP: Recieved 843 bytes from socket.
28-08-2018 18:04:10 TCP: Parsing recieved data.
28-08-2018 18:04:11 TCP: ---- Parser log start ----
28-08-2018 18:04:24 Helper: IMEI: 15060636425018990850
28-08-2018 18:07:18 TCP: Got new connection: 42.106.31.217:62493
28-08-2018 18:07:18 TCP: Recieved 18 bytes from socket.
28-08-2018 18:07:18 TCP: Checking for keyword validity.
28-08-2018 18:07:19 TCP: Keyword valid. Waiting for data.
28-08-2018 18:07:21 TCP: Recieved 36 bytes from socket.
28-08-2018 18:07:29 TCP: Parsing recieved data.
28-08-2018 18:07:55 TCP: ---- Parser log start ----
28-08-2018 18:08:54 Helper: IMEI: 7422812931807568130
28-08-2018 18:09:53 Helper: Checksum does not match.
28-08-2018 18:09:55 Helper: Checksum does not match.
28-08-2018 18:09:55 TCP: ---- Saving to database ----
28-08-2018 18:09:55 TCP: ---- Saving to database ----
28-08-2018 18:10:28 TCP: ---- Successfully saved to database ----
28-08-2018 18:10:28 TCP: Recieved 1024 bytes from socket.
28-08-2018 18:10:31 TCP: Parsing recieved data.
28-08-2018 18:10:31 TCP: ---- Parser log start ----
28-08-2018 18:10:33 Helper: IMEI: 7278416268117467394
28-08-2018 18:10:33 TCP: ---- Successfully saved to database ----
28-08-2018 18:10:33 TCP: Recieved 1024 bytes from socket.
