29-08-2018 18:44:47 UDP: Started listening at port 8414
29-08-2018 18:44:47 TCP: Started listening at port 10025
29-08-2018 18:44:47 TCP Output Control: Started listening at port 668
29-08-2018 18:44:48 TCP Output Control: Error in confirmation checker.
29-08-2018 18:44:48 TCP Output Control: System.InvalidOperationException: ExecuteNonQuery requires the command to have a transaction when the connection assigned to the command is in a pending local transaction.  The Transaction property of the command has not been initialized.
   at System.Data.SqlClient.SqlCommand.ValidateCommand(String method, Boolean async)
   at System.Data.SqlClient.SqlCommand.InternalExecuteNonQuery(TaskCompletionSource`1 completion, String methodName, Boolean sendToPipe, Int32 timeout, Boolean& usedCache, Boolean asyncWrite, Boolean inRetry)
   at System.Data.SqlClient.SqlCommand.ExecuteNonQuery()
   at ExampleService.DataAccess.MSSqlDataAccess.OutputUpdate(Int32 id, Byte status) in C:\Users\Abuzar\Desktop\27-08-2018\ExampleService\DataAccess\MSSqlDataAccess.cs:line 540
   at ExampleService.DataAccess.MSSqlDataAccess.CheckConfirmationExpirations() in C:\Users\Abuzar\Desktop\27-08-2018\ExampleService\DataAccess\MSSqlDataAccess.cs:line 561
   at ExampleService.TCPOutputControl.CheckConfirmationExpiration() in C:\Users\Abuzar\Desktop\27-08-2018\ExampleService\TCPOutputControl.cs:line 312
29-08-2018 18:45:20 TCP: Got new connection: 42.106.17.13:58978
29-08-2018 18:46:39 TCP: Recieved 18 bytes from socket.
29-08-2018 18:46:39 TCP: Checking for keyword validity.
29-08-2018 18:49:39 TCP: Keyword valid. Waiting for data.
29-08-2018 18:49:39 TCP: Got new connection: 42.106.17.13:33396
29-08-2018 18:49:45 TCP: Recieved 930 bytes from socket.
29-08-2018 18:49:59 TCP: Parsing recieved data.
29-08-2018 18:53:11 TCP: ---- Parser log start ----
29-08-2018 18:53:11 TCP: Got new connection: 42.106.17.13:44712
29-08-2018 18:53:11 TCP: Recieved 660 bytes from socket.
29-08-2018 18:53:11 TCP: Checking for keyword validity.
29-08-2018 18:53:11 Helper: IMEI: 944920370524158072
29-08-2018 18:53:26 TCP: Keyword valid. Waiting for data.
29-08-2018 18:53:13 TCP: Recieved 444 bytes from socket.
29-08-2018 18:53:26 Helper: Checksum does not match.
