28-08-2018 17:12:06 UDP: Started listening at port 8414
28-08-2018 17:12:06 TCP: Started listening at port 10025
28-08-2018 17:12:06 TCP Output Control: Started listening at port 668
28-08-2018 17:12:06 TCP Output Control: Error in confirmation checker.
28-08-2018 17:12:06 TCP Output Control: System.InvalidOperationException: ExecuteNonQuery requires the command to have a transaction when the connection assigned to the command is in a pending local transaction.  The Transaction property of the command has not been initialized.
   at System.Data.SqlClient.SqlCommand.ValidateCommand(String method, Boolean async)
   at System.Data.SqlClient.SqlCommand.InternalExecuteNonQuery(TaskCompletionSource`1 completion, String methodName, Boolean sendToPipe, Int32 timeout, Boolean& usedCache, Boolean asyncWrite, Boolean inRetry)
   at System.Data.SqlClient.SqlCommand.ExecuteNonQuery()
   at ExampleService.DataAccess.MSSqlDataAccess.OutputUpdate(Int32 id, Byte status) in C:\Users\Abuzar\Desktop\27-08-2018\ExampleService\DataAccess\MSSqlDataAccess.cs:line 540
   at ExampleService.DataAccess.MSSqlDataAccess.CheckConfirmationExpirations() in C:\Users\Abuzar\Desktop\27-08-2018\ExampleService\DataAccess\MSSqlDataAccess.cs:line 561
   at ExampleService.TCPOutputControl.CheckConfirmationExpiration() in C:\Users\Abuzar\Desktop\27-08-2018\ExampleService\TCPOutputControl.cs:line 312
28-08-2018 17:12:18 TCP: Got new connection: 42.106.25.14:36576
28-08-2018 17:12:19 TCP: Recieved 18 bytes from socket.
28-08-2018 17:12:19 TCP: Checking for keyword validity.
28-08-2018 17:12:19 TCP: Keyword valid. Waiting for data.
28-08-2018 17:12:22 TCP: Recieved 15 bytes from socket.
28-08-2018 17:12:22 TCP: Unknown service id = 175 , closing connection.
28-08-2018 17:12:22 TCP: Connection closed.
28-08-2018 17:12:23 TCP: Got new connection: 42.106.25.14:7487
28-08-2018 17:12:24 TCP: Recieved 18 bytes from socket.
28-08-2018 17:12:24 TCP: Checking for keyword validity.
28-08-2018 17:12:24 TCP: Keyword valid. Waiting for data.
28-08-2018 17:12:28 TCP: Recieved 36 bytes from socket.
28-08-2018 17:12:28 TCP: Unknown service id = 203 , closing connection.
28-08-2018 17:12:28 TCP: Connection closed.
28-08-2018 17:12:29 TCP: Got new connection: 42.106.25.14:21448
28-08-2018 17:12:30 TCP: Recieved 18 bytes from socket.
28-08-2018 17:12:30 TCP: Checking for keyword validity.
28-08-2018 17:12:30 TCP: Keyword valid. Waiting for data.
28-08-2018 17:12:33 TCP: Recieved 36 bytes from socket.
28-08-2018 17:12:33 TCP: Unknown service id = 203 , closing connection.
28-08-2018 17:12:33 TCP: Connection closed.
