01-09-2018 11:55:20 UDP: Started listening at port 8414
01-09-2018 11:55:21 TCP: Started listening at port 10025
01-09-2018 11:55:21 TCP Output Control: Started listening at port 668
01-09-2018 11:55:21 TCP Output Control: Error in confirmation checker.
01-09-2018 11:55:21 TCP Output Control: System.InvalidOperationException: ExecuteNonQuery requires the command to have a transaction when the connection assigned to the command is in a pending local transaction.  The Transaction property of the command has not been initialized.
   at System.Data.SqlClient.SqlCommand.ValidateCommand(String method, Boolean async)
   at System.Data.SqlClient.SqlCommand.InternalExecuteNonQuery(TaskCompletionSource`1 completion, String methodName, Boolean sendToPipe, Int32 timeout, Boolean& usedCache, Boolean asyncWrite, Boolean inRetry)
   at System.Data.SqlClient.SqlCommand.ExecuteNonQuery()
   at ExampleService.DataAccess.MSSqlDataAccess.OutputUpdate(Int32 id, Byte status) in C:\Users\Abuzar\Desktop\27-08-2018\ExampleService\DataAccess\MSSqlDataAccess.cs:line 540
   at ExampleService.DataAccess.MSSqlDataAccess.CheckConfirmationExpirations() in C:\Users\Abuzar\Desktop\27-08-2018\ExampleService\DataAccess\MSSqlDataAccess.cs:line 561
   at ExampleService.TCPOutputControl.CheckConfirmationExpiration() in C:\Users\Abuzar\Desktop\27-08-2018\ExampleService\TCPOutputControl.cs:line 312
01-09-2018 11:55:40 TCP: Got new connection: 42.106.24.49:58384
01-09-2018 11:55:42 TCP: Recieved 18 bytes from socket.
01-09-2018 11:55:42 TCP: Checking for keyword validity.
01-09-2018 11:55:42 TCP: Parsing Data....
01-09-2018 11:55:45 TCP: Recieved 36 bytes from socket.
01-09-2018 11:55:45 TCP: Saving Data Into Database......
01-09-2018 11:55:45 TCP: Successfully Saved To Database......
01-09-2018 11:55:47 TCP: Recieved 36 bytes from socket.
01-09-2018 11:55:47 TCP: Checking for keyword validity.
01-09-2018 11:55:47 Helper: Saving Data Into Database......
01-09-2018 11:55:47 Helper: Successfully Saved To Database......
01-09-2018 11:55:47 TCP: Parsing Data....
01-09-2018 11:55:51 TCP: Recieved 15 bytes from socket.
01-09-2018 11:55:51 TCP: Packet too short.
01-09-2018 11:55:54 TCP: Recieved 36 bytes from socket.
01-09-2018 11:55:54 TCP: Saving Data Into Database......
01-09-2018 11:55:54 TCP: Successfully Saved To Database......
01-09-2018 11:55:57 TCP: Recieved 36 bytes from socket.
01-09-2018 11:55:57 TCP: Checking for keyword validity.
01-09-2018 11:55:57 Helper: Saving Data Into Database......
01-09-2018 11:55:57 Helper: Successfully Saved To Database......
01-09-2018 11:55:57 TCP: Parsing Data....
01-09-2018 11:55:59 TCP: Recieved 36 bytes from socket.
01-09-2018 11:55:59 TCP: Saving Data Into Database......
01-09-2018 11:56:00 TCP: Successfully Saved To Database......
01-09-2018 11:56:02 TCP: Recieved 15 bytes from socket.
01-09-2018 11:56:06 TCP: Checking for keyword validity.
01-09-2018 11:56:06 TCP: Parsing Data....
01-09-2018 11:56:06 TCP: Recieved 36 bytes from socket.
01-09-2018 11:56:06 TCP: Saving Data Into Database......
01-09-2018 11:56:06 TCP: Successfully Saved To Database......
01-09-2018 11:56:08 TCP: Recieved 36 bytes from socket.
01-09-2018 11:56:08 TCP: Checking for keyword validity.
01-09-2018 11:56:08 Helper: Saving Data Into Database......
01-09-2018 11:56:08 Helper: Successfully Saved To Database......
01-09-2018 11:56:08 TCP: Parsing Data....
