18-05-2018 11:31:04 UDP: Started listening at port 8414
18-05-2018 11:31:04 TCP: Started listening at port 10025
18-05-2018 11:31:04 TCP Output Control: Started listening at port 668
18-05-2018 11:31:47 TCP: Got new connection: 106.67.147.147:45859
18-05-2018 11:31:47 TCP: Recieved 7 bytes from socket.
18-05-2018 11:31:47 TCP: Checking for keyword validity.
18-05-2018 11:31:47 TCP: Keyword valid. Waiting for data.
18-05-2018 11:31:49 TCP: Recieved 272 bytes from socket.
18-05-2018 11:31:49 TCP: Parsing recieved data.
18-05-2018 11:31:49 TCP: ---- Parser log start ----
18-05-2018 11:31:49 Helper: IMEI: 866710039995144
18-05-2018 11:31:49 Packet parser: 1: Packet type: 7. 5/18/2018 11:25:18 AM
18-05-2018 11:31:49 Packet parser: Mask1=400B, Mask2=0000, Mask3=0000, Mask4=0000
18-05-2018 11:31:49 Packet parser: 7DT0: Spd=0,Sat=8,HDOP=1,Course=150,Altitude = 590,Odo=0
18-05-2018 11:31:49 Packet parser: F7AC299C0B405DBC9342D91B944100184B4E0200000000A880BE2F940116542774010038
18-05-2018 11:31:49 Packet parser: 38: Packet type: 7. 5/18/2018 11:26:18 AM
18-05-2018 11:31:49 Packet parser: Mask1=400B, Mask2=0000, Mask3=0000, Mask4=0000
18-05-2018 11:31:49 Packet parser: 7DT0: Spd=0,Sat=7,HDOP=2,Course=150,Altitude = 590,Odo=0
18-05-2018 11:31:49 Packet parser: D7AE299C0B405DBC9342D91B944100274B4E0200000000A880EA2F940116542774010037
18-05-2018 11:31:49 Packet parser: 75: Packet type: 7. 5/18/2018 11:27:18 AM
18-05-2018 11:31:49 Packet parser: Mask1=400B, Mask2=0000, Mask3=0000, Mask4=0000
18-05-2018 11:31:49 Packet parser: 7DT0: Spd=0,Sat=6,HDOP=2,Course=150,Altitude = 590,Odo=0
18-05-2018 11:31:49 Packet parser: B7B0299C0B405DBC9342D91B944100264B4E0200000000A880D02F940116542774010037
18-05-2018 11:31:49 Packet parser: 112: Packet type: 7. 5/18/2018 11:28:16 AM
18-05-2018 11:31:49 Packet parser: Mask1=400B, Mask2=0000, Mask3=0000, Mask4=0000
18-05-2018 11:31:49 Packet parser: 7DT0: Spd=0,Sat=6,HDOP=1,Course=150,Altitude = 590,Odo=0
18-05-2018 11:31:49 Packet parser: 87B2299C0B405DBC9342D91B944100164B4E0200000000A880EA2F940116542774010037
18-05-2018 11:31:49 Packet parser: 149: Packet type: 7. 5/18/2018 11:29:16 AM
18-05-2018 11:31:49 Packet parser: Mask1=400B, Mask2=0000, Mask3=0000, Mask4=0000
18-05-2018 11:31:49 Packet parser: 7DT0: Spd=0,Sat=6,HDOP=2,Course=150,Altitude = 590,Odo=0
18-05-2018 11:31:49 Packet parser: 67B4299C0B405DBC9342D91B944100264B4E0200000000A880D82F940116542774010037
18-05-2018 11:31:49 Packet parser: 186: Packet type: 7. 5/18/2018 11:30:16 AM
18-05-2018 11:31:49 Packet parser: Mask1=400B, Mask2=0000, Mask3=0000, Mask4=0000
18-05-2018 11:31:49 Packet parser: 7DT0: Spd=0,Sat=8,HDOP=1,Course=150,Altitude = 590,Odo=0
18-05-2018 11:31:49 Packet parser: 47B6299C0B405DBC9342D91B944100184B4E0200000000A880EA2F940116542774010037
18-05-2018 11:31:49 Packet parser: 223: Packet type: 7. 5/18/2018 11:31:16 AM
18-05-2018 11:31:49 Packet parser: Mask1=400B, Mask2=0000, Mask3=0000, Mask4=0000
18-05-2018 11:31:49 Packet parser: 7DT0: Spd=0,Sat=8,HDOP=1,Course=150,Altitude = 590,Odo=0
18-05-2018 11:31:49 Packet parser: 27B8299C0B405DBC9342D91B944100184B4E0200000000A880EA2F940116542774010037
18-05-2018 11:31:49 TCP: ---- Parser log end ----
18-05-2018 11:31:49 TCP: Parse results:
Parsed items from packet: 7

Merged data packet:
{
  "AnalogInputs": [
    0,
    12222,
    0,
    0,
    0,
    0,
    0,
    0
  ],
  "DigitalInputs": 32936,
  "Gps": {
    "Longitude": 73.8679,
    "Latitude": 18.5135975,
    "Speed": 0,
    "Satellites": 8,
    "Hdop": 1,
    "Direction": 150,
    "Altitude": 590,
    "Odometer": 0.0
  },
  "Gsm": {
    "MobileCountryCode": 404,
    "MobileNetworkCode": 22,
    "LocalAreaCode": 10068,
    "CellIdentifier": 372,
    "TimingAdvance": 0,
    "ReceivedSignalStrength": 56
  },
  "Time": "2018-05-18T11:25:18"
}

Merged data packet:
{
  "AnalogInputs": [
    0,
    12266,
    0,
    0,
    0,
    0,
    0,
    0
  ],
  "DigitalInputs": 32936,
  "Gps": {
    "Longitude": 73.8679,
    "Latitude": 18.5135975,
    "Speed": 0,
    "Satellites": 7,
    "Hdop": 2,
    "Direction": 150,
    "Altitude": 590,
    "Odometer": 0.0
  },
  "Gsm": {
    "MobileCountryCode": 404,
    "MobileNetworkCode": 22,
    "LocalAreaCode": 10068,
    "CellIdentifier": 372,
    "TimingAdvance": 0,
    "ReceivedSignalStrength": 55
  },
  "Time": "2018-05-18T11:26:18"
}

Merged data packet:
{
  "AnalogInputs": [
    0,
    12240,
    0,
    0,
    0,
    0,
    0,
    0
  ],
  "DigitalInputs": 32936,
  "Gps": {
    "Longitude": 73.8679,
    "Latitude": 18.5135975,
    "Speed": 0,
    "Satellites": 6,
    "Hdop": 2,
    "Direction": 150,
    "Altitude": 590,
    "Odometer": 0.0
  },
  "Gsm": {
    "MobileCountryCode": 404,
    "MobileNetworkCode": 22,
    "LocalAreaCode": 10068,
    "CellIdentifier": 372,
    "TimingAdvance": 0,
    "ReceivedSignalStrength": 55
  },
  "Time": "2018-05-18T11:27:18"
}

Merged data packet:
{
  "AnalogInputs": [
    0,
    12266,
    0,
    0,
    0,
    0,
    0,
    0
  ],
  "DigitalInputs": 32936,
  "Gps": {
    "Longitude": 73.8679,
    "Latitude": 18.5135975,
    "Speed": 0,
    "Satellites": 6,
    "Hdop": 1,
    "Direction": 150,
    "Altitude": 590,
    "Odometer": 0.0
  },
  "Gsm": {
    "MobileCountryCode": 404,
    "MobileNetworkCode": 22,
    "LocalAreaCode": 10068,
    "CellIdentifier": 372,
    "TimingAdvance": 0,
    "ReceivedSignalStrength": 55
  },
  "Time": "2018-05-18T11:28:16"
}

Merged data packet:
{
  "AnalogInputs": [
    0,
    12248,
    0,
    0,
    0,
    0,
    0,
    0
  ],
  "DigitalInputs": 32936,
  "Gps": {
    "Longitude": 73.8679,
    "Latitude": 18.5135975,
    "Speed": 0,
    "Satellites": 6,
    "Hdop": 2,
    "Direction": 150,
    "Altitude": 590,
    "Odometer": 0.0
  },
  "Gsm": {
    "MobileCountryCode": 404,
    "MobileNetworkCode": 22,
    "LocalAreaCode": 10068,
    "CellIdentifier": 372,
    "TimingAdvance": 0,
    "ReceivedSignalStrength": 55
  },
  "Time": "2018-05-18T11:29:16"
}

Merged data packet:
{
  "AnalogInputs": [
    0,
    12266,
    0,
    0,
    0,
    0,
    0,
    0
  ],
  "DigitalInputs": 32936,
  "Gps": {
    "Longitude": 73.8679,
    "Latitude": 18.5135975,
    "Speed": 0,
    "Satellites": 8,
    "Hdop": 1,
    "Direction": 150,
    "Altitude": 590,
    "Odometer": 0.0
  },
  "Gsm": {
    "MobileCountryCode": 404,
    "MobileNetworkCode": 22,
    "LocalAreaCode": 10068,
    "CellIdentifier": 372,
    "TimingAdvance": 0,
    "ReceivedSignalStrength": 55
  },
  "Time": "2018-05-18T11:30:16"
}

Merged data packet:
{
  "AnalogInputs": [
    0,
    12266,
    0,
    0,
    0,
    0,
    0,
    0
  ],
  "DigitalInputs": 32936,
  "Gps": {
    "Longitude": 73.8679,
    "Latitude": 18.5135975,
    "Speed": 0,
    "Satellites": 8,
    "Hdop": 1,
    "Direction": 150,
    "Altitude": 590,
    "Odometer": 0.0
  },
  "Gsm": {
    "MobileCountryCode": 404,
    "MobileNetworkCode": 22,
    "LocalAreaCode": 10068,
    "CellIdentifier": 372,
    "TimingAdvance": 0,
    "ReceivedSignalStrength": 55
  },
  "Time": "2018-05-18T11:31:16"
}

18-05-2018 11:31:49 TCP: ---- Saving to database ----
18-05-2018 11:31:49 TCP: ---- Successfully saved to database ----
18-05-2018 11:33:51 TCP: Recieved 87 bytes from socket.
18-05-2018 11:33:51 TCP: Parsing recieved data.
18-05-2018 11:33:51 TCP: ---- Parser log start ----
18-05-2018 11:33:51 Helper: IMEI: 866710039995144
18-05-2018 11:33:51 Packet parser: 1: Packet type: 7. 5/18/2018 11:32:16 AM
18-05-2018 11:33:51 Packet parser: Mask1=400B, Mask2=0000, Mask3=0000, Mask4=0000
18-05-2018 11:33:51 Packet parser: 7DT0: Spd=0,Sat=10,HDOP=1,Course=150,Altitude = 590,Odo=0
18-05-2018 11:33:51 Packet parser: 07BA299C0B405DBC9342D91B9441001A4B4E0200000000A880EA2F940116542774010037
18-05-2018 11:33:51 Packet parser: 38: Packet type: 7. 5/18/2018 11:33:16 AM
18-05-2018 11:33:51 Packet parser: Mask1=400B, Mask2=0000, Mask3=0000, Mask4=0000
18-05-2018 11:33:51 Packet parser: 7DT0: Spd=0,Sat=10,HDOP=1,Course=150,Altitude = 590,Odo=0
18-05-2018 11:33:51 Packet parser: E7BB299C0B405DBC9342D91B9441001A4B4E0200000000A880E12F940116542774010037
18-05-2018 11:33:51 TCP: ---- Parser log end ----
18-05-2018 11:33:51 TCP: Parse results:
Parsed items from packet: 2

Merged data packet:
{
  "AnalogInputs": [
    0,
    12266,
    0,
    0,
    0,
    0,
    0,
    0
  ],
  "DigitalInputs": 32936,
  "Gps": {
    "Longitude": 73.8679,
    "Latitude": 18.5135975,
    "Speed": 0,
    "Satellites": 10,
    "Hdop": 1,
    "Direction": 150,
    "Altitude": 590,
    "Odometer": 0.0
  },
  "Gsm": {
    "MobileCountryCode": 404,
    "MobileNetworkCode": 22,
    "LocalAreaCode": 10068,
    "CellIdentifier": 372,
    "TimingAdvance": 0,
    "ReceivedSignalStrength": 55
  },
  "Time": "2018-05-18T11:32:16"
}

Merged data packet:
{
  "AnalogInputs": [
    0,
    12257,
    0,
    0,
    0,
    0,
    0,
    0
  ],
  "DigitalInputs": 32936,
  "Gps": {
    "Longitude": 73.8679,
    "Latitude": 18.5135975,
    "Speed": 0,
    "Satellites": 10,
    "Hdop": 1,
    "Direction": 150,
    "Altitude": 590,
    "Odometer": 0.0
  },
  "Gsm": {
    "MobileCountryCode": 404,
    "MobileNetworkCode": 22,
    "LocalAreaCode": 10068,
    "CellIdentifier": 372,
    "TimingAdvance": 0,
    "ReceivedSignalStrength": 55
  },
  "Time": "2018-05-18T11:33:16"
}

18-05-2018 11:33:51 TCP: ---- Saving to database ----
18-05-2018 11:33:51 TCP: ---- Successfully saved to database ----
