18-05-2018 11:01:38 UDP: Started listening at port 8414
18-05-2018 11:01:38 TCP: Started listening at port 10025
18-05-2018 11:01:38 TCP Output Control: Started listening at port 668
18-05-2018 11:02:49 TCP: Got new connection: 106.67.147.147:45346
18-05-2018 11:02:53 TCP: Recieved 7 bytes from socket.
18-05-2018 11:02:53 TCP: Checking for keyword validity.
18-05-2018 11:02:54 TCP: Keyword valid. Waiting for data.
18-05-2018 11:02:56 TCP: Recieved 181 bytes from socket.
18-05-2018 11:02:56 TCP: Parsing recieved data.
18-05-2018 11:02:56 TCP: ---- Parser log start ----
18-05-2018 11:02:56 Helper: IMEI: 866710039995144
18-05-2018 11:02:56 Packet parser: 1: Packet type: 7. 5/18/2018 10:58:16 AM
18-05-2018 11:02:56 Packet parser: Mask1=400B, Mask2=0000, Mask3=0000, Mask4=0000
18-05-2018 11:02:56 Packet parser: 7DT0: Spd=0,Sat=8,HDOP=1,Course=150,Altitude = 590,Odo=0
18-05-2018 11:02:56 Packet parser: 477A299C0B405DBC9342D91B944100184B4E0200000000A8807830940116542774010037
18-05-2018 11:02:56 Packet parser: 38: Packet type: 7. 5/18/2018 10:59:18 AM
18-05-2018 11:02:56 Packet parser: Mask1=400B, Mask2=0000, Mask3=0000, Mask4=0000
18-05-2018 11:02:56 Packet parser: 7DT0: Spd=0,Sat=7,HDOP=1,Course=150,Altitude = 590,Odo=0
18-05-2018 11:02:56 Packet parser: 377C299C0B405DBC9342D91B944100174B4E0200000000A8806F30940116542774010038
18-05-2018 11:02:56 Packet parser: 75: Packet type: 7. 5/18/2018 11:00:18 AM
18-05-2018 11:02:56 Packet parser: Mask1=400B, Mask2=0000, Mask3=0000, Mask4=0000
18-05-2018 11:02:56 Packet parser: 7DT0: Spd=0,Sat=8,HDOP=1,Course=150,Altitude = 590,Odo=0
18-05-2018 11:02:56 Packet parser: 177E299C0B405DBC9342D91B944100184B4E0200000000A8806630940116542774010038
18-05-2018 11:02:56 Packet parser: 112: Packet type: 7. 5/18/2018 11:01:18 AM
18-05-2018 11:02:56 Packet parser: Mask1=400B, Mask2=0000, Mask3=0000, Mask4=0000
18-05-2018 11:02:56 Packet parser: 7DT0: Spd=0,Sat=6,HDOP=1,Course=150,Altitude = 590,Odo=0
18-05-2018 11:02:56 Packet parser: F77F299C0B405DBC9342D91B944100164B4E0200000000A8805D30940116542774010038
18-05-2018 11:02:56 Packet parser: 149: Packet type: 7. 5/18/2018 11:02:16 AM
18-05-2018 11:02:56 Packet parser: Mask1=400A, Mask2=0000, Mask3=0000, Mask4=0000
18-05-2018 11:02:56 Packet parser: C781299C0A40A8805430940116542774010038
18-05-2018 11:02:56 TCP: ---- Parser log end ----
18-05-2018 11:02:57 TCP: Parse results:
Parsed items from packet: 5

Merged data packet:
{
  "AnalogInputs": [
    0,
    12408,
    0,
    0,
    0,
    0,
    0,
    0
  ],
  "DigitalInputs": 32936,
  "Gps": {
    "Longitude": 73.8679,
    "Latitude": 18.5135975,
    "Speed": 0,
    "Satellites": 8,
    "Hdop": 1,
    "Direction": 150,
    "Altitude": 590,
    "Odometer": 0.0
  },
  "Gsm": {
    "MobileCountryCode": 404,
    "MobileNetworkCode": 22,
    "LocalAreaCode": 10068,
    "CellIdentifier": 372,
    "TimingAdvance": 0,
    "ReceivedSignalStrength": 55
  },
  "Time": "2018-05-18T10:58:16"
}

Merged data packet:
{
  "AnalogInputs": [
    0,
    12399,
    0,
    0,
    0,
    0,
    0,
    0
  ],
  "DigitalInputs": 32936,
  "Gps": {
    "Longitude": 73.8679,
    "Latitude": 18.5135975,
    "Speed": 0,
    "Satellites": 7,
    "Hdop": 1,
    "Direction": 150,
    "Altitude": 590,
    "Odometer": 0.0
  },
  "Gsm": {
    "MobileCountryCode": 404,
    "MobileNetworkCode": 22,
    "LocalAreaCode": 10068,
    "CellIdentifier": 372,
    "TimingAdvance": 0,
    "ReceivedSignalStrength": 56
  },
  "Time": "2018-05-18T10:59:18"
}

Merged data packet:
{
  "AnalogInputs": [
    0,
    12390,
    0,
    0,
    0,
    0,
    0,
    0
  ],
  "DigitalInputs": 32936,
  "Gps": {
    "Longitude": 73.8679,
    "Latitude": 18.5135975,
    "Speed": 0,
    "Satellites": 8,
    "Hdop": 1,
    "Direction": 150,
    "Altitude": 590,
    "Odometer": 0.0
  },
  "Gsm": {
    "MobileCountryCode": 404,
    "MobileNetworkCode": 22,
    "LocalAreaCode": 10068,
    "CellIdentifier": 372,
    "TimingAdvance": 0,
    "ReceivedSignalStrength": 56
  },
  "Time": "2018-05-18T11:00:18"
}

Merged data packet:
{
  "AnalogInputs": [
    0,
    12381,
    0,
    0,
    0,
    0,
    0,
    0
  ],
  "DigitalInputs": 32936,
  "Gps": {
    "Longitude": 73.8679,
    "Latitude": 18.5135975,
    "Speed": 0,
    "Satellites": 6,
    "Hdop": 1,
    "Direction": 150,
    "Altitude": 590,
    "Odometer": 0.0
  },
  "Gsm": {
    "MobileCountryCode": 404,
    "MobileNetworkCode": 22,
    "LocalAreaCode": 10068,
    "CellIdentifier": 372,
    "TimingAdvance": 0,
    "ReceivedSignalStrength": 56
  },
  "Time": "2018-05-18T11:01:18"
}

Merged data packet:
{
  "AnalogInputs": [
    0,
    12372,
    0,
    0,
    0,
    0,
    0,
    0
  ],
  "DigitalInputs": 32936,
  "Gsm": {
    "MobileCountryCode": 404,
    "MobileNetworkCode": 22,
    "LocalAreaCode": 10068,
    "CellIdentifier": 372,
    "TimingAdvance": 0,
    "ReceivedSignalStrength": 56
  },
  "Time": "2018-05-18T11:02:16"
}

18-05-2018 11:02:57 TCP: ---- Saving to database ----
18-05-2018 11:07:23 TCP: ---- Successfully saved to database ----
18-05-2018 11:07:23 TCP: Recieved 1024 bytes from socket.
18-05-2018 11:07:23 TCP: Parsing recieved data.
18-05-2018 11:07:23 TCP: ---- Parser log start ----
18-05-2018 11:07:23 Helper: IMEI: 866710039995144
18-05-2018 11:07:23 Helper: Checksum does not match.
18-05-2018 11:07:23 TCP: ---- Parser log end ----
18-05-2018 11:07:23 TCP: Parse results:
Parsed items from packet: 0

18-05-2018 11:07:23 TCP: Recieved 70 bytes from socket.
18-05-2018 11:07:23 TCP: Unknown service id = 0 , closing connection.
18-05-2018 11:07:23 TCP: Connection closed.
18-05-2018 11:07:45 TCP: Got new connection: 106.67.147.147:3039
