31-08-2018 11:38:42 UDP: Started listening at port 8414
31-08-2018 11:38:42 TCP: Started listening at port 10025
31-08-2018 11:38:42 TCP Output Control: Started listening at port 668
31-08-2018 11:38:43 TCP Output Control: Error in confirmation checker.
31-08-2018 11:38:43 TCP Output Control: System.InvalidOperationException: ExecuteNonQuery requires the command to have a transaction when the connection assigned to the command is in a pending local transaction.  The Transaction property of the command has not been initialized.
   at System.Data.SqlClient.SqlCommand.ValidateCommand(String method, Boolean async)
   at System.Data.SqlClient.SqlCommand.InternalExecuteNonQuery(TaskCompletionSource`1 completion, String methodName, Boolean sendToPipe, Int32 timeout, Boolean& usedCache, Boolean asyncWrite, Boolean inRetry)
   at System.Data.SqlClient.SqlCommand.ExecuteNonQuery()
   at ExampleService.DataAccess.MSSqlDataAccess.OutputUpdate(Int32 id, Byte status) in C:\Users\Abuzar\Desktop\27-08-2018\ExampleService\DataAccess\MSSqlDataAccess.cs:line 540
   at ExampleService.DataAccess.MSSqlDataAccess.CheckConfirmationExpirations() in C:\Users\Abuzar\Desktop\27-08-2018\ExampleService\DataAccess\MSSqlDataAccess.cs:line 561
   at ExampleService.TCPOutputControl.CheckConfirmationExpiration() in C:\Users\Abuzar\Desktop\27-08-2018\ExampleService\TCPOutputControl.cs:line 312
31-08-2018 11:38:56 TCP: Got new connection: 42.106.4.26:12177
31-08-2018 11:39:00 TCP: Recieved 18 bytes from socket.
31-08-2018 11:39:00 TCP: Checking for keyword validity.
31-08-2018 11:39:01 TCP: Keyword valid. Waiting for data.
31-08-2018 11:39:02 TCP: Recieved 15 bytes from socket.
31-08-2018 11:39:03 TCP: Packet too short.
31-08-2018 11:39:06 TCP: Recieved 36 bytes from socket.
31-08-2018 11:39:09 TCP: Recieved 36 bytes from socket.
31-08-2018 11:39:09 TCP: Checking for keyword validity.
31-08-2018 11:39:11 TCP: Keyword valid. Waiting for data.
31-08-2018 11:39:13 TCP: Recieved 36 bytes from socket.
31-08-2018 11:39:16 TCP: Recieved 36 bytes from socket.
31-08-2018 11:39:16 TCP: Checking for keyword validity.
31-08-2018 11:39:17 TCP: Keyword valid. Waiting for data.
31-08-2018 11:39:19 TCP: Recieved 36 bytes from socket.
