22-05-2018 13:22:14 UDP: Started listening at port 8414
22-05-2018 13:22:14 TCP: Started listening at port 10025
22-05-2018 13:22:14 TCP Output Control: Started listening at port 668
22-05-2018 13:23:00 TCP: Got new connection: 106.77.212.52:57532
22-05-2018 13:23:01 TCP: Recieved 7 bytes from socket.
22-05-2018 13:23:01 TCP: Checking for keyword validity.
22-05-2018 13:23:01 TCP: Keyword valid. Waiting for data.
22-05-2018 13:23:06 TCP: Recieved 87 bytes from socket.
22-05-2018 13:23:06 TCP: Parsing recieved data.
22-05-2018 13:23:06 TCP: ---- Parser log start ----
22-05-2018 13:23:06 Helper: IMEI: 866710039995144
22-05-2018 13:23:06 Packet parser: 1: Packet type: 7. 5/22/2018 7:51:48 AM
22-05-2018 13:23:06 Packet parser: Mask1=400B, Mask2=0000, Mask3=0000, Mask4=0000
22-05-2018 13:23:06 Packet parser: 7DT0: Spd=0,Sat=6,HDOP=1,Course=0,Altitude = 605,Odo=0
22-05-2018 13:23:06 Packet parser: A74C529C0B4059BC9342B71B94410016005D0200000000A880EA2F94011654277401003C
22-05-2018 13:23:06 Packet parser: 38: Packet type: 7. 5/22/2018 7:52:50 AM
22-05-2018 13:23:06 Packet parser: Mask1=400B, Mask2=0000, Mask3=0000, Mask4=0000
22-05-2018 13:23:06 Packet parser: 7DT0: Spd=0,Sat=5,HDOP=1,Course=0,Altitude = 605,Odo=0
22-05-2018 13:23:06 Packet parser: 974E529C0B4059BC9342B71B94410015005D0200000000A880E12F94011654277401003D
22-05-2018 13:23:06 TCP: ---- Parser log end ----
22-05-2018 13:23:06 TCP: Parse results:
Parsed items from packet: 2

Merged data packet:
{
  "AnalogInputs": [
    0,
    12266,
    0,
    0,
    0,
    0,
    0,
    0
  ],
  "DigitalInputs": 32936,
  "Gps": {
    "Longitude": 73.86787,
    "Latitude": 18.5135326,
    "Speed": 0,
    "Satellites": 6,
    "Hdop": 1,
    "Direction": 0,
    "Altitude": 605,
    "Odometer": 0.0
  },
  "Gsm": {
    "MobileCountryCode": 404,
    "MobileNetworkCode": 22,
    "LocalAreaCode": 10068,
    "CellIdentifier": 372,
    "TimingAdvance": 0,
    "ReceivedSignalStrength": 60
  },
  "Time": "2018-05-22T07:51:48"
}

Merged data packet:
{
  "AnalogInputs": [
    0,
    12257,
    0,
    0,
    0,
    0,
    0,
    0
  ],
  "DigitalInputs": 32936,
  "Gps": {
    "Longitude": 73.86787,
    "Latitude": 18.5135326,
    "Speed": 0,
    "Satellites": 5,
    "Hdop": 1,
    "Direction": 0,
    "Altitude": 605,
    "Odometer": 0.0
  },
  "Gsm": {
    "MobileCountryCode": 404,
    "MobileNetworkCode": 22,
    "LocalAreaCode": 10068,
    "CellIdentifier": 372,
    "TimingAdvance": 0,
    "ReceivedSignalStrength": 61
  },
  "Time": "2018-05-22T07:52:50"
}

22-05-2018 13:23:06 TCP: ---- Saving to database ----
22-05-2018 13:23:06 TCP: ---- Successfully saved to database ----
22-05-2018 13:23:12 TCP: Recieved 50 bytes from socket.
22-05-2018 13:23:12 TCP: Parsing recieved data.
22-05-2018 13:23:12 TCP: ---- Parser log start ----
22-05-2018 13:23:12 Helper: IMEI: 866710039995144
22-05-2018 13:23:12 Packet parser: 1: Packet type: 7. 5/22/2018 7:53:08 AM
22-05-2018 13:23:12 Packet parser: Mask1=400B, Mask2=0000, Mask3=0000, Mask4=0000
22-05-2018 13:23:12 Packet parser: 7DT0: Spd=0,Sat=6,HDOP=1,Course=0,Altitude = 605,Odo=0
22-05-2018 13:23:12 Packet parser: 274F529C0B4059BC9342B71B94410016005D0200000000B980D82F94011654277401003D
22-05-2018 13:23:12 TCP: ---- Parser log end ----
22-05-2018 13:23:12 TCP: Parse results:
Parsed items from packet: 1

Merged data packet:
{
  "AnalogInputs": [
    0,
    12248,
    0,
    0,
    0,
    0,
    0,
    0
  ],
  "DigitalInputs": 32953,
  "Gps": {
    "Longitude": 73.86787,
    "Latitude": 18.5135326,
    "Speed": 0,
    "Satellites": 6,
    "Hdop": 1,
    "Direction": 0,
    "Altitude": 605,
    "Odometer": 0.0
  },
  "Gsm": {
    "MobileCountryCode": 404,
    "MobileNetworkCode": 22,
    "LocalAreaCode": 10068,
    "CellIdentifier": 372,
    "TimingAdvance": 0,
    "ReceivedSignalStrength": 61
  },
  "Time": "2018-05-22T07:53:08"
}

22-05-2018 13:23:12 TCP: ---- Saving to database ----
22-05-2018 13:23:12 TCP: ---- Successfully saved to database ----
22-05-2018 13:24:55 TCP: Recieved 87 bytes from socket.
22-05-2018 13:24:55 TCP: Parsing recieved data.
22-05-2018 13:24:55 TCP: ---- Parser log start ----
22-05-2018 13:24:55 Helper: IMEI: 866710039995144
22-05-2018 13:24:55 Packet parser: 1: Packet type: 7. 5/22/2018 7:54:08 AM
22-05-2018 13:24:55 Packet parser: Mask1=400B, Mask2=0000, Mask3=0000, Mask4=0000
22-05-2018 13:24:55 Packet parser: 7DT0: Spd=0,Sat=7,HDOP=1,Course=0,Altitude = 605,Odo=0
22-05-2018 13:24:55 Packet parser: 0751529C0B4059BC9342B71B94410017005D0200000000B8805F3294011654277401003B
22-05-2018 13:24:55 Packet parser: 38: Packet type: 7. 5/22/2018 7:54:50 AM
22-05-2018 13:24:55 Packet parser: Mask1=400B, Mask2=0000, Mask3=0000, Mask4=0000
22-05-2018 13:24:55 Packet parser: 7DT0: Spd=0,Sat=5,HDOP=1,Course=0,Altitude = 605,Odo=0
22-05-2018 13:24:55 Packet parser: 5752529C0B4059BC9342B71B94410015005D0200000000A880FE3194011654277401003A
22-05-2018 13:24:55 TCP: ---- Parser log end ----
22-05-2018 13:24:55 TCP: Parse results:
Parsed items from packet: 2

Merged data packet:
{
  "AnalogInputs": [
    0,
    12895,
    0,
    0,
    0,
    0,
    0,
    0
  ],
  "DigitalInputs": 32952,
  "Gps": {
    "Longitude": 73.86787,
    "Latitude": 18.5135326,
    "Speed": 0,
    "Satellites": 7,
    "Hdop": 1,
    "Direction": 0,
    "Altitude": 605,
    "Odometer": 0.0
  },
  "Gsm": {
    "MobileCountryCode": 404,
    "MobileNetworkCode": 22,
    "LocalAreaCode": 10068,
    "CellIdentifier": 372,
    "TimingAdvance": 0,
    "ReceivedSignalStrength": 59
  },
  "Time": "2018-05-22T07:54:08"
}

Merged data packet:
{
  "AnalogInputs": [
    0,
    12798,
    0,
    0,
    0,
    0,
    0,
    0
  ],
  "DigitalInputs": 32936,
  "Gps": {
    "Longitude": 73.86787,
    "Latitude": 18.5135326,
    "Speed": 0,
    "Satellites": 5,
    "Hdop": 1,
    "Direction": 0,
    "Altitude": 605,
    "Odometer": 0.0
  },
  "Gsm": {
    "MobileCountryCode": 404,
    "MobileNetworkCode": 22,
    "LocalAreaCode": 10068,
    "CellIdentifier": 372,
    "TimingAdvance": 0,
    "ReceivedSignalStrength": 58
  },
  "Time": "2018-05-22T07:54:50"
}

22-05-2018 13:24:55 TCP: ---- Saving to database ----
22-05-2018 13:24:55 TCP: ---- Successfully saved to database ----
22-05-2018 13:26:59 TCP: Recieved 87 bytes from socket.
22-05-2018 13:26:59 TCP: Parsing recieved data.
22-05-2018 13:26:59 TCP: ---- Parser log start ----
22-05-2018 13:26:59 Helper: IMEI: 866710039995144
22-05-2018 13:26:59 Packet parser: 1: Packet type: 7. 5/22/2018 7:55:48 AM
22-05-2018 13:26:59 Packet parser: Mask1=400B, Mask2=0000, Mask3=0000, Mask4=0000
22-05-2018 13:26:59 Packet parser: 7DT0: Spd=0,Sat=7,HDOP=1,Course=0,Altitude = 605,Odo=0
22-05-2018 13:26:59 Packet parser: 2754529C0B4059BC9342B71B94410017005D0200000000A880E23094011654277401003B
22-05-2018 13:26:59 Packet parser: 38: Packet type: 7. 5/22/2018 7:56:48 AM
22-05-2018 13:26:59 Packet parser: Mask1=400B, Mask2=0000, Mask3=0000, Mask4=0000
22-05-2018 13:26:59 Packet parser: 7DT0: Spd=0,Sat=7,HDOP=1,Course=0,Altitude = 605,Odo=0
22-05-2018 13:26:59 Packet parser: 0756529C0B4059BC9342B71B94410017005D0200000000A880A43094011654277401003B
22-05-2018 13:26:59 TCP: ---- Parser log end ----
22-05-2018 13:26:59 TCP: Parse results:
Parsed items from packet: 2

Merged data packet:
{
  "AnalogInputs": [
    0,
    12514,
    0,
    0,
    0,
    0,
    0,
    0
  ],
  "DigitalInputs": 32936,
  "Gps": {
    "Longitude": 73.86787,
    "Latitude": 18.5135326,
    "Speed": 0,
    "Satellites": 7,
    "Hdop": 1,
    "Direction": 0,
    "Altitude": 605,
    "Odometer": 0.0
  },
  "Gsm": {
    "MobileCountryCode": 404,
    "MobileNetworkCode": 22,
    "LocalAreaCode": 10068,
    "CellIdentifier": 372,
    "TimingAdvance": 0,
    "ReceivedSignalStrength": 59
  },
  "Time": "2018-05-22T07:55:48"
}

Merged data packet:
{
  "AnalogInputs": [
    0,
    12452,
    0,
    0,
    0,
    0,
    0,
    0
  ],
  "DigitalInputs": 32936,
  "Gps": {
    "Longitude": 73.86787,
    "Latitude": 18.5135326,
    "Speed": 0,
    "Satellites": 7,
    "Hdop": 1,
    "Direction": 0,
    "Altitude": 605,
    "Odometer": 0.0
  },
  "Gsm": {
    "MobileCountryCode": 404,
    "MobileNetworkCode": 22,
    "LocalAreaCode": 10068,
    "CellIdentifier": 372,
    "TimingAdvance": 0,
    "ReceivedSignalStrength": 59
  },
  "Time": "2018-05-22T07:56:48"
}

22-05-2018 13:26:59 TCP: ---- Saving to database ----
22-05-2018 13:26:59 TCP: ---- Successfully saved to database ----
22-05-2018 13:29:00 TCP: Recieved 87 bytes from socket.
22-05-2018 13:29:00 TCP: Parsing recieved data.
22-05-2018 13:29:00 TCP: ---- Parser log start ----
22-05-2018 13:29:00 Helper: IMEI: 866710039995144
22-05-2018 13:29:00 Packet parser: 1: Packet type: 7. 5/22/2018 7:57:48 AM
22-05-2018 13:29:00 Packet parser: Mask1=400B, Mask2=0000, Mask3=0000, Mask4=0000
22-05-2018 13:29:00 Packet parser: 7DT0: Spd=0,Sat=7,HDOP=1,Course=0,Altitude = 605,Odo=0
22-05-2018 13:29:00 Packet parser: E757529C0B4059BC9342B71B94410017005D0200000000A8808A3094011654277401003C
22-05-2018 13:29:00 Packet parser: 38: Packet type: 7. 5/22/2018 7:58:48 AM
22-05-2018 13:29:00 Packet parser: Mask1=400B, Mask2=0000, Mask3=0000, Mask4=0000
22-05-2018 13:29:00 Packet parser: 7DT0: Spd=0,Sat=7,HDOP=1,Course=0,Altitude = 605,Odo=0
22-05-2018 13:29:00 Packet parser: C759529C0B4059BC9342B71B94410017005D0200000000A880783094011654277401003B
22-05-2018 13:29:00 TCP: ---- Parser log end ----
22-05-2018 13:29:00 TCP: Parse results:
Parsed items from packet: 2

Merged data packet:
{
  "AnalogInputs": [
    0,
    12426,
    0,
    0,
    0,
    0,
    0,
    0
  ],
  "DigitalInputs": 32936,
  "Gps": {
    "Longitude": 73.86787,
    "Latitude": 18.5135326,
    "Speed": 0,
    "Satellites": 7,
    "Hdop": 1,
    "Direction": 0,
    "Altitude": 605,
    "Odometer": 0.0
  },
  "Gsm": {
    "MobileCountryCode": 404,
    "MobileNetworkCode": 22,
    "LocalAreaCode": 10068,
    "CellIdentifier": 372,
    "TimingAdvance": 0,
    "ReceivedSignalStrength": 60
  },
  "Time": "2018-05-22T07:57:48"
}

Merged data packet:
{
  "AnalogInputs": [
    0,
    12408,
    0,
    0,
    0,
    0,
    0,
    0
  ],
  "DigitalInputs": 32936,
  "Gps": {
    "Longitude": 73.86787,
    "Latitude": 18.5135326,
    "Speed": 0,
    "Satellites": 7,
    "Hdop": 1,
    "Direction": 0,
    "Altitude": 605,
    "Odometer": 0.0
  },
  "Gsm": {
    "MobileCountryCode": 404,
    "MobileNetworkCode": 22,
    "LocalAreaCode": 10068,
    "CellIdentifier": 372,
    "TimingAdvance": 0,
    "ReceivedSignalStrength": 59
  },
  "Time": "2018-05-22T07:58:48"
}

22-05-2018 13:29:00 TCP: ---- Saving to database ----
22-05-2018 13:29:00 TCP: ---- Successfully saved to database ----
22-05-2018 13:31:00 TCP: Recieved 70 bytes from socket.
22-05-2018 13:31:00 TCP: Parsing recieved data.
22-05-2018 13:31:00 TCP: ---- Parser log start ----
22-05-2018 13:31:00 Helper: IMEI: 866710039995144
22-05-2018 13:31:00 Packet parser: 1: Packet type: 7. 5/22/2018 7:59:48 AM
22-05-2018 13:31:00 Packet parser: Mask1=400B, Mask2=0000, Mask3=0000, Mask4=0000
22-05-2018 13:31:00 Packet parser: 7DT0: Spd=0,Sat=7,HDOP=1,Course=0,Altitude = 605,Odo=0
22-05-2018 13:31:00 Packet parser: A75B529C0B4059BC9342B71B94410017005D0200000000A880663094011654277401003B
22-05-2018 13:31:00 Packet parser: 38: Packet type: 7. 5/22/2018 8:00:48 AM
22-05-2018 13:31:00 Packet parser: Mask1=400A, Mask2=0000, Mask3=0000, Mask4=0000
22-05-2018 13:31:00 Packet parser: 875D529C0A40A8804C3094011654277401003B
22-05-2018 13:31:00 TCP: ---- Parser log end ----
22-05-2018 13:31:00 TCP: Parse results:
Parsed items from packet: 2

Merged data packet:
{
  "AnalogInputs": [
    0,
    12390,
    0,
    0,
    0,
    0,
    0,
    0
  ],
  "DigitalInputs": 32936,
  "Gps": {
    "Longitude": 73.86787,
    "Latitude": 18.5135326,
    "Speed": 0,
    "Satellites": 7,
    "Hdop": 1,
    "Direction": 0,
    "Altitude": 605,
    "Odometer": 0.0
  },
  "Gsm": {
    "MobileCountryCode": 404,
    "MobileNetworkCode": 22,
    "LocalAreaCode": 10068,
    "CellIdentifier": 372,
    "TimingAdvance": 0,
    "ReceivedSignalStrength": 59
  },
  "Time": "2018-05-22T07:59:48"
}

Merged data packet:
{
  "AnalogInputs": [
    0,
    12364,
    0,
    0,
    0,
    0,
    0,
    0
  ],
  "DigitalInputs": 32936,
  "Gsm": {
    "MobileCountryCode": 404,
    "MobileNetworkCode": 22,
    "LocalAreaCode": 10068,
    "CellIdentifier": 372,
    "TimingAdvance": 0,
    "ReceivedSignalStrength": 59
  },
  "Time": "2018-05-22T08:00:48"
}

22-05-2018 13:31:00 TCP: ---- Saving to database ----
22-05-2018 13:31:01 TCP: ---- Successfully saved to database ----
