01-09-2018 11:32:29 UDP: Started listening at port 8414
01-09-2018 11:32:29 TCP: Started listening at port 10025
01-09-2018 11:32:29 TCP Output Control: Started listening at port 668
01-09-2018 11:32:29 TCP Output Control: Error in confirmation checker.
01-09-2018 11:32:29 TCP Output Control: System.InvalidOperationException: ExecuteNonQuery requires the command to have a transaction when the connection assigned to the command is in a pending local transaction.  The Transaction property of the command has not been initialized.
   at System.Data.SqlClient.SqlCommand.ValidateCommand(String method, Boolean async)
   at System.Data.SqlClient.SqlCommand.InternalExecuteNonQuery(TaskCompletionSource`1 completion, String methodName, Boolean sendToPipe, Int32 timeout, Boolean& usedCache, Boolean asyncWrite, Boolean inRetry)
   at System.Data.SqlClient.SqlCommand.ExecuteNonQuery()
   at ExampleService.DataAccess.MSSqlDataAccess.OutputUpdate(Int32 id, Byte status) in C:\Users\Abuzar\Desktop\27-08-2018\ExampleService\DataAccess\MSSqlDataAccess.cs:line 540
   at ExampleService.DataAccess.MSSqlDataAccess.CheckConfirmationExpirations() in C:\Users\Abuzar\Desktop\27-08-2018\ExampleService\DataAccess\MSSqlDataAccess.cs:line 561
   at ExampleService.TCPOutputControl.CheckConfirmationExpiration() in C:\Users\Abuzar\Desktop\27-08-2018\ExampleService\TCPOutputControl.cs:line 312
01-09-2018 11:32:33 TCP: Got new connection: 42.106.24.99:50891
01-09-2018 11:32:34 TCP: Recieved 18 bytes from socket.
01-09-2018 11:32:34 TCP: Checking for keyword validity.
01-09-2018 11:32:34 TCP: Keyword valid. Waiting for data.
01-09-2018 11:32:37 TCP: Recieved 15 bytes from socket.
01-09-2018 11:32:37 TCP: Packet too short.
01-09-2018 11:32:40 TCP: Recieved 36 bytes from socket.
01-09-2018 11:32:43 TCP: Recieved 15 bytes from socket.
01-09-2018 11:32:43 TCP: Checking for keyword validity.
01-09-2018 11:32:43 TCP: Keyword valid. Waiting for data.
01-09-2018 11:32:46 TCP: Recieved 36 bytes from socket.
01-09-2018 11:32:49 TCP: Recieved 36 bytes from socket.
01-09-2018 11:32:49 TCP: Checking for keyword validity.
01-09-2018 11:32:49 TCP: Keyword valid. Waiting for data.
01-09-2018 11:32:52 TCP: Recieved 36 bytes from socket.
01-09-2018 11:32:57 TCP: Recieved 36 bytes from socket.
01-09-2018 11:32:57 TCP: Checking for keyword validity.
01-09-2018 11:32:57 TCP: Keyword valid. Waiting for data.
01-09-2018 11:33:00 TCP: Recieved 36 bytes from socket.
01-09-2018 11:33:11 TCP: Recieved 36 bytes from socket.
01-09-2018 11:33:11 TCP: Checking for keyword validity.
01-09-2018 11:33:11 TCP: Keyword valid. Waiting for data.
01-09-2018 11:33:19 TCP: Recieved 36 bytes from socket.
01-09-2018 11:33:29 TCP: Recieved 36 bytes from socket.
01-09-2018 11:33:29 TCP: Checking for keyword validity.
01-09-2018 11:33:29 TCP: Keyword valid. Waiting for data.
01-09-2018 11:33:39 TCP: Recieved 36 bytes from socket.
01-09-2018 11:33:49 TCP: Recieved 36 bytes from socket.
01-09-2018 11:33:49 TCP: Checking for keyword validity.
01-09-2018 11:33:49 TCP: Keyword valid. Waiting for data.
01-09-2018 11:33:59 TCP: Recieved 36 bytes from socket.
01-09-2018 11:34:04 TCP: Recieved 15 bytes from socket.
01-09-2018 11:34:04 TCP: Checking for keyword validity.
01-09-2018 11:34:04 TCP: Keyword valid. Waiting for data.
01-09-2018 11:34:10 TCP: Recieved 36 bytes from socket.
01-09-2018 11:34:19 TCP: Recieved 36 bytes from socket.
01-09-2018 11:34:19 TCP: Checking for keyword validity.
01-09-2018 11:34:19 TCP: Keyword valid. Waiting for data.
01-09-2018 11:34:29 TCP: Recieved 36 bytes from socket.
01-09-2018 11:34:39 TCP: Recieved 36 bytes from socket.
01-09-2018 11:34:39 TCP: Checking for keyword validity.
01-09-2018 11:34:39 TCP: Keyword valid. Waiting for data.
01-09-2018 11:34:49 TCP: Recieved 36 bytes from socket.
01-09-2018 11:34:59 TCP: Recieved 36 bytes from socket.
01-09-2018 11:34:59 TCP: Checking for keyword validity.
01-09-2018 11:34:59 TCP: Keyword valid. Waiting for data.
01-09-2018 11:35:09 TCP: Recieved 36 bytes from socket.
01-09-2018 11:35:21 TCP: Recieved 36 bytes from socket.
01-09-2018 11:35:29 TCP: Checking for keyword validity.
01-09-2018 11:35:29 TCP: Keyword valid. Waiting for data.
01-09-2018 11:35:29 TCP: Recieved 36 bytes from socket.
01-09-2018 11:35:37 TCP: Recieved 15 bytes from socket.
01-09-2018 11:35:37 TCP: Checking for keyword validity.
01-09-2018 11:35:37 TCP: Keyword valid. Waiting for data.
01-09-2018 11:35:43 TCP: Recieved 36 bytes from socket.
01-09-2018 11:35:48 TCP: Recieved 36 bytes from socket.
01-09-2018 11:35:48 TCP: Checking for keyword validity.
01-09-2018 11:35:48 TCP: Keyword valid. Waiting for data.
01-09-2018 11:35:59 TCP: Recieved 36 bytes from socket.
01-09-2018 11:36:09 TCP: Recieved 36 bytes from socket.
01-09-2018 11:36:18 TCP: Checking for keyword validity.
01-09-2018 11:36:18 TCP: Keyword valid. Waiting for data.
01-09-2018 11:36:19 TCP: Recieved 36 bytes from socket.
01-09-2018 11:36:29 TCP: Recieved 36 bytes from socket.
01-09-2018 11:36:29 TCP: Checking for keyword validity.
01-09-2018 11:36:29 TCP: Keyword valid. Waiting for data.
01-09-2018 11:36:38 TCP: Recieved 36 bytes from socket.
01-09-2018 11:36:49 TCP: Recieved 36 bytes from socket.
01-09-2018 11:36:49 TCP: Checking for keyword validity.
01-09-2018 11:36:49 TCP: Keyword valid. Waiting for data.
01-09-2018 11:36:58 TCP: Recieved 36 bytes from socket.
01-09-2018 11:37:04 TCP: Got new connection: 42.106.24.99:34508
01-09-2018 11:37:05 TCP: Recieved 18 bytes from socket.
01-09-2018 11:37:05 TCP: Checking for keyword validity.
01-09-2018 11:37:05 TCP: Keyword valid. Waiting for data.
01-09-2018 11:37:08 TCP: Recieved 15 bytes from socket.
01-09-2018 11:37:08 TCP: Packet too short.
01-09-2018 11:37:11 TCP: Recieved 36 bytes from socket.
01-09-2018 11:37:18 TCP: Recieved 36 bytes from socket.
01-09-2018 11:37:18 TCP: Checking for keyword validity.
01-09-2018 11:37:18 TCP: Keyword valid. Waiting for data.
01-09-2018 11:37:28 TCP: Recieved 36 bytes from socket.
01-09-2018 11:37:38 TCP: Recieved 36 bytes from socket.
01-09-2018 11:37:38 TCP: Checking for keyword validity.
01-09-2018 11:37:38 TCP: Keyword valid. Waiting for data.
01-09-2018 11:37:50 TCP: Recieved 36 bytes from socket.
01-09-2018 11:37:58 TCP: Recieved 36 bytes from socket.
01-09-2018 11:37:58 TCP: Checking for keyword validity.
01-09-2018 11:37:58 TCP: Keyword valid. Waiting for data.
01-09-2018 11:38:08 TCP: Recieved 36 bytes from socket.
01-09-2018 11:38:18 TCP: Recieved 36 bytes from socket.
01-09-2018 11:38:18 TCP: Checking for keyword validity.
01-09-2018 11:38:18 TCP: Keyword valid. Waiting for data.
01-09-2018 11:38:28 TCP: Recieved 36 bytes from socket.
01-09-2018 11:38:35 TCP: Recieved 15 bytes from socket.
01-09-2018 11:38:35 TCP: Checking for keyword validity.
01-09-2018 11:38:35 TCP: Keyword valid. Waiting for data.
01-09-2018 11:38:38 TCP: Recieved 36 bytes from socket.
01-09-2018 11:38:49 TCP: Recieved 36 bytes from socket.
01-09-2018 11:38:49 TCP: Checking for keyword validity.
01-09-2018 11:38:49 TCP: Keyword valid. Waiting for data.
01-09-2018 11:38:59 TCP: Recieved 36 bytes from socket.
01-09-2018 11:39:09 TCP: Recieved 36 bytes from socket.
01-09-2018 11:39:09 TCP: Checking for keyword validity.
01-09-2018 11:39:09 TCP: Keyword valid. Waiting for data.
01-09-2018 11:39:19 TCP: Recieved 36 bytes from socket.
01-09-2018 11:39:29 TCP: Recieved 36 bytes from socket.
01-09-2018 11:39:29 TCP: Checking for keyword validity.
01-09-2018 11:39:29 TCP: Keyword valid. Waiting for data.
01-09-2018 11:39:39 TCP: Recieved 36 bytes from socket.
01-09-2018 11:39:49 TCP: Recieved 36 bytes from socket.
01-09-2018 11:39:49 TCP: Checking for keyword validity.
01-09-2018 11:39:49 TCP: Keyword valid. Waiting for data.
01-09-2018 11:40:01 TCP: Recieved 36 bytes from socket.
01-09-2018 11:40:06 TCP: Recieved 15 bytes from socket.
01-09-2018 11:40:06 TCP: Checking for keyword validity.
01-09-2018 11:40:06 TCP: Keyword valid. Waiting for data.
01-09-2018 11:40:09 TCP: Recieved 36 bytes from socket.
01-09-2018 11:40:19 TCP: Recieved 36 bytes from socket.
01-09-2018 11:40:19 TCP: Checking for keyword validity.
01-09-2018 11:40:19 TCP: Keyword valid. Waiting for data.
01-09-2018 11:40:29 TCP: Recieved 36 bytes from socket.
01-09-2018 11:40:39 TCP: Recieved 36 bytes from socket.
01-09-2018 11:40:39 TCP: Checking for keyword validity.
01-09-2018 11:40:39 TCP: Keyword valid. Waiting for data.
01-09-2018 11:40:49 TCP: Recieved 36 bytes from socket.
01-09-2018 11:40:59 TCP: Recieved 36 bytes from socket.
01-09-2018 11:40:59 TCP: Checking for keyword validity.
01-09-2018 11:40:59 TCP: Keyword valid. Waiting for data.
01-09-2018 11:41:09 TCP: Recieved 36 bytes from socket.
01-09-2018 11:41:19 TCP: Recieved 36 bytes from socket.
01-09-2018 11:41:19 TCP: Checking for keyword validity.
01-09-2018 11:41:19 TCP: Keyword valid. Waiting for data.
01-09-2018 11:41:29 TCP: Recieved 36 bytes from socket.
01-09-2018 11:41:36 TCP: Got new connection: 42.106.24.99:40613
01-09-2018 11:41:37 TCP: Recieved 18 bytes from socket.
01-09-2018 11:41:37 TCP: Checking for keyword validity.
01-09-2018 11:41:37 TCP: Keyword valid. Waiting for data.
01-09-2018 11:41:40 TCP: Recieved 15 bytes from socket.
01-09-2018 11:41:40 TCP: Packet too short.
01-09-2018 11:41:43 TCP: Recieved 36 bytes from socket.
01-09-2018 11:41:48 TCP: Recieved 36 bytes from socket.
01-09-2018 11:41:48 TCP: Checking for keyword validity.
01-09-2018 11:41:48 TCP: Keyword valid. Waiting for data.
01-09-2018 11:41:58 TCP: Recieved 36 bytes from socket.
01-09-2018 11:42:08 TCP: Recieved 36 bytes from socket.
01-09-2018 11:42:08 TCP: Checking for keyword validity.
01-09-2018 11:42:08 TCP: Keyword valid. Waiting for data.
01-09-2018 11:42:18 TCP: Recieved 36 bytes from socket.
01-09-2018 11:42:28 TCP: Recieved 36 bytes from socket.
01-09-2018 11:42:28 TCP: Checking for keyword validity.
01-09-2018 11:42:28 TCP: Keyword valid. Waiting for data.
01-09-2018 11:42:38 TCP: Recieved 36 bytes from socket.
01-09-2018 11:42:48 TCP: Recieved 36 bytes from socket.
01-09-2018 11:42:48 TCP: Checking for keyword validity.
01-09-2018 11:42:48 TCP: Keyword valid. Waiting for data.
