29-08-2018 14:59:08 UDP: Started listening at port 8414
29-08-2018 14:59:08 TCP: Started listening at port 10025
29-08-2018 14:59:08 TCP Output Control: Started listening at port 668
29-08-2018 14:59:10 TCP Output Control: Error in confirmation checker.
29-08-2018 14:59:10 TCP Output Control: System.InvalidOperationException: ExecuteNonQuery requires the command to have a transaction when the connection assigned to the command is in a pending local transaction.  The Transaction property of the command has not been initialized.
   at System.Data.SqlClient.SqlCommand.ValidateCommand(String method, Boolean async)
   at System.Data.SqlClient.SqlCommand.InternalExecuteNonQuery(TaskCompletionSource`1 completion, String methodName, Boolean sendToPipe, Int32 timeout, Boolean& usedCache, Boolean asyncWrite, Boolean inRetry)
   at System.Data.SqlClient.SqlCommand.ExecuteNonQuery()
   at ExampleService.DataAccess.MSSqlDataAccess.OutputUpdate(Int32 id, Byte status) in C:\Users\Abuzar\Desktop\27-08-2018\ExampleService\DataAccess\MSSqlDataAccess.cs:line 540
   at ExampleService.DataAccess.MSSqlDataAccess.CheckConfirmationExpirations() in C:\Users\Abuzar\Desktop\27-08-2018\ExampleService\DataAccess\MSSqlDataAccess.cs:line 561
   at ExampleService.TCPOutputControl.CheckConfirmationExpiration() in C:\Users\Abuzar\Desktop\27-08-2018\ExampleService\TCPOutputControl.cs:line 312
29-08-2018 14:59:10 TCP: Got new connection: 42.106.18.59:5267
29-08-2018 14:59:12 TCP: Recieved 18 bytes from socket.
29-08-2018 14:59:12 TCP: Checking for keyword validity.
29-08-2018 14:59:12 TCP: Keyword valid. Waiting for data.
29-08-2018 14:59:14 TCP: Recieved 15 bytes from socket.
29-08-2018 14:59:14 TCP: Parsing recieved data.
29-08-2018 14:59:14 TCP: ---- Parser log start ----
29-08-2018 14:59:14 Helper: IMEI: 1130590330583160
29-08-2018 14:59:14 Helper: Checksum does not match.
29-08-2018 14:59:28 TCP: ---- Saving to database ----
29-08-2018 14:59:28 TCP: ---- Successfully saved to database ----
29-08-2018 14:59:28 TCP: Recieved 144 bytes from socket.
29-08-2018 14:59:28 TCP: Parsing recieved data.
29-08-2018 14:59:28 TCP: ---- Parser log start ----
29-08-2018 14:59:28 Helper: IMEI: 656689994372446328
29-08-2018 14:59:28 Helper: Checksum does not match.
29-08-2018 15:06:51 TCP: ---- Saving to database ----
29-08-2018 15:06:51 TCP: Got new connection: 42.106.18.59:40599
29-08-2018 15:06:51 TCP: Recieved 1024 bytes from socket.
29-08-2018 15:06:51 TCP: Checking for keyword validity.
29-08-2018 15:06:51 TCP: Keyword valid. Waiting for data.
29-08-2018 15:06:51 TCP: Recieved 1024 bytes from socket.
29-08-2018 15:06:51 TCP: Parsing recieved data.
29-08-2018 15:06:51 TCP: ---- Successfully saved to database ----
29-08-2018 15:06:51 TCP: ---- Parser log start ----
29-08-2018 15:06:51 TCP: Recieved 1024 bytes from socket.
29-08-2018 15:06:51 TCP: Parsing recieved data.
29-08-2018 15:06:51 TCP: ---- Parser log start ----
29-08-2018 15:06:51 Helper: IMEI: 656689994372446328
29-08-2018 15:06:51 Helper: Checksum does not match.
29-08-2018 15:06:51 Helper: IMEI: 581547228258634253
29-08-2018 15:06:51 TCP: ---- Saving to database ----
29-08-2018 15:06:51 Helper: Checksum does not match.
29-08-2018 15:06:51 TCP: ---- Successfully saved to database ----
29-08-2018 15:06:51 TCP: Recieved 1024 bytes from socket.
29-08-2018 15:06:51 TCP: ---- Saving to database ----
29-08-2018 15:06:51 TCP: Parsing recieved data.
29-08-2018 15:06:51 TCP: ---- Parser log start ----
29-08-2018 15:06:51 Helper: IMEI: 10664805478493061665
29-08-2018 15:06:51 Helper: Checksum does not match.
29-08-2018 15:06:51 TCP: ---- Successfully saved to database ----
29-08-2018 15:06:51 TCP: ---- Saving to database ----
29-08-2018 15:06:51 TCP: Recieved 175 bytes from socket.
29-08-2018 15:06:51 TCP: Parsing recieved data.
29-08-2018 15:06:51 TCP: ---- Parser log start ----
29-08-2018 15:06:51 Helper: IMEI: 69813750986768404
29-08-2018 15:06:51 Helper: Checksum does not match.
