01-09-2018 10:47:28 UDP: Started listening at port 8414
01-09-2018 10:47:28 TCP: Started listening at port 10025
01-09-2018 10:47:28 TCP Output Control: Started listening at port 668
01-09-2018 10:47:28 TCP Output Control: Error in confirmation checker.
01-09-2018 10:47:28 TCP Output Control: System.InvalidOperationException: ExecuteNonQuery requires the command to have a transaction when the connection assigned to the command is in a pending local transaction.  The Transaction property of the command has not been initialized.
   at System.Data.SqlClient.SqlCommand.ValidateCommand(String method, Boolean async)
   at System.Data.SqlClient.SqlCommand.InternalExecuteNonQuery(TaskCompletionSource`1 completion, String methodName, Boolean sendToPipe, Int32 timeout, Boolean& usedCache, Boolean asyncWrite, Boolean inRetry)
   at System.Data.SqlClient.SqlCommand.ExecuteNonQuery()
   at ExampleService.DataAccess.MSSqlDataAccess.OutputUpdate(Int32 id, Byte status) in C:\Users\Abuzar\Desktop\27-08-2018\ExampleService\DataAccess\MSSqlDataAccess.cs:line 540
   at ExampleService.DataAccess.MSSqlDataAccess.CheckConfirmationExpirations() in C:\Users\Abuzar\Desktop\27-08-2018\ExampleService\DataAccess\MSSqlDataAccess.cs:line 561
   at ExampleService.TCPOutputControl.CheckConfirmationExpiration() in C:\Users\Abuzar\Desktop\27-08-2018\ExampleService\TCPOutputControl.cs:line 312
01-09-2018 10:47:43 TCP: Got new connection: 42.106.5.220:9870
01-09-2018 10:47:44 TCP: Recieved 18 bytes from socket.
01-09-2018 10:47:44 TCP: Checking for keyword validity.
01-09-2018 10:47:44 TCP: Keyword valid. Waiting for data.
01-09-2018 10:47:47 TCP: Recieved 15 bytes from socket.
01-09-2018 10:47:47 TCP: Packet too short.
01-09-2018 10:47:50 TCP: Recieved 36 bytes from socket.
01-09-2018 10:48:19 TCP: Recieved 216 bytes from socket.
01-09-2018 10:48:19 TCP: Checking for keyword validity.
01-09-2018 10:48:19 TCP: Keyword valid. Waiting for data.
01-09-2018 10:48:20 TCP: Recieved 36 bytes from socket.
01-09-2018 10:48:30 TCP: Recieved 36 bytes from socket.
01-09-2018 10:48:30 TCP: Checking for keyword validity.
01-09-2018 10:48:30 TCP: Keyword valid. Waiting for data.
01-09-2018 10:48:40 TCP: Recieved 36 bytes from socket.
01-09-2018 10:48:50 TCP: Recieved 36 bytes from socket.
01-09-2018 10:48:50 TCP: Checking for keyword validity.
01-09-2018 10:48:50 TCP: Keyword valid. Waiting for data.
01-09-2018 10:49:00 TCP: Recieved 36 bytes from socket.
01-09-2018 10:49:10 TCP: Recieved 36 bytes from socket.
01-09-2018 10:49:10 TCP: Checking for keyword validity.
01-09-2018 10:49:10 TCP: Keyword valid. Waiting for data.
01-09-2018 10:49:13 TCP: Got new connection: 42.106.5.220:52871
01-09-2018 10:49:14 TCP: Recieved 18 bytes from socket.
01-09-2018 10:49:14 TCP: Checking for keyword validity.
01-09-2018 10:49:14 TCP: Keyword valid. Waiting for data.
01-09-2018 10:49:17 TCP: Recieved 15 bytes from socket.
01-09-2018 10:49:17 TCP: Packet too short.
01-09-2018 10:49:19 TCP: Recieved 36 bytes from socket.
01-09-2018 10:49:30 TCP: Recieved 36 bytes from socket.
01-09-2018 10:49:30 TCP: Checking for keyword validity.
01-09-2018 10:49:30 TCP: Keyword valid. Waiting for data.
01-09-2018 10:49:39 TCP: Recieved 36 bytes from socket.
01-09-2018 10:49:49 TCP: Recieved 36 bytes from socket.
01-09-2018 10:49:49 TCP: Checking for keyword validity.
01-09-2018 10:49:49 TCP: Keyword valid. Waiting for data.
01-09-2018 10:49:59 TCP: Recieved 36 bytes from socket.
01-09-2018 10:50:09 TCP: Recieved 36 bytes from socket.
01-09-2018 10:50:09 TCP: Checking for keyword validity.
01-09-2018 10:50:09 TCP: Keyword valid. Waiting for data.
01-09-2018 10:50:19 TCP: Recieved 36 bytes from socket.
01-09-2018 10:50:29 TCP: Recieved 36 bytes from socket.
01-09-2018 10:50:29 TCP: Checking for keyword validity.
01-09-2018 10:50:29 TCP: Keyword valid. Waiting for data.
01-09-2018 10:50:39 TCP: Recieved 36 bytes from socket.
01-09-2018 10:50:44 TCP: Recieved 15 bytes from socket.
01-09-2018 10:50:44 TCP: Checking for keyword validity.
01-09-2018 10:50:44 TCP: Keyword valid. Waiting for data.
01-09-2018 10:50:49 TCP: Recieved 36 bytes from socket.
01-09-2018 10:50:59 TCP: Recieved 36 bytes from socket.
01-09-2018 10:50:59 TCP: Checking for keyword validity.
01-09-2018 10:50:59 TCP: Keyword valid. Waiting for data.
01-09-2018 10:51:09 TCP: Recieved 36 bytes from socket.
01-09-2018 10:51:19 TCP: Recieved 36 bytes from socket.
01-09-2018 10:51:19 TCP: Checking for keyword validity.
01-09-2018 10:51:19 TCP: Keyword valid. Waiting for data.
01-09-2018 10:51:29 TCP: Recieved 36 bytes from socket.
01-09-2018 10:51:39 TCP: Recieved 36 bytes from socket.
01-09-2018 10:51:39 TCP: Checking for keyword validity.
01-09-2018 10:51:39 TCP: Keyword valid. Waiting for data.
01-09-2018 10:51:49 TCP: Recieved 36 bytes from socket.
01-09-2018 10:51:59 TCP: Recieved 36 bytes from socket.
01-09-2018 10:51:59 TCP: Checking for keyword validity.
01-09-2018 10:51:59 TCP: Keyword valid. Waiting for data.
01-09-2018 10:52:09 TCP: Recieved 36 bytes from socket.
01-09-2018 10:52:14 TCP: Recieved 15 bytes from socket.
01-09-2018 10:52:14 TCP: Checking for keyword validity.
01-09-2018 10:52:14 TCP: Keyword valid. Waiting for data.
01-09-2018 10:52:20 TCP: Recieved 36 bytes from socket.
01-09-2018 10:52:30 TCP: Recieved 36 bytes from socket.
01-09-2018 10:52:30 TCP: Checking for keyword validity.
01-09-2018 10:52:30 TCP: Keyword valid. Waiting for data.
01-09-2018 10:52:40 TCP: Recieved 36 bytes from socket.
01-09-2018 10:52:50 TCP: Recieved 36 bytes from socket.
01-09-2018 10:52:50 TCP: Checking for keyword validity.
01-09-2018 10:52:50 TCP: Keyword valid. Waiting for data.
01-09-2018 10:53:00 TCP: Recieved 36 bytes from socket.
01-09-2018 10:53:10 TCP: Recieved 36 bytes from socket.
01-09-2018 10:53:10 TCP: Checking for keyword validity.
01-09-2018 10:53:10 TCP: Keyword valid. Waiting for data.
01-09-2018 10:53:20 TCP: Recieved 36 bytes from socket.
01-09-2018 10:53:30 TCP: Recieved 36 bytes from socket.
01-09-2018 10:53:30 TCP: Checking for keyword validity.
01-09-2018 10:53:30 TCP: Keyword valid. Waiting for data.
01-09-2018 10:53:40 TCP: Recieved 36 bytes from socket.
01-09-2018 10:53:44 TCP: Got new connection: 42.106.5.220:21446
01-09-2018 10:53:45 TCP: Recieved 18 bytes from socket.
01-09-2018 10:53:45 TCP: Checking for keyword validity.
01-09-2018 10:53:45 TCP: Keyword valid. Waiting for data.
01-09-2018 10:53:48 TCP: Recieved 15 bytes from socket.
01-09-2018 10:53:48 TCP: Packet too short.
01-09-2018 10:53:49 TCP: Recieved 36 bytes from socket.
01-09-2018 10:53:59 TCP: Recieved 36 bytes from socket.
01-09-2018 10:53:59 TCP: Checking for keyword validity.
01-09-2018 10:53:59 TCP: Keyword valid. Waiting for data.
01-09-2018 10:54:09 TCP: Recieved 36 bytes from socket.
01-09-2018 10:54:19 TCP: Recieved 36 bytes from socket.
01-09-2018 10:54:19 TCP: Checking for keyword validity.
01-09-2018 10:54:19 TCP: Keyword valid. Waiting for data.
01-09-2018 10:54:29 TCP: Recieved 36 bytes from socket.
01-09-2018 10:54:39 TCP: Recieved 36 bytes from socket.
01-09-2018 10:54:39 TCP: Checking for keyword validity.
01-09-2018 10:54:39 TCP: Keyword valid. Waiting for data.
01-09-2018 10:54:49 TCP: Recieved 36 bytes from socket.
01-09-2018 10:54:59 TCP: Recieved 36 bytes from socket.
01-09-2018 10:54:59 TCP: Checking for keyword validity.
01-09-2018 10:54:59 TCP: Keyword valid. Waiting for data.
01-09-2018 10:55:09 TCP: Recieved 36 bytes from socket.
01-09-2018 10:55:16 TCP: Recieved 15 bytes from socket.
01-09-2018 10:55:16 TCP: Checking for keyword validity.
01-09-2018 10:55:16 TCP: Keyword valid. Waiting for data.
01-09-2018 10:55:19 TCP: Recieved 36 bytes from socket.
01-09-2018 10:55:29 TCP: Recieved 36 bytes from socket.
01-09-2018 10:55:29 TCP: Checking for keyword validity.
01-09-2018 10:55:29 TCP: Keyword valid. Waiting for data.
01-09-2018 10:55:39 TCP: Recieved 36 bytes from socket.
01-09-2018 10:55:49 TCP: Recieved 36 bytes from socket.
01-09-2018 10:55:49 TCP: Checking for keyword validity.
01-09-2018 10:55:49 TCP: Keyword valid. Waiting for data.
01-09-2018 10:55:59 TCP: Recieved 36 bytes from socket.
01-09-2018 10:56:09 TCP: Recieved 36 bytes from socket.
01-09-2018 10:56:09 TCP: Checking for keyword validity.
01-09-2018 10:56:09 TCP: Keyword valid. Waiting for data.
01-09-2018 10:56:19 TCP: Recieved 36 bytes from socket.
01-09-2018 10:56:29 TCP: Recieved 36 bytes from socket.
01-09-2018 10:56:29 TCP: Checking for keyword validity.
01-09-2018 10:56:29 TCP: Keyword valid. Waiting for data.
01-09-2018 10:56:39 TCP: Recieved 36 bytes from socket.
01-09-2018 10:56:45 TCP: Recieved 15 bytes from socket.
01-09-2018 10:56:45 TCP: Checking for keyword validity.
01-09-2018 10:56:45 TCP: Keyword valid. Waiting for data.
01-09-2018 10:56:49 TCP: Recieved 36 bytes from socket.
01-09-2018 10:56:59 TCP: Recieved 36 bytes from socket.
01-09-2018 10:56:59 TCP: Checking for keyword validity.
01-09-2018 10:56:59 TCP: Keyword valid. Waiting for data.
01-09-2018 10:57:09 TCP: Recieved 36 bytes from socket.
01-09-2018 10:57:19 TCP: Recieved 36 bytes from socket.
01-09-2018 10:57:19 TCP: Checking for keyword validity.
01-09-2018 10:57:19 TCP: Keyword valid. Waiting for data.
01-09-2018 10:57:29 TCP: Recieved 36 bytes from socket.
01-09-2018 10:57:39 TCP: Recieved 36 bytes from socket.
01-09-2018 10:57:39 TCP: Checking for keyword validity.
01-09-2018 10:57:39 TCP: Keyword valid. Waiting for data.
01-09-2018 10:57:50 TCP: Recieved 36 bytes from socket.
01-09-2018 10:58:00 TCP: Recieved 36 bytes from socket.
01-09-2018 10:58:00 TCP: Checking for keyword validity.
01-09-2018 10:58:00 TCP: Keyword valid. Waiting for data.
01-09-2018 10:58:10 TCP: Recieved 36 bytes from socket.
01-09-2018 10:58:49 TCP: Got new connection: 42.106.25.193:31733
01-09-2018 10:58:51 TCP: Recieved 18 bytes from socket.
01-09-2018 10:58:51 TCP: Checking for keyword validity.
01-09-2018 10:58:51 TCP: Keyword valid. Waiting for data.
01-09-2018 10:58:54 TCP: Recieved 15 bytes from socket.
01-09-2018 10:58:54 TCP: Packet too short.
01-09-2018 10:59:00 TCP: Recieved 36 bytes from socket.
01-09-2018 10:59:01 TCP: Recieved 36 bytes from socket.
01-09-2018 10:59:01 TCP: Checking for keyword validity.
01-09-2018 10:59:01 TCP: Keyword valid. Waiting for data.
01-09-2018 10:59:04 TCP: Recieved 36 bytes from socket.
01-09-2018 10:59:26 TCP: Recieved 144 bytes from socket.
01-09-2018 10:59:26 TCP: Checking for keyword validity.
01-09-2018 10:59:26 TCP: Keyword valid. Waiting for data.
01-09-2018 10:59:30 TCP: Recieved 36 bytes from socket.
01-09-2018 10:59:40 TCP: Recieved 36 bytes from socket.
01-09-2018 10:59:40 TCP: Checking for keyword validity.
01-09-2018 10:59:40 TCP: Keyword valid. Waiting for data.
01-09-2018 10:59:50 TCP: Recieved 36 bytes from socket.
01-09-2018 11:00:00 TCP: Recieved 36 bytes from socket.
01-09-2018 11:00:00 TCP: Checking for keyword validity.
01-09-2018 11:00:00 TCP: Keyword valid. Waiting for data.
01-09-2018 11:00:10 TCP: Recieved 36 bytes from socket.
01-09-2018 11:00:20 TCP: Recieved 36 bytes from socket.
01-09-2018 11:00:20 TCP: Checking for keyword validity.
01-09-2018 11:00:20 TCP: Keyword valid. Waiting for data.
01-09-2018 11:00:20 TCP: Recieved 15 bytes from socket.
01-09-2018 11:00:20 TCP: Packet too short.
01-09-2018 11:00:30 TCP: Recieved 36 bytes from socket.
01-09-2018 11:00:40 TCP: Recieved 36 bytes from socket.
01-09-2018 11:01:09 TCP: Checking for keyword validity.
01-09-2018 11:01:09 TCP: Keyword valid. Waiting for data.
01-09-2018 11:01:09 TCP: Recieved 72 bytes from socket.
01-09-2018 11:01:09 TCP: Recieved 36 bytes from socket.
01-09-2018 11:01:09 TCP: Checking for keyword validity.
01-09-2018 11:01:09 TCP: Keyword valid. Waiting for data.
01-09-2018 11:01:20 TCP: Recieved 36 bytes from socket.
01-09-2018 11:02:55 TCP: Recieved 339 bytes from socket.
01-09-2018 11:02:55 TCP: Checking for keyword validity.
01-09-2018 11:02:55 TCP: Keyword valid. Waiting for data.
01-09-2018 11:02:59 TCP: Recieved 36 bytes from socket.
01-09-2018 11:03:09 TCP: Recieved 36 bytes from socket.
01-09-2018 11:03:20 TCP: Got new connection: 42.106.25.193:64533
01-09-2018 11:04:08 TCP: Checking for keyword validity.
01-09-2018 11:04:08 TCP: Recieved 177 bytes from socket.
01-09-2018 11:04:08 TCP: Checking for keyword validity.
01-09-2018 11:04:08 TCP: Keyword valid. Waiting for data.
01-09-2018 11:04:08 TCP: Recieved 36 bytes from socket.
01-09-2018 11:04:08 TCP: Keyword valid. Waiting for data.
01-09-2018 11:04:10 TCP: Recieved 36 bytes from socket.
01-09-2018 11:04:20 TCP: Recieved 36 bytes from socket.
01-09-2018 11:04:20 TCP: Checking for keyword validity.
01-09-2018 11:04:20 TCP: Keyword valid. Waiting for data.
01-09-2018 11:04:30 TCP: Recieved 36 bytes from socket.
01-09-2018 11:04:40 TCP: Recieved 36 bytes from socket.
01-09-2018 11:04:40 TCP: Checking for keyword validity.
01-09-2018 11:04:40 TCP: Keyword valid. Waiting for data.
01-09-2018 11:04:50 TCP: Recieved 36 bytes from socket.
01-09-2018 11:04:51 TCP: Recieved 15 bytes from socket.
01-09-2018 11:04:51 TCP: Checking for keyword validity.
01-09-2018 11:04:51 TCP: Keyword valid. Waiting for data.
01-09-2018 11:04:59 TCP: Recieved 36 bytes from socket.
01-09-2018 11:05:09 TCP: Recieved 36 bytes from socket.
01-09-2018 11:05:09 TCP: Checking for keyword validity.
01-09-2018 11:05:09 TCP: Keyword valid. Waiting for data.
01-09-2018 11:05:19 TCP: Recieved 36 bytes from socket.
01-09-2018 11:05:29 TCP: Recieved 36 bytes from socket.
01-09-2018 11:05:29 TCP: Checking for keyword validity.
01-09-2018 11:05:29 TCP: Keyword valid. Waiting for data.
01-09-2018 11:05:39 TCP: Recieved 36 bytes from socket.
01-09-2018 11:05:49 TCP: Recieved 36 bytes from socket.
01-09-2018 11:05:49 TCP: Checking for keyword validity.
01-09-2018 11:05:49 TCP: Keyword valid. Waiting for data.
01-09-2018 11:06:00 TCP: Recieved 36 bytes from socket.
01-09-2018 11:06:09 TCP: Recieved 36 bytes from socket.
01-09-2018 11:06:09 TCP: Checking for keyword validity.
01-09-2018 11:06:09 TCP: Keyword valid. Waiting for data.
01-09-2018 11:06:19 TCP: Recieved 36 bytes from socket.
01-09-2018 11:06:21 TCP: Recieved 15 bytes from socket.
01-09-2018 11:06:21 TCP: Checking for keyword validity.
01-09-2018 11:06:21 TCP: Keyword valid. Waiting for data.
01-09-2018 11:06:29 TCP: Recieved 36 bytes from socket.
01-09-2018 11:06:39 TCP: Recieved 36 bytes from socket.
01-09-2018 11:06:39 TCP: Checking for keyword validity.
01-09-2018 11:06:39 TCP: Keyword valid. Waiting for data.
01-09-2018 11:06:49 TCP: Recieved 36 bytes from socket.
01-09-2018 11:07:01 TCP: Recieved 36 bytes from socket.
01-09-2018 11:07:01 TCP: Checking for keyword validity.
01-09-2018 11:07:01 TCP: Keyword valid. Waiting for data.
01-09-2018 11:07:09 TCP: Recieved 36 bytes from socket.
01-09-2018 11:07:19 TCP: Recieved 36 bytes from socket.
01-09-2018 11:07:19 TCP: Checking for keyword validity.
01-09-2018 11:07:19 TCP: Keyword valid. Waiting for data.
01-09-2018 11:07:29 TCP: Recieved 36 bytes from socket.
01-09-2018 11:07:39 TCP: Recieved 36 bytes from socket.
01-09-2018 11:07:39 TCP: Checking for keyword validity.
01-09-2018 11:07:39 TCP: Keyword valid. Waiting for data.
01-09-2018 11:07:49 TCP: Recieved 36 bytes from socket.
01-09-2018 11:07:51 TCP: Got new connection: 42.106.25.193:44596
01-09-2018 11:07:52 TCP: Recieved 18 bytes from socket.
01-09-2018 11:07:52 TCP: Checking for keyword validity.
01-09-2018 11:07:52 TCP: Keyword valid. Waiting for data.
01-09-2018 11:07:55 TCP: Recieved 15 bytes from socket.
01-09-2018 11:07:55 TCP: Packet too short.
01-09-2018 11:07:59 TCP: Recieved 36 bytes from socket.
01-09-2018 11:08:09 TCP: Recieved 36 bytes from socket.
01-09-2018 11:08:09 TCP: Checking for keyword validity.
01-09-2018 11:08:09 TCP: Keyword valid. Waiting for data.
01-09-2018 11:08:19 TCP: Recieved 36 bytes from socket.
01-09-2018 11:08:29 TCP: Recieved 36 bytes from socket.
01-09-2018 11:08:29 TCP: Checking for keyword validity.
01-09-2018 11:08:29 TCP: Keyword valid. Waiting for data.
01-09-2018 11:08:39 TCP: Recieved 36 bytes from socket.
01-09-2018 11:08:49 TCP: Recieved 36 bytes from socket.
01-09-2018 11:08:49 TCP: Checking for keyword validity.
01-09-2018 11:08:49 TCP: Keyword valid. Waiting for data.
01-09-2018 11:08:59 TCP: Recieved 36 bytes from socket.
01-09-2018 11:09:09 TCP: Recieved 36 bytes from socket.
01-09-2018 11:09:09 TCP: Checking for keyword validity.
01-09-2018 11:09:09 TCP: Keyword valid. Waiting for data.
01-09-2018 11:09:19 TCP: Recieved 36 bytes from socket.
01-09-2018 11:09:22 TCP: Recieved 15 bytes from socket.
01-09-2018 11:09:22 TCP: Checking for keyword validity.
01-09-2018 11:09:22 TCP: Keyword valid. Waiting for data.
01-09-2018 11:09:29 TCP: Recieved 36 bytes from socket.
01-09-2018 11:09:39 TCP: Recieved 36 bytes from socket.
01-09-2018 11:09:39 TCP: Checking for keyword validity.
01-09-2018 11:09:39 TCP: Keyword valid. Waiting for data.
01-09-2018 11:09:49 TCP: Recieved 36 bytes from socket.
01-09-2018 11:09:59 TCP: Recieved 36 bytes from socket.
01-09-2018 11:09:59 TCP: Checking for keyword validity.
01-09-2018 11:09:59 TCP: Keyword valid. Waiting for data.
01-09-2018 11:10:09 TCP: Recieved 36 bytes from socket.
01-09-2018 11:10:19 TCP: Recieved 36 bytes from socket.
01-09-2018 11:10:19 TCP: Checking for keyword validity.
01-09-2018 11:10:19 TCP: Keyword valid. Waiting for data.
01-09-2018 11:10:29 TCP: Recieved 36 bytes from socket.
01-09-2018 11:10:39 TCP: Recieved 36 bytes from socket.
01-09-2018 11:10:39 TCP: Checking for keyword validity.
01-09-2018 11:10:39 TCP: Keyword valid. Waiting for data.
01-09-2018 11:10:51 TCP: Recieved 36 bytes from socket.
01-09-2018 11:10:52 TCP: Recieved 15 bytes from socket.
01-09-2018 11:10:52 TCP: Checking for keyword validity.
01-09-2018 11:10:52 TCP: Keyword valid. Waiting for data.
01-09-2018 11:10:59 TCP: Recieved 36 bytes from socket.
01-09-2018 11:11:09 TCP: Recieved 36 bytes from socket.
01-09-2018 11:11:09 TCP: Checking for keyword validity.
01-09-2018 11:11:09 TCP: Keyword valid. Waiting for data.
01-09-2018 11:11:19 TCP: Recieved 36 bytes from socket.
01-09-2018 11:11:29 TCP: Recieved 36 bytes from socket.
01-09-2018 11:11:29 TCP: Checking for keyword validity.
01-09-2018 11:11:29 TCP: Keyword valid. Waiting for data.
01-09-2018 11:11:39 TCP: Recieved 36 bytes from socket.
01-09-2018 11:11:49 TCP: Recieved 36 bytes from socket.
01-09-2018 11:11:49 TCP: Checking for keyword validity.
01-09-2018 11:11:49 TCP: Keyword valid. Waiting for data.
01-09-2018 11:11:59 TCP: Recieved 36 bytes from socket.
01-09-2018 11:12:09 TCP: Recieved 36 bytes from socket.
01-09-2018 11:12:09 TCP: Checking for keyword validity.
01-09-2018 11:12:09 TCP: Keyword valid. Waiting for data.
01-09-2018 11:12:19 TCP: Recieved 36 bytes from socket.
01-09-2018 11:12:54 TCP: Got new connection: 42.106.6.85:63767
01-09-2018 11:12:55 TCP: Recieved 18 bytes from socket.
01-09-2018 11:12:55 TCP: Checking for keyword validity.
01-09-2018 11:12:55 TCP: Keyword valid. Waiting for data.
01-09-2018 11:12:58 TCP: Recieved 15 bytes from socket.
01-09-2018 11:12:58 TCP: Packet too short.
01-09-2018 11:13:01 TCP: Recieved 36 bytes from socket.
01-09-2018 11:13:06 TCP: Recieved 36 bytes from socket.
01-09-2018 11:13:06 TCP: Checking for keyword validity.
01-09-2018 11:13:06 TCP: Keyword valid. Waiting for data.
01-09-2018 11:13:09 TCP: Recieved 36 bytes from socket.
01-09-2018 11:13:11 TCP: Recieved 36 bytes from socket.
01-09-2018 11:13:11 TCP: Checking for keyword validity.
01-09-2018 11:13:11 TCP: Keyword valid. Waiting for data.
01-09-2018 11:13:15 TCP: Recieved 36 bytes from socket.
01-09-2018 11:13:19 TCP: Recieved 36 bytes from socket.
01-09-2018 11:13:19 TCP: Checking for keyword validity.
01-09-2018 11:13:19 TCP: Keyword valid. Waiting for data.
01-09-2018 11:13:29 TCP: Recieved 36 bytes from socket.
01-09-2018 11:13:39 TCP: Recieved 36 bytes from socket.
01-09-2018 11:13:39 TCP: Checking for keyword validity.
01-09-2018 11:13:39 TCP: Keyword valid. Waiting for data.
01-09-2018 11:13:49 TCP: Recieved 36 bytes from socket.
01-09-2018 11:13:59 TCP: Recieved 36 bytes from socket.
01-09-2018 11:13:59 TCP: Checking for keyword validity.
01-09-2018 11:13:59 TCP: Keyword valid. Waiting for data.
01-09-2018 11:14:09 TCP: Recieved 36 bytes from socket.
01-09-2018 11:14:19 TCP: Recieved 36 bytes from socket.
01-09-2018 11:14:19 TCP: Checking for keyword validity.
01-09-2018 11:14:19 TCP: Keyword valid. Waiting for data.
01-09-2018 11:14:26 TCP: Recieved 15 bytes from socket.
01-09-2018 11:14:26 TCP: Packet too short.
01-09-2018 11:14:29 TCP: Recieved 36 bytes from socket.
01-09-2018 11:14:39 TCP: Recieved 36 bytes from socket.
01-09-2018 11:14:39 TCP: Checking for keyword validity.
01-09-2018 11:14:39 TCP: Keyword valid. Waiting for data.
01-09-2018 11:14:49 TCP: Recieved 36 bytes from socket.
01-09-2018 11:14:59 TCP: Recieved 36 bytes from socket.
01-09-2018 11:14:59 TCP: Checking for keyword validity.
01-09-2018 11:14:59 TCP: Keyword valid. Waiting for data.
01-09-2018 11:15:10 TCP: Recieved 36 bytes from socket.
01-09-2018 11:15:20 TCP: Recieved 36 bytes from socket.
01-09-2018 11:15:20 TCP: Checking for keyword validity.
01-09-2018 11:15:20 TCP: Keyword valid. Waiting for data.
01-09-2018 11:15:29 TCP: Recieved 36 bytes from socket.
01-09-2018 11:15:40 TCP: Recieved 36 bytes from socket.
01-09-2018 11:15:40 TCP: Checking for keyword validity.
01-09-2018 11:15:40 TCP: Keyword valid. Waiting for data.
01-09-2018 11:15:49 TCP: Recieved 36 bytes from socket.
01-09-2018 11:15:56 TCP: Recieved 15 bytes from socket.
01-09-2018 11:15:56 TCP: Checking for keyword validity.
01-09-2018 11:15:56 TCP: Keyword valid. Waiting for data.
01-09-2018 11:15:59 TCP: Recieved 36 bytes from socket.
01-09-2018 11:16:09 TCP: Recieved 36 bytes from socket.
01-09-2018 11:16:09 TCP: Checking for keyword validity.
01-09-2018 11:16:09 TCP: Keyword valid. Waiting for data.
01-09-2018 11:16:19 TCP: Recieved 36 bytes from socket.
01-09-2018 11:16:29 TCP: Recieved 36 bytes from socket.
01-09-2018 11:16:29 TCP: Checking for keyword validity.
01-09-2018 11:16:29 TCP: Keyword valid. Waiting for data.
01-09-2018 11:16:39 TCP: Recieved 36 bytes from socket.
01-09-2018 11:16:49 TCP: Recieved 36 bytes from socket.
01-09-2018 11:16:49 TCP: Checking for keyword validity.
01-09-2018 11:16:49 TCP: Keyword valid. Waiting for data.
01-09-2018 11:16:59 TCP: Recieved 36 bytes from socket.
01-09-2018 11:17:09 TCP: Recieved 36 bytes from socket.
01-09-2018 11:17:09 TCP: Checking for keyword validity.
01-09-2018 11:17:09 TCP: Keyword valid. Waiting for data.
01-09-2018 11:17:19 TCP: Recieved 36 bytes from socket.
01-09-2018 11:17:28 TCP: Got new connection: 42.106.6.85:48193
01-09-2018 11:17:29 TCP: Recieved 18 bytes from socket.
01-09-2018 11:17:29 TCP: Checking for keyword validity.
01-09-2018 11:17:29 TCP: Keyword valid. Waiting for data.
01-09-2018 11:17:32 TCP: Recieved 15 bytes from socket.
01-09-2018 11:17:32 TCP: Packet too short.
01-09-2018 11:17:35 TCP: Recieved 36 bytes from socket.
01-09-2018 11:17:39 TCP: Recieved 36 bytes from socket.
01-09-2018 11:17:39 TCP: Checking for keyword validity.
01-09-2018 11:17:39 TCP: Keyword valid. Waiting for data.
01-09-2018 11:17:49 TCP: Recieved 36 bytes from socket.
01-09-2018 11:17:59 TCP: Recieved 36 bytes from socket.
01-09-2018 11:17:59 TCP: Checking for keyword validity.
01-09-2018 11:17:59 TCP: Keyword valid. Waiting for data.
01-09-2018 11:18:09 TCP: Recieved 36 bytes from socket.
01-09-2018 11:18:21 TCP: Recieved 36 bytes from socket.
01-09-2018 11:18:21 TCP: Checking for keyword validity.
01-09-2018 11:18:21 TCP: Keyword valid. Waiting for data.
01-09-2018 11:18:29 TCP: Recieved 36 bytes from socket.
01-09-2018 11:18:39 TCP: Recieved 36 bytes from socket.
01-09-2018 11:18:39 TCP: Checking for keyword validity.
01-09-2018 11:18:39 TCP: Keyword valid. Waiting for data.
01-09-2018 11:18:49 TCP: Recieved 36 bytes from socket.
01-09-2018 11:18:59 TCP: Recieved 15 bytes from socket.
01-09-2018 11:18:59 TCP: Checking for keyword validity.
01-09-2018 11:18:59 TCP: Keyword valid. Waiting for data.
01-09-2018 11:19:02 TCP: Recieved 36 bytes from socket.
01-09-2018 11:19:09 TCP: Recieved 36 bytes from socket.
01-09-2018 11:19:09 TCP: Checking for keyword validity.
01-09-2018 11:19:09 TCP: Keyword valid. Waiting for data.
01-09-2018 11:19:19 TCP: Recieved 36 bytes from socket.
01-09-2018 11:19:29 TCP: Recieved 36 bytes from socket.
01-09-2018 11:19:29 TCP: Checking for keyword validity.
01-09-2018 11:19:29 TCP: Keyword valid. Waiting for data.
01-09-2018 11:19:39 TCP: Recieved 36 bytes from socket.
01-09-2018 11:19:49 TCP: Recieved 36 bytes from socket.
01-09-2018 11:19:49 TCP: Checking for keyword validity.
01-09-2018 11:19:49 TCP: Keyword valid. Waiting for data.
01-09-2018 11:19:59 TCP: Recieved 36 bytes from socket.
01-09-2018 11:20:09 TCP: Recieved 36 bytes from socket.
01-09-2018 11:20:09 TCP: Checking for keyword validity.
01-09-2018 11:20:09 TCP: Keyword valid. Waiting for data.
01-09-2018 11:20:19 TCP: Recieved 36 bytes from socket.
01-09-2018 11:20:29 TCP: Recieved 15 bytes from socket.
01-09-2018 11:20:29 TCP: Checking for keyword validity.
01-09-2018 11:20:29 TCP: Keyword valid. Waiting for data.
01-09-2018 11:20:32 TCP: Recieved 36 bytes from socket.
01-09-2018 11:20:39 TCP: Recieved 36 bytes from socket.
01-09-2018 11:20:39 TCP: Checking for keyword validity.
01-09-2018 11:20:39 TCP: Keyword valid. Waiting for data.
01-09-2018 11:20:49 TCP: Recieved 36 bytes from socket.
01-09-2018 11:20:59 TCP: Recieved 36 bytes from socket.
01-09-2018 11:21:59 TCP: Got new connection: 42.106.6.85:1398
01-09-2018 11:27:00 TCP: Checking for keyword validity.
01-09-2018 11:27:00 TCP: Recieved 1024 bytes from socket.
01-09-2018 11:27:00 TCP: Checking for keyword validity.
01-09-2018 11:27:00 TCP: Keyword valid. Waiting for data.
01-09-2018 11:27:00 TCP: Recieved 180 bytes from socket.
01-09-2018 11:27:00 TCP: Keyword valid. Waiting for data.
01-09-2018 11:27:00 TCP: Recieved 47 bytes from socket.
01-09-2018 11:27:32 TCP: Got new connection: 42.106.22.50:6765
