28-08-2018 18:11:44 UDP: Started listening at port 8414
28-08-2018 18:11:44 TCP: Started listening at port 10025
28-08-2018 18:11:44 TCP Output Control: Started listening at port 668
28-08-2018 18:11:45 TCP Output Control: Error in confirmation checker.
28-08-2018 18:11:45 TCP Output Control: System.InvalidOperationException: ExecuteNonQuery requires the command to have a transaction when the connection assigned to the command is in a pending local transaction.  The Transaction property of the command has not been initialized.
   at System.Data.SqlClient.SqlCommand.ValidateCommand(String method, Boolean async)
   at System.Data.SqlClient.SqlCommand.InternalExecuteNonQuery(TaskCompletionSource`1 completion, String methodName, Boolean sendToPipe, Int32 timeout, Boolean& usedCache, Boolean asyncWrite, Boolean inRetry)
   at System.Data.SqlClient.SqlCommand.ExecuteNonQuery()
   at ExampleService.DataAccess.MSSqlDataAccess.OutputUpdate(Int32 id, Byte status) in C:\Users\Abuzar\Desktop\27-08-2018\ExampleService\DataAccess\MSSqlDataAccess.cs:line 540
   at ExampleService.DataAccess.MSSqlDataAccess.CheckConfirmationExpirations() in C:\Users\Abuzar\Desktop\27-08-2018\ExampleService\DataAccess\MSSqlDataAccess.cs:line 561
   at ExampleService.TCPOutputControl.CheckConfirmationExpiration() in C:\Users\Abuzar\Desktop\27-08-2018\ExampleService\TCPOutputControl.cs:line 312
28-08-2018 18:11:48 TCP: Got new connection: 42.106.30.67:20289
28-08-2018 18:11:49 TCP: Recieved 18 bytes from socket.
28-08-2018 18:11:49 TCP: Checking for keyword validity.
28-08-2018 18:11:49 TCP: Keyword valid. Waiting for data.
28-08-2018 18:11:52 TCP: Recieved 36 bytes from socket.
28-08-2018 18:11:54 TCP: Parsing recieved data.
28-08-2018 18:11:54 TCP: ---- Parser log start ----
28-08-2018 18:11:56 Helper: IMEI: 872581301509519480
28-08-2018 18:11:56 Helper: Checksum does not match.
28-08-2018 18:11:56 TCP: ---- Saving to database ----
28-08-2018 18:12:11 TCP: ---- Successfully saved to database ----
28-08-2018 18:12:11 TCP: Recieved 216 bytes from socket.
28-08-2018 18:12:12 TCP: Parsing recieved data.
28-08-2018 18:12:12 TCP: ---- Parser log start ----
28-08-2018 18:12:13 Helper: IMEI: 872581301509519480
28-08-2018 18:12:13 Helper: Checksum does not match.
28-08-2018 18:12:13 TCP: ---- Saving to database ----
28-08-2018 18:12:23 TCP: ---- Successfully saved to database ----
28-08-2018 18:12:23 TCP: Recieved 144 bytes from socket.
28-08-2018 18:12:24 TCP: Parsing recieved data.
28-08-2018 18:12:24 TCP: ---- Parser log start ----
28-08-2018 18:12:25 Helper: IMEI: 872581301509519480
28-08-2018 18:12:25 Helper: Checksum does not match.
28-08-2018 18:12:25 TCP: ---- Saving to database ----
28-08-2018 18:12:31 TCP: ---- Successfully saved to database ----
28-08-2018 18:12:31 TCP: Recieved 72 bytes from socket.
28-08-2018 18:12:33 TCP: Parsing recieved data.
28-08-2018 18:12:33 TCP: ---- Parser log start ----
28-08-2018 18:12:34 Helper: IMEI: 872581301509519480
28-08-2018 18:12:34 Helper: Checksum does not match.
28-08-2018 18:12:34 TCP: ---- Saving to database ----
28-08-2018 18:12:38 TCP: ---- Successfully saved to database ----
28-08-2018 18:12:38 TCP: Recieved 108 bytes from socket.
28-08-2018 18:12:39 TCP: Parsing recieved data.
28-08-2018 18:12:39 TCP: ---- Parser log start ----
28-08-2018 18:12:40 Helper: IMEI: 872581301509519480
28-08-2018 18:12:40 Helper: Checksum does not match.
28-08-2018 18:12:40 TCP: ---- Saving to database ----
28-08-2018 18:12:49 TCP: ---- Successfully saved to database ----
28-08-2018 18:12:49 TCP: Recieved 144 bytes from socket.
28-08-2018 18:12:52 TCP: Parsing recieved data.
28-08-2018 18:12:52 TCP: ---- Parser log start ----
28-08-2018 18:13:02 Helper: IMEI: 872581301509519480
28-08-2018 18:13:02 Helper: Checksum does not match.
28-08-2018 18:13:02 TCP: ---- Saving to database ----
28-08-2018 18:13:04 TCP: ---- Successfully saved to database ----
28-08-2018 18:13:04 TCP: Recieved 108 bytes from socket.
28-08-2018 18:13:09 TCP: Parsing recieved data.
28-08-2018 18:13:09 TCP: ---- Parser log start ----
28-08-2018 18:13:19 Helper: IMEI: 872581301509519480
28-08-2018 18:13:19 Helper: Checksum does not match.
28-08-2018 18:13:19 TCP: ---- Saving to database ----
28-08-2018 18:13:56 TCP: ---- Successfully saved to database ----
28-08-2018 18:13:56 TCP: Recieved 663 bytes from socket.
28-08-2018 18:13:58 TCP: Parsing recieved data.
28-08-2018 18:13:58 TCP: ---- Parser log start ----
28-08-2018 18:14:13 Helper: IMEI: 872581301509519480
28-08-2018 18:16:31 Helper: Checksum does not match.
28-08-2018 18:16:31 TCP: ---- Saving to database ----
