28-08-2018 15:51:09 UDP: Started listening at port 8414
28-08-2018 15:51:09 TCP: Started listening at port 10025
28-08-2018 15:51:09 TCP Output Control: Started listening at port 668
28-08-2018 15:51:10 TCP Output Control: Error in confirmation checker.
28-08-2018 15:51:10 TCP Output Control: System.InvalidOperationException: ExecuteNonQuery requires the command to have a transaction when the connection assigned to the command is in a pending local transaction.  The Transaction property of the command has not been initialized.
   at System.Data.SqlClient.SqlCommand.ValidateCommand(String method, Boolean async)
   at System.Data.SqlClient.SqlCommand.InternalExecuteNonQuery(TaskCompletionSource`1 completion, String methodName, Boolean sendToPipe, Int32 timeout, Boolean& usedCache, Boolean asyncWrite, Boolean inRetry)
   at System.Data.SqlClient.SqlCommand.ExecuteNonQuery()
   at ExampleService.DataAccess.MSSqlDataAccess.OutputUpdate(Int32 id, Byte status) in C:\Users\Abuzar\Desktop\27-08-2018\ExampleService\DataAccess\MSSqlDataAccess.cs:line 540
   at ExampleService.DataAccess.MSSqlDataAccess.CheckConfirmationExpirations() in C:\Users\Abuzar\Desktop\27-08-2018\ExampleService\DataAccess\MSSqlDataAccess.cs:line 561
   at ExampleService.TCPOutputControl.CheckConfirmationExpiration() in C:\Users\Abuzar\Desktop\27-08-2018\ExampleService\TCPOutputControl.cs:line 312
28-08-2018 15:51:35 TCP: Got new connection: 42.106.22.8:16217
28-08-2018 15:51:36 TCP: Recieved 18 bytes from socket.
28-08-2018 15:51:36 TCP: Checking for keyword validity.
28-08-2018 15:58:15 TCP: Keyword valid. Waiting for data.
28-08-2018 15:58:15 TCP: Got new connection: 42.106.22.8:41412
28-08-2018 15:58:15 TCP: Recieved 1024 bytes from socket.
28-08-2018 15:58:15 TCP: Checking for keyword validity.
28-08-2018 15:58:15 TCP: Recieved 1024 bytes from socket.
28-08-2018 15:58:21 TCP: Unknown service id = 201 , closing connection.
28-08-2018 16:01:29 TCP: Got new connection: 42.106.22.8:44920
28-08-2018 16:01:29 TCP: Keyword valid. Waiting for data.
28-08-2018 16:01:29 TCP: Recieved 1024 bytes from socket.
28-08-2018 16:01:29 TCP: Unknown service id = 8 , closing connection.
28-08-2018 16:01:29 TCP: Recieved 609 bytes from socket.
28-08-2018 16:01:29 TCP: Connection closed.
28-08-2018 16:01:29 TCP: Checking for keyword validity.
28-08-2018 16:01:29 TCP: Connection closed.
28-08-2018 16:06:13 TCP: Keyword valid. Waiting for data.
28-08-2018 16:06:13 TCP: Recieved 1024 bytes from socket.
28-08-2018 16:06:13 TCP: Unknown service id = 204 , closing connection.
28-08-2018 16:06:13 TCP: Got new connection: 42.106.24.47:34305
28-08-2018 16:06:13 TCP: Connection closed.
28-08-2018 16:06:13 TCP: Recieved 285 bytes from socket.
28-08-2018 16:06:13 TCP: Checking for keyword validity.
28-08-2018 16:06:13 TCP: Keyword valid. Waiting for data.
28-08-2018 16:06:20 TCP: Recieved 36 bytes from socket.
28-08-2018 16:06:20 TCP: Unknown service id = 202 , closing connection.
28-08-2018 16:06:20 TCP: Connection closed.
28-08-2018 16:06:22 TCP: Got new connection: 42.106.24.47:24432
28-08-2018 16:06:23 TCP: Recieved 18 bytes from socket.
28-08-2018 16:06:23 TCP: Checking for keyword validity.
28-08-2018 16:06:23 TCP: Keyword valid. Waiting for data.
28-08-2018 16:06:26 TCP: Recieved 15 bytes from socket.
28-08-2018 16:06:26 TCP: Unknown service id = 129 , closing connection.
28-08-2018 16:06:26 TCP: Connection closed.
28-08-2018 16:06:27 TCP: Got new connection: 42.106.24.47:25444
28-08-2018 16:06:28 TCP: Recieved 18 bytes from socket.
28-08-2018 16:06:28 TCP: Checking for keyword validity.
28-08-2018 16:06:28 TCP: Keyword valid. Waiting for data.
28-08-2018 16:06:31 TCP: Recieved 15 bytes from socket.
28-08-2018 16:06:31 TCP: Unknown service id = 131 , closing connection.
28-08-2018 16:06:31 TCP: Connection closed.
28-08-2018 16:07:06 TCP: Got new connection: 42.106.18.159:13099
28-08-2018 16:07:07 TCP: Recieved 18 bytes from socket.
28-08-2018 16:07:07 TCP: Checking for keyword validity.
28-08-2018 16:07:07 TCP: Keyword valid. Waiting for data.
28-08-2018 16:07:10 TCP: Recieved 36 bytes from socket.
28-08-2018 16:07:10 TCP: Unknown service id = 204 , closing connection.
28-08-2018 16:07:10 TCP: Connection closed.
28-08-2018 16:07:11 TCP: Got new connection: 42.106.18.159:36027
28-08-2018 16:07:12 TCP: Recieved 18 bytes from socket.
28-08-2018 16:07:12 TCP: Checking for keyword validity.
28-08-2018 16:07:12 TCP: Keyword valid. Waiting for data.
28-08-2018 16:07:16 TCP: Recieved 15 bytes from socket.
28-08-2018 16:07:16 TCP: Unknown service id = 137 , closing connection.
28-08-2018 16:07:16 TCP: Connection closed.
28-08-2018 16:07:17 TCP: Got new connection: 42.106.18.159:7245
28-08-2018 16:07:18 TCP: Recieved 18 bytes from socket.
28-08-2018 16:07:18 TCP: Checking for keyword validity.
28-08-2018 16:07:18 TCP: Keyword valid. Waiting for data.
28-08-2018 16:07:21 TCP: Recieved 36 bytes from socket.
28-08-2018 16:07:21 TCP: Unknown service id = 204 , closing connection.
28-08-2018 16:07:21 TCP: Connection closed.
28-08-2018 16:07:57 TCP: Got new connection: 42.106.4.181:34675
28-08-2018 16:07:58 TCP: Recieved 18 bytes from socket.
28-08-2018 16:07:58 TCP: Checking for keyword validity.
28-08-2018 16:07:58 TCP: Keyword valid. Waiting for data.
28-08-2018 16:08:01 TCP: Recieved 15 bytes from socket.
28-08-2018 16:08:01 TCP: Unknown service id = 140 , closing connection.
28-08-2018 16:08:01 TCP: Connection closed.
28-08-2018 16:08:02 TCP: Got new connection: 42.106.4.181:2377
28-08-2018 16:08:03 TCP: Recieved 18 bytes from socket.
28-08-2018 16:08:03 TCP: Checking for keyword validity.
28-08-2018 16:08:03 TCP: Keyword valid. Waiting for data.
28-08-2018 16:08:06 TCP: Recieved 15 bytes from socket.
28-08-2018 16:08:06 TCP: Unknown service id = 142 , closing connection.
28-08-2018 16:08:06 TCP: Connection closed.
28-08-2018 16:08:07 TCP: Got new connection: 42.106.4.181:29159
28-08-2018 16:08:08 TCP: Recieved 18 bytes from socket.
28-08-2018 16:08:12 TCP: Checking for keyword validity.
28-08-2018 16:08:12 TCP: Keyword valid. Waiting for data.
28-08-2018 16:08:12 TCP: Recieved 36 bytes from socket.
28-08-2018 16:08:12 TCP: Unknown service id = 204 , closing connection.
28-08-2018 16:08:12 TCP: Connection closed.
28-08-2018 16:08:49 TCP: Got new connection: 42.106.24.191:41719
28-08-2018 16:08:50 TCP: Recieved 18 bytes from socket.
28-08-2018 16:08:50 TCP: Checking for keyword validity.
28-08-2018 16:08:50 TCP: Keyword valid. Waiting for data.
28-08-2018 16:08:53 TCP: Recieved 36 bytes from socket.
28-08-2018 16:08:53 TCP: Unknown service id = 202 , closing connection.
28-08-2018 16:08:53 TCP: Connection closed.
28-08-2018 16:08:54 TCP: Got new connection: 42.106.24.191:61840
28-08-2018 16:08:55 TCP: Recieved 18 bytes from socket.
28-08-2018 16:08:55 TCP: Checking for keyword validity.
28-08-2018 16:08:55 TCP: Keyword valid. Waiting for data.
28-08-2018 16:08:58 TCP: Recieved 36 bytes from socket.
