30-08-2018 13:40:23 UDP: Started listening at port 8414
30-08-2018 13:40:23 TCP: Started listening at port 10025
30-08-2018 13:40:23 TCP Output Control: Started listening at port 668
30-08-2018 13:40:24 TCP Output Control: Error in confirmation checker.
30-08-2018 13:40:24 TCP Output Control: System.InvalidOperationException: ExecuteNonQuery requires the command to have a transaction when the connection assigned to the command is in a pending local transaction.  The Transaction property of the command has not been initialized.
   at System.Data.SqlClient.SqlCommand.ValidateCommand(String method, Boolean async)
   at System.Data.SqlClient.SqlCommand.InternalExecuteNonQuery(TaskCompletionSource`1 completion, String methodName, Boolean sendToPipe, Int32 timeout, Boolean& usedCache, Boolean asyncWrite, Boolean inRetry)
   at System.Data.SqlClient.SqlCommand.ExecuteNonQuery()
   at ExampleService.DataAccess.MSSqlDataAccess.OutputUpdate(Int32 id, Byte status) in C:\Users\Abuzar\Desktop\27-08-2018\ExampleService\DataAccess\MSSqlDataAccess.cs:line 540
   at ExampleService.DataAccess.MSSqlDataAccess.CheckConfirmationExpirations() in C:\Users\Abuzar\Desktop\27-08-2018\ExampleService\DataAccess\MSSqlDataAccess.cs:line 561
   at ExampleService.TCPOutputControl.CheckConfirmationExpiration() in C:\Users\Abuzar\Desktop\27-08-2018\ExampleService\TCPOutputControl.cs:line 312
30-08-2018 13:40:30 TCP: Got new connection: 42.106.23.67:11663
30-08-2018 13:40:32 TCP: Recieved 18 bytes from socket.
30-08-2018 13:40:32 TCP: Checking for keyword validity.
30-08-2018 13:40:33 TCP: Keyword valid. Waiting for data.
30-08-2018 13:40:35 TCP: Recieved 36 bytes from socket.
30-08-2018 13:41:01 TCP: Recieved 195 bytes from socket.
30-08-2018 13:41:01 TCP: Checking for keyword validity.
30-08-2018 13:41:03 TCP: Keyword valid. Waiting for data.
30-08-2018 13:41:04 TCP: Recieved 108 bytes from socket.
30-08-2018 13:42:12 TCP: Connection closed.
30-08-2018 13:43:31 TCP: Got new connection: 42.106.23.67:47799
30-08-2018 13:43:52 TCP: Recieved 33 bytes from socket.
30-08-2018 13:43:52 TCP: Checking for keyword validity.
30-08-2018 13:43:55 TCP: Keyword valid. Waiting for data.
30-08-2018 13:43:57 TCP: Recieved 72 bytes from socket.
