08-05-2018 11:42:53 UDP: Started listening at port 667
08-05-2018 11:42:54 TCP: Started listening at port 8414
08-05-2018 11:42:54 TCP Output Control: Started listening at port 668
08-05-2018 11:42:54 TCP: Got new connection: 192.168.0.100:53308
ExampleService.Con.exe Error: 0 : Unable to read data from the transport connection: A connection attempt failed because the connected party did not properly respond after a period of time, or established connection failed because connected host has failed to respond.
08-05-2018 11:43:24 TCP Output Control: Error in confirmation checker.
08-05-2018 11:43:25 TCP Output Control: System.TimeoutException: Unable to read data from the transport connection: A connection attempt failed because the connected party did not properly respond after a period of time, or established connection failed because connected host has failed to respond. ---> System.IO.IOException: Unable to read data from the transport connection: A connection attempt failed because the connected party did not properly respond after a period of time, or established connection failed because connected host has failed to respond. ---> System.Net.Sockets.SocketException: A connection attempt failed because the connected party did not properly respond after a period of time, or established connection failed because connected host has failed to respond
   at System.Net.Sockets.NetworkStream.Read(Byte[] buffer, Int32 offset, Int32 size)
   --- End of inner exception stack trace ---
   at System.Net.Sockets.NetworkStream.Read(Byte[] buffer, Int32 offset, Int32 size)
   at MySql.Data.Common.MyNetworkStream.Read(Byte[] buffer, Int32 offset, Int32 count)
   --- End of inner exception stack trace ---
   at MySql.Data.Common.MyNetworkStream.Read(Byte[] buffer, Int32 offset, Int32 count)
   at MySql.Data.MySqlClient.TimedStream.Read(Byte[] buffer, Int32 offset, Int32 count)
   at System.IO.BufferedStream.Read(Byte[] array, Int32 offset, Int32 count)
   at MySql.Data.MySqlClient.MySqlStream.ReadFully(Stream stream, Byte[] buffer, Int32 offset, Int32 count)
   at MySql.Data.MySqlClient.MySqlStream.LoadPacket()
   at MySql.Data.MySqlClient.MySqlStream.ReadPacket()
   at MySql.Data.MySqlClient.NativeDriver.Open()
   at MySql.Data.MySqlClient.Driver.Open()
   at MySql.Data.MySqlClient.Driver.Create(MySqlConnectionStringBuilder settings)
   at MySql.Data.MySqlClient.MySqlPool.GetPooledConnection()
   at MySql.Data.MySqlClient.MySqlPool.TryToGetDriver()
   at MySql.Data.MySqlClient.MySqlPool.GetConnection()
   at MySql.Data.MySqlClient.MySqlConnection.Open()
   at ExampleService.DataAccess.MySqlDataAccess.Open() in E:\GPS Files\NEW\08-05-2018\05-05-2018 03.00PM\example\source\ExampleService\DataAccess\MySqlDataAccess.cs:line 25
   at ExampleService.TCPOutputControl.CheckConfirmationExpiration() in E:\GPS Files\NEW\08-05-2018\05-05-2018 03.00PM\example\source\ExampleService\TCPOutputControl.cs:line 309
