31-08-2018 15:20:16 UDP: Started listening at port 8414
31-08-2018 15:20:16 TCP: Started listening at port 10025
31-08-2018 15:20:16 TCP Output Control: Started listening at port 668
31-08-2018 15:20:16 TCP Output Control: Error in confirmation checker.
31-08-2018 15:20:16 TCP Output Control: System.InvalidOperationException: ExecuteNonQuery requires the command to have a transaction when the connection assigned to the command is in a pending local transaction.  The Transaction property of the command has not been initialized.
   at System.Data.SqlClient.SqlCommand.ValidateCommand(String method, Boolean async)
   at System.Data.SqlClient.SqlCommand.InternalExecuteNonQuery(TaskCompletionSource`1 completion, String methodName, Boolean sendToPipe, Int32 timeout, Boolean& usedCache, Boolean asyncWrite, Boolean inRetry)
   at System.Data.SqlClient.SqlCommand.ExecuteNonQuery()
   at ExampleService.DataAccess.MSSqlDataAccess.OutputUpdate(Int32 id, Byte status) in C:\Users\Abuzar\Desktop\27-08-2018\ExampleService\DataAccess\MSSqlDataAccess.cs:line 540
   at ExampleService.DataAccess.MSSqlDataAccess.CheckConfirmationExpirations() in C:\Users\Abuzar\Desktop\27-08-2018\ExampleService\DataAccess\MSSqlDataAccess.cs:line 561
   at ExampleService.TCPOutputControl.CheckConfirmationExpiration() in C:\Users\Abuzar\Desktop\27-08-2018\ExampleService\TCPOutputControl.cs:line 312
31-08-2018 15:20:37 TCP: Got new connection: 42.106.17.197:28200
31-08-2018 15:20:38 TCP: Recieved 18 bytes from socket.
31-08-2018 15:20:38 TCP: Checking for keyword validity.
31-08-2018 15:20:46 TCP: Keyword valid. Waiting for data.
31-08-2018 15:20:46 TCP: Recieved 72 bytes from socket.
31-08-2018 15:21:53 TCP: Recieved 792 bytes from socket.
31-08-2018 15:21:53 TCP: Checking for keyword validity.
31-08-2018 15:21:54 TCP: Keyword valid. Waiting for data.
31-08-2018 15:21:54 TCP: Recieved 36 bytes from socket.
31-08-2018 15:21:57 TCP: Recieved 36 bytes from socket.
31-08-2018 15:21:57 TCP: Checking for keyword validity.
31-08-2018 15:21:58 TCP: Keyword valid. Waiting for data.
31-08-2018 15:21:59 TCP: Recieved 36 bytes from socket.
31-08-2018 15:22:02 TCP: Recieved 36 bytes from socket.
31-08-2018 15:22:02 TCP: Checking for keyword validity.
31-08-2018 15:22:03 TCP: Keyword valid. Waiting for data.
31-08-2018 15:22:05 TCP: Recieved 36 bytes from socket.
31-08-2018 15:22:12 TCP: Recieved 72 bytes from socket.
31-08-2018 15:22:12 TCP: Checking for keyword validity.
31-08-2018 15:22:12 TCP: Keyword valid. Waiting for data.
31-08-2018 15:22:14 TCP: Recieved 36 bytes from socket.
31-08-2018 15:22:38 TCP: Recieved 288 bytes from socket.
31-08-2018 15:22:38 TCP: Checking for keyword validity.
31-08-2018 15:22:39 TCP: Keyword valid. Waiting for data.
31-08-2018 15:22:41 TCP: Recieved 36 bytes from socket.
31-08-2018 15:22:46 TCP: Recieved 36 bytes from socket.
31-08-2018 15:22:46 TCP: Checking for keyword validity.
31-08-2018 15:22:47 TCP: Keyword valid. Waiting for data.
31-08-2018 15:22:47 TCP: Recieved 36 bytes from socket.
31-08-2018 15:22:50 TCP: Recieved 36 bytes from socket.
31-08-2018 15:22:50 TCP: Checking for keyword validity.
31-08-2018 15:22:52 TCP: Keyword valid. Waiting for data.
31-08-2018 15:22:53 TCP: Recieved 36 bytes from socket.
