03-09-2018 18:20:55 UDP: Started listening at port 8414
03-09-2018 18:20:55 TCP: Started listening at port 10025
03-09-2018 18:20:55 TCP Output Control: Started listening at port 668
03-09-2018 18:20:56 TCP Output Control: Error in confirmation checker.
03-09-2018 18:20:56 TCP Output Control: System.InvalidOperationException: ExecuteNonQuery requires the command to have a transaction when the connection assigned to the command is in a pending local transaction.  The Transaction property of the command has not been initialized.
   at System.Data.SqlClient.SqlCommand.ValidateCommand(String method, Boolean async)
   at System.Data.SqlClient.SqlCommand.InternalExecuteNonQuery(TaskCompletionSource`1 completion, String methodName, Boolean sendToPipe, Int32 timeout, Boolean& usedCache, Boolean asyncWrite, Boolean inRetry)
   at System.Data.SqlClient.SqlCommand.ExecuteNonQuery()
   at ExampleService.DataAccess.MSSqlDataAccess.OutputUpdate(Int32 id, Byte status) in C:\Users\Abuzar\Desktop\27-08-2018\ExampleService\DataAccess\MSSqlDataAccess.cs:line 540
   at ExampleService.DataAccess.MSSqlDataAccess.CheckConfirmationExpirations() in C:\Users\Abuzar\Desktop\27-08-2018\ExampleService\DataAccess\MSSqlDataAccess.cs:line 561
   at ExampleService.TCPOutputControl.CheckConfirmationExpiration() in C:\Users\Abuzar\Desktop\27-08-2018\ExampleService\TCPOutputControl.cs:line 313
03-09-2018 18:21:23 TCP: Got new connection: 42.106.24.243:14363
03-09-2018 18:21:24 TCP: Recieved 18 bytes from socket.
03-09-2018 18:21:24 TCP: Parsing Data....
03-09-2018 18:21:24 TCP: Parsing Data....
03-09-2018 18:21:27 TCP: Recieved 15 bytes from socket.
03-09-2018 18:21:27 TCP: Parsing Data....
03-09-2018 18:21:50 TCP: Recieved 231 bytes from socket.
03-09-2018 18:21:50 TCP: Parsing Data....
03-09-2018 18:21:50 TCP: Saving Data Into Database......
03-09-2018 18:21:55 TCP: Successfully Saved To Database......
03-09-2018 18:21:55 TCP: Saving Data Into Database......
03-09-2018 18:22:03 TCP: Successfully Saved To Database......
03-09-2018 18:22:03 TCP: Saving Data Into Database......
03-09-2018 18:22:03 TCP: Successfully Saved To Database......
03-09-2018 18:22:03 TCP: Saving Data Into Database......
03-09-2018 18:22:03 TCP: Successfully Saved To Database......
03-09-2018 18:22:03 TCP: Saving Data Into Database......
03-09-2018 18:22:03 TCP: Successfully Saved To Database......
03-09-2018 18:22:03 TCP: Saving Data Into Database......
03-09-2018 18:22:03 TCP: Successfully Saved To Database......
03-09-2018 18:22:03 TCP: Recieved 72 bytes from socket.
03-09-2018 18:22:03 TCP: Parsing Data....
03-09-2018 18:22:03 TCP: Saving Data Into Database......
03-09-2018 18:22:03 TCP: Successfully Saved To Database......
03-09-2018 18:22:03 TCP: Saving Data Into Database......
03-09-2018 18:22:03 TCP: Successfully Saved To Database......
03-09-2018 18:22:09 TCP: Recieved 36 bytes from socket.
03-09-2018 18:22:09 TCP: Parsing Data....
03-09-2018 18:22:09 TCP: Saving Data Into Database......
03-09-2018 18:22:09 TCP: Successfully Saved To Database......
03-09-2018 18:22:19 TCP: Recieved 36 bytes from socket.
03-09-2018 18:22:19 TCP: Parsing Data....
03-09-2018 18:22:19 TCP: Saving Data Into Database......
03-09-2018 18:22:19 TCP: Successfully Saved To Database......
03-09-2018 18:22:29 TCP: Recieved 36 bytes from socket.
03-09-2018 18:22:29 TCP: Parsing Data....
03-09-2018 18:22:29 TCP: Saving Data Into Database......
03-09-2018 18:22:29 TCP: Successfully Saved To Database......
03-09-2018 18:22:39 TCP: Recieved 36 bytes from socket.
03-09-2018 18:22:39 TCP: Parsing Data....
03-09-2018 18:22:39 TCP: Saving Data Into Database......
03-09-2018 18:22:39 TCP: Successfully Saved To Database......
03-09-2018 18:22:50 TCP: Recieved 36 bytes from socket.
03-09-2018 18:22:50 TCP: Parsing Data....
03-09-2018 18:22:50 TCP: Saving Data Into Database......
03-09-2018 18:22:50 TCP: Successfully Saved To Database......
03-09-2018 18:22:54 TCP: Got new connection: 42.106.24.243:51910
03-09-2018 18:22:55 TCP: Recieved 18 bytes from socket.
03-09-2018 18:22:55 TCP: Parsing Data....
03-09-2018 18:22:55 TCP: Parsing Data....
03-09-2018 18:22:58 TCP: Recieved 15 bytes from socket.
03-09-2018 18:22:58 TCP: Parsing Data....
03-09-2018 18:23:15 TCP: Recieved 72 bytes from socket.
03-09-2018 18:23:15 TCP: Parsing Data....
03-09-2018 18:23:15 TCP: Saving Data Into Database......
03-09-2018 18:23:15 TCP: Successfully Saved To Database......
03-09-2018 18:23:15 TCP: Saving Data Into Database......
03-09-2018 18:23:15 TCP: Successfully Saved To Database......
03-09-2018 18:23:20 TCP: Recieved 36 bytes from socket.
03-09-2018 18:23:20 TCP: Parsing Data....
03-09-2018 18:23:20 TCP: Saving Data Into Database......
03-09-2018 18:23:20 TCP: Successfully Saved To Database......
03-09-2018 18:23:30 TCP: Recieved 36 bytes from socket.
03-09-2018 18:23:30 TCP: Parsing Data....
03-09-2018 18:23:30 TCP: Saving Data Into Database......
03-09-2018 18:23:30 TCP: Successfully Saved To Database......
03-09-2018 18:23:40 TCP: Recieved 36 bytes from socket.
03-09-2018 18:23:40 TCP: Parsing Data....
03-09-2018 18:23:40 TCP: Saving Data Into Database......
03-09-2018 18:23:40 TCP: Successfully Saved To Database......
03-09-2018 18:23:50 TCP: Recieved 36 bytes from socket.
03-09-2018 18:23:50 TCP: Parsing Data....
03-09-2018 18:23:50 TCP: Saving Data Into Database......
03-09-2018 18:23:50 TCP: Successfully Saved To Database......
03-09-2018 18:24:00 TCP: Recieved 36 bytes from socket.
03-09-2018 18:24:00 TCP: Parsing Data....
03-09-2018 18:24:00 TCP: Saving Data Into Database......
03-09-2018 18:24:00 TCP: Successfully Saved To Database......
03-09-2018 18:24:10 TCP: Recieved 36 bytes from socket.
03-09-2018 18:24:10 TCP: Parsing Data....
03-09-2018 18:24:10 TCP: Saving Data Into Database......
03-09-2018 18:24:10 TCP: Successfully Saved To Database......
03-09-2018 18:24:20 TCP: Recieved 36 bytes from socket.
03-09-2018 18:24:20 TCP: Parsing Data....
03-09-2018 18:24:20 TCP: Saving Data Into Database......
03-09-2018 18:24:20 TCP: Successfully Saved To Database......
03-09-2018 18:24:24 TCP: Recieved 15 bytes from socket.
03-09-2018 18:24:24 TCP: Parsing Data....
03-09-2018 18:24:30 TCP: Recieved 36 bytes from socket.
03-09-2018 18:24:30 TCP: Parsing Data....
03-09-2018 18:24:30 TCP: Saving Data Into Database......
03-09-2018 18:24:30 TCP: Successfully Saved To Database......
03-09-2018 18:24:40 TCP: Recieved 36 bytes from socket.
03-09-2018 18:24:40 TCP: Parsing Data....
03-09-2018 18:24:40 TCP: Saving Data Into Database......
03-09-2018 18:24:40 TCP: Successfully Saved To Database......
03-09-2018 18:24:50 TCP: Recieved 36 bytes from socket.
03-09-2018 18:24:50 TCP: Parsing Data....
03-09-2018 18:24:50 TCP: Saving Data Into Database......
03-09-2018 18:24:50 TCP: Successfully Saved To Database......
03-09-2018 18:25:00 TCP: Recieved 36 bytes from socket.
03-09-2018 18:25:00 TCP: Parsing Data....
03-09-2018 18:25:00 TCP: Saving Data Into Database......
03-09-2018 18:25:00 TCP: Successfully Saved To Database......
03-09-2018 18:25:10 TCP: Recieved 36 bytes from socket.
03-09-2018 18:25:10 TCP: Parsing Data....
03-09-2018 18:25:10 TCP: Saving Data Into Database......
03-09-2018 18:25:10 TCP: Successfully Saved To Database......
03-09-2018 18:25:19 TCP: Recieved 36 bytes from socket.
03-09-2018 18:25:19 TCP: Parsing Data....
03-09-2018 18:25:19 TCP: Saving Data Into Database......
03-09-2018 18:25:20 TCP: Successfully Saved To Database......
03-09-2018 18:25:29 TCP: Recieved 36 bytes from socket.
03-09-2018 18:25:29 TCP: Parsing Data....
03-09-2018 18:25:29 TCP: Saving Data Into Database......
03-09-2018 18:25:29 TCP: Successfully Saved To Database......
03-09-2018 18:25:39 TCP: Recieved 36 bytes from socket.
03-09-2018 18:25:39 TCP: Parsing Data....
03-09-2018 18:25:39 TCP: Saving Data Into Database......
03-09-2018 18:25:40 TCP: Successfully Saved To Database......
03-09-2018 18:25:49 TCP: Recieved 36 bytes from socket.
03-09-2018 18:25:49 TCP: Parsing Data....
03-09-2018 18:25:49 TCP: Saving Data Into Database......
03-09-2018 18:25:50 TCP: Successfully Saved To Database......
03-09-2018 18:25:54 TCP: Recieved 15 bytes from socket.
03-09-2018 18:25:54 TCP: Parsing Data....
03-09-2018 18:25:59 TCP: Recieved 36 bytes from socket.
03-09-2018 18:25:59 TCP: Parsing Data....
03-09-2018 18:25:59 TCP: Saving Data Into Database......
03-09-2018 18:25:59 TCP: Successfully Saved To Database......
03-09-2018 18:26:09 TCP: Recieved 36 bytes from socket.
03-09-2018 18:26:09 TCP: Parsing Data....
03-09-2018 18:26:09 TCP: Saving Data Into Database......
03-09-2018 18:26:09 TCP: Successfully Saved To Database......
03-09-2018 18:26:19 TCP: Recieved 36 bytes from socket.
03-09-2018 18:26:19 TCP: Parsing Data....
03-09-2018 18:26:19 TCP: Saving Data Into Database......
03-09-2018 18:26:19 TCP: Successfully Saved To Database......
03-09-2018 18:26:29 TCP: Recieved 36 bytes from socket.
03-09-2018 18:26:29 TCP: Parsing Data....
03-09-2018 18:26:29 TCP: Saving Data Into Database......
03-09-2018 18:26:29 TCP: Successfully Saved To Database......
03-09-2018 18:26:39 TCP: Recieved 36 bytes from socket.
03-09-2018 18:26:39 TCP: Parsing Data....
03-09-2018 18:26:39 TCP: Saving Data Into Database......
03-09-2018 18:26:40 TCP: Successfully Saved To Database......
03-09-2018 18:26:49 TCP: Recieved 36 bytes from socket.
03-09-2018 18:26:49 TCP: Parsing Data....
03-09-2018 18:26:49 TCP: Saving Data Into Database......
03-09-2018 18:26:49 TCP: Successfully Saved To Database......
03-09-2018 18:26:59 TCP: Recieved 36 bytes from socket.
03-09-2018 18:26:59 TCP: Parsing Data....
03-09-2018 18:26:59 TCP: Saving Data Into Database......
03-09-2018 18:26:59 TCP: Successfully Saved To Database......
03-09-2018 18:27:09 TCP: Recieved 36 bytes from socket.
03-09-2018 18:27:09 TCP: Parsing Data....
03-09-2018 18:27:09 TCP: Saving Data Into Database......
03-09-2018 18:27:09 TCP: Successfully Saved To Database......
03-09-2018 18:27:19 TCP: Recieved 36 bytes from socket.
03-09-2018 18:27:19 TCP: Parsing Data....
03-09-2018 18:27:19 TCP: Saving Data Into Database......
03-09-2018 18:27:19 TCP: Successfully Saved To Database......
03-09-2018 18:27:25 TCP: Got new connection: 42.106.24.243:7141
03-09-2018 18:27:26 TCP: Recieved 18 bytes from socket.
03-09-2018 18:27:26 TCP: Parsing Data....
03-09-2018 18:27:26 TCP: Parsing Data....
03-09-2018 18:27:29 TCP: Recieved 15 bytes from socket.
03-09-2018 18:27:29 TCP: Parsing Data....
03-09-2018 18:27:30 TCP: Recieved 36 bytes from socket.
03-09-2018 18:27:30 TCP: Parsing Data....
03-09-2018 18:27:30 TCP: Saving Data Into Database......
03-09-2018 18:27:30 TCP: Successfully Saved To Database......
03-09-2018 18:27:40 TCP: Recieved 36 bytes from socket.
03-09-2018 18:27:40 TCP: Parsing Data....
03-09-2018 18:27:40 TCP: Saving Data Into Database......
03-09-2018 18:27:40 TCP: Successfully Saved To Database......
03-09-2018 18:27:50 TCP: Recieved 36 bytes from socket.
03-09-2018 18:27:50 TCP: Parsing Data....
03-09-2018 18:27:50 TCP: Saving Data Into Database......
03-09-2018 18:27:50 TCP: Successfully Saved To Database......
03-09-2018 18:28:00 TCP: Recieved 36 bytes from socket.
03-09-2018 18:28:00 TCP: Parsing Data....
03-09-2018 18:28:00 TCP: Saving Data Into Database......
03-09-2018 18:28:00 TCP: Successfully Saved To Database......
03-09-2018 18:28:10 TCP: Recieved 36 bytes from socket.
03-09-2018 18:28:10 TCP: Parsing Data....
03-09-2018 18:28:10 TCP: Saving Data Into Database......
03-09-2018 18:28:10 TCP: Successfully Saved To Database......
03-09-2018 18:28:20 TCP: Recieved 36 bytes from socket.
03-09-2018 18:28:20 TCP: Parsing Data....
03-09-2018 18:28:20 TCP: Saving Data Into Database......
03-09-2018 18:28:20 TCP: Successfully Saved To Database......
03-09-2018 18:28:30 TCP: Recieved 36 bytes from socket.
03-09-2018 18:28:30 TCP: Parsing Data....
03-09-2018 18:28:30 TCP: Saving Data Into Database......
03-09-2018 18:28:30 TCP: Successfully Saved To Database......
03-09-2018 18:28:40 TCP: Recieved 36 bytes from socket.
03-09-2018 18:28:40 TCP: Parsing Data....
03-09-2018 18:28:40 TCP: Saving Data Into Database......
03-09-2018 18:28:40 TCP: Successfully Saved To Database......
03-09-2018 18:28:50 TCP: Recieved 36 bytes from socket.
03-09-2018 18:28:50 TCP: Parsing Data....
03-09-2018 18:28:50 TCP: Saving Data Into Database......
03-09-2018 18:28:50 TCP: Successfully Saved To Database......
03-09-2018 18:28:56 TCP: Recieved 15 bytes from socket.
03-09-2018 18:28:56 TCP: Parsing Data....
03-09-2018 18:29:00 TCP: Recieved 36 bytes from socket.
03-09-2018 18:29:00 TCP: Parsing Data....
03-09-2018 18:29:00 TCP: Saving Data Into Database......
03-09-2018 18:29:00 TCP: Successfully Saved To Database......
03-09-2018 18:29:10 TCP: Recieved 36 bytes from socket.
03-09-2018 18:29:10 TCP: Parsing Data....
03-09-2018 18:29:10 TCP: Saving Data Into Database......
03-09-2018 18:29:10 TCP: Successfully Saved To Database......
03-09-2018 18:29:19 TCP: Recieved 36 bytes from socket.
03-09-2018 18:29:19 TCP: Parsing Data....
03-09-2018 18:29:20 TCP: Saving Data Into Database......
03-09-2018 18:29:20 TCP: Successfully Saved To Database......
03-09-2018 18:29:30 TCP: Recieved 36 bytes from socket.
03-09-2018 18:29:30 TCP: Parsing Data....
03-09-2018 18:29:30 TCP: Saving Data Into Database......
03-09-2018 18:29:30 TCP: Successfully Saved To Database......
03-09-2018 18:29:39 TCP: Recieved 36 bytes from socket.
03-09-2018 18:29:39 TCP: Parsing Data....
03-09-2018 18:29:39 TCP: Saving Data Into Database......
03-09-2018 18:29:40 TCP: Successfully Saved To Database......
03-09-2018 18:29:49 TCP: Recieved 36 bytes from socket.
03-09-2018 18:29:49 TCP: Parsing Data....
03-09-2018 18:29:49 TCP: Saving Data Into Database......
03-09-2018 18:29:50 TCP: Successfully Saved To Database......
03-09-2018 18:29:59 TCP: Recieved 36 bytes from socket.
03-09-2018 18:29:59 TCP: Parsing Data....
03-09-2018 18:29:59 TCP: Saving Data Into Database......
03-09-2018 18:29:59 TCP: Successfully Saved To Database......
03-09-2018 18:30:09 TCP: Recieved 36 bytes from socket.
03-09-2018 18:30:09 TCP: Parsing Data....
03-09-2018 18:30:09 TCP: Saving Data Into Database......
03-09-2018 18:30:09 TCP: Successfully Saved To Database......
03-09-2018 18:30:19 TCP: Recieved 36 bytes from socket.
03-09-2018 18:30:19 TCP: Parsing Data....
03-09-2018 18:30:19 TCP: Saving Data Into Database......
03-09-2018 18:30:19 TCP: Successfully Saved To Database......
03-09-2018 18:30:26 TCP: Recieved 15 bytes from socket.
03-09-2018 18:30:26 TCP: Parsing Data....
03-09-2018 18:30:29 TCP: Recieved 36 bytes from socket.
03-09-2018 18:30:29 TCP: Parsing Data....
03-09-2018 18:30:29 TCP: Saving Data Into Database......
03-09-2018 18:30:29 TCP: Successfully Saved To Database......
03-09-2018 18:30:39 TCP: Recieved 36 bytes from socket.
03-09-2018 18:30:39 TCP: Parsing Data....
03-09-2018 18:30:39 TCP: Saving Data Into Database......
03-09-2018 18:30:39 TCP: Successfully Saved To Database......
03-09-2018 18:30:49 TCP: Recieved 36 bytes from socket.
03-09-2018 18:30:49 TCP: Parsing Data....
03-09-2018 18:30:49 TCP: Saving Data Into Database......
03-09-2018 18:30:49 TCP: Successfully Saved To Database......
03-09-2018 18:30:59 TCP: Recieved 36 bytes from socket.
03-09-2018 18:30:59 TCP: Parsing Data....
03-09-2018 18:30:59 TCP: Saving Data Into Database......
03-09-2018 18:30:59 TCP: Successfully Saved To Database......
03-09-2018 18:31:09 TCP: Recieved 36 bytes from socket.
03-09-2018 18:31:09 TCP: Parsing Data....
03-09-2018 18:31:09 TCP: Saving Data Into Database......
03-09-2018 18:31:09 TCP: Successfully Saved To Database......
03-09-2018 18:31:19 TCP: Recieved 36 bytes from socket.
03-09-2018 18:31:19 TCP: Parsing Data....
03-09-2018 18:31:19 TCP: Saving Data Into Database......
03-09-2018 18:31:19 TCP: Successfully Saved To Database......
03-09-2018 18:31:29 TCP: Recieved 36 bytes from socket.
03-09-2018 18:31:29 TCP: Parsing Data....
03-09-2018 18:31:29 TCP: Saving Data Into Database......
03-09-2018 18:31:29 TCP: Successfully Saved To Database......
03-09-2018 18:31:39 TCP: Recieved 36 bytes from socket.
03-09-2018 18:31:39 TCP: Parsing Data....
03-09-2018 18:31:39 TCP: Saving Data Into Database......
03-09-2018 18:31:39 TCP: Successfully Saved To Database......
03-09-2018 18:31:49 TCP: Recieved 36 bytes from socket.
03-09-2018 18:31:49 TCP: Parsing Data....
03-09-2018 18:31:49 TCP: Saving Data Into Database......
03-09-2018 18:31:49 TCP: Successfully Saved To Database......
03-09-2018 18:32:29 TCP: Got new connection: 42.106.24.17:30377
03-09-2018 18:32:32 TCP: Recieved 18 bytes from socket.
03-09-2018 18:32:32 TCP: Parsing Data....
03-09-2018 18:32:32 TCP: Parsing Data....
03-09-2018 18:32:34 TCP: Recieved 15 bytes from socket.
03-09-2018 18:32:34 TCP: Parsing Data....
03-09-2018 18:32:40 TCP: Recieved 36 bytes from socket.
03-09-2018 18:32:40 TCP: Parsing Data....
03-09-2018 18:32:40 TCP: Saving Data Into Database......
03-09-2018 18:32:40 TCP: Successfully Saved To Database......
03-09-2018 18:32:41 TCP: Recieved 36 bytes from socket.
03-09-2018 18:32:41 TCP: Parsing Data....
03-09-2018 18:32:41 TCP: Saving Data Into Database......
03-09-2018 18:32:41 TCP: Successfully Saved To Database......
03-09-2018 18:32:44 TCP: Recieved 36 bytes from socket.
03-09-2018 18:32:44 TCP: Parsing Data....
03-09-2018 18:32:44 TCP: Saving Data Into Database......
03-09-2018 18:32:44 TCP: Successfully Saved To Database......
03-09-2018 18:32:47 TCP: Recieved 36 bytes from socket.
03-09-2018 18:32:47 TCP: Parsing Data....
03-09-2018 18:32:47 TCP: Saving Data Into Database......
03-09-2018 18:32:47 TCP: Successfully Saved To Database......
03-09-2018 18:32:50 TCP: Recieved 36 bytes from socket.
03-09-2018 18:32:50 TCP: Parsing Data....
03-09-2018 18:32:50 TCP: Saving Data Into Database......
03-09-2018 18:32:50 TCP: Successfully Saved To Database......
03-09-2018 18:32:53 TCP: Recieved 36 bytes from socket.
03-09-2018 18:32:53 TCP: Parsing Data....
03-09-2018 18:32:53 TCP: Saving Data Into Database......
03-09-2018 18:32:53 TCP: Successfully Saved To Database......
03-09-2018 18:33:00 TCP: Recieved 36 bytes from socket.
03-09-2018 18:33:00 TCP: Parsing Data....
03-09-2018 18:33:00 TCP: Saving Data Into Database......
03-09-2018 18:33:00 TCP: Successfully Saved To Database......
03-09-2018 18:33:10 TCP: Recieved 36 bytes from socket.
03-09-2018 18:33:10 TCP: Parsing Data....
03-09-2018 18:33:10 TCP: Saving Data Into Database......
03-09-2018 18:33:10 TCP: Successfully Saved To Database......
03-09-2018 18:33:20 TCP: Recieved 36 bytes from socket.
03-09-2018 18:33:20 TCP: Parsing Data....
03-09-2018 18:33:20 TCP: Saving Data Into Database......
03-09-2018 18:33:20 TCP: Successfully Saved To Database......
