31-08-2018 12:36:30 UDP: Started listening at port 8414
31-08-2018 12:36:30 TCP: Started listening at port 10025
31-08-2018 12:36:30 TCP Output Control: Started listening at port 668
31-08-2018 12:36:31 TCP Output Control: Error in confirmation checker.
31-08-2018 12:36:31 TCP Output Control: System.InvalidOperationException: ExecuteNonQuery requires the command to have a transaction when the connection assigned to the command is in a pending local transaction.  The Transaction property of the command has not been initialized.
   at System.Data.SqlClient.SqlCommand.ValidateCommand(String method, Boolean async)
   at System.Data.SqlClient.SqlCommand.InternalExecuteNonQuery(TaskCompletionSource`1 completion, String methodName, Boolean sendToPipe, Int32 timeout, Boolean& usedCache, Boolean asyncWrite, Boolean inRetry)
   at System.Data.SqlClient.SqlCommand.ExecuteNonQuery()
   at ExampleService.DataAccess.MSSqlDataAccess.OutputUpdate(Int32 id, Byte status) in C:\Users\Abuzar\Desktop\27-08-2018\ExampleService\DataAccess\MSSqlDataAccess.cs:line 540
   at ExampleService.DataAccess.MSSqlDataAccess.CheckConfirmationExpirations() in C:\Users\Abuzar\Desktop\27-08-2018\ExampleService\DataAccess\MSSqlDataAccess.cs:line 561
   at ExampleService.TCPOutputControl.CheckConfirmationExpiration() in C:\Users\Abuzar\Desktop\27-08-2018\ExampleService\TCPOutputControl.cs:line 312
31-08-2018 12:36:37 TCP: Got new connection: 42.106.4.181:26228
31-08-2018 12:36:40 TCP: Recieved 18 bytes from socket.
31-08-2018 12:36:40 TCP: Checking for keyword validity.
31-08-2018 12:36:42 TCP: Keyword valid. Waiting for data.
31-08-2018 12:36:42 TCP: Recieved 36 bytes from socket.
31-08-2018 12:37:21 TCP: Recieved 468 bytes from socket.
31-08-2018 12:37:21 TCP: Checking for keyword validity.
31-08-2018 12:38:07 TCP: Keyword valid. Waiting for data.
31-08-2018 12:38:07 TCP: Recieved 498 bytes from socket.
31-08-2018 12:41:30 TCP: Got new connection: 42.106.4.181:52070
31-08-2018 12:41:30 TCP: Recieved 444 bytes from socket.
31-08-2018 12:41:30 TCP: Checking for keyword validity.
31-08-2018 12:41:33 TCP: Keyword valid. Waiting for data.
31-08-2018 12:41:33 TCP: Recieved 36 bytes from socket.
