03-09-2018 17:56:04 UDP: Started listening at port 8414
03-09-2018 17:56:04 TCP: Started listening at port 10025
03-09-2018 17:56:04 TCP Output Control: Started listening at port 668
03-09-2018 17:56:04 TCP Output Control: Error in confirmation checker.
03-09-2018 17:56:04 TCP Output Control: System.InvalidOperationException: ExecuteNonQuery requires the command to have a transaction when the connection assigned to the command is in a pending local transaction.  The Transaction property of the command has not been initialized.
   at System.Data.SqlClient.SqlCommand.ValidateCommand(String method, Boolean async)
   at System.Data.SqlClient.SqlCommand.InternalExecuteNonQuery(TaskCompletionSource`1 completion, String methodName, Boolean sendToPipe, Int32 timeout, Boolean& usedCache, Boolean asyncWrite, Boolean inRetry)
   at System.Data.SqlClient.SqlCommand.ExecuteNonQuery()
   at ExampleService.DataAccess.MSSqlDataAccess.OutputUpdate(Int32 id, Byte status) in C:\Users\Abuzar\Desktop\27-08-2018\ExampleService\DataAccess\MSSqlDataAccess.cs:line 540
   at ExampleService.DataAccess.MSSqlDataAccess.CheckConfirmationExpirations() in C:\Users\Abuzar\Desktop\27-08-2018\ExampleService\DataAccess\MSSqlDataAccess.cs:line 561
   at ExampleService.TCPOutputControl.CheckConfirmationExpiration() in C:\Users\Abuzar\Desktop\27-08-2018\ExampleService\TCPOutputControl.cs:line 313
03-09-2018 17:56:27 TCP: Got new connection: 42.106.19.101:56388
03-09-2018 17:56:28 TCP: Recieved 18 bytes from socket.
03-09-2018 17:56:28 TCP: Parsing Data....
03-09-2018 17:56:28 TCP: Parsing Data....
03-09-2018 17:56:31 TCP: Recieved 36 bytes from socket.
03-09-2018 17:56:31 TCP: Parsing Data....
03-09-2018 17:56:35 TCP: Saving Data Into Database......
03-09-2018 17:56:39 TCP: Successfully Saved To Database......
03-09-2018 17:56:39 TCP: Recieved 72 bytes from socket.
03-09-2018 17:56:39 TCP: Parsing Data....
03-09-2018 17:56:42 TCP: Saving Data Into Database......
03-09-2018 17:56:43 TCP: Successfully Saved To Database......
03-09-2018 17:56:43 TCP: Saving Data Into Database......
03-09-2018 17:56:44 TCP: Successfully Saved To Database......
03-09-2018 17:56:44 TCP: Recieved 51 bytes from socket.
03-09-2018 17:56:44 TCP: Parsing Data....
03-09-2018 17:56:53 TCP: Saving Data Into Database......
03-09-2018 17:56:54 TCP: Successfully Saved To Database......
03-09-2018 17:56:54 TCP: Recieved 108 bytes from socket.
03-09-2018 17:56:54 TCP: Parsing Data....
03-09-2018 17:56:54 TCP: Saving Data Into Database......
03-09-2018 17:56:55 TCP: Successfully Saved To Database......
03-09-2018 17:56:55 TCP: Saving Data Into Database......
03-09-2018 17:56:55 TCP: Successfully Saved To Database......
03-09-2018 17:56:55 TCP: Saving Data Into Database......
03-09-2018 17:56:56 TCP: Successfully Saved To Database......
03-09-2018 17:56:56 TCP: Recieved 36 bytes from socket.
03-09-2018 17:56:56 TCP: Parsing Data....
03-09-2018 17:56:56 TCP: Saving Data Into Database......
03-09-2018 17:56:57 TCP: Successfully Saved To Database......
03-09-2018 17:57:00 TCP: Recieved 36 bytes from socket.
03-09-2018 17:57:00 TCP: Parsing Data....
03-09-2018 17:57:00 TCP: Saving Data Into Database......
03-09-2018 17:57:01 TCP: Successfully Saved To Database......
03-09-2018 17:57:01 TCP: Recieved 36 bytes from socket.
03-09-2018 17:57:01 TCP: Parsing Data....
03-09-2018 17:57:01 TCP: Saving Data Into Database......
03-09-2018 17:57:02 TCP: Successfully Saved To Database......
03-09-2018 17:57:04 TCP: Recieved 36 bytes from socket.
03-09-2018 17:57:04 TCP: Parsing Data....
03-09-2018 17:57:04 TCP: Saving Data Into Database......
03-09-2018 17:57:04 TCP: Successfully Saved To Database......
03-09-2018 17:57:07 TCP: Recieved 36 bytes from socket.
03-09-2018 17:57:07 TCP: Parsing Data....
03-09-2018 17:57:07 TCP: Saving Data Into Database......
03-09-2018 17:57:08 TCP: Successfully Saved To Database......
03-09-2018 17:57:10 TCP: Recieved 36 bytes from socket.
03-09-2018 17:57:10 TCP: Parsing Data....
03-09-2018 17:57:10 TCP: Saving Data Into Database......
03-09-2018 17:57:11 TCP: Successfully Saved To Database......
03-09-2018 17:57:13 TCP: Recieved 36 bytes from socket.
03-09-2018 17:57:13 TCP: Parsing Data....
03-09-2018 17:57:13 TCP: Saving Data Into Database......
03-09-2018 17:57:14 TCP: Successfully Saved To Database......
03-09-2018 17:57:16 TCP: Recieved 36 bytes from socket.
03-09-2018 17:57:16 TCP: Parsing Data....
03-09-2018 17:57:16 TCP: Saving Data Into Database......
03-09-2018 17:57:17 TCP: Successfully Saved To Database......
03-09-2018 17:57:19 TCP: Recieved 36 bytes from socket.
03-09-2018 17:57:19 TCP: Parsing Data....
03-09-2018 17:57:19 TCP: Saving Data Into Database......
03-09-2018 17:57:20 TCP: Successfully Saved To Database......
03-09-2018 17:57:22 TCP: Recieved 36 bytes from socket.
03-09-2018 17:57:22 TCP: Parsing Data....
03-09-2018 17:57:22 TCP: Saving Data Into Database......
03-09-2018 17:57:23 TCP: Successfully Saved To Database......
03-09-2018 17:57:25 TCP: Recieved 36 bytes from socket.
03-09-2018 17:57:25 TCP: Parsing Data....
03-09-2018 17:57:25 TCP: Saving Data Into Database......
03-09-2018 17:57:26 TCP: Successfully Saved To Database......
03-09-2018 17:57:28 TCP: Recieved 36 bytes from socket.
03-09-2018 17:57:28 TCP: Parsing Data....
03-09-2018 17:57:28 TCP: Saving Data Into Database......
03-09-2018 17:57:29 TCP: Successfully Saved To Database......
03-09-2018 17:57:31 TCP: Recieved 36 bytes from socket.
03-09-2018 17:57:31 TCP: Parsing Data....
03-09-2018 17:57:31 TCP: Saving Data Into Database......
03-09-2018 17:57:32 TCP: Successfully Saved To Database......
03-09-2018 17:57:34 TCP: Recieved 36 bytes from socket.
03-09-2018 17:57:34 TCP: Parsing Data....
03-09-2018 17:57:34 TCP: Saving Data Into Database......
03-09-2018 17:57:35 TCP: Successfully Saved To Database......
03-09-2018 17:57:37 TCP: Recieved 36 bytes from socket.
03-09-2018 17:57:37 TCP: Parsing Data....
03-09-2018 17:57:37 TCP: Saving Data Into Database......
03-09-2018 17:57:38 TCP: Successfully Saved To Database......
03-09-2018 17:57:40 TCP: Recieved 36 bytes from socket.
03-09-2018 17:57:40 TCP: Parsing Data....
03-09-2018 17:57:40 TCP: Saving Data Into Database......
03-09-2018 17:57:40 TCP: Successfully Saved To Database......
03-09-2018 17:57:43 TCP: Recieved 36 bytes from socket.
03-09-2018 17:57:43 TCP: Parsing Data....
03-09-2018 17:57:43 TCP: Saving Data Into Database......
03-09-2018 17:57:43 TCP: Successfully Saved To Database......
03-09-2018 17:57:46 TCP: Recieved 36 bytes from socket.
03-09-2018 17:57:46 TCP: Parsing Data....
03-09-2018 17:57:46 TCP: Saving Data Into Database......
03-09-2018 17:57:47 TCP: Successfully Saved To Database......
03-09-2018 17:57:49 TCP: Recieved 36 bytes from socket.
03-09-2018 17:57:49 TCP: Parsing Data....
03-09-2018 17:57:49 TCP: Saving Data Into Database......
03-09-2018 17:57:50 TCP: Successfully Saved To Database......
03-09-2018 17:57:52 TCP: Recieved 36 bytes from socket.
03-09-2018 17:57:52 TCP: Parsing Data....
03-09-2018 17:57:52 TCP: Saving Data Into Database......
03-09-2018 17:57:53 TCP: Successfully Saved To Database......
03-09-2018 17:57:55 TCP: Recieved 36 bytes from socket.
03-09-2018 17:57:55 TCP: Parsing Data....
03-09-2018 17:57:55 TCP: Saving Data Into Database......
03-09-2018 17:57:56 TCP: Successfully Saved To Database......
03-09-2018 17:57:58 TCP: Got new connection: 42.106.19.101:57458
03-09-2018 17:57:59 TCP: Recieved 18 bytes from socket.
03-09-2018 17:57:59 TCP: Parsing Data....
03-09-2018 17:57:59 TCP: Parsing Data....
03-09-2018 17:58:02 TCP: Recieved 36 bytes from socket.
03-09-2018 17:58:02 TCP: Parsing Data....
03-09-2018 17:58:02 TCP: Saving Data Into Database......
03-09-2018 17:58:03 TCP: Successfully Saved To Database......
03-09-2018 17:58:05 TCP: Recieved 36 bytes from socket.
03-09-2018 17:58:05 TCP: Parsing Data....
03-09-2018 17:58:05 TCP: Saving Data Into Database......
03-09-2018 17:58:06 TCP: Successfully Saved To Database......
03-09-2018 17:58:08 TCP: Recieved 36 bytes from socket.
03-09-2018 17:58:08 TCP: Parsing Data....
03-09-2018 17:58:08 TCP: Saving Data Into Database......
03-09-2018 17:58:09 TCP: Successfully Saved To Database......
03-09-2018 17:58:11 TCP: Recieved 36 bytes from socket.
03-09-2018 17:58:11 TCP: Parsing Data....
03-09-2018 17:58:11 TCP: Saving Data Into Database......
03-09-2018 17:58:11 TCP: Successfully Saved To Database......
03-09-2018 17:58:14 TCP: Recieved 36 bytes from socket.
03-09-2018 17:58:14 TCP: Parsing Data....
03-09-2018 17:58:14 TCP: Saving Data Into Database......
03-09-2018 17:58:14 TCP: Successfully Saved To Database......
03-09-2018 17:58:17 TCP: Recieved 36 bytes from socket.
03-09-2018 17:58:17 TCP: Parsing Data....
03-09-2018 17:58:17 TCP: Saving Data Into Database......
03-09-2018 17:58:17 TCP: Successfully Saved To Database......
03-09-2018 17:58:20 TCP: Recieved 36 bytes from socket.
03-09-2018 17:58:20 TCP: Parsing Data....
03-09-2018 17:58:20 TCP: Saving Data Into Database......
03-09-2018 17:58:20 TCP: Successfully Saved To Database......
03-09-2018 17:58:23 TCP: Recieved 36 bytes from socket.
03-09-2018 17:58:23 TCP: Parsing Data....
03-09-2018 17:58:23 TCP: Saving Data Into Database......
03-09-2018 17:58:23 TCP: Successfully Saved To Database......
03-09-2018 17:58:26 TCP: Recieved 36 bytes from socket.
03-09-2018 17:58:26 TCP: Parsing Data....
03-09-2018 17:58:26 TCP: Saving Data Into Database......
03-09-2018 17:58:26 TCP: Successfully Saved To Database......
03-09-2018 17:58:29 TCP: Recieved 36 bytes from socket.
03-09-2018 17:58:29 TCP: Parsing Data....
03-09-2018 17:58:29 TCP: Saving Data Into Database......
03-09-2018 17:58:29 TCP: Successfully Saved To Database......
03-09-2018 17:58:32 TCP: Recieved 36 bytes from socket.
03-09-2018 17:58:32 TCP: Parsing Data....
03-09-2018 17:58:32 TCP: Saving Data Into Database......
03-09-2018 17:58:32 TCP: Successfully Saved To Database......
03-09-2018 17:58:35 TCP: Recieved 36 bytes from socket.
03-09-2018 17:58:35 TCP: Parsing Data....
03-09-2018 17:58:35 TCP: Saving Data Into Database......
03-09-2018 17:58:35 TCP: Successfully Saved To Database......
03-09-2018 17:58:38 TCP: Recieved 36 bytes from socket.
03-09-2018 17:58:38 TCP: Parsing Data....
03-09-2018 17:58:38 TCP: Saving Data Into Database......
03-09-2018 17:58:38 TCP: Successfully Saved To Database......
03-09-2018 17:58:41 TCP: Recieved 36 bytes from socket.
03-09-2018 17:58:41 TCP: Parsing Data....
03-09-2018 17:58:41 TCP: Saving Data Into Database......
03-09-2018 17:58:41 TCP: Successfully Saved To Database......
03-09-2018 17:58:45 TCP: Recieved 36 bytes from socket.
03-09-2018 17:58:45 TCP: Parsing Data....
03-09-2018 17:58:45 TCP: Saving Data Into Database......
03-09-2018 17:58:45 TCP: Successfully Saved To Database......
03-09-2018 17:58:47 TCP: Recieved 36 bytes from socket.
03-09-2018 17:58:47 TCP: Parsing Data....
03-09-2018 17:58:47 TCP: Saving Data Into Database......
03-09-2018 17:58:47 TCP: Successfully Saved To Database......
03-09-2018 17:58:50 TCP: Recieved 36 bytes from socket.
03-09-2018 17:58:50 TCP: Parsing Data....
03-09-2018 17:58:50 TCP: Saving Data Into Database......
03-09-2018 17:58:50 TCP: Successfully Saved To Database......
03-09-2018 17:58:53 TCP: Recieved 36 bytes from socket.
03-09-2018 17:58:53 TCP: Parsing Data....
03-09-2018 17:58:53 TCP: Saving Data Into Database......
03-09-2018 17:58:53 TCP: Successfully Saved To Database......
03-09-2018 17:58:56 TCP: Recieved 36 bytes from socket.
03-09-2018 17:58:56 TCP: Parsing Data....
03-09-2018 17:58:56 TCP: Saving Data Into Database......
03-09-2018 17:58:56 TCP: Successfully Saved To Database......
03-09-2018 17:58:59 TCP: Recieved 36 bytes from socket.
03-09-2018 17:58:59 TCP: Parsing Data....
03-09-2018 17:58:59 TCP: Saving Data Into Database......
03-09-2018 17:58:59 TCP: Successfully Saved To Database......
03-09-2018 17:59:02 TCP: Recieved 36 bytes from socket.
03-09-2018 17:59:02 TCP: Parsing Data....
03-09-2018 17:59:02 TCP: Saving Data Into Database......
03-09-2018 17:59:02 TCP: Successfully Saved To Database......
03-09-2018 17:59:05 TCP: Recieved 36 bytes from socket.
03-09-2018 17:59:05 TCP: Parsing Data....
03-09-2018 17:59:05 TCP: Saving Data Into Database......
03-09-2018 17:59:05 TCP: Successfully Saved To Database......
03-09-2018 17:59:08 TCP: Recieved 36 bytes from socket.
03-09-2018 17:59:08 TCP: Parsing Data....
03-09-2018 17:59:08 TCP: Saving Data Into Database......
03-09-2018 17:59:08 TCP: Successfully Saved To Database......
03-09-2018 17:59:11 TCP: Recieved 36 bytes from socket.
03-09-2018 17:59:11 TCP: Parsing Data....
03-09-2018 17:59:11 TCP: Saving Data Into Database......
03-09-2018 17:59:11 TCP: Successfully Saved To Database......
03-09-2018 17:59:14 TCP: Recieved 36 bytes from socket.
03-09-2018 17:59:14 TCP: Parsing Data....
03-09-2018 17:59:14 TCP: Saving Data Into Database......
03-09-2018 17:59:14 TCP: Successfully Saved To Database......
03-09-2018 17:59:17 TCP: Recieved 36 bytes from socket.
03-09-2018 17:59:17 TCP: Parsing Data....
03-09-2018 17:59:17 TCP: Saving Data Into Database......
03-09-2018 17:59:17 TCP: Successfully Saved To Database......
03-09-2018 17:59:21 TCP: Recieved 36 bytes from socket.
03-09-2018 17:59:21 TCP: Parsing Data....
03-09-2018 17:59:21 TCP: Saving Data Into Database......
03-09-2018 17:59:21 TCP: Successfully Saved To Database......
03-09-2018 17:59:23 TCP: Recieved 36 bytes from socket.
03-09-2018 17:59:23 TCP: Parsing Data....
03-09-2018 17:59:23 TCP: Saving Data Into Database......
03-09-2018 17:59:23 TCP: Successfully Saved To Database......
03-09-2018 17:59:26 TCP: Recieved 36 bytes from socket.
03-09-2018 17:59:26 TCP: Parsing Data....
03-09-2018 17:59:26 TCP: Saving Data Into Database......
03-09-2018 17:59:26 TCP: Successfully Saved To Database......
03-09-2018 17:59:29 TCP: Recieved 36 bytes from socket.
03-09-2018 17:59:29 TCP: Parsing Data....
03-09-2018 17:59:29 TCP: Saving Data Into Database......
03-09-2018 17:59:29 TCP: Successfully Saved To Database......
03-09-2018 17:59:32 TCP: Recieved 36 bytes from socket.
03-09-2018 17:59:32 TCP: Parsing Data....
03-09-2018 17:59:32 TCP: Saving Data Into Database......
03-09-2018 17:59:32 TCP: Successfully Saved To Database......
03-09-2018 17:59:35 TCP: Recieved 36 bytes from socket.
03-09-2018 17:59:35 TCP: Parsing Data....
03-09-2018 17:59:35 TCP: Saving Data Into Database......
03-09-2018 17:59:35 TCP: Successfully Saved To Database......
03-09-2018 17:59:38 TCP: Recieved 36 bytes from socket.
03-09-2018 17:59:38 TCP: Parsing Data....
03-09-2018 17:59:38 TCP: Saving Data Into Database......
03-09-2018 17:59:38 TCP: Successfully Saved To Database......
03-09-2018 17:59:41 TCP: Recieved 36 bytes from socket.
03-09-2018 17:59:41 TCP: Parsing Data....
03-09-2018 17:59:41 TCP: Saving Data Into Database......
03-09-2018 17:59:41 TCP: Successfully Saved To Database......
03-09-2018 17:59:44 TCP: Recieved 36 bytes from socket.
03-09-2018 17:59:44 TCP: Parsing Data....
03-09-2018 17:59:44 TCP: Saving Data Into Database......
03-09-2018 17:59:44 TCP: Successfully Saved To Database......
03-09-2018 17:59:47 TCP: Recieved 36 bytes from socket.
03-09-2018 17:59:47 TCP: Parsing Data....
03-09-2018 17:59:47 TCP: Saving Data Into Database......
03-09-2018 17:59:47 TCP: Successfully Saved To Database......
03-09-2018 17:59:50 TCP: Recieved 36 bytes from socket.
03-09-2018 17:59:50 TCP: Parsing Data....
03-09-2018 17:59:50 TCP: Saving Data Into Database......
03-09-2018 17:59:50 TCP: Successfully Saved To Database......
