03-09-2018 15:20:07 UDP: Started listening at port 8414
03-09-2018 15:20:07 TCP: Started listening at port 10025
03-09-2018 15:20:07 TCP Output Control: Started listening at port 668
03-09-2018 15:20:08 TCP Output Control: Error in confirmation checker.
03-09-2018 15:20:08 TCP Output Control: System.InvalidOperationException: ExecuteNonQuery requires the command to have a transaction when the connection assigned to the command is in a pending local transaction.  The Transaction property of the command has not been initialized.
   at System.Data.SqlClient.SqlCommand.ValidateCommand(String method, Boolean async)
   at System.Data.SqlClient.SqlCommand.InternalExecuteNonQuery(TaskCompletionSource`1 completion, String methodName, Boolean sendToPipe, Int32 timeout, Boolean& usedCache, Boolean asyncWrite, Boolean inRetry)
   at System.Data.SqlClient.SqlCommand.ExecuteNonQuery()
   at ExampleService.DataAccess.MSSqlDataAccess.OutputUpdate(Int32 id, Byte status) in C:\Users\Abuzar\Desktop\27-08-2018\ExampleService\DataAccess\MSSqlDataAccess.cs:line 540
   at ExampleService.DataAccess.MSSqlDataAccess.CheckConfirmationExpirations() in C:\Users\Abuzar\Desktop\27-08-2018\ExampleService\DataAccess\MSSqlDataAccess.cs:line 561
   at ExampleService.TCPOutputControl.CheckConfirmationExpiration() in C:\Users\Abuzar\Desktop\27-08-2018\ExampleService\TCPOutputControl.cs:line 313
03-09-2018 15:20:45 TCP: Got new connection: 42.106.18.133:54473
03-09-2018 15:20:46 TCP: Recieved 18 bytes from socket.
03-09-2018 15:20:46 TCP: Parsing Data....
03-09-2018 15:20:46 TCP: Parsing Data....
03-09-2018 15:20:49 TCP: Recieved 15 bytes from socket.
03-09-2018 15:20:49 TCP: Parsing Data....
03-09-2018 15:20:49 TCP: Packet too short.
03-09-2018 15:20:53 TCP: Recieved 36 bytes from socket.
03-09-2018 15:20:53 TCP: Parsing Data....
03-09-2018 15:20:53 TCP: Saving Data Into Database......
03-09-2018 15:20:53 TCP: Successfully Saved To Database......
03-09-2018 15:20:56 TCP: Recieved 36 bytes from socket.
03-09-2018 15:20:56 TCP: Parsing Data....
03-09-2018 15:20:56 TCP: Saving Data Into Database......
03-09-2018 15:20:56 TCP: Successfully Saved To Database......
03-09-2018 15:20:59 TCP: Recieved 36 bytes from socket.
03-09-2018 15:20:59 TCP: Parsing Data....
03-09-2018 15:20:59 TCP: Saving Data Into Database......
03-09-2018 15:20:59 TCP: Successfully Saved To Database......
03-09-2018 15:21:02 TCP: Recieved 36 bytes from socket.
03-09-2018 15:21:02 TCP: Parsing Data....
03-09-2018 15:21:02 TCP: Saving Data Into Database......
03-09-2018 15:21:02 TCP: Successfully Saved To Database......
03-09-2018 15:21:05 TCP: Recieved 36 bytes from socket.
03-09-2018 15:21:05 TCP: Parsing Data....
03-09-2018 15:21:05 TCP: Saving Data Into Database......
03-09-2018 15:21:05 TCP: Successfully Saved To Database......
03-09-2018 15:21:08 TCP: Recieved 36 bytes from socket.
03-09-2018 15:21:08 TCP: Parsing Data....
03-09-2018 15:21:08 TCP: Saving Data Into Database......
03-09-2018 15:21:08 TCP: Successfully Saved To Database......
03-09-2018 15:21:13 TCP: Recieved 36 bytes from socket.
03-09-2018 15:21:13 TCP: Parsing Data....
03-09-2018 15:21:13 TCP: Saving Data Into Database......
03-09-2018 15:21:13 TCP: Successfully Saved To Database......
03-09-2018 15:21:23 TCP: Recieved 36 bytes from socket.
03-09-2018 15:21:23 TCP: Parsing Data....
03-09-2018 15:21:23 TCP: Saving Data Into Database......
03-09-2018 15:21:23 TCP: Successfully Saved To Database......
03-09-2018 15:21:33 TCP: Recieved 36 bytes from socket.
03-09-2018 15:21:33 TCP: Parsing Data....
03-09-2018 15:21:33 TCP: Saving Data Into Database......
03-09-2018 15:21:33 TCP: Successfully Saved To Database......
03-09-2018 15:21:43 TCP: Recieved 36 bytes from socket.
03-09-2018 15:21:43 TCP: Parsing Data....
03-09-2018 15:21:43 TCP: Saving Data Into Database......
03-09-2018 15:21:43 TCP: Successfully Saved To Database......
03-09-2018 15:21:53 TCP: Recieved 36 bytes from socket.
03-09-2018 15:21:53 TCP: Parsing Data....
03-09-2018 15:21:53 TCP: Saving Data Into Database......
03-09-2018 15:21:53 TCP: Successfully Saved To Database......
03-09-2018 15:22:03 TCP: Recieved 36 bytes from socket.
03-09-2018 15:22:03 TCP: Parsing Data....
03-09-2018 15:22:03 TCP: Saving Data Into Database......
03-09-2018 15:22:03 TCP: Successfully Saved To Database......
03-09-2018 15:22:13 TCP: Recieved 36 bytes from socket.
03-09-2018 15:22:13 TCP: Parsing Data....
03-09-2018 15:22:13 TCP: Saving Data Into Database......
03-09-2018 15:22:13 TCP: Successfully Saved To Database......
03-09-2018 15:22:16 TCP: Recieved 15 bytes from socket.
03-09-2018 15:22:16 TCP: Parsing Data....
03-09-2018 15:22:16 TCP: Packet too short.
03-09-2018 15:22:23 TCP: Recieved 36 bytes from socket.
03-09-2018 15:22:23 TCP: Parsing Data....
03-09-2018 15:22:23 TCP: Saving Data Into Database......
03-09-2018 15:22:23 TCP: Successfully Saved To Database......
03-09-2018 15:22:33 TCP: Recieved 36 bytes from socket.
03-09-2018 15:22:33 TCP: Parsing Data....
03-09-2018 15:22:33 TCP: Saving Data Into Database......
03-09-2018 15:22:33 TCP: Successfully Saved To Database......
03-09-2018 15:22:43 TCP: Recieved 36 bytes from socket.
03-09-2018 15:22:43 TCP: Parsing Data....
03-09-2018 15:22:43 TCP: Saving Data Into Database......
03-09-2018 15:22:43 TCP: Successfully Saved To Database......
03-09-2018 15:22:53 TCP: Recieved 36 bytes from socket.
03-09-2018 15:22:53 TCP: Parsing Data....
03-09-2018 15:22:53 TCP: Saving Data Into Database......
03-09-2018 15:22:53 TCP: Successfully Saved To Database......
03-09-2018 15:23:03 TCP: Recieved 36 bytes from socket.
03-09-2018 15:23:03 TCP: Parsing Data....
03-09-2018 15:23:03 TCP: Saving Data Into Database......
03-09-2018 15:23:03 TCP: Successfully Saved To Database......
03-09-2018 15:23:13 TCP: Recieved 36 bytes from socket.
03-09-2018 15:23:13 TCP: Parsing Data....
03-09-2018 15:23:13 TCP: Saving Data Into Database......
03-09-2018 15:23:13 TCP: Successfully Saved To Database......
03-09-2018 15:23:23 TCP: Recieved 36 bytes from socket.
03-09-2018 15:23:23 TCP: Parsing Data....
03-09-2018 15:23:23 TCP: Saving Data Into Database......
03-09-2018 15:23:23 TCP: Successfully Saved To Database......
03-09-2018 15:23:33 TCP: Recieved 36 bytes from socket.
03-09-2018 15:23:33 TCP: Parsing Data....
03-09-2018 15:23:33 TCP: Saving Data Into Database......
03-09-2018 15:23:33 TCP: Successfully Saved To Database......
03-09-2018 15:23:42 TCP: Recieved 36 bytes from socket.
03-09-2018 15:23:42 TCP: Parsing Data....
03-09-2018 15:23:42 TCP: Saving Data Into Database......
03-09-2018 15:23:43 TCP: Successfully Saved To Database......
03-09-2018 15:23:45 TCP: Recieved 15 bytes from socket.
03-09-2018 15:23:45 TCP: Parsing Data....
03-09-2018 15:23:45 TCP: Packet too short.
03-09-2018 15:23:52 TCP: Recieved 36 bytes from socket.
03-09-2018 15:23:52 TCP: Parsing Data....
03-09-2018 15:23:53 TCP: Saving Data Into Database......
03-09-2018 15:23:53 TCP: Successfully Saved To Database......
03-09-2018 15:24:02 TCP: Recieved 36 bytes from socket.
03-09-2018 15:24:02 TCP: Parsing Data....
03-09-2018 15:24:02 TCP: Saving Data Into Database......
03-09-2018 15:24:02 TCP: Successfully Saved To Database......
03-09-2018 15:24:12 TCP: Recieved 36 bytes from socket.
03-09-2018 15:24:12 TCP: Parsing Data....
03-09-2018 15:24:12 TCP: Saving Data Into Database......
03-09-2018 15:24:12 TCP: Successfully Saved To Database......
03-09-2018 15:24:22 TCP: Recieved 36 bytes from socket.
03-09-2018 15:24:22 TCP: Parsing Data....
03-09-2018 15:24:22 TCP: Saving Data Into Database......
03-09-2018 15:24:22 TCP: Successfully Saved To Database......
03-09-2018 15:24:32 TCP: Recieved 36 bytes from socket.
03-09-2018 15:24:32 TCP: Parsing Data....
03-09-2018 15:24:32 TCP: Saving Data Into Database......
03-09-2018 15:24:32 TCP: Successfully Saved To Database......
03-09-2018 15:24:42 TCP: Recieved 36 bytes from socket.
03-09-2018 15:24:42 TCP: Parsing Data....
03-09-2018 15:24:42 TCP: Saving Data Into Database......
03-09-2018 15:24:42 TCP: Successfully Saved To Database......
03-09-2018 15:24:52 TCP: Recieved 36 bytes from socket.
03-09-2018 15:24:52 TCP: Parsing Data....
03-09-2018 15:24:52 TCP: Saving Data Into Database......
03-09-2018 15:24:52 TCP: Successfully Saved To Database......
03-09-2018 15:25:02 TCP: Recieved 36 bytes from socket.
03-09-2018 15:25:02 TCP: Parsing Data....
03-09-2018 15:25:02 TCP: Saving Data Into Database......
03-09-2018 15:25:02 TCP: Successfully Saved To Database......
03-09-2018 15:25:12 TCP: Recieved 36 bytes from socket.
03-09-2018 15:25:12 TCP: Parsing Data....
03-09-2018 15:25:12 TCP: Saving Data Into Database......
03-09-2018 15:25:12 TCP: Successfully Saved To Database......
03-09-2018 15:25:15 TCP: Got new connection: 42.106.18.133:33463
03-09-2018 15:25:16 TCP: Recieved 18 bytes from socket.
03-09-2018 15:25:16 TCP: Parsing Data....
03-09-2018 15:25:16 TCP: Parsing Data....
03-09-2018 15:25:19 TCP: Recieved 15 bytes from socket.
03-09-2018 15:25:19 TCP: Parsing Data....
03-09-2018 15:25:19 TCP: Packet too short.
03-09-2018 15:25:23 TCP: Recieved 36 bytes from socket.
03-09-2018 15:25:23 TCP: Parsing Data....
03-09-2018 15:25:23 TCP: Saving Data Into Database......
03-09-2018 15:25:23 TCP: Successfully Saved To Database......
03-09-2018 15:25:32 TCP: Recieved 36 bytes from socket.
03-09-2018 15:25:32 TCP: Parsing Data....
03-09-2018 15:25:32 TCP: Saving Data Into Database......
03-09-2018 15:25:32 TCP: Successfully Saved To Database......
03-09-2018 15:25:42 TCP: Recieved 36 bytes from socket.
03-09-2018 15:25:42 TCP: Parsing Data....
03-09-2018 15:25:42 TCP: Saving Data Into Database......
03-09-2018 15:25:42 TCP: Successfully Saved To Database......
03-09-2018 15:25:52 TCP: Recieved 36 bytes from socket.
03-09-2018 15:25:52 TCP: Parsing Data....
03-09-2018 15:25:52 TCP: Saving Data Into Database......
03-09-2018 15:25:52 TCP: Successfully Saved To Database......
03-09-2018 15:26:02 TCP: Recieved 36 bytes from socket.
03-09-2018 15:26:02 TCP: Parsing Data....
03-09-2018 15:26:02 TCP: Saving Data Into Database......
03-09-2018 15:26:02 TCP: Successfully Saved To Database......
03-09-2018 15:26:12 TCP: Recieved 36 bytes from socket.
03-09-2018 15:26:12 TCP: Parsing Data....
03-09-2018 15:26:12 TCP: Saving Data Into Database......
03-09-2018 15:26:12 TCP: Successfully Saved To Database......
03-09-2018 15:26:22 TCP: Recieved 36 bytes from socket.
03-09-2018 15:26:22 TCP: Parsing Data....
03-09-2018 15:26:22 TCP: Saving Data Into Database......
03-09-2018 15:26:22 TCP: Successfully Saved To Database......
03-09-2018 15:26:32 TCP: Recieved 36 bytes from socket.
03-09-2018 15:26:32 TCP: Parsing Data....
03-09-2018 15:26:32 TCP: Saving Data Into Database......
03-09-2018 15:26:32 TCP: Successfully Saved To Database......
03-09-2018 15:26:42 TCP: Recieved 36 bytes from socket.
03-09-2018 15:26:42 TCP: Parsing Data....
03-09-2018 15:26:42 TCP: Saving Data Into Database......
03-09-2018 15:26:42 TCP: Successfully Saved To Database......
03-09-2018 15:26:46 TCP: Recieved 15 bytes from socket.
03-09-2018 15:26:46 TCP: Parsing Data....
03-09-2018 15:26:46 TCP: Packet too short.
03-09-2018 15:26:53 TCP: Recieved 36 bytes from socket.
03-09-2018 15:26:53 TCP: Parsing Data....
03-09-2018 15:26:53 TCP: Saving Data Into Database......
03-09-2018 15:26:53 TCP: Successfully Saved To Database......
03-09-2018 15:27:02 TCP: Recieved 36 bytes from socket.
03-09-2018 15:27:02 TCP: Parsing Data....
03-09-2018 15:27:02 TCP: Saving Data Into Database......
03-09-2018 15:27:02 TCP: Successfully Saved To Database......
03-09-2018 15:27:12 TCP: Recieved 36 bytes from socket.
03-09-2018 15:27:12 TCP: Parsing Data....
03-09-2018 15:27:12 TCP: Saving Data Into Database......
03-09-2018 15:27:12 TCP: Successfully Saved To Database......
03-09-2018 15:27:22 TCP: Recieved 36 bytes from socket.
03-09-2018 15:27:22 TCP: Parsing Data....
03-09-2018 15:27:22 TCP: Saving Data Into Database......
03-09-2018 15:27:22 TCP: Successfully Saved To Database......
03-09-2018 15:27:32 TCP: Recieved 36 bytes from socket.
03-09-2018 15:27:32 TCP: Parsing Data....
03-09-2018 15:27:32 TCP: Saving Data Into Database......
03-09-2018 15:27:32 TCP: Successfully Saved To Database......
03-09-2018 15:27:42 TCP: Recieved 36 bytes from socket.
03-09-2018 15:27:42 TCP: Parsing Data....
03-09-2018 15:27:42 TCP: Saving Data Into Database......
03-09-2018 15:27:42 TCP: Successfully Saved To Database......
03-09-2018 15:27:52 TCP: Recieved 36 bytes from socket.
03-09-2018 15:27:52 TCP: Parsing Data....
03-09-2018 15:28:04 TCP: Saving Data Into Database......
03-09-2018 15:28:04 TCP: Successfully Saved To Database......
03-09-2018 15:28:04 TCP: Recieved 36 bytes from socket.
03-09-2018 15:28:04 TCP: Parsing Data....
03-09-2018 15:41:59 TCP: Got new connection: 42.106.18.133:55191
03-09-2018 15:42:06 TCP: Recieved 1024 bytes from socket.
03-09-2018 15:42:08 TCP: Parsing Data....
03-09-2018 15:42:08 TCP: Got new connection: 42.106.26.96:2251
03-09-2018 15:42:12 TCP: Saving Data Into Database......
03-09-2018 15:42:22 TCP: Parsing Data....
03-09-2018 15:42:23 TCP: Got new connection: 42.106.26.96:13655
03-09-2018 15:42:23 TCP: Recieved 1024 bytes from socket.
03-09-2018 15:42:24 TCP: Parsing Data....
03-09-2018 15:42:24 TCP: Recieved 711 bytes from socket.
03-09-2018 15:42:24 TCP: Parsing Data....
03-09-2018 15:42:23 TCP: Recieved 11 bytes from socket.
03-09-2018 15:42:42 TCP: Parsing Data....
03-09-2018 15:42:48 TCP: Parsing Data....
03-09-2018 15:42:48 TCP: Parsing Data....
03-09-2018 15:43:16 TCP: Packet too short.
03-09-2018 15:43:16 TCP: Recieved 119 bytes from socket.
03-09-2018 15:43:16 TCP: Parsing Data....
03-09-2018 15:43:16 TCP: Recieved 216 bytes from socket.
03-09-2018 15:43:16 TCP: Parsing Data....
