29-08-2018 18:05:03 UDP: Started listening at port 8414
29-08-2018 18:05:03 TCP: Started listening at port 10025
29-08-2018 18:05:04 TCP Output Control: Started listening at port 668
29-08-2018 18:05:04 TCP Output Control: Error in confirmation checker.
29-08-2018 18:05:04 TCP Output Control: System.InvalidOperationException: ExecuteNonQuery requires the command to have a transaction when the connection assigned to the command is in a pending local transaction.  The Transaction property of the command has not been initialized.
   at System.Data.SqlClient.SqlCommand.ValidateCommand(String method, Boolean async)
   at System.Data.SqlClient.SqlCommand.InternalExecuteNonQuery(TaskCompletionSource`1 completion, String methodName, Boolean sendToPipe, Int32 timeout, Boolean& usedCache, Boolean asyncWrite, Boolean inRetry)
   at System.Data.SqlClient.SqlCommand.ExecuteNonQuery()
   at ExampleService.DataAccess.MSSqlDataAccess.OutputUpdate(Int32 id, Byte status) in C:\Users\Abuzar\Desktop\27-08-2018\ExampleService\DataAccess\MSSqlDataAccess.cs:line 540
   at ExampleService.DataAccess.MSSqlDataAccess.CheckConfirmationExpirations() in C:\Users\Abuzar\Desktop\27-08-2018\ExampleService\DataAccess\MSSqlDataAccess.cs:line 561
   at ExampleService.TCPOutputControl.CheckConfirmationExpiration() in C:\Users\Abuzar\Desktop\27-08-2018\ExampleService\TCPOutputControl.cs:line 312
29-08-2018 18:05:26 TCP: Got new connection: 42.106.22.181:51643
29-08-2018 18:05:27 TCP: Recieved 18 bytes from socket.
29-08-2018 18:05:27 TCP: Checking for keyword validity.
29-08-2018 18:05:27 TCP: Keyword valid. Waiting for data.
29-08-2018 18:05:30 TCP: Recieved 15 bytes from socket.
29-08-2018 18:05:30 TCP: Parsing recieved data.
29-08-2018 18:05:30 TCP: ---- Parser log start ----
29-08-2018 18:05:30 Helper: IMEI: 1130590330583160
29-08-2018 18:05:30 Helper: Checksum does not match.
29-08-2018 18:05:30 TCP: ---- Saving to database ----
29-08-2018 18:05:30 TCP: ---- Successfully saved to database ----
29-08-2018 18:05:33 TCP: Recieved 36 bytes from socket.
29-08-2018 18:05:33 TCP: Parsing recieved data.
29-08-2018 18:05:33 TCP: ---- Parser log start ----
29-08-2018 18:05:33 Helper: IMEI: 872862776486230136
29-08-2018 18:05:33 Helper: Checksum does not match.
29-08-2018 18:05:33 TCP: ---- Saving to database ----
29-08-2018 18:05:33 TCP: ---- Successfully saved to database ----
29-08-2018 18:05:36 TCP: Recieved 36 bytes from socket.
29-08-2018 18:05:36 TCP: Parsing recieved data.
29-08-2018 18:05:36 TCP: ---- Parser log start ----
29-08-2018 18:05:36 Helper: IMEI: 800805182448302200
29-08-2018 18:05:36 Helper: Checksum does not match.
29-08-2018 18:05:36 TCP: ---- Saving to database ----
29-08-2018 18:05:36 TCP: ---- Successfully saved to database ----
29-08-2018 18:05:39 TCP: Recieved 36 bytes from socket.
29-08-2018 18:05:39 TCP: Parsing recieved data.
29-08-2018 18:05:39 TCP: ---- Parser log start ----
29-08-2018 18:05:39 Helper: IMEI: 800805182448302200
29-08-2018 18:05:39 Helper: Checksum does not match.
29-08-2018 18:05:39 TCP: ---- Saving to database ----
29-08-2018 18:05:39 TCP: ---- Successfully saved to database ----
29-08-2018 18:05:42 TCP: Recieved 36 bytes from socket.
29-08-2018 18:05:42 TCP: Parsing recieved data.
29-08-2018 18:05:42 TCP: ---- Parser log start ----
29-08-2018 18:05:42 Helper: IMEI: 872862776486230136
29-08-2018 18:05:42 Helper: Checksum does not match.
29-08-2018 18:05:42 TCP: ---- Saving to database ----
29-08-2018 18:05:42 TCP: ---- Successfully saved to database ----
29-08-2018 18:05:45 TCP: Recieved 36 bytes from socket.
29-08-2018 18:05:45 TCP: Parsing recieved data.
29-08-2018 18:05:45 TCP: ---- Parser log start ----
29-08-2018 18:05:45 Helper: IMEI: 800805182448302200
29-08-2018 18:05:45 Helper: Checksum does not match.
29-08-2018 18:05:45 TCP: ---- Saving to database ----
29-08-2018 18:05:45 TCP: ---- Successfully saved to database ----
29-08-2018 18:05:48 TCP: Recieved 36 bytes from socket.
29-08-2018 18:05:48 TCP: Parsing recieved data.
29-08-2018 18:05:48 TCP: ---- Parser log start ----
29-08-2018 18:05:48 Helper: IMEI: 800805182448302200
29-08-2018 18:05:48 Helper: Checksum does not match.
29-08-2018 18:05:48 TCP: ---- Saving to database ----
29-08-2018 18:05:48 TCP: ---- Successfully saved to database ----
29-08-2018 18:05:51 TCP: Recieved 15 bytes from socket.
29-08-2018 18:05:51 TCP: Parsing recieved data.
29-08-2018 18:05:51 TCP: ---- Parser log start ----
29-08-2018 18:05:51 Helper: IMEI: 721706530709862520
29-08-2018 18:05:51 Helper: Checksum does not match.
29-08-2018 18:05:51 TCP: ---- Saving to database ----
29-08-2018 18:05:51 TCP: ---- Successfully saved to database ----
29-08-2018 18:05:54 TCP: Recieved 36 bytes from socket.
29-08-2018 18:05:54 TCP: Parsing recieved data.
29-08-2018 18:05:54 TCP: ---- Parser log start ----
29-08-2018 18:05:54 Helper: IMEI: 800805182448302200
29-08-2018 18:05:54 Helper: Checksum does not match.
29-08-2018 18:05:54 TCP: ---- Saving to database ----
29-08-2018 18:05:54 TCP: ---- Successfully saved to database ----
29-08-2018 18:05:57 TCP: Recieved 36 bytes from socket.
29-08-2018 18:05:57 TCP: Parsing recieved data.
29-08-2018 18:05:57 TCP: ---- Parser log start ----
29-08-2018 18:05:57 Helper: IMEI: 800805182448302200
29-08-2018 18:05:57 Helper: Checksum does not match.
29-08-2018 18:05:57 TCP: ---- Saving to database ----
29-08-2018 18:05:57 TCP: ---- Successfully saved to database ----
29-08-2018 18:06:00 TCP: Recieved 36 bytes from socket.
29-08-2018 18:06:00 TCP: Parsing recieved data.
29-08-2018 18:06:00 TCP: ---- Parser log start ----
29-08-2018 18:06:00 Helper: IMEI: 800805182448302200
29-08-2018 18:06:00 Helper: Checksum does not match.
29-08-2018 18:06:00 TCP: ---- Saving to database ----
29-08-2018 18:06:00 TCP: ---- Successfully saved to database ----
29-08-2018 18:06:03 TCP: Recieved 36 bytes from socket.
29-08-2018 18:06:03 TCP: Parsing recieved data.
29-08-2018 18:06:03 TCP: ---- Parser log start ----
29-08-2018 18:06:03 Helper: IMEI: 800805182448302200
29-08-2018 18:06:03 Helper: Checksum does not match.
29-08-2018 18:06:03 TCP: ---- Saving to database ----
29-08-2018 18:06:03 TCP: ---- Successfully saved to database ----
29-08-2018 18:06:06 TCP: Recieved 36 bytes from socket.
29-08-2018 18:06:06 TCP: Parsing recieved data.
29-08-2018 18:06:06 TCP: ---- Parser log start ----
29-08-2018 18:06:06 Helper: IMEI: 800805182448302200
29-08-2018 18:06:06 Helper: Checksum does not match.
29-08-2018 18:06:06 TCP: ---- Saving to database ----
29-08-2018 18:06:06 TCP: ---- Successfully saved to database ----
29-08-2018 18:06:09 TCP: Recieved 36 bytes from socket.
29-08-2018 18:06:09 TCP: Parsing recieved data.
29-08-2018 18:06:09 TCP: ---- Parser log start ----
29-08-2018 18:06:09 Helper: IMEI: 872862776486230136
29-08-2018 18:06:09 Helper: Checksum does not match.
29-08-2018 18:06:09 TCP: ---- Saving to database ----
29-08-2018 18:06:09 TCP: ---- Successfully saved to database ----
29-08-2018 18:06:12 TCP: Recieved 36 bytes from socket.
29-08-2018 18:06:12 TCP: Parsing recieved data.
29-08-2018 18:06:12 TCP: ---- Parser log start ----
29-08-2018 18:06:12 Helper: IMEI: 800805182448302200
29-08-2018 18:06:12 Helper: Checksum does not match.
29-08-2018 18:06:12 TCP: ---- Saving to database ----
29-08-2018 18:06:12 TCP: ---- Successfully saved to database ----
29-08-2018 18:06:15 TCP: Recieved 36 bytes from socket.
29-08-2018 18:06:15 TCP: Parsing recieved data.
29-08-2018 18:06:15 TCP: ---- Parser log start ----
29-08-2018 18:06:15 Helper: IMEI: 800805182448302200
29-08-2018 18:06:15 Helper: Checksum does not match.
29-08-2018 18:06:15 TCP: ---- Saving to database ----
29-08-2018 18:06:15 TCP: ---- Successfully saved to database ----
29-08-2018 18:06:18 TCP: Recieved 36 bytes from socket.
29-08-2018 18:06:18 TCP: Parsing recieved data.
29-08-2018 18:06:18 TCP: ---- Parser log start ----
29-08-2018 18:06:18 Helper: IMEI: 800805182448302200
29-08-2018 18:06:18 Helper: Checksum does not match.
29-08-2018 18:06:18 TCP: ---- Saving to database ----
29-08-2018 18:06:18 TCP: ---- Successfully saved to database ----
29-08-2018 18:06:21 TCP: Recieved 36 bytes from socket.
29-08-2018 18:06:21 TCP: Parsing recieved data.
29-08-2018 18:06:21 TCP: ---- Parser log start ----
29-08-2018 18:06:21 Helper: IMEI: 800805182448302200
29-08-2018 18:06:21 Helper: Checksum does not match.
29-08-2018 18:06:21 TCP: ---- Saving to database ----
29-08-2018 18:06:21 TCP: ---- Successfully saved to database ----
29-08-2018 18:06:24 TCP: Recieved 15 bytes from socket.
29-08-2018 18:06:24 TCP: Parsing recieved data.
29-08-2018 18:06:24 TCP: ---- Parser log start ----
29-08-2018 18:06:24 Helper: IMEI: 721706530709862520
29-08-2018 18:06:24 Helper: Checksum does not match.
29-08-2018 18:06:24 TCP: ---- Saving to database ----
29-08-2018 18:06:24 TCP: ---- Successfully saved to database ----
29-08-2018 18:06:28 TCP: Recieved 36 bytes from socket.
29-08-2018 18:06:28 TCP: Parsing recieved data.
29-08-2018 18:06:28 TCP: ---- Parser log start ----
29-08-2018 18:06:28 Helper: IMEI: 800805182448302200
29-08-2018 18:06:28 Helper: Checksum does not match.
29-08-2018 18:06:28 TCP: ---- Saving to database ----
29-08-2018 18:06:28 TCP: ---- Successfully saved to database ----
29-08-2018 18:06:30 TCP: Recieved 36 bytes from socket.
29-08-2018 18:06:30 TCP: Parsing recieved data.
29-08-2018 18:06:30 TCP: ---- Parser log start ----
29-08-2018 18:06:30 Helper: IMEI: 872862776486230136
29-08-2018 18:06:30 Helper: Checksum does not match.
29-08-2018 18:06:30 TCP: ---- Saving to database ----
29-08-2018 18:06:30 TCP: ---- Successfully saved to database ----
29-08-2018 18:06:33 TCP: Recieved 36 bytes from socket.
29-08-2018 18:06:33 TCP: Parsing recieved data.
29-08-2018 18:06:33 TCP: ---- Parser log start ----
29-08-2018 18:06:33 Helper: IMEI: 800805182448302200
29-08-2018 18:06:33 Helper: Checksum does not match.
29-08-2018 18:06:33 TCP: ---- Saving to database ----
29-08-2018 18:06:33 TCP: ---- Successfully saved to database ----
29-08-2018 18:06:36 TCP: Recieved 36 bytes from socket.
29-08-2018 18:06:36 TCP: Parsing recieved data.
29-08-2018 18:06:36 TCP: ---- Parser log start ----
29-08-2018 18:06:36 Helper: IMEI: 800805182448302200
29-08-2018 18:06:36 Helper: Checksum does not match.
29-08-2018 18:06:36 TCP: ---- Saving to database ----
29-08-2018 18:06:36 TCP: ---- Successfully saved to database ----
29-08-2018 18:06:39 TCP: Recieved 36 bytes from socket.
29-08-2018 18:06:39 TCP: Parsing recieved data.
29-08-2018 18:06:39 TCP: ---- Parser log start ----
29-08-2018 18:06:39 Helper: IMEI: 800805182448302200
29-08-2018 18:06:39 Helper: Checksum does not match.
29-08-2018 18:06:39 TCP: ---- Saving to database ----
29-08-2018 18:06:39 TCP: ---- Successfully saved to database ----
29-08-2018 18:06:42 TCP: Recieved 36 bytes from socket.
29-08-2018 18:06:42 TCP: Parsing recieved data.
29-08-2018 18:06:42 TCP: ---- Parser log start ----
29-08-2018 18:06:42 Helper: IMEI: 800805182448302200
29-08-2018 18:06:42 Helper: Checksum does not match.
29-08-2018 18:06:42 TCP: ---- Saving to database ----
29-08-2018 18:06:42 TCP: ---- Successfully saved to database ----
29-08-2018 18:06:49 TCP: Recieved 36 bytes from socket.
29-08-2018 18:06:49 TCP: Parsing recieved data.
29-08-2018 18:06:49 TCP: ---- Parser log start ----
29-08-2018 18:06:49 Helper: IMEI: 800805182448302200
29-08-2018 18:06:49 Helper: Checksum does not match.
29-08-2018 18:06:49 TCP: ---- Saving to database ----
29-08-2018 18:06:49 TCP: ---- Successfully saved to database ----
29-08-2018 18:06:49 TCP: Recieved 36 bytes from socket.
29-08-2018 18:06:49 TCP: Parsing recieved data.
29-08-2018 18:06:49 TCP: ---- Parser log start ----
29-08-2018 18:06:49 Helper: IMEI: 800805182448302200
29-08-2018 18:06:49 Helper: Checksum does not match.
29-08-2018 18:06:49 TCP: ---- Saving to database ----
29-08-2018 18:06:49 TCP: ---- Successfully saved to database ----
29-08-2018 18:06:51 TCP: Recieved 36 bytes from socket.
29-08-2018 18:06:51 TCP: Parsing recieved data.
29-08-2018 18:06:51 TCP: ---- Parser log start ----
29-08-2018 18:06:51 Helper: IMEI: 872862776486230136
29-08-2018 18:06:51 Helper: Checksum does not match.
29-08-2018 18:06:51 TCP: ---- Saving to database ----
29-08-2018 18:06:51 TCP: ---- Successfully saved to database ----
29-08-2018 18:06:54 TCP: Recieved 36 bytes from socket.
29-08-2018 18:06:54 TCP: Parsing recieved data.
29-08-2018 18:06:54 TCP: ---- Parser log start ----
29-08-2018 18:06:54 Helper: IMEI: 800805182448302200
29-08-2018 18:06:54 Helper: Checksum does not match.
29-08-2018 18:06:54 TCP: ---- Saving to database ----
29-08-2018 18:06:54 TCP: ---- Successfully saved to database ----
29-08-2018 18:06:57 TCP: Recieved 36 bytes from socket.
29-08-2018 18:06:57 TCP: Parsing recieved data.
29-08-2018 18:06:57 TCP: ---- Parser log start ----
29-08-2018 18:06:57 Helper: IMEI: 800805182448302200
29-08-2018 18:06:57 Helper: Checksum does not match.
29-08-2018 18:06:57 TCP: ---- Saving to database ----
29-08-2018 18:06:57 TCP: ---- Successfully saved to database ----
29-08-2018 18:07:00 TCP: Recieved 36 bytes from socket.
29-08-2018 18:07:00 TCP: Parsing recieved data.
29-08-2018 18:07:00 TCP: ---- Parser log start ----
29-08-2018 18:07:00 Helper: IMEI: 800805182448302200
29-08-2018 18:07:00 Helper: Checksum does not match.
29-08-2018 18:07:00 TCP: ---- Saving to database ----
29-08-2018 18:07:00 TCP: ---- Successfully saved to database ----
29-08-2018 18:07:05 TCP: Recieved 36 bytes from socket.
29-08-2018 18:07:05 TCP: Parsing recieved data.
29-08-2018 18:07:05 TCP: ---- Parser log start ----
29-08-2018 18:07:05 Helper: IMEI: 800805182448302200
29-08-2018 18:07:05 Helper: Checksum does not match.
29-08-2018 18:07:05 TCP: ---- Saving to database ----
29-08-2018 18:07:05 TCP: ---- Successfully saved to database ----
29-08-2018 18:07:06 TCP: Recieved 36 bytes from socket.
29-08-2018 18:07:06 TCP: Parsing recieved data.
29-08-2018 18:07:06 TCP: ---- Parser log start ----
29-08-2018 18:07:06 Helper: IMEI: 800805182448302200
29-08-2018 18:07:06 Helper: Checksum does not match.
29-08-2018 18:07:06 TCP: ---- Saving to database ----
29-08-2018 18:07:06 TCP: ---- Successfully saved to database ----
29-08-2018 18:07:09 TCP: Recieved 36 bytes from socket.
29-08-2018 18:07:09 TCP: Parsing recieved data.
29-08-2018 18:07:09 TCP: ---- Parser log start ----
29-08-2018 18:07:09 Helper: IMEI: 800805182448302200
29-08-2018 18:07:09 Helper: Checksum does not match.
29-08-2018 18:07:09 TCP: ---- Saving to database ----
29-08-2018 18:07:09 TCP: ---- Successfully saved to database ----
29-08-2018 18:07:12 TCP: Recieved 36 bytes from socket.
29-08-2018 18:07:12 TCP: Parsing recieved data.
29-08-2018 18:07:13 TCP: ---- Parser log start ----
29-08-2018 18:07:13 Helper: IMEI: 800805182448302200
29-08-2018 18:07:13 Helper: Checksum does not match.
29-08-2018 18:07:13 TCP: ---- Saving to database ----
29-08-2018 18:07:13 TCP: ---- Successfully saved to database ----
29-08-2018 18:07:17 TCP: Recieved 36 bytes from socket.
29-08-2018 18:07:17 TCP: Parsing recieved data.
29-08-2018 18:07:17 TCP: ---- Parser log start ----
29-08-2018 18:07:17 Helper: IMEI: 800805182448302200
29-08-2018 18:07:17 Helper: Checksum does not match.
29-08-2018 18:07:17 TCP: ---- Saving to database ----
29-08-2018 18:07:17 TCP: ---- Successfully saved to database ----
29-08-2018 18:07:18 TCP: Recieved 36 bytes from socket.
29-08-2018 18:07:18 TCP: Parsing recieved data.
29-08-2018 18:07:18 TCP: ---- Parser log start ----
29-08-2018 18:07:18 Helper: IMEI: 872862776486230136
29-08-2018 18:07:18 Helper: Checksum does not match.
29-08-2018 18:07:18 TCP: ---- Saving to database ----
29-08-2018 18:07:18 TCP: ---- Successfully saved to database ----
29-08-2018 18:07:21 TCP: Recieved 36 bytes from socket.
29-08-2018 18:07:21 TCP: Parsing recieved data.
29-08-2018 18:07:21 TCP: ---- Parser log start ----
29-08-2018 18:07:21 Helper: IMEI: 800805182448302200
29-08-2018 18:07:21 Helper: Checksum does not match.
29-08-2018 18:07:21 TCP: ---- Saving to database ----
29-08-2018 18:07:21 TCP: ---- Successfully saved to database ----
29-08-2018 18:07:24 TCP: Recieved 36 bytes from socket.
29-08-2018 18:07:24 TCP: Parsing recieved data.
29-08-2018 18:07:24 TCP: ---- Parser log start ----
29-08-2018 18:07:24 Helper: IMEI: 800805182448302200
29-08-2018 18:07:24 Helper: Checksum does not match.
29-08-2018 18:07:24 TCP: ---- Saving to database ----
29-08-2018 18:07:24 TCP: ---- Successfully saved to database ----
29-08-2018 18:07:27 TCP: Recieved 36 bytes from socket.
29-08-2018 18:07:27 TCP: Parsing recieved data.
29-08-2018 18:07:27 TCP: ---- Parser log start ----
29-08-2018 18:07:27 Helper: IMEI: 800805182448302200
29-08-2018 18:07:27 Helper: Checksum does not match.
29-08-2018 18:07:27 TCP: ---- Saving to database ----
29-08-2018 18:07:27 TCP: ---- Successfully saved to database ----
29-08-2018 18:07:30 TCP: Recieved 36 bytes from socket.
29-08-2018 18:07:30 TCP: Parsing recieved data.
29-08-2018 18:07:30 TCP: ---- Parser log start ----
29-08-2018 18:07:30 Helper: IMEI: 800805182448302200
29-08-2018 18:07:30 Helper: Checksum does not match.
29-08-2018 18:07:30 TCP: ---- Saving to database ----
29-08-2018 18:07:30 TCP: ---- Successfully saved to database ----
29-08-2018 18:07:33 TCP: Recieved 36 bytes from socket.
29-08-2018 18:07:33 TCP: Parsing recieved data.
29-08-2018 18:07:33 TCP: ---- Parser log start ----
29-08-2018 18:07:33 Helper: IMEI: 800805182448302200
29-08-2018 18:07:33 Helper: Checksum does not match.
29-08-2018 18:07:33 TCP: ---- Saving to database ----
29-08-2018 18:07:33 TCP: ---- Successfully saved to database ----
29-08-2018 18:07:36 TCP: Recieved 36 bytes from socket.
29-08-2018 18:07:36 TCP: Parsing recieved data.
29-08-2018 18:07:36 TCP: ---- Parser log start ----
29-08-2018 18:07:36 Helper: IMEI: 800805182448302200
29-08-2018 18:07:36 Helper: Checksum does not match.
29-08-2018 18:07:36 TCP: ---- Saving to database ----
29-08-2018 18:07:36 TCP: ---- Successfully saved to database ----
29-08-2018 18:07:39 TCP: Recieved 36 bytes from socket.
29-08-2018 18:07:39 TCP: Parsing recieved data.
29-08-2018 18:07:39 TCP: ---- Parser log start ----
29-08-2018 18:07:39 Helper: IMEI: 872862776486230136
29-08-2018 18:07:39 Helper: Checksum does not match.
29-08-2018 18:07:39 TCP: ---- Saving to database ----
29-08-2018 18:07:39 TCP: ---- Successfully saved to database ----
29-08-2018 18:07:42 TCP: Recieved 36 bytes from socket.
29-08-2018 18:07:42 TCP: Parsing recieved data.
29-08-2018 18:07:42 TCP: ---- Parser log start ----
29-08-2018 18:07:42 Helper: IMEI: 800805182448302200
29-08-2018 18:07:42 Helper: Checksum does not match.
29-08-2018 18:07:42 TCP: ---- Saving to database ----
29-08-2018 18:07:42 TCP: ---- Successfully saved to database ----
29-08-2018 18:07:45 TCP: Recieved 36 bytes from socket.
29-08-2018 18:07:45 TCP: Parsing recieved data.
29-08-2018 18:07:45 TCP: ---- Parser log start ----
29-08-2018 18:07:45 Helper: IMEI: 800805182448302200
29-08-2018 18:07:45 Helper: Checksum does not match.
29-08-2018 18:07:45 TCP: ---- Saving to database ----
29-08-2018 18:07:45 TCP: ---- Successfully saved to database ----
29-08-2018 18:07:48 TCP: Recieved 36 bytes from socket.
29-08-2018 18:07:48 TCP: Parsing recieved data.
29-08-2018 18:07:48 TCP: ---- Parser log start ----
29-08-2018 18:07:48 Helper: IMEI: 800805182448302200
29-08-2018 18:07:48 Helper: Checksum does not match.
29-08-2018 18:07:48 TCP: ---- Saving to database ----
29-08-2018 18:07:48 TCP: ---- Successfully saved to database ----
29-08-2018 18:07:51 TCP: Recieved 36 bytes from socket.
29-08-2018 18:07:51 TCP: Parsing recieved data.
29-08-2018 18:07:51 TCP: ---- Parser log start ----
29-08-2018 18:07:51 Helper: IMEI: 800805182448302200
29-08-2018 18:07:51 Helper: Checksum does not match.
29-08-2018 18:07:51 TCP: ---- Saving to database ----
29-08-2018 18:07:51 TCP: ---- Successfully saved to database ----
29-08-2018 18:07:54 TCP: Recieved 36 bytes from socket.
29-08-2018 18:07:54 TCP: Parsing recieved data.
29-08-2018 18:07:54 TCP: ---- Parser log start ----
29-08-2018 18:07:54 Helper: IMEI: 800805182448302200
29-08-2018 18:07:54 Helper: Checksum does not match.
29-08-2018 18:07:54 TCP: ---- Saving to database ----
29-08-2018 18:07:54 TCP: ---- Successfully saved to database ----
29-08-2018 18:07:57 TCP: Recieved 36 bytes from socket.
29-08-2018 18:07:57 TCP: Parsing recieved data.
29-08-2018 18:07:57 TCP: ---- Parser log start ----
29-08-2018 18:07:57 Helper: IMEI: 800805182448302200
29-08-2018 18:07:57 Helper: Checksum does not match.
29-08-2018 18:07:57 TCP: ---- Saving to database ----
29-08-2018 18:07:57 TCP: ---- Successfully saved to database ----
29-08-2018 18:08:00 TCP: Recieved 36 bytes from socket.
29-08-2018 18:08:00 TCP: Parsing recieved data.
29-08-2018 18:08:00 TCP: ---- Parser log start ----
29-08-2018 18:08:00 Helper: IMEI: 872862776486230136
29-08-2018 18:08:00 Helper: Checksum does not match.
29-08-2018 18:08:00 TCP: ---- Saving to database ----
29-08-2018 18:08:00 TCP: ---- Successfully saved to database ----
29-08-2018 18:08:03 TCP: Recieved 36 bytes from socket.
29-08-2018 18:08:03 TCP: Parsing recieved data.
29-08-2018 18:08:03 TCP: ---- Parser log start ----
29-08-2018 18:08:03 Helper: IMEI: 800805182448302200
29-08-2018 18:08:03 Helper: Checksum does not match.
29-08-2018 18:08:03 TCP: ---- Saving to database ----
29-08-2018 18:08:03 TCP: ---- Successfully saved to database ----
29-08-2018 18:08:06 TCP: Recieved 36 bytes from socket.
29-08-2018 18:08:06 TCP: Parsing recieved data.
29-08-2018 18:08:06 TCP: ---- Parser log start ----
29-08-2018 18:08:07 Helper: IMEI: 800805182448302200
29-08-2018 18:08:07 Helper: Checksum does not match.
29-08-2018 18:08:07 TCP: ---- Saving to database ----
29-08-2018 18:08:07 TCP: ---- Successfully saved to database ----
29-08-2018 18:08:09 TCP: Recieved 36 bytes from socket.
29-08-2018 18:08:09 TCP: Parsing recieved data.
29-08-2018 18:08:09 TCP: ---- Parser log start ----
29-08-2018 18:08:09 Helper: IMEI: 800805182448302200
29-08-2018 18:08:09 Helper: Checksum does not match.
29-08-2018 18:08:09 TCP: ---- Saving to database ----
29-08-2018 18:08:09 TCP: ---- Successfully saved to database ----
29-08-2018 18:08:12 TCP: Recieved 36 bytes from socket.
29-08-2018 18:08:12 TCP: Parsing recieved data.
29-08-2018 18:08:12 TCP: ---- Parser log start ----
29-08-2018 18:08:12 Helper: IMEI: 800805182448302200
29-08-2018 18:08:12 Helper: Checksum does not match.
29-08-2018 18:08:12 TCP: ---- Saving to database ----
29-08-2018 18:08:12 TCP: ---- Successfully saved to database ----
29-08-2018 18:08:15 TCP: Recieved 36 bytes from socket.
29-08-2018 18:08:15 TCP: Parsing recieved data.
29-08-2018 18:08:15 TCP: ---- Parser log start ----
29-08-2018 18:08:15 Helper: IMEI: 800805182448302200
29-08-2018 18:08:15 Helper: Checksum does not match.
29-08-2018 18:08:15 TCP: ---- Saving to database ----
29-08-2018 18:08:15 TCP: ---- Successfully saved to database ----
29-08-2018 18:08:19 TCP: Recieved 36 bytes from socket.
29-08-2018 18:08:19 TCP: Parsing recieved data.
29-08-2018 18:08:19 TCP: ---- Parser log start ----
29-08-2018 18:08:19 Helper: IMEI: 800805182448302200
29-08-2018 18:08:19 Helper: Checksum does not match.
29-08-2018 18:08:19 TCP: ---- Saving to database ----
29-08-2018 18:08:19 TCP: ---- Successfully saved to database ----
29-08-2018 18:08:22 TCP: Recieved 36 bytes from socket.
29-08-2018 18:08:22 TCP: Parsing recieved data.
29-08-2018 18:08:22 TCP: ---- Parser log start ----
29-08-2018 18:08:22 Helper: IMEI: 800805182448302200
29-08-2018 18:08:22 Helper: Checksum does not match.
29-08-2018 18:08:22 TCP: ---- Saving to database ----
29-08-2018 18:08:22 TCP: ---- Successfully saved to database ----
29-08-2018 18:08:24 TCP: Recieved 36 bytes from socket.
29-08-2018 18:08:24 TCP: Parsing recieved data.
29-08-2018 18:08:24 TCP: ---- Parser log start ----
29-08-2018 18:08:24 Helper: IMEI: 800805182448302200
29-08-2018 18:08:24 Helper: Checksum does not match.
29-08-2018 18:08:24 TCP: ---- Saving to database ----
29-08-2018 18:08:24 TCP: ---- Successfully saved to database ----
29-08-2018 18:08:29 TCP: Recieved 36 bytes from socket.
29-08-2018 18:08:29 TCP: Parsing recieved data.
29-08-2018 18:08:29 TCP: ---- Parser log start ----
29-08-2018 18:08:29 Helper: IMEI: 872862776486230136
29-08-2018 18:08:29 Helper: Checksum does not match.
29-08-2018 18:08:29 TCP: ---- Saving to database ----
29-08-2018 18:08:29 TCP: ---- Successfully saved to database ----
29-08-2018 18:08:31 TCP: Recieved 36 bytes from socket.
29-08-2018 18:08:31 TCP: Parsing recieved data.
29-08-2018 18:08:31 TCP: ---- Parser log start ----
29-08-2018 18:08:31 Helper: IMEI: 800805182448302200
29-08-2018 18:08:31 Helper: Checksum does not match.
29-08-2018 18:08:31 TCP: ---- Saving to database ----
29-08-2018 18:08:31 TCP: ---- Successfully saved to database ----
29-08-2018 18:08:34 TCP: Recieved 36 bytes from socket.
29-08-2018 18:08:34 TCP: Parsing recieved data.
29-08-2018 18:08:34 TCP: ---- Parser log start ----
29-08-2018 18:08:34 Helper: IMEI: 800805182448302200
29-08-2018 18:08:34 Helper: Checksum does not match.
29-08-2018 18:08:34 TCP: ---- Saving to database ----
29-08-2018 18:08:34 TCP: ---- Successfully saved to database ----
29-08-2018 18:08:37 TCP: Recieved 36 bytes from socket.
29-08-2018 18:08:37 TCP: Parsing recieved data.
29-08-2018 18:08:37 TCP: ---- Parser log start ----
29-08-2018 18:08:37 Helper: IMEI: 800805182448302200
29-08-2018 18:08:37 Helper: Checksum does not match.
29-08-2018 18:08:37 TCP: ---- Saving to database ----
29-08-2018 18:08:37 TCP: ---- Successfully saved to database ----
29-08-2018 18:08:40 TCP: Recieved 36 bytes from socket.
29-08-2018 18:08:40 TCP: Parsing recieved data.
29-08-2018 18:08:40 TCP: ---- Parser log start ----
29-08-2018 18:08:40 Helper: IMEI: 800805182448302200
29-08-2018 18:08:40 Helper: Checksum does not match.
29-08-2018 18:08:40 TCP: ---- Saving to database ----
29-08-2018 18:08:40 TCP: ---- Successfully saved to database ----
29-08-2018 18:08:43 TCP: Recieved 15 bytes from socket.
29-08-2018 18:08:43 TCP: Parsing recieved data.
29-08-2018 18:08:43 TCP: ---- Parser log start ----
29-08-2018 18:08:43 Helper: IMEI: 1130590330583160
29-08-2018 18:08:43 Helper: Checksum does not match.
29-08-2018 18:08:43 TCP: ---- Saving to database ----
29-08-2018 18:08:43 TCP: ---- Successfully saved to database ----
29-08-2018 18:08:46 TCP: Recieved 36 bytes from socket.
29-08-2018 18:08:46 TCP: Parsing recieved data.
29-08-2018 18:08:46 TCP: ---- Parser log start ----
29-08-2018 18:08:46 Helper: IMEI: 800805182448302200
29-08-2018 18:08:46 Helper: Checksum does not match.
29-08-2018 18:08:46 TCP: ---- Saving to database ----
29-08-2018 18:08:46 TCP: ---- Successfully saved to database ----
29-08-2018 18:08:48 TCP: Recieved 36 bytes from socket.
29-08-2018 18:08:48 TCP: Parsing recieved data.
29-08-2018 18:08:48 TCP: ---- Parser log start ----
29-08-2018 18:08:48 Helper: IMEI: 800805182448302200
29-08-2018 18:08:48 Helper: Checksum does not match.
29-08-2018 18:08:48 TCP: ---- Saving to database ----
29-08-2018 18:08:48 TCP: ---- Successfully saved to database ----
29-08-2018 18:08:52 TCP: Recieved 36 bytes from socket.
29-08-2018 18:08:52 TCP: Parsing recieved data.
29-08-2018 18:08:52 TCP: ---- Parser log start ----
29-08-2018 18:08:52 Helper: IMEI: 872862776486230136
29-08-2018 18:08:52 Helper: Checksum does not match.
29-08-2018 18:08:52 TCP: ---- Saving to database ----
29-08-2018 18:08:52 TCP: ---- Successfully saved to database ----
29-08-2018 18:08:56 TCP: Recieved 36 bytes from socket.
29-08-2018 18:08:56 TCP: Parsing recieved data.
29-08-2018 18:08:56 TCP: ---- Parser log start ----
29-08-2018 18:08:56 Helper: IMEI: 800805182448302200
29-08-2018 18:08:56 Helper: Checksum does not match.
29-08-2018 18:08:56 TCP: ---- Saving to database ----
29-08-2018 18:08:56 TCP: ---- Successfully saved to database ----
29-08-2018 18:08:58 TCP: Recieved 36 bytes from socket.
29-08-2018 18:08:58 TCP: Parsing recieved data.
29-08-2018 18:08:58 TCP: ---- Parser log start ----
29-08-2018 18:08:58 Helper: IMEI: 800805182448302200
29-08-2018 18:08:58 Helper: Checksum does not match.
29-08-2018 18:08:58 TCP: ---- Saving to database ----
29-08-2018 18:08:58 TCP: ---- Successfully saved to database ----
29-08-2018 18:09:00 TCP: Recieved 36 bytes from socket.
29-08-2018 18:09:00 TCP: Parsing recieved data.
29-08-2018 18:09:00 TCP: ---- Parser log start ----
29-08-2018 18:09:00 Helper: IMEI: 800805182448302200
29-08-2018 18:09:00 Helper: Checksum does not match.
29-08-2018 18:09:00 TCP: ---- Saving to database ----
29-08-2018 18:09:00 TCP: ---- Successfully saved to database ----
29-08-2018 18:09:03 TCP: Recieved 36 bytes from socket.
29-08-2018 18:09:03 TCP: Parsing recieved data.
29-08-2018 18:09:03 TCP: ---- Parser log start ----
29-08-2018 18:09:03 Helper: IMEI: 800805182448302200
29-08-2018 18:09:03 Helper: Checksum does not match.
29-08-2018 18:09:03 TCP: ---- Saving to database ----
29-08-2018 18:09:03 TCP: ---- Successfully saved to database ----
29-08-2018 18:09:07 TCP: Recieved 36 bytes from socket.
29-08-2018 18:09:07 TCP: Parsing recieved data.
29-08-2018 18:09:07 TCP: ---- Parser log start ----
29-08-2018 18:09:07 Helper: IMEI: 800805182448302200
29-08-2018 18:09:07 Helper: Checksum does not match.
29-08-2018 18:09:07 TCP: ---- Saving to database ----
29-08-2018 18:09:07 TCP: ---- Successfully saved to database ----
29-08-2018 18:09:09 TCP: Recieved 36 bytes from socket.
29-08-2018 18:09:09 TCP: Parsing recieved data.
29-08-2018 18:09:09 TCP: ---- Parser log start ----
29-08-2018 18:09:09 Helper: IMEI: 800805182448302200
29-08-2018 18:09:09 Helper: Checksum does not match.
29-08-2018 18:09:09 TCP: ---- Saving to database ----
29-08-2018 18:09:09 TCP: ---- Successfully saved to database ----
29-08-2018 18:09:12 TCP: Recieved 36 bytes from socket.
29-08-2018 18:09:12 TCP: Parsing recieved data.
29-08-2018 18:09:12 TCP: ---- Parser log start ----
29-08-2018 18:09:12 Helper: IMEI: 872862776486230136
29-08-2018 18:09:12 Helper: Checksum does not match.
29-08-2018 18:09:12 TCP: ---- Saving to database ----
29-08-2018 18:09:12 TCP: ---- Successfully saved to database ----
29-08-2018 18:09:15 TCP: Recieved 36 bytes from socket.
29-08-2018 18:09:15 TCP: Parsing recieved data.
29-08-2018 18:09:15 TCP: ---- Parser log start ----
29-08-2018 18:09:15 Helper: IMEI: 800805182448302200
29-08-2018 18:09:15 Helper: Checksum does not match.
29-08-2018 18:09:15 TCP: ---- Saving to database ----
29-08-2018 18:09:15 TCP: ---- Successfully saved to database ----
29-08-2018 18:09:19 TCP: Recieved 36 bytes from socket.
29-08-2018 18:09:19 TCP: Parsing recieved data.
29-08-2018 18:09:19 TCP: ---- Parser log start ----
29-08-2018 18:09:19 Helper: IMEI: 800805182448302200
29-08-2018 18:09:19 Helper: Checksum does not match.
29-08-2018 18:09:19 TCP: ---- Saving to database ----
29-08-2018 18:09:19 TCP: ---- Successfully saved to database ----
29-08-2018 18:09:21 TCP: Recieved 36 bytes from socket.
29-08-2018 18:09:21 TCP: Parsing recieved data.
29-08-2018 18:09:21 TCP: ---- Parser log start ----
29-08-2018 18:09:21 Helper: IMEI: 800805182448302200
29-08-2018 18:09:21 Helper: Checksum does not match.
29-08-2018 18:09:21 TCP: ---- Saving to database ----
29-08-2018 18:09:21 TCP: ---- Successfully saved to database ----
