27-08-2018 16:58:07 UDP: Started listening at port 8414
27-08-2018 16:58:07 TCP: Started listening at port 10025
27-08-2018 16:58:07 TCP Output Control: Started listening at port 668
27-08-2018 16:58:08 TCP Output Control: Error in confirmation checker.
27-08-2018 16:58:08 TCP Output Control: System.InvalidOperationException: ExecuteNonQuery requires the command to have a transaction when the connection assigned to the command is in a pending local transaction.  The Transaction property of the command has not been initialized.
   at System.Data.SqlClient.SqlCommand.ValidateCommand(String method, Boolean async)
   at System.Data.SqlClient.SqlCommand.InternalExecuteNonQuery(TaskCompletionSource`1 completion, String methodName, Boolean sendToPipe, Int32 timeout, Boolean& usedCache, Boolean asyncWrite, Boolean inRetry)
   at System.Data.SqlClient.SqlCommand.ExecuteNonQuery()
   at ExampleService.DataAccess.MSSqlDataAccess.OutputUpdate(Int32 id, Byte status) in C:\Users\Abuzar\Desktop\27-08-2018\ExampleService\DataAccess\MSSqlDataAccess.cs:line 540
   at ExampleService.DataAccess.MSSqlDataAccess.CheckConfirmationExpirations() in C:\Users\Abuzar\Desktop\27-08-2018\ExampleService\DataAccess\MSSqlDataAccess.cs:line 561
   at ExampleService.TCPOutputControl.CheckConfirmationExpiration() in C:\Users\Abuzar\Desktop\27-08-2018\ExampleService\TCPOutputControl.cs:line 312
27-08-2018 16:58:26 TCP: Got new connection: 42.106.27.21:59832
27-08-2018 16:58:27 TCP: Recieved 18 bytes from socket.
27-08-2018 16:58:27 TCP: Checking for keyword validity.
27-08-2018 16:58:36 TCP: Keyword invalid, closing connection.
27-08-2018 16:58:39 TCP: Connection closed.
27-08-2018 16:58:40 TCP: Got new connection: 42.106.27.21:37754
27-08-2018 16:58:41 TCP: Recieved 18 bytes from socket.
27-08-2018 16:58:41 TCP: Checking for keyword validity.
27-08-2018 16:59:10 TCP: Keyword invalid, closing connection.
27-08-2018 16:59:12 TCP: Connection closed.
27-08-2018 16:59:13 TCP: Got new connection: 42.106.27.21:65531
27-08-2018 16:59:15 TCP: Recieved 18 bytes from socket.
27-08-2018 16:59:15 TCP: Checking for keyword validity.
