31-08-2018 16:27:19 UDP: Started listening at port 8414
31-08-2018 16:27:19 TCP: Started listening at port 10025
31-08-2018 16:27:19 TCP Output Control: Started listening at port 668
31-08-2018 16:27:19 TCP Output Control: Error in confirmation checker.
31-08-2018 16:27:19 TCP Output Control: System.InvalidOperationException: ExecuteNonQuery requires the command to have a transaction when the connection assigned to the command is in a pending local transaction.  The Transaction property of the command has not been initialized.
   at System.Data.SqlClient.SqlCommand.ValidateCommand(String method, Boolean async)
   at System.Data.SqlClient.SqlCommand.InternalExecuteNonQuery(TaskCompletionSource`1 completion, String methodName, Boolean sendToPipe, Int32 timeout, Boolean& usedCache, Boolean asyncWrite, Boolean inRetry)
   at System.Data.SqlClient.SqlCommand.ExecuteNonQuery()
   at ExampleService.DataAccess.MSSqlDataAccess.OutputUpdate(Int32 id, Byte status) in C:\Users\Abuzar\Desktop\27-08-2018\ExampleService\DataAccess\MSSqlDataAccess.cs:line 540
   at ExampleService.DataAccess.MSSqlDataAccess.CheckConfirmationExpirations() in C:\Users\Abuzar\Desktop\27-08-2018\ExampleService\DataAccess\MSSqlDataAccess.cs:line 561
   at ExampleService.TCPOutputControl.CheckConfirmationExpiration() in C:\Users\Abuzar\Desktop\27-08-2018\ExampleService\TCPOutputControl.cs:line 312
31-08-2018 16:27:27 TCP: Got new connection: 42.106.20.90:37396
31-08-2018 16:27:29 TCP: Recieved 18 bytes from socket.
31-08-2018 16:27:29 TCP: Checking for keyword validity.
31-08-2018 16:27:29 TCP: Keyword valid. Waiting for data.
31-08-2018 16:27:32 TCP: Recieved 15 bytes from socket.
31-08-2018 16:27:32 TCP: Packet too short.
31-08-2018 16:27:36 TCP: Recieved 36 bytes from socket.
31-08-2018 16:27:39 TCP: Recieved 36 bytes from socket.
31-08-2018 16:27:39 TCP: Checking for keyword validity.
31-08-2018 16:27:39 TCP: Keyword valid. Waiting for data.
31-08-2018 16:27:42 TCP: Recieved 36 bytes from socket.
31-08-2018 16:27:45 TCP: Recieved 15 bytes from socket.
31-08-2018 16:27:45 TCP: Checking for keyword validity.
31-08-2018 16:27:45 TCP: Keyword valid. Waiting for data.
31-08-2018 16:27:48 TCP: Recieved 36 bytes from socket.
31-08-2018 16:27:50 TCP: Recieved 36 bytes from socket.
31-08-2018 16:27:50 TCP: Checking for keyword validity.
31-08-2018 16:27:50 TCP: Keyword valid. Waiting for data.
31-08-2018 16:27:54 TCP: Recieved 36 bytes from socket.
31-08-2018 16:27:57 TCP: Recieved 36 bytes from socket.
31-08-2018 16:27:57 TCP: Checking for keyword validity.
31-08-2018 16:27:57 TCP: Keyword valid. Waiting for data.
31-08-2018 16:28:00 TCP: Recieved 36 bytes from socket.
31-08-2018 16:28:03 TCP: Recieved 36 bytes from socket.
31-08-2018 16:28:03 TCP: Checking for keyword validity.
31-08-2018 16:28:03 TCP: Keyword valid. Waiting for data.
31-08-2018 16:28:06 TCP: Recieved 36 bytes from socket.
31-08-2018 16:28:09 TCP: Recieved 36 bytes from socket.
31-08-2018 16:28:09 TCP: Checking for keyword validity.
31-08-2018 16:28:09 TCP: Keyword valid. Waiting for data.
31-08-2018 16:28:12 TCP: Recieved 36 bytes from socket.
31-08-2018 16:28:15 TCP: Recieved 36 bytes from socket.
31-08-2018 16:28:15 TCP: Checking for keyword validity.
31-08-2018 16:28:15 TCP: Keyword valid. Waiting for data.
31-08-2018 16:28:18 TCP: Recieved 36 bytes from socket.
31-08-2018 16:28:21 TCP: Recieved 15 bytes from socket.
31-08-2018 16:28:21 TCP: Checking for keyword validity.
31-08-2018 16:28:21 TCP: Keyword valid. Waiting for data.
31-08-2018 16:28:24 TCP: Recieved 36 bytes from socket.
31-08-2018 16:28:27 TCP: Recieved 36 bytes from socket.
31-08-2018 16:28:27 TCP: Checking for keyword validity.
31-08-2018 16:28:27 TCP: Keyword valid. Waiting for data.
31-08-2018 16:28:30 TCP: Recieved 36 bytes from socket.
31-08-2018 16:28:36 TCP: Recieved 36 bytes from socket.
31-08-2018 16:28:36 TCP: Checking for keyword validity.
31-08-2018 16:28:36 TCP: Keyword valid. Waiting for data.
31-08-2018 16:28:46 TCP: Recieved 36 bytes from socket.
31-08-2018 16:28:56 TCP: Recieved 36 bytes from socket.
31-08-2018 16:28:56 TCP: Checking for keyword validity.
31-08-2018 16:28:56 TCP: Keyword valid. Waiting for data.
31-08-2018 16:28:58 TCP: Got new connection: 42.106.20.90:58745
31-08-2018 16:28:59 TCP: Recieved 18 bytes from socket.
31-08-2018 16:28:59 TCP: Checking for keyword validity.
31-08-2018 16:28:59 TCP: Keyword valid. Waiting for data.
31-08-2018 16:29:03 TCP: Recieved 15 bytes from socket.
31-08-2018 16:29:03 TCP: Packet too short.
31-08-2018 16:29:05 TCP: Recieved 36 bytes from socket.
31-08-2018 16:29:16 TCP: Recieved 36 bytes from socket.
31-08-2018 16:29:16 TCP: Checking for keyword validity.
31-08-2018 16:29:16 TCP: Keyword valid. Waiting for data.
31-08-2018 16:29:26 TCP: Recieved 36 bytes from socket.
31-08-2018 16:29:35 TCP: Recieved 36 bytes from socket.
31-08-2018 16:29:35 TCP: Checking for keyword validity.
31-08-2018 16:29:35 TCP: Keyword valid. Waiting for data.
31-08-2018 16:29:46 TCP: Recieved 36 bytes from socket.
31-08-2018 16:29:55 TCP: Recieved 36 bytes from socket.
31-08-2018 16:29:55 TCP: Checking for keyword validity.
31-08-2018 16:29:55 TCP: Keyword valid. Waiting for data.
31-08-2018 16:30:05 TCP: Recieved 36 bytes from socket.
31-08-2018 16:30:15 TCP: Recieved 36 bytes from socket.
31-08-2018 16:30:15 TCP: Checking for keyword validity.
31-08-2018 16:30:15 TCP: Keyword valid. Waiting for data.
31-08-2018 16:30:25 TCP: Recieved 36 bytes from socket.
31-08-2018 16:30:29 TCP: Recieved 15 bytes from socket.
31-08-2018 16:30:29 TCP: Checking for keyword validity.
31-08-2018 16:30:29 TCP: Keyword valid. Waiting for data.
31-08-2018 16:30:36 TCP: Recieved 36 bytes from socket.
31-08-2018 16:30:46 TCP: Recieved 36 bytes from socket.
31-08-2018 16:30:46 TCP: Checking for keyword validity.
31-08-2018 16:30:46 TCP: Keyword valid. Waiting for data.
31-08-2018 16:30:56 TCP: Recieved 36 bytes from socket.
31-08-2018 16:31:06 TCP: Recieved 36 bytes from socket.
31-08-2018 16:31:06 TCP: Checking for keyword validity.
31-08-2018 16:31:06 TCP: Keyword valid. Waiting for data.
31-08-2018 16:31:16 TCP: Recieved 36 bytes from socket.
31-08-2018 16:31:26 TCP: Recieved 36 bytes from socket.
31-08-2018 16:31:26 TCP: Checking for keyword validity.
31-08-2018 16:31:26 TCP: Keyword valid. Waiting for data.
31-08-2018 16:31:38 TCP: Recieved 36 bytes from socket.
31-08-2018 16:31:46 TCP: Recieved 36 bytes from socket.
31-08-2018 16:31:46 TCP: Checking for keyword validity.
31-08-2018 16:31:46 TCP: Keyword valid. Waiting for data.
31-08-2018 16:31:56 TCP: Recieved 36 bytes from socket.
31-08-2018 16:31:59 TCP: Recieved 15 bytes from socket.
31-08-2018 16:31:59 TCP: Checking for keyword validity.
31-08-2018 16:31:59 TCP: Keyword valid. Waiting for data.
31-08-2018 16:32:06 TCP: Recieved 36 bytes from socket.
31-08-2018 16:32:16 TCP: Recieved 36 bytes from socket.
31-08-2018 16:32:16 TCP: Checking for keyword validity.
31-08-2018 16:32:16 TCP: Keyword valid. Waiting for data.
31-08-2018 16:32:26 TCP: Recieved 36 bytes from socket.
31-08-2018 16:32:36 TCP: Recieved 36 bytes from socket.
31-08-2018 16:32:36 TCP: Checking for keyword validity.
31-08-2018 16:32:36 TCP: Keyword valid. Waiting for data.
31-08-2018 16:32:46 TCP: Recieved 36 bytes from socket.
31-08-2018 16:32:56 TCP: Recieved 36 bytes from socket.
31-08-2018 16:32:56 TCP: Checking for keyword validity.
31-08-2018 16:32:56 TCP: Keyword valid. Waiting for data.
31-08-2018 16:33:06 TCP: Recieved 36 bytes from socket.
31-08-2018 16:33:16 TCP: Recieved 36 bytes from socket.
31-08-2018 16:33:16 TCP: Checking for keyword validity.
31-08-2018 16:33:16 TCP: Keyword valid. Waiting for data.
31-08-2018 16:33:26 TCP: Recieved 36 bytes from socket.
31-08-2018 16:33:29 TCP: Got new connection: 42.106.20.90:30105
31-08-2018 16:33:30 TCP: Recieved 18 bytes from socket.
31-08-2018 16:33:30 TCP: Checking for keyword validity.
31-08-2018 16:33:30 TCP: Keyword valid. Waiting for data.
31-08-2018 16:33:33 TCP: Recieved 15 bytes from socket.
31-08-2018 16:33:33 TCP: Packet too short.
31-08-2018 16:33:36 TCP: Recieved 36 bytes from socket.
31-08-2018 16:33:46 TCP: Recieved 36 bytes from socket.
31-08-2018 16:33:46 TCP: Checking for keyword validity.
31-08-2018 16:33:46 TCP: Keyword valid. Waiting for data.
31-08-2018 16:33:56 TCP: Recieved 36 bytes from socket.
31-08-2018 16:34:06 TCP: Recieved 36 bytes from socket.
31-08-2018 16:34:06 TCP: Checking for keyword validity.
31-08-2018 16:34:06 TCP: Keyword valid. Waiting for data.
31-08-2018 16:34:16 TCP: Recieved 36 bytes from socket.
31-08-2018 16:34:26 TCP: Recieved 36 bytes from socket.
31-08-2018 16:34:26 TCP: Checking for keyword validity.
31-08-2018 16:34:26 TCP: Keyword valid. Waiting for data.
31-08-2018 16:34:36 TCP: Recieved 36 bytes from socket.
31-08-2018 16:34:46 TCP: Recieved 36 bytes from socket.
31-08-2018 16:34:46 TCP: Checking for keyword validity.
31-08-2018 16:34:46 TCP: Keyword valid. Waiting for data.
31-08-2018 16:34:56 TCP: Recieved 36 bytes from socket.
31-08-2018 16:35:00 TCP: Recieved 15 bytes from socket.
31-08-2018 16:35:00 TCP: Checking for keyword validity.
31-08-2018 16:35:00 TCP: Keyword valid. Waiting for data.
31-08-2018 16:35:06 TCP: Recieved 36 bytes from socket.
31-08-2018 16:35:16 TCP: Recieved 36 bytes from socket.
31-08-2018 16:35:16 TCP: Checking for keyword validity.
31-08-2018 16:35:16 TCP: Keyword valid. Waiting for data.
31-08-2018 16:35:26 TCP: Recieved 36 bytes from socket.
31-08-2018 16:35:36 TCP: Recieved 36 bytes from socket.
31-08-2018 16:35:36 TCP: Checking for keyword validity.
31-08-2018 16:35:36 TCP: Keyword valid. Waiting for data.
31-08-2018 16:35:46 TCP: Recieved 36 bytes from socket.
31-08-2018 16:35:56 TCP: Recieved 36 bytes from socket.
31-08-2018 16:35:56 TCP: Checking for keyword validity.
31-08-2018 16:35:56 TCP: Keyword valid. Waiting for data.
31-08-2018 16:36:06 TCP: Recieved 36 bytes from socket.
31-08-2018 16:36:16 TCP: Recieved 36 bytes from socket.
31-08-2018 16:36:16 TCP: Checking for keyword validity.
31-08-2018 16:36:16 TCP: Keyword valid. Waiting for data.
31-08-2018 16:36:26 TCP: Recieved 36 bytes from socket.
31-08-2018 16:36:36 TCP: Recieved 51 bytes from socket.
31-08-2018 16:36:36 TCP: Checking for keyword validity.
31-08-2018 16:36:36 TCP: Keyword valid. Waiting for data.
31-08-2018 16:36:46 TCP: Recieved 36 bytes from socket.
31-08-2018 16:37:05 TCP: Recieved 36 bytes from socket.
31-08-2018 16:37:05 TCP: Checking for keyword validity.
31-08-2018 16:37:05 TCP: Keyword valid. Waiting for data.
31-08-2018 16:37:06 TCP: Recieved 36 bytes from socket.
31-08-2018 16:37:16 TCP: Recieved 36 bytes from socket.
31-08-2018 16:37:16 TCP: Checking for keyword validity.
31-08-2018 16:37:16 TCP: Keyword valid. Waiting for data.
31-08-2018 16:37:25 TCP: Recieved 36 bytes from socket.
31-08-2018 16:37:35 TCP: Recieved 36 bytes from socket.
31-08-2018 16:37:35 TCP: Checking for keyword validity.
31-08-2018 16:37:35 TCP: Keyword valid. Waiting for data.
31-08-2018 16:37:45 TCP: Recieved 36 bytes from socket.
31-08-2018 16:37:55 TCP: Recieved 36 bytes from socket.
31-08-2018 16:37:55 TCP: Checking for keyword validity.
31-08-2018 16:37:55 TCP: Keyword valid. Waiting for data.
31-08-2018 16:38:32 TCP: Got new connection: 42.106.28.121:60993
31-08-2018 16:38:33 TCP: Recieved 18 bytes from socket.
31-08-2018 16:38:33 TCP: Checking for keyword validity.
31-08-2018 16:38:33 TCP: Keyword valid. Waiting for data.
31-08-2018 16:38:38 TCP: Recieved 15 bytes from socket.
31-08-2018 16:38:38 TCP: Packet too short.
31-08-2018 16:38:39 TCP: Recieved 36 bytes from socket.
31-08-2018 16:38:43 TCP: Recieved 36 bytes from socket.
31-08-2018 16:38:43 TCP: Checking for keyword validity.
31-08-2018 16:38:43 TCP: Keyword valid. Waiting for data.
31-08-2018 16:38:46 TCP: Recieved 36 bytes from socket.
31-08-2018 16:38:49 TCP: Recieved 36 bytes from socket.
31-08-2018 16:38:49 TCP: Checking for keyword validity.
31-08-2018 16:38:49 TCP: Keyword valid. Waiting for data.
31-08-2018 16:38:52 TCP: Recieved 36 bytes from socket.
31-08-2018 16:38:55 TCP: Recieved 36 bytes from socket.
31-08-2018 16:38:55 TCP: Checking for keyword validity.
31-08-2018 16:38:55 TCP: Keyword valid. Waiting for data.
31-08-2018 16:39:05 TCP: Recieved 36 bytes from socket.
31-08-2018 16:39:15 TCP: Recieved 36 bytes from socket.
31-08-2018 16:39:15 TCP: Checking for keyword validity.
31-08-2018 16:39:15 TCP: Keyword valid. Waiting for data.
31-08-2018 16:39:25 TCP: Recieved 36 bytes from socket.
31-08-2018 16:39:35 TCP: Recieved 36 bytes from socket.
31-08-2018 16:39:35 TCP: Checking for keyword validity.
31-08-2018 16:39:35 TCP: Keyword valid. Waiting for data.
31-08-2018 16:39:45 TCP: Recieved 36 bytes from socket.
31-08-2018 16:39:55 TCP: Recieved 36 bytes from socket.
31-08-2018 16:39:55 TCP: Checking for keyword validity.
31-08-2018 16:39:55 TCP: Keyword valid. Waiting for data.
31-08-2018 16:40:03 TCP: Recieved 15 bytes from socket.
31-08-2018 16:40:03 TCP: Packet too short.
31-08-2018 16:40:05 TCP: Recieved 36 bytes from socket.
31-08-2018 16:40:15 TCP: Recieved 36 bytes from socket.
31-08-2018 16:40:15 TCP: Checking for keyword validity.
31-08-2018 16:40:15 TCP: Keyword valid. Waiting for data.
31-08-2018 16:40:25 TCP: Recieved 36 bytes from socket.
31-08-2018 16:40:35 TCP: Recieved 36 bytes from socket.
31-08-2018 16:40:35 TCP: Checking for keyword validity.
31-08-2018 16:40:35 TCP: Keyword valid. Waiting for data.
31-08-2018 16:40:46 TCP: Recieved 36 bytes from socket.
31-08-2018 16:40:56 TCP: Recieved 36 bytes from socket.
31-08-2018 16:40:56 TCP: Checking for keyword validity.
31-08-2018 16:40:56 TCP: Keyword valid. Waiting for data.
31-08-2018 16:41:06 TCP: Recieved 36 bytes from socket.
31-08-2018 16:41:16 TCP: Recieved 36 bytes from socket.
31-08-2018 16:41:16 TCP: Checking for keyword validity.
31-08-2018 16:41:16 TCP: Keyword valid. Waiting for data.
31-08-2018 16:41:26 TCP: Recieved 36 bytes from socket.
31-08-2018 16:41:33 TCP: Recieved 15 bytes from socket.
31-08-2018 16:41:33 TCP: Checking for keyword validity.
31-08-2018 16:41:33 TCP: Keyword valid. Waiting for data.
31-08-2018 16:41:36 TCP: Recieved 36 bytes from socket.
31-08-2018 16:41:46 TCP: Recieved 36 bytes from socket.
31-08-2018 16:41:46 TCP: Checking for keyword validity.
31-08-2018 16:41:46 TCP: Keyword valid. Waiting for data.
31-08-2018 16:41:56 TCP: Recieved 36 bytes from socket.
31-08-2018 16:42:06 TCP: Recieved 36 bytes from socket.
31-08-2018 16:42:06 TCP: Checking for keyword validity.
31-08-2018 16:42:06 TCP: Keyword valid. Waiting for data.
31-08-2018 16:42:16 TCP: Recieved 36 bytes from socket.
31-08-2018 16:42:26 TCP: Recieved 36 bytes from socket.
31-08-2018 16:42:26 TCP: Checking for keyword validity.
31-08-2018 16:42:26 TCP: Keyword valid. Waiting for data.
31-08-2018 16:42:36 TCP: Recieved 36 bytes from socket.
31-08-2018 16:42:46 TCP: Recieved 36 bytes from socket.
31-08-2018 16:42:46 TCP: Checking for keyword validity.
31-08-2018 16:42:46 TCP: Keyword valid. Waiting for data.
31-08-2018 16:42:56 TCP: Recieved 36 bytes from socket.
31-08-2018 16:43:03 TCP: Got new connection: 42.106.28.121:65192
31-08-2018 16:43:04 TCP: Recieved 18 bytes from socket.
31-08-2018 16:43:04 TCP: Checking for keyword validity.
31-08-2018 16:43:04 TCP: Keyword valid. Waiting for data.
31-08-2018 16:43:07 TCP: Recieved 15 bytes from socket.
31-08-2018 16:43:07 TCP: Packet too short.
31-08-2018 16:43:11 TCP: Recieved 36 bytes from socket.
31-08-2018 16:43:15 TCP: Recieved 36 bytes from socket.
31-08-2018 16:43:15 TCP: Checking for keyword validity.
31-08-2018 16:43:15 TCP: Keyword valid. Waiting for data.
31-08-2018 16:43:25 TCP: Recieved 36 bytes from socket.
31-08-2018 16:43:35 TCP: Recieved 36 bytes from socket.
31-08-2018 16:43:35 TCP: Checking for keyword validity.
31-08-2018 16:43:35 TCP: Keyword valid. Waiting for data.
31-08-2018 16:43:45 TCP: Recieved 36 bytes from socket.
31-08-2018 16:43:55 TCP: Recieved 36 bytes from socket.
31-08-2018 16:43:55 TCP: Checking for keyword validity.
31-08-2018 16:43:55 TCP: Keyword valid. Waiting for data.
31-08-2018 16:44:05 TCP: Recieved 36 bytes from socket.
31-08-2018 16:44:15 TCP: Recieved 36 bytes from socket.
31-08-2018 16:44:15 TCP: Checking for keyword validity.
31-08-2018 16:44:15 TCP: Keyword valid. Waiting for data.
31-08-2018 16:44:25 TCP: Recieved 36 bytes from socket.
31-08-2018 16:44:34 TCP: Recieved 15 bytes from socket.
31-08-2018 16:44:34 TCP: Checking for keyword validity.
31-08-2018 16:44:34 TCP: Keyword valid. Waiting for data.
31-08-2018 16:44:35 TCP: Recieved 36 bytes from socket.
31-08-2018 16:44:45 TCP: Recieved 36 bytes from socket.
31-08-2018 16:44:45 TCP: Checking for keyword validity.
31-08-2018 16:44:45 TCP: Keyword valid. Waiting for data.
31-08-2018 16:44:55 TCP: Recieved 36 bytes from socket.
31-08-2018 16:45:05 TCP: Recieved 36 bytes from socket.
31-08-2018 16:45:05 TCP: Checking for keyword validity.
31-08-2018 16:45:05 TCP: Keyword valid. Waiting for data.
31-08-2018 16:45:15 TCP: Recieved 36 bytes from socket.
31-08-2018 16:45:25 TCP: Recieved 36 bytes from socket.
31-08-2018 16:45:25 TCP: Checking for keyword validity.
31-08-2018 16:45:25 TCP: Keyword valid. Waiting for data.
31-08-2018 16:45:35 TCP: Recieved 36 bytes from socket.
31-08-2018 16:45:45 TCP: Recieved 36 bytes from socket.
31-08-2018 16:45:45 TCP: Checking for keyword validity.
31-08-2018 16:45:45 TCP: Keyword valid. Waiting for data.
31-08-2018 16:45:55 TCP: Recieved 36 bytes from socket.
31-08-2018 16:46:04 TCP: Recieved 15 bytes from socket.
31-08-2018 16:46:04 TCP: Checking for keyword validity.
31-08-2018 16:46:04 TCP: Keyword valid. Waiting for data.
31-08-2018 16:46:05 TCP: Recieved 36 bytes from socket.
31-08-2018 16:46:15 TCP: Recieved 36 bytes from socket.
31-08-2018 16:46:15 TCP: Checking for keyword validity.
31-08-2018 16:46:15 TCP: Keyword valid. Waiting for data.
31-08-2018 16:46:26 TCP: Recieved 36 bytes from socket.
31-08-2018 16:46:36 TCP: Recieved 36 bytes from socket.
31-08-2018 16:46:36 TCP: Checking for keyword validity.
31-08-2018 16:46:36 TCP: Keyword valid. Waiting for data.
31-08-2018 16:46:46 TCP: Recieved 36 bytes from socket.
31-08-2018 16:46:56 TCP: Recieved 36 bytes from socket.
31-08-2018 16:46:56 TCP: Checking for keyword validity.
31-08-2018 16:46:56 TCP: Keyword valid. Waiting for data.
31-08-2018 16:47:06 TCP: Recieved 36 bytes from socket.
31-08-2018 16:47:16 TCP: Recieved 36 bytes from socket.
31-08-2018 16:47:16 TCP: Checking for keyword validity.
31-08-2018 16:47:16 TCP: Keyword valid. Waiting for data.
31-08-2018 16:47:26 TCP: Recieved 36 bytes from socket.
31-08-2018 16:47:34 TCP: Got new connection: 42.106.28.121:17933
31-08-2018 16:47:35 TCP: Recieved 18 bytes from socket.
31-08-2018 16:47:35 TCP: Checking for keyword validity.
31-08-2018 16:47:35 TCP: Keyword valid. Waiting for data.
31-08-2018 16:47:38 TCP: Recieved 15 bytes from socket.
31-08-2018 16:47:38 TCP: Packet too short.
31-08-2018 16:47:41 TCP: Recieved 36 bytes from socket.
31-08-2018 16:47:45 TCP: Recieved 36 bytes from socket.
31-08-2018 16:47:45 TCP: Checking for keyword validity.
31-08-2018 16:47:45 TCP: Keyword valid. Waiting for data.
31-08-2018 16:47:55 TCP: Recieved 36 bytes from socket.
31-08-2018 16:48:05 TCP: Recieved 36 bytes from socket.
31-08-2018 16:48:05 TCP: Checking for keyword validity.
31-08-2018 16:48:05 TCP: Keyword valid. Waiting for data.
31-08-2018 16:48:15 TCP: Recieved 36 bytes from socket.
31-08-2018 16:48:25 TCP: Recieved 36 bytes from socket.
31-08-2018 16:48:25 TCP: Checking for keyword validity.
31-08-2018 16:48:25 TCP: Keyword valid. Waiting for data.
31-08-2018 16:48:35 TCP: Recieved 36 bytes from socket.
31-08-2018 16:48:45 TCP: Recieved 36 bytes from socket.
31-08-2018 16:48:45 TCP: Checking for keyword validity.
31-08-2018 16:48:45 TCP: Keyword valid. Waiting for data.
31-08-2018 16:48:55 TCP: Recieved 36 bytes from socket.
31-08-2018 16:49:05 TCP: Recieved 15 bytes from socket.
31-08-2018 16:49:05 TCP: Checking for keyword validity.
31-08-2018 16:49:05 TCP: Keyword valid. Waiting for data.
31-08-2018 16:49:08 TCP: Recieved 36 bytes from socket.
31-08-2018 16:49:15 TCP: Recieved 36 bytes from socket.
31-08-2018 16:49:15 TCP: Checking for keyword validity.
31-08-2018 16:49:15 TCP: Keyword valid. Waiting for data.
31-08-2018 16:49:25 TCP: Recieved 36 bytes from socket.
31-08-2018 16:49:35 TCP: Recieved 36 bytes from socket.
31-08-2018 16:49:35 TCP: Checking for keyword validity.
31-08-2018 16:49:35 TCP: Keyword valid. Waiting for data.
31-08-2018 16:49:45 TCP: Recieved 36 bytes from socket.
31-08-2018 16:49:55 TCP: Recieved 36 bytes from socket.
31-08-2018 16:49:55 TCP: Checking for keyword validity.
31-08-2018 16:49:55 TCP: Keyword valid. Waiting for data.
31-08-2018 16:50:05 TCP: Recieved 36 bytes from socket.
31-08-2018 16:50:15 TCP: Recieved 36 bytes from socket.
31-08-2018 16:50:15 TCP: Checking for keyword validity.
31-08-2018 16:50:15 TCP: Keyword valid. Waiting for data.
31-08-2018 16:50:26 TCP: Recieved 36 bytes from socket.
31-08-2018 16:50:35 TCP: Recieved 15 bytes from socket.
31-08-2018 16:50:35 TCP: Checking for keyword validity.
31-08-2018 16:50:35 TCP: Keyword valid. Waiting for data.
31-08-2018 16:50:36 TCP: Recieved 36 bytes from socket.
31-08-2018 16:50:46 TCP: Recieved 36 bytes from socket.
31-08-2018 16:50:46 TCP: Checking for keyword validity.
31-08-2018 16:50:46 TCP: Keyword valid. Waiting for data.
31-08-2018 16:50:56 TCP: Recieved 36 bytes from socket.
31-08-2018 16:51:06 TCP: Recieved 36 bytes from socket.
31-08-2018 16:51:06 TCP: Checking for keyword validity.
31-08-2018 16:51:06 TCP: Keyword valid. Waiting for data.
31-08-2018 16:51:16 TCP: Recieved 36 bytes from socket.
31-08-2018 16:51:26 TCP: Recieved 36 bytes from socket.
31-08-2018 16:51:26 TCP: Checking for keyword validity.
31-08-2018 16:51:26 TCP: Keyword valid. Waiting for data.
31-08-2018 16:51:36 TCP: Recieved 36 bytes from socket.
31-08-2018 16:51:46 TCP: Recieved 36 bytes from socket.
31-08-2018 16:51:46 TCP: Checking for keyword validity.
31-08-2018 16:51:46 TCP: Keyword valid. Waiting for data.
31-08-2018 16:51:56 TCP: Recieved 36 bytes from socket.
31-08-2018 16:52:42 TCP: Got new connection: 42.106.19.165:21379
31-08-2018 16:52:43 TCP: Recieved 18 bytes from socket.
31-08-2018 16:52:43 TCP: Checking for keyword validity.
31-08-2018 16:52:43 TCP: Keyword valid. Waiting for data.
31-08-2018 16:52:46 TCP: Recieved 15 bytes from socket.
31-08-2018 16:52:46 TCP: Packet too short.
31-08-2018 16:52:49 TCP: Recieved 36 bytes from socket.
31-08-2018 16:52:52 TCP: Recieved 36 bytes from socket.
31-08-2018 16:52:52 TCP: Checking for keyword validity.
31-08-2018 16:52:52 TCP: Keyword valid. Waiting for data.
31-08-2018 16:52:55 TCP: Recieved 36 bytes from socket.
31-08-2018 16:52:58 TCP: Recieved 36 bytes from socket.
31-08-2018 16:52:58 TCP: Checking for keyword validity.
31-08-2018 16:52:58 TCP: Keyword valid. Waiting for data.
31-08-2018 16:53:01 TCP: Recieved 36 bytes from socket.
31-08-2018 16:53:04 TCP: Recieved 36 bytes from socket.
31-08-2018 16:53:04 TCP: Checking for keyword validity.
31-08-2018 16:53:04 TCP: Keyword valid. Waiting for data.
31-08-2018 16:53:05 TCP: Recieved 36 bytes from socket.
31-08-2018 16:53:15 TCP: Recieved 36 bytes from socket.
31-08-2018 16:53:15 TCP: Checking for keyword validity.
31-08-2018 16:53:15 TCP: Keyword valid. Waiting for data.
31-08-2018 16:53:25 TCP: Recieved 36 bytes from socket.
31-08-2018 16:53:35 TCP: Recieved 36 bytes from socket.
31-08-2018 16:53:35 TCP: Checking for keyword validity.
31-08-2018 16:53:35 TCP: Keyword valid. Waiting for data.
31-08-2018 16:53:45 TCP: Recieved 36 bytes from socket.
31-08-2018 16:53:55 TCP: Recieved 36 bytes from socket.
31-08-2018 16:53:55 TCP: Checking for keyword validity.
31-08-2018 16:53:55 TCP: Keyword valid. Waiting for data.
31-08-2018 16:54:05 TCP: Recieved 36 bytes from socket.
31-08-2018 16:54:13 TCP: Recieved 15 bytes from socket.
31-08-2018 16:54:13 TCP: Checking for keyword validity.
31-08-2018 16:54:13 TCP: Keyword valid. Waiting for data.
31-08-2018 16:54:15 TCP: Recieved 36 bytes from socket.
31-08-2018 16:54:25 TCP: Recieved 36 bytes from socket.
31-08-2018 16:54:25 TCP: Checking for keyword validity.
31-08-2018 16:54:25 TCP: Keyword valid. Waiting for data.
31-08-2018 16:54:35 TCP: Recieved 36 bytes from socket.
31-08-2018 16:54:45 TCP: Recieved 36 bytes from socket.
31-08-2018 16:54:45 TCP: Checking for keyword validity.
31-08-2018 16:54:45 TCP: Keyword valid. Waiting for data.
31-08-2018 16:54:56 TCP: Recieved 36 bytes from socket.
31-08-2018 16:55:06 TCP: Recieved 36 bytes from socket.
31-08-2018 16:55:06 TCP: Checking for keyword validity.
31-08-2018 16:55:06 TCP: Keyword valid. Waiting for data.
31-08-2018 16:55:16 TCP: Recieved 36 bytes from socket.
31-08-2018 16:55:26 TCP: Recieved 36 bytes from socket.
31-08-2018 16:55:26 TCP: Checking for keyword validity.
31-08-2018 16:55:26 TCP: Keyword valid. Waiting for data.
31-08-2018 16:55:36 TCP: Recieved 36 bytes from socket.
31-08-2018 16:55:43 TCP: Recieved 15 bytes from socket.
31-08-2018 16:55:43 TCP: Checking for keyword validity.
31-08-2018 16:55:43 TCP: Keyword valid. Waiting for data.
31-08-2018 16:55:46 TCP: Recieved 36 bytes from socket.
31-08-2018 16:55:56 TCP: Recieved 36 bytes from socket.
31-08-2018 16:55:56 TCP: Checking for keyword validity.
31-08-2018 16:55:56 TCP: Keyword valid. Waiting for data.
31-08-2018 16:56:06 TCP: Recieved 36 bytes from socket.
31-08-2018 16:56:16 TCP: Recieved 36 bytes from socket.
31-08-2018 16:56:16 TCP: Checking for keyword validity.
31-08-2018 16:56:16 TCP: Keyword valid. Waiting for data.
31-08-2018 16:56:26 TCP: Recieved 36 bytes from socket.
31-08-2018 16:56:36 TCP: Recieved 36 bytes from socket.
31-08-2018 16:56:36 TCP: Checking for keyword validity.
31-08-2018 16:56:36 TCP: Keyword valid. Waiting for data.
31-08-2018 16:56:46 TCP: Recieved 36 bytes from socket.
31-08-2018 16:56:56 TCP: Recieved 36 bytes from socket.
31-08-2018 16:56:56 TCP: Checking for keyword validity.
31-08-2018 16:56:56 TCP: Keyword valid. Waiting for data.
31-08-2018 16:57:06 TCP: Recieved 36 bytes from socket.
31-08-2018 16:57:15 TCP: Got new connection: 42.106.19.165:52853
31-08-2018 16:57:15 TCP: Recieved 18 bytes from socket.
31-08-2018 16:57:15 TCP: Checking for keyword validity.
31-08-2018 16:57:15 TCP: Keyword valid. Waiting for data.
31-08-2018 16:57:17 TCP: Recieved 15 bytes from socket.
31-08-2018 16:57:17 TCP: Packet too short.
31-08-2018 16:57:20 TCP: Recieved 36 bytes from socket.
31-08-2018 16:57:25 TCP: Recieved 36 bytes from socket.
31-08-2018 16:57:25 TCP: Checking for keyword validity.
31-08-2018 16:57:25 TCP: Keyword valid. Waiting for data.
31-08-2018 16:57:36 TCP: Recieved 36 bytes from socket.
31-08-2018 16:57:46 TCP: Recieved 36 bytes from socket.
31-08-2018 16:57:46 TCP: Checking for keyword validity.
31-08-2018 16:57:46 TCP: Keyword valid. Waiting for data.
31-08-2018 16:57:56 TCP: Recieved 36 bytes from socket.
31-08-2018 16:58:06 TCP: Recieved 36 bytes from socket.
31-08-2018 16:58:06 TCP: Checking for keyword validity.
31-08-2018 16:58:06 TCP: Keyword valid. Waiting for data.
31-08-2018 16:58:15 TCP: Recieved 36 bytes from socket.
31-08-2018 16:58:25 TCP: Recieved 36 bytes from socket.
31-08-2018 16:58:25 TCP: Checking for keyword validity.
31-08-2018 16:58:25 TCP: Keyword valid. Waiting for data.
31-08-2018 16:58:35 TCP: Recieved 36 bytes from socket.
31-08-2018 16:58:45 TCP: Recieved 15 bytes from socket.
31-08-2018 16:58:45 TCP: Checking for keyword validity.
31-08-2018 16:58:45 TCP: Keyword valid. Waiting for data.
31-08-2018 16:58:46 TCP: Recieved 36 bytes from socket.
31-08-2018 16:58:55 TCP: Recieved 36 bytes from socket.
31-08-2018 16:58:55 TCP: Checking for keyword validity.
31-08-2018 16:58:55 TCP: Keyword valid. Waiting for data.
31-08-2018 16:59:05 TCP: Recieved 36 bytes from socket.
31-08-2018 16:59:15 TCP: Recieved 36 bytes from socket.
31-08-2018 16:59:15 TCP: Checking for keyword validity.
31-08-2018 16:59:15 TCP: Keyword valid. Waiting for data.
31-08-2018 16:59:25 TCP: Recieved 36 bytes from socket.
31-08-2018 16:59:35 TCP: Recieved 36 bytes from socket.
31-08-2018 16:59:35 TCP: Checking for keyword validity.
31-08-2018 16:59:35 TCP: Keyword valid. Waiting for data.
31-08-2018 16:59:45 TCP: Recieved 36 bytes from socket.
31-08-2018 16:59:55 TCP: Recieved 36 bytes from socket.
31-08-2018 16:59:55 TCP: Checking for keyword validity.
31-08-2018 16:59:55 TCP: Keyword valid. Waiting for data.
31-08-2018 17:00:05 TCP: Recieved 36 bytes from socket.
31-08-2018 17:00:14 TCP: Recieved 15 bytes from socket.
31-08-2018 17:00:14 TCP: Checking for keyword validity.
31-08-2018 17:00:14 TCP: Keyword valid. Waiting for data.
31-08-2018 17:00:15 TCP: Recieved 36 bytes from socket.
31-08-2018 17:00:25 TCP: Recieved 36 bytes from socket.
31-08-2018 17:00:25 TCP: Checking for keyword validity.
31-08-2018 17:00:25 TCP: Keyword valid. Waiting for data.
31-08-2018 17:00:35 TCP: Recieved 36 bytes from socket.
31-08-2018 17:00:45 TCP: Recieved 36 bytes from socket.
31-08-2018 17:00:45 TCP: Checking for keyword validity.
31-08-2018 17:00:45 TCP: Keyword valid. Waiting for data.
31-08-2018 17:00:55 TCP: Recieved 36 bytes from socket.
31-08-2018 17:01:05 TCP: Recieved 36 bytes from socket.
31-08-2018 17:01:05 TCP: Checking for keyword validity.
31-08-2018 17:01:05 TCP: Keyword valid. Waiting for data.
31-08-2018 17:01:15 TCP: Recieved 36 bytes from socket.
31-08-2018 17:01:25 TCP: Recieved 36 bytes from socket.
31-08-2018 17:01:25 TCP: Checking for keyword validity.
31-08-2018 17:01:25 TCP: Keyword valid. Waiting for data.
31-08-2018 17:01:35 TCP: Recieved 36 bytes from socket.
31-08-2018 17:01:45 TCP: Got new connection: 42.106.19.165:48430
31-08-2018 17:01:46 TCP: Recieved 18 bytes from socket.
31-08-2018 17:01:46 TCP: Checking for keyword validity.
31-08-2018 17:01:46 TCP: Keyword valid. Waiting for data.
31-08-2018 17:01:49 TCP: Recieved 15 bytes from socket.
31-08-2018 17:01:49 TCP: Packet too short.
31-08-2018 17:01:56 TCP: Recieved 36 bytes from socket.
31-08-2018 17:01:57 TCP: Recieved 36 bytes from socket.
31-08-2018 17:01:57 TCP: Checking for keyword validity.
31-08-2018 17:01:57 TCP: Keyword valid. Waiting for data.
31-08-2018 17:02:05 TCP: Recieved 36 bytes from socket.
31-08-2018 17:02:15 TCP: Recieved 36 bytes from socket.
31-08-2018 17:02:15 TCP: Checking for keyword validity.
31-08-2018 17:02:15 TCP: Keyword valid. Waiting for data.
31-08-2018 17:02:25 TCP: Recieved 36 bytes from socket.
31-08-2018 17:02:37 TCP: Recieved 36 bytes from socket.
31-08-2018 17:02:37 TCP: Checking for keyword validity.
31-08-2018 17:02:37 TCP: Keyword valid. Waiting for data.
31-08-2018 17:02:45 TCP: Recieved 36 bytes from socket.
31-08-2018 17:02:56 TCP: Recieved 36 bytes from socket.
31-08-2018 17:02:56 TCP: Checking for keyword validity.
31-08-2018 17:02:56 TCP: Keyword valid. Waiting for data.
31-08-2018 17:03:06 TCP: Recieved 36 bytes from socket.
31-08-2018 17:03:16 TCP: Recieved 36 bytes from socket.
31-08-2018 17:03:16 TCP: Checking for keyword validity.
31-08-2018 17:03:16 TCP: Keyword valid. Waiting for data.
31-08-2018 17:03:19 TCP: Recieved 15 bytes from socket.
31-08-2018 17:03:19 TCP: Packet too short.
31-08-2018 17:03:26 TCP: Recieved 36 bytes from socket.
31-08-2018 17:03:36 TCP: Recieved 36 bytes from socket.
31-08-2018 17:03:36 TCP: Checking for keyword validity.
31-08-2018 17:03:36 TCP: Keyword valid. Waiting for data.
31-08-2018 17:03:46 TCP: Recieved 36 bytes from socket.
31-08-2018 17:03:56 TCP: Recieved 36 bytes from socket.
31-08-2018 17:03:56 TCP: Checking for keyword validity.
31-08-2018 17:03:56 TCP: Keyword valid. Waiting for data.
31-08-2018 17:04:06 TCP: Recieved 36 bytes from socket.
31-08-2018 17:04:16 TCP: Recieved 36 bytes from socket.
31-08-2018 17:04:16 TCP: Checking for keyword validity.
31-08-2018 17:04:16 TCP: Keyword valid. Waiting for data.
31-08-2018 17:04:26 TCP: Recieved 36 bytes from socket.
31-08-2018 17:04:36 TCP: Recieved 36 bytes from socket.
31-08-2018 17:04:36 TCP: Checking for keyword validity.
31-08-2018 17:04:36 TCP: Keyword valid. Waiting for data.
31-08-2018 17:04:46 TCP: Recieved 36 bytes from socket.
31-08-2018 17:04:49 TCP: Recieved 15 bytes from socket.
31-08-2018 17:04:49 TCP: Checking for keyword validity.
31-08-2018 17:04:49 TCP: Keyword valid. Waiting for data.
31-08-2018 17:04:55 TCP: Recieved 36 bytes from socket.
31-08-2018 17:05:05 TCP: Recieved 36 bytes from socket.
31-08-2018 17:05:05 TCP: Checking for keyword validity.
31-08-2018 17:05:05 TCP: Keyword valid. Waiting for data.
31-08-2018 17:05:15 TCP: Recieved 36 bytes from socket.
31-08-2018 17:05:25 TCP: Recieved 36 bytes from socket.
31-08-2018 17:05:25 TCP: Checking for keyword validity.
31-08-2018 17:05:25 TCP: Keyword valid. Waiting for data.
31-08-2018 17:05:35 TCP: Recieved 36 bytes from socket.
31-08-2018 17:05:45 TCP: Recieved 36 bytes from socket.
31-08-2018 17:05:45 TCP: Checking for keyword validity.
31-08-2018 17:05:45 TCP: Keyword valid. Waiting for data.
31-08-2018 17:05:55 TCP: Recieved 36 bytes from socket.
31-08-2018 17:06:05 TCP: Recieved 36 bytes from socket.
31-08-2018 17:06:05 TCP: Checking for keyword validity.
31-08-2018 17:06:05 TCP: Keyword valid. Waiting for data.
31-08-2018 17:06:49 TCP: Got new connection: 42.106.25.29:21510
31-08-2018 17:06:50 TCP: Recieved 18 bytes from socket.
31-08-2018 17:06:50 TCP: Checking for keyword validity.
31-08-2018 17:06:50 TCP: Keyword valid. Waiting for data.
31-08-2018 17:06:53 TCP: Recieved 36 bytes from socket.
31-08-2018 17:06:56 TCP: Recieved 15 bytes from socket.
31-08-2018 17:06:56 TCP: Checking for keyword validity.
31-08-2018 17:06:56 TCP: Keyword valid. Waiting for data.
31-08-2018 17:06:59 TCP: Recieved 36 bytes from socket.
31-08-2018 17:07:02 TCP: Recieved 36 bytes from socket.
31-08-2018 17:07:02 TCP: Checking for keyword validity.
31-08-2018 17:07:02 TCP: Keyword valid. Waiting for data.
31-08-2018 17:07:06 TCP: Recieved 36 bytes from socket.
31-08-2018 17:07:08 TCP: Recieved 36 bytes from socket.
31-08-2018 17:07:08 TCP: Checking for keyword validity.
31-08-2018 17:07:08 TCP: Keyword valid. Waiting for data.
31-08-2018 17:07:12 TCP: Recieved 36 bytes from socket.
31-08-2018 17:07:15 TCP: Recieved 36 bytes from socket.
31-08-2018 17:07:15 TCP: Checking for keyword validity.
31-08-2018 17:07:15 TCP: Keyword valid. Waiting for data.
31-08-2018 17:07:25 TCP: Recieved 36 bytes from socket.
31-08-2018 17:07:35 TCP: Recieved 36 bytes from socket.
31-08-2018 17:07:35 TCP: Checking for keyword validity.
31-08-2018 17:07:35 TCP: Keyword valid. Waiting for data.
31-08-2018 17:07:45 TCP: Recieved 36 bytes from socket.
31-08-2018 17:07:55 TCP: Recieved 36 bytes from socket.
31-08-2018 17:07:55 TCP: Checking for keyword validity.
31-08-2018 17:07:55 TCP: Keyword valid. Waiting for data.
31-08-2018 17:08:05 TCP: Recieved 36 bytes from socket.
31-08-2018 17:08:15 TCP: Recieved 36 bytes from socket.
31-08-2018 17:08:15 TCP: Checking for keyword validity.
31-08-2018 17:08:15 TCP: Keyword valid. Waiting for data.
31-08-2018 17:08:20 TCP: Recieved 15 bytes from socket.
31-08-2018 17:08:20 TCP: Packet too short.
31-08-2018 17:08:25 TCP: Recieved 36 bytes from socket.
31-08-2018 17:08:35 TCP: Recieved 36 bytes from socket.
31-08-2018 17:08:35 TCP: Checking for keyword validity.
31-08-2018 17:08:35 TCP: Keyword valid. Waiting for data.
31-08-2018 17:08:45 TCP: Recieved 36 bytes from socket.
31-08-2018 17:08:55 TCP: Recieved 36 bytes from socket.
31-08-2018 17:08:55 TCP: Checking for keyword validity.
31-08-2018 17:08:55 TCP: Keyword valid. Waiting for data.
31-08-2018 17:09:05 TCP: Recieved 36 bytes from socket.
31-08-2018 17:09:15 TCP: Recieved 36 bytes from socket.
31-08-2018 17:09:15 TCP: Checking for keyword validity.
31-08-2018 17:09:15 TCP: Keyword valid. Waiting for data.
31-08-2018 17:09:25 TCP: Recieved 36 bytes from socket.
31-08-2018 17:09:35 TCP: Recieved 36 bytes from socket.
31-08-2018 17:09:35 TCP: Checking for keyword validity.
31-08-2018 17:09:35 TCP: Keyword valid. Waiting for data.
31-08-2018 17:09:45 TCP: Recieved 36 bytes from socket.
31-08-2018 17:09:50 TCP: Recieved 15 bytes from socket.
31-08-2018 17:09:50 TCP: Checking for keyword validity.
31-08-2018 17:09:50 TCP: Keyword valid. Waiting for data.
31-08-2018 17:09:55 TCP: Recieved 36 bytes from socket.
31-08-2018 17:10:05 TCP: Recieved 36 bytes from socket.
31-08-2018 17:10:05 TCP: Checking for keyword validity.
31-08-2018 17:10:05 TCP: Keyword valid. Waiting for data.
31-08-2018 17:10:15 TCP: Recieved 36 bytes from socket.
31-08-2018 17:10:25 TCP: Recieved 36 bytes from socket.
31-08-2018 17:10:25 TCP: Checking for keyword validity.
31-08-2018 17:10:25 TCP: Keyword valid. Waiting for data.
31-08-2018 17:10:35 TCP: Recieved 36 bytes from socket.
31-08-2018 17:10:45 TCP: Recieved 36 bytes from socket.
31-08-2018 17:10:45 TCP: Checking for keyword validity.
31-08-2018 17:10:45 TCP: Keyword valid. Waiting for data.
31-08-2018 17:10:55 TCP: Recieved 36 bytes from socket.
31-08-2018 17:11:06 TCP: Recieved 36 bytes from socket.
31-08-2018 17:11:06 TCP: Checking for keyword validity.
31-08-2018 17:11:06 TCP: Keyword valid. Waiting for data.
31-08-2018 17:11:15 TCP: Recieved 36 bytes from socket.
31-08-2018 17:11:23 TCP: Got new connection: 42.106.25.29:1105
31-08-2018 17:11:24 TCP: Recieved 18 bytes from socket.
31-08-2018 17:11:24 TCP: Checking for keyword validity.
31-08-2018 17:11:24 TCP: Keyword valid. Waiting for data.
31-08-2018 17:11:28 TCP: Recieved 15 bytes from socket.
31-08-2018 17:11:28 TCP: Packet too short.
31-08-2018 17:11:30 TCP: Recieved 36 bytes from socket.
31-08-2018 17:11:35 TCP: Recieved 36 bytes from socket.
31-08-2018 17:11:35 TCP: Checking for keyword validity.
31-08-2018 17:11:35 TCP: Keyword valid. Waiting for data.
31-08-2018 17:11:45 TCP: Recieved 36 bytes from socket.
31-08-2018 17:11:55 TCP: Recieved 36 bytes from socket.
31-08-2018 17:11:55 TCP: Checking for keyword validity.
31-08-2018 17:11:55 TCP: Keyword valid. Waiting for data.
31-08-2018 17:12:05 TCP: Recieved 36 bytes from socket.
31-08-2018 17:12:15 TCP: Recieved 36 bytes from socket.
31-08-2018 17:12:15 TCP: Checking for keyword validity.
31-08-2018 17:12:15 TCP: Keyword valid. Waiting for data.
31-08-2018 17:12:25 TCP: Recieved 36 bytes from socket.
31-08-2018 17:12:35 TCP: Recieved 36 bytes from socket.
31-08-2018 17:12:35 TCP: Checking for keyword validity.
31-08-2018 17:12:35 TCP: Keyword valid. Waiting for data.
31-08-2018 17:12:45 TCP: Recieved 36 bytes from socket.
31-08-2018 17:12:54 TCP: Recieved 15 bytes from socket.
31-08-2018 17:12:54 TCP: Checking for keyword validity.
31-08-2018 17:12:54 TCP: Keyword valid. Waiting for data.
31-08-2018 17:12:55 TCP: Recieved 36 bytes from socket.
31-08-2018 17:13:05 TCP: Recieved 36 bytes from socket.
31-08-2018 17:13:05 TCP: Checking for keyword validity.
31-08-2018 17:13:05 TCP: Keyword valid. Waiting for data.
31-08-2018 17:13:15 TCP: Recieved 36 bytes from socket.
31-08-2018 17:13:25 TCP: Recieved 36 bytes from socket.
31-08-2018 17:13:25 TCP: Checking for keyword validity.
31-08-2018 17:13:25 TCP: Keyword valid. Waiting for data.
31-08-2018 17:13:35 TCP: Recieved 36 bytes from socket.
31-08-2018 17:13:45 TCP: Recieved 36 bytes from socket.
31-08-2018 17:13:45 TCP: Checking for keyword validity.
31-08-2018 17:13:45 TCP: Keyword valid. Waiting for data.
31-08-2018 17:13:55 TCP: Recieved 36 bytes from socket.
31-08-2018 17:14:05 TCP: Recieved 36 bytes from socket.
31-08-2018 17:14:05 TCP: Checking for keyword validity.
31-08-2018 17:14:05 TCP: Keyword valid. Waiting for data.
31-08-2018 17:14:15 TCP: Recieved 36 bytes from socket.
31-08-2018 17:14:24 TCP: Recieved 15 bytes from socket.
31-08-2018 17:14:24 TCP: Checking for keyword validity.
31-08-2018 17:14:24 TCP: Keyword valid. Waiting for data.
31-08-2018 17:14:26 TCP: Recieved 36 bytes from socket.
31-08-2018 17:14:35 TCP: Recieved 36 bytes from socket.
31-08-2018 17:14:35 TCP: Checking for keyword validity.
31-08-2018 17:14:35 TCP: Keyword valid. Waiting for data.
31-08-2018 17:14:45 TCP: Recieved 36 bytes from socket.
31-08-2018 17:14:55 TCP: Recieved 36 bytes from socket.
31-08-2018 17:14:55 TCP: Checking for keyword validity.
31-08-2018 17:14:55 TCP: Keyword valid. Waiting for data.
31-08-2018 17:15:06 TCP: Recieved 36 bytes from socket.
31-08-2018 17:15:15 TCP: Recieved 36 bytes from socket.
31-08-2018 17:15:15 TCP: Checking for keyword validity.
31-08-2018 17:15:15 TCP: Keyword valid. Waiting for data.
31-08-2018 17:15:26 TCP: Recieved 36 bytes from socket.
31-08-2018 17:15:36 TCP: Recieved 36 bytes from socket.
31-08-2018 17:15:36 TCP: Checking for keyword validity.
31-08-2018 17:15:36 TCP: Keyword valid. Waiting for data.
31-08-2018 17:15:46 TCP: Recieved 36 bytes from socket.
31-08-2018 17:15:54 TCP: Got new connection: 42.106.25.29:1148
31-08-2018 17:15:55 TCP: Recieved 18 bytes from socket.
31-08-2018 17:15:55 TCP: Checking for keyword validity.
31-08-2018 17:15:55 TCP: Keyword valid. Waiting for data.
31-08-2018 17:15:58 TCP: Recieved 15 bytes from socket.
31-08-2018 17:15:58 TCP: Packet too short.
31-08-2018 17:16:01 TCP: Recieved 36 bytes from socket.
31-08-2018 17:16:07 TCP: Recieved 36 bytes from socket.
31-08-2018 17:16:07 TCP: Checking for keyword validity.
31-08-2018 17:16:07 TCP: Keyword valid. Waiting for data.
31-08-2018 17:16:15 TCP: Recieved 36 bytes from socket.
31-08-2018 17:16:25 TCP: Recieved 36 bytes from socket.
31-08-2018 17:16:25 TCP: Checking for keyword validity.
31-08-2018 17:16:25 TCP: Keyword valid. Waiting for data.
31-08-2018 17:16:35 TCP: Recieved 36 bytes from socket.
31-08-2018 17:16:45 TCP: Recieved 36 bytes from socket.
31-08-2018 17:16:45 TCP: Checking for keyword validity.
31-08-2018 17:16:45 TCP: Keyword valid. Waiting for data.
31-08-2018 17:16:55 TCP: Recieved 36 bytes from socket.
31-08-2018 17:17:05 TCP: Recieved 36 bytes from socket.
31-08-2018 17:17:05 TCP: Checking for keyword validity.
31-08-2018 17:17:05 TCP: Keyword valid. Waiting for data.
31-08-2018 17:17:15 TCP: Recieved 36 bytes from socket.
31-08-2018 17:17:25 TCP: Recieved 15 bytes from socket.
31-08-2018 17:17:25 TCP: Checking for keyword validity.
31-08-2018 17:17:25 TCP: Keyword valid. Waiting for data.
31-08-2018 17:17:28 TCP: Recieved 36 bytes from socket.
31-08-2018 17:17:35 TCP: Recieved 36 bytes from socket.
31-08-2018 17:17:35 TCP: Checking for keyword validity.
31-08-2018 17:17:35 TCP: Keyword valid. Waiting for data.
31-08-2018 17:17:45 TCP: Recieved 36 bytes from socket.
31-08-2018 17:17:55 TCP: Recieved 36 bytes from socket.
31-08-2018 17:17:55 TCP: Checking for keyword validity.
31-08-2018 17:17:55 TCP: Keyword valid. Waiting for data.
31-08-2018 17:18:05 TCP: Recieved 36 bytes from socket.
31-08-2018 17:18:15 TCP: Recieved 36 bytes from socket.
31-08-2018 17:18:15 TCP: Checking for keyword validity.
31-08-2018 17:18:15 TCP: Keyword valid. Waiting for data.
31-08-2018 17:18:25 TCP: Recieved 36 bytes from socket.
31-08-2018 17:18:35 TCP: Recieved 36 bytes from socket.
31-08-2018 17:18:35 TCP: Checking for keyword validity.
31-08-2018 17:18:35 TCP: Keyword valid. Waiting for data.
31-08-2018 17:18:45 TCP: Recieved 36 bytes from socket.
31-08-2018 17:18:55 TCP: Recieved 15 bytes from socket.
31-08-2018 17:18:55 TCP: Checking for keyword validity.
31-08-2018 17:18:55 TCP: Keyword valid. Waiting for data.
31-08-2018 17:18:58 TCP: Recieved 36 bytes from socket.
31-08-2018 17:19:05 TCP: Recieved 36 bytes from socket.
31-08-2018 17:19:05 TCP: Checking for keyword validity.
31-08-2018 17:19:05 TCP: Keyword valid. Waiting for data.
31-08-2018 17:19:15 TCP: Recieved 36 bytes from socket.
31-08-2018 17:19:25 TCP: Recieved 36 bytes from socket.
31-08-2018 17:19:25 TCP: Checking for keyword validity.
31-08-2018 17:19:25 TCP: Keyword valid. Waiting for data.
31-08-2018 17:19:35 TCP: Recieved 36 bytes from socket.
31-08-2018 17:19:45 TCP: Recieved 36 bytes from socket.
31-08-2018 17:19:45 TCP: Checking for keyword validity.
31-08-2018 17:19:45 TCP: Keyword valid. Waiting for data.
31-08-2018 17:19:55 TCP: Recieved 36 bytes from socket.
31-08-2018 17:20:05 TCP: Recieved 36 bytes from socket.
31-08-2018 17:20:05 TCP: Checking for keyword validity.
31-08-2018 17:20:05 TCP: Keyword valid. Waiting for data.
31-08-2018 17:20:15 TCP: Recieved 36 bytes from socket.
31-08-2018 17:20:58 TCP: Got new connection: 42.106.7.98:31577
31-08-2018 17:20:59 TCP: Recieved 18 bytes from socket.
31-08-2018 17:20:59 TCP: Checking for keyword validity.
31-08-2018 17:20:59 TCP: Keyword valid. Waiting for data.
31-08-2018 17:21:02 TCP: Recieved 15 bytes from socket.
31-08-2018 17:21:02 TCP: Packet too short.
31-08-2018 17:21:04 TCP: Recieved 36 bytes from socket.
31-08-2018 17:21:11 TCP: Recieved 36 bytes from socket.
31-08-2018 17:21:11 TCP: Checking for keyword validity.
31-08-2018 17:21:11 TCP: Keyword valid. Waiting for data.
31-08-2018 17:21:12 TCP: Recieved 36 bytes from socket.
31-08-2018 17:21:15 TCP: Recieved 36 bytes from socket.
31-08-2018 17:21:15 TCP: Checking for keyword validity.
31-08-2018 17:21:15 TCP: Keyword valid. Waiting for data.
31-08-2018 17:21:18 TCP: Recieved 36 bytes from socket.
31-08-2018 17:21:21 TCP: Recieved 36 bytes from socket.
31-08-2018 17:21:21 TCP: Checking for keyword validity.
31-08-2018 17:21:21 TCP: Keyword valid. Waiting for data.
31-08-2018 17:21:24 TCP: Recieved 36 bytes from socket.
31-08-2018 17:21:36 TCP: Recieved 36 bytes from socket.
31-08-2018 17:21:36 TCP: Checking for keyword validity.
31-08-2018 17:21:36 TCP: Keyword valid. Waiting for data.
31-08-2018 17:21:44 TCP: Recieved 36 bytes from socket.
31-08-2018 17:21:55 TCP: Recieved 36 bytes from socket.
31-08-2018 17:21:55 TCP: Checking for keyword validity.
31-08-2018 17:21:55 TCP: Keyword valid. Waiting for data.
31-08-2018 17:22:04 TCP: Recieved 36 bytes from socket.
31-08-2018 17:22:14 TCP: Recieved 36 bytes from socket.
31-08-2018 17:22:14 TCP: Checking for keyword validity.
31-08-2018 17:22:14 TCP: Keyword valid. Waiting for data.
31-08-2018 17:22:24 TCP: Recieved 36 bytes from socket.
31-08-2018 17:22:29 TCP: Recieved 15 bytes from socket.
31-08-2018 17:22:29 TCP: Checking for keyword validity.
31-08-2018 17:22:29 TCP: Keyword valid. Waiting for data.
31-08-2018 17:22:36 TCP: Recieved 36 bytes from socket.
31-08-2018 17:22:45 TCP: Recieved 36 bytes from socket.
31-08-2018 17:22:45 TCP: Checking for keyword validity.
31-08-2018 17:22:45 TCP: Keyword valid. Waiting for data.
31-08-2018 17:22:55 TCP: Recieved 36 bytes from socket.
31-08-2018 17:23:05 TCP: Recieved 36 bytes from socket.
31-08-2018 17:23:05 TCP: Checking for keyword validity.
31-08-2018 17:23:05 TCP: Keyword valid. Waiting for data.
31-08-2018 17:23:15 TCP: Recieved 36 bytes from socket.
31-08-2018 17:23:25 TCP: Recieved 36 bytes from socket.
31-08-2018 17:23:25 TCP: Checking for keyword validity.
31-08-2018 17:23:25 TCP: Keyword valid. Waiting for data.
31-08-2018 17:23:35 TCP: Recieved 36 bytes from socket.
31-08-2018 17:23:45 TCP: Recieved 36 bytes from socket.
31-08-2018 17:23:45 TCP: Checking for keyword validity.
31-08-2018 17:23:45 TCP: Keyword valid. Waiting for data.
31-08-2018 17:23:55 TCP: Recieved 36 bytes from socket.
31-08-2018 17:23:59 TCP: Recieved 15 bytes from socket.
31-08-2018 17:23:59 TCP: Checking for keyword validity.
31-08-2018 17:23:59 TCP: Keyword valid. Waiting for data.
31-08-2018 17:24:05 TCP: Recieved 36 bytes from socket.
31-08-2018 17:24:15 TCP: Recieved 36 bytes from socket.
31-08-2018 17:24:15 TCP: Checking for keyword validity.
31-08-2018 17:24:15 TCP: Keyword valid. Waiting for data.
31-08-2018 17:24:25 TCP: Recieved 36 bytes from socket.
31-08-2018 17:24:35 TCP: Recieved 36 bytes from socket.
31-08-2018 17:24:35 TCP: Checking for keyword validity.
31-08-2018 17:24:35 TCP: Keyword valid. Waiting for data.
31-08-2018 17:24:45 TCP: Recieved 36 bytes from socket.
31-08-2018 17:24:55 TCP: Recieved 36 bytes from socket.
31-08-2018 17:24:55 TCP: Checking for keyword validity.
31-08-2018 17:24:55 TCP: Keyword valid. Waiting for data.
31-08-2018 17:25:07 TCP: Recieved 36 bytes from socket.
31-08-2018 17:25:15 TCP: Recieved 36 bytes from socket.
31-08-2018 17:25:15 TCP: Checking for keyword validity.
31-08-2018 17:25:15 TCP: Keyword valid. Waiting for data.
31-08-2018 17:25:25 TCP: Recieved 36 bytes from socket.
31-08-2018 17:25:29 TCP: Got new connection: 42.106.7.98:9708
31-08-2018 17:25:30 TCP: Recieved 18 bytes from socket.
31-08-2018 17:25:30 TCP: Checking for keyword validity.
31-08-2018 17:25:30 TCP: Keyword valid. Waiting for data.
31-08-2018 17:25:33 TCP: Recieved 15 bytes from socket.
31-08-2018 17:25:33 TCP: Packet too short.
31-08-2018 17:25:35 TCP: Recieved 36 bytes from socket.
31-08-2018 17:25:45 TCP: Recieved 36 bytes from socket.
31-08-2018 17:25:45 TCP: Checking for keyword validity.
31-08-2018 17:25:45 TCP: Keyword valid. Waiting for data.
31-08-2018 17:25:55 TCP: Recieved 36 bytes from socket.
31-08-2018 17:26:05 TCP: Recieved 36 bytes from socket.
31-08-2018 17:26:05 TCP: Checking for keyword validity.
31-08-2018 17:26:05 TCP: Keyword valid. Waiting for data.
31-08-2018 17:26:15 TCP: Recieved 36 bytes from socket.
31-08-2018 17:26:25 TCP: Recieved 36 bytes from socket.
31-08-2018 17:26:25 TCP: Checking for keyword validity.
31-08-2018 17:26:25 TCP: Keyword valid. Waiting for data.
31-08-2018 17:26:35 TCP: Recieved 36 bytes from socket.
31-08-2018 17:26:45 TCP: Recieved 36 bytes from socket.
31-08-2018 17:26:45 TCP: Checking for keyword validity.
31-08-2018 17:26:45 TCP: Keyword valid. Waiting for data.
31-08-2018 17:26:55 TCP: Recieved 36 bytes from socket.
31-08-2018 17:27:00 TCP: Recieved 15 bytes from socket.
31-08-2018 17:27:00 TCP: Checking for keyword validity.
31-08-2018 17:27:00 TCP: Keyword valid. Waiting for data.
31-08-2018 17:27:05 TCP: Recieved 36 bytes from socket.
31-08-2018 17:27:15 TCP: Recieved 36 bytes from socket.
31-08-2018 17:27:15 TCP: Checking for keyword validity.
31-08-2018 17:27:15 TCP: Keyword valid. Waiting for data.
31-08-2018 17:27:25 TCP: Recieved 36 bytes from socket.
31-08-2018 17:27:35 TCP: Recieved 36 bytes from socket.
31-08-2018 17:27:35 TCP: Checking for keyword validity.
31-08-2018 17:27:35 TCP: Keyword valid. Waiting for data.
31-08-2018 17:27:45 TCP: Recieved 36 bytes from socket.
31-08-2018 17:27:55 TCP: Recieved 36 bytes from socket.
31-08-2018 17:27:55 TCP: Checking for keyword validity.
31-08-2018 17:27:55 TCP: Keyword valid. Waiting for data.
31-08-2018 17:28:05 TCP: Recieved 36 bytes from socket.
31-08-2018 17:28:15 TCP: Recieved 36 bytes from socket.
31-08-2018 17:28:15 TCP: Checking for keyword validity.
31-08-2018 17:28:15 TCP: Keyword valid. Waiting for data.
31-08-2018 17:28:27 TCP: Recieved 36 bytes from socket.
31-08-2018 17:28:29 TCP: Recieved 15 bytes from socket.
31-08-2018 17:28:29 TCP: Checking for keyword validity.
31-08-2018 17:28:29 TCP: Keyword valid. Waiting for data.
31-08-2018 17:28:35 TCP: Recieved 36 bytes from socket.
31-08-2018 17:28:45 TCP: Recieved 36 bytes from socket.
31-08-2018 17:28:45 TCP: Checking for keyword validity.
31-08-2018 17:28:45 TCP: Keyword valid. Waiting for data.
31-08-2018 17:28:55 TCP: Recieved 36 bytes from socket.
31-08-2018 17:29:05 TCP: Recieved 36 bytes from socket.
31-08-2018 17:29:05 TCP: Checking for keyword validity.
31-08-2018 17:29:05 TCP: Keyword valid. Waiting for data.
31-08-2018 17:29:15 TCP: Recieved 36 bytes from socket.
31-08-2018 17:29:25 TCP: Recieved 36 bytes from socket.
31-08-2018 17:29:25 TCP: Checking for keyword validity.
31-08-2018 17:29:25 TCP: Keyword valid. Waiting for data.
31-08-2018 17:29:35 TCP: Recieved 36 bytes from socket.
31-08-2018 17:29:45 TCP: Recieved 36 bytes from socket.
31-08-2018 17:29:45 TCP: Checking for keyword validity.
31-08-2018 17:29:45 TCP: Keyword valid. Waiting for data.
31-08-2018 17:29:54 TCP: Recieved 36 bytes from socket.
31-08-2018 17:30:00 TCP: Got new connection: 42.106.7.98:37443
31-08-2018 17:30:01 TCP: Recieved 18 bytes from socket.
31-08-2018 17:30:01 TCP: Checking for keyword validity.
31-08-2018 17:30:01 TCP: Keyword valid. Waiting for data.
31-08-2018 17:30:04 TCP: Recieved 15 bytes from socket.
31-08-2018 17:30:04 TCP: Packet too short.
31-08-2018 17:30:05 TCP: Recieved 36 bytes from socket.
31-08-2018 17:30:15 TCP: Recieved 36 bytes from socket.
31-08-2018 17:30:15 TCP: Checking for keyword validity.
31-08-2018 17:30:15 TCP: Keyword valid. Waiting for data.
31-08-2018 17:30:25 TCP: Recieved 36 bytes from socket.
31-08-2018 17:30:35 TCP: Recieved 36 bytes from socket.
31-08-2018 17:30:35 TCP: Checking for keyword validity.
31-08-2018 17:30:35 TCP: Keyword valid. Waiting for data.
31-08-2018 17:30:45 TCP: Recieved 36 bytes from socket.
