29-08-2018 13:31:53 UDP: Started listening at port 8414
29-08-2018 13:31:53 TCP: Started listening at port 10025
29-08-2018 13:31:54 TCP Output Control: Started listening at port 668
29-08-2018 13:31:55 TCP Output Control: Error in confirmation checker.
29-08-2018 13:31:55 TCP Output Control: System.InvalidOperationException: ExecuteNonQuery requires the command to have a transaction when the connection assigned to the command is in a pending local transaction.  The Transaction property of the command has not been initialized.
   at System.Data.SqlClient.SqlCommand.ValidateCommand(String method, Boolean async)
   at System.Data.SqlClient.SqlCommand.InternalExecuteNonQuery(TaskCompletionSource`1 completion, String methodName, Boolean sendToPipe, Int32 timeout, Boolean& usedCache, Boolean asyncWrite, Boolean inRetry)
   at System.Data.SqlClient.SqlCommand.ExecuteNonQuery()
   at ExampleService.DataAccess.MSSqlDataAccess.OutputUpdate(Int32 id, Byte status) in C:\Users\Abuzar\Desktop\27-08-2018\ExampleService\DataAccess\MSSqlDataAccess.cs:line 540
   at ExampleService.DataAccess.MSSqlDataAccess.CheckConfirmationExpirations() in C:\Users\Abuzar\Desktop\27-08-2018\ExampleService\DataAccess\MSSqlDataAccess.cs:line 561
   at ExampleService.TCPOutputControl.CheckConfirmationExpiration() in C:\Users\Abuzar\Desktop\27-08-2018\ExampleService\TCPOutputControl.cs:line 312
29-08-2018 13:32:12 TCP: Got new connection: 42.106.19.224:35007
29-08-2018 13:32:13 TCP: Recieved 18 bytes from socket.
29-08-2018 13:32:13 TCP: Checking for keyword validity.
29-08-2018 13:32:13 TCP: Keyword valid. Waiting for data.
29-08-2018 13:32:16 TCP: Recieved 15 bytes from socket.
29-08-2018 13:32:16 TCP: Parsing recieved data.
29-08-2018 13:32:16 TCP: ---- Parser log start ----
29-08-2018 13:32:16 Helper: IMEI: 1130590330583160
29-08-2018 13:32:16 Helper: Error parsing data.
29-08-2018 13:32:16 TCP: ---- Saving to database ----
29-08-2018 13:32:16 TCP: ---- Successfully saved to database ----
29-08-2018 13:32:19 TCP: Recieved 36 bytes from socket.
29-08-2018 13:32:19 TCP: Parsing recieved data.
29-08-2018 13:32:19 TCP: ---- Parser log start ----
29-08-2018 13:32:19 Helper: IMEI: 584632400334518392
29-08-2018 13:32:19 Helper: Error parsing data.
29-08-2018 13:32:19 TCP: ---- Saving to database ----
29-08-2018 13:32:19 TCP: ---- Successfully saved to database ----
29-08-2018 13:32:22 TCP: Recieved 15 bytes from socket.
29-08-2018 13:32:22 TCP: Parsing recieved data.
29-08-2018 13:32:22 TCP: ---- Parser log start ----
29-08-2018 13:32:22 Helper: IMEI: 1130590330583160
29-08-2018 13:32:22 Helper: Error parsing data.
29-08-2018 13:32:22 TCP: ---- Saving to database ----
29-08-2018 13:32:22 TCP: ---- Successfully saved to database ----
29-08-2018 13:32:25 TCP: Recieved 36 bytes from socket.
29-08-2018 13:32:25 TCP: Parsing recieved data.
29-08-2018 13:32:25 TCP: ---- Parser log start ----
29-08-2018 13:32:25 Helper: IMEI: 584632400334518392
29-08-2018 13:32:25 Helper: Error parsing data.
29-08-2018 13:32:25 TCP: ---- Saving to database ----
29-08-2018 13:32:25 TCP: ---- Successfully saved to database ----
29-08-2018 13:32:28 TCP: Recieved 36 bytes from socket.
29-08-2018 13:32:28 TCP: Parsing recieved data.
29-08-2018 13:32:28 TCP: ---- Parser log start ----
29-08-2018 13:32:28 Helper: IMEI: 584632400334518392
29-08-2018 13:32:28 Helper: Error parsing data.
29-08-2018 13:32:28 TCP: ---- Saving to database ----
29-08-2018 13:32:28 TCP: ---- Successfully saved to database ----
29-08-2018 13:32:31 TCP: Recieved 36 bytes from socket.
29-08-2018 13:32:31 TCP: Parsing recieved data.
29-08-2018 13:32:31 TCP: ---- Parser log start ----
29-08-2018 13:32:31 Helper: IMEI: 584632400334518392
29-08-2018 13:32:31 Helper: Error parsing data.
29-08-2018 13:32:31 TCP: ---- Saving to database ----
29-08-2018 13:32:31 TCP: ---- Successfully saved to database ----
29-08-2018 13:32:34 TCP: Recieved 36 bytes from socket.
29-08-2018 13:32:34 TCP: Parsing recieved data.
29-08-2018 13:32:34 TCP: ---- Parser log start ----
29-08-2018 13:32:34 Helper: IMEI: 584632400334518392
29-08-2018 13:32:34 Helper: Error parsing data.
29-08-2018 13:32:34 TCP: ---- Saving to database ----
29-08-2018 13:32:34 TCP: ---- Successfully saved to database ----
29-08-2018 13:32:37 TCP: Recieved 36 bytes from socket.
29-08-2018 13:32:37 TCP: Parsing recieved data.
29-08-2018 13:32:37 TCP: ---- Parser log start ----
29-08-2018 13:32:51 Helper: IMEI: 584632400334518392
29-08-2018 13:33:30 Helper: Error parsing data.
29-08-2018 13:34:24 TCP: Got new connection: 42.106.19.224:34259
29-08-2018 13:34:28 TCP: Recieved 177 bytes from socket.
29-08-2018 13:34:32 TCP: Checking for keyword validity.
29-08-2018 13:34:32 TCP: Keyword valid. Waiting for data.
29-08-2018 13:34:32 TCP: Recieved 36 bytes from socket.
29-08-2018 13:34:32 Helper: Checksum does not match.
29-08-2018 13:34:32 TCP: Parsing recieved data.
29-08-2018 13:34:32 TCP: ---- Parser log start ----
29-08-2018 13:34:49 TCP: ---- Saving to database ----
29-08-2018 13:35:11 Helper: IMEI: 584632400334518392
29-08-2018 13:35:11 Helper: Error parsing data.
29-08-2018 13:35:11 TCP: ---- Saving to database ----
29-08-2018 13:35:11 TCP: ---- Successfully saved to database ----
29-08-2018 13:35:11 TCP: Recieved 360 bytes from socket.
29-08-2018 13:35:11 TCP: Parsing recieved data.
29-08-2018 13:35:11 TCP: ---- Parser log start ----
29-08-2018 13:35:13 Helper: IMEI: 584632400334518392
29-08-2018 13:35:13 Helper: Error parsing data.
29-08-2018 13:35:13 TCP: ---- Saving to database ----
29-08-2018 13:35:13 TCP: ---- Successfully saved to database ----
29-08-2018 13:35:13 TCP: ---- Successfully saved to database ----
29-08-2018 13:35:13 TCP: Recieved 144 bytes from socket.
29-08-2018 13:35:13 TCP: Parsing recieved data.
29-08-2018 13:35:13 TCP: ---- Parser log start ----
29-08-2018 13:35:14 Helper: IMEI: 584632400334518392
29-08-2018 13:35:14 Helper: Error parsing data.
29-08-2018 13:35:14 TCP: ---- Saving to database ----
29-08-2018 13:35:14 TCP: ---- Successfully saved to database ----
29-08-2018 13:35:14 TCP: Recieved 36 bytes from socket.
29-08-2018 13:35:14 TCP: Parsing recieved data.
29-08-2018 13:35:14 TCP: ---- Parser log start ----
