27-08-2018 16:54:50 UDP: Started listening at port 8414
27-08-2018 16:54:50 TCP: Started listening at port 10025
27-08-2018 16:54:50 TCP Output Control: Started listening at port 668
27-08-2018 16:54:51 TCP Output Control: Error in confirmation checker.
27-08-2018 16:54:51 TCP Output Control: System.InvalidOperationException: ExecuteNonQuery requires the command to have a transaction when the connection assigned to the command is in a pending local transaction.  The Transaction property of the command has not been initialized.
   at System.Data.SqlClient.SqlCommand.ValidateCommand(String method, Boolean async)
   at System.Data.SqlClient.SqlCommand.InternalExecuteNonQuery(TaskCompletionSource`1 completion, String methodName, Boolean sendToPipe, Int32 timeout, Boolean& usedCache, Boolean asyncWrite, Boolean inRetry)
   at System.Data.SqlClient.SqlCommand.ExecuteNonQuery()
   at ExampleService.DataAccess.MSSqlDataAccess.OutputUpdate(Int32 id, Byte status) in C:\Users\Abuzar\Desktop\27-08-2018\ExampleService\DataAccess\MSSqlDataAccess.cs:line 540
   at ExampleService.DataAccess.MSSqlDataAccess.CheckConfirmationExpirations() in C:\Users\Abuzar\Desktop\27-08-2018\ExampleService\DataAccess\MSSqlDataAccess.cs:line 561
   at ExampleService.TCPOutputControl.CheckConfirmationExpiration() in C:\Users\Abuzar\Desktop\27-08-2018\ExampleService\TCPOutputControl.cs:line 312
27-08-2018 16:55:16 TCP: Got new connection: 42.106.21.169:10722
27-08-2018 16:55:17 TCP: Recieved 18 bytes from socket.
27-08-2018 16:55:17 TCP: Checking for keyword validity.
27-08-2018 16:55:27 TCP: Keyword valid. Waiting for data.
27-08-2018 16:55:34 TCP: Recieved 138 bytes from socket.
27-08-2018 16:55:34 TCP: Unknown service id = 201 , closing connection.
27-08-2018 16:55:37 TCP: Got new connection: 42.106.21.169:64405
27-08-2018 16:55:37 TCP: Connection closed.
27-08-2018 16:55:37 TCP: Recieved 18 bytes from socket.
27-08-2018 16:55:37 TCP: Checking for keyword validity.
27-08-2018 16:55:41 TCP: Keyword valid. Waiting for data.
27-08-2018 16:55:41 TCP: Recieved 36 bytes from socket.
27-08-2018 16:55:41 TCP: Unknown service id = 201 , closing connection.
27-08-2018 16:55:41 TCP: Connection closed.
27-08-2018 16:55:42 TCP: Got new connection: 42.106.21.169:46201
27-08-2018 16:55:43 TCP: Recieved 18 bytes from socket.
27-08-2018 16:55:43 TCP: Checking for keyword validity.
27-08-2018 16:55:44 TCP: Keyword valid. Waiting for data.
27-08-2018 16:55:46 TCP: Recieved 36 bytes from socket.
27-08-2018 16:55:46 TCP: Unknown service id = 201 , closing connection.
27-08-2018 16:55:46 TCP: Connection closed.
27-08-2018 16:56:22 TCP: Got new connection: 42.106.24.50:28857
27-08-2018 16:56:23 TCP: Recieved 18 bytes from socket.
27-08-2018 16:56:23 TCP: Checking for keyword validity.
27-08-2018 16:57:11 TCP: Keyword valid. Waiting for data.
27-08-2018 16:57:11 TCP: Recieved 387 bytes from socket.
27-08-2018 16:57:11 TCP: Unknown service id = 75 , closing connection.
27-08-2018 16:57:11 TCP: Connection closed.
27-08-2018 16:57:12 TCP: Got new connection: 42.106.24.50:34237
27-08-2018 16:57:13 TCP: Recieved 18 bytes from socket.
27-08-2018 16:57:13 TCP: Checking for keyword validity.
