28-08-2018 16:14:06 UDP: Started listening at port 8414
28-08-2018 16:14:06 TCP: Started listening at port 10025
28-08-2018 16:14:06 TCP Output Control: Started listening at port 668
28-08-2018 16:14:07 TCP Output Control: Error in confirmation checker.
28-08-2018 16:14:07 TCP Output Control: System.InvalidOperationException: ExecuteNonQuery requires the command to have a transaction when the connection assigned to the command is in a pending local transaction.  The Transaction property of the command has not been initialized.
   at System.Data.SqlClient.SqlCommand.ValidateCommand(String method, Boolean async)
   at System.Data.SqlClient.SqlCommand.InternalExecuteNonQuery(TaskCompletionSource`1 completion, String methodName, Boolean sendToPipe, Int32 timeout, Boolean& usedCache, Boolean asyncWrite, Boolean inRetry)
   at System.Data.SqlClient.SqlCommand.ExecuteNonQuery()
   at ExampleService.DataAccess.MSSqlDataAccess.OutputUpdate(Int32 id, Byte status) in C:\Users\Abuzar\Desktop\27-08-2018\ExampleService\DataAccess\MSSqlDataAccess.cs:line 540
   at ExampleService.DataAccess.MSSqlDataAccess.CheckConfirmationExpirations() in C:\Users\Abuzar\Desktop\27-08-2018\ExampleService\DataAccess\MSSqlDataAccess.cs:line 561
   at ExampleService.TCPOutputControl.CheckConfirmationExpiration() in C:\Users\Abuzar\Desktop\27-08-2018\ExampleService\TCPOutputControl.cs:line 312
28-08-2018 16:14:38 TCP: Got new connection: 42.106.30.52:64306
28-08-2018 16:14:39 TCP: Recieved 18 bytes from socket.
28-08-2018 16:14:39 TCP: Checking for keyword validity.
28-08-2018 16:14:39 TCP: Keyword valid. Waiting for data.
28-08-2018 16:14:42 TCP: Recieved 15 bytes from socket.
28-08-2018 16:15:08 TCP: Unknown service id = 202 , closing connection.
28-08-2018 16:15:08 TCP: Connection closed.
28-08-2018 16:15:10 TCP: Got new connection: 42.106.30.52:25810
28-08-2018 16:15:11 TCP: Recieved 18 bytes from socket.
28-08-2018 16:15:11 TCP: Checking for keyword validity.
28-08-2018 16:15:11 TCP: Keyword valid. Waiting for data.
28-08-2018 16:15:14 TCP: Recieved 36 bytes from socket.
