30-08-2018 12:27:11 UDP: Started listening at port 8414
30-08-2018 12:27:11 TCP: Started listening at port 10025
30-08-2018 12:27:11 TCP Output Control: Started listening at port 668
30-08-2018 12:27:12 TCP Output Control: Error in confirmation checker.
30-08-2018 12:27:12 TCP Output Control: System.InvalidOperationException: ExecuteNonQuery requires the command to have a transaction when the connection assigned to the command is in a pending local transaction.  The Transaction property of the command has not been initialized.
   at System.Data.SqlClient.SqlCommand.ValidateCommand(String method, Boolean async)
   at System.Data.SqlClient.SqlCommand.InternalExecuteNonQuery(TaskCompletionSource`1 completion, String methodName, Boolean sendToPipe, Int32 timeout, Boolean& usedCache, Boolean asyncWrite, Boolean inRetry)
   at System.Data.SqlClient.SqlCommand.ExecuteNonQuery()
   at ExampleService.DataAccess.MSSqlDataAccess.OutputUpdate(Int32 id, Byte status) in C:\Users\Abuzar\Desktop\27-08-2018\ExampleService\DataAccess\MSSqlDataAccess.cs:line 540
   at ExampleService.DataAccess.MSSqlDataAccess.CheckConfirmationExpirations() in C:\Users\Abuzar\Desktop\27-08-2018\ExampleService\DataAccess\MSSqlDataAccess.cs:line 561
   at ExampleService.TCPOutputControl.CheckConfirmationExpiration() in C:\Users\Abuzar\Desktop\27-08-2018\ExampleService\TCPOutputControl.cs:line 312
30-08-2018 12:27:19 TCP: Got new connection: 42.106.21.82:29180
30-08-2018 12:27:23 TCP: Recieved 18 bytes from socket.
30-08-2018 12:27:23 TCP: Checking for keyword validity.
30-08-2018 12:27:26 Helper: IMEI: 8108821301936617592
30-08-2018 12:27:26 Helper: Checksum does not match.
30-08-2018 12:27:26 TCP: Keyword valid. Waiting for data.
30-08-2018 12:27:29 TCP: Recieved 15 bytes from socket.
30-08-2018 12:27:33 TCP: Packet too short.
30-08-2018 12:27:51 TCP: Recieved 108 bytes from socket.
