22-05-2018 15:33:34 UDP: Started listening at port 8414
22-05-2018 15:33:34 TCP: Started listening at port 10025
22-05-2018 15:33:35 TCP Output Control: Started listening at port 668
22-05-2018 15:34:25 TCP: Got new connection: 27.97.137.89:3570
22-05-2018 15:34:25 TCP: Recieved 7 bytes from socket.
22-05-2018 15:34:25 TCP: Checking for keyword validity.
22-05-2018 15:34:25 TCP: Keyword valid. Waiting for data.
22-05-2018 15:34:26 TCP: Recieved 87 bytes from socket.
22-05-2018 15:34:26 TCP: Parsing recieved data.
22-05-2018 15:34:26 TCP: ---- Parser log start ----
22-05-2018 15:34:26 Helper: IMEI: 866710039995144
22-05-2018 15:34:26 Packet parser: 1: Packet type: 7. 22-05-2018 10:02:24 AM
22-05-2018 15:34:26 Packet parser: Mask1=400B, Mask2=0000, Mask3=0000, Mask4=0000
22-05-2018 15:34:26 Packet parser: 7DT0: Spd=0,Sat=7,HDOP=1,Course=0,Altitude = 605,Odo=0
22-05-2018 15:34:26 Packet parser: 8741539C0B4059BC9342B71B94410017005D0200000000A880A32F94011654277401003A
22-05-2018 15:34:26 Packet parser: 38: Packet type: 7. 22-05-2018 10:03:22 AM
22-05-2018 15:34:26 Packet parser: Mask1=400B, Mask2=0000, Mask3=0000, Mask4=0000
22-05-2018 15:34:26 Packet parser: 7DT0: Spd=0,Sat=6,HDOP=1,Course=0,Altitude = 605,Odo=0
22-05-2018 15:34:26 Packet parser: 5743539C0B4059BC9342B71B94410016005D0200000000A880B52F94011654277401003A
22-05-2018 15:34:26 TCP: ---- Parser log end ----
22-05-2018 15:34:26 TCP: Parse results:
Parsed items from packet: 2

Merged data packet:
{
  "AnalogInputs": [
    0,
    12195,
    0,
    0,
    0,
    0,
    0,
    0
  ],
  "DigitalInputs": 32936,
  "Gps": {
    "Longitude": 73.86787,
    "Latitude": 18.5135326,
    "Speed": 0,
    "Satellites": 7,
    "Hdop": 1,
    "Direction": 0,
    "Altitude": 605,
    "Odometer": 0.0
  },
  "Gsm": {
    "MobileCountryCode": 404,
    "MobileNetworkCode": 22,
    "LocalAreaCode": 10068,
    "CellIdentifier": 372,
    "TimingAdvance": 0,
    "ReceivedSignalStrength": 58
  },
  "Time": "2018-05-22T10:02:24"
}

Merged data packet:
{
  "AnalogInputs": [
    0,
    12213,
    0,
    0,
    0,
    0,
    0,
    0
  ],
  "DigitalInputs": 32936,
  "Gps": {
    "Longitude": 73.86787,
    "Latitude": 18.5135326,
    "Speed": 0,
    "Satellites": 6,
    "Hdop": 1,
    "Direction": 0,
    "Altitude": 605,
    "Odometer": 0.0
  },
  "Gsm": {
    "MobileCountryCode": 404,
    "MobileNetworkCode": 22,
    "LocalAreaCode": 10068,
    "CellIdentifier": 372,
    "TimingAdvance": 0,
    "ReceivedSignalStrength": 58
  },
  "Time": "2018-05-22T10:03:22"
}

22-05-2018 15:34:27 TCP: ---- Saving to database ----
22-05-2018 15:34:27 TCP: ---- Successfully saved to database ----
22-05-2018 15:36:28 TCP: Recieved 87 bytes from socket.
22-05-2018 15:36:28 TCP: Parsing recieved data.
22-05-2018 15:36:28 TCP: ---- Parser log start ----
22-05-2018 15:36:28 Helper: IMEI: 866710039995144
22-05-2018 15:36:28 Packet parser: 1: Packet type: 7. 22-05-2018 10:04:24 AM
22-05-2018 15:36:28 Packet parser: Mask1=400B, Mask2=0000, Mask3=0000, Mask4=0000
22-05-2018 15:36:28 Packet parser: 7DT0: Spd=0,Sat=7,HDOP=1,Course=0,Altitude = 605,Odo=0
22-05-2018 15:36:28 Packet parser: 4745539C0B4059BC9342B71B94410017005D0200000000A880892F94011654277401003A
22-05-2018 15:36:28 Packet parser: 38: Packet type: 7. 22-05-2018 10:05:24 AM
22-05-2018 15:36:28 Packet parser: Mask1=400B, Mask2=0000, Mask3=0000, Mask4=0000
22-05-2018 15:36:28 Packet parser: 7DT0: Spd=0,Sat=6,HDOP=1,Course=0,Altitude = 605,Odo=0
22-05-2018 15:36:28 Packet parser: 2747539C0B4059BC9342B71B94410016005D0200000000A880B52F94011654277401003A
22-05-2018 15:36:28 TCP: ---- Parser log end ----
22-05-2018 15:36:28 TCP: Parse results:
Parsed items from packet: 2

Merged data packet:
{
  "AnalogInputs": [
    0,
    12169,
    0,
    0,
    0,
    0,
    0,
    0
  ],
  "DigitalInputs": 32936,
  "Gps": {
    "Longitude": 73.86787,
    "Latitude": 18.5135326,
    "Speed": 0,
    "Satellites": 7,
    "Hdop": 1,
    "Direction": 0,
    "Altitude": 605,
    "Odometer": 0.0
  },
  "Gsm": {
    "MobileCountryCode": 404,
    "MobileNetworkCode": 22,
    "LocalAreaCode": 10068,
    "CellIdentifier": 372,
    "TimingAdvance": 0,
    "ReceivedSignalStrength": 58
  },
  "Time": "2018-05-22T10:04:24"
}

Merged data packet:
{
  "AnalogInputs": [
    0,
    12213,
    0,
    0,
    0,
    0,
    0,
    0
  ],
  "DigitalInputs": 32936,
  "Gps": {
    "Longitude": 73.86787,
    "Latitude": 18.5135326,
    "Speed": 0,
    "Satellites": 6,
    "Hdop": 1,
    "Direction": 0,
    "Altitude": 605,
    "Odometer": 0.0
  },
  "Gsm": {
    "MobileCountryCode": 404,
    "MobileNetworkCode": 22,
    "LocalAreaCode": 10068,
    "CellIdentifier": 372,
    "TimingAdvance": 0,
    "ReceivedSignalStrength": 58
  },
  "Time": "2018-05-22T10:05:24"
}

22-05-2018 15:36:28 TCP: ---- Saving to database ----
22-05-2018 15:36:28 TCP: ---- Successfully saved to database ----
