29-08-2018 12:15:08 UDP: Started listening at port 8414
29-08-2018 12:15:08 TCP: Started listening at port 10025
29-08-2018 12:15:09 TCP Output Control: Started listening at port 668
29-08-2018 12:15:10 TCP Output Control: Error in confirmation checker.
29-08-2018 12:15:10 TCP Output Control: System.InvalidOperationException: ExecuteNonQuery requires the command to have a transaction when the connection assigned to the command is in a pending local transaction.  The Transaction property of the command has not been initialized.
   at System.Data.SqlClient.SqlCommand.ValidateCommand(String method, Boolean async)
   at System.Data.SqlClient.SqlCommand.InternalExecuteNonQuery(TaskCompletionSource`1 completion, String methodName, Boolean sendToPipe, Int32 timeout, Boolean& usedCache, Boolean asyncWrite, Boolean inRetry)
   at System.Data.SqlClient.SqlCommand.ExecuteNonQuery()
   at ExampleService.DataAccess.MSSqlDataAccess.OutputUpdate(Int32 id, Byte status) in C:\Users\Abuzar\Desktop\27-08-2018\ExampleService\DataAccess\MSSqlDataAccess.cs:line 540
   at ExampleService.DataAccess.MSSqlDataAccess.CheckConfirmationExpirations() in C:\Users\Abuzar\Desktop\27-08-2018\ExampleService\DataAccess\MSSqlDataAccess.cs:line 561
   at ExampleService.TCPOutputControl.CheckConfirmationExpiration() in C:\Users\Abuzar\Desktop\27-08-2018\ExampleService\TCPOutputControl.cs:line 312
29-08-2018 12:15:36 TCP: Got new connection: 42.106.16.112:49581
29-08-2018 12:15:38 TCP: Recieved 18 bytes from socket.
29-08-2018 12:15:38 TCP: Checking for keyword validity.
29-08-2018 12:15:38 TCP: Keyword valid. Waiting for data.
29-08-2018 12:15:40 TCP: Recieved 15 bytes from socket.
29-08-2018 12:15:54 TCP: Parsing recieved data.
29-08-2018 12:15:54 TCP: ---- Parser log start ----
29-08-2018 12:16:27 Helper: IMEI: 1130590330583160
29-08-2018 12:16:30 Helper: Checksum does not match.
29-08-2018 12:16:30 TCP: ---- Saving to database ----
29-08-2018 12:16:33 TCP: ---- Successfully saved to database ----
29-08-2018 12:16:33 TCP: Recieved 288 bytes from socket.
29-08-2018 12:16:33 TCP: Parsing recieved data.
29-08-2018 12:16:33 TCP: ---- Parser log start ----
29-08-2018 12:16:34 Helper: IMEI: 440517212258662520
29-08-2018 12:16:34 Helper: Checksum does not match.
29-08-2018 12:16:34 TCP: ---- Saving to database ----
29-08-2018 12:16:35 TCP: ---- Successfully saved to database ----
29-08-2018 12:16:35 TCP: Recieved 36 bytes from socket.
29-08-2018 12:16:37 TCP: Parsing recieved data.
29-08-2018 12:16:37 TCP: ---- Parser log start ----
29-08-2018 12:18:37 Helper: IMEI: 440517212258662520
29-08-2018 12:18:39 Helper: Checksum does not match.
29-08-2018 12:18:39 TCP: ---- Saving to database ----
