29-08-2018 12:48:52 UDP: Started listening at port 8414
29-08-2018 12:48:52 TCP: Started listening at port 10025
29-08-2018 12:48:52 TCP Output Control: Started listening at port 668
29-08-2018 12:48:53 TCP Output Control: Error in confirmation checker.
29-08-2018 12:48:53 TCP Output Control: System.InvalidOperationException: ExecuteNonQuery requires the command to have a transaction when the connection assigned to the command is in a pending local transaction.  The Transaction property of the command has not been initialized.
   at System.Data.SqlClient.SqlCommand.ValidateCommand(String method, Boolean async)
   at System.Data.SqlClient.SqlCommand.InternalExecuteNonQuery(TaskCompletionSource`1 completion, String methodName, Boolean sendToPipe, Int32 timeout, Boolean& usedCache, Boolean asyncWrite, Boolean inRetry)
   at System.Data.SqlClient.SqlCommand.ExecuteNonQuery()
   at ExampleService.DataAccess.MSSqlDataAccess.OutputUpdate(Int32 id, Byte status) in C:\Users\Abuzar\Desktop\27-08-2018\ExampleService\DataAccess\MSSqlDataAccess.cs:line 540
   at ExampleService.DataAccess.MSSqlDataAccess.CheckConfirmationExpirations() in C:\Users\Abuzar\Desktop\27-08-2018\ExampleService\DataAccess\MSSqlDataAccess.cs:line 561
   at ExampleService.TCPOutputControl.CheckConfirmationExpiration() in C:\Users\Abuzar\Desktop\27-08-2018\ExampleService\TCPOutputControl.cs:line 312
29-08-2018 12:48:55 TCP: Got new connection: 42.106.16.106:22658
29-08-2018 12:49:14 TCP: Recieved 18 bytes from socket.
29-08-2018 12:49:14 TCP: Checking for keyword validity.
29-08-2018 12:49:14 TCP: Keyword valid. Waiting for data.
29-08-2018 12:49:17 TCP: Recieved 216 bytes from socket.
29-08-2018 12:49:22 TCP: Parsing recieved data.
29-08-2018 12:49:25 TCP: ---- Parser log start ----
29-08-2018 12:50:18 Helper: IMEI: 512574806296590456
29-08-2018 12:50:21 Helper: Error parsing data.
29-08-2018 12:50:21 TCP: ---- Saving to database ----
29-08-2018 12:50:24 TCP: ---- Successfully saved to database ----
29-08-2018 12:50:52 TCP: Recieved 828 bytes from socket.
29-08-2018 12:50:56 TCP: Parsing recieved data.
29-08-2018 12:50:56 TCP: ---- Parser log start ----
