14-09-2018 18:31:00 UDP: Started listening at port 8414
14-09-2018 18:31:00 TCP: Started listening at port 10025
14-09-2018 18:31:01 TCP Output Control: Started listening at port 669
14-09-2018 18:31:02 TCP Output Control: Error in confirmation checker.
14-09-2018 18:31:02 TCP Output Control: System.InvalidOperationException: ExecuteNonQuery requires the command to have a transaction when the connection assigned to the command is in a pending local transaction.  The Transaction property of the command has not been initialized.
   at System.Data.SqlClient.SqlCommand.ValidateCommand(String method, Boolean async)
   at System.Data.SqlClient.SqlCommand.InternalExecuteNonQuery(TaskCompletionSource`1 completion, String methodName, Boolean sendToPipe, Int32 timeout, Boolean& usedCache, Boolean asyncWrite, Boolean inRetry)
   at System.Data.SqlClient.SqlCommand.ExecuteNonQuery()
   at ExampleService.DataAccess.MSSqlDataAccess.OutputUpdate(Int32 id, Byte status) in C:\Users\Abuzar\Desktop\2deviceconsole 11-09-2018\GPSIndia\ExampleService\DataAccess\MSSqlDataAccess.cs:line 540
   at ExampleService.DataAccess.MSSqlDataAccess.CheckConfirmationExpirations() in C:\Users\Abuzar\Desktop\2deviceconsole 11-09-2018\GPSIndia\ExampleService\DataAccess\MSSqlDataAccess.cs:line 561
   at ExampleService.TCPOutputControl.CheckConfirmationExpiration() in C:\Users\Abuzar\Desktop\2deviceconsole 11-09-2018\GPSIndia\ExampleService\TCPOutputControl.cs:line 313
14-09-2018 18:31:20 TCP: Got new connection: 106.77.47.112:36685
14-09-2018 18:31:21 TCP: Recieved 18 bytes from socket.
14-09-2018 18:31:21 TCP: Parsing Data....
14-09-2018 18:31:21 TCP: Parsing Data....
14-09-2018 18:31:23 TCP: Recieved 15 bytes from socket.
14-09-2018 18:31:23 TCP: Parsing Data....
14-09-2018 18:31:33 TCP: Recieved 15 bytes from socket.
14-09-2018 18:31:33 TCP: Parsing Data....
14-09-2018 18:32:15 TCP: Recieved 36 bytes from socket.
14-09-2018 18:32:15 TCP: Parsing Data....
14-09-2018 18:32:15 TCP: Saving Data Into Database......
14-09-2018 18:32:15 TCP: Successfully Saved To Database......
14-09-2018 18:32:24 TCP: Recieved 36 bytes from socket.
14-09-2018 18:32:24 TCP: Parsing Data....
14-09-2018 18:32:24 TCP: Saving Data Into Database......
14-09-2018 18:32:25 TCP: Successfully Saved To Database......
14-09-2018 18:32:37 TCP: Recieved 36 bytes from socket.
14-09-2018 18:32:37 TCP: Parsing Data....
14-09-2018 18:32:37 TCP: Saving Data Into Database......
14-09-2018 18:32:37 TCP: Successfully Saved To Database......
14-09-2018 18:32:51 TCP: Recieved 36 bytes from socket.
14-09-2018 18:32:51 TCP: Parsing Data....
14-09-2018 18:32:51 TCP: Saving Data Into Database......
14-09-2018 18:32:51 TCP: Successfully Saved To Database......
14-09-2018 18:32:52 TCP: Recieved 15 bytes from socket.
14-09-2018 18:32:52 TCP: Parsing Data....
14-09-2018 18:32:54 TCP: Recieved 36 bytes from socket.
14-09-2018 18:32:54 TCP: Parsing Data....
14-09-2018 18:32:54 TCP: Saving Data Into Database......
14-09-2018 18:32:55 TCP: Successfully Saved To Database......
14-09-2018 18:33:04 TCP: Recieved 36 bytes from socket.
14-09-2018 18:33:04 TCP: Parsing Data....
14-09-2018 18:33:04 TCP: Saving Data Into Database......
14-09-2018 18:33:04 TCP: Successfully Saved To Database......
14-09-2018 18:33:14 TCP: Recieved 36 bytes from socket.
14-09-2018 18:33:14 TCP: Parsing Data....
14-09-2018 18:33:14 TCP: Saving Data Into Database......
14-09-2018 18:33:15 TCP: Successfully Saved To Database......
14-09-2018 18:33:24 TCP: Recieved 36 bytes from socket.
14-09-2018 18:33:24 TCP: Parsing Data....
14-09-2018 18:33:24 TCP: Saving Data Into Database......
14-09-2018 18:33:25 TCP: Successfully Saved To Database......
14-09-2018 18:33:34 TCP: Recieved 36 bytes from socket.
14-09-2018 18:33:34 TCP: Parsing Data....
14-09-2018 18:33:34 TCP: Saving Data Into Database......
14-09-2018 18:33:34 TCP: Successfully Saved To Database......
14-09-2018 18:33:44 TCP: Recieved 36 bytes from socket.
14-09-2018 18:33:44 TCP: Parsing Data....
14-09-2018 18:33:44 TCP: Saving Data Into Database......
14-09-2018 18:33:45 TCP: Successfully Saved To Database......
14-09-2018 18:33:55 TCP: Recieved 36 bytes from socket.
14-09-2018 18:33:55 TCP: Parsing Data....
14-09-2018 18:33:55 TCP: Saving Data Into Database......
14-09-2018 18:33:55 TCP: Successfully Saved To Database......
14-09-2018 18:34:08 TCP: Recieved 36 bytes from socket.
14-09-2018 18:34:08 TCP: Parsing Data....
14-09-2018 18:34:08 TCP: Saving Data Into Database......
14-09-2018 18:34:08 TCP: Successfully Saved To Database......
14-09-2018 18:34:14 TCP: Recieved 36 bytes from socket.
14-09-2018 18:34:14 TCP: Parsing Data....
14-09-2018 18:34:14 TCP: Saving Data Into Database......
14-09-2018 18:34:15 TCP: Successfully Saved To Database......
14-09-2018 18:34:21 TCP: Got new connection: 106.77.47.112:3409
14-09-2018 18:34:22 TCP: Recieved 18 bytes from socket.
14-09-2018 18:34:22 TCP: Parsing Data....
14-09-2018 18:34:22 TCP: Parsing Data....
14-09-2018 18:34:25 TCP: Recieved 15 bytes from socket.
14-09-2018 18:34:25 TCP: Parsing Data....
14-09-2018 18:34:28 TCP: Recieved 36 bytes from socket.
14-09-2018 18:34:28 TCP: Parsing Data....
14-09-2018 18:34:28 TCP: Saving Data Into Database......
14-09-2018 18:34:28 TCP: Successfully Saved To Database......
14-09-2018 18:34:35 TCP: Recieved 36 bytes from socket.
14-09-2018 18:34:35 TCP: Parsing Data....
14-09-2018 18:34:35 TCP: Saving Data Into Database......
14-09-2018 18:34:35 TCP: Successfully Saved To Database......
14-09-2018 18:34:45 TCP: Recieved 36 bytes from socket.
14-09-2018 18:34:45 TCP: Parsing Data....
14-09-2018 18:34:45 TCP: Saving Data Into Database......
14-09-2018 18:34:45 TCP: Successfully Saved To Database......
14-09-2018 18:34:55 TCP: Recieved 36 bytes from socket.
14-09-2018 18:34:55 TCP: Parsing Data....
14-09-2018 18:34:55 TCP: Saving Data Into Database......
14-09-2018 18:34:55 TCP: Successfully Saved To Database......
14-09-2018 18:35:05 TCP: Recieved 36 bytes from socket.
14-09-2018 18:35:05 TCP: Parsing Data....
14-09-2018 18:35:05 TCP: Saving Data Into Database......
14-09-2018 18:35:05 TCP: Successfully Saved To Database......
14-09-2018 18:35:15 TCP: Recieved 36 bytes from socket.
14-09-2018 18:35:15 TCP: Parsing Data....
14-09-2018 18:35:15 TCP: Saving Data Into Database......
14-09-2018 18:35:15 TCP: Successfully Saved To Database......
14-09-2018 18:35:25 TCP: Recieved 36 bytes from socket.
14-09-2018 18:35:25 TCP: Parsing Data....
14-09-2018 18:35:25 TCP: Saving Data Into Database......
14-09-2018 18:35:25 TCP: Successfully Saved To Database......
14-09-2018 18:35:35 TCP: Recieved 36 bytes from socket.
14-09-2018 18:35:35 TCP: Parsing Data....
14-09-2018 18:35:35 TCP: Saving Data Into Database......
14-09-2018 18:35:35 TCP: Successfully Saved To Database......
14-09-2018 18:35:45 TCP: Recieved 36 bytes from socket.
14-09-2018 18:35:45 TCP: Parsing Data....
14-09-2018 18:35:45 TCP: Saving Data Into Database......
14-09-2018 18:35:45 TCP: Successfully Saved To Database......
14-09-2018 18:35:52 TCP: Recieved 15 bytes from socket.
14-09-2018 18:35:52 TCP: Parsing Data....
14-09-2018 18:35:55 TCP: Recieved 36 bytes from socket.
14-09-2018 18:35:55 TCP: Parsing Data....
14-09-2018 18:35:55 TCP: Saving Data Into Database......
14-09-2018 18:35:55 TCP: Successfully Saved To Database......
14-09-2018 18:36:05 TCP: Recieved 36 bytes from socket.
14-09-2018 18:36:05 TCP: Parsing Data....
14-09-2018 18:36:05 TCP: Saving Data Into Database......
14-09-2018 18:36:05 TCP: Successfully Saved To Database......
14-09-2018 18:36:14 TCP: Recieved 36 bytes from socket.
14-09-2018 18:36:14 TCP: Parsing Data....
14-09-2018 18:36:15 TCP: Saving Data Into Database......
14-09-2018 18:36:15 TCP: Successfully Saved To Database......
14-09-2018 18:36:24 TCP: Recieved 36 bytes from socket.
14-09-2018 18:36:24 TCP: Parsing Data....
14-09-2018 18:36:24 TCP: Saving Data Into Database......
14-09-2018 18:36:25 TCP: Successfully Saved To Database......
14-09-2018 18:36:34 TCP: Recieved 36 bytes from socket.
14-09-2018 18:36:34 TCP: Parsing Data....
14-09-2018 18:36:34 TCP: Saving Data Into Database......
14-09-2018 18:36:35 TCP: Successfully Saved To Database......
14-09-2018 18:36:44 TCP: Recieved 36 bytes from socket.
14-09-2018 18:36:44 TCP: Parsing Data....
14-09-2018 18:36:44 TCP: Saving Data Into Database......
14-09-2018 18:36:45 TCP: Successfully Saved To Database......
14-09-2018 18:37:21 TCP: Recieved 15 bytes from socket.
14-09-2018 18:37:21 TCP: Parsing Data....
14-09-2018 18:38:51 TCP: Got new connection: 106.77.47.112:24101
14-09-2018 18:38:52 TCP: Recieved 18 bytes from socket.
14-09-2018 18:38:52 TCP: Parsing Data....
14-09-2018 18:38:52 TCP: Parsing Data....
14-09-2018 18:38:55 TCP: Recieved 15 bytes from socket.
14-09-2018 18:38:55 TCP: Parsing Data....
14-09-2018 18:40:22 TCP: Recieved 15 bytes from socket.
14-09-2018 18:40:22 TCP: Parsing Data....
14-09-2018 18:41:44 TCP: Recieved 36 bytes from socket.
14-09-2018 18:41:44 TCP: Parsing Data....
14-09-2018 18:41:44 TCP: Saving Data Into Database......
14-09-2018 18:41:44 TCP: Successfully Saved To Database......
14-09-2018 18:41:52 TCP: Recieved 15 bytes from socket.
14-09-2018 18:41:52 TCP: Parsing Data....
14-09-2018 18:44:00 TCP: Got new connection: 27.97.130.60:55967
14-09-2018 18:44:01 TCP: Recieved 18 bytes from socket.
14-09-2018 18:44:01 TCP: Parsing Data....
14-09-2018 18:44:01 TCP: Parsing Data....
14-09-2018 18:44:04 TCP: Recieved 15 bytes from socket.
14-09-2018 18:44:04 TCP: Parsing Data....
14-09-2018 18:45:05 TCP: Recieved 36 bytes from socket.
14-09-2018 18:45:05 TCP: Parsing Data....
14-09-2018 18:45:05 TCP: Saving Data Into Database......
14-09-2018 18:45:05 TCP: Successfully Saved To Database......
14-09-2018 18:45:15 TCP: Recieved 36 bytes from socket.
14-09-2018 18:45:15 TCP: Parsing Data....
14-09-2018 18:45:15 TCP: Saving Data Into Database......
14-09-2018 18:45:15 TCP: Successfully Saved To Database......
14-09-2018 18:45:25 TCP: Recieved 36 bytes from socket.
14-09-2018 18:45:25 TCP: Parsing Data....
14-09-2018 18:45:25 TCP: Saving Data Into Database......
14-09-2018 18:45:25 TCP: Successfully Saved To Database......
14-09-2018 18:45:31 TCP: Recieved 15 bytes from socket.
14-09-2018 18:45:31 TCP: Parsing Data....
14-09-2018 18:45:35 TCP: Recieved 36 bytes from socket.
14-09-2018 18:45:35 TCP: Parsing Data....
14-09-2018 18:45:35 TCP: Saving Data Into Database......
14-09-2018 18:45:35 TCP: Successfully Saved To Database......
14-09-2018 18:45:45 TCP: Recieved 36 bytes from socket.
14-09-2018 18:45:45 TCP: Parsing Data....
14-09-2018 18:45:45 TCP: Saving Data Into Database......
14-09-2018 18:45:45 TCP: Successfully Saved To Database......
14-09-2018 18:45:55 TCP: Recieved 36 bytes from socket.
14-09-2018 18:45:55 TCP: Parsing Data....
14-09-2018 18:45:55 TCP: Saving Data Into Database......
14-09-2018 18:45:55 TCP: Successfully Saved To Database......
14-09-2018 18:46:05 TCP: Recieved 36 bytes from socket.
14-09-2018 18:46:05 TCP: Parsing Data....
14-09-2018 18:46:05 TCP: Saving Data Into Database......
14-09-2018 18:46:05 TCP: Successfully Saved To Database......
14-09-2018 18:46:15 TCP: Recieved 36 bytes from socket.
14-09-2018 18:46:15 TCP: Parsing Data....
14-09-2018 18:46:15 TCP: Saving Data Into Database......
14-09-2018 18:46:15 TCP: Successfully Saved To Database......
14-09-2018 18:46:25 TCP: Recieved 36 bytes from socket.
14-09-2018 18:46:25 TCP: Parsing Data....
14-09-2018 18:46:25 TCP: Saving Data Into Database......
14-09-2018 18:46:25 TCP: Successfully Saved To Database......
14-09-2018 18:46:35 TCP: Recieved 36 bytes from socket.
14-09-2018 18:46:35 TCP: Parsing Data....
14-09-2018 18:46:35 TCP: Saving Data Into Database......
14-09-2018 18:46:35 TCP: Successfully Saved To Database......
14-09-2018 18:46:45 TCP: Recieved 36 bytes from socket.
14-09-2018 18:46:45 TCP: Parsing Data....
14-09-2018 18:46:45 TCP: Saving Data Into Database......
14-09-2018 18:46:45 TCP: Successfully Saved To Database......
14-09-2018 18:46:55 TCP: Recieved 36 bytes from socket.
14-09-2018 18:46:55 TCP: Parsing Data....
14-09-2018 18:46:55 TCP: Saving Data Into Database......
14-09-2018 18:46:55 TCP: Successfully Saved To Database......
14-09-2018 18:47:06 TCP: Recieved 15 bytes from socket.
14-09-2018 18:47:06 TCP: Parsing Data....
14-09-2018 18:47:07 TCP: Recieved 36 bytes from socket.
14-09-2018 18:47:07 TCP: Parsing Data....
14-09-2018 18:47:07 TCP: Saving Data Into Database......
14-09-2018 18:47:07 TCP: Successfully Saved To Database......
14-09-2018 18:47:15 TCP: Recieved 36 bytes from socket.
14-09-2018 18:47:15 TCP: Parsing Data....
14-09-2018 18:47:15 TCP: Saving Data Into Database......
14-09-2018 18:47:15 TCP: Successfully Saved To Database......
14-09-2018 18:47:25 TCP: Recieved 36 bytes from socket.
14-09-2018 18:47:25 TCP: Parsing Data....
14-09-2018 18:47:25 TCP: Saving Data Into Database......
14-09-2018 18:47:25 TCP: Successfully Saved To Database......
14-09-2018 18:47:37 TCP: Recieved 36 bytes from socket.
14-09-2018 18:47:37 TCP: Parsing Data....
14-09-2018 18:47:37 TCP: Saving Data Into Database......
14-09-2018 18:47:37 TCP: Successfully Saved To Database......
14-09-2018 18:47:45 TCP: Recieved 36 bytes from socket.
14-09-2018 18:47:45 TCP: Parsing Data....
14-09-2018 18:47:45 TCP: Saving Data Into Database......
14-09-2018 18:47:45 TCP: Successfully Saved To Database......
14-09-2018 18:47:54 TCP: Recieved 36 bytes from socket.
14-09-2018 18:47:54 TCP: Parsing Data....
14-09-2018 18:47:54 TCP: Saving Data Into Database......
14-09-2018 18:47:55 TCP: Successfully Saved To Database......
14-09-2018 18:48:04 TCP: Recieved 36 bytes from socket.
14-09-2018 18:48:04 TCP: Parsing Data....
14-09-2018 18:48:04 TCP: Saving Data Into Database......
14-09-2018 18:48:04 TCP: Successfully Saved To Database......
14-09-2018 18:48:15 TCP: Recieved 36 bytes from socket.
14-09-2018 18:48:15 TCP: Parsing Data....
14-09-2018 18:48:15 TCP: Saving Data Into Database......
14-09-2018 18:48:15 TCP: Successfully Saved To Database......
14-09-2018 18:48:24 TCP: Recieved 36 bytes from socket.
14-09-2018 18:48:24 TCP: Parsing Data....
14-09-2018 18:48:24 TCP: Saving Data Into Database......
14-09-2018 18:48:25 TCP: Successfully Saved To Database......
14-09-2018 18:48:32 TCP: Got new connection: 27.97.130.60:15057
14-09-2018 18:48:33 TCP: Recieved 18 bytes from socket.
14-09-2018 18:48:33 TCP: Parsing Data....
14-09-2018 18:48:33 TCP: Parsing Data....
14-09-2018 18:48:36 TCP: Recieved 15 bytes from socket.
14-09-2018 18:48:36 TCP: Parsing Data....
14-09-2018 18:48:39 TCP: Recieved 36 bytes from socket.
14-09-2018 18:48:39 TCP: Parsing Data....
14-09-2018 18:48:39 TCP: Saving Data Into Database......
14-09-2018 18:48:39 TCP: Successfully Saved To Database......
14-09-2018 18:48:45 TCP: Recieved 36 bytes from socket.
14-09-2018 18:48:45 TCP: Parsing Data....
14-09-2018 18:48:45 TCP: Saving Data Into Database......
14-09-2018 18:48:45 TCP: Successfully Saved To Database......
14-09-2018 18:48:54 TCP: Recieved 36 bytes from socket.
14-09-2018 18:48:54 TCP: Parsing Data....
14-09-2018 18:48:54 TCP: Saving Data Into Database......
14-09-2018 18:48:55 TCP: Successfully Saved To Database......
14-09-2018 18:49:04 TCP: Recieved 36 bytes from socket.
14-09-2018 18:49:04 TCP: Parsing Data....
14-09-2018 18:49:04 TCP: Saving Data Into Database......
14-09-2018 18:49:04 TCP: Successfully Saved To Database......
14-09-2018 18:49:14 TCP: Recieved 36 bytes from socket.
14-09-2018 18:49:14 TCP: Parsing Data....
14-09-2018 18:49:14 TCP: Saving Data Into Database......
14-09-2018 18:49:14 TCP: Successfully Saved To Database......
14-09-2018 18:49:24 TCP: Recieved 36 bytes from socket.
14-09-2018 18:49:24 TCP: Parsing Data....
14-09-2018 18:49:24 TCP: Saving Data Into Database......
14-09-2018 18:49:24 TCP: Successfully Saved To Database......
14-09-2018 18:49:34 TCP: Recieved 36 bytes from socket.
14-09-2018 18:49:34 TCP: Parsing Data....
14-09-2018 18:49:34 TCP: Saving Data Into Database......
14-09-2018 18:49:34 TCP: Successfully Saved To Database......
14-09-2018 18:49:44 TCP: Recieved 36 bytes from socket.
14-09-2018 18:49:44 TCP: Parsing Data....
14-09-2018 18:49:44 TCP: Saving Data Into Database......
14-09-2018 18:49:44 TCP: Successfully Saved To Database......
14-09-2018 18:49:54 TCP: Recieved 36 bytes from socket.
14-09-2018 18:49:54 TCP: Parsing Data....
14-09-2018 18:49:54 TCP: Saving Data Into Database......
14-09-2018 18:49:54 TCP: Successfully Saved To Database......
14-09-2018 18:50:03 TCP: Recieved 15 bytes from socket.
14-09-2018 18:50:03 TCP: Parsing Data....
14-09-2018 18:50:05 TCP: Recieved 36 bytes from socket.
14-09-2018 18:50:05 TCP: Parsing Data....
14-09-2018 18:50:05 TCP: Saving Data Into Database......
14-09-2018 18:50:05 TCP: Successfully Saved To Database......
14-09-2018 18:50:15 TCP: Recieved 36 bytes from socket.
14-09-2018 18:50:15 TCP: Parsing Data....
14-09-2018 18:50:15 TCP: Saving Data Into Database......
14-09-2018 18:50:15 TCP: Successfully Saved To Database......
14-09-2018 18:50:26 TCP: Recieved 36 bytes from socket.
14-09-2018 18:50:26 TCP: Parsing Data....
14-09-2018 18:50:26 TCP: Saving Data Into Database......
14-09-2018 18:50:26 TCP: Successfully Saved To Database......
14-09-2018 18:50:35 TCP: Recieved 36 bytes from socket.
14-09-2018 18:50:35 TCP: Parsing Data....
14-09-2018 18:50:35 TCP: Saving Data Into Database......
14-09-2018 18:50:35 TCP: Successfully Saved To Database......
14-09-2018 18:50:45 TCP: Recieved 36 bytes from socket.
14-09-2018 18:50:45 TCP: Parsing Data....
14-09-2018 18:50:45 TCP: Saving Data Into Database......
14-09-2018 18:50:45 TCP: Successfully Saved To Database......
14-09-2018 18:50:55 TCP: Recieved 36 bytes from socket.
14-09-2018 18:50:55 TCP: Parsing Data....
14-09-2018 18:50:55 TCP: Saving Data Into Database......
14-09-2018 18:50:55 TCP: Successfully Saved To Database......
14-09-2018 18:51:07 TCP: Recieved 36 bytes from socket.
14-09-2018 18:51:07 TCP: Parsing Data....
14-09-2018 18:51:07 TCP: Saving Data Into Database......
14-09-2018 18:51:07 TCP: Successfully Saved To Database......
14-09-2018 18:51:15 TCP: Recieved 36 bytes from socket.
14-09-2018 18:51:15 TCP: Parsing Data....
14-09-2018 18:51:15 TCP: Saving Data Into Database......
14-09-2018 18:51:15 TCP: Successfully Saved To Database......
14-09-2018 18:51:32 TCP: Recieved 36 bytes from socket.
14-09-2018 18:51:32 TCP: Parsing Data....
14-09-2018 18:51:32 TCP: Saving Data Into Database......
14-09-2018 18:51:33 TCP: Successfully Saved To Database......
14-09-2018 18:51:33 TCP: Recieved 15 bytes from socket.
14-09-2018 18:51:33 TCP: Parsing Data....
14-09-2018 18:51:35 TCP: Recieved 36 bytes from socket.
14-09-2018 18:51:35 TCP: Parsing Data....
14-09-2018 18:51:35 TCP: Saving Data Into Database......
14-09-2018 18:51:35 TCP: Successfully Saved To Database......
14-09-2018 18:51:45 TCP: Recieved 36 bytes from socket.
14-09-2018 18:51:45 TCP: Parsing Data....
14-09-2018 18:51:45 TCP: Saving Data Into Database......
14-09-2018 18:51:45 TCP: Successfully Saved To Database......
14-09-2018 18:51:55 TCP: Recieved 36 bytes from socket.
14-09-2018 18:51:55 TCP: Parsing Data....
14-09-2018 18:51:55 TCP: Saving Data Into Database......
14-09-2018 18:51:55 TCP: Successfully Saved To Database......
14-09-2018 18:52:05 TCP: Recieved 36 bytes from socket.
14-09-2018 18:52:05 TCP: Parsing Data....
14-09-2018 18:52:05 TCP: Saving Data Into Database......
14-09-2018 18:52:05 TCP: Successfully Saved To Database......
14-09-2018 18:52:15 TCP: Recieved 36 bytes from socket.
14-09-2018 18:52:15 TCP: Parsing Data....
14-09-2018 18:52:15 TCP: Saving Data Into Database......
14-09-2018 18:52:15 TCP: Successfully Saved To Database......
14-09-2018 18:52:25 TCP: Recieved 36 bytes from socket.
14-09-2018 18:52:25 TCP: Parsing Data....
14-09-2018 18:52:25 TCP: Saving Data Into Database......
14-09-2018 18:52:25 TCP: Successfully Saved To Database......
14-09-2018 18:52:35 TCP: Recieved 36 bytes from socket.
14-09-2018 18:52:35 TCP: Parsing Data....
14-09-2018 18:52:35 TCP: Saving Data Into Database......
14-09-2018 18:52:35 TCP: Successfully Saved To Database......
14-09-2018 18:52:45 TCP: Recieved 36 bytes from socket.
14-09-2018 18:52:45 TCP: Parsing Data....
14-09-2018 18:52:45 TCP: Saving Data Into Database......
14-09-2018 18:52:45 TCP: Successfully Saved To Database......
14-09-2018 18:53:03 TCP: Got new connection: 27.97.130.60:64061
14-09-2018 18:53:04 TCP: Recieved 18 bytes from socket.
14-09-2018 18:53:04 TCP: Parsing Data....
14-09-2018 18:53:04 TCP: Parsing Data....
14-09-2018 18:53:07 TCP: Recieved 15 bytes from socket.
14-09-2018 18:53:07 TCP: Parsing Data....
14-09-2018 18:54:34 TCP: Recieved 15 bytes from socket.
14-09-2018 18:54:34 TCP: Parsing Data....
