03-09-2018 17:21:29 UDP: Started listening at port 8414
03-09-2018 17:21:29 TCP: Started listening at port 10025
03-09-2018 17:21:30 TCP Output Control: Started listening at port 668
03-09-2018 17:21:30 TCP Output Control: Error in confirmation checker.
03-09-2018 17:21:30 TCP Output Control: System.InvalidOperationException: ExecuteNonQuery requires the command to have a transaction when the connection assigned to the command is in a pending local transaction.  The Transaction property of the command has not been initialized.
   at System.Data.SqlClient.SqlCommand.ValidateCommand(String method, Boolean async)
   at System.Data.SqlClient.SqlCommand.InternalExecuteNonQuery(TaskCompletionSource`1 completion, String methodName, Boolean sendToPipe, Int32 timeout, Boolean& usedCache, Boolean asyncWrite, Boolean inRetry)
   at System.Data.SqlClient.SqlCommand.ExecuteNonQuery()
   at ExampleService.DataAccess.MSSqlDataAccess.OutputUpdate(Int32 id, Byte status) in C:\Users\Abuzar\Desktop\27-08-2018\ExampleService\DataAccess\MSSqlDataAccess.cs:line 540
   at ExampleService.DataAccess.MSSqlDataAccess.CheckConfirmationExpirations() in C:\Users\Abuzar\Desktop\27-08-2018\ExampleService\DataAccess\MSSqlDataAccess.cs:line 561
   at ExampleService.TCPOutputControl.CheckConfirmationExpiration() in C:\Users\Abuzar\Desktop\27-08-2018\ExampleService\TCPOutputControl.cs:line 313
03-09-2018 17:21:59 TCP: Got new connection: 42.106.31.161:64773
03-09-2018 17:22:01 TCP: Recieved 18 bytes from socket.
03-09-2018 17:22:01 TCP: Parsing Data....
03-09-2018 17:22:01 TCP: Parsing Data....
03-09-2018 17:22:04 TCP: Recieved 36 bytes from socket.
03-09-2018 17:22:04 TCP: Parsing Data....
03-09-2018 17:22:07 TCP: Saving Data Into Database......
03-09-2018 17:22:07 TCP: Successfully Saved To Database......
03-09-2018 17:22:07 TCP: Recieved 36 bytes from socket.
03-09-2018 17:22:07 TCP: Parsing Data....
03-09-2018 17:22:10 TCP: Saving Data Into Database......
03-09-2018 17:22:10 TCP: Successfully Saved To Database......
03-09-2018 17:22:10 TCP: Recieved 15 bytes from socket.
03-09-2018 17:22:10 TCP: Parsing Data....
03-09-2018 17:22:12 TCP: Recieved 36 bytes from socket.
03-09-2018 17:22:12 TCP: Parsing Data....
03-09-2018 17:22:17 TCP: Saving Data Into Database......
03-09-2018 17:22:17 TCP: Successfully Saved To Database......
03-09-2018 17:22:17 TCP: Recieved 36 bytes from socket.
03-09-2018 17:22:17 TCP: Parsing Data....
03-09-2018 17:22:28 TCP: Saving Data Into Database......
03-09-2018 17:22:28 TCP: Successfully Saved To Database......
03-09-2018 17:22:28 TCP: Recieved 123 bytes from socket.
03-09-2018 17:22:28 TCP: Parsing Data....
03-09-2018 17:22:29 TCP: Saving Data Into Database......
03-09-2018 17:22:29 TCP: Successfully Saved To Database......
03-09-2018 17:22:29 TCP: Saving Data Into Database......
03-09-2018 17:22:29 TCP: Successfully Saved To Database......
03-09-2018 17:22:29 TCP: Saving Data Into Database......
03-09-2018 17:22:29 TCP: Successfully Saved To Database......
03-09-2018 17:22:30 TCP: Recieved 36 bytes from socket.
03-09-2018 17:22:30 TCP: Parsing Data....
03-09-2018 17:22:30 TCP: Saving Data Into Database......
03-09-2018 17:22:30 TCP: Successfully Saved To Database......
03-09-2018 17:22:33 TCP: Recieved 36 bytes from socket.
03-09-2018 17:22:33 TCP: Parsing Data....
03-09-2018 17:22:33 TCP: Saving Data Into Database......
03-09-2018 17:22:33 TCP: Successfully Saved To Database......
03-09-2018 17:22:36 TCP: Recieved 36 bytes from socket.
03-09-2018 17:22:36 TCP: Parsing Data....
03-09-2018 17:22:36 TCP: Saving Data Into Database......
03-09-2018 17:22:36 TCP: Successfully Saved To Database......
03-09-2018 17:22:40 TCP: Recieved 36 bytes from socket.
03-09-2018 17:22:40 TCP: Parsing Data....
03-09-2018 17:22:40 TCP: Saving Data Into Database......
03-09-2018 17:22:40 TCP: Successfully Saved To Database......
03-09-2018 17:22:42 TCP: Recieved 36 bytes from socket.
03-09-2018 17:22:42 TCP: Parsing Data....
03-09-2018 17:22:42 TCP: Saving Data Into Database......
03-09-2018 17:22:43 TCP: Successfully Saved To Database......
03-09-2018 17:22:46 TCP: Recieved 36 bytes from socket.
03-09-2018 17:22:46 TCP: Parsing Data....
03-09-2018 17:22:46 TCP: Saving Data Into Database......
03-09-2018 17:22:46 TCP: Successfully Saved To Database......
03-09-2018 17:22:49 TCP: Recieved 36 bytes from socket.
03-09-2018 17:22:49 TCP: Parsing Data....
03-09-2018 17:22:49 TCP: Saving Data Into Database......
03-09-2018 17:22:49 TCP: Successfully Saved To Database......
03-09-2018 17:22:52 TCP: Recieved 36 bytes from socket.
03-09-2018 17:22:52 TCP: Parsing Data....
03-09-2018 17:22:52 TCP: Saving Data Into Database......
03-09-2018 17:22:52 TCP: Successfully Saved To Database......
03-09-2018 17:22:55 TCP: Recieved 36 bytes from socket.
03-09-2018 17:22:55 TCP: Parsing Data....
03-09-2018 17:22:55 TCP: Saving Data Into Database......
03-09-2018 17:22:55 TCP: Successfully Saved To Database......
03-09-2018 17:22:58 TCP: Recieved 36 bytes from socket.
03-09-2018 17:22:58 TCP: Parsing Data....
03-09-2018 17:22:58 TCP: Saving Data Into Database......
03-09-2018 17:22:58 TCP: Successfully Saved To Database......
03-09-2018 17:23:00 TCP: Recieved 36 bytes from socket.
03-09-2018 17:23:00 TCP: Parsing Data....
03-09-2018 17:23:00 TCP: Saving Data Into Database......
03-09-2018 17:23:00 TCP: Successfully Saved To Database......
03-09-2018 17:23:04 TCP: Recieved 36 bytes from socket.
03-09-2018 17:23:04 TCP: Parsing Data....
03-09-2018 17:23:04 TCP: Saving Data Into Database......
03-09-2018 17:23:04 TCP: Successfully Saved To Database......
03-09-2018 17:23:07 TCP: Recieved 36 bytes from socket.
03-09-2018 17:23:07 TCP: Parsing Data....
03-09-2018 17:23:07 TCP: Saving Data Into Database......
03-09-2018 17:23:07 TCP: Successfully Saved To Database......
03-09-2018 17:23:09 TCP: Recieved 36 bytes from socket.
03-09-2018 17:23:09 TCP: Parsing Data....
03-09-2018 17:23:09 TCP: Saving Data Into Database......
03-09-2018 17:23:10 TCP: Successfully Saved To Database......
03-09-2018 17:23:13 TCP: Recieved 36 bytes from socket.
03-09-2018 17:23:13 TCP: Parsing Data....
03-09-2018 17:23:13 TCP: Saving Data Into Database......
03-09-2018 17:23:13 TCP: Successfully Saved To Database......
03-09-2018 17:23:17 TCP: Recieved 36 bytes from socket.
03-09-2018 17:23:17 TCP: Parsing Data....
03-09-2018 17:23:17 TCP: Saving Data Into Database......
03-09-2018 17:23:17 TCP: Successfully Saved To Database......
03-09-2018 17:23:27 TCP: Recieved 36 bytes from socket.
03-09-2018 17:23:27 TCP: Parsing Data....
03-09-2018 17:23:27 TCP: Saving Data Into Database......
03-09-2018 17:23:27 TCP: Successfully Saved To Database......
03-09-2018 17:23:30 TCP: Recieved 15 bytes from socket.
03-09-2018 17:23:30 TCP: Parsing Data....
