30-08-2018 16:32:26 UDP: Started listening at port 8414
30-08-2018 16:32:26 TCP: Started listening at port 10025
30-08-2018 16:32:27 TCP Output Control: Started listening at port 668
30-08-2018 16:32:27 TCP Output Control: Error in confirmation checker.
30-08-2018 16:32:27 TCP Output Control: System.InvalidOperationException: ExecuteNonQuery requires the command to have a transaction when the connection assigned to the command is in a pending local transaction.  The Transaction property of the command has not been initialized.
   at System.Data.SqlClient.SqlCommand.ValidateCommand(String method, Boolean async)
   at System.Data.SqlClient.SqlCommand.InternalExecuteNonQuery(TaskCompletionSource`1 completion, String methodName, Boolean sendToPipe, Int32 timeout, Boolean& usedCache, Boolean asyncWrite, Boolean inRetry)
   at System.Data.SqlClient.SqlCommand.ExecuteNonQuery()
   at ExampleService.DataAccess.MSSqlDataAccess.OutputUpdate(Int32 id, Byte status) in C:\Users\Abuzar\Desktop\27-08-2018\ExampleService\DataAccess\MSSqlDataAccess.cs:line 540
   at ExampleService.DataAccess.MSSqlDataAccess.CheckConfirmationExpirations() in C:\Users\Abuzar\Desktop\27-08-2018\ExampleService\DataAccess\MSSqlDataAccess.cs:line 561
   at ExampleService.TCPOutputControl.CheckConfirmationExpiration() in C:\Users\Abuzar\Desktop\27-08-2018\ExampleService\TCPOutputControl.cs:line 312
30-08-2018 16:33:01 TCP: Got new connection: 42.106.24.10:37974
30-08-2018 16:33:05 TCP: Recieved 18 bytes from socket.
30-08-2018 16:33:05 TCP: Checking for keyword validity.
30-08-2018 16:33:05 TCP: Keyword valid. Waiting for data.
30-08-2018 16:33:06 TCP: Recieved 36 bytes from socket.
30-08-2018 16:33:21 TCP: Longitude:.553.87648
30-08-2018 16:33:59 TCP: Lattitude:.3784.295432
30-08-2018 16:34:09 TCP: Date;.System.Byte[]
30-08-2018 16:41:04 TCP: Got new connection: 42.106.24.10:41660
30-08-2018 16:41:04 TCP: Recieved 1024 bytes from socket.
30-08-2018 16:41:06 TCP: Checking for keyword validity.
30-08-2018 16:41:06 TCP: Recieved 819 bytes from socket.
30-08-2018 16:41:06 TCP: Checking for keyword validity.
30-08-2018 16:41:12 TCP: Keyword valid. Waiting for data.
30-08-2018 16:41:12 TCP: Keyword valid. Waiting for data.
30-08-2018 16:41:13 TCP: Recieved 36 bytes from socket.
30-08-2018 16:41:14 TCP: Recieved 440 bytes from socket.
30-08-2018 16:42:23 TCP: Got new connection: 42.106.24.10:19255
30-08-2018 16:43:06 TCP: Recieved 105 bytes from socket.
30-08-2018 16:46:15 TCP: Longitude:.553.831168
30-08-2018 16:46:17 TCP: Lattitude:.3784.318728
30-08-2018 16:46:17 TCP: Date;.System.Byte[]
30-08-2018 16:46:15 TCP: Checking for keyword validity.
