11-09-2018 17:52:36 UDP: Started listening at port 8414
11-09-2018 17:52:36 TCP: Started listening at port 10025
11-09-2018 17:52:36 TCP Output Control: Started listening at port 669
11-09-2018 17:52:36 TCP Output Control: Error in confirmation checker.
11-09-2018 17:52:36 TCP Output Control: System.InvalidOperationException: ExecuteNonQuery requires the command to have a transaction when the connection assigned to the command is in a pending local transaction.  The Transaction property of the command has not been initialized.
   at System.Data.SqlClient.SqlCommand.ValidateCommand(String method, Boolean async)
   at System.Data.SqlClient.SqlCommand.InternalExecuteNonQuery(TaskCompletionSource`1 completion, String methodName, Boolean sendToPipe, Int32 timeout, Boolean& usedCache, Boolean asyncWrite, Boolean inRetry)
   at System.Data.SqlClient.SqlCommand.ExecuteNonQuery()
   at ExampleService.DataAccess.MSSqlDataAccess.OutputUpdate(Int32 id, Byte status) in C:\Users\Abuzar\Desktop\2deviceconsole 11-09-2018\GPSIndia\ExampleService\DataAccess\MSSqlDataAccess.cs:line 540
   at ExampleService.DataAccess.MSSqlDataAccess.CheckConfirmationExpirations() in C:\Users\Abuzar\Desktop\2deviceconsole 11-09-2018\GPSIndia\ExampleService\DataAccess\MSSqlDataAccess.cs:line 561
   at ExampleService.TCPOutputControl.CheckConfirmationExpiration() in C:\Users\Abuzar\Desktop\2deviceconsole 11-09-2018\GPSIndia\ExampleService\TCPOutputControl.cs:line 313
11-09-2018 17:54:44 TCP: Got new connection: 106.79.69.142:59639
11-09-2018 17:54:45 TCP: Recieved 18 bytes from socket.
11-09-2018 17:54:45 TCP: Parsing Data....
11-09-2018 17:54:45 TCP: Parsing Data....
11-09-2018 17:54:48 TCP: Recieved 15 bytes from socket.
11-09-2018 17:54:48 TCP: Parsing Data....
11-09-2018 17:54:51 TCP: Recieved 36 bytes from socket.
11-09-2018 17:54:51 TCP: Parsing Data....
11-09-2018 17:54:51 TCP: Saving Data Into Database......
11-09-2018 17:54:51 TCP: Successfully Saved To Database......
11-09-2018 17:54:54 TCP: Recieved 36 bytes from socket.
11-09-2018 17:54:54 TCP: Parsing Data....
11-09-2018 17:54:54 TCP: Saving Data Into Database......
11-09-2018 17:54:54 TCP: Successfully Saved To Database......
11-09-2018 17:54:57 TCP: Recieved 36 bytes from socket.
11-09-2018 17:54:57 TCP: Parsing Data....
11-09-2018 17:54:57 TCP: Saving Data Into Database......
11-09-2018 17:54:57 TCP: Successfully Saved To Database......
11-09-2018 17:55:00 TCP: Recieved 36 bytes from socket.
11-09-2018 17:55:00 TCP: Parsing Data....
11-09-2018 17:55:00 TCP: Saving Data Into Database......
11-09-2018 17:55:00 TCP: Successfully Saved To Database......
11-09-2018 17:55:03 TCP: Recieved 36 bytes from socket.
11-09-2018 17:55:03 TCP: Parsing Data....
11-09-2018 17:55:03 TCP: Saving Data Into Database......
11-09-2018 17:55:03 TCP: Successfully Saved To Database......
11-09-2018 17:55:06 TCP: Recieved 36 bytes from socket.
11-09-2018 17:55:06 TCP: Parsing Data....
11-09-2018 17:55:06 TCP: Saving Data Into Database......
11-09-2018 17:55:06 TCP: Successfully Saved To Database......
11-09-2018 17:55:09 TCP: Recieved 36 bytes from socket.
11-09-2018 17:55:09 TCP: Parsing Data....
11-09-2018 17:55:09 TCP: Saving Data Into Database......
11-09-2018 17:55:09 TCP: Successfully Saved To Database......
11-09-2018 17:55:12 TCP: Recieved 36 bytes from socket.
11-09-2018 17:55:12 TCP: Parsing Data....
11-09-2018 17:55:12 TCP: Saving Data Into Database......
11-09-2018 17:55:12 TCP: Successfully Saved To Database......
11-09-2018 17:55:15 TCP: Recieved 15 bytes from socket.
11-09-2018 17:55:15 TCP: Parsing Data....
11-09-2018 17:55:18 TCP: Recieved 36 bytes from socket.
11-09-2018 17:55:18 TCP: Parsing Data....
11-09-2018 17:55:18 TCP: Saving Data Into Database......
11-09-2018 17:55:18 TCP: Successfully Saved To Database......
11-09-2018 17:55:21 TCP: Recieved 36 bytes from socket.
11-09-2018 17:55:21 TCP: Parsing Data....
11-09-2018 17:55:21 TCP: Saving Data Into Database......
11-09-2018 17:55:21 TCP: Successfully Saved To Database......
11-09-2018 17:55:24 TCP: Recieved 36 bytes from socket.
11-09-2018 17:55:24 TCP: Parsing Data....
11-09-2018 17:55:24 TCP: Saving Data Into Database......
11-09-2018 17:55:24 TCP: Successfully Saved To Database......
11-09-2018 17:55:27 TCP: Recieved 36 bytes from socket.
11-09-2018 17:55:27 TCP: Parsing Data....
11-09-2018 17:55:27 TCP: Saving Data Into Database......
11-09-2018 17:55:27 TCP: Successfully Saved To Database......
11-09-2018 17:55:30 TCP: Recieved 36 bytes from socket.
11-09-2018 17:55:30 TCP: Parsing Data....
11-09-2018 17:55:30 TCP: Saving Data Into Database......
11-09-2018 17:55:30 TCP: Successfully Saved To Database......
11-09-2018 17:55:33 TCP: Recieved 36 bytes from socket.
11-09-2018 17:55:33 TCP: Parsing Data....
11-09-2018 17:55:33 TCP: Saving Data Into Database......
11-09-2018 17:55:33 TCP: Successfully Saved To Database......
11-09-2018 17:55:39 TCP: Recieved 36 bytes from socket.
11-09-2018 17:55:39 TCP: Parsing Data....
11-09-2018 17:55:39 TCP: Saving Data Into Database......
11-09-2018 17:55:39 TCP: Successfully Saved To Database......
11-09-2018 17:55:40 TCP: Recieved 36 bytes from socket.
11-09-2018 17:55:40 TCP: Parsing Data....
11-09-2018 17:55:40 TCP: Saving Data Into Database......
11-09-2018 17:55:41 TCP: Successfully Saved To Database......
11-09-2018 17:55:42 TCP: Recieved 36 bytes from socket.
11-09-2018 17:55:42 TCP: Parsing Data....
11-09-2018 17:55:42 TCP: Saving Data Into Database......
11-09-2018 17:55:42 TCP: Successfully Saved To Database......
11-09-2018 17:55:46 TCP: Recieved 36 bytes from socket.
11-09-2018 17:55:46 TCP: Parsing Data....
11-09-2018 17:55:46 TCP: Saving Data Into Database......
11-09-2018 17:55:47 TCP: Successfully Saved To Database......
11-09-2018 17:55:48 TCP: Recieved 36 bytes from socket.
11-09-2018 17:55:48 TCP: Parsing Data....
11-09-2018 17:55:48 TCP: Saving Data Into Database......
11-09-2018 17:55:48 TCP: Successfully Saved To Database......
11-09-2018 17:55:51 TCP: Recieved 15 bytes from socket.
11-09-2018 17:55:51 TCP: Parsing Data....
11-09-2018 17:55:54 TCP: Recieved 36 bytes from socket.
11-09-2018 17:55:54 TCP: Parsing Data....
11-09-2018 17:55:54 TCP: Saving Data Into Database......
11-09-2018 17:55:54 TCP: Successfully Saved To Database......
11-09-2018 17:55:57 TCP: Recieved 36 bytes from socket.
11-09-2018 17:55:57 TCP: Parsing Data....
11-09-2018 17:55:57 TCP: Saving Data Into Database......
11-09-2018 17:55:57 TCP: Successfully Saved To Database......
11-09-2018 17:56:00 TCP: Recieved 36 bytes from socket.
11-09-2018 17:56:00 TCP: Parsing Data....
11-09-2018 17:56:00 TCP: Saving Data Into Database......
11-09-2018 17:56:00 TCP: Successfully Saved To Database......
11-09-2018 17:56:03 TCP: Recieved 36 bytes from socket.
11-09-2018 17:56:03 TCP: Parsing Data....
11-09-2018 17:56:03 TCP: Saving Data Into Database......
11-09-2018 17:56:03 TCP: Successfully Saved To Database......
11-09-2018 17:56:06 TCP: Recieved 36 bytes from socket.
11-09-2018 17:56:06 TCP: Parsing Data....
11-09-2018 17:56:06 TCP: Saving Data Into Database......
11-09-2018 17:56:06 TCP: Successfully Saved To Database......
11-09-2018 17:56:09 TCP: Recieved 36 bytes from socket.
11-09-2018 17:56:09 TCP: Parsing Data....
11-09-2018 17:56:09 TCP: Saving Data Into Database......
11-09-2018 17:56:09 TCP: Successfully Saved To Database......
11-09-2018 17:56:12 TCP: Recieved 36 bytes from socket.
11-09-2018 17:56:12 TCP: Parsing Data....
11-09-2018 17:56:12 TCP: Saving Data Into Database......
11-09-2018 17:56:12 TCP: Successfully Saved To Database......
11-09-2018 17:56:15 TCP: Recieved 36 bytes from socket.
11-09-2018 17:56:15 TCP: Parsing Data....
11-09-2018 17:56:15 TCP: Saving Data Into Database......
11-09-2018 17:56:15 TCP: Successfully Saved To Database......
11-09-2018 17:56:18 TCP: Recieved 36 bytes from socket.
11-09-2018 17:56:18 TCP: Parsing Data....
11-09-2018 17:56:18 TCP: Saving Data Into Database......
11-09-2018 17:56:18 TCP: Successfully Saved To Database......
11-09-2018 17:56:21 TCP: Recieved 36 bytes from socket.
11-09-2018 17:56:21 TCP: Parsing Data....
11-09-2018 17:56:21 TCP: Saving Data Into Database......
11-09-2018 17:56:21 TCP: Successfully Saved To Database......
11-09-2018 17:56:24 TCP: Recieved 36 bytes from socket.
11-09-2018 17:56:24 TCP: Parsing Data....
11-09-2018 17:56:24 TCP: Saving Data Into Database......
11-09-2018 17:56:24 TCP: Successfully Saved To Database......
11-09-2018 17:56:27 TCP: Recieved 36 bytes from socket.
11-09-2018 17:56:27 TCP: Parsing Data....
11-09-2018 17:56:27 TCP: Saving Data Into Database......
11-09-2018 17:56:27 TCP: Successfully Saved To Database......
11-09-2018 17:56:30 TCP: Recieved 36 bytes from socket.
11-09-2018 17:56:30 TCP: Parsing Data....
11-09-2018 17:56:30 TCP: Saving Data Into Database......
11-09-2018 17:56:30 TCP: Successfully Saved To Database......
11-09-2018 17:56:33 TCP: Recieved 36 bytes from socket.
11-09-2018 17:56:33 TCP: Parsing Data....
11-09-2018 17:56:33 TCP: Saving Data Into Database......
11-09-2018 17:56:33 TCP: Successfully Saved To Database......
11-09-2018 17:56:36 TCP: Recieved 36 bytes from socket.
11-09-2018 17:56:36 TCP: Parsing Data....
11-09-2018 17:56:36 TCP: Saving Data Into Database......
11-09-2018 17:56:36 TCP: Successfully Saved To Database......
11-09-2018 17:56:39 TCP: Recieved 36 bytes from socket.
11-09-2018 17:56:39 TCP: Parsing Data....
11-09-2018 17:56:39 TCP: Saving Data Into Database......
11-09-2018 17:56:39 TCP: Successfully Saved To Database......
11-09-2018 17:56:42 TCP: Recieved 36 bytes from socket.
11-09-2018 17:56:42 TCP: Parsing Data....
11-09-2018 17:56:42 TCP: Saving Data Into Database......
11-09-2018 17:56:42 TCP: Successfully Saved To Database......
11-09-2018 17:56:45 TCP: Recieved 36 bytes from socket.
11-09-2018 17:56:45 TCP: Parsing Data....
11-09-2018 17:56:45 TCP: Saving Data Into Database......
11-09-2018 17:56:45 TCP: Successfully Saved To Database......
11-09-2018 17:56:48 TCP: Recieved 36 bytes from socket.
11-09-2018 17:56:48 TCP: Parsing Data....
11-09-2018 17:56:48 TCP: Saving Data Into Database......
11-09-2018 17:56:48 TCP: Successfully Saved To Database......
11-09-2018 17:56:51 TCP: Recieved 36 bytes from socket.
11-09-2018 17:56:51 TCP: Parsing Data....
11-09-2018 17:56:51 TCP: Saving Data Into Database......
11-09-2018 17:56:51 TCP: Successfully Saved To Database......
11-09-2018 17:56:54 TCP: Recieved 36 bytes from socket.
11-09-2018 17:56:54 TCP: Parsing Data....
11-09-2018 17:56:54 TCP: Saving Data Into Database......
11-09-2018 17:56:54 TCP: Successfully Saved To Database......
11-09-2018 17:56:57 TCP: Recieved 36 bytes from socket.
11-09-2018 17:56:57 TCP: Parsing Data....
11-09-2018 17:56:57 TCP: Saving Data Into Database......
11-09-2018 17:56:57 TCP: Successfully Saved To Database......
11-09-2018 17:57:00 TCP: Recieved 36 bytes from socket.
11-09-2018 17:57:00 TCP: Parsing Data....
11-09-2018 17:57:00 TCP: Saving Data Into Database......
11-09-2018 17:57:00 TCP: Successfully Saved To Database......
11-09-2018 17:57:03 TCP: Recieved 36 bytes from socket.
11-09-2018 17:57:03 TCP: Parsing Data....
11-09-2018 17:57:03 TCP: Saving Data Into Database......
11-09-2018 17:57:03 TCP: Successfully Saved To Database......
11-09-2018 17:57:06 TCP: Recieved 36 bytes from socket.
11-09-2018 17:57:06 TCP: Parsing Data....
11-09-2018 17:57:06 TCP: Saving Data Into Database......
11-09-2018 17:57:06 TCP: Successfully Saved To Database......
11-09-2018 17:57:09 TCP: Recieved 36 bytes from socket.
11-09-2018 17:57:09 TCP: Parsing Data....
11-09-2018 17:57:09 TCP: Saving Data Into Database......
11-09-2018 17:57:09 TCP: Successfully Saved To Database......
11-09-2018 17:57:12 TCP: Recieved 36 bytes from socket.
11-09-2018 17:57:12 TCP: Parsing Data....
11-09-2018 17:57:12 TCP: Saving Data Into Database......
11-09-2018 17:57:12 TCP: Successfully Saved To Database......
11-09-2018 17:57:15 TCP: Recieved 36 bytes from socket.
11-09-2018 17:57:15 TCP: Parsing Data....
11-09-2018 17:57:15 TCP: Saving Data Into Database......
11-09-2018 17:57:15 TCP: Successfully Saved To Database......
11-09-2018 17:57:18 TCP: Recieved 36 bytes from socket.
11-09-2018 17:57:18 TCP: Parsing Data....
11-09-2018 17:57:18 TCP: Saving Data Into Database......
11-09-2018 17:57:18 TCP: Successfully Saved To Database......
11-09-2018 17:57:21 TCP: Recieved 36 bytes from socket.
11-09-2018 17:57:21 TCP: Parsing Data....
11-09-2018 17:57:21 TCP: Saving Data Into Database......
11-09-2018 17:57:21 TCP: Successfully Saved To Database......
11-09-2018 17:57:24 TCP: Recieved 36 bytes from socket.
11-09-2018 17:57:24 TCP: Parsing Data....
11-09-2018 17:57:24 TCP: Saving Data Into Database......
11-09-2018 17:57:24 TCP: Successfully Saved To Database......
11-09-2018 17:57:27 TCP: Recieved 36 bytes from socket.
11-09-2018 17:57:27 TCP: Parsing Data....
11-09-2018 17:57:27 TCP: Saving Data Into Database......
11-09-2018 17:57:27 TCP: Successfully Saved To Database......
11-09-2018 17:57:30 TCP: Recieved 36 bytes from socket.
11-09-2018 17:57:30 TCP: Parsing Data....
11-09-2018 17:57:30 TCP: Saving Data Into Database......
11-09-2018 17:57:30 TCP: Successfully Saved To Database......
11-09-2018 17:57:33 TCP: Recieved 36 bytes from socket.
11-09-2018 17:57:33 TCP: Parsing Data....
11-09-2018 17:57:33 TCP: Saving Data Into Database......
11-09-2018 17:57:33 TCP: Successfully Saved To Database......
11-09-2018 17:57:36 TCP: Recieved 36 bytes from socket.
11-09-2018 17:57:36 TCP: Parsing Data....
11-09-2018 17:57:36 TCP: Saving Data Into Database......
11-09-2018 17:57:36 TCP: Successfully Saved To Database......
11-09-2018 17:57:39 TCP: Recieved 36 bytes from socket.
11-09-2018 17:57:39 TCP: Parsing Data....
11-09-2018 17:57:39 TCP: Saving Data Into Database......
11-09-2018 17:57:39 TCP: Successfully Saved To Database......
11-09-2018 17:57:42 TCP: Recieved 36 bytes from socket.
11-09-2018 17:57:42 TCP: Parsing Data....
11-09-2018 17:57:42 TCP: Saving Data Into Database......
11-09-2018 17:57:42 TCP: Successfully Saved To Database......
11-09-2018 17:57:45 TCP: Recieved 36 bytes from socket.
11-09-2018 17:57:45 TCP: Parsing Data....
11-09-2018 17:57:45 TCP: Saving Data Into Database......
11-09-2018 17:57:45 TCP: Successfully Saved To Database......
11-09-2018 17:57:48 TCP: Recieved 15 bytes from socket.
11-09-2018 17:57:48 TCP: Parsing Data....
11-09-2018 17:57:51 TCP: Recieved 36 bytes from socket.
11-09-2018 17:57:51 TCP: Parsing Data....
11-09-2018 17:57:51 TCP: Saving Data Into Database......
11-09-2018 17:57:51 TCP: Successfully Saved To Database......
11-09-2018 17:57:54 TCP: Recieved 36 bytes from socket.
11-09-2018 17:57:54 TCP: Parsing Data....
11-09-2018 17:57:54 TCP: Saving Data Into Database......
11-09-2018 17:57:54 TCP: Successfully Saved To Database......
11-09-2018 17:57:57 TCP: Recieved 36 bytes from socket.
11-09-2018 17:57:57 TCP: Parsing Data....
11-09-2018 17:57:57 TCP: Saving Data Into Database......
11-09-2018 17:57:57 TCP: Successfully Saved To Database......
11-09-2018 17:58:00 TCP: Recieved 36 bytes from socket.
11-09-2018 17:58:00 TCP: Parsing Data....
11-09-2018 17:58:00 TCP: Saving Data Into Database......
11-09-2018 17:58:00 TCP: Successfully Saved To Database......
11-09-2018 17:58:03 TCP: Recieved 36 bytes from socket.
11-09-2018 17:58:03 TCP: Parsing Data....
11-09-2018 17:58:03 TCP: Saving Data Into Database......
11-09-2018 17:58:03 TCP: Successfully Saved To Database......
11-09-2018 17:58:06 TCP: Recieved 36 bytes from socket.
11-09-2018 17:58:06 TCP: Parsing Data....
11-09-2018 17:58:06 TCP: Saving Data Into Database......
11-09-2018 17:58:06 TCP: Successfully Saved To Database......
11-09-2018 17:58:09 TCP: Recieved 36 bytes from socket.
11-09-2018 17:58:09 TCP: Parsing Data....
11-09-2018 17:58:09 TCP: Saving Data Into Database......
11-09-2018 17:58:09 TCP: Successfully Saved To Database......
11-09-2018 17:58:12 TCP: Recieved 36 bytes from socket.
11-09-2018 17:58:12 TCP: Parsing Data....
11-09-2018 17:58:12 TCP: Saving Data Into Database......
11-09-2018 17:58:12 TCP: Successfully Saved To Database......
11-09-2018 17:58:15 TCP: Recieved 36 bytes from socket.
11-09-2018 17:58:15 TCP: Parsing Data....
11-09-2018 17:58:15 TCP: Saving Data Into Database......
11-09-2018 17:58:15 TCP: Successfully Saved To Database......
11-09-2018 17:58:18 TCP: Recieved 15 bytes from socket.
11-09-2018 17:58:18 TCP: Parsing Data....
11-09-2018 17:58:21 TCP: Recieved 36 bytes from socket.
11-09-2018 17:58:21 TCP: Parsing Data....
11-09-2018 17:58:21 TCP: Saving Data Into Database......
11-09-2018 17:58:21 TCP: Successfully Saved To Database......
11-09-2018 17:58:25 TCP: Recieved 36 bytes from socket.
11-09-2018 17:58:25 TCP: Parsing Data....
11-09-2018 17:58:25 TCP: Saving Data Into Database......
11-09-2018 17:58:25 TCP: Successfully Saved To Database......
11-09-2018 17:58:27 TCP: Recieved 36 bytes from socket.
11-09-2018 17:58:27 TCP: Parsing Data....
11-09-2018 17:58:27 TCP: Saving Data Into Database......
11-09-2018 17:58:27 TCP: Successfully Saved To Database......
11-09-2018 17:58:30 TCP: Recieved 36 bytes from socket.
11-09-2018 17:58:30 TCP: Parsing Data....
11-09-2018 17:58:30 TCP: Saving Data Into Database......
11-09-2018 17:58:30 TCP: Successfully Saved To Database......
11-09-2018 17:58:33 TCP: Recieved 36 bytes from socket.
11-09-2018 17:58:33 TCP: Parsing Data....
11-09-2018 17:58:33 TCP: Saving Data Into Database......
11-09-2018 17:58:33 TCP: Successfully Saved To Database......
11-09-2018 17:58:38 TCP: Recieved 36 bytes from socket.
11-09-2018 17:58:38 TCP: Parsing Data....
11-09-2018 17:58:38 TCP: Saving Data Into Database......
11-09-2018 17:58:38 TCP: Successfully Saved To Database......
11-09-2018 17:58:48 TCP: Recieved 36 bytes from socket.
11-09-2018 17:58:48 TCP: Parsing Data....
11-09-2018 17:58:48 TCP: Saving Data Into Database......
11-09-2018 17:58:48 TCP: Successfully Saved To Database......
11-09-2018 17:58:58 TCP: Recieved 36 bytes from socket.
11-09-2018 17:58:58 TCP: Parsing Data....
11-09-2018 17:58:58 TCP: Saving Data Into Database......
11-09-2018 17:58:58 TCP: Successfully Saved To Database......
11-09-2018 17:59:08 TCP: Recieved 36 bytes from socket.
11-09-2018 17:59:08 TCP: Parsing Data....
11-09-2018 17:59:08 TCP: Saving Data Into Database......
11-09-2018 17:59:08 TCP: Successfully Saved To Database......
11-09-2018 17:59:52 TCP: Got new connection: 27.97.140.178:53490
11-09-2018 17:59:53 TCP: Recieved 18 bytes from socket.
11-09-2018 17:59:53 TCP: Parsing Data....
11-09-2018 17:59:53 TCP: Parsing Data....
11-09-2018 17:59:56 TCP: Recieved 15 bytes from socket.
11-09-2018 17:59:56 TCP: Parsing Data....
11-09-2018 17:59:57 TCP: Recieved 36 bytes from socket.
11-09-2018 17:59:57 TCP: Parsing Data....
11-09-2018 17:59:57 TCP: Saving Data Into Database......
11-09-2018 17:59:57 TCP: Successfully Saved To Database......
11-09-2018 18:00:04 TCP: Recieved 36 bytes from socket.
11-09-2018 18:00:04 TCP: Parsing Data....
11-09-2018 18:00:04 TCP: Saving Data Into Database......
11-09-2018 18:00:04 TCP: Successfully Saved To Database......
11-09-2018 18:00:06 TCP: Recieved 36 bytes from socket.
11-09-2018 18:00:06 TCP: Parsing Data....
11-09-2018 18:00:06 TCP: Saving Data Into Database......
11-09-2018 18:00:06 TCP: Successfully Saved To Database......
11-09-2018 18:00:09 TCP: Recieved 36 bytes from socket.
11-09-2018 18:00:09 TCP: Parsing Data....
11-09-2018 18:00:09 TCP: Saving Data Into Database......
11-09-2018 18:00:09 TCP: Successfully Saved To Database......
11-09-2018 18:00:12 TCP: Recieved 36 bytes from socket.
11-09-2018 18:00:12 TCP: Parsing Data....
11-09-2018 18:00:12 TCP: Saving Data Into Database......
11-09-2018 18:00:13 TCP: Successfully Saved To Database......
11-09-2018 18:00:15 TCP: Recieved 36 bytes from socket.
11-09-2018 18:00:15 TCP: Parsing Data....
11-09-2018 18:00:15 TCP: Saving Data Into Database......
11-09-2018 18:00:15 TCP: Successfully Saved To Database......
11-09-2018 18:00:17 TCP: Recieved 36 bytes from socket.
11-09-2018 18:00:17 TCP: Parsing Data....
11-09-2018 18:00:17 TCP: Saving Data Into Database......
11-09-2018 18:00:17 TCP: Successfully Saved To Database......
11-09-2018 18:00:28 TCP: Recieved 36 bytes from socket.
11-09-2018 18:00:28 TCP: Parsing Data....
11-09-2018 18:00:28 TCP: Saving Data Into Database......
11-09-2018 18:00:28 TCP: Successfully Saved To Database......
11-09-2018 18:00:38 TCP: Recieved 36 bytes from socket.
11-09-2018 18:00:38 TCP: Parsing Data....
11-09-2018 18:00:38 TCP: Saving Data Into Database......
11-09-2018 18:00:38 TCP: Successfully Saved To Database......
11-09-2018 18:00:51 TCP: Recieved 36 bytes from socket.
11-09-2018 18:00:51 TCP: Parsing Data....
11-09-2018 18:00:51 TCP: Saving Data Into Database......
11-09-2018 18:00:51 TCP: Successfully Saved To Database......
11-09-2018 18:00:58 TCP: Recieved 36 bytes from socket.
11-09-2018 18:00:58 TCP: Parsing Data....
11-09-2018 18:00:58 TCP: Saving Data Into Database......
11-09-2018 18:00:58 TCP: Successfully Saved To Database......
11-09-2018 18:01:08 TCP: Recieved 36 bytes from socket.
11-09-2018 18:01:08 TCP: Parsing Data....
11-09-2018 18:01:08 TCP: Saving Data Into Database......
11-09-2018 18:01:08 TCP: Successfully Saved To Database......
11-09-2018 18:01:17 TCP: Recieved 36 bytes from socket.
11-09-2018 18:01:18 TCP: Parsing Data....
11-09-2018 18:01:18 TCP: Saving Data Into Database......
11-09-2018 18:01:18 TCP: Successfully Saved To Database......
11-09-2018 18:01:23 TCP: Recieved 15 bytes from socket.
11-09-2018 18:01:23 TCP: Parsing Data....
11-09-2018 18:01:27 TCP: Recieved 36 bytes from socket.
11-09-2018 18:01:27 TCP: Parsing Data....
11-09-2018 18:01:27 TCP: Saving Data Into Database......
11-09-2018 18:01:27 TCP: Successfully Saved To Database......
11-09-2018 18:01:37 TCP: Recieved 36 bytes from socket.
11-09-2018 18:01:37 TCP: Parsing Data....
11-09-2018 18:01:37 TCP: Saving Data Into Database......
11-09-2018 18:01:38 TCP: Successfully Saved To Database......
11-09-2018 18:01:48 TCP: Recieved 36 bytes from socket.
11-09-2018 18:01:48 TCP: Parsing Data....
11-09-2018 18:01:48 TCP: Saving Data Into Database......
11-09-2018 18:01:49 TCP: Successfully Saved To Database......
11-09-2018 18:01:58 TCP: Recieved 36 bytes from socket.
11-09-2018 18:01:58 TCP: Parsing Data....
11-09-2018 18:01:58 TCP: Saving Data Into Database......
11-09-2018 18:01:58 TCP: Successfully Saved To Database......
11-09-2018 18:02:08 TCP: Recieved 36 bytes from socket.
11-09-2018 18:02:08 TCP: Parsing Data....
11-09-2018 18:02:08 TCP: Saving Data Into Database......
11-09-2018 18:02:08 TCP: Successfully Saved To Database......
11-09-2018 18:02:18 TCP: Recieved 36 bytes from socket.
11-09-2018 18:02:18 TCP: Parsing Data....
11-09-2018 18:02:18 TCP: Saving Data Into Database......
11-09-2018 18:02:18 TCP: Successfully Saved To Database......
11-09-2018 18:02:28 TCP: Recieved 36 bytes from socket.
11-09-2018 18:02:28 TCP: Parsing Data....
11-09-2018 18:02:28 TCP: Saving Data Into Database......
11-09-2018 18:02:29 TCP: Successfully Saved To Database......
11-09-2018 18:02:38 TCP: Recieved 36 bytes from socket.
11-09-2018 18:02:38 TCP: Parsing Data....
11-09-2018 18:02:38 TCP: Saving Data Into Database......
11-09-2018 18:02:38 TCP: Successfully Saved To Database......
11-09-2018 18:02:48 TCP: Recieved 36 bytes from socket.
11-09-2018 18:02:48 TCP: Parsing Data....
11-09-2018 18:02:48 TCP: Saving Data Into Database......
11-09-2018 18:02:48 TCP: Successfully Saved To Database......
11-09-2018 18:02:53 TCP: Recieved 15 bytes from socket.
11-09-2018 18:02:53 TCP: Parsing Data....
11-09-2018 18:02:59 TCP: Recieved 36 bytes from socket.
11-09-2018 18:02:59 TCP: Parsing Data....
11-09-2018 18:02:59 TCP: Saving Data Into Database......
11-09-2018 18:02:59 TCP: Successfully Saved To Database......
11-09-2018 18:03:08 TCP: Recieved 36 bytes from socket.
11-09-2018 18:03:08 TCP: Parsing Data....
11-09-2018 18:03:08 TCP: Saving Data Into Database......
11-09-2018 18:03:08 TCP: Successfully Saved To Database......
11-09-2018 18:03:18 TCP: Recieved 36 bytes from socket.
11-09-2018 18:03:18 TCP: Parsing Data....
11-09-2018 18:03:18 TCP: Saving Data Into Database......
11-09-2018 18:03:18 TCP: Successfully Saved To Database......
11-09-2018 18:03:28 TCP: Recieved 36 bytes from socket.
11-09-2018 18:03:28 TCP: Parsing Data....
11-09-2018 18:03:28 TCP: Saving Data Into Database......
11-09-2018 18:03:29 TCP: Successfully Saved To Database......
11-09-2018 18:03:38 TCP: Recieved 36 bytes from socket.
11-09-2018 18:03:38 TCP: Parsing Data....
11-09-2018 18:03:38 TCP: Saving Data Into Database......
11-09-2018 18:03:38 TCP: Successfully Saved To Database......
11-09-2018 18:03:48 TCP: Recieved 36 bytes from socket.
11-09-2018 18:03:48 TCP: Parsing Data....
11-09-2018 18:03:48 TCP: Saving Data Into Database......
11-09-2018 18:03:48 TCP: Successfully Saved To Database......
11-09-2018 18:03:58 TCP: Recieved 36 bytes from socket.
11-09-2018 18:03:58 TCP: Parsing Data....
11-09-2018 18:03:58 TCP: Saving Data Into Database......
11-09-2018 18:03:58 TCP: Successfully Saved To Database......
11-09-2018 18:04:08 TCP: Recieved 36 bytes from socket.
11-09-2018 18:04:08 TCP: Parsing Data....
11-09-2018 18:04:08 TCP: Saving Data Into Database......
11-09-2018 18:04:08 TCP: Successfully Saved To Database......
11-09-2018 18:04:18 TCP: Recieved 36 bytes from socket.
11-09-2018 18:04:18 TCP: Parsing Data....
11-09-2018 18:04:18 TCP: Saving Data Into Database......
11-09-2018 18:04:18 TCP: Successfully Saved To Database......
11-09-2018 18:04:23 TCP: Got new connection: 27.97.140.178:13437
11-09-2018 18:04:24 TCP: Recieved 18 bytes from socket.
11-09-2018 18:04:24 TCP: Parsing Data....
11-09-2018 18:04:24 TCP: Parsing Data....
11-09-2018 18:04:27 TCP: Recieved 15 bytes from socket.
11-09-2018 18:04:27 TCP: Parsing Data....
11-09-2018 18:04:31 TCP: Recieved 36 bytes from socket.
11-09-2018 18:04:31 TCP: Parsing Data....
11-09-2018 18:04:31 TCP: Saving Data Into Database......
11-09-2018 18:04:31 TCP: Successfully Saved To Database......
11-09-2018 18:04:37 TCP: Recieved 36 bytes from socket.
11-09-2018 18:04:37 TCP: Parsing Data....
11-09-2018 18:04:37 TCP: Saving Data Into Database......
11-09-2018 18:04:38 TCP: Successfully Saved To Database......
11-09-2018 18:04:47 TCP: Recieved 36 bytes from socket.
11-09-2018 18:04:47 TCP: Parsing Data....
11-09-2018 18:04:47 TCP: Saving Data Into Database......
11-09-2018 18:04:47 TCP: Successfully Saved To Database......
11-09-2018 18:04:58 TCP: Recieved 36 bytes from socket.
11-09-2018 18:04:58 TCP: Parsing Data....
11-09-2018 18:04:58 TCP: Saving Data Into Database......
11-09-2018 18:04:58 TCP: Successfully Saved To Database......
11-09-2018 18:05:07 TCP: Recieved 36 bytes from socket.
11-09-2018 18:05:07 TCP: Parsing Data....
11-09-2018 18:05:07 TCP: Saving Data Into Database......
11-09-2018 18:05:08 TCP: Successfully Saved To Database......
11-09-2018 18:05:18 TCP: Recieved 36 bytes from socket.
11-09-2018 18:05:18 TCP: Parsing Data....
11-09-2018 18:05:18 TCP: Saving Data Into Database......
11-09-2018 18:05:18 TCP: Successfully Saved To Database......
11-09-2018 18:05:28 TCP: Recieved 36 bytes from socket.
11-09-2018 18:05:28 TCP: Parsing Data....
11-09-2018 18:05:28 TCP: Saving Data Into Database......
11-09-2018 18:05:29 TCP: Successfully Saved To Database......
11-09-2018 18:05:38 TCP: Recieved 36 bytes from socket.
11-09-2018 18:05:38 TCP: Parsing Data....
11-09-2018 18:05:38 TCP: Saving Data Into Database......
11-09-2018 18:05:38 TCP: Successfully Saved To Database......
11-09-2018 18:05:48 TCP: Recieved 36 bytes from socket.
11-09-2018 18:05:48 TCP: Parsing Data....
11-09-2018 18:05:48 TCP: Saving Data Into Database......
11-09-2018 18:05:48 TCP: Successfully Saved To Database......
11-09-2018 18:05:54 TCP: Recieved 15 bytes from socket.
11-09-2018 18:05:54 TCP: Parsing Data....
11-09-2018 18:05:58 TCP: Recieved 36 bytes from socket.
11-09-2018 18:05:58 TCP: Parsing Data....
11-09-2018 18:05:58 TCP: Saving Data Into Database......
11-09-2018 18:05:58 TCP: Successfully Saved To Database......
11-09-2018 18:06:08 TCP: Recieved 36 bytes from socket.
11-09-2018 18:06:08 TCP: Parsing Data....
11-09-2018 18:06:08 TCP: Saving Data Into Database......
11-09-2018 18:06:08 TCP: Successfully Saved To Database......
11-09-2018 18:06:18 TCP: Recieved 36 bytes from socket.
11-09-2018 18:06:18 TCP: Parsing Data....
11-09-2018 18:06:18 TCP: Saving Data Into Database......
11-09-2018 18:06:18 TCP: Successfully Saved To Database......
11-09-2018 18:06:28 TCP: Recieved 36 bytes from socket.
11-09-2018 18:06:28 TCP: Parsing Data....
11-09-2018 18:06:28 TCP: Saving Data Into Database......
11-09-2018 18:06:28 TCP: Successfully Saved To Database......
11-09-2018 18:06:38 TCP: Recieved 36 bytes from socket.
11-09-2018 18:06:38 TCP: Parsing Data....
11-09-2018 18:06:38 TCP: Saving Data Into Database......
11-09-2018 18:06:38 TCP: Successfully Saved To Database......
11-09-2018 18:06:48 TCP: Recieved 36 bytes from socket.
11-09-2018 18:06:48 TCP: Parsing Data....
11-09-2018 18:06:48 TCP: Saving Data Into Database......
11-09-2018 18:06:48 TCP: Successfully Saved To Database......
11-09-2018 18:06:58 TCP: Recieved 36 bytes from socket.
11-09-2018 18:06:58 TCP: Parsing Data....
11-09-2018 18:06:58 TCP: Saving Data Into Database......
11-09-2018 18:06:58 TCP: Successfully Saved To Database......
11-09-2018 18:07:08 TCP: Recieved 36 bytes from socket.
11-09-2018 18:07:08 TCP: Parsing Data....
11-09-2018 18:07:08 TCP: Saving Data Into Database......
11-09-2018 18:07:08 TCP: Successfully Saved To Database......
11-09-2018 18:07:18 TCP: Recieved 36 bytes from socket.
11-09-2018 18:07:18 TCP: Parsing Data....
11-09-2018 18:07:18 TCP: Saving Data Into Database......
11-09-2018 18:07:18 TCP: Successfully Saved To Database......
11-09-2018 18:07:24 TCP: Recieved 15 bytes from socket.
11-09-2018 18:07:24 TCP: Parsing Data....
11-09-2018 18:07:28 TCP: Recieved 36 bytes from socket.
11-09-2018 18:07:28 TCP: Parsing Data....
11-09-2018 18:07:28 TCP: Saving Data Into Database......
11-09-2018 18:07:28 TCP: Successfully Saved To Database......
11-09-2018 18:07:38 TCP: Recieved 36 bytes from socket.
11-09-2018 18:07:38 TCP: Parsing Data....
11-09-2018 18:07:38 TCP: Saving Data Into Database......
11-09-2018 18:07:38 TCP: Successfully Saved To Database......
11-09-2018 18:07:48 TCP: Recieved 36 bytes from socket.
11-09-2018 18:07:48 TCP: Parsing Data....
11-09-2018 18:07:48 TCP: Saving Data Into Database......
11-09-2018 18:07:48 TCP: Successfully Saved To Database......
11-09-2018 18:07:58 TCP: Recieved 36 bytes from socket.
11-09-2018 18:07:58 TCP: Parsing Data....
11-09-2018 18:07:58 TCP: Saving Data Into Database......
11-09-2018 18:07:58 TCP: Successfully Saved To Database......
11-09-2018 18:08:08 TCP: Recieved 36 bytes from socket.
11-09-2018 18:08:08 TCP: Parsing Data....
11-09-2018 18:08:08 TCP: Saving Data Into Database......
11-09-2018 18:08:08 TCP: Successfully Saved To Database......
11-09-2018 18:08:18 TCP: Recieved 36 bytes from socket.
11-09-2018 18:08:18 TCP: Parsing Data....
11-09-2018 18:08:18 TCP: Saving Data Into Database......
11-09-2018 18:08:18 TCP: Successfully Saved To Database......
11-09-2018 18:08:28 TCP: Recieved 36 bytes from socket.
11-09-2018 18:08:28 TCP: Parsing Data....
11-09-2018 18:08:28 TCP: Saving Data Into Database......
11-09-2018 18:08:28 TCP: Successfully Saved To Database......
11-09-2018 18:08:39 TCP: Recieved 36 bytes from socket.
11-09-2018 18:08:39 TCP: Parsing Data....
11-09-2018 18:08:39 TCP: Saving Data Into Database......
11-09-2018 18:08:39 TCP: Successfully Saved To Database......
11-09-2018 18:08:48 TCP: Recieved 36 bytes from socket.
11-09-2018 18:08:48 TCP: Parsing Data....
11-09-2018 18:08:48 TCP: Saving Data Into Database......
11-09-2018 18:08:48 TCP: Successfully Saved To Database......
11-09-2018 18:08:56 TCP: Got new connection: 27.97.140.178:51660
11-09-2018 18:08:57 TCP: Recieved 18 bytes from socket.
11-09-2018 18:08:57 TCP: Parsing Data....
11-09-2018 18:08:57 TCP: Parsing Data....
11-09-2018 18:09:00 TCP: Recieved 15 bytes from socket.
11-09-2018 18:09:00 TCP: Parsing Data....
11-09-2018 18:09:03 TCP: Recieved 36 bytes from socket.
11-09-2018 18:09:03 TCP: Parsing Data....
11-09-2018 18:09:03 TCP: Saving Data Into Database......
11-09-2018 18:09:03 TCP: Successfully Saved To Database......
11-09-2018 18:09:09 TCP: Recieved 36 bytes from socket.
11-09-2018 18:09:09 TCP: Parsing Data....
11-09-2018 18:09:09 TCP: Saving Data Into Database......
11-09-2018 18:09:09 TCP: Successfully Saved To Database......
11-09-2018 18:09:18 TCP: Recieved 36 bytes from socket.
11-09-2018 18:09:18 TCP: Parsing Data....
11-09-2018 18:09:18 TCP: Saving Data Into Database......
11-09-2018 18:09:18 TCP: Successfully Saved To Database......
11-09-2018 18:09:28 TCP: Recieved 36 bytes from socket.
11-09-2018 18:09:28 TCP: Parsing Data....
11-09-2018 18:09:28 TCP: Saving Data Into Database......
11-09-2018 18:09:28 TCP: Successfully Saved To Database......
11-09-2018 18:09:38 TCP: Recieved 36 bytes from socket.
11-09-2018 18:09:38 TCP: Parsing Data....
11-09-2018 18:09:38 TCP: Saving Data Into Database......
11-09-2018 18:09:38 TCP: Successfully Saved To Database......
11-09-2018 18:09:48 TCP: Recieved 36 bytes from socket.
11-09-2018 18:09:48 TCP: Parsing Data....
11-09-2018 18:09:48 TCP: Saving Data Into Database......
11-09-2018 18:09:48 TCP: Successfully Saved To Database......
11-09-2018 18:09:58 TCP: Recieved 36 bytes from socket.
11-09-2018 18:09:58 TCP: Parsing Data....
11-09-2018 18:09:58 TCP: Saving Data Into Database......
11-09-2018 18:09:58 TCP: Successfully Saved To Database......
11-09-2018 18:10:08 TCP: Recieved 36 bytes from socket.
11-09-2018 18:10:08 TCP: Parsing Data....
11-09-2018 18:10:08 TCP: Saving Data Into Database......
11-09-2018 18:10:08 TCP: Successfully Saved To Database......
11-09-2018 18:10:18 TCP: Recieved 36 bytes from socket.
11-09-2018 18:10:18 TCP: Parsing Data....
11-09-2018 18:10:18 TCP: Saving Data Into Database......
11-09-2018 18:10:18 TCP: Successfully Saved To Database......
11-09-2018 18:10:27 TCP: Recieved 15 bytes from socket.
11-09-2018 18:10:27 TCP: Parsing Data....
11-09-2018 18:10:28 TCP: Recieved 36 bytes from socket.
11-09-2018 18:10:28 TCP: Parsing Data....
11-09-2018 18:10:28 TCP: Saving Data Into Database......
11-09-2018 18:10:28 TCP: Successfully Saved To Database......
11-09-2018 18:10:38 TCP: Recieved 36 bytes from socket.
11-09-2018 18:10:38 TCP: Parsing Data....
11-09-2018 18:10:38 TCP: Saving Data Into Database......
11-09-2018 18:10:38 TCP: Successfully Saved To Database......
11-09-2018 18:10:48 TCP: Recieved 36 bytes from socket.
11-09-2018 18:10:48 TCP: Parsing Data....
11-09-2018 18:10:48 TCP: Saving Data Into Database......
11-09-2018 18:10:48 TCP: Successfully Saved To Database......
11-09-2018 18:10:58 TCP: Recieved 36 bytes from socket.
11-09-2018 18:10:58 TCP: Parsing Data....
11-09-2018 18:10:58 TCP: Saving Data Into Database......
11-09-2018 18:10:58 TCP: Successfully Saved To Database......
11-09-2018 18:11:08 TCP: Recieved 36 bytes from socket.
11-09-2018 18:11:08 TCP: Parsing Data....
11-09-2018 18:11:08 TCP: Saving Data Into Database......
11-09-2018 18:11:08 TCP: Successfully Saved To Database......
11-09-2018 18:11:18 TCP: Recieved 36 bytes from socket.
11-09-2018 18:11:18 TCP: Parsing Data....
11-09-2018 18:11:18 TCP: Saving Data Into Database......
11-09-2018 18:11:18 TCP: Successfully Saved To Database......
11-09-2018 18:11:28 TCP: Recieved 36 bytes from socket.
11-09-2018 18:11:28 TCP: Parsing Data....
11-09-2018 18:11:28 TCP: Saving Data Into Database......
11-09-2018 18:11:28 TCP: Successfully Saved To Database......
11-09-2018 18:11:38 TCP: Recieved 36 bytes from socket.
11-09-2018 18:11:38 TCP: Parsing Data....
11-09-2018 18:11:38 TCP: Saving Data Into Database......
11-09-2018 18:11:38 TCP: Successfully Saved To Database......
11-09-2018 18:11:48 TCP: Recieved 36 bytes from socket.
11-09-2018 18:11:48 TCP: Parsing Data....
11-09-2018 18:11:48 TCP: Saving Data Into Database......
11-09-2018 18:11:48 TCP: Successfully Saved To Database......
11-09-2018 18:11:57 TCP: Recieved 15 bytes from socket.
11-09-2018 18:11:57 TCP: Parsing Data....
11-09-2018 18:11:58 TCP: Recieved 36 bytes from socket.
11-09-2018 18:11:58 TCP: Parsing Data....
11-09-2018 18:11:58 TCP: Saving Data Into Database......
11-09-2018 18:11:58 TCP: Successfully Saved To Database......
11-09-2018 18:12:08 TCP: Recieved 36 bytes from socket.
11-09-2018 18:12:08 TCP: Parsing Data....
11-09-2018 18:12:08 TCP: Saving Data Into Database......
11-09-2018 18:12:08 TCP: Successfully Saved To Database......
11-09-2018 18:12:18 TCP: Recieved 36 bytes from socket.
11-09-2018 18:12:18 TCP: Parsing Data....
11-09-2018 18:12:18 TCP: Saving Data Into Database......
11-09-2018 18:12:18 TCP: Successfully Saved To Database......
11-09-2018 18:12:28 TCP: Recieved 36 bytes from socket.
11-09-2018 18:12:28 TCP: Parsing Data....
11-09-2018 18:12:28 TCP: Saving Data Into Database......
11-09-2018 18:12:28 TCP: Successfully Saved To Database......
11-09-2018 18:12:38 TCP: Recieved 36 bytes from socket.
11-09-2018 18:12:38 TCP: Parsing Data....
11-09-2018 18:12:38 TCP: Saving Data Into Database......
11-09-2018 18:12:38 TCP: Successfully Saved To Database......
11-09-2018 18:12:48 TCP: Recieved 36 bytes from socket.
11-09-2018 18:12:48 TCP: Parsing Data....
11-09-2018 18:12:48 TCP: Saving Data Into Database......
11-09-2018 18:12:48 TCP: Successfully Saved To Database......
11-09-2018 18:12:58 TCP: Recieved 36 bytes from socket.
11-09-2018 18:12:58 TCP: Parsing Data....
11-09-2018 18:12:58 TCP: Saving Data Into Database......
11-09-2018 18:12:58 TCP: Successfully Saved To Database......
11-09-2018 18:13:08 TCP: Recieved 36 bytes from socket.
11-09-2018 18:13:08 TCP: Parsing Data....
11-09-2018 18:13:08 TCP: Saving Data Into Database......
11-09-2018 18:13:08 TCP: Successfully Saved To Database......
11-09-2018 18:13:18 TCP: Recieved 36 bytes from socket.
11-09-2018 18:13:18 TCP: Parsing Data....
11-09-2018 18:13:18 TCP: Saving Data Into Database......
11-09-2018 18:13:18 TCP: Successfully Saved To Database......
11-09-2018 18:14:06 TCP: Got new connection: 106.77.46.64:28491
11-09-2018 18:14:07 TCP: Recieved 18 bytes from socket.
11-09-2018 18:14:07 TCP: Parsing Data....
11-09-2018 18:14:07 TCP: Parsing Data....
11-09-2018 18:14:10 TCP: Recieved 15 bytes from socket.
11-09-2018 18:14:10 TCP: Parsing Data....
11-09-2018 18:14:13 TCP: Recieved 36 bytes from socket.
11-09-2018 18:14:13 TCP: Parsing Data....
11-09-2018 18:15:00 TCP: Saving Data Into Database......
11-09-2018 18:15:00 TCP: Successfully Saved To Database......
11-09-2018 18:15:00 TCP: Recieved 324 bytes from socket.
11-09-2018 18:15:00 TCP: Parsing Data....
11-09-2018 18:15:00 TCP: Saving Data Into Database......
11-09-2018 18:15:00 TCP: Successfully Saved To Database......
11-09-2018 18:15:00 TCP: Saving Data Into Database......
11-09-2018 18:15:00 TCP: Successfully Saved To Database......
11-09-2018 18:15:00 TCP: Saving Data Into Database......
11-09-2018 18:15:00 TCP: Successfully Saved To Database......
11-09-2018 18:15:00 TCP: Saving Data Into Database......
11-09-2018 18:15:00 TCP: Successfully Saved To Database......
11-09-2018 18:15:00 TCP: Saving Data Into Database......
11-09-2018 18:15:00 TCP: Successfully Saved To Database......
11-09-2018 18:15:00 TCP: Saving Data Into Database......
11-09-2018 18:15:00 TCP: Successfully Saved To Database......
11-09-2018 18:15:00 TCP: Saving Data Into Database......
11-09-2018 18:15:00 TCP: Successfully Saved To Database......
11-09-2018 18:15:00 TCP: Saving Data Into Database......
11-09-2018 18:15:00 TCP: Successfully Saved To Database......
11-09-2018 18:15:00 TCP: Saving Data Into Database......
11-09-2018 18:15:00 TCP: Successfully Saved To Database......
11-09-2018 18:15:07 TCP: Recieved 36 bytes from socket.
11-09-2018 18:15:07 TCP: Parsing Data....
11-09-2018 18:15:07 TCP: Saving Data Into Database......
11-09-2018 18:15:08 TCP: Successfully Saved To Database......
11-09-2018 18:15:18 TCP: Recieved 36 bytes from socket.
11-09-2018 18:15:18 TCP: Parsing Data....
11-09-2018 18:15:18 TCP: Saving Data Into Database......
11-09-2018 18:15:18 TCP: Successfully Saved To Database......
11-09-2018 18:15:27 TCP: Recieved 36 bytes from socket.
11-09-2018 18:15:27 TCP: Parsing Data....
11-09-2018 18:15:27 TCP: Saving Data Into Database......
11-09-2018 18:15:27 TCP: Successfully Saved To Database......
11-09-2018 18:15:38 TCP: Recieved 15 bytes from socket.
11-09-2018 18:15:38 TCP: Parsing Data....
11-09-2018 18:15:41 TCP: Recieved 36 bytes from socket.
11-09-2018 18:15:41 TCP: Parsing Data....
11-09-2018 18:15:41 TCP: Saving Data Into Database......
11-09-2018 18:15:41 TCP: Successfully Saved To Database......
11-09-2018 18:15:47 TCP: Recieved 36 bytes from socket.
11-09-2018 18:15:47 TCP: Parsing Data....
11-09-2018 18:15:47 TCP: Saving Data Into Database......
11-09-2018 18:15:47 TCP: Successfully Saved To Database......
11-09-2018 18:15:58 TCP: Recieved 36 bytes from socket.
11-09-2018 18:15:58 TCP: Parsing Data....
11-09-2018 18:15:58 TCP: Saving Data Into Database......
11-09-2018 18:15:58 TCP: Successfully Saved To Database......
11-09-2018 18:16:07 TCP: Recieved 36 bytes from socket.
11-09-2018 18:16:07 TCP: Parsing Data....
11-09-2018 18:16:07 TCP: Saving Data Into Database......
11-09-2018 18:16:07 TCP: Successfully Saved To Database......
11-09-2018 18:16:17 TCP: Recieved 36 bytes from socket.
11-09-2018 18:16:17 TCP: Parsing Data....
11-09-2018 18:16:17 TCP: Saving Data Into Database......
11-09-2018 18:16:17 TCP: Successfully Saved To Database......
11-09-2018 18:16:27 TCP: Recieved 36 bytes from socket.
11-09-2018 18:16:27 TCP: Parsing Data....
11-09-2018 18:16:27 TCP: Saving Data Into Database......
11-09-2018 18:16:27 TCP: Successfully Saved To Database......
11-09-2018 18:16:37 TCP: Recieved 36 bytes from socket.
11-09-2018 18:16:37 TCP: Parsing Data....
11-09-2018 18:16:37 TCP: Saving Data Into Database......
11-09-2018 18:16:38 TCP: Successfully Saved To Database......
11-09-2018 18:16:47 TCP: Recieved 36 bytes from socket.
11-09-2018 18:16:47 TCP: Parsing Data....
11-09-2018 18:16:47 TCP: Saving Data Into Database......
11-09-2018 18:16:47 TCP: Successfully Saved To Database......
11-09-2018 18:16:57 TCP: Recieved 36 bytes from socket.
11-09-2018 18:16:57 TCP: Parsing Data....
11-09-2018 18:16:57 TCP: Saving Data Into Database......
11-09-2018 18:16:57 TCP: Successfully Saved To Database......
11-09-2018 18:17:07 TCP: Recieved 15 bytes from socket.
11-09-2018 18:17:07 TCP: Parsing Data....
11-09-2018 18:17:08 TCP: Recieved 36 bytes from socket.
11-09-2018 18:17:08 TCP: Parsing Data....
11-09-2018 18:17:08 TCP: Saving Data Into Database......
11-09-2018 18:17:08 TCP: Successfully Saved To Database......
11-09-2018 18:17:18 TCP: Recieved 36 bytes from socket.
11-09-2018 18:17:18 TCP: Parsing Data....
11-09-2018 18:17:18 TCP: Saving Data Into Database......
11-09-2018 18:17:18 TCP: Successfully Saved To Database......
11-09-2018 18:17:28 TCP: Recieved 36 bytes from socket.
11-09-2018 18:17:28 TCP: Parsing Data....
11-09-2018 18:17:28 TCP: Saving Data Into Database......
11-09-2018 18:17:28 TCP: Successfully Saved To Database......
11-09-2018 18:17:38 TCP: Recieved 36 bytes from socket.
11-09-2018 18:17:38 TCP: Parsing Data....
11-09-2018 18:17:38 TCP: Saving Data Into Database......
11-09-2018 18:17:38 TCP: Successfully Saved To Database......
11-09-2018 18:17:48 TCP: Recieved 36 bytes from socket.
11-09-2018 18:17:48 TCP: Parsing Data....
11-09-2018 18:17:48 TCP: Saving Data Into Database......
11-09-2018 18:17:48 TCP: Successfully Saved To Database......
11-09-2018 18:17:58 TCP: Recieved 36 bytes from socket.
11-09-2018 18:17:58 TCP: Parsing Data....
11-09-2018 18:17:58 TCP: Saving Data Into Database......
11-09-2018 18:17:58 TCP: Successfully Saved To Database......
11-09-2018 18:18:08 TCP: Recieved 36 bytes from socket.
11-09-2018 18:18:08 TCP: Parsing Data....
11-09-2018 18:18:08 TCP: Saving Data Into Database......
11-09-2018 18:18:08 TCP: Successfully Saved To Database......
11-09-2018 18:18:18 TCP: Recieved 36 bytes from socket.
11-09-2018 18:18:18 TCP: Parsing Data....
11-09-2018 18:18:18 TCP: Saving Data Into Database......
11-09-2018 18:18:18 TCP: Successfully Saved To Database......
11-09-2018 18:18:28 TCP: Recieved 36 bytes from socket.
11-09-2018 18:18:28 TCP: Parsing Data....
11-09-2018 18:18:28 TCP: Saving Data Into Database......
11-09-2018 18:18:28 TCP: Successfully Saved To Database......
11-09-2018 18:18:37 TCP: Got new connection: 106.77.46.64:34951
11-09-2018 18:18:38 TCP: Recieved 18 bytes from socket.
11-09-2018 18:18:38 TCP: Parsing Data....
11-09-2018 18:18:38 TCP: Parsing Data....
11-09-2018 18:18:41 TCP: Recieved 15 bytes from socket.
11-09-2018 18:18:41 TCP: Parsing Data....
11-09-2018 18:18:47 TCP: Recieved 36 bytes from socket.
11-09-2018 18:18:47 TCP: Parsing Data....
11-09-2018 18:18:47 TCP: Saving Data Into Database......
11-09-2018 18:18:47 TCP: Successfully Saved To Database......
11-09-2018 18:18:48 TCP: Recieved 36 bytes from socket.
11-09-2018 18:18:48 TCP: Parsing Data....
11-09-2018 18:18:48 TCP: Saving Data Into Database......
11-09-2018 18:18:48 TCP: Successfully Saved To Database......
11-09-2018 18:18:57 TCP: Recieved 36 bytes from socket.
11-09-2018 18:18:57 TCP: Parsing Data....
11-09-2018 18:18:57 TCP: Saving Data Into Database......
11-09-2018 18:18:57 TCP: Successfully Saved To Database......
11-09-2018 18:19:07 TCP: Recieved 36 bytes from socket.
11-09-2018 18:19:07 TCP: Parsing Data....
11-09-2018 18:19:07 TCP: Saving Data Into Database......
11-09-2018 18:19:07 TCP: Successfully Saved To Database......
11-09-2018 18:19:18 TCP: Recieved 36 bytes from socket.
11-09-2018 18:19:18 TCP: Parsing Data....
11-09-2018 18:19:18 TCP: Saving Data Into Database......
11-09-2018 18:19:18 TCP: Successfully Saved To Database......
11-09-2018 18:19:28 TCP: Recieved 36 bytes from socket.
11-09-2018 18:19:28 TCP: Parsing Data....
11-09-2018 18:19:28 TCP: Saving Data Into Database......
11-09-2018 18:19:28 TCP: Successfully Saved To Database......
11-09-2018 18:19:38 TCP: Recieved 36 bytes from socket.
11-09-2018 18:19:38 TCP: Parsing Data....
11-09-2018 18:19:38 TCP: Saving Data Into Database......
11-09-2018 18:19:38 TCP: Successfully Saved To Database......
11-09-2018 18:19:48 TCP: Recieved 36 bytes from socket.
11-09-2018 18:19:48 TCP: Parsing Data....
11-09-2018 18:19:48 TCP: Saving Data Into Database......
11-09-2018 18:19:48 TCP: Successfully Saved To Database......
11-09-2018 18:19:58 TCP: Recieved 36 bytes from socket.
11-09-2018 18:19:58 TCP: Parsing Data....
11-09-2018 18:19:58 TCP: Saving Data Into Database......
11-09-2018 18:19:58 TCP: Successfully Saved To Database......
11-09-2018 18:20:08 TCP: Recieved 36 bytes from socket.
11-09-2018 18:20:08 TCP: Parsing Data....
11-09-2018 18:20:43 TCP: Saving Data Into Database......
11-09-2018 18:20:43 TCP: Successfully Saved To Database......
11-09-2018 18:20:43 TCP: Recieved 123 bytes from socket.
11-09-2018 18:20:43 TCP: Parsing Data....
11-09-2018 18:20:43 TCP: Saving Data Into Database......
11-09-2018 18:20:43 TCP: Successfully Saved To Database......
11-09-2018 18:20:43 TCP: Saving Data Into Database......
11-09-2018 18:20:43 TCP: Successfully Saved To Database......
11-09-2018 18:20:43 TCP: Saving Data Into Database......
11-09-2018 18:20:43 TCP: Successfully Saved To Database......
11-09-2018 18:20:48 TCP: Recieved 36 bytes from socket.
11-09-2018 18:20:48 TCP: Parsing Data....
11-09-2018 18:20:48 TCP: Saving Data Into Database......
11-09-2018 18:20:48 TCP: Successfully Saved To Database......
11-09-2018 18:20:58 TCP: Recieved 36 bytes from socket.
11-09-2018 18:20:58 TCP: Parsing Data....
11-09-2018 18:20:58 TCP: Saving Data Into Database......
11-09-2018 18:20:58 TCP: Successfully Saved To Database......
11-09-2018 18:21:08 TCP: Recieved 36 bytes from socket.
11-09-2018 18:21:08 TCP: Parsing Data....
11-09-2018 18:21:08 TCP: Saving Data Into Database......
11-09-2018 18:21:08 TCP: Successfully Saved To Database......
11-09-2018 18:21:18 TCP: Recieved 36 bytes from socket.
11-09-2018 18:21:18 TCP: Parsing Data....
11-09-2018 18:21:18 TCP: Saving Data Into Database......
11-09-2018 18:21:18 TCP: Successfully Saved To Database......
11-09-2018 18:21:28 TCP: Recieved 36 bytes from socket.
11-09-2018 18:21:28 TCP: Parsing Data....
11-09-2018 18:21:28 TCP: Saving Data Into Database......
11-09-2018 18:21:28 TCP: Successfully Saved To Database......
11-09-2018 18:21:38 TCP: Recieved 36 bytes from socket.
11-09-2018 18:21:38 TCP: Parsing Data....
11-09-2018 18:21:38 TCP: Saving Data Into Database......
11-09-2018 18:21:38 TCP: Successfully Saved To Database......
11-09-2018 18:21:41 TCP: Recieved 15 bytes from socket.
11-09-2018 18:21:41 TCP: Parsing Data....
11-09-2018 18:21:48 TCP: Recieved 36 bytes from socket.
11-09-2018 18:21:48 TCP: Parsing Data....
11-09-2018 18:21:48 TCP: Saving Data Into Database......
11-09-2018 18:21:48 TCP: Successfully Saved To Database......
11-09-2018 18:21:58 TCP: Recieved 36 bytes from socket.
11-09-2018 18:21:58 TCP: Parsing Data....
11-09-2018 18:21:58 TCP: Saving Data Into Database......
11-09-2018 18:21:58 TCP: Successfully Saved To Database......
11-09-2018 18:22:08 TCP: Recieved 36 bytes from socket.
11-09-2018 18:22:08 TCP: Parsing Data....
11-09-2018 18:22:08 TCP: Saving Data Into Database......
11-09-2018 18:22:08 TCP: Successfully Saved To Database......
11-09-2018 18:22:18 TCP: Recieved 36 bytes from socket.
11-09-2018 18:22:18 TCP: Parsing Data....
11-09-2018 18:22:18 TCP: Saving Data Into Database......
11-09-2018 18:22:18 TCP: Successfully Saved To Database......
11-09-2018 18:22:28 TCP: Recieved 36 bytes from socket.
11-09-2018 18:22:28 TCP: Parsing Data....
11-09-2018 18:22:28 TCP: Saving Data Into Database......
11-09-2018 18:22:29 TCP: Successfully Saved To Database......
11-09-2018 18:22:38 TCP: Recieved 36 bytes from socket.
11-09-2018 18:22:38 TCP: Parsing Data....
11-09-2018 18:22:38 TCP: Saving Data Into Database......
11-09-2018 18:22:38 TCP: Successfully Saved To Database......
11-09-2018 18:22:48 TCP: Recieved 36 bytes from socket.
11-09-2018 18:22:48 TCP: Parsing Data....
11-09-2018 18:22:48 TCP: Saving Data Into Database......
11-09-2018 18:22:48 TCP: Successfully Saved To Database......
11-09-2018 18:22:58 TCP: Recieved 36 bytes from socket.
11-09-2018 18:22:58 TCP: Parsing Data....
11-09-2018 18:22:58 TCP: Saving Data Into Database......
11-09-2018 18:22:58 TCP: Successfully Saved To Database......
11-09-2018 18:23:08 TCP: Got new connection: 106.77.46.64:55800
11-09-2018 18:23:09 TCP: Recieved 18 bytes from socket.
11-09-2018 18:23:09 TCP: Parsing Data....
11-09-2018 18:23:09 TCP: Parsing Data....
11-09-2018 18:23:12 TCP: Recieved 36 bytes from socket.
11-09-2018 18:23:12 TCP: Parsing Data....
11-09-2018 18:23:12 TCP: Saving Data Into Database......
11-09-2018 18:23:12 TCP: Successfully Saved To Database......
11-09-2018 18:23:15 TCP: Recieved 15 bytes from socket.
11-09-2018 18:23:15 TCP: Parsing Data....
11-09-2018 18:23:18 TCP: Recieved 36 bytes from socket.
11-09-2018 18:23:18 TCP: Parsing Data....
11-09-2018 18:23:18 TCP: Saving Data Into Database......
11-09-2018 18:23:18 TCP: Successfully Saved To Database......
11-09-2018 18:23:28 TCP: Recieved 36 bytes from socket.
11-09-2018 18:23:28 TCP: Parsing Data....
11-09-2018 18:23:28 TCP: Saving Data Into Database......
11-09-2018 18:23:28 TCP: Successfully Saved To Database......
11-09-2018 18:23:38 TCP: Recieved 36 bytes from socket.
11-09-2018 18:23:38 TCP: Parsing Data....
11-09-2018 18:23:38 TCP: Saving Data Into Database......
11-09-2018 18:23:38 TCP: Successfully Saved To Database......
11-09-2018 18:23:48 TCP: Recieved 36 bytes from socket.
11-09-2018 18:23:48 TCP: Parsing Data....
11-09-2018 18:23:48 TCP: Saving Data Into Database......
11-09-2018 18:23:48 TCP: Successfully Saved To Database......
11-09-2018 18:23:58 TCP: Recieved 36 bytes from socket.
11-09-2018 18:23:58 TCP: Parsing Data....
11-09-2018 18:23:58 TCP: Saving Data Into Database......
11-09-2018 18:23:58 TCP: Successfully Saved To Database......
11-09-2018 18:24:08 TCP: Recieved 36 bytes from socket.
11-09-2018 18:24:08 TCP: Parsing Data....
11-09-2018 18:24:08 TCP: Saving Data Into Database......
11-09-2018 18:24:08 TCP: Successfully Saved To Database......
11-09-2018 18:24:18 TCP: Recieved 36 bytes from socket.
11-09-2018 18:24:18 TCP: Parsing Data....
11-09-2018 18:24:18 TCP: Saving Data Into Database......
11-09-2018 18:24:18 TCP: Successfully Saved To Database......
11-09-2018 18:24:28 TCP: Recieved 36 bytes from socket.
11-09-2018 18:24:28 TCP: Parsing Data....
11-09-2018 18:24:28 TCP: Saving Data Into Database......
11-09-2018 18:24:28 TCP: Successfully Saved To Database......
11-09-2018 18:24:38 TCP: Recieved 36 bytes from socket.
11-09-2018 18:24:38 TCP: Parsing Data....
11-09-2018 18:24:38 TCP: Saving Data Into Database......
11-09-2018 18:24:38 TCP: Successfully Saved To Database......
11-09-2018 18:24:38 TCP: Recieved 15 bytes from socket.
11-09-2018 18:24:38 TCP: Parsing Data....
11-09-2018 18:24:48 TCP: Recieved 36 bytes from socket.
11-09-2018 18:24:48 TCP: Parsing Data....
11-09-2018 18:24:48 TCP: Saving Data Into Database......
11-09-2018 18:24:48 TCP: Successfully Saved To Database......
11-09-2018 18:24:58 TCP: Recieved 36 bytes from socket.
11-09-2018 18:24:58 TCP: Parsing Data....
11-09-2018 18:24:58 TCP: Saving Data Into Database......
11-09-2018 18:24:58 TCP: Successfully Saved To Database......
11-09-2018 18:25:08 TCP: Recieved 36 bytes from socket.
11-09-2018 18:25:08 TCP: Parsing Data....
11-09-2018 18:25:08 TCP: Saving Data Into Database......
11-09-2018 18:25:08 TCP: Successfully Saved To Database......
11-09-2018 18:25:18 TCP: Recieved 36 bytes from socket.
11-09-2018 18:25:18 TCP: Parsing Data....
11-09-2018 18:25:18 TCP: Saving Data Into Database......
11-09-2018 18:25:18 TCP: Successfully Saved To Database......
11-09-2018 18:25:28 TCP: Recieved 36 bytes from socket.
11-09-2018 18:25:28 TCP: Parsing Data....
11-09-2018 18:25:28 TCP: Saving Data Into Database......
11-09-2018 18:25:28 TCP: Successfully Saved To Database......
11-09-2018 18:25:38 TCP: Recieved 36 bytes from socket.
11-09-2018 18:25:38 TCP: Parsing Data....
11-09-2018 18:25:38 TCP: Saving Data Into Database......
11-09-2018 18:25:38 TCP: Successfully Saved To Database......
11-09-2018 18:25:48 TCP: Recieved 36 bytes from socket.
11-09-2018 18:25:48 TCP: Parsing Data....
11-09-2018 18:25:48 TCP: Saving Data Into Database......
11-09-2018 18:25:48 TCP: Successfully Saved To Database......
11-09-2018 18:25:58 TCP: Recieved 36 bytes from socket.
11-09-2018 18:25:58 TCP: Parsing Data....
11-09-2018 18:25:58 TCP: Saving Data Into Database......
11-09-2018 18:25:58 TCP: Successfully Saved To Database......
11-09-2018 18:26:07 TCP: Recieved 36 bytes from socket.
11-09-2018 18:26:07 TCP: Parsing Data....
11-09-2018 18:26:07 TCP: Saving Data Into Database......
11-09-2018 18:26:07 TCP: Successfully Saved To Database......
11-09-2018 18:26:08 TCP: Recieved 15 bytes from socket.
11-09-2018 18:26:08 TCP: Parsing Data....
11-09-2018 18:26:17 TCP: Recieved 36 bytes from socket.
11-09-2018 18:26:17 TCP: Parsing Data....
11-09-2018 18:26:17 TCP: Saving Data Into Database......
11-09-2018 18:26:17 TCP: Successfully Saved To Database......
11-09-2018 18:26:27 TCP: Recieved 36 bytes from socket.
11-09-2018 18:26:27 TCP: Parsing Data....
11-09-2018 18:26:27 TCP: Saving Data Into Database......
11-09-2018 18:26:27 TCP: Successfully Saved To Database......
11-09-2018 18:26:37 TCP: Recieved 36 bytes from socket.
11-09-2018 18:26:37 TCP: Parsing Data....
11-09-2018 18:26:37 TCP: Saving Data Into Database......
11-09-2018 18:26:38 TCP: Successfully Saved To Database......
11-09-2018 18:26:47 TCP: Recieved 36 bytes from socket.
11-09-2018 18:26:47 TCP: Parsing Data....
11-09-2018 18:26:47 TCP: Saving Data Into Database......
11-09-2018 18:26:47 TCP: Successfully Saved To Database......
11-09-2018 18:26:57 TCP: Recieved 36 bytes from socket.
11-09-2018 18:26:57 TCP: Parsing Data....
11-09-2018 18:26:57 TCP: Saving Data Into Database......
11-09-2018 18:26:57 TCP: Successfully Saved To Database......
11-09-2018 18:27:07 TCP: Recieved 36 bytes from socket.
11-09-2018 18:27:07 TCP: Parsing Data....
11-09-2018 18:27:07 TCP: Saving Data Into Database......
11-09-2018 18:27:08 TCP: Successfully Saved To Database......
11-09-2018 18:27:17 TCP: Recieved 36 bytes from socket.
11-09-2018 18:27:17 TCP: Parsing Data....
11-09-2018 18:27:17 TCP: Saving Data Into Database......
11-09-2018 18:27:17 TCP: Successfully Saved To Database......
11-09-2018 18:27:27 TCP: Recieved 36 bytes from socket.
11-09-2018 18:27:27 TCP: Parsing Data....
11-09-2018 18:27:27 TCP: Saving Data Into Database......
11-09-2018 18:27:27 TCP: Successfully Saved To Database......
11-09-2018 18:27:37 TCP: Recieved 36 bytes from socket.
11-09-2018 18:27:37 TCP: Parsing Data....
11-09-2018 18:27:37 TCP: Saving Data Into Database......
11-09-2018 18:27:37 TCP: Successfully Saved To Database......
11-09-2018 18:28:16 TCP: Got new connection: 106.77.53.122:14090
11-09-2018 18:28:17 TCP: Recieved 18 bytes from socket.
11-09-2018 18:28:17 TCP: Parsing Data....
11-09-2018 18:28:17 TCP: Parsing Data....
11-09-2018 18:28:21 TCP: Recieved 15 bytes from socket.
11-09-2018 18:28:21 TCP: Parsing Data....
11-09-2018 18:28:24 TCP: Recieved 36 bytes from socket.
11-09-2018 18:28:24 TCP: Parsing Data....
11-09-2018 18:28:24 TCP: Saving Data Into Database......
11-09-2018 18:28:24 TCP: Successfully Saved To Database......
11-09-2018 18:28:28 TCP: Recieved 36 bytes from socket.
11-09-2018 18:28:28 TCP: Parsing Data....
11-09-2018 18:28:28 TCP: Saving Data Into Database......
11-09-2018 18:28:28 TCP: Successfully Saved To Database......
11-09-2018 18:28:31 TCP: Recieved 36 bytes from socket.
11-09-2018 18:28:31 TCP: Parsing Data....
11-09-2018 18:28:31 TCP: Saving Data Into Database......
11-09-2018 18:28:31 TCP: Successfully Saved To Database......
11-09-2018 18:28:34 TCP: Recieved 36 bytes from socket.
11-09-2018 18:28:34 TCP: Parsing Data....
11-09-2018 18:28:34 TCP: Saving Data Into Database......
11-09-2018 18:28:34 TCP: Successfully Saved To Database......
11-09-2018 18:28:37 TCP: Recieved 36 bytes from socket.
11-09-2018 18:28:37 TCP: Parsing Data....
11-09-2018 18:28:37 TCP: Saving Data Into Database......
11-09-2018 18:28:37 TCP: Successfully Saved To Database......
11-09-2018 18:28:38 TCP: Recieved 36 bytes from socket.
11-09-2018 18:28:38 TCP: Parsing Data....
11-09-2018 18:28:38 TCP: Saving Data Into Database......
11-09-2018 18:28:38 TCP: Successfully Saved To Database......
11-09-2018 18:28:48 TCP: Recieved 36 bytes from socket.
11-09-2018 18:28:48 TCP: Parsing Data....
11-09-2018 18:28:48 TCP: Saving Data Into Database......
11-09-2018 18:28:48 TCP: Successfully Saved To Database......
11-09-2018 18:28:58 TCP: Recieved 36 bytes from socket.
11-09-2018 18:28:58 TCP: Parsing Data....
11-09-2018 18:28:58 TCP: Saving Data Into Database......
11-09-2018 18:28:58 TCP: Successfully Saved To Database......
11-09-2018 18:29:08 TCP: Recieved 36 bytes from socket.
11-09-2018 18:29:08 TCP: Parsing Data....
11-09-2018 18:29:08 TCP: Saving Data Into Database......
11-09-2018 18:29:08 TCP: Successfully Saved To Database......
11-09-2018 18:29:18 TCP: Recieved 36 bytes from socket.
11-09-2018 18:29:18 TCP: Parsing Data....
11-09-2018 18:29:18 TCP: Saving Data Into Database......
11-09-2018 18:29:18 TCP: Successfully Saved To Database......
11-09-2018 18:29:28 TCP: Recieved 36 bytes from socket.
11-09-2018 18:29:28 TCP: Parsing Data....
11-09-2018 18:29:28 TCP: Saving Data Into Database......
11-09-2018 18:29:28 TCP: Successfully Saved To Database......
11-09-2018 18:29:38 TCP: Recieved 36 bytes from socket.
11-09-2018 18:29:38 TCP: Parsing Data....
11-09-2018 18:29:38 TCP: Saving Data Into Database......
11-09-2018 18:29:38 TCP: Successfully Saved To Database......
11-09-2018 18:29:48 TCP: Recieved 15 bytes from socket.
11-09-2018 18:29:48 TCP: Parsing Data....
11-09-2018 18:29:50 TCP: Recieved 36 bytes from socket.
11-09-2018 18:29:50 TCP: Parsing Data....
11-09-2018 18:29:50 TCP: Saving Data Into Database......
11-09-2018 18:29:51 TCP: Successfully Saved To Database......
11-09-2018 18:29:58 TCP: Recieved 36 bytes from socket.
11-09-2018 18:29:58 TCP: Parsing Data....
11-09-2018 18:29:58 TCP: Saving Data Into Database......
11-09-2018 18:29:58 TCP: Successfully Saved To Database......
11-09-2018 18:30:07 TCP: Recieved 36 bytes from socket.
11-09-2018 18:30:07 TCP: Parsing Data....
11-09-2018 18:30:07 TCP: Saving Data Into Database......
11-09-2018 18:30:08 TCP: Successfully Saved To Database......
11-09-2018 18:30:17 TCP: Recieved 36 bytes from socket.
11-09-2018 18:30:17 TCP: Parsing Data....
11-09-2018 18:30:17 TCP: Saving Data Into Database......
11-09-2018 18:30:17 TCP: Successfully Saved To Database......
11-09-2018 18:30:27 TCP: Recieved 36 bytes from socket.
11-09-2018 18:30:27 TCP: Parsing Data....
11-09-2018 18:30:27 TCP: Saving Data Into Database......
11-09-2018 18:30:28 TCP: Successfully Saved To Database......
11-09-2018 18:30:37 TCP: Recieved 36 bytes from socket.
11-09-2018 18:30:37 TCP: Parsing Data....
11-09-2018 18:30:37 TCP: Saving Data Into Database......
11-09-2018 18:30:38 TCP: Successfully Saved To Database......
11-09-2018 18:30:47 TCP: Recieved 36 bytes from socket.
11-09-2018 18:30:47 TCP: Parsing Data....
11-09-2018 18:30:47 TCP: Saving Data Into Database......
11-09-2018 18:30:47 TCP: Successfully Saved To Database......
11-09-2018 18:30:57 TCP: Recieved 36 bytes from socket.
11-09-2018 18:30:57 TCP: Parsing Data....
11-09-2018 18:30:57 TCP: Saving Data Into Database......
11-09-2018 18:30:57 TCP: Successfully Saved To Database......
11-09-2018 18:31:07 TCP: Recieved 36 bytes from socket.
11-09-2018 18:31:07 TCP: Parsing Data....
11-09-2018 18:31:07 TCP: Saving Data Into Database......
11-09-2018 18:31:07 TCP: Successfully Saved To Database......
11-09-2018 18:31:17 TCP: Recieved 15 bytes from socket.
11-09-2018 18:31:17 TCP: Parsing Data....
11-09-2018 18:31:20 TCP: Recieved 36 bytes from socket.
11-09-2018 18:31:20 TCP: Parsing Data....
11-09-2018 18:31:20 TCP: Saving Data Into Database......
11-09-2018 18:31:20 TCP: Successfully Saved To Database......
11-09-2018 18:31:27 TCP: Recieved 36 bytes from socket.
11-09-2018 18:31:27 TCP: Parsing Data....
11-09-2018 18:31:27 TCP: Saving Data Into Database......
11-09-2018 18:31:27 TCP: Successfully Saved To Database......
11-09-2018 18:31:37 TCP: Recieved 36 bytes from socket.
11-09-2018 18:31:37 TCP: Parsing Data....
11-09-2018 18:31:37 TCP: Saving Data Into Database......
11-09-2018 18:31:38 TCP: Successfully Saved To Database......
11-09-2018 18:31:47 TCP: Recieved 36 bytes from socket.
11-09-2018 18:31:47 TCP: Parsing Data....
11-09-2018 18:31:47 TCP: Saving Data Into Database......
11-09-2018 18:31:47 TCP: Successfully Saved To Database......
11-09-2018 18:31:57 TCP: Recieved 36 bytes from socket.
11-09-2018 18:31:57 TCP: Parsing Data....
11-09-2018 18:31:57 TCP: Saving Data Into Database......
11-09-2018 18:31:57 TCP: Successfully Saved To Database......
11-09-2018 18:32:07 TCP: Recieved 36 bytes from socket.
11-09-2018 18:32:07 TCP: Parsing Data....
11-09-2018 18:32:07 TCP: Saving Data Into Database......
11-09-2018 18:32:07 TCP: Successfully Saved To Database......
11-09-2018 18:32:17 TCP: Recieved 36 bytes from socket.
11-09-2018 18:32:17 TCP: Parsing Data....
11-09-2018 18:32:17 TCP: Saving Data Into Database......
11-09-2018 18:32:17 TCP: Successfully Saved To Database......
11-09-2018 18:32:27 TCP: Recieved 36 bytes from socket.
11-09-2018 18:32:27 TCP: Parsing Data....
11-09-2018 18:32:27 TCP: Saving Data Into Database......
11-09-2018 18:32:27 TCP: Successfully Saved To Database......
11-09-2018 18:32:37 TCP: Recieved 36 bytes from socket.
11-09-2018 18:32:37 TCP: Parsing Data....
11-09-2018 18:32:37 TCP: Saving Data Into Database......
11-09-2018 18:32:37 TCP: Successfully Saved To Database......
11-09-2018 18:32:47 TCP: Got new connection: 106.77.53.122:11855
11-09-2018 18:32:48 TCP: Recieved 18 bytes from socket.
11-09-2018 18:32:48 TCP: Parsing Data....
11-09-2018 18:32:48 TCP: Parsing Data....
11-09-2018 18:32:51 TCP: Recieved 15 bytes from socket.
11-09-2018 18:32:51 TCP: Parsing Data....
11-09-2018 18:32:57 TCP: Recieved 36 bytes from socket.
11-09-2018 18:32:57 TCP: Parsing Data....
11-09-2018 18:32:57 TCP: Saving Data Into Database......
11-09-2018 18:32:57 TCP: Successfully Saved To Database......
11-09-2018 18:32:58 TCP: Recieved 36 bytes from socket.
11-09-2018 18:32:58 TCP: Parsing Data....
11-09-2018 18:32:58 TCP: Saving Data Into Database......
11-09-2018 18:32:59 TCP: Successfully Saved To Database......
11-09-2018 18:33:07 TCP: Recieved 36 bytes from socket.
11-09-2018 18:33:07 TCP: Parsing Data....
11-09-2018 18:33:07 TCP: Saving Data Into Database......
11-09-2018 18:33:08 TCP: Successfully Saved To Database......
11-09-2018 18:33:17 TCP: Recieved 36 bytes from socket.
11-09-2018 18:33:17 TCP: Parsing Data....
11-09-2018 18:33:17 TCP: Saving Data Into Database......
11-09-2018 18:33:17 TCP: Successfully Saved To Database......
11-09-2018 18:33:27 TCP: Recieved 36 bytes from socket.
11-09-2018 18:33:27 TCP: Parsing Data....
11-09-2018 18:33:27 TCP: Saving Data Into Database......
11-09-2018 18:33:27 TCP: Successfully Saved To Database......
11-09-2018 18:33:37 TCP: Recieved 36 bytes from socket.
11-09-2018 18:33:37 TCP: Parsing Data....
11-09-2018 18:33:37 TCP: Saving Data Into Database......
11-09-2018 18:33:38 TCP: Successfully Saved To Database......
11-09-2018 18:33:47 TCP: Recieved 36 bytes from socket.
11-09-2018 18:33:47 TCP: Parsing Data....
11-09-2018 18:33:47 TCP: Saving Data Into Database......
11-09-2018 18:33:47 TCP: Successfully Saved To Database......
11-09-2018 18:33:57 TCP: Recieved 36 bytes from socket.
11-09-2018 18:33:57 TCP: Parsing Data....
11-09-2018 18:33:57 TCP: Saving Data Into Database......
11-09-2018 18:33:57 TCP: Successfully Saved To Database......
11-09-2018 18:34:07 TCP: Recieved 36 bytes from socket.
11-09-2018 18:34:07 TCP: Parsing Data....
11-09-2018 18:34:07 TCP: Saving Data Into Database......
11-09-2018 18:34:07 TCP: Successfully Saved To Database......
