03-09-2018 15:01:16 UDP: Started listening at port 8414
03-09-2018 15:01:29 TCP: Started listening at port 10025
03-09-2018 15:01:44 TCP Output Control: Started listening at port 668
03-09-2018 15:01:45 TCP Output Control: Error in confirmation checker.
03-09-2018 15:01:45 TCP Output Control: System.InvalidOperationException: ExecuteNonQuery requires the command to have a transaction when the connection assigned to the command is in a pending local transaction.  The Transaction property of the command has not been initialized.
   at System.Data.SqlClient.SqlCommand.ValidateCommand(String method, Boolean async)
   at System.Data.SqlClient.SqlCommand.InternalExecuteNonQuery(TaskCompletionSource`1 completion, String methodName, Boolean sendToPipe, Int32 timeout, Boolean& usedCache, Boolean asyncWrite, Boolean inRetry)
   at System.Data.SqlClient.SqlCommand.ExecuteNonQuery()
   at ExampleService.DataAccess.MSSqlDataAccess.OutputUpdate(Int32 id, Byte status) in C:\Users\Abuzar\Desktop\27-08-2018\ExampleService\DataAccess\MSSqlDataAccess.cs:line 540
   at ExampleService.DataAccess.MSSqlDataAccess.CheckConfirmationExpirations() in C:\Users\Abuzar\Desktop\27-08-2018\ExampleService\DataAccess\MSSqlDataAccess.cs:line 561
   at ExampleService.TCPOutputControl.CheckConfirmationExpiration() in C:\Users\Abuzar\Desktop\27-08-2018\ExampleService\TCPOutputControl.cs:line 313
03-09-2018 15:02:02 TCP: Got new connection: 42.106.18.227:17871
03-09-2018 15:06:33 TCP: Recieved 285 bytes from socket.
03-09-2018 15:06:34 TCP: Parsing Data....
03-09-2018 15:06:34 TCP: Got new connection: 42.106.18.227:50237
03-09-2018 15:06:34 TCP: Recieved 444 bytes from socket.
03-09-2018 15:06:35 TCP: Parsing Data....
03-09-2018 15:06:35 TCP: Parsing Data....
03-09-2018 15:06:36 TCP: Parsing Data....
03-09-2018 15:06:36 TCP: Recieved 519 bytes from socket.
03-09-2018 15:06:36 TCP: Parsing Data....
03-09-2018 15:07:55 TCP: Recieved 36 bytes from socket.
03-09-2018 15:08:49 TCP: Parsing Data....
03-09-2018 15:09:04 TCP: Saving Data Into Database......
03-09-2018 15:09:04 TCP: Saving Data Into Database......
