10-09-2018 16:34:25 UDP: Started listening at port 8414
10-09-2018 16:34:25 TCP: Started listening at port 10025
10-09-2018 16:34:25 TCP Output Control: Started listening at port 668
10-09-2018 16:34:25 TCP Output Control: Error in confirmation checker.
10-09-2018 16:34:25 TCP Output Control: System.InvalidOperationException: ExecuteNonQuery requires the command to have a transaction when the connection assigned to the command is in a pending local transaction.  The Transaction property of the command has not been initialized.
   at System.Data.SqlClient.SqlCommand.ValidateCommand(String method, Boolean async)
   at System.Data.SqlClient.SqlCommand.InternalExecuteNonQuery(TaskCompletionSource`1 completion, String methodName, Boolean sendToPipe, Int32 timeout, Boolean& usedCache, Boolean asyncWrite, Boolean inRetry)
   at System.Data.SqlClient.SqlCommand.ExecuteNonQuery()
   at ExampleService.DataAccess.MSSqlDataAccess.OutputUpdate(Int32 id, Byte status) in C:\Users\Abuzar\Desktop\27-08-2018\ExampleService\DataAccess\MSSqlDataAccess.cs:line 540
   at ExampleService.DataAccess.MSSqlDataAccess.CheckConfirmationExpirations() in C:\Users\Abuzar\Desktop\27-08-2018\ExampleService\DataAccess\MSSqlDataAccess.cs:line 561
   at ExampleService.TCPOutputControl.CheckConfirmationExpiration() in C:\Users\Abuzar\Desktop\27-08-2018\ExampleService\TCPOutputControl.cs:line 313
10-09-2018 16:34:56 TCP: Got new connection: 27.97.134.192:20964
10-09-2018 16:34:57 TCP: Recieved 18 bytes from socket.
10-09-2018 16:34:57 TCP: Parsing Data....
10-09-2018 16:34:57 TCP: Parsing Data....
10-09-2018 16:35:00 TCP: Recieved 36 bytes from socket.
10-09-2018 16:35:00 TCP: Parsing Data....
10-09-2018 16:35:00 TCP: Saving Data Into Database......
10-09-2018 16:35:03 TCP: Recieved 36 bytes from socket.
10-09-2018 16:35:03 TCP: Parsing Data....
10-09-2018 16:35:03 TCP: Saving Data Into Database......
10-09-2018 16:35:06 TCP: Recieved 36 bytes from socket.
10-09-2018 16:35:06 TCP: Parsing Data....
10-09-2018 16:35:06 TCP: Saving Data Into Database......
10-09-2018 16:35:09 TCP: Recieved 36 bytes from socket.
10-09-2018 16:35:09 TCP: Parsing Data....
10-09-2018 16:35:09 TCP: Saving Data Into Database......
10-09-2018 16:35:11 TCP: Recieved 36 bytes from socket.
10-09-2018 16:35:11 TCP: Parsing Data....
10-09-2018 16:35:11 TCP: Saving Data Into Database......
10-09-2018 16:35:14 TCP: Recieved 36 bytes from socket.
10-09-2018 16:35:14 TCP: Parsing Data....
10-09-2018 16:35:14 TCP: Saving Data Into Database......
10-09-2018 16:35:18 TCP: Recieved 36 bytes from socket.
10-09-2018 16:35:18 TCP: Parsing Data....
10-09-2018 16:35:18 TCP: Saving Data Into Database......
10-09-2018 16:35:21 TCP: Recieved 36 bytes from socket.
10-09-2018 16:35:21 TCP: Parsing Data....
10-09-2018 16:35:21 TCP: Saving Data Into Database......
10-09-2018 16:35:24 TCP: Recieved 36 bytes from socket.
10-09-2018 16:35:24 TCP: Parsing Data....
10-09-2018 16:35:24 TCP: Saving Data Into Database......
10-09-2018 16:35:27 TCP: Recieved 36 bytes from socket.
10-09-2018 16:35:27 TCP: Parsing Data....
10-09-2018 16:35:27 TCP: Saving Data Into Database......
10-09-2018 16:35:30 TCP: Recieved 36 bytes from socket.
10-09-2018 16:35:30 TCP: Parsing Data....
10-09-2018 16:35:30 TCP: Saving Data Into Database......
10-09-2018 16:35:33 TCP: Recieved 36 bytes from socket.
10-09-2018 16:35:33 TCP: Parsing Data....
10-09-2018 16:35:33 TCP: Saving Data Into Database......
10-09-2018 16:35:36 TCP: Recieved 36 bytes from socket.
10-09-2018 16:35:36 TCP: Parsing Data....
10-09-2018 16:35:36 TCP: Saving Data Into Database......
10-09-2018 16:35:39 TCP: Recieved 36 bytes from socket.
10-09-2018 16:35:39 TCP: Parsing Data....
10-09-2018 16:35:39 TCP: Saving Data Into Database......
10-09-2018 16:35:42 TCP: Recieved 15 bytes from socket.
10-09-2018 16:35:42 TCP: Parsing Data....
