30-08-2018 11:33:05 UDP: Started listening at port 8414
30-08-2018 11:33:05 TCP: Started listening at port 10025
30-08-2018 11:33:05 TCP Output Control: Started listening at port 668
30-08-2018 11:33:05 TCP Output Control: Error in confirmation checker.
30-08-2018 11:33:05 TCP Output Control: System.InvalidOperationException: ExecuteNonQuery requires the command to have a transaction when the connection assigned to the command is in a pending local transaction.  The Transaction property of the command has not been initialized.
   at System.Data.SqlClient.SqlCommand.ValidateCommand(String method, Boolean async)
   at System.Data.SqlClient.SqlCommand.InternalExecuteNonQuery(TaskCompletionSource`1 completion, String methodName, Boolean sendToPipe, Int32 timeout, Boolean& usedCache, Boolean asyncWrite, Boolean inRetry)
   at System.Data.SqlClient.SqlCommand.ExecuteNonQuery()
   at ExampleService.DataAccess.MSSqlDataAccess.OutputUpdate(Int32 id, Byte status) in C:\Users\Abuzar\Desktop\27-08-2018\ExampleService\DataAccess\MSSqlDataAccess.cs:line 540
   at ExampleService.DataAccess.MSSqlDataAccess.CheckConfirmationExpirations() in C:\Users\Abuzar\Desktop\27-08-2018\ExampleService\DataAccess\MSSqlDataAccess.cs:line 561
   at ExampleService.TCPOutputControl.CheckConfirmationExpiration() in C:\Users\Abuzar\Desktop\27-08-2018\ExampleService\TCPOutputControl.cs:line 312
30-08-2018 11:33:27 TCP: Got new connection: 42.106.24.107:21129
30-08-2018 11:33:30 TCP: Recieved 18 bytes from socket.
30-08-2018 11:33:30 TCP: Checking for keyword validity.
30-08-2018 11:33:37 TCP: Keyword valid. Waiting for data.
30-08-2018 11:33:50 TCP: Recieved 72 bytes from socket.
30-08-2018 11:33:54 TCP: Parsing recieved data.
30-08-2018 11:33:57 TCP: ---- Parser log start ----
30-08-2018 11:34:12 Helper: IMEI: 368741093197445240
30-08-2018 11:35:04 Helper: Checksum does not match.
30-08-2018 11:35:04 TCP: ---- Saving to database ----
30-08-2018 11:35:04 TCP: ---- Successfully saved to database ----
30-08-2018 11:35:15 TCP: Recieved 1024 bytes from socket.
30-08-2018 11:36:57 TCP: Parsing recieved data.
30-08-2018 11:36:57 TCP: Got new connection: 42.106.24.107:9119
