31-08-2018 15:04:51 UDP: Started listening at port 8414
31-08-2018 15:04:51 TCP: Started listening at port 10025
31-08-2018 15:04:52 TCP Output Control: Started listening at port 668
31-08-2018 15:04:52 TCP Output Control: Error in confirmation checker.
31-08-2018 15:04:52 TCP Output Control: System.InvalidOperationException: ExecuteNonQuery requires the command to have a transaction when the connection assigned to the command is in a pending local transaction.  The Transaction property of the command has not been initialized.
   at System.Data.SqlClient.SqlCommand.ValidateCommand(String method, Boolean async)
   at System.Data.SqlClient.SqlCommand.InternalExecuteNonQuery(TaskCompletionSource`1 completion, String methodName, Boolean sendToPipe, Int32 timeout, Boolean& usedCache, Boolean asyncWrite, Boolean inRetry)
   at System.Data.SqlClient.SqlCommand.ExecuteNonQuery()
   at ExampleService.DataAccess.MSSqlDataAccess.OutputUpdate(Int32 id, Byte status) in C:\Users\Abuzar\Desktop\27-08-2018\ExampleService\DataAccess\MSSqlDataAccess.cs:line 540
   at ExampleService.DataAccess.MSSqlDataAccess.CheckConfirmationExpirations() in C:\Users\Abuzar\Desktop\27-08-2018\ExampleService\DataAccess\MSSqlDataAccess.cs:line 561
   at ExampleService.TCPOutputControl.CheckConfirmationExpiration() in C:\Users\Abuzar\Desktop\27-08-2018\ExampleService\TCPOutputControl.cs:line 312
31-08-2018 15:05:16 TCP: Got new connection: 42.106.24.245:5595
31-08-2018 15:05:17 TCP: Recieved 18 bytes from socket.
31-08-2018 15:05:17 TCP: Checking for keyword validity.
31-08-2018 15:05:18 TCP: Keyword valid. Waiting for data.
31-08-2018 15:05:20 TCP: Recieved 36 bytes from socket.
31-08-2018 15:05:32 TCP: Recieved 123 bytes from socket.
31-08-2018 15:05:32 TCP: Checking for keyword validity.
31-08-2018 15:05:33 TCP: Keyword valid. Waiting for data.
31-08-2018 15:05:35 TCP: Recieved 36 bytes from socket.
31-08-2018 15:05:49 TCP: Recieved 144 bytes from socket.
31-08-2018 15:05:49 TCP: Checking for keyword validity.
