14-09-2018 18:22:15 UDP: Started listening at port 8414
14-09-2018 18:22:15 TCP: Started listening at port 10025
14-09-2018 18:22:16 TCP Output Control: Started listening at port 669
14-09-2018 18:22:17 TCP Output Control: Error in confirmation checker.
14-09-2018 18:22:17 TCP Output Control: System.InvalidOperationException: ExecuteNonQuery requires the command to have a transaction when the connection assigned to the command is in a pending local transaction.  The Transaction property of the command has not been initialized.
   at System.Data.SqlClient.SqlCommand.ValidateCommand(String method, Boolean async)
   at System.Data.SqlClient.SqlCommand.InternalExecuteNonQuery(TaskCompletionSource`1 completion, String methodName, Boolean sendToPipe, Int32 timeout, Boolean& usedCache, Boolean asyncWrite, Boolean inRetry)
   at System.Data.SqlClient.SqlCommand.ExecuteNonQuery()
   at ExampleService.DataAccess.MSSqlDataAccess.OutputUpdate(Int32 id, Byte status) in C:\Users\Abuzar\Desktop\2deviceconsole 11-09-2018\GPSIndia\ExampleService\DataAccess\MSSqlDataAccess.cs:line 540
   at ExampleService.DataAccess.MSSqlDataAccess.CheckConfirmationExpirations() in C:\Users\Abuzar\Desktop\2deviceconsole 11-09-2018\GPSIndia\ExampleService\DataAccess\MSSqlDataAccess.cs:line 561
   at ExampleService.TCPOutputControl.CheckConfirmationExpiration() in C:\Users\Abuzar\Desktop\2deviceconsole 11-09-2018\GPSIndia\ExampleService\TCPOutputControl.cs:line 313
14-09-2018 18:23:36 TCP: Got new connection: 49.15.19.55:12433
14-09-2018 18:23:37 TCP: Recieved 18 bytes from socket.
14-09-2018 18:23:37 TCP: Parsing Data....
14-09-2018 18:23:38 TCP: Parsing Data....
14-09-2018 18:23:41 TCP: Recieved 15 bytes from socket.
14-09-2018 18:23:41 TCP: Parsing Data....
14-09-2018 18:23:44 TCP: Recieved 36 bytes from socket.
14-09-2018 18:23:44 TCP: Parsing Data....
14-09-2018 18:23:44 TCP: Saving Data Into Database......
14-09-2018 18:23:44 TCP: Successfully Saved To Database......
14-09-2018 18:23:48 TCP: Recieved 36 bytes from socket.
14-09-2018 18:23:48 TCP: Parsing Data....
14-09-2018 18:23:48 TCP: Saving Data Into Database......
14-09-2018 18:23:48 TCP: Successfully Saved To Database......
14-09-2018 18:23:51 TCP: Recieved 36 bytes from socket.
14-09-2018 18:23:51 TCP: Parsing Data....
14-09-2018 18:23:51 TCP: Saving Data Into Database......
14-09-2018 18:23:51 TCP: Successfully Saved To Database......
14-09-2018 18:23:54 TCP: Recieved 36 bytes from socket.
14-09-2018 18:23:54 TCP: Parsing Data....
14-09-2018 18:23:54 TCP: Saving Data Into Database......
14-09-2018 18:23:54 TCP: Successfully Saved To Database......
14-09-2018 18:23:57 TCP: Recieved 36 bytes from socket.
14-09-2018 18:23:57 TCP: Parsing Data....
14-09-2018 18:23:57 TCP: Saving Data Into Database......
14-09-2018 18:23:57 TCP: Successfully Saved To Database......
14-09-2018 18:24:00 TCP: Recieved 36 bytes from socket.
14-09-2018 18:24:00 TCP: Parsing Data....
14-09-2018 18:24:00 TCP: Saving Data Into Database......
14-09-2018 18:24:00 TCP: Successfully Saved To Database......
14-09-2018 18:24:03 TCP: Recieved 36 bytes from socket.
14-09-2018 18:24:03 TCP: Parsing Data....
14-09-2018 18:24:03 TCP: Saving Data Into Database......
14-09-2018 18:24:03 TCP: Successfully Saved To Database......
14-09-2018 18:24:04 TCP: Recieved 36 bytes from socket.
14-09-2018 18:24:04 TCP: Parsing Data....
14-09-2018 18:24:04 TCP: Saving Data Into Database......
14-09-2018 18:24:04 TCP: Successfully Saved To Database......
14-09-2018 18:24:14 TCP: Recieved 36 bytes from socket.
14-09-2018 18:24:14 TCP: Parsing Data....
14-09-2018 18:24:14 TCP: Saving Data Into Database......
14-09-2018 18:24:14 TCP: Successfully Saved To Database......
14-09-2018 18:24:24 TCP: Recieved 36 bytes from socket.
14-09-2018 18:24:24 TCP: Parsing Data....
14-09-2018 18:24:24 TCP: Saving Data Into Database......
14-09-2018 18:24:24 TCP: Successfully Saved To Database......
14-09-2018 18:24:34 TCP: Recieved 36 bytes from socket.
14-09-2018 18:24:34 TCP: Parsing Data....
14-09-2018 18:24:34 TCP: Saving Data Into Database......
14-09-2018 18:24:34 TCP: Successfully Saved To Database......
14-09-2018 18:24:44 TCP: Recieved 36 bytes from socket.
14-09-2018 18:24:44 TCP: Parsing Data....
14-09-2018 18:24:44 TCP: Saving Data Into Database......
14-09-2018 18:24:44 TCP: Successfully Saved To Database......
14-09-2018 18:24:58 TCP: Recieved 36 bytes from socket.
14-09-2018 18:24:58 TCP: Parsing Data....
14-09-2018 18:24:58 TCP: Saving Data Into Database......
14-09-2018 18:24:58 TCP: Successfully Saved To Database......
14-09-2018 18:25:04 TCP: Recieved 36 bytes from socket.
14-09-2018 18:25:04 TCP: Parsing Data....
14-09-2018 18:25:04 TCP: Saving Data Into Database......
14-09-2018 18:25:04 TCP: Successfully Saved To Database......
14-09-2018 18:25:07 TCP: Recieved 15 bytes from socket.
14-09-2018 18:25:07 TCP: Parsing Data....
