14-09-2018 17:03:51 UDP: Started listening at port 8414
14-09-2018 17:03:51 TCP: Started listening at port 10025
14-09-2018 17:03:51 TCP Output Control: Started listening at port 669
14-09-2018 17:03:52 TCP Output Control: Error in confirmation checker.
14-09-2018 17:03:52 TCP Output Control: System.InvalidOperationException: ExecuteNonQuery requires the command to have a transaction when the connection assigned to the command is in a pending local transaction.  The Transaction property of the command has not been initialized.
   at System.Data.SqlClient.SqlCommand.ValidateCommand(String method, Boolean async)
   at System.Data.SqlClient.SqlCommand.InternalExecuteNonQuery(TaskCompletionSource`1 completion, String methodName, Boolean sendToPipe, Int32 timeout, Boolean& usedCache, Boolean asyncWrite, Boolean inRetry)
   at System.Data.SqlClient.SqlCommand.ExecuteNonQuery()
   at ExampleService.DataAccess.MSSqlDataAccess.OutputUpdate(Int32 id, Byte status) in C:\Users\Abuzar\Desktop\2deviceconsole 11-09-2018\GPSIndia\ExampleService\DataAccess\MSSqlDataAccess.cs:line 540
   at ExampleService.DataAccess.MSSqlDataAccess.CheckConfirmationExpirations() in C:\Users\Abuzar\Desktop\2deviceconsole 11-09-2018\GPSIndia\ExampleService\DataAccess\MSSqlDataAccess.cs:line 561
   at ExampleService.TCPOutputControl.CheckConfirmationExpiration() in C:\Users\Abuzar\Desktop\2deviceconsole 11-09-2018\GPSIndia\ExampleService\TCPOutputControl.cs:line 313
14-09-2018 17:05:36 TCP: Got new connection: 106.77.37.227:23484
14-09-2018 17:05:37 TCP: Recieved 18 bytes from socket.
14-09-2018 17:05:37 TCP: Parsing Data....
14-09-2018 17:05:37 TCP: Parsing Data....
14-09-2018 17:05:40 TCP: Recieved 15 bytes from socket.
14-09-2018 17:05:40 TCP: Parsing Data....
14-09-2018 17:05:46 TCP: Recieved 36 bytes from socket.
14-09-2018 17:05:46 TCP: Parsing Data....
14-09-2018 17:06:28 TCP: Saving Data Into Database......
14-09-2018 17:06:28 TCP: Successfully Saved To Database......
14-09-2018 17:06:28 TCP: Recieved 144 bytes from socket.
14-09-2018 17:06:28 TCP: Parsing Data....
14-09-2018 17:06:33 TCP: Saving Data Into Database......
14-09-2018 17:06:33 TCP: Successfully Saved To Database......
14-09-2018 17:06:33 TCP: Saving Data Into Database......
14-09-2018 17:06:33 TCP: Successfully Saved To Database......
14-09-2018 17:06:33 TCP: Saving Data Into Database......
14-09-2018 17:06:33 TCP: Successfully Saved To Database......
14-09-2018 17:06:33 TCP: Saving Data Into Database......
14-09-2018 17:06:33 TCP: Successfully Saved To Database......
14-09-2018 17:06:37 TCP: Recieved 36 bytes from socket.
14-09-2018 17:06:37 TCP: Parsing Data....
14-09-2018 17:06:37 TCP: Saving Data Into Database......
14-09-2018 17:06:37 TCP: Successfully Saved To Database......
14-09-2018 17:06:46 TCP: Recieved 36 bytes from socket.
14-09-2018 17:06:46 TCP: Parsing Data....
14-09-2018 17:06:46 TCP: Saving Data Into Database......
14-09-2018 17:06:46 TCP: Successfully Saved To Database......
14-09-2018 17:06:57 TCP: Recieved 36 bytes from socket.
14-09-2018 17:06:57 TCP: Parsing Data....
14-09-2018 17:06:57 TCP: Saving Data Into Database......
14-09-2018 17:06:57 TCP: Successfully Saved To Database......
14-09-2018 17:07:06 TCP: Recieved 36 bytes from socket.
14-09-2018 17:07:06 TCP: Parsing Data....
14-09-2018 17:07:06 TCP: Saving Data Into Database......
14-09-2018 17:07:06 TCP: Successfully Saved To Database......
14-09-2018 17:07:07 TCP: Recieved 15 bytes from socket.
14-09-2018 17:07:07 TCP: Parsing Data....
14-09-2018 17:07:16 TCP: Recieved 36 bytes from socket.
14-09-2018 17:07:16 TCP: Parsing Data....
14-09-2018 17:07:16 TCP: Saving Data Into Database......
14-09-2018 17:07:16 TCP: Successfully Saved To Database......
14-09-2018 17:07:26 TCP: Recieved 36 bytes from socket.
14-09-2018 17:07:26 TCP: Parsing Data....
14-09-2018 17:07:26 TCP: Saving Data Into Database......
14-09-2018 17:07:26 TCP: Successfully Saved To Database......
14-09-2018 17:07:36 TCP: Recieved 36 bytes from socket.
14-09-2018 17:07:36 TCP: Parsing Data....
14-09-2018 17:07:36 TCP: Saving Data Into Database......
14-09-2018 17:07:36 TCP: Successfully Saved To Database......
14-09-2018 17:07:46 TCP: Recieved 36 bytes from socket.
14-09-2018 17:07:46 TCP: Parsing Data....
14-09-2018 17:07:46 TCP: Saving Data Into Database......
14-09-2018 17:07:46 TCP: Successfully Saved To Database......
14-09-2018 17:07:56 TCP: Recieved 36 bytes from socket.
14-09-2018 17:07:56 TCP: Parsing Data....
14-09-2018 17:07:56 TCP: Saving Data Into Database......
14-09-2018 17:07:56 TCP: Successfully Saved To Database......
14-09-2018 17:08:06 TCP: Recieved 36 bytes from socket.
14-09-2018 17:08:06 TCP: Parsing Data....
14-09-2018 17:08:06 TCP: Saving Data Into Database......
14-09-2018 17:08:06 TCP: Successfully Saved To Database......
14-09-2018 17:08:16 TCP: Recieved 36 bytes from socket.
14-09-2018 17:08:16 TCP: Parsing Data....
14-09-2018 17:08:16 TCP: Saving Data Into Database......
14-09-2018 17:08:16 TCP: Successfully Saved To Database......
14-09-2018 17:08:26 TCP: Recieved 36 bytes from socket.
14-09-2018 17:08:26 TCP: Parsing Data....
14-09-2018 17:08:26 TCP: Saving Data Into Database......
14-09-2018 17:08:26 TCP: Successfully Saved To Database......
14-09-2018 17:08:36 TCP: Recieved 36 bytes from socket.
14-09-2018 17:08:36 TCP: Parsing Data....
14-09-2018 17:08:36 TCP: Saving Data Into Database......
14-09-2018 17:08:36 TCP: Successfully Saved To Database......
14-09-2018 17:08:37 TCP: Recieved 15 bytes from socket.
14-09-2018 17:08:37 TCP: Parsing Data....
14-09-2018 17:08:46 TCP: Recieved 36 bytes from socket.
14-09-2018 17:08:46 TCP: Parsing Data....
14-09-2018 17:08:46 TCP: Saving Data Into Database......
14-09-2018 17:08:46 TCP: Successfully Saved To Database......
14-09-2018 17:08:56 TCP: Recieved 36 bytes from socket.
14-09-2018 17:08:56 TCP: Parsing Data....
14-09-2018 17:08:56 TCP: Saving Data Into Database......
14-09-2018 17:08:57 TCP: Successfully Saved To Database......
14-09-2018 17:09:07 TCP: Recieved 36 bytes from socket.
14-09-2018 17:09:07 TCP: Parsing Data....
14-09-2018 17:09:07 TCP: Saving Data Into Database......
14-09-2018 17:09:07 TCP: Successfully Saved To Database......
14-09-2018 17:09:16 TCP: Recieved 36 bytes from socket.
14-09-2018 17:09:16 TCP: Parsing Data....
14-09-2018 17:09:16 TCP: Saving Data Into Database......
14-09-2018 17:09:16 TCP: Successfully Saved To Database......
14-09-2018 17:09:27 TCP: Recieved 36 bytes from socket.
14-09-2018 17:09:27 TCP: Parsing Data....
14-09-2018 17:09:27 TCP: Saving Data Into Database......
14-09-2018 17:09:27 TCP: Successfully Saved To Database......
14-09-2018 17:09:36 TCP: Recieved 36 bytes from socket.
14-09-2018 17:09:36 TCP: Parsing Data....
14-09-2018 17:09:36 TCP: Saving Data Into Database......
14-09-2018 17:09:36 TCP: Successfully Saved To Database......
14-09-2018 17:09:46 TCP: Recieved 36 bytes from socket.
14-09-2018 17:09:46 TCP: Parsing Data....
14-09-2018 17:09:46 TCP: Saving Data Into Database......
14-09-2018 17:09:46 TCP: Successfully Saved To Database......
14-09-2018 17:09:56 TCP: Recieved 36 bytes from socket.
14-09-2018 17:09:56 TCP: Parsing Data....
14-09-2018 17:09:56 TCP: Saving Data Into Database......
14-09-2018 17:09:56 TCP: Successfully Saved To Database......
14-09-2018 17:10:06 TCP: Recieved 36 bytes from socket.
14-09-2018 17:10:06 TCP: Parsing Data....
14-09-2018 17:10:06 TCP: Saving Data Into Database......
14-09-2018 17:10:06 TCP: Successfully Saved To Database......
14-09-2018 17:10:09 TCP: Got new connection: 106.77.37.227:26656
14-09-2018 17:10:10 TCP: Recieved 18 bytes from socket.
14-09-2018 17:10:10 TCP: Parsing Data....
14-09-2018 17:10:10 TCP: Parsing Data....
14-09-2018 17:10:14 TCP: Recieved 15 bytes from socket.
14-09-2018 17:10:14 TCP: Parsing Data....
14-09-2018 17:10:16 TCP: Recieved 36 bytes from socket.
14-09-2018 17:10:16 TCP: Parsing Data....
14-09-2018 17:10:16 TCP: Saving Data Into Database......
14-09-2018 17:10:16 TCP: Successfully Saved To Database......
14-09-2018 17:10:25 TCP: Recieved 36 bytes from socket.
14-09-2018 17:10:25 TCP: Parsing Data....
14-09-2018 17:10:25 TCP: Saving Data Into Database......
14-09-2018 17:10:25 TCP: Successfully Saved To Database......
14-09-2018 17:10:36 TCP: Recieved 36 bytes from socket.
14-09-2018 17:10:36 TCP: Parsing Data....
14-09-2018 17:10:36 TCP: Saving Data Into Database......
14-09-2018 17:10:37 TCP: Successfully Saved To Database......
14-09-2018 17:10:46 TCP: Recieved 36 bytes from socket.
14-09-2018 17:10:46 TCP: Parsing Data....
14-09-2018 17:10:46 TCP: Saving Data Into Database......
14-09-2018 17:10:46 TCP: Successfully Saved To Database......
14-09-2018 17:10:56 TCP: Recieved 36 bytes from socket.
14-09-2018 17:10:56 TCP: Parsing Data....
14-09-2018 17:10:56 TCP: Saving Data Into Database......
14-09-2018 17:10:57 TCP: Successfully Saved To Database......
14-09-2018 17:11:09 TCP: Recieved 36 bytes from socket.
14-09-2018 17:11:09 TCP: Parsing Data....
14-09-2018 17:11:09 TCP: Saving Data Into Database......
14-09-2018 17:11:09 TCP: Successfully Saved To Database......
14-09-2018 17:11:16 TCP: Recieved 36 bytes from socket.
14-09-2018 17:11:16 TCP: Parsing Data....
14-09-2018 17:11:16 TCP: Saving Data Into Database......
14-09-2018 17:11:16 TCP: Successfully Saved To Database......
14-09-2018 17:11:26 TCP: Recieved 36 bytes from socket.
14-09-2018 17:11:26 TCP: Parsing Data....
14-09-2018 17:11:26 TCP: Saving Data Into Database......
14-09-2018 17:11:27 TCP: Successfully Saved To Database......
14-09-2018 17:11:36 TCP: Recieved 36 bytes from socket.
14-09-2018 17:11:36 TCP: Parsing Data....
14-09-2018 17:11:36 TCP: Saving Data Into Database......
14-09-2018 17:11:36 TCP: Successfully Saved To Database......
14-09-2018 17:11:40 TCP: Recieved 15 bytes from socket.
14-09-2018 17:11:40 TCP: Parsing Data....
14-09-2018 17:11:46 TCP: Recieved 36 bytes from socket.
14-09-2018 17:11:46 TCP: Parsing Data....
14-09-2018 17:11:46 TCP: Saving Data Into Database......
14-09-2018 17:11:46 TCP: Successfully Saved To Database......
14-09-2018 17:11:56 TCP: Recieved 36 bytes from socket.
14-09-2018 17:11:56 TCP: Parsing Data....
14-09-2018 17:11:56 TCP: Saving Data Into Database......
14-09-2018 17:11:57 TCP: Successfully Saved To Database......
14-09-2018 17:12:06 TCP: Recieved 36 bytes from socket.
14-09-2018 17:12:06 TCP: Parsing Data....
14-09-2018 17:12:06 TCP: Saving Data Into Database......
14-09-2018 17:12:07 TCP: Successfully Saved To Database......
14-09-2018 17:12:16 TCP: Recieved 36 bytes from socket.
14-09-2018 17:12:16 TCP: Parsing Data....
14-09-2018 17:12:16 TCP: Saving Data Into Database......
14-09-2018 17:12:16 TCP: Successfully Saved To Database......
14-09-2018 17:12:27 TCP: Recieved 36 bytes from socket.
14-09-2018 17:12:27 TCP: Parsing Data....
14-09-2018 17:12:27 TCP: Saving Data Into Database......
14-09-2018 17:12:27 TCP: Successfully Saved To Database......
14-09-2018 17:12:36 TCP: Recieved 36 bytes from socket.
14-09-2018 17:12:36 TCP: Parsing Data....
