14-09-2018 18:07:01 UDP: Started listening at port 8414
14-09-2018 18:07:01 TCP: Started listening at port 10025
14-09-2018 18:07:01 TCP Output Control: Started listening at port 669
14-09-2018 18:07:01 TCP Output Control: Error in confirmation checker.
14-09-2018 18:07:01 TCP Output Control: System.InvalidOperationException: ExecuteNonQuery requires the command to have a transaction when the connection assigned to the command is in a pending local transaction.  The Transaction property of the command has not been initialized.
   at System.Data.SqlClient.SqlCommand.ValidateCommand(String method, Boolean async)
   at System.Data.SqlClient.SqlCommand.InternalExecuteNonQuery(TaskCompletionSource`1 completion, String methodName, Boolean sendToPipe, Int32 timeout, Boolean& usedCache, Boolean asyncWrite, Boolean inRetry)
   at System.Data.SqlClient.SqlCommand.ExecuteNonQuery()
   at ExampleService.DataAccess.MSSqlDataAccess.OutputUpdate(Int32 id, Byte status) in C:\Users\Abuzar\Desktop\2deviceconsole 11-09-2018\GPSIndia\ExampleService\DataAccess\MSSqlDataAccess.cs:line 540
   at ExampleService.DataAccess.MSSqlDataAccess.CheckConfirmationExpirations() in C:\Users\Abuzar\Desktop\2deviceconsole 11-09-2018\GPSIndia\ExampleService\DataAccess\MSSqlDataAccess.cs:line 561
   at ExampleService.TCPOutputControl.CheckConfirmationExpiration() in C:\Users\Abuzar\Desktop\2deviceconsole 11-09-2018\GPSIndia\ExampleService\TCPOutputControl.cs:line 313
14-09-2018 18:07:18 TCP: Got new connection: 27.97.132.139:57132
14-09-2018 18:07:19 TCP: Recieved 18 bytes from socket.
14-09-2018 18:07:19 TCP: Parsing Data....
14-09-2018 18:07:19 TCP: Parsing Data....
14-09-2018 18:07:23 TCP: Recieved 15 bytes from socket.
14-09-2018 18:07:23 TCP: Parsing Data....
14-09-2018 18:07:27 TCP: Recieved 36 bytes from socket.
14-09-2018 18:07:27 TCP: Parsing Data....
14-09-2018 18:07:27 TCP: Saving Data Into Database......
14-09-2018 18:07:27 TCP: Successfully Saved To Database......
14-09-2018 18:07:29 TCP: Recieved 36 bytes from socket.
14-09-2018 18:07:29 TCP: Parsing Data....
14-09-2018 18:07:29 TCP: Saving Data Into Database......
14-09-2018 18:07:30 TCP: Successfully Saved To Database......
14-09-2018 18:07:33 TCP: Recieved 36 bytes from socket.
14-09-2018 18:07:33 TCP: Parsing Data....
14-09-2018 18:07:33 TCP: Saving Data Into Database......
14-09-2018 18:07:33 TCP: Successfully Saved To Database......
14-09-2018 18:07:35 TCP: Recieved 36 bytes from socket.
14-09-2018 18:07:35 TCP: Parsing Data....
14-09-2018 18:07:35 TCP: Saving Data Into Database......
14-09-2018 18:07:36 TCP: Successfully Saved To Database......
14-09-2018 18:07:38 TCP: Recieved 36 bytes from socket.
14-09-2018 18:07:38 TCP: Parsing Data....
14-09-2018 18:07:38 TCP: Saving Data Into Database......
14-09-2018 18:07:38 TCP: Successfully Saved To Database......
14-09-2018 18:07:42 TCP: Recieved 36 bytes from socket.
14-09-2018 18:07:42 TCP: Parsing Data....
14-09-2018 18:07:42 TCP: Saving Data Into Database......
14-09-2018 18:07:42 TCP: Successfully Saved To Database......
14-09-2018 18:07:44 TCP: Recieved 36 bytes from socket.
14-09-2018 18:07:44 TCP: Parsing Data....
14-09-2018 18:07:44 TCP: Saving Data Into Database......
14-09-2018 18:07:45 TCP: Successfully Saved To Database......
14-09-2018 18:07:47 TCP: Recieved 36 bytes from socket.
14-09-2018 18:07:47 TCP: Parsing Data....
14-09-2018 18:07:47 TCP: Saving Data Into Database......
14-09-2018 18:07:47 TCP: Successfully Saved To Database......
14-09-2018 18:07:50 TCP: Recieved 36 bytes from socket.
14-09-2018 18:07:50 TCP: Parsing Data....
14-09-2018 18:07:50 TCP: Saving Data Into Database......
14-09-2018 18:07:51 TCP: Successfully Saved To Database......
14-09-2018 18:07:54 TCP: Recieved 36 bytes from socket.
14-09-2018 18:07:54 TCP: Parsing Data....
14-09-2018 18:07:54 TCP: Saving Data Into Database......
14-09-2018 18:07:54 TCP: Successfully Saved To Database......
14-09-2018 18:07:57 TCP: Recieved 36 bytes from socket.
14-09-2018 18:07:57 TCP: Parsing Data....
14-09-2018 18:07:57 TCP: Saving Data Into Database......
14-09-2018 18:07:57 TCP: Successfully Saved To Database......
14-09-2018 18:07:59 TCP: Recieved 36 bytes from socket.
14-09-2018 18:07:59 TCP: Parsing Data....
14-09-2018 18:07:59 TCP: Saving Data Into Database......
14-09-2018 18:07:59 TCP: Successfully Saved To Database......
14-09-2018 18:08:07 TCP: Recieved 36 bytes from socket.
14-09-2018 18:08:07 TCP: Parsing Data....
14-09-2018 18:08:07 TCP: Saving Data Into Database......
14-09-2018 18:08:07 TCP: Successfully Saved To Database......
14-09-2018 18:08:17 TCP: Recieved 36 bytes from socket.
14-09-2018 18:08:17 TCP: Parsing Data....
14-09-2018 18:08:17 TCP: Saving Data Into Database......
14-09-2018 18:08:17 TCP: Successfully Saved To Database......
14-09-2018 18:08:27 TCP: Recieved 36 bytes from socket.
14-09-2018 18:08:27 TCP: Parsing Data....
14-09-2018 18:08:27 TCP: Saving Data Into Database......
14-09-2018 18:08:27 TCP: Successfully Saved To Database......
14-09-2018 18:08:50 TCP: Recieved 15 bytes from socket.
14-09-2018 18:08:50 TCP: Parsing Data....
14-09-2018 18:10:19 TCP: Got new connection: 27.97.132.139:60234
14-09-2018 18:10:20 TCP: Recieved 18 bytes from socket.
14-09-2018 18:10:20 TCP: Parsing Data....
14-09-2018 18:10:20 TCP: Parsing Data....
14-09-2018 18:10:23 TCP: Recieved 15 bytes from socket.
14-09-2018 18:10:23 TCP: Parsing Data....
14-09-2018 18:11:50 TCP: Recieved 15 bytes from socket.
14-09-2018 18:11:50 TCP: Parsing Data....
14-09-2018 18:13:20 TCP: Recieved 15 bytes from socket.
14-09-2018 18:13:20 TCP: Parsing Data....
14-09-2018 18:13:27 TCP: Recieved 36 bytes from socket.
14-09-2018 18:13:27 TCP: Parsing Data....
14-09-2018 18:13:27 TCP: Saving Data Into Database......
14-09-2018 18:13:27 TCP: Successfully Saved To Database......
14-09-2018 18:13:37 TCP: Recieved 36 bytes from socket.
14-09-2018 18:13:37 TCP: Parsing Data....
14-09-2018 18:13:37 TCP: Saving Data Into Database......
14-09-2018 18:13:37 TCP: Successfully Saved To Database......
14-09-2018 18:13:47 TCP: Recieved 36 bytes from socket.
14-09-2018 18:13:47 TCP: Parsing Data....
14-09-2018 18:13:47 TCP: Saving Data Into Database......
14-09-2018 18:13:47 TCP: Successfully Saved To Database......
14-09-2018 18:13:58 TCP: Recieved 36 bytes from socket.
14-09-2018 18:13:58 TCP: Parsing Data....
14-09-2018 18:13:58 TCP: Saving Data Into Database......
14-09-2018 18:13:58 TCP: Successfully Saved To Database......
14-09-2018 18:14:07 TCP: Recieved 36 bytes from socket.
14-09-2018 18:14:07 TCP: Parsing Data....
14-09-2018 18:14:07 TCP: Saving Data Into Database......
14-09-2018 18:14:07 TCP: Successfully Saved To Database......
14-09-2018 18:14:18 TCP: Recieved 36 bytes from socket.
14-09-2018 18:14:18 TCP: Parsing Data....
14-09-2018 18:14:18 TCP: Saving Data Into Database......
14-09-2018 18:14:18 TCP: Successfully Saved To Database......
14-09-2018 18:14:30 TCP: Recieved 36 bytes from socket.
14-09-2018 18:14:30 TCP: Parsing Data....
14-09-2018 18:14:30 TCP: Saving Data Into Database......
14-09-2018 18:14:30 TCP: Successfully Saved To Database......
14-09-2018 18:14:37 TCP: Recieved 36 bytes from socket.
14-09-2018 18:14:37 TCP: Parsing Data....
14-09-2018 18:14:37 TCP: Saving Data Into Database......
14-09-2018 18:14:37 TCP: Successfully Saved To Database......
14-09-2018 18:14:47 TCP: Recieved 36 bytes from socket.
14-09-2018 18:14:47 TCP: Parsing Data....
14-09-2018 18:14:47 TCP: Saving Data Into Database......
14-09-2018 18:14:47 TCP: Successfully Saved To Database......
14-09-2018 18:14:50 TCP: Got new connection: 27.97.132.139:15705
14-09-2018 18:14:51 TCP: Recieved 18 bytes from socket.
14-09-2018 18:14:51 TCP: Parsing Data....
14-09-2018 18:14:51 TCP: Parsing Data....
14-09-2018 18:14:54 TCP: Recieved 15 bytes from socket.
14-09-2018 18:14:54 TCP: Parsing Data....
14-09-2018 18:14:58 TCP: Recieved 36 bytes from socket.
14-09-2018 18:14:58 TCP: Parsing Data....
14-09-2018 18:14:58 TCP: Saving Data Into Database......
14-09-2018 18:14:58 TCP: Successfully Saved To Database......
14-09-2018 18:15:07 TCP: Recieved 36 bytes from socket.
14-09-2018 18:15:07 TCP: Parsing Data....
14-09-2018 18:15:07 TCP: Saving Data Into Database......
14-09-2018 18:15:07 TCP: Successfully Saved To Database......
14-09-2018 18:16:21 TCP: Recieved 15 bytes from socket.
14-09-2018 18:16:21 TCP: Parsing Data....
14-09-2018 18:17:50 TCP: Recieved 15 bytes from socket.
14-09-2018 18:17:50 TCP: Parsing Data....
