01-09-2018 11:53:19 UDP: Started listening at port 8414
01-09-2018 11:53:19 TCP: Started listening at port 10025
01-09-2018 11:53:19 TCP Output Control: Started listening at port 668
01-09-2018 11:53:19 TCP Output Control: Error in confirmation checker.
01-09-2018 11:53:19 TCP Output Control: System.InvalidOperationException: ExecuteNonQuery requires the command to have a transaction when the connection assigned to the command is in a pending local transaction.  The Transaction property of the command has not been initialized.
   at System.Data.SqlClient.SqlCommand.ValidateCommand(String method, Boolean async)
   at System.Data.SqlClient.SqlCommand.InternalExecuteNonQuery(TaskCompletionSource`1 completion, String methodName, Boolean sendToPipe, Int32 timeout, Boolean& usedCache, Boolean asyncWrite, Boolean inRetry)
   at System.Data.SqlClient.SqlCommand.ExecuteNonQuery()
   at ExampleService.DataAccess.MSSqlDataAccess.OutputUpdate(Int32 id, Byte status) in C:\Users\Abuzar\Desktop\27-08-2018\ExampleService\DataAccess\MSSqlDataAccess.cs:line 540
   at ExampleService.DataAccess.MSSqlDataAccess.CheckConfirmationExpirations() in C:\Users\Abuzar\Desktop\27-08-2018\ExampleService\DataAccess\MSSqlDataAccess.cs:line 561
   at ExampleService.TCPOutputControl.CheckConfirmationExpiration() in C:\Users\Abuzar\Desktop\27-08-2018\ExampleService\TCPOutputControl.cs:line 312
01-09-2018 11:53:31 TCP: Got new connection: 42.106.5.97:15356
01-09-2018 11:53:32 TCP: Recieved 18 bytes from socket.
01-09-2018 11:53:32 TCP: Checking for keyword validity.
01-09-2018 11:53:32 TCP: Keyword valid. Waiting for data.
01-09-2018 11:53:35 TCP: Recieved 36 bytes from socket.
01-09-2018 11:53:35 TCP: Saving Data Into Database......
01-09-2018 11:53:35 TCP: Successfully Saved To Database......
01-09-2018 11:53:38 TCP: Recieved 36 bytes from socket.
01-09-2018 11:53:38 TCP: Checking for keyword validity.
01-09-2018 11:53:38 Helper: Saving Data Into Database......
01-09-2018 11:53:38 Helper: Successfully Saved To Database......
01-09-2018 11:53:38 TCP: Keyword valid. Waiting for data.
01-09-2018 11:53:41 TCP: Recieved 36 bytes from socket.
01-09-2018 11:53:41 TCP: Saving Data Into Database......
01-09-2018 11:53:41 TCP: Successfully Saved To Database......
01-09-2018 11:53:44 TCP: Recieved 15 bytes from socket.
01-09-2018 11:53:44 TCP: Checking for keyword validity.
01-09-2018 11:53:44 TCP: Keyword valid. Waiting for data.
01-09-2018 11:53:50 TCP: Recieved 36 bytes from socket.
01-09-2018 11:53:50 TCP: Saving Data Into Database......
01-09-2018 11:53:50 TCP: Successfully Saved To Database......
01-09-2018 11:53:50 TCP: Recieved 36 bytes from socket.
01-09-2018 11:53:50 TCP: Checking for keyword validity.
01-09-2018 11:53:50 Helper: Saving Data Into Database......
01-09-2018 11:53:50 Helper: Successfully Saved To Database......
01-09-2018 11:53:51 TCP: Keyword valid. Waiting for data.
01-09-2018 11:53:53 TCP: Recieved 36 bytes from socket.
01-09-2018 11:53:53 TCP: Saving Data Into Database......
01-09-2018 11:53:53 TCP: Successfully Saved To Database......
01-09-2018 11:53:56 TCP: Recieved 36 bytes from socket.
01-09-2018 11:53:56 TCP: Checking for keyword validity.
01-09-2018 11:53:56 Helper: Saving Data Into Database......
01-09-2018 11:53:56 Helper: Successfully Saved To Database......
01-09-2018 11:53:56 TCP: Keyword valid. Waiting for data.
01-09-2018 11:53:59 TCP: Recieved 36 bytes from socket.
01-09-2018 11:53:59 TCP: Saving Data Into Database......
01-09-2018 11:53:59 TCP: Successfully Saved To Database......
01-09-2018 11:54:02 TCP: Recieved 36 bytes from socket.
01-09-2018 11:54:02 TCP: Checking for keyword validity.
01-09-2018 11:54:02 Helper: Saving Data Into Database......
01-09-2018 11:54:02 Helper: Successfully Saved To Database......
01-09-2018 11:54:02 TCP: Keyword valid. Waiting for data.
01-09-2018 11:54:05 TCP: Recieved 36 bytes from socket.
01-09-2018 11:54:05 TCP: Saving Data Into Database......
01-09-2018 11:54:05 TCP: Successfully Saved To Database......
01-09-2018 11:54:08 TCP: Recieved 36 bytes from socket.
01-09-2018 11:54:08 TCP: Checking for keyword validity.
01-09-2018 11:54:08 Helper: Saving Data Into Database......
01-09-2018 11:54:08 Helper: Successfully Saved To Database......
01-09-2018 11:54:08 TCP: Keyword valid. Waiting for data.
01-09-2018 11:54:11 TCP: Recieved 36 bytes from socket.
01-09-2018 11:54:11 TCP: Saving Data Into Database......
01-09-2018 11:54:11 TCP: Successfully Saved To Database......
01-09-2018 11:54:14 TCP: Recieved 36 bytes from socket.
01-09-2018 11:54:14 TCP: Checking for keyword validity.
01-09-2018 11:54:14 Helper: Saving Data Into Database......
01-09-2018 11:54:14 Helper: Successfully Saved To Database......
01-09-2018 11:54:14 TCP: Keyword valid. Waiting for data.
01-09-2018 11:54:17 TCP: Recieved 36 bytes from socket.
01-09-2018 11:54:17 TCP: Saving Data Into Database......
01-09-2018 11:54:17 TCP: Successfully Saved To Database......
01-09-2018 11:54:20 TCP: Recieved 36 bytes from socket.
01-09-2018 11:54:20 TCP: Checking for keyword validity.
01-09-2018 11:54:20 Helper: Saving Data Into Database......
01-09-2018 11:54:20 Helper: Successfully Saved To Database......
01-09-2018 11:54:20 TCP: Keyword valid. Waiting for data.
01-09-2018 11:54:23 TCP: Recieved 36 bytes from socket.
01-09-2018 11:54:23 TCP: Saving Data Into Database......
01-09-2018 11:54:23 TCP: Successfully Saved To Database......
01-09-2018 11:54:26 TCP: Recieved 36 bytes from socket.
01-09-2018 11:54:26 TCP: Checking for keyword validity.
01-09-2018 11:54:26 Helper: Saving Data Into Database......
01-09-2018 11:54:26 Helper: Successfully Saved To Database......
01-09-2018 11:54:26 TCP: Keyword valid. Waiting for data.
01-09-2018 11:54:29 TCP: Recieved 36 bytes from socket.
01-09-2018 11:54:29 TCP: Saving Data Into Database......
01-09-2018 11:54:29 TCP: Successfully Saved To Database......
01-09-2018 11:54:32 TCP: Recieved 36 bytes from socket.
01-09-2018 11:54:32 TCP: Checking for keyword validity.
01-09-2018 11:54:32 Helper: Saving Data Into Database......
01-09-2018 11:54:32 Helper: Successfully Saved To Database......
01-09-2018 11:54:32 TCP: Keyword valid. Waiting for data.
01-09-2018 11:54:35 TCP: Recieved 36 bytes from socket.
01-09-2018 11:54:35 TCP: Saving Data Into Database......
01-09-2018 11:54:35 TCP: Successfully Saved To Database......
01-09-2018 11:54:38 TCP: Recieved 36 bytes from socket.
01-09-2018 11:54:38 TCP: Checking for keyword validity.
01-09-2018 11:54:38 Helper: Saving Data Into Database......
01-09-2018 11:54:38 Helper: Successfully Saved To Database......
01-09-2018 11:54:38 TCP: Keyword valid. Waiting for data.
01-09-2018 11:54:41 TCP: Recieved 36 bytes from socket.
01-09-2018 11:54:41 TCP: Saving Data Into Database......
01-09-2018 11:54:41 TCP: Successfully Saved To Database......
01-09-2018 11:54:44 TCP: Recieved 36 bytes from socket.
01-09-2018 11:54:44 TCP: Checking for keyword validity.
01-09-2018 11:54:44 Helper: Saving Data Into Database......
01-09-2018 11:54:44 Helper: Successfully Saved To Database......
01-09-2018 11:54:44 TCP: Keyword valid. Waiting for data.
01-09-2018 11:54:47 TCP: Recieved 36 bytes from socket.
01-09-2018 11:54:47 TCP: Saving Data Into Database......
01-09-2018 11:54:47 TCP: Successfully Saved To Database......
01-09-2018 11:54:50 TCP: Recieved 36 bytes from socket.
01-09-2018 11:54:50 TCP: Checking for keyword validity.
01-09-2018 11:54:50 Helper: Saving Data Into Database......
01-09-2018 11:54:50 Helper: Successfully Saved To Database......
01-09-2018 11:54:50 TCP: Keyword valid. Waiting for data.
01-09-2018 11:54:53 TCP: Recieved 36 bytes from socket.
01-09-2018 11:54:53 TCP: Saving Data Into Database......
01-09-2018 11:54:53 TCP: Successfully Saved To Database......
01-09-2018 11:54:56 TCP: Recieved 36 bytes from socket.
01-09-2018 11:54:56 TCP: Checking for keyword validity.
01-09-2018 11:54:56 Helper: Saving Data Into Database......
01-09-2018 11:54:56 Helper: Successfully Saved To Database......
01-09-2018 11:54:56 TCP: Keyword valid. Waiting for data.
01-09-2018 11:54:59 TCP: Recieved 36 bytes from socket.
01-09-2018 11:54:59 TCP: Saving Data Into Database......
01-09-2018 11:54:59 TCP: Successfully Saved To Database......
01-09-2018 11:55:01 TCP: Got new connection: 42.106.5.97:40054
01-09-2018 11:55:02 TCP: Recieved 18 bytes from socket.
01-09-2018 11:55:02 TCP: Checking for keyword validity.
01-09-2018 11:55:02 TCP: Keyword valid. Waiting for data.
