01-09-2018 17:37:47 UDP: Started listening at port 8414
01-09-2018 17:37:47 TCP: Started listening at port 10025
01-09-2018 17:37:47 TCP Output Control: Started listening at port 668
01-09-2018 17:37:47 TCP Output Control: Error in confirmation checker.
01-09-2018 17:37:47 TCP Output Control: System.InvalidOperationException: ExecuteNonQuery requires the command to have a transaction when the connection assigned to the command is in a pending local transaction.  The Transaction property of the command has not been initialized.
   at System.Data.SqlClient.SqlCommand.ValidateCommand(String method, Boolean async)
   at System.Data.SqlClient.SqlCommand.InternalExecuteNonQuery(TaskCompletionSource`1 completion, String methodName, Boolean sendToPipe, Int32 timeout, Boolean& usedCache, Boolean asyncWrite, Boolean inRetry)
   at System.Data.SqlClient.SqlCommand.ExecuteNonQuery()
   at ExampleService.DataAccess.MSSqlDataAccess.OutputUpdate(Int32 id, Byte status) in C:\Users\Abuzar\Desktop\27-08-2018\ExampleService\DataAccess\MSSqlDataAccess.cs:line 540
   at ExampleService.DataAccess.MSSqlDataAccess.CheckConfirmationExpirations() in C:\Users\Abuzar\Desktop\27-08-2018\ExampleService\DataAccess\MSSqlDataAccess.cs:line 561
   at ExampleService.TCPOutputControl.CheckConfirmationExpiration() in C:\Users\Abuzar\Desktop\27-08-2018\ExampleService\TCPOutputControl.cs:line 312
01-09-2018 17:38:19 TCP: Got new connection: 42.106.19.131:27833
01-09-2018 17:38:20 TCP: Recieved 18 bytes from socket.
01-09-2018 17:38:20 TCP: Parsing Data....
01-09-2018 17:38:20 TCP: Parsing Data....
01-09-2018 17:38:23 TCP: Recieved 15 bytes from socket.
01-09-2018 17:38:23 TCP: Parsing Data....
01-09-2018 17:38:23 TCP: Packet too short.
01-09-2018 17:38:25 TCP: Recieved 36 bytes from socket.
01-09-2018 17:38:25 TCP: Parsing Data....
01-09-2018 17:38:25 TCP: Saving Data Into Database......
01-09-2018 17:38:25 TCP: Successfully Saved To Database......
01-09-2018 17:38:30 TCP: Recieved 36 bytes from socket.
01-09-2018 17:38:30 TCP: Parsing Data....
01-09-2018 17:38:30 TCP: Saving Data Into Database......
01-09-2018 17:38:30 TCP: Successfully Saved To Database......
01-09-2018 17:38:33 TCP: Recieved 36 bytes from socket.
01-09-2018 17:38:33 TCP: Parsing Data....
01-09-2018 17:38:33 TCP: Saving Data Into Database......
01-09-2018 17:38:33 TCP: Successfully Saved To Database......
01-09-2018 17:38:36 TCP: Recieved 36 bytes from socket.
01-09-2018 17:38:36 TCP: Parsing Data....
01-09-2018 17:38:36 TCP: Saving Data Into Database......
01-09-2018 17:38:36 TCP: Successfully Saved To Database......
01-09-2018 17:38:39 TCP: Recieved 36 bytes from socket.
01-09-2018 17:38:39 TCP: Parsing Data....
01-09-2018 17:38:39 TCP: Saving Data Into Database......
01-09-2018 17:38:39 TCP: Successfully Saved To Database......
01-09-2018 17:38:42 TCP: Recieved 36 bytes from socket.
01-09-2018 17:38:42 TCP: Parsing Data....
01-09-2018 17:38:42 TCP: Saving Data Into Database......
01-09-2018 17:38:42 TCP: Successfully Saved To Database......
01-09-2018 17:38:45 TCP: Recieved 15 bytes from socket.
01-09-2018 17:38:45 TCP: Parsing Data....
01-09-2018 17:38:45 TCP: Packet too short.
01-09-2018 17:38:48 TCP: Recieved 36 bytes from socket.
01-09-2018 17:38:48 TCP: Parsing Data....
01-09-2018 17:38:48 TCP: Saving Data Into Database......
01-09-2018 17:38:48 TCP: Successfully Saved To Database......
01-09-2018 17:38:51 TCP: Recieved 36 bytes from socket.
01-09-2018 17:38:51 TCP: Parsing Data....
01-09-2018 17:38:51 TCP: Saving Data Into Database......
01-09-2018 17:38:51 TCP: Successfully Saved To Database......
01-09-2018 17:38:54 TCP: Recieved 36 bytes from socket.
01-09-2018 17:38:54 TCP: Parsing Data....
01-09-2018 17:38:54 TCP: Saving Data Into Database......
01-09-2018 17:38:54 TCP: Successfully Saved To Database......
01-09-2018 17:38:57 TCP: Recieved 36 bytes from socket.
01-09-2018 17:38:57 TCP: Parsing Data....
01-09-2018 17:38:57 TCP: Saving Data Into Database......
01-09-2018 17:38:57 TCP: Successfully Saved To Database......
01-09-2018 17:39:00 TCP: Recieved 36 bytes from socket.
01-09-2018 17:39:00 TCP: Parsing Data....
01-09-2018 17:39:00 TCP: Saving Data Into Database......
01-09-2018 17:39:00 TCP: Successfully Saved To Database......
01-09-2018 17:39:03 TCP: Recieved 36 bytes from socket.
01-09-2018 17:39:03 TCP: Parsing Data....
01-09-2018 17:39:03 TCP: Saving Data Into Database......
01-09-2018 17:39:03 TCP: Successfully Saved To Database......
01-09-2018 17:39:06 TCP: Recieved 36 bytes from socket.
01-09-2018 17:39:06 TCP: Parsing Data....
01-09-2018 17:39:06 TCP: Saving Data Into Database......
01-09-2018 17:39:06 TCP: Successfully Saved To Database......
01-09-2018 17:39:09 TCP: Recieved 36 bytes from socket.
01-09-2018 17:39:09 TCP: Parsing Data....
01-09-2018 17:39:09 TCP: Saving Data Into Database......
01-09-2018 17:39:09 TCP: Successfully Saved To Database......
01-09-2018 17:39:14 TCP: Recieved 36 bytes from socket.
01-09-2018 17:39:14 TCP: Parsing Data....
01-09-2018 17:39:14 TCP: Saving Data Into Database......
01-09-2018 17:39:14 TCP: Successfully Saved To Database......
01-09-2018 17:39:15 TCP: Recieved 36 bytes from socket.
01-09-2018 17:39:15 TCP: Parsing Data....
01-09-2018 17:39:15 TCP: Saving Data Into Database......
01-09-2018 17:39:15 TCP: Successfully Saved To Database......
01-09-2018 17:39:25 TCP: Recieved 36 bytes from socket.
01-09-2018 17:39:25 TCP: Parsing Data....
01-09-2018 17:39:25 TCP: Saving Data Into Database......
01-09-2018 17:39:25 TCP: Successfully Saved To Database......
01-09-2018 17:39:35 TCP: Recieved 36 bytes from socket.
01-09-2018 17:39:35 TCP: Parsing Data....
01-09-2018 17:39:35 TCP: Saving Data Into Database......
01-09-2018 17:39:35 TCP: Successfully Saved To Database......
01-09-2018 17:39:45 TCP: Recieved 36 bytes from socket.
01-09-2018 17:39:45 TCP: Parsing Data....
01-09-2018 17:39:45 TCP: Saving Data Into Database......
01-09-2018 17:39:45 TCP: Successfully Saved To Database......
01-09-2018 17:39:51 TCP: Recieved 15 bytes from socket.
01-09-2018 17:39:51 TCP: Parsing Data....
01-09-2018 17:39:51 TCP: Packet too short.
01-09-2018 17:39:55 TCP: Recieved 36 bytes from socket.
01-09-2018 17:39:55 TCP: Parsing Data....
01-09-2018 17:39:55 TCP: Saving Data Into Database......
01-09-2018 17:39:55 TCP: Successfully Saved To Database......
01-09-2018 17:40:05 TCP: Recieved 36 bytes from socket.
01-09-2018 17:40:05 TCP: Parsing Data....
01-09-2018 17:40:05 TCP: Saving Data Into Database......
01-09-2018 17:40:05 TCP: Successfully Saved To Database......
01-09-2018 17:40:15 TCP: Recieved 36 bytes from socket.
01-09-2018 17:40:15 TCP: Parsing Data....
01-09-2018 17:40:15 TCP: Saving Data Into Database......
01-09-2018 17:40:15 TCP: Successfully Saved To Database......
01-09-2018 17:40:25 TCP: Recieved 36 bytes from socket.
01-09-2018 17:40:25 TCP: Parsing Data....
01-09-2018 17:40:25 TCP: Saving Data Into Database......
01-09-2018 17:40:25 TCP: Successfully Saved To Database......
01-09-2018 17:40:35 TCP: Recieved 36 bytes from socket.
01-09-2018 17:40:35 TCP: Parsing Data....
01-09-2018 17:40:35 TCP: Saving Data Into Database......
01-09-2018 17:40:35 TCP: Successfully Saved To Database......
01-09-2018 17:40:46 TCP: Recieved 36 bytes from socket.
01-09-2018 17:40:46 TCP: Parsing Data....
01-09-2018 17:40:46 TCP: Saving Data Into Database......
01-09-2018 17:40:46 TCP: Successfully Saved To Database......
01-09-2018 17:40:56 TCP: Recieved 36 bytes from socket.
01-09-2018 17:40:56 TCP: Parsing Data....
01-09-2018 17:40:56 TCP: Saving Data Into Database......
01-09-2018 17:40:56 TCP: Successfully Saved To Database......
01-09-2018 17:41:06 TCP: Recieved 36 bytes from socket.
01-09-2018 17:41:06 TCP: Parsing Data....
01-09-2018 17:41:06 TCP: Saving Data Into Database......
01-09-2018 17:41:06 TCP: Successfully Saved To Database......
01-09-2018 17:41:16 TCP: Recieved 36 bytes from socket.
01-09-2018 17:41:16 TCP: Parsing Data....
01-09-2018 17:41:16 TCP: Saving Data Into Database......
01-09-2018 17:41:16 TCP: Successfully Saved To Database......
01-09-2018 17:41:19 TCP: Got new connection: 42.106.19.131:10949
01-09-2018 17:41:20 TCP: Recieved 18 bytes from socket.
01-09-2018 17:41:20 TCP: Parsing Data....
01-09-2018 17:41:20 TCP: Parsing Data....
01-09-2018 17:41:24 TCP: Recieved 15 bytes from socket.
01-09-2018 17:41:24 TCP: Parsing Data....
01-09-2018 17:41:24 TCP: Packet too short.
01-09-2018 17:41:25 TCP: Recieved 36 bytes from socket.
01-09-2018 17:41:25 TCP: Parsing Data....
01-09-2018 17:41:25 TCP: Saving Data Into Database......
01-09-2018 17:41:25 TCP: Successfully Saved To Database......
01-09-2018 17:41:35 TCP: Recieved 36 bytes from socket.
01-09-2018 17:41:35 TCP: Parsing Data....
01-09-2018 17:41:35 TCP: Saving Data Into Database......
01-09-2018 17:41:35 TCP: Successfully Saved To Database......
01-09-2018 17:41:45 TCP: Recieved 36 bytes from socket.
01-09-2018 17:41:45 TCP: Parsing Data....
01-09-2018 17:41:45 TCP: Saving Data Into Database......
01-09-2018 17:41:45 TCP: Successfully Saved To Database......
01-09-2018 17:41:56 TCP: Recieved 36 bytes from socket.
01-09-2018 17:41:56 TCP: Parsing Data....
01-09-2018 17:41:56 TCP: Saving Data Into Database......
01-09-2018 17:41:56 TCP: Successfully Saved To Database......
01-09-2018 17:42:06 TCP: Recieved 36 bytes from socket.
01-09-2018 17:42:06 TCP: Parsing Data....
01-09-2018 17:42:06 TCP: Saving Data Into Database......
01-09-2018 17:42:06 TCP: Successfully Saved To Database......
01-09-2018 17:42:16 TCP: Recieved 36 bytes from socket.
01-09-2018 17:42:16 TCP: Parsing Data....
01-09-2018 17:42:16 TCP: Saving Data Into Database......
01-09-2018 17:42:16 TCP: Successfully Saved To Database......
01-09-2018 17:42:26 TCP: Recieved 36 bytes from socket.
01-09-2018 17:42:26 TCP: Parsing Data....
01-09-2018 17:42:26 TCP: Saving Data Into Database......
01-09-2018 17:42:26 TCP: Successfully Saved To Database......
01-09-2018 17:42:35 TCP: Recieved 36 bytes from socket.
01-09-2018 17:42:35 TCP: Parsing Data....
01-09-2018 17:42:35 TCP: Saving Data Into Database......
01-09-2018 17:42:36 TCP: Successfully Saved To Database......
01-09-2018 17:42:45 TCP: Recieved 36 bytes from socket.
01-09-2018 17:42:45 TCP: Parsing Data....
01-09-2018 17:42:45 TCP: Saving Data Into Database......
01-09-2018 17:42:45 TCP: Successfully Saved To Database......
01-09-2018 17:42:52 TCP: Recieved 15 bytes from socket.
01-09-2018 17:42:52 TCP: Parsing Data....
01-09-2018 17:42:52 TCP: Packet too short.
01-09-2018 17:42:55 TCP: Recieved 36 bytes from socket.
01-09-2018 17:42:55 TCP: Parsing Data....
01-09-2018 17:42:55 TCP: Saving Data Into Database......
01-09-2018 17:42:55 TCP: Successfully Saved To Database......
01-09-2018 17:43:05 TCP: Recieved 36 bytes from socket.
01-09-2018 17:43:05 TCP: Parsing Data....
01-09-2018 17:43:05 TCP: Saving Data Into Database......
01-09-2018 17:43:05 TCP: Successfully Saved To Database......
01-09-2018 17:43:16 TCP: Recieved 36 bytes from socket.
01-09-2018 17:43:16 TCP: Parsing Data....
01-09-2018 17:43:16 TCP: Saving Data Into Database......
01-09-2018 17:43:16 TCP: Successfully Saved To Database......
01-09-2018 17:43:25 TCP: Recieved 36 bytes from socket.
01-09-2018 17:43:25 TCP: Parsing Data....
01-09-2018 17:43:25 TCP: Saving Data Into Database......
01-09-2018 17:43:25 TCP: Successfully Saved To Database......
01-09-2018 17:43:35 TCP: Recieved 36 bytes from socket.
01-09-2018 17:43:35 TCP: Parsing Data....
01-09-2018 17:43:35 TCP: Saving Data Into Database......
01-09-2018 17:43:35 TCP: Successfully Saved To Database......
01-09-2018 17:43:45 TCP: Recieved 36 bytes from socket.
01-09-2018 17:43:45 TCP: Parsing Data....
01-09-2018 17:43:45 TCP: Saving Data Into Database......
01-09-2018 17:43:45 TCP: Successfully Saved To Database......
01-09-2018 17:43:55 TCP: Recieved 36 bytes from socket.
01-09-2018 17:43:55 TCP: Parsing Data....
01-09-2018 17:43:55 TCP: Saving Data Into Database......
01-09-2018 17:43:55 TCP: Successfully Saved To Database......
01-09-2018 17:44:05 TCP: Recieved 36 bytes from socket.
01-09-2018 17:44:05 TCP: Parsing Data....
01-09-2018 17:44:05 TCP: Saving Data Into Database......
01-09-2018 17:44:05 TCP: Successfully Saved To Database......
01-09-2018 17:44:15 TCP: Recieved 36 bytes from socket.
01-09-2018 17:44:15 TCP: Parsing Data....
01-09-2018 17:44:15 TCP: Saving Data Into Database......
01-09-2018 17:44:15 TCP: Successfully Saved To Database......
01-09-2018 17:44:22 TCP: Recieved 15 bytes from socket.
01-09-2018 17:44:22 TCP: Parsing Data....
01-09-2018 17:44:22 TCP: Packet too short.
01-09-2018 17:44:25 TCP: Recieved 36 bytes from socket.
01-09-2018 17:44:25 TCP: Parsing Data....
01-09-2018 17:44:25 TCP: Saving Data Into Database......
01-09-2018 17:44:25 TCP: Successfully Saved To Database......
01-09-2018 17:44:35 TCP: Recieved 36 bytes from socket.
01-09-2018 17:44:35 TCP: Parsing Data....
01-09-2018 17:44:35 TCP: Saving Data Into Database......
01-09-2018 17:44:35 TCP: Successfully Saved To Database......
01-09-2018 17:44:45 TCP: Recieved 36 bytes from socket.
01-09-2018 17:44:45 TCP: Parsing Data....
01-09-2018 17:44:45 TCP: Saving Data Into Database......
01-09-2018 17:44:45 TCP: Successfully Saved To Database......
01-09-2018 17:44:55 TCP: Recieved 36 bytes from socket.
01-09-2018 17:44:55 TCP: Parsing Data....
01-09-2018 17:44:55 TCP: Saving Data Into Database......
01-09-2018 17:44:55 TCP: Successfully Saved To Database......
01-09-2018 17:45:05 TCP: Recieved 36 bytes from socket.
01-09-2018 17:45:05 TCP: Parsing Data....
01-09-2018 17:45:05 TCP: Saving Data Into Database......
01-09-2018 17:45:05 TCP: Successfully Saved To Database......
01-09-2018 17:45:15 TCP: Recieved 36 bytes from socket.
01-09-2018 17:45:15 TCP: Parsing Data....
01-09-2018 17:45:15 TCP: Saving Data Into Database......
01-09-2018 17:45:15 TCP: Successfully Saved To Database......
01-09-2018 17:45:25 TCP: Recieved 36 bytes from socket.
01-09-2018 17:45:25 TCP: Parsing Data....
01-09-2018 17:45:25 TCP: Saving Data Into Database......
01-09-2018 17:45:25 TCP: Successfully Saved To Database......
01-09-2018 17:45:35 TCP: Recieved 36 bytes from socket.
01-09-2018 17:45:35 TCP: Parsing Data....
01-09-2018 17:45:35 TCP: Saving Data Into Database......
01-09-2018 17:45:35 TCP: Successfully Saved To Database......
01-09-2018 17:45:45 TCP: Recieved 36 bytes from socket.
01-09-2018 17:45:45 TCP: Parsing Data....
01-09-2018 17:45:45 TCP: Saving Data Into Database......
01-09-2018 17:45:45 TCP: Successfully Saved To Database......
01-09-2018 17:45:50 TCP: Got new connection: 42.106.19.131:60738
01-09-2018 17:45:51 TCP: Recieved 18 bytes from socket.
01-09-2018 17:45:51 TCP: Parsing Data....
01-09-2018 17:45:51 TCP: Parsing Data....
01-09-2018 17:45:54 TCP: Recieved 15 bytes from socket.
01-09-2018 17:45:54 TCP: Parsing Data....
01-09-2018 17:45:54 TCP: Packet too short.
01-09-2018 17:45:55 TCP: Recieved 36 bytes from socket.
01-09-2018 17:45:55 TCP: Parsing Data....
01-09-2018 17:45:55 TCP: Saving Data Into Database......
01-09-2018 17:45:55 TCP: Successfully Saved To Database......
01-09-2018 17:46:05 TCP: Recieved 36 bytes from socket.
01-09-2018 17:46:05 TCP: Parsing Data....
01-09-2018 17:46:05 TCP: Saving Data Into Database......
01-09-2018 17:46:05 TCP: Successfully Saved To Database......
01-09-2018 17:46:15 TCP: Recieved 36 bytes from socket.
01-09-2018 17:46:15 TCP: Parsing Data....
01-09-2018 17:46:15 TCP: Saving Data Into Database......
01-09-2018 17:46:15 TCP: Successfully Saved To Database......
01-09-2018 17:46:25 TCP: Recieved 36 bytes from socket.
01-09-2018 17:46:25 TCP: Parsing Data....
01-09-2018 17:46:25 TCP: Saving Data Into Database......
01-09-2018 17:46:25 TCP: Successfully Saved To Database......
01-09-2018 17:46:35 TCP: Recieved 36 bytes from socket.
01-09-2018 17:46:35 TCP: Parsing Data....
01-09-2018 17:46:35 TCP: Saving Data Into Database......
01-09-2018 17:46:35 TCP: Successfully Saved To Database......
01-09-2018 17:46:45 TCP: Recieved 36 bytes from socket.
01-09-2018 17:46:45 TCP: Parsing Data....
01-09-2018 17:46:45 TCP: Saving Data Into Database......
01-09-2018 17:46:45 TCP: Successfully Saved To Database......
01-09-2018 17:46:56 TCP: Recieved 36 bytes from socket.
01-09-2018 17:46:56 TCP: Parsing Data....
01-09-2018 17:46:56 TCP: Saving Data Into Database......
01-09-2018 17:46:56 TCP: Successfully Saved To Database......
01-09-2018 17:47:05 TCP: Recieved 36 bytes from socket.
01-09-2018 17:47:05 TCP: Parsing Data....
01-09-2018 17:47:05 TCP: Saving Data Into Database......
01-09-2018 17:47:05 TCP: Successfully Saved To Database......
01-09-2018 17:47:15 TCP: Recieved 36 bytes from socket.
01-09-2018 17:47:15 TCP: Parsing Data....
01-09-2018 17:47:15 TCP: Saving Data Into Database......
01-09-2018 17:47:15 TCP: Successfully Saved To Database......
01-09-2018 17:47:21 TCP: Recieved 15 bytes from socket.
01-09-2018 17:47:21 TCP: Parsing Data....
01-09-2018 17:47:21 TCP: Packet too short.
01-09-2018 17:47:25 TCP: Recieved 36 bytes from socket.
01-09-2018 17:47:25 TCP: Parsing Data....
01-09-2018 17:47:25 TCP: Saving Data Into Database......
01-09-2018 17:47:25 TCP: Successfully Saved To Database......
01-09-2018 17:47:35 TCP: Recieved 36 bytes from socket.
01-09-2018 17:47:35 TCP: Parsing Data....
01-09-2018 17:47:35 TCP: Saving Data Into Database......
01-09-2018 17:47:35 TCP: Successfully Saved To Database......
01-09-2018 17:47:45 TCP: Recieved 36 bytes from socket.
01-09-2018 17:47:45 TCP: Parsing Data....
01-09-2018 17:47:45 TCP: Saving Data Into Database......
01-09-2018 17:47:45 TCP: Successfully Saved To Database......
01-09-2018 17:47:55 TCP: Recieved 36 bytes from socket.
01-09-2018 17:47:55 TCP: Parsing Data....
01-09-2018 17:47:55 TCP: Saving Data Into Database......
01-09-2018 17:47:55 TCP: Successfully Saved To Database......
01-09-2018 17:48:05 TCP: Recieved 36 bytes from socket.
01-09-2018 17:48:05 TCP: Parsing Data....
01-09-2018 17:48:05 TCP: Saving Data Into Database......
01-09-2018 17:48:05 TCP: Successfully Saved To Database......
01-09-2018 17:48:15 TCP: Recieved 36 bytes from socket.
01-09-2018 17:48:15 TCP: Parsing Data....
01-09-2018 17:48:15 TCP: Saving Data Into Database......
01-09-2018 17:48:15 TCP: Successfully Saved To Database......
01-09-2018 17:48:25 TCP: Recieved 36 bytes from socket.
01-09-2018 17:48:25 TCP: Parsing Data....
01-09-2018 17:48:25 TCP: Saving Data Into Database......
01-09-2018 17:48:25 TCP: Successfully Saved To Database......
01-09-2018 17:48:35 TCP: Recieved 36 bytes from socket.
01-09-2018 17:48:35 TCP: Parsing Data....
01-09-2018 17:48:35 TCP: Saving Data Into Database......
01-09-2018 17:48:35 TCP: Successfully Saved To Database......
01-09-2018 17:48:45 TCP: Recieved 36 bytes from socket.
01-09-2018 17:48:45 TCP: Parsing Data....
01-09-2018 17:48:45 TCP: Saving Data Into Database......
01-09-2018 17:48:45 TCP: Successfully Saved To Database......
01-09-2018 17:48:51 TCP: Recieved 15 bytes from socket.
01-09-2018 17:48:51 TCP: Parsing Data....
01-09-2018 17:48:51 TCP: Packet too short.
01-09-2018 17:48:55 TCP: Recieved 36 bytes from socket.
01-09-2018 17:48:55 TCP: Parsing Data....
01-09-2018 17:48:55 TCP: Saving Data Into Database......
01-09-2018 17:48:55 TCP: Successfully Saved To Database......
01-09-2018 17:49:05 TCP: Recieved 36 bytes from socket.
01-09-2018 17:49:05 TCP: Parsing Data....
01-09-2018 17:49:05 TCP: Saving Data Into Database......
01-09-2018 17:49:05 TCP: Successfully Saved To Database......
01-09-2018 17:49:15 TCP: Recieved 36 bytes from socket.
01-09-2018 17:49:15 TCP: Parsing Data....
01-09-2018 17:49:15 TCP: Saving Data Into Database......
01-09-2018 17:49:15 TCP: Successfully Saved To Database......
01-09-2018 17:49:25 TCP: Recieved 36 bytes from socket.
01-09-2018 17:49:25 TCP: Parsing Data....
01-09-2018 17:49:25 TCP: Saving Data Into Database......
01-09-2018 17:49:25 TCP: Successfully Saved To Database......
01-09-2018 17:49:35 TCP: Recieved 36 bytes from socket.
01-09-2018 17:49:35 TCP: Parsing Data....
01-09-2018 17:49:35 TCP: Saving Data Into Database......
01-09-2018 17:49:35 TCP: Successfully Saved To Database......
01-09-2018 17:49:45 TCP: Recieved 36 bytes from socket.
01-09-2018 17:49:45 TCP: Parsing Data....
01-09-2018 17:49:45 TCP: Saving Data Into Database......
01-09-2018 17:49:45 TCP: Successfully Saved To Database......
01-09-2018 17:49:55 TCP: Recieved 36 bytes from socket.
01-09-2018 17:49:55 TCP: Parsing Data....
01-09-2018 17:49:55 TCP: Saving Data Into Database......
01-09-2018 17:49:55 TCP: Successfully Saved To Database......
01-09-2018 17:50:05 TCP: Recieved 36 bytes from socket.
01-09-2018 17:50:05 TCP: Parsing Data....
01-09-2018 17:50:05 TCP: Saving Data Into Database......
01-09-2018 17:50:05 TCP: Successfully Saved To Database......
01-09-2018 17:50:15 TCP: Recieved 36 bytes from socket.
01-09-2018 17:50:15 TCP: Parsing Data....
01-09-2018 17:50:15 TCP: Saving Data Into Database......
01-09-2018 17:50:15 TCP: Successfully Saved To Database......
01-09-2018 17:50:54 TCP: Got new connection: 42.106.25.178:64531
01-09-2018 17:50:55 TCP: Recieved 18 bytes from socket.
01-09-2018 17:50:55 TCP: Parsing Data....
01-09-2018 17:50:55 TCP: Parsing Data....
01-09-2018 17:50:58 TCP: Recieved 15 bytes from socket.
01-09-2018 17:50:58 TCP: Parsing Data....
01-09-2018 17:50:58 TCP: Packet too short.
01-09-2018 17:51:01 TCP: Recieved 36 bytes from socket.
01-09-2018 17:51:01 TCP: Parsing Data....
01-09-2018 17:51:01 TCP: Saving Data Into Database......
01-09-2018 17:51:01 TCP: Successfully Saved To Database......
01-09-2018 17:51:05 TCP: Recieved 36 bytes from socket.
01-09-2018 17:51:05 TCP: Parsing Data....
01-09-2018 17:51:05 TCP: Saving Data Into Database......
01-09-2018 17:51:05 TCP: Successfully Saved To Database......
01-09-2018 17:51:08 TCP: Recieved 36 bytes from socket.
01-09-2018 17:51:08 TCP: Parsing Data....
01-09-2018 17:51:08 TCP: Saving Data Into Database......
01-09-2018 17:51:08 TCP: Successfully Saved To Database......
01-09-2018 17:51:11 TCP: Recieved 36 bytes from socket.
01-09-2018 17:51:11 TCP: Parsing Data....
01-09-2018 17:51:11 TCP: Saving Data Into Database......
01-09-2018 17:51:11 TCP: Successfully Saved To Database......
01-09-2018 17:51:14 TCP: Recieved 36 bytes from socket.
01-09-2018 17:51:14 TCP: Parsing Data....
01-09-2018 17:51:14 TCP: Saving Data Into Database......
01-09-2018 17:51:14 TCP: Successfully Saved To Database......
01-09-2018 17:51:15 TCP: Recieved 36 bytes from socket.
01-09-2018 17:51:15 TCP: Parsing Data....
01-09-2018 17:51:15 TCP: Saving Data Into Database......
01-09-2018 17:51:15 TCP: Successfully Saved To Database......
01-09-2018 17:51:25 TCP: Recieved 36 bytes from socket.
01-09-2018 17:51:25 TCP: Parsing Data....
01-09-2018 17:51:25 TCP: Saving Data Into Database......
01-09-2018 17:51:25 TCP: Successfully Saved To Database......
01-09-2018 17:51:35 TCP: Recieved 36 bytes from socket.
01-09-2018 17:51:35 TCP: Parsing Data....
01-09-2018 17:51:35 TCP: Saving Data Into Database......
01-09-2018 17:51:35 TCP: Successfully Saved To Database......
01-09-2018 17:51:45 TCP: Recieved 36 bytes from socket.
01-09-2018 17:51:45 TCP: Parsing Data....
01-09-2018 17:51:45 TCP: Saving Data Into Database......
01-09-2018 17:51:45 TCP: Successfully Saved To Database......
01-09-2018 17:51:55 TCP: Recieved 36 bytes from socket.
01-09-2018 17:51:55 TCP: Parsing Data....
01-09-2018 17:51:55 TCP: Saving Data Into Database......
01-09-2018 17:51:55 TCP: Successfully Saved To Database......
01-09-2018 17:52:05 TCP: Recieved 36 bytes from socket.
01-09-2018 17:52:05 TCP: Parsing Data....
01-09-2018 17:52:05 TCP: Saving Data Into Database......
01-09-2018 17:52:05 TCP: Successfully Saved To Database......
01-09-2018 17:52:15 TCP: Recieved 36 bytes from socket.
01-09-2018 17:52:15 TCP: Parsing Data....
01-09-2018 17:52:15 TCP: Saving Data Into Database......
01-09-2018 17:52:15 TCP: Successfully Saved To Database......
01-09-2018 17:52:25 TCP: Recieved 15 bytes from socket.
01-09-2018 17:52:25 TCP: Parsing Data....
01-09-2018 17:52:25 TCP: Packet too short.
01-09-2018 17:52:28 TCP: Recieved 36 bytes from socket.
01-09-2018 17:52:28 TCP: Parsing Data....
01-09-2018 17:52:28 TCP: Saving Data Into Database......
01-09-2018 17:52:28 TCP: Successfully Saved To Database......
01-09-2018 17:52:35 TCP: Recieved 36 bytes from socket.
01-09-2018 17:52:35 TCP: Parsing Data....
01-09-2018 17:52:35 TCP: Saving Data Into Database......
01-09-2018 17:52:35 TCP: Successfully Saved To Database......
01-09-2018 17:52:45 TCP: Recieved 36 bytes from socket.
01-09-2018 17:52:45 TCP: Parsing Data....
01-09-2018 17:52:45 TCP: Saving Data Into Database......
01-09-2018 17:52:45 TCP: Successfully Saved To Database......
01-09-2018 17:52:55 TCP: Recieved 36 bytes from socket.
01-09-2018 17:52:55 TCP: Parsing Data....
01-09-2018 17:52:55 TCP: Saving Data Into Database......
01-09-2018 17:52:55 TCP: Successfully Saved To Database......
01-09-2018 17:53:05 TCP: Recieved 36 bytes from socket.
01-09-2018 17:53:05 TCP: Parsing Data....
01-09-2018 17:53:05 TCP: Saving Data Into Database......
01-09-2018 17:53:05 TCP: Successfully Saved To Database......
01-09-2018 17:53:15 TCP: Recieved 36 bytes from socket.
01-09-2018 17:53:15 TCP: Parsing Data....
01-09-2018 17:53:15 TCP: Saving Data Into Database......
01-09-2018 17:53:15 TCP: Successfully Saved To Database......
01-09-2018 17:53:25 TCP: Recieved 36 bytes from socket.
01-09-2018 17:53:25 TCP: Parsing Data....
01-09-2018 17:53:25 TCP: Saving Data Into Database......
01-09-2018 17:53:25 TCP: Successfully Saved To Database......
01-09-2018 17:53:35 TCP: Recieved 36 bytes from socket.
01-09-2018 17:53:35 TCP: Parsing Data....
01-09-2018 17:53:35 TCP: Saving Data Into Database......
01-09-2018 17:53:35 TCP: Successfully Saved To Database......
01-09-2018 17:53:45 TCP: Recieved 36 bytes from socket.
01-09-2018 17:53:45 TCP: Parsing Data....
01-09-2018 17:53:45 TCP: Saving Data Into Database......
01-09-2018 17:53:45 TCP: Successfully Saved To Database......
01-09-2018 17:53:54 TCP: Recieved 15 bytes from socket.
01-09-2018 17:53:55 TCP: Parsing Data....
01-09-2018 17:53:55 TCP: Packet too short.
01-09-2018 17:53:58 TCP: Recieved 36 bytes from socket.
01-09-2018 17:53:58 TCP: Parsing Data....
01-09-2018 17:53:58 TCP: Saving Data Into Database......
01-09-2018 17:53:58 TCP: Successfully Saved To Database......
01-09-2018 17:54:05 TCP: Recieved 36 bytes from socket.
01-09-2018 17:54:05 TCP: Parsing Data....
01-09-2018 17:54:05 TCP: Saving Data Into Database......
01-09-2018 17:54:05 TCP: Successfully Saved To Database......
01-09-2018 17:54:15 TCP: Recieved 36 bytes from socket.
01-09-2018 17:54:15 TCP: Parsing Data....
01-09-2018 17:54:15 TCP: Saving Data Into Database......
01-09-2018 17:54:15 TCP: Successfully Saved To Database......
01-09-2018 17:54:25 TCP: Recieved 36 bytes from socket.
01-09-2018 17:54:25 TCP: Parsing Data....
01-09-2018 17:54:25 TCP: Saving Data Into Database......
01-09-2018 17:54:25 TCP: Successfully Saved To Database......
01-09-2018 17:54:35 TCP: Recieved 36 bytes from socket.
01-09-2018 17:54:35 TCP: Parsing Data....
01-09-2018 17:54:35 TCP: Saving Data Into Database......
01-09-2018 17:54:35 TCP: Successfully Saved To Database......
01-09-2018 17:54:44 TCP: Recieved 36 bytes from socket.
01-09-2018 17:54:44 TCP: Parsing Data....
01-09-2018 17:54:44 TCP: Saving Data Into Database......
01-09-2018 17:54:44 TCP: Successfully Saved To Database......
01-09-2018 17:54:55 TCP: Recieved 36 bytes from socket.
01-09-2018 17:54:55 TCP: Parsing Data....
01-09-2018 17:54:55 TCP: Saving Data Into Database......
01-09-2018 17:54:55 TCP: Successfully Saved To Database......
01-09-2018 17:55:04 TCP: Recieved 36 bytes from socket.
01-09-2018 17:55:04 TCP: Parsing Data....
01-09-2018 17:55:04 TCP: Saving Data Into Database......
01-09-2018 17:55:04 TCP: Successfully Saved To Database......
01-09-2018 17:55:14 TCP: Recieved 36 bytes from socket.
01-09-2018 17:55:14 TCP: Parsing Data....
01-09-2018 17:55:14 TCP: Saving Data Into Database......
01-09-2018 17:55:14 TCP: Successfully Saved To Database......
01-09-2018 17:55:26 TCP: Got new connection: 42.106.25.178:2673
01-09-2018 17:55:27 TCP: Recieved 18 bytes from socket.
01-09-2018 17:55:27 TCP: Parsing Data....
01-09-2018 17:55:27 TCP: Parsing Data....
01-09-2018 17:55:30 TCP: Recieved 15 bytes from socket.
01-09-2018 17:55:30 TCP: Parsing Data....
01-09-2018 17:55:30 TCP: Packet too short.
01-09-2018 17:55:35 TCP: Recieved 36 bytes from socket.
01-09-2018 17:55:35 TCP: Parsing Data....
01-09-2018 17:55:35 TCP: Saving Data Into Database......
01-09-2018 17:55:35 TCP: Successfully Saved To Database......
01-09-2018 17:55:37 TCP: Recieved 36 bytes from socket.
01-09-2018 17:55:37 TCP: Parsing Data....
01-09-2018 17:55:37 TCP: Saving Data Into Database......
01-09-2018 17:55:37 TCP: Successfully Saved To Database......
01-09-2018 17:55:45 TCP: Recieved 36 bytes from socket.
01-09-2018 17:55:45 TCP: Parsing Data....
01-09-2018 17:55:45 TCP: Saving Data Into Database......
01-09-2018 17:55:45 TCP: Successfully Saved To Database......
01-09-2018 17:55:55 TCP: Recieved 36 bytes from socket.
01-09-2018 17:55:55 TCP: Parsing Data....
01-09-2018 17:55:55 TCP: Saving Data Into Database......
01-09-2018 17:55:55 TCP: Successfully Saved To Database......
01-09-2018 17:56:05 TCP: Recieved 36 bytes from socket.
01-09-2018 17:56:05 TCP: Parsing Data....
01-09-2018 17:56:05 TCP: Saving Data Into Database......
01-09-2018 17:56:05 TCP: Successfully Saved To Database......
01-09-2018 17:56:15 TCP: Recieved 36 bytes from socket.
01-09-2018 17:56:15 TCP: Parsing Data....
01-09-2018 17:56:15 TCP: Saving Data Into Database......
01-09-2018 17:56:15 TCP: Successfully Saved To Database......
01-09-2018 17:56:24 TCP: Recieved 36 bytes from socket.
01-09-2018 17:56:24 TCP: Parsing Data....
01-09-2018 17:56:24 TCP: Saving Data Into Database......
01-09-2018 17:56:24 TCP: Successfully Saved To Database......
01-09-2018 17:56:34 TCP: Recieved 36 bytes from socket.
01-09-2018 17:56:34 TCP: Parsing Data....
01-09-2018 17:56:34 TCP: Saving Data Into Database......
01-09-2018 17:56:34 TCP: Successfully Saved To Database......
01-09-2018 17:56:44 TCP: Recieved 36 bytes from socket.
01-09-2018 17:56:44 TCP: Parsing Data....
01-09-2018 17:56:44 TCP: Saving Data Into Database......
01-09-2018 17:56:45 TCP: Successfully Saved To Database......
01-09-2018 17:56:54 TCP: Recieved 36 bytes from socket.
01-09-2018 17:56:54 TCP: Parsing Data....
01-09-2018 17:56:54 TCP: Saving Data Into Database......
01-09-2018 17:56:54 TCP: Successfully Saved To Database......
01-09-2018 17:56:57 TCP: Recieved 15 bytes from socket.
01-09-2018 17:56:57 TCP: Parsing Data....
01-09-2018 17:56:57 TCP: Packet too short.
01-09-2018 17:57:04 TCP: Recieved 36 bytes from socket.
01-09-2018 17:57:04 TCP: Parsing Data....
01-09-2018 17:57:04 TCP: Saving Data Into Database......
01-09-2018 17:57:04 TCP: Successfully Saved To Database......
01-09-2018 17:57:14 TCP: Recieved 36 bytes from socket.
01-09-2018 17:57:14 TCP: Parsing Data....
01-09-2018 17:57:14 TCP: Saving Data Into Database......
01-09-2018 17:57:14 TCP: Successfully Saved To Database......
01-09-2018 17:57:24 TCP: Recieved 36 bytes from socket.
01-09-2018 17:57:24 TCP: Parsing Data....
01-09-2018 17:57:24 TCP: Saving Data Into Database......
01-09-2018 17:57:24 TCP: Successfully Saved To Database......
01-09-2018 17:57:34 TCP: Recieved 36 bytes from socket.
01-09-2018 17:57:34 TCP: Parsing Data....
01-09-2018 17:57:34 TCP: Saving Data Into Database......
01-09-2018 17:57:34 TCP: Successfully Saved To Database......
01-09-2018 17:57:45 TCP: Recieved 36 bytes from socket.
01-09-2018 17:57:45 TCP: Parsing Data....
01-09-2018 17:57:45 TCP: Saving Data Into Database......
01-09-2018 17:57:45 TCP: Successfully Saved To Database......
01-09-2018 17:57:56 TCP: Recieved 36 bytes from socket.
01-09-2018 17:57:56 TCP: Parsing Data....
01-09-2018 17:57:56 TCP: Saving Data Into Database......
01-09-2018 17:57:56 TCP: Successfully Saved To Database......
01-09-2018 17:58:05 TCP: Recieved 36 bytes from socket.
01-09-2018 17:58:05 TCP: Parsing Data....
01-09-2018 17:58:05 TCP: Saving Data Into Database......
01-09-2018 17:58:05 TCP: Successfully Saved To Database......
01-09-2018 17:58:15 TCP: Recieved 36 bytes from socket.
01-09-2018 17:58:15 TCP: Parsing Data....
01-09-2018 17:58:15 TCP: Saving Data Into Database......
01-09-2018 17:58:15 TCP: Successfully Saved To Database......
01-09-2018 17:58:25 TCP: Recieved 36 bytes from socket.
01-09-2018 17:58:25 TCP: Parsing Data....
01-09-2018 17:58:25 TCP: Saving Data Into Database......
01-09-2018 17:58:25 TCP: Successfully Saved To Database......
01-09-2018 17:58:27 TCP: Recieved 15 bytes from socket.
01-09-2018 17:58:27 TCP: Parsing Data....
01-09-2018 17:58:27 TCP: Packet too short.
01-09-2018 17:58:35 TCP: Recieved 36 bytes from socket.
01-09-2018 17:58:35 TCP: Parsing Data....
01-09-2018 17:58:35 TCP: Saving Data Into Database......
01-09-2018 17:58:35 TCP: Successfully Saved To Database......
01-09-2018 17:58:45 TCP: Recieved 36 bytes from socket.
01-09-2018 17:58:45 TCP: Parsing Data....
01-09-2018 17:58:45 TCP: Saving Data Into Database......
01-09-2018 17:58:45 TCP: Successfully Saved To Database......
01-09-2018 17:58:55 TCP: Recieved 36 bytes from socket.
01-09-2018 17:58:55 TCP: Parsing Data....
01-09-2018 17:58:55 TCP: Saving Data Into Database......
01-09-2018 17:58:55 TCP: Successfully Saved To Database......
01-09-2018 17:59:05 TCP: Recieved 36 bytes from socket.
01-09-2018 17:59:05 TCP: Parsing Data....
01-09-2018 17:59:05 TCP: Saving Data Into Database......
01-09-2018 17:59:05 TCP: Successfully Saved To Database......
01-09-2018 17:59:15 TCP: Recieved 36 bytes from socket.
01-09-2018 17:59:15 TCP: Parsing Data....
01-09-2018 17:59:15 TCP: Saving Data Into Database......
01-09-2018 17:59:15 TCP: Successfully Saved To Database......
01-09-2018 17:59:25 TCP: Recieved 36 bytes from socket.
01-09-2018 17:59:25 TCP: Parsing Data....
01-09-2018 17:59:25 TCP: Saving Data Into Database......
01-09-2018 17:59:25 TCP: Successfully Saved To Database......
01-09-2018 17:59:35 TCP: Recieved 36 bytes from socket.
01-09-2018 17:59:35 TCP: Parsing Data....
01-09-2018 17:59:35 TCP: Saving Data Into Database......
01-09-2018 17:59:35 TCP: Successfully Saved To Database......
01-09-2018 17:59:45 TCP: Recieved 36 bytes from socket.
01-09-2018 17:59:45 TCP: Parsing Data....
01-09-2018 17:59:45 TCP: Saving Data Into Database......
01-09-2018 17:59:45 TCP: Successfully Saved To Database......
01-09-2018 17:59:55 TCP: Recieved 36 bytes from socket.
01-09-2018 17:59:55 TCP: Parsing Data....
01-09-2018 17:59:55 TCP: Saving Data Into Database......
01-09-2018 17:59:55 TCP: Successfully Saved To Database......
01-09-2018 17:59:57 TCP: Got new connection: 42.106.25.178:63757
01-09-2018 17:59:58 TCP: Recieved 18 bytes from socket.
01-09-2018 17:59:58 TCP: Parsing Data....
01-09-2018 17:59:58 TCP: Parsing Data....
01-09-2018 18:00:01 TCP: Recieved 15 bytes from socket.
01-09-2018 18:00:01 TCP: Parsing Data....
01-09-2018 18:00:01 TCP: Packet too short.
01-09-2018 18:00:05 TCP: Recieved 36 bytes from socket.
01-09-2018 18:00:05 TCP: Parsing Data....
01-09-2018 18:00:05 TCP: Saving Data Into Database......
01-09-2018 18:00:05 TCP: Successfully Saved To Database......
01-09-2018 18:00:15 TCP: Recieved 36 bytes from socket.
01-09-2018 18:00:15 TCP: Parsing Data....
01-09-2018 18:00:15 TCP: Saving Data Into Database......
01-09-2018 18:00:15 TCP: Successfully Saved To Database......
01-09-2018 18:00:25 TCP: Recieved 36 bytes from socket.
01-09-2018 18:00:25 TCP: Parsing Data....
01-09-2018 18:00:25 TCP: Saving Data Into Database......
01-09-2018 18:00:25 TCP: Successfully Saved To Database......
01-09-2018 18:00:35 TCP: Recieved 36 bytes from socket.
01-09-2018 18:00:35 TCP: Parsing Data....
01-09-2018 18:00:35 TCP: Saving Data Into Database......
01-09-2018 18:00:35 TCP: Successfully Saved To Database......
01-09-2018 18:00:45 TCP: Recieved 36 bytes from socket.
01-09-2018 18:00:45 TCP: Parsing Data....
01-09-2018 18:00:45 TCP: Saving Data Into Database......
01-09-2018 18:00:45 TCP: Successfully Saved To Database......
01-09-2018 18:00:55 TCP: Recieved 36 bytes from socket.
01-09-2018 18:00:55 TCP: Parsing Data....
01-09-2018 18:00:55 TCP: Saving Data Into Database......
01-09-2018 18:00:55 TCP: Successfully Saved To Database......
01-09-2018 18:01:05 TCP: Recieved 36 bytes from socket.
01-09-2018 18:01:05 TCP: Parsing Data....
01-09-2018 18:01:05 TCP: Saving Data Into Database......
01-09-2018 18:01:05 TCP: Successfully Saved To Database......
01-09-2018 18:01:15 TCP: Recieved 36 bytes from socket.
01-09-2018 18:01:15 TCP: Parsing Data....
01-09-2018 18:01:15 TCP: Saving Data Into Database......
01-09-2018 18:01:15 TCP: Successfully Saved To Database......
01-09-2018 18:01:25 TCP: Recieved 36 bytes from socket.
01-09-2018 18:01:25 TCP: Parsing Data....
01-09-2018 18:01:25 TCP: Saving Data Into Database......
01-09-2018 18:01:25 TCP: Successfully Saved To Database......
01-09-2018 18:01:28 TCP: Recieved 15 bytes from socket.
01-09-2018 18:01:28 TCP: Parsing Data....
01-09-2018 18:01:28 TCP: Packet too short.
01-09-2018 18:01:35 TCP: Recieved 36 bytes from socket.
01-09-2018 18:01:35 TCP: Parsing Data....
01-09-2018 18:01:35 TCP: Saving Data Into Database......
01-09-2018 18:01:35 TCP: Successfully Saved To Database......
01-09-2018 18:01:45 TCP: Recieved 36 bytes from socket.
01-09-2018 18:01:45 TCP: Parsing Data....
01-09-2018 18:01:45 TCP: Saving Data Into Database......
01-09-2018 18:01:45 TCP: Successfully Saved To Database......
01-09-2018 18:01:56 TCP: Recieved 36 bytes from socket.
01-09-2018 18:01:56 TCP: Parsing Data....
01-09-2018 18:01:56 TCP: Saving Data Into Database......
01-09-2018 18:01:56 TCP: Successfully Saved To Database......
01-09-2018 18:02:05 TCP: Recieved 36 bytes from socket.
01-09-2018 18:02:05 TCP: Parsing Data....
01-09-2018 18:02:05 TCP: Saving Data Into Database......
01-09-2018 18:02:05 TCP: Successfully Saved To Database......
01-09-2018 18:02:15 TCP: Recieved 36 bytes from socket.
01-09-2018 18:02:15 TCP: Parsing Data....
01-09-2018 18:02:15 TCP: Saving Data Into Database......
01-09-2018 18:02:15 TCP: Successfully Saved To Database......
01-09-2018 18:02:25 TCP: Recieved 36 bytes from socket.
01-09-2018 18:02:25 TCP: Parsing Data....
01-09-2018 18:02:25 TCP: Saving Data Into Database......
01-09-2018 18:02:25 TCP: Successfully Saved To Database......
01-09-2018 18:02:35 TCP: Recieved 36 bytes from socket.
01-09-2018 18:02:35 TCP: Parsing Data....
01-09-2018 18:02:35 TCP: Saving Data Into Database......
01-09-2018 18:02:35 TCP: Successfully Saved To Database......
01-09-2018 18:02:45 TCP: Recieved 36 bytes from socket.
01-09-2018 18:02:45 TCP: Parsing Data....
01-09-2018 18:02:45 TCP: Saving Data Into Database......
01-09-2018 18:02:45 TCP: Successfully Saved To Database......
01-09-2018 18:02:55 TCP: Recieved 36 bytes from socket.
01-09-2018 18:02:55 TCP: Parsing Data....
01-09-2018 18:02:55 TCP: Saving Data Into Database......
01-09-2018 18:02:55 TCP: Successfully Saved To Database......
01-09-2018 18:02:58 TCP: Recieved 15 bytes from socket.
01-09-2018 18:02:58 TCP: Parsing Data....
01-09-2018 18:02:58 TCP: Packet too short.
01-09-2018 18:03:05 TCP: Recieved 36 bytes from socket.
01-09-2018 18:03:05 TCP: Parsing Data....
01-09-2018 18:03:05 TCP: Saving Data Into Database......
01-09-2018 18:03:05 TCP: Successfully Saved To Database......
01-09-2018 18:03:15 TCP: Recieved 36 bytes from socket.
01-09-2018 18:03:15 TCP: Parsing Data....
01-09-2018 18:03:15 TCP: Saving Data Into Database......
01-09-2018 18:03:15 TCP: Successfully Saved To Database......
01-09-2018 18:03:25 TCP: Recieved 36 bytes from socket.
01-09-2018 18:03:25 TCP: Parsing Data....
01-09-2018 18:03:25 TCP: Saving Data Into Database......
01-09-2018 18:03:25 TCP: Successfully Saved To Database......
01-09-2018 18:03:35 TCP: Recieved 36 bytes from socket.
01-09-2018 18:03:35 TCP: Parsing Data....
01-09-2018 18:03:35 TCP: Saving Data Into Database......
01-09-2018 18:03:35 TCP: Successfully Saved To Database......
01-09-2018 18:03:45 TCP: Recieved 36 bytes from socket.
01-09-2018 18:03:45 TCP: Parsing Data....
01-09-2018 18:03:45 TCP: Saving Data Into Database......
01-09-2018 18:03:45 TCP: Successfully Saved To Database......
01-09-2018 18:03:55 TCP: Recieved 36 bytes from socket.
01-09-2018 18:03:55 TCP: Parsing Data....
01-09-2018 18:03:55 TCP: Saving Data Into Database......
01-09-2018 18:03:55 TCP: Successfully Saved To Database......
01-09-2018 18:04:05 TCP: Recieved 36 bytes from socket.
01-09-2018 18:04:05 TCP: Parsing Data....
01-09-2018 18:04:05 TCP: Saving Data Into Database......
01-09-2018 18:04:05 TCP: Successfully Saved To Database......
01-09-2018 18:04:15 TCP: Recieved 36 bytes from socket.
01-09-2018 18:04:15 TCP: Parsing Data....
01-09-2018 18:04:15 TCP: Saving Data Into Database......
01-09-2018 18:04:15 TCP: Successfully Saved To Database......
01-09-2018 18:04:25 TCP: Recieved 36 bytes from socket.
01-09-2018 18:04:25 TCP: Parsing Data....
01-09-2018 18:04:25 TCP: Saving Data Into Database......
01-09-2018 18:04:25 TCP: Successfully Saved To Database......
01-09-2018 18:05:02 TCP: Got new connection: 42.106.29.179:45989
01-09-2018 18:05:03 TCP: Recieved 18 bytes from socket.
01-09-2018 18:05:03 TCP: Parsing Data....
01-09-2018 18:05:03 TCP: Parsing Data....
01-09-2018 18:05:06 TCP: Recieved 15 bytes from socket.
01-09-2018 18:05:06 TCP: Parsing Data....
01-09-2018 18:05:06 TCP: Packet too short.
01-09-2018 18:05:09 TCP: Recieved 36 bytes from socket.
01-09-2018 18:05:09 TCP: Parsing Data....
01-09-2018 18:05:09 TCP: Saving Data Into Database......
01-09-2018 18:05:09 TCP: Successfully Saved To Database......
01-09-2018 18:05:12 TCP: Recieved 36 bytes from socket.
01-09-2018 18:05:12 TCP: Parsing Data....
01-09-2018 18:05:12 TCP: Saving Data Into Database......
01-09-2018 18:05:12 TCP: Successfully Saved To Database......
01-09-2018 18:05:15 TCP: Recieved 36 bytes from socket.
01-09-2018 18:05:15 TCP: Parsing Data....
01-09-2018 18:05:15 TCP: Saving Data Into Database......
01-09-2018 18:05:15 TCP: Successfully Saved To Database......
01-09-2018 18:05:18 TCP: Recieved 36 bytes from socket.
01-09-2018 18:05:18 TCP: Parsing Data....
01-09-2018 18:05:18 TCP: Saving Data Into Database......
01-09-2018 18:05:18 TCP: Successfully Saved To Database......
01-09-2018 18:05:21 TCP: Recieved 36 bytes from socket.
01-09-2018 18:05:21 TCP: Parsing Data....
01-09-2018 18:05:21 TCP: Saving Data Into Database......
01-09-2018 18:05:21 TCP: Successfully Saved To Database......
01-09-2018 18:05:25 TCP: Recieved 36 bytes from socket.
01-09-2018 18:05:25 TCP: Parsing Data....
01-09-2018 18:05:25 TCP: Saving Data Into Database......
01-09-2018 18:05:25 TCP: Successfully Saved To Database......
01-09-2018 18:05:35 TCP: Recieved 36 bytes from socket.
01-09-2018 18:05:35 TCP: Parsing Data....
01-09-2018 18:05:35 TCP: Saving Data Into Database......
01-09-2018 18:05:35 TCP: Successfully Saved To Database......
01-09-2018 18:05:45 TCP: Recieved 36 bytes from socket.
01-09-2018 18:05:45 TCP: Parsing Data....
01-09-2018 18:05:45 TCP: Saving Data Into Database......
01-09-2018 18:05:45 TCP: Successfully Saved To Database......
01-09-2018 18:05:55 TCP: Recieved 36 bytes from socket.
01-09-2018 18:05:55 TCP: Parsing Data....
01-09-2018 18:05:55 TCP: Saving Data Into Database......
01-09-2018 18:05:55 TCP: Successfully Saved To Database......
01-09-2018 18:06:05 TCP: Recieved 36 bytes from socket.
01-09-2018 18:06:05 TCP: Parsing Data....
01-09-2018 18:06:05 TCP: Saving Data Into Database......
01-09-2018 18:06:05 TCP: Successfully Saved To Database......
01-09-2018 18:06:15 TCP: Recieved 36 bytes from socket.
01-09-2018 18:06:15 TCP: Parsing Data....
01-09-2018 18:06:15 TCP: Saving Data Into Database......
01-09-2018 18:06:15 TCP: Successfully Saved To Database......
01-09-2018 18:06:25 TCP: Recieved 36 bytes from socket.
01-09-2018 18:06:25 TCP: Parsing Data....
01-09-2018 18:06:25 TCP: Saving Data Into Database......
01-09-2018 18:06:25 TCP: Successfully Saved To Database......
01-09-2018 18:06:33 TCP: Recieved 15 bytes from socket.
01-09-2018 18:06:33 TCP: Parsing Data....
01-09-2018 18:06:33 TCP: Packet too short.
01-09-2018 18:06:35 TCP: Recieved 36 bytes from socket.
01-09-2018 18:06:35 TCP: Parsing Data....
01-09-2018 18:06:35 TCP: Saving Data Into Database......
01-09-2018 18:06:35 TCP: Successfully Saved To Database......
01-09-2018 18:06:45 TCP: Recieved 36 bytes from socket.
01-09-2018 18:06:45 TCP: Parsing Data....
01-09-2018 18:06:45 TCP: Saving Data Into Database......
01-09-2018 18:06:45 TCP: Successfully Saved To Database......
01-09-2018 18:06:55 TCP: Recieved 36 bytes from socket.
01-09-2018 18:06:55 TCP: Parsing Data....
01-09-2018 18:06:55 TCP: Saving Data Into Database......
01-09-2018 18:06:55 TCP: Successfully Saved To Database......
01-09-2018 18:07:05 TCP: Recieved 36 bytes from socket.
01-09-2018 18:07:05 TCP: Parsing Data....
01-09-2018 18:07:05 TCP: Saving Data Into Database......
01-09-2018 18:07:05 TCP: Successfully Saved To Database......
01-09-2018 18:07:15 TCP: Recieved 36 bytes from socket.
01-09-2018 18:07:15 TCP: Parsing Data....
01-09-2018 18:07:15 TCP: Saving Data Into Database......
01-09-2018 18:07:15 TCP: Successfully Saved To Database......
01-09-2018 18:07:25 TCP: Recieved 36 bytes from socket.
01-09-2018 18:07:25 TCP: Parsing Data....
01-09-2018 18:07:25 TCP: Saving Data Into Database......
01-09-2018 18:07:25 TCP: Successfully Saved To Database......
01-09-2018 18:07:35 TCP: Recieved 36 bytes from socket.
01-09-2018 18:07:35 TCP: Parsing Data....
01-09-2018 18:07:35 TCP: Saving Data Into Database......
01-09-2018 18:07:35 TCP: Successfully Saved To Database......
01-09-2018 18:07:45 TCP: Recieved 36 bytes from socket.
01-09-2018 18:07:45 TCP: Parsing Data....
01-09-2018 18:07:45 TCP: Saving Data Into Database......
01-09-2018 18:07:45 TCP: Successfully Saved To Database......
01-09-2018 18:07:55 TCP: Recieved 36 bytes from socket.
01-09-2018 18:07:55 TCP: Parsing Data....
01-09-2018 18:07:55 TCP: Saving Data Into Database......
01-09-2018 18:07:55 TCP: Successfully Saved To Database......
01-09-2018 18:08:03 TCP: Recieved 15 bytes from socket.
01-09-2018 18:08:03 TCP: Parsing Data....
01-09-2018 18:08:03 TCP: Packet too short.
01-09-2018 18:08:05 TCP: Recieved 36 bytes from socket.
01-09-2018 18:08:05 TCP: Parsing Data....
01-09-2018 18:08:05 TCP: Saving Data Into Database......
01-09-2018 18:08:05 TCP: Successfully Saved To Database......
01-09-2018 18:08:15 TCP: Recieved 36 bytes from socket.
01-09-2018 18:08:15 TCP: Parsing Data....
01-09-2018 18:08:15 TCP: Saving Data Into Database......
01-09-2018 18:08:15 TCP: Successfully Saved To Database......
01-09-2018 18:08:25 TCP: Recieved 36 bytes from socket.
01-09-2018 18:08:25 TCP: Parsing Data....
01-09-2018 18:08:25 TCP: Saving Data Into Database......
01-09-2018 18:08:25 TCP: Successfully Saved To Database......
01-09-2018 18:08:35 TCP: Recieved 36 bytes from socket.
01-09-2018 18:08:35 TCP: Parsing Data....
01-09-2018 18:08:35 TCP: Saving Data Into Database......
01-09-2018 18:08:35 TCP: Successfully Saved To Database......
01-09-2018 18:08:45 TCP: Recieved 36 bytes from socket.
01-09-2018 18:08:45 TCP: Parsing Data....
01-09-2018 18:08:45 TCP: Saving Data Into Database......
01-09-2018 18:08:45 TCP: Successfully Saved To Database......
01-09-2018 18:08:55 TCP: Recieved 36 bytes from socket.
01-09-2018 18:08:55 TCP: Parsing Data....
01-09-2018 18:08:55 TCP: Saving Data Into Database......
01-09-2018 18:08:55 TCP: Successfully Saved To Database......
01-09-2018 18:09:05 TCP: Recieved 36 bytes from socket.
01-09-2018 18:09:05 TCP: Parsing Data....
01-09-2018 18:09:05 TCP: Saving Data Into Database......
01-09-2018 18:09:05 TCP: Successfully Saved To Database......
01-09-2018 18:09:15 TCP: Recieved 36 bytes from socket.
01-09-2018 18:09:15 TCP: Parsing Data....
01-09-2018 18:09:15 TCP: Saving Data Into Database......
01-09-2018 18:09:15 TCP: Successfully Saved To Database......
01-09-2018 18:09:25 TCP: Recieved 36 bytes from socket.
01-09-2018 18:09:25 TCP: Parsing Data....
01-09-2018 18:09:25 TCP: Saving Data Into Database......
01-09-2018 18:09:25 TCP: Successfully Saved To Database......
01-09-2018 18:09:34 TCP: Got new connection: 42.106.29.179:21997
01-09-2018 18:09:35 TCP: Recieved 18 bytes from socket.
01-09-2018 18:09:35 TCP: Parsing Data....
01-09-2018 18:09:35 TCP: Parsing Data....
01-09-2018 18:09:38 TCP: Recieved 15 bytes from socket.
01-09-2018 18:09:38 TCP: Parsing Data....
01-09-2018 18:09:38 TCP: Packet too short.
01-09-2018 18:09:41 TCP: Recieved 36 bytes from socket.
01-09-2018 18:09:41 TCP: Parsing Data....
01-09-2018 18:09:41 TCP: Saving Data Into Database......
01-09-2018 18:09:41 TCP: Successfully Saved To Database......
01-09-2018 18:09:45 TCP: Recieved 36 bytes from socket.
01-09-2018 18:09:45 TCP: Parsing Data....
01-09-2018 18:09:45 TCP: Saving Data Into Database......
01-09-2018 18:09:45 TCP: Successfully Saved To Database......
01-09-2018 18:09:55 TCP: Recieved 36 bytes from socket.
01-09-2018 18:09:55 TCP: Parsing Data....
01-09-2018 18:09:55 TCP: Saving Data Into Database......
01-09-2018 18:09:55 TCP: Successfully Saved To Database......
01-09-2018 18:10:05 TCP: Recieved 36 bytes from socket.
01-09-2018 18:10:05 TCP: Parsing Data....
01-09-2018 18:10:05 TCP: Saving Data Into Database......
01-09-2018 18:10:05 TCP: Successfully Saved To Database......
01-09-2018 18:10:15 TCP: Recieved 36 bytes from socket.
01-09-2018 18:10:15 TCP: Parsing Data....
01-09-2018 18:10:15 TCP: Saving Data Into Database......
01-09-2018 18:10:15 TCP: Successfully Saved To Database......
01-09-2018 18:10:25 TCP: Recieved 36 bytes from socket.
01-09-2018 18:10:25 TCP: Parsing Data....
01-09-2018 18:10:25 TCP: Saving Data Into Database......
01-09-2018 18:10:25 TCP: Successfully Saved To Database......
01-09-2018 18:10:35 TCP: Recieved 36 bytes from socket.
01-09-2018 18:10:35 TCP: Parsing Data....
01-09-2018 18:10:35 TCP: Saving Data Into Database......
01-09-2018 18:10:35 TCP: Successfully Saved To Database......
01-09-2018 18:10:45 TCP: Recieved 36 bytes from socket.
01-09-2018 18:10:45 TCP: Parsing Data....
01-09-2018 18:10:45 TCP: Saving Data Into Database......
01-09-2018 18:10:45 TCP: Successfully Saved To Database......
01-09-2018 18:10:55 TCP: Recieved 36 bytes from socket.
01-09-2018 18:10:55 TCP: Parsing Data....
01-09-2018 18:10:55 TCP: Saving Data Into Database......
01-09-2018 18:10:55 TCP: Successfully Saved To Database......
01-09-2018 18:11:05 TCP: Recieved 15 bytes from socket.
01-09-2018 18:11:05 TCP: Parsing Data....
01-09-2018 18:11:05 TCP: Packet too short.
01-09-2018 18:11:08 TCP: Recieved 36 bytes from socket.
01-09-2018 18:11:08 TCP: Parsing Data....
01-09-2018 18:11:08 TCP: Saving Data Into Database......
01-09-2018 18:11:08 TCP: Successfully Saved To Database......
01-09-2018 18:11:15 TCP: Recieved 36 bytes from socket.
01-09-2018 18:11:15 TCP: Parsing Data....
01-09-2018 18:11:15 TCP: Saving Data Into Database......
01-09-2018 18:11:15 TCP: Successfully Saved To Database......
01-09-2018 18:11:25 TCP: Recieved 36 bytes from socket.
01-09-2018 18:11:25 TCP: Parsing Data....
01-09-2018 18:11:25 TCP: Saving Data Into Database......
01-09-2018 18:11:25 TCP: Successfully Saved To Database......
01-09-2018 18:11:35 TCP: Recieved 36 bytes from socket.
01-09-2018 18:11:35 TCP: Parsing Data....
01-09-2018 18:11:35 TCP: Saving Data Into Database......
01-09-2018 18:11:35 TCP: Successfully Saved To Database......
01-09-2018 18:11:45 TCP: Recieved 36 bytes from socket.
01-09-2018 18:11:45 TCP: Parsing Data....
01-09-2018 18:11:45 TCP: Saving Data Into Database......
01-09-2018 18:11:45 TCP: Successfully Saved To Database......
01-09-2018 18:11:55 TCP: Recieved 36 bytes from socket.
01-09-2018 18:11:55 TCP: Parsing Data....
01-09-2018 18:11:55 TCP: Saving Data Into Database......
01-09-2018 18:11:55 TCP: Successfully Saved To Database......
01-09-2018 18:12:05 TCP: Recieved 36 bytes from socket.
01-09-2018 18:12:05 TCP: Parsing Data....
01-09-2018 18:12:05 TCP: Saving Data Into Database......
01-09-2018 18:12:05 TCP: Successfully Saved To Database......
01-09-2018 18:12:15 TCP: Recieved 36 bytes from socket.
01-09-2018 18:12:15 TCP: Parsing Data....
01-09-2018 18:12:15 TCP: Saving Data Into Database......
01-09-2018 18:12:15 TCP: Successfully Saved To Database......
01-09-2018 18:12:24 TCP: Recieved 36 bytes from socket.
01-09-2018 18:12:24 TCP: Parsing Data....
01-09-2018 18:12:25 TCP: Saving Data Into Database......
01-09-2018 18:12:25 TCP: Successfully Saved To Database......
01-09-2018 18:12:35 TCP: Recieved 15 bytes from socket.
01-09-2018 18:12:35 TCP: Parsing Data....
01-09-2018 18:12:35 TCP: Packet too short.
01-09-2018 18:12:37 TCP: Recieved 36 bytes from socket.
01-09-2018 18:12:37 TCP: Parsing Data....
01-09-2018 18:12:37 TCP: Saving Data Into Database......
01-09-2018 18:12:38 TCP: Successfully Saved To Database......
01-09-2018 18:12:44 TCP: Recieved 36 bytes from socket.
01-09-2018 18:12:44 TCP: Parsing Data....
01-09-2018 18:12:45 TCP: Saving Data Into Database......
01-09-2018 18:12:45 TCP: Successfully Saved To Database......
01-09-2018 18:12:54 TCP: Recieved 36 bytes from socket.
01-09-2018 18:12:54 TCP: Parsing Data....
01-09-2018 18:12:54 TCP: Saving Data Into Database......
01-09-2018 18:12:55 TCP: Successfully Saved To Database......
01-09-2018 18:13:05 TCP: Recieved 36 bytes from socket.
01-09-2018 18:13:05 TCP: Parsing Data....
01-09-2018 18:13:05 TCP: Saving Data Into Database......
01-09-2018 18:13:05 TCP: Successfully Saved To Database......
01-09-2018 18:13:14 TCP: Recieved 36 bytes from socket.
01-09-2018 18:13:14 TCP: Parsing Data....
01-09-2018 18:13:14 TCP: Saving Data Into Database......
01-09-2018 18:13:14 TCP: Successfully Saved To Database......
01-09-2018 18:13:24 TCP: Recieved 36 bytes from socket.
01-09-2018 18:13:24 TCP: Parsing Data....
01-09-2018 18:13:24 TCP: Saving Data Into Database......
01-09-2018 18:13:24 TCP: Successfully Saved To Database......
01-09-2018 18:13:34 TCP: Recieved 36 bytes from socket.
01-09-2018 18:13:34 TCP: Parsing Data....
01-09-2018 18:13:34 TCP: Saving Data Into Database......
01-09-2018 18:13:34 TCP: Successfully Saved To Database......
01-09-2018 18:13:44 TCP: Recieved 36 bytes from socket.
01-09-2018 18:13:44 TCP: Parsing Data....
01-09-2018 18:13:44 TCP: Saving Data Into Database......
01-09-2018 18:13:44 TCP: Successfully Saved To Database......
01-09-2018 18:13:54 TCP: Recieved 36 bytes from socket.
01-09-2018 18:13:54 TCP: Parsing Data....
01-09-2018 18:13:54 TCP: Saving Data Into Database......
01-09-2018 18:13:54 TCP: Successfully Saved To Database......
01-09-2018 18:14:04 TCP: Got new connection: 42.106.29.179:44907
01-09-2018 18:14:05 TCP: Recieved 18 bytes from socket.
01-09-2018 18:14:05 TCP: Parsing Data....
01-09-2018 18:14:05 TCP: Parsing Data....
01-09-2018 18:14:09 TCP: Recieved 15 bytes from socket.
01-09-2018 18:14:09 TCP: Parsing Data....
01-09-2018 18:14:09 TCP: Packet too short.
01-09-2018 18:14:15 TCP: Recieved 36 bytes from socket.
01-09-2018 18:14:15 TCP: Parsing Data....
01-09-2018 18:14:15 TCP: Saving Data Into Database......
01-09-2018 18:14:15 TCP: Successfully Saved To Database......
01-09-2018 18:14:16 TCP: Recieved 36 bytes from socket.
01-09-2018 18:14:16 TCP: Parsing Data....
01-09-2018 18:14:16 TCP: Saving Data Into Database......
01-09-2018 18:14:16 TCP: Successfully Saved To Database......
01-09-2018 18:14:25 TCP: Recieved 36 bytes from socket.
01-09-2018 18:14:25 TCP: Parsing Data....
01-09-2018 18:14:25 TCP: Saving Data Into Database......
01-09-2018 18:14:25 TCP: Successfully Saved To Database......
01-09-2018 18:14:35 TCP: Recieved 36 bytes from socket.
01-09-2018 18:14:35 TCP: Parsing Data....
01-09-2018 18:14:35 TCP: Saving Data Into Database......
01-09-2018 18:14:35 TCP: Successfully Saved To Database......
01-09-2018 18:14:45 TCP: Recieved 36 bytes from socket.
01-09-2018 18:14:45 TCP: Parsing Data....
01-09-2018 18:14:45 TCP: Saving Data Into Database......
01-09-2018 18:14:45 TCP: Successfully Saved To Database......
01-09-2018 18:14:55 TCP: Recieved 36 bytes from socket.
01-09-2018 18:14:55 TCP: Parsing Data....
01-09-2018 18:14:55 TCP: Saving Data Into Database......
01-09-2018 18:14:55 TCP: Successfully Saved To Database......
01-09-2018 18:15:05 TCP: Recieved 36 bytes from socket.
01-09-2018 18:15:14 TCP: Parsing Data....
01-09-2018 18:15:14 TCP: Saving Data Into Database......
01-09-2018 18:15:14 TCP: Successfully Saved To Database......
01-09-2018 18:15:15 TCP: Recieved 36 bytes from socket.
01-09-2018 18:15:15 TCP: Parsing Data....
01-09-2018 18:15:15 TCP: Saving Data Into Database......
01-09-2018 18:15:15 TCP: Successfully Saved To Database......
01-09-2018 18:15:25 TCP: Recieved 36 bytes from socket.
01-09-2018 18:15:25 TCP: Parsing Data....
01-09-2018 18:15:25 TCP: Saving Data Into Database......
01-09-2018 18:15:25 TCP: Successfully Saved To Database......
01-09-2018 18:15:34 TCP: Recieved 36 bytes from socket.
01-09-2018 18:15:42 TCP: Parsing Data....
01-09-2018 18:15:42 TCP: Saving Data Into Database......
01-09-2018 18:15:42 TCP: Successfully Saved To Database......
01-09-2018 18:15:42 TCP: Recieved 15 bytes from socket.
01-09-2018 18:15:42 TCP: Parsing Data....
01-09-2018 18:15:42 TCP: Packet too short.
01-09-2018 18:15:45 TCP: Recieved 36 bytes from socket.
01-09-2018 18:15:45 TCP: Parsing Data....
01-09-2018 18:15:45 TCP: Saving Data Into Database......
01-09-2018 18:15:45 TCP: Successfully Saved To Database......
01-09-2018 18:15:55 TCP: Recieved 36 bytes from socket.
01-09-2018 18:15:57 TCP: Parsing Data....
01-09-2018 18:15:57 TCP: Saving Data Into Database......
01-09-2018 18:15:57 TCP: Successfully Saved To Database......
01-09-2018 18:16:04 TCP: Recieved 36 bytes from socket.
01-09-2018 18:16:04 TCP: Parsing Data....
01-09-2018 18:16:04 TCP: Saving Data Into Database......
01-09-2018 18:16:05 TCP: Successfully Saved To Database......
01-09-2018 18:16:14 TCP: Recieved 36 bytes from socket.
01-09-2018 18:16:14 TCP: Parsing Data....
01-09-2018 18:16:14 TCP: Saving Data Into Database......
01-09-2018 18:16:14 TCP: Successfully Saved To Database......
01-09-2018 18:16:24 TCP: Recieved 36 bytes from socket.
01-09-2018 18:16:24 TCP: Parsing Data....
01-09-2018 18:16:24 TCP: Saving Data Into Database......
01-09-2018 18:16:24 TCP: Successfully Saved To Database......
01-09-2018 18:16:35 TCP: Recieved 36 bytes from socket.
01-09-2018 18:16:35 TCP: Parsing Data....
01-09-2018 18:16:35 TCP: Saving Data Into Database......
01-09-2018 18:16:35 TCP: Successfully Saved To Database......
01-09-2018 18:16:44 TCP: Recieved 36 bytes from socket.
01-09-2018 18:16:44 TCP: Parsing Data....
01-09-2018 18:16:44 TCP: Saving Data Into Database......
01-09-2018 18:16:45 TCP: Successfully Saved To Database......
01-09-2018 18:16:54 TCP: Recieved 36 bytes from socket.
01-09-2018 18:16:54 TCP: Parsing Data....
01-09-2018 18:16:54 TCP: Saving Data Into Database......
01-09-2018 18:16:54 TCP: Successfully Saved To Database......
01-09-2018 18:17:04 TCP: Recieved 36 bytes from socket.
01-09-2018 18:17:04 TCP: Parsing Data....
01-09-2018 18:17:04 TCP: Saving Data Into Database......
01-09-2018 18:17:04 TCP: Successfully Saved To Database......
01-09-2018 18:17:05 TCP: Recieved 15 bytes from socket.
01-09-2018 18:17:05 TCP: Parsing Data....
01-09-2018 18:17:05 TCP: Packet too short.
01-09-2018 18:17:14 TCP: Recieved 36 bytes from socket.
01-09-2018 18:17:14 TCP: Parsing Data....
01-09-2018 18:17:14 TCP: Saving Data Into Database......
01-09-2018 18:17:14 TCP: Successfully Saved To Database......
