10-09-2018 18:41:06 UDP: Started listening at port 8414
10-09-2018 18:41:06 TCP: Started listening at port 10025
10-09-2018 18:41:06 TCP Output Control: System.Net.Sockets.SocketException (0x80004005): Only one usage of each socket address (protocol/network address/port) is normally permitted
   at System.Net.Sockets.Socket.DoBind(EndPoint endPointSnapshot, SocketAddress socketAddress)
   at System.Net.Sockets.Socket.Bind(EndPoint localEP)
   at ExampleService.TCPOutputControl.Start() in C:\Users\Abuzar\Desktop\27-08-2018\ExampleService\TCPOutputControl.cs:line 68
10-09-2018 18:41:06 TCP Output Control: Error in confirmation checker.
10-09-2018 18:41:06 TCP Output Control: System.InvalidOperationException: ExecuteNonQuery requires the command to have a transaction when the connection assigned to the command is in a pending local transaction.  The Transaction property of the command has not been initialized.
   at System.Data.SqlClient.SqlCommand.ValidateCommand(String method, Boolean async)
   at System.Data.SqlClient.SqlCommand.InternalExecuteNonQuery(TaskCompletionSource`1 completion, String methodName, Boolean sendToPipe, Int32 timeout, Boolean& usedCache, Boolean asyncWrite, Boolean inRetry)
   at System.Data.SqlClient.SqlCommand.ExecuteNonQuery()
   at ExampleService.DataAccess.MSSqlDataAccess.OutputUpdate(Int32 id, Byte status) in C:\Users\Abuzar\Desktop\27-08-2018\ExampleService\DataAccess\MSSqlDataAccess.cs:line 540
   at ExampleService.DataAccess.MSSqlDataAccess.CheckConfirmationExpirations() in C:\Users\Abuzar\Desktop\27-08-2018\ExampleService\DataAccess\MSSqlDataAccess.cs:line 561
   at ExampleService.TCPOutputControl.CheckConfirmationExpiration() in C:\Users\Abuzar\Desktop\27-08-2018\ExampleService\TCPOutputControl.cs:line 313
10-09-2018 18:41:10 TCP: Got new connection: 49.15.20.95:11190
10-09-2018 18:41:11 TCP: Recieved 18 bytes from socket.
10-09-2018 18:41:11 TCP: Parsing Data....
10-09-2018 18:41:11 TCP: Parsing Data....
10-09-2018 18:41:14 TCP: Recieved 15 bytes from socket.
10-09-2018 18:41:14 TCP: Parsing Data....
10-09-2018 18:41:15 TCP: Recieved 36 bytes from socket.
10-09-2018 18:41:15 TCP: Parsing Data....
10-09-2018 18:41:15 TCP: Saving Data Into Database......
10-09-2018 18:41:21 TCP: Recieved 15 bytes from socket.
10-09-2018 18:41:21 TCP: Parsing Data....
10-09-2018 18:41:25 TCP: Recieved 36 bytes from socket.
10-09-2018 18:41:25 TCP: Parsing Data....
10-09-2018 18:41:25 TCP: Saving Data Into Database......
10-09-2018 18:41:27 TCP: Recieved 36 bytes from socket.
10-09-2018 18:41:27 TCP: Parsing Data....
10-09-2018 18:41:27 TCP: Saving Data Into Database......
10-09-2018 18:41:30 TCP: Recieved 36 bytes from socket.
10-09-2018 18:41:30 TCP: Parsing Data....
10-09-2018 18:41:30 TCP: Saving Data Into Database......
10-09-2018 18:41:33 TCP: Recieved 36 bytes from socket.
10-09-2018 18:41:33 TCP: Parsing Data....
10-09-2018 18:41:33 TCP: Saving Data Into Database......
10-09-2018 18:41:36 TCP: Recieved 36 bytes from socket.
10-09-2018 18:41:36 TCP: Parsing Data....
10-09-2018 18:41:36 TCP: Saving Data Into Database......
10-09-2018 18:41:40 TCP: Recieved 36 bytes from socket.
10-09-2018 18:41:40 TCP: Parsing Data....
10-09-2018 18:41:40 TCP: Saving Data Into Database......
10-09-2018 18:41:43 TCP: Recieved 36 bytes from socket.
10-09-2018 18:41:43 TCP: Parsing Data....
10-09-2018 18:41:43 TCP: Saving Data Into Database......
10-09-2018 18:41:45 TCP: Recieved 36 bytes from socket.
10-09-2018 18:41:45 TCP: Parsing Data....
10-09-2018 18:41:45 TCP: Saving Data Into Database......
10-09-2018 18:41:48 TCP: Recieved 36 bytes from socket.
10-09-2018 18:41:48 TCP: Parsing Data....
10-09-2018 18:41:48 TCP: Saving Data Into Database......
10-09-2018 18:41:52 TCP: Recieved 36 bytes from socket.
10-09-2018 18:41:52 TCP: Parsing Data....
10-09-2018 18:41:52 TCP: Saving Data Into Database......
10-09-2018 18:41:54 TCP: Recieved 36 bytes from socket.
10-09-2018 18:41:54 TCP: Parsing Data....
10-09-2018 18:41:54 TCP: Saving Data Into Database......
10-09-2018 18:41:57 TCP: Recieved 36 bytes from socket.
10-09-2018 18:41:57 TCP: Parsing Data....
10-09-2018 18:41:57 TCP: Saving Data Into Database......
10-09-2018 18:42:00 TCP: Recieved 9 bytes from socket.
10-09-2018 18:42:00 TCP: Parsing Data....
10-09-2018 18:42:00 TCP: Packet too short.
10-09-2018 18:42:03 TCP: Recieved 27 bytes from socket.
10-09-2018 18:42:03 TCP: Parsing Data....
10-09-2018 18:42:06 TCP: Recieved 9 bytes from socket.
10-09-2018 18:42:06 TCP: Parsing Data....
10-09-2018 18:42:06 TCP: Packet too short.
10-09-2018 18:42:09 TCP: Recieved 27 bytes from socket.
10-09-2018 18:42:09 TCP: Parsing Data....
10-09-2018 18:42:12 TCP: Recieved 9 bytes from socket.
10-09-2018 18:42:12 TCP: Parsing Data....
10-09-2018 18:42:12 TCP: Packet too short.
10-09-2018 18:42:15 TCP: Recieved 27 bytes from socket.
10-09-2018 18:42:15 TCP: Parsing Data....
10-09-2018 18:42:18 TCP: Recieved 36 bytes from socket.
10-09-2018 18:42:18 TCP: Parsing Data....
10-09-2018 18:42:18 TCP: Saving Data Into Database......
10-09-2018 18:42:21 TCP: Recieved 36 bytes from socket.
10-09-2018 18:42:21 TCP: Parsing Data....
10-09-2018 18:42:21 TCP: Saving Data Into Database......
10-09-2018 18:42:24 TCP: Recieved 36 bytes from socket.
10-09-2018 18:42:24 TCP: Parsing Data....
10-09-2018 18:42:24 TCP: Saving Data Into Database......
10-09-2018 18:42:27 TCP: Recieved 36 bytes from socket.
10-09-2018 18:42:27 TCP: Parsing Data....
10-09-2018 18:42:27 TCP: Saving Data Into Database......
10-09-2018 18:42:27 TCP: Successfully Saved To Database......
10-09-2018 18:42:31 TCP: Recieved 36 bytes from socket.
10-09-2018 18:42:31 TCP: Parsing Data....
10-09-2018 18:42:31 TCP: Saving Data Into Database......
10-09-2018 18:42:31 TCP: Successfully Saved To Database......
10-09-2018 18:42:34 TCP: Recieved 36 bytes from socket.
10-09-2018 18:42:34 TCP: Parsing Data....
10-09-2018 18:42:34 TCP: Saving Data Into Database......
10-09-2018 18:42:34 TCP: Successfully Saved To Database......
10-09-2018 18:42:35 TCP: Recieved 36 bytes from socket.
10-09-2018 18:42:35 TCP: Parsing Data....
10-09-2018 18:42:35 TCP: Saving Data Into Database......
10-09-2018 18:42:35 TCP: Successfully Saved To Database......
10-09-2018 18:42:40 TCP: Recieved 15 bytes from socket.
10-09-2018 18:42:40 TCP: Parsing Data....
10-09-2018 18:42:46 TCP: Recieved 36 bytes from socket.
10-09-2018 18:42:46 TCP: Parsing Data....
10-09-2018 18:42:46 TCP: Saving Data Into Database......
10-09-2018 18:42:46 TCP: Successfully Saved To Database......
10-09-2018 18:42:55 TCP: Recieved 36 bytes from socket.
10-09-2018 18:42:55 TCP: Parsing Data....
10-09-2018 18:42:55 TCP: Saving Data Into Database......
10-09-2018 18:42:55 TCP: Successfully Saved To Database......
10-09-2018 18:43:05 TCP: Recieved 36 bytes from socket.
10-09-2018 18:43:05 TCP: Parsing Data....
10-09-2018 18:43:05 TCP: Saving Data Into Database......
10-09-2018 18:43:05 TCP: Successfully Saved To Database......
10-09-2018 18:43:15 TCP: Recieved 36 bytes from socket.
10-09-2018 18:43:15 TCP: Parsing Data....
10-09-2018 18:43:15 TCP: Saving Data Into Database......
10-09-2018 18:43:15 TCP: Successfully Saved To Database......
10-09-2018 18:43:25 TCP: Recieved 36 bytes from socket.
10-09-2018 18:43:25 TCP: Parsing Data....
10-09-2018 18:43:25 TCP: Saving Data Into Database......
10-09-2018 18:43:25 TCP: Successfully Saved To Database......
10-09-2018 18:43:42 TCP: Recieved 36 bytes from socket.
10-09-2018 18:43:42 TCP: Parsing Data....
10-09-2018 18:43:42 TCP: Saving Data Into Database......
10-09-2018 18:43:42 TCP: Successfully Saved To Database......
10-09-2018 18:43:46 TCP: Recieved 36 bytes from socket.
10-09-2018 18:43:46 TCP: Parsing Data....
10-09-2018 18:43:46 TCP: Saving Data Into Database......
10-09-2018 18:43:46 TCP: Successfully Saved To Database......
10-09-2018 18:43:55 TCP: Recieved 36 bytes from socket.
10-09-2018 18:43:55 TCP: Parsing Data....
10-09-2018 18:43:55 TCP: Saving Data Into Database......
10-09-2018 18:43:55 TCP: Successfully Saved To Database......
10-09-2018 18:44:07 TCP: Recieved 36 bytes from socket.
10-09-2018 18:44:07 TCP: Parsing Data....
10-09-2018 18:44:07 TCP: Saving Data Into Database......
10-09-2018 18:44:07 TCP: Successfully Saved To Database......
10-09-2018 18:44:11 TCP: Recieved 15 bytes from socket.
10-09-2018 18:44:11 TCP: Parsing Data....
10-09-2018 18:44:15 TCP: Recieved 36 bytes from socket.
10-09-2018 18:44:15 TCP: Parsing Data....
10-09-2018 18:44:15 TCP: Saving Data Into Database......
10-09-2018 18:44:15 TCP: Successfully Saved To Database......
10-09-2018 18:44:34 TCP: Recieved 36 bytes from socket.
10-09-2018 18:44:34 TCP: Parsing Data....
10-09-2018 18:44:34 TCP: Saving Data Into Database......
10-09-2018 18:44:34 TCP: Successfully Saved To Database......
10-09-2018 18:44:35 TCP: Recieved 36 bytes from socket.
10-09-2018 18:44:35 TCP: Parsing Data....
10-09-2018 18:44:35 TCP: Saving Data Into Database......
10-09-2018 18:44:35 TCP: Successfully Saved To Database......
10-09-2018 18:44:45 TCP: Recieved 36 bytes from socket.
10-09-2018 18:44:45 TCP: Parsing Data....
10-09-2018 18:44:45 TCP: Saving Data Into Database......
10-09-2018 18:44:45 TCP: Successfully Saved To Database......
10-09-2018 18:44:56 TCP: Recieved 36 bytes from socket.
10-09-2018 18:44:56 TCP: Parsing Data....
10-09-2018 18:44:56 TCP: Saving Data Into Database......
10-09-2018 18:44:56 TCP: Successfully Saved To Database......
10-09-2018 18:45:05 TCP: Recieved 36 bytes from socket.
10-09-2018 18:45:05 TCP: Parsing Data....
10-09-2018 18:45:05 TCP: Saving Data Into Database......
10-09-2018 18:45:05 TCP: Successfully Saved To Database......
10-09-2018 18:45:15 TCP: Recieved 36 bytes from socket.
10-09-2018 18:45:15 TCP: Parsing Data....
10-09-2018 18:45:15 TCP: Saving Data Into Database......
10-09-2018 18:45:15 TCP: Successfully Saved To Database......
10-09-2018 18:45:25 TCP: Recieved 36 bytes from socket.
10-09-2018 18:45:25 TCP: Parsing Data....
10-09-2018 18:45:25 TCP: Saving Data Into Database......
10-09-2018 18:45:25 TCP: Successfully Saved To Database......
10-09-2018 18:45:35 TCP: Recieved 36 bytes from socket.
10-09-2018 18:45:35 TCP: Parsing Data....
10-09-2018 18:45:35 TCP: Saving Data Into Database......
10-09-2018 18:45:35 TCP: Successfully Saved To Database......
10-09-2018 19:34:44 TCP: Got new connection: 106.78.162.80:49393
10-09-2018 19:34:45 TCP: Recieved 18 bytes from socket.
10-09-2018 19:34:45 TCP: Parsing Data....
10-09-2018 19:34:45 TCP: Parsing Data....
10-09-2018 19:34:48 TCP: Recieved 36 bytes from socket.
10-09-2018 19:34:48 TCP: Parsing Data....
10-09-2018 19:34:48 TCP: Saving Data Into Database......
10-09-2018 19:34:49 TCP: Successfully Saved To Database......
10-09-2018 19:34:51 TCP: Recieved 15 bytes from socket.
10-09-2018 19:34:51 TCP: Parsing Data....
10-09-2018 19:34:54 TCP: Recieved 36 bytes from socket.
10-09-2018 19:34:54 TCP: Parsing Data....
10-09-2018 19:34:54 TCP: Saving Data Into Database......
10-09-2018 19:34:54 TCP: Successfully Saved To Database......
10-09-2018 19:35:04 TCP: Recieved 36 bytes from socket.
10-09-2018 19:35:04 TCP: Parsing Data....
10-09-2018 19:35:04 TCP: Saving Data Into Database......
10-09-2018 19:35:04 TCP: Successfully Saved To Database......
10-09-2018 19:35:15 TCP: Recieved 36 bytes from socket.
10-09-2018 19:35:15 TCP: Parsing Data....
10-09-2018 19:35:15 TCP: Saving Data Into Database......
10-09-2018 19:35:15 TCP: Successfully Saved To Database......
10-09-2018 19:35:25 TCP: Recieved 36 bytes from socket.
10-09-2018 19:35:25 TCP: Parsing Data....
10-09-2018 19:35:25 TCP: Saving Data Into Database......
10-09-2018 19:35:25 TCP: Successfully Saved To Database......
10-09-2018 19:35:35 TCP: Recieved 36 bytes from socket.
10-09-2018 19:35:35 TCP: Parsing Data....
10-09-2018 19:35:35 TCP: Saving Data Into Database......
10-09-2018 19:35:35 TCP: Successfully Saved To Database......
10-09-2018 19:35:45 TCP: Recieved 36 bytes from socket.
10-09-2018 19:35:45 TCP: Parsing Data....
10-09-2018 19:35:45 TCP: Saving Data Into Database......
10-09-2018 19:35:45 TCP: Successfully Saved To Database......
10-09-2018 19:36:33 TCP: Recieved 159 bytes from socket.
10-09-2018 19:36:33 TCP: Parsing Data....
10-09-2018 19:36:33 TCP: Saving Data Into Database......
10-09-2018 19:36:33 TCP: Successfully Saved To Database......
10-09-2018 19:36:33 TCP: Saving Data Into Database......
10-09-2018 19:36:33 TCP: Successfully Saved To Database......
10-09-2018 19:36:33 TCP: Saving Data Into Database......
10-09-2018 19:36:33 TCP: Successfully Saved To Database......
10-09-2018 19:36:33 TCP: Saving Data Into Database......
10-09-2018 19:36:33 TCP: Successfully Saved To Database......
10-09-2018 19:36:34 TCP: Recieved 36 bytes from socket.
10-09-2018 19:36:34 TCP: Parsing Data....
10-09-2018 19:36:34 TCP: Saving Data Into Database......
10-09-2018 19:36:34 TCP: Successfully Saved To Database......
10-09-2018 19:36:44 TCP: Recieved 36 bytes from socket.
10-09-2018 19:36:44 TCP: Parsing Data....
10-09-2018 19:36:44 TCP: Saving Data Into Database......
10-09-2018 19:36:44 TCP: Successfully Saved To Database......
10-09-2018 19:36:54 TCP: Recieved 36 bytes from socket.
10-09-2018 19:36:54 TCP: Parsing Data....
10-09-2018 19:36:54 TCP: Saving Data Into Database......
10-09-2018 19:36:54 TCP: Successfully Saved To Database......
10-09-2018 19:37:04 TCP: Recieved 36 bytes from socket.
10-09-2018 19:37:04 TCP: Parsing Data....
10-09-2018 19:37:04 TCP: Saving Data Into Database......
10-09-2018 19:37:04 TCP: Successfully Saved To Database......
10-09-2018 19:37:14 TCP: Recieved 36 bytes from socket.
10-09-2018 19:37:14 TCP: Parsing Data....
10-09-2018 19:37:14 TCP: Saving Data Into Database......
10-09-2018 19:37:14 TCP: Successfully Saved To Database......
10-09-2018 19:37:24 TCP: Recieved 36 bytes from socket.
10-09-2018 19:37:24 TCP: Parsing Data....
10-09-2018 19:37:24 TCP: Saving Data Into Database......
10-09-2018 19:37:24 TCP: Successfully Saved To Database......
10-09-2018 19:37:35 TCP: Recieved 36 bytes from socket.
10-09-2018 19:37:35 TCP: Parsing Data....
10-09-2018 19:37:35 TCP: Saving Data Into Database......
10-09-2018 19:37:35 TCP: Successfully Saved To Database......
10-09-2018 19:37:45 TCP: Recieved 36 bytes from socket.
10-09-2018 19:37:45 TCP: Parsing Data....
10-09-2018 19:37:45 TCP: Saving Data Into Database......
10-09-2018 19:37:45 TCP: Successfully Saved To Database......
10-09-2018 19:37:46 TCP: Recieved 15 bytes from socket.
10-09-2018 19:37:46 TCP: Parsing Data....
10-09-2018 19:38:35 TCP: Got new connection: 106.77.38.49:31719
10-09-2018 19:38:36 TCP: Recieved 18 bytes from socket.
10-09-2018 19:38:36 TCP: Parsing Data....
10-09-2018 19:38:36 TCP: Parsing Data....
10-09-2018 19:38:39 TCP: Recieved 15 bytes from socket.
10-09-2018 19:38:39 TCP: Parsing Data....
10-09-2018 19:38:42 TCP: Recieved 36 bytes from socket.
10-09-2018 19:38:42 TCP: Parsing Data....
10-09-2018 19:38:42 TCP: Saving Data Into Database......
10-09-2018 19:38:42 TCP: Successfully Saved To Database......
10-09-2018 19:38:47 TCP: Recieved 36 bytes from socket.
10-09-2018 19:38:47 TCP: Parsing Data....
10-09-2018 19:38:47 TCP: Saving Data Into Database......
10-09-2018 19:38:47 TCP: Successfully Saved To Database......
10-09-2018 19:38:58 TCP: Recieved 36 bytes from socket.
10-09-2018 19:38:58 TCP: Parsing Data....
10-09-2018 19:38:59 TCP: Recieved 36 bytes from socket.
10-09-2018 19:38:59 TCP: Parsing Data....
10-09-2018 19:38:59 TCP: Saving Data Into Database......
10-09-2018 19:38:59 TCP: Successfully Saved To Database......
10-09-2018 19:39:24 TCP: Recieved 36 bytes from socket.
10-09-2018 19:39:24 TCP: Parsing Data....
10-09-2018 19:39:24 TCP: Saving Data Into Database......
10-09-2018 19:39:24 TCP: Successfully Saved To Database......
10-09-2018 19:39:25 TCP: Recieved 36 bytes from socket.
10-09-2018 19:39:25 TCP: Parsing Data....
10-09-2018 19:39:25 TCP: Saving Data Into Database......
10-09-2018 19:39:25 TCP: Successfully Saved To Database......
10-09-2018 19:39:29 TCP: Recieved 36 bytes from socket.
10-09-2018 19:39:29 TCP: Parsing Data....
10-09-2018 19:39:29 TCP: Saving Data Into Database......
10-09-2018 19:39:29 TCP: Successfully Saved To Database......
10-09-2018 19:39:39 TCP: Recieved 36 bytes from socket.
10-09-2018 19:39:39 TCP: Parsing Data....
10-09-2018 19:39:39 TCP: Saving Data Into Database......
10-09-2018 19:39:39 TCP: Successfully Saved To Database......
10-09-2018 19:39:50 TCP: Recieved 36 bytes from socket.
10-09-2018 19:39:50 TCP: Parsing Data....
10-09-2018 19:39:50 TCP: Saving Data Into Database......
10-09-2018 19:39:50 TCP: Successfully Saved To Database......
10-09-2018 19:40:00 TCP: Recieved 36 bytes from socket.
10-09-2018 19:40:00 TCP: Parsing Data....
10-09-2018 19:40:00 TCP: Saving Data Into Database......
10-09-2018 19:40:00 TCP: Successfully Saved To Database......
10-09-2018 19:40:08 TCP: Recieved 15 bytes from socket.
10-09-2018 19:40:08 TCP: Parsing Data....
10-09-2018 19:40:13 TCP: Recieved 36 bytes from socket.
10-09-2018 19:40:13 TCP: Parsing Data....
10-09-2018 19:40:13 TCP: Saving Data Into Database......
10-09-2018 19:40:13 TCP: Successfully Saved To Database......
10-09-2018 19:40:20 TCP: Recieved 36 bytes from socket.
10-09-2018 19:40:20 TCP: Parsing Data....
10-09-2018 19:40:20 TCP: Saving Data Into Database......
10-09-2018 19:40:20 TCP: Successfully Saved To Database......
10-09-2018 19:40:30 TCP: Recieved 36 bytes from socket.
10-09-2018 19:40:30 TCP: Parsing Data....
10-09-2018 19:40:30 TCP: Saving Data Into Database......
10-09-2018 19:40:31 TCP: Successfully Saved To Database......
10-09-2018 19:40:40 TCP: Recieved 36 bytes from socket.
10-09-2018 19:40:40 TCP: Parsing Data....
10-09-2018 19:40:40 TCP: Saving Data Into Database......
10-09-2018 19:40:40 TCP: Successfully Saved To Database......
10-09-2018 19:40:49 TCP: Recieved 36 bytes from socket.
10-09-2018 19:40:49 TCP: Parsing Data....
10-09-2018 19:40:49 TCP: Saving Data Into Database......
10-09-2018 19:40:49 TCP: Successfully Saved To Database......
10-09-2018 19:40:59 TCP: Recieved 36 bytes from socket.
10-09-2018 19:40:59 TCP: Parsing Data....
10-09-2018 19:40:59 TCP: Saving Data Into Database......
10-09-2018 19:40:59 TCP: Successfully Saved To Database......
10-09-2018 19:41:09 TCP: Recieved 36 bytes from socket.
10-09-2018 19:41:09 TCP: Parsing Data....
10-09-2018 19:41:09 TCP: Saving Data Into Database......
10-09-2018 19:41:09 TCP: Successfully Saved To Database......
10-09-2018 19:41:19 TCP: Recieved 36 bytes from socket.
10-09-2018 19:41:19 TCP: Parsing Data....
10-09-2018 19:41:19 TCP: Saving Data Into Database......
10-09-2018 19:41:19 TCP: Successfully Saved To Database......
10-09-2018 19:41:29 TCP: Recieved 36 bytes from socket.
10-09-2018 19:41:29 TCP: Parsing Data....
10-09-2018 19:41:29 TCP: Saving Data Into Database......
10-09-2018 19:41:29 TCP: Successfully Saved To Database......
10-09-2018 19:41:36 TCP: Recieved 15 bytes from socket.
10-09-2018 19:41:36 TCP: Parsing Data....
10-09-2018 19:41:39 TCP: Recieved 36 bytes from socket.
10-09-2018 19:41:39 TCP: Parsing Data....
10-09-2018 19:41:39 TCP: Saving Data Into Database......
10-09-2018 19:41:39 TCP: Successfully Saved To Database......
10-09-2018 19:41:49 TCP: Recieved 36 bytes from socket.
10-09-2018 19:41:49 TCP: Parsing Data....
10-09-2018 19:41:49 TCP: Saving Data Into Database......
10-09-2018 19:41:49 TCP: Successfully Saved To Database......
10-09-2018 19:41:59 TCP: Recieved 36 bytes from socket.
10-09-2018 19:41:59 TCP: Parsing Data....
10-09-2018 19:41:59 TCP: Saving Data Into Database......
10-09-2018 19:41:59 TCP: Successfully Saved To Database......
10-09-2018 19:42:09 TCP: Recieved 36 bytes from socket.
10-09-2018 19:42:09 TCP: Parsing Data....
10-09-2018 19:42:09 TCP: Saving Data Into Database......
10-09-2018 19:42:09 TCP: Successfully Saved To Database......
10-09-2018 19:42:19 TCP: Recieved 36 bytes from socket.
10-09-2018 19:42:19 TCP: Parsing Data....
10-09-2018 19:42:19 TCP: Saving Data Into Database......
10-09-2018 19:42:19 TCP: Successfully Saved To Database......
10-09-2018 19:42:30 TCP: Recieved 36 bytes from socket.
10-09-2018 19:42:30 TCP: Parsing Data....
10-09-2018 19:42:30 TCP: Saving Data Into Database......
10-09-2018 19:42:31 TCP: Successfully Saved To Database......
10-09-2018 19:42:45 TCP: Recieved 36 bytes from socket.
10-09-2018 19:42:45 TCP: Parsing Data....
10-09-2018 19:42:45 TCP: Saving Data Into Database......
10-09-2018 19:42:45 TCP: Successfully Saved To Database......
10-09-2018 19:42:50 TCP: Recieved 36 bytes from socket.
10-09-2018 19:42:50 TCP: Parsing Data....
10-09-2018 19:42:50 TCP: Saving Data Into Database......
10-09-2018 19:42:50 TCP: Successfully Saved To Database......
10-09-2018 19:42:59 TCP: Recieved 36 bytes from socket.
10-09-2018 19:42:59 TCP: Parsing Data....
10-09-2018 19:42:59 TCP: Saving Data Into Database......
10-09-2018 19:42:59 TCP: Successfully Saved To Database......
10-09-2018 19:43:06 TCP: Got new connection: 106.77.38.49:3691
10-09-2018 19:43:07 TCP: Recieved 18 bytes from socket.
10-09-2018 19:43:07 TCP: Parsing Data....
10-09-2018 19:43:07 TCP: Parsing Data....
10-09-2018 19:43:10 TCP: Recieved 15 bytes from socket.
10-09-2018 19:43:10 TCP: Parsing Data....
10-09-2018 19:43:14 TCP: Recieved 36 bytes from socket.
10-09-2018 19:43:14 TCP: Parsing Data....
10-09-2018 19:43:14 TCP: Saving Data Into Database......
10-09-2018 19:43:14 TCP: Successfully Saved To Database......
10-09-2018 19:43:21 TCP: Recieved 36 bytes from socket.
10-09-2018 19:43:21 TCP: Parsing Data....
10-09-2018 19:43:21 TCP: Saving Data Into Database......
10-09-2018 19:43:21 TCP: Successfully Saved To Database......
10-09-2018 19:43:29 TCP: Recieved 36 bytes from socket.
10-09-2018 19:43:29 TCP: Parsing Data....
10-09-2018 19:43:29 TCP: Saving Data Into Database......
10-09-2018 19:43:29 TCP: Successfully Saved To Database......
10-09-2018 19:43:39 TCP: Recieved 36 bytes from socket.
10-09-2018 19:43:39 TCP: Parsing Data....
10-09-2018 19:43:39 TCP: Saving Data Into Database......
10-09-2018 19:43:39 TCP: Successfully Saved To Database......
10-09-2018 19:43:49 TCP: Recieved 36 bytes from socket.
10-09-2018 19:43:49 TCP: Parsing Data....
10-09-2018 19:43:49 TCP: Saving Data Into Database......
10-09-2018 19:43:49 TCP: Successfully Saved To Database......
10-09-2018 20:17:53 TCP: Got new connection: 49.15.17.162:34777
10-09-2018 20:17:54 TCP: Recieved 18 bytes from socket.
10-09-2018 20:17:54 TCP: Parsing Data....
10-09-2018 20:17:54 TCP: Parsing Data....
10-09-2018 20:17:57 TCP: Recieved 15 bytes from socket.
10-09-2018 20:17:57 TCP: Parsing Data....
10-09-2018 20:18:00 TCP: Recieved 36 bytes from socket.
10-09-2018 20:18:00 TCP: Parsing Data....
10-09-2018 20:18:00 TCP: Saving Data Into Database......
10-09-2018 20:18:00 TCP: Successfully Saved To Database......
10-09-2018 20:18:04 TCP: Recieved 36 bytes from socket.
10-09-2018 20:18:04 TCP: Parsing Data....
10-09-2018 20:18:04 TCP: Saving Data Into Database......
10-09-2018 20:18:04 TCP: Successfully Saved To Database......
10-09-2018 20:18:15 TCP: Recieved 36 bytes from socket.
10-09-2018 20:18:15 TCP: Parsing Data....
10-09-2018 20:18:15 TCP: Saving Data Into Database......
10-09-2018 20:18:15 TCP: Successfully Saved To Database......
10-09-2018 20:18:24 TCP: Recieved 36 bytes from socket.
10-09-2018 20:18:24 TCP: Parsing Data....
10-09-2018 20:18:24 TCP: Saving Data Into Database......
10-09-2018 20:18:24 TCP: Successfully Saved To Database......
10-09-2018 20:18:34 TCP: Recieved 36 bytes from socket.
10-09-2018 20:18:34 TCP: Parsing Data....
10-09-2018 20:18:34 TCP: Saving Data Into Database......
10-09-2018 20:18:34 TCP: Successfully Saved To Database......
10-09-2018 20:18:44 TCP: Recieved 36 bytes from socket.
10-09-2018 20:18:44 TCP: Parsing Data....
10-09-2018 20:18:44 TCP: Saving Data Into Database......
10-09-2018 20:18:44 TCP: Successfully Saved To Database......
10-09-2018 20:18:54 TCP: Recieved 36 bytes from socket.
10-09-2018 20:18:54 TCP: Parsing Data....
10-09-2018 20:18:54 TCP: Saving Data Into Database......
10-09-2018 20:18:54 TCP: Successfully Saved To Database......
10-09-2018 20:19:04 TCP: Recieved 36 bytes from socket.
10-09-2018 20:19:04 TCP: Parsing Data....
10-09-2018 20:19:04 TCP: Saving Data Into Database......
10-09-2018 20:19:04 TCP: Successfully Saved To Database......
10-09-2018 20:19:14 TCP: Recieved 36 bytes from socket.
10-09-2018 20:19:14 TCP: Parsing Data....
10-09-2018 20:19:14 TCP: Saving Data Into Database......
10-09-2018 20:19:14 TCP: Successfully Saved To Database......
10-09-2018 20:19:24 TCP: Recieved 15 bytes from socket.
10-09-2018 20:19:24 TCP: Parsing Data....
10-09-2018 20:19:28 TCP: Recieved 36 bytes from socket.
10-09-2018 20:19:28 TCP: Parsing Data....
10-09-2018 20:19:28 TCP: Saving Data Into Database......
10-09-2018 20:19:28 TCP: Successfully Saved To Database......
10-09-2018 20:19:34 TCP: Recieved 36 bytes from socket.
10-09-2018 20:19:34 TCP: Parsing Data....
10-09-2018 20:19:34 TCP: Saving Data Into Database......
10-09-2018 20:19:34 TCP: Successfully Saved To Database......
10-09-2018 20:19:44 TCP: Recieved 36 bytes from socket.
10-09-2018 20:19:44 TCP: Parsing Data....
10-09-2018 20:19:44 TCP: Saving Data Into Database......
10-09-2018 20:19:45 TCP: Successfully Saved To Database......
10-09-2018 20:19:54 TCP: Recieved 36 bytes from socket.
10-09-2018 20:19:54 TCP: Parsing Data....
10-09-2018 20:19:54 TCP: Saving Data Into Database......
10-09-2018 20:19:54 TCP: Successfully Saved To Database......
10-09-2018 20:20:04 TCP: Recieved 36 bytes from socket.
10-09-2018 20:20:04 TCP: Parsing Data....
10-09-2018 20:20:04 TCP: Saving Data Into Database......
10-09-2018 20:20:04 TCP: Successfully Saved To Database......
10-09-2018 20:20:10 TCP: Recieved 36 bytes from socket.
10-09-2018 20:20:10 TCP: Parsing Data....
10-09-2018 20:20:10 TCP: Saving Data Into Database......
10-09-2018 20:20:10 TCP: Successfully Saved To Database......
10-09-2018 20:20:20 TCP: Recieved 36 bytes from socket.
10-09-2018 20:20:20 TCP: Parsing Data....
10-09-2018 20:20:20 TCP: Saving Data Into Database......
10-09-2018 20:20:20 TCP: Successfully Saved To Database......
10-09-2018 20:20:30 TCP: Recieved 36 bytes from socket.
10-09-2018 20:20:30 TCP: Parsing Data....
10-09-2018 20:20:30 TCP: Saving Data Into Database......
10-09-2018 20:20:30 TCP: Successfully Saved To Database......
10-09-2018 20:20:40 TCP: Recieved 36 bytes from socket.
10-09-2018 20:20:40 TCP: Parsing Data....
10-09-2018 20:20:40 TCP: Saving Data Into Database......
10-09-2018 20:20:40 TCP: Successfully Saved To Database......
10-09-2018 20:20:50 TCP: Recieved 36 bytes from socket.
10-09-2018 20:20:50 TCP: Parsing Data....
10-09-2018 20:20:50 TCP: Saving Data Into Database......
10-09-2018 20:20:50 TCP: Successfully Saved To Database......
10-09-2018 20:20:53 TCP: Recieved 15 bytes from socket.
10-09-2018 20:20:53 TCP: Parsing Data....
10-09-2018 20:21:01 TCP: Recieved 36 bytes from socket.
10-09-2018 20:21:01 TCP: Parsing Data....
10-09-2018 20:21:01 TCP: Saving Data Into Database......
10-09-2018 20:21:01 TCP: Successfully Saved To Database......
10-09-2018 20:21:11 TCP: Recieved 36 bytes from socket.
10-09-2018 20:21:11 TCP: Parsing Data....
10-09-2018 20:21:11 TCP: Saving Data Into Database......
10-09-2018 20:21:11 TCP: Successfully Saved To Database......
10-09-2018 20:21:21 TCP: Recieved 36 bytes from socket.
10-09-2018 20:21:21 TCP: Parsing Data....
10-09-2018 20:21:21 TCP: Saving Data Into Database......
10-09-2018 20:21:21 TCP: Successfully Saved To Database......
10-09-2018 20:21:31 TCP: Recieved 36 bytes from socket.
10-09-2018 20:21:31 TCP: Parsing Data....
10-09-2018 20:21:31 TCP: Saving Data Into Database......
10-09-2018 20:21:31 TCP: Successfully Saved To Database......
10-09-2018 20:21:41 TCP: Recieved 36 bytes from socket.
10-09-2018 20:21:41 TCP: Parsing Data....
10-09-2018 20:21:41 TCP: Saving Data Into Database......
10-09-2018 20:21:41 TCP: Successfully Saved To Database......
10-09-2018 20:21:51 TCP: Recieved 36 bytes from socket.
10-09-2018 20:21:51 TCP: Parsing Data....
10-09-2018 20:21:51 TCP: Saving Data Into Database......
10-09-2018 20:21:51 TCP: Successfully Saved To Database......
10-09-2018 20:22:01 TCP: Recieved 36 bytes from socket.
10-09-2018 20:22:01 TCP: Parsing Data....
10-09-2018 20:22:01 TCP: Saving Data Into Database......
10-09-2018 20:22:01 TCP: Successfully Saved To Database......
10-09-2018 20:22:10 TCP: Recieved 36 bytes from socket.
10-09-2018 20:22:10 TCP: Parsing Data....
10-09-2018 20:22:10 TCP: Saving Data Into Database......
10-09-2018 20:22:11 TCP: Successfully Saved To Database......
10-09-2018 20:22:21 TCP: Recieved 36 bytes from socket.
10-09-2018 20:22:21 TCP: Parsing Data....
10-09-2018 20:22:21 TCP: Saving Data Into Database......
10-09-2018 20:22:21 TCP: Successfully Saved To Database......
10-09-2018 20:22:23 TCP: Got new connection: 49.15.17.162:57092
10-09-2018 20:22:25 TCP: Recieved 18 bytes from socket.
10-09-2018 20:22:25 TCP: Parsing Data....
10-09-2018 20:22:25 TCP: Parsing Data....
10-09-2018 20:22:27 TCP: Recieved 15 bytes from socket.
10-09-2018 20:22:27 TCP: Parsing Data....
10-09-2018 20:22:31 TCP: Recieved 36 bytes from socket.
10-09-2018 20:22:31 TCP: Parsing Data....
10-09-2018 20:22:31 TCP: Saving Data Into Database......
10-09-2018 20:22:31 TCP: Successfully Saved To Database......
10-09-2018 20:22:41 TCP: Recieved 36 bytes from socket.
10-09-2018 20:22:41 TCP: Parsing Data....
10-09-2018 20:22:41 TCP: Saving Data Into Database......
10-09-2018 20:22:41 TCP: Successfully Saved To Database......
10-09-2018 20:22:52 TCP: Recieved 36 bytes from socket.
10-09-2018 20:22:52 TCP: Parsing Data....
10-09-2018 20:22:52 TCP: Saving Data Into Database......
10-09-2018 20:22:52 TCP: Successfully Saved To Database......
10-09-2018 20:23:04 TCP: Recieved 36 bytes from socket.
10-09-2018 20:23:04 TCP: Parsing Data....
10-09-2018 20:23:04 TCP: Saving Data Into Database......
10-09-2018 20:23:04 TCP: Successfully Saved To Database......
10-09-2018 20:23:11 TCP: Recieved 36 bytes from socket.
10-09-2018 20:23:11 TCP: Parsing Data....
10-09-2018 20:23:11 TCP: Saving Data Into Database......
10-09-2018 20:23:11 TCP: Successfully Saved To Database......
10-09-2018 20:23:20 TCP: Recieved 36 bytes from socket.
10-09-2018 20:23:20 TCP: Parsing Data....
10-09-2018 20:23:20 TCP: Saving Data Into Database......
10-09-2018 20:23:20 TCP: Successfully Saved To Database......
10-09-2018 20:23:30 TCP: Recieved 36 bytes from socket.
10-09-2018 20:23:30 TCP: Parsing Data....
10-09-2018 20:23:30 TCP: Saving Data Into Database......
10-09-2018 20:23:30 TCP: Successfully Saved To Database......
