31-08-2018 13:03:24 UDP: Started listening at port 8414
31-08-2018 13:03:24 TCP: Started listening at port 10025
31-08-2018 13:03:25 TCP Output Control: Started listening at port 668
31-08-2018 13:03:25 TCP Output Control: Error in confirmation checker.
31-08-2018 13:03:25 TCP Output Control: System.InvalidOperationException: ExecuteNonQuery requires the command to have a transaction when the connection assigned to the command is in a pending local transaction.  The Transaction property of the command has not been initialized.
   at System.Data.SqlClient.SqlCommand.ValidateCommand(String method, Boolean async)
   at System.Data.SqlClient.SqlCommand.InternalExecuteNonQuery(TaskCompletionSource`1 completion, String methodName, Boolean sendToPipe, Int32 timeout, Boolean& usedCache, Boolean asyncWrite, Boolean inRetry)
   at System.Data.SqlClient.SqlCommand.ExecuteNonQuery()
   at ExampleService.DataAccess.MSSqlDataAccess.OutputUpdate(Int32 id, Byte status) in C:\Users\Abuzar\Desktop\27-08-2018\ExampleService\DataAccess\MSSqlDataAccess.cs:line 540
   at ExampleService.DataAccess.MSSqlDataAccess.CheckConfirmationExpirations() in C:\Users\Abuzar\Desktop\27-08-2018\ExampleService\DataAccess\MSSqlDataAccess.cs:line 561
   at ExampleService.TCPOutputControl.CheckConfirmationExpiration() in C:\Users\Abuzar\Desktop\27-08-2018\ExampleService\TCPOutputControl.cs:line 312
31-08-2018 13:03:58 TCP: Got new connection: 42.106.26.15:27889
31-08-2018 13:03:59 TCP: Recieved 18 bytes from socket.
31-08-2018 13:03:59 TCP: Checking for keyword validity.
31-08-2018 13:10:14 TCP: Got new connection: 42.106.26.15:35449
31-08-2018 13:10:14 TCP: Recieved 747 bytes from socket.
31-08-2018 13:10:14 TCP: Checking for keyword validity.
31-08-2018 13:10:29 TCP: Keyword valid. Waiting for data.
31-08-2018 13:10:29 TCP: Keyword valid. Waiting for data.
31-08-2018 13:10:29 TCP: Recieved 1024 bytes from socket.
31-08-2018 13:10:34 TCP: Recieved 72 bytes from socket.
31-08-2018 13:11:19 TCP: Recieved 180 bytes from socket.
31-08-2018 13:11:20 TCP: Checking for keyword validity.
31-08-2018 13:11:36 TCP: Got new connection: 42.106.26.15:2761
31-08-2018 13:11:36 TCP: Keyword valid. Waiting for data.
31-08-2018 13:11:36 TCP: Recieved 69 bytes from socket.
31-08-2018 13:11:37 TCP: Checking for keyword validity.
31-08-2018 13:11:37 TCP: Recieved 36 bytes from socket.
31-08-2018 13:11:38 TCP: Keyword valid. Waiting for data.
31-08-2018 13:11:48 TCP: Recieved 36 bytes from socket.
31-08-2018 13:14:40 TCP: Recieved 36 bytes from socket.
31-08-2018 13:14:40 TCP: Checking for keyword validity.
31-08-2018 13:17:58 TCP: Got new connection: 42.106.26.54:54030
31-08-2018 13:17:58 TCP: Keyword valid. Waiting for data.
31-08-2018 13:17:58 TCP: Recieved 465 bytes from socket.
31-08-2018 13:18:01 TCP: Recieved 894 bytes from socket.
31-08-2018 13:18:03 TCP: Checking for keyword validity.
