08-05-2018 12:31:14 UDP: Started listening at port 667
08-05-2018 12:31:14 TCP: Started listening at port 8414
08-05-2018 12:31:14 TCP Output Control: Started listening at port 668
08-05-2018 12:31:15 TCP: Got new connection: 192.168.0.100:53448
08-05-2018 12:31:16 TCP: Connection broke
08-05-2018 12:31:31 TCP: Recieved 65536 bytes from socket.
08-05-2018 12:32:12 TCP: Checking for keyword validity.
08-05-2018 12:33:35 TCP: Keyword invalid, closing connection.
08-05-2018 12:33:35 TCP: Connection closed.
08-05-2018 12:33:35 TCP Output Control: Error in confirmation checker.
08-05-2018 12:33:35 TCP Output Control: System.IO.IOException: I/O error occurred.
   at Npgsql.NpgsqlState.<ProcessBackendResponses>d__0.MoveNext()
   at Npgsql.NpgsqlState.ProcessAndDiscardBackendResponses(NpgsqlConnector context)
   at Npgsql.NpgsqlConnector.Open()
   at Npgsql.NpgsqlConnectorPool.GetPooledConnector(NpgsqlConnection Connection)
   at Npgsql.NpgsqlConnectorPool.RequestPooledConnectorInternal(NpgsqlConnection Connection)
   at Npgsql.NpgsqlConnectorPool.RequestConnector(NpgsqlConnection Connection)
   at Npgsql.NpgsqlConnection.Open()
   at ExampleService.DataAccess.PostgreSqlDataAccess.Open() in E:\GPS Files\NEW\08-05-2018\05-05-2018 03.00PM\example\source\ExampleService\DataAccess\PostgreSqlDataAccess.cs:line 26
   at ExampleService.TCPOutputControl.CheckConfirmationExpiration() in E:\GPS Files\NEW\08-05-2018\05-05-2018 03.00PM\example\source\ExampleService\TCPOutputControl.cs:line 309
