28-08-2018 16:17:28 UDP: Started listening at port 8414
28-08-2018 16:17:28 TCP: Started listening at port 10025
28-08-2018 16:17:29 TCP Output Control: Started listening at port 668
28-08-2018 16:17:29 TCP Output Control: Error in confirmation checker.
28-08-2018 16:17:29 TCP Output Control: System.InvalidOperationException: ExecuteNonQuery requires the command to have a transaction when the connection assigned to the command is in a pending local transaction.  The Transaction property of the command has not been initialized.
   at System.Data.SqlClient.SqlCommand.ValidateCommand(String method, Boolean async)
   at System.Data.SqlClient.SqlCommand.InternalExecuteNonQuery(TaskCompletionSource`1 completion, String methodName, Boolean sendToPipe, Int32 timeout, Boolean& usedCache, Boolean asyncWrite, Boolean inRetry)
   at System.Data.SqlClient.SqlCommand.ExecuteNonQuery()
   at ExampleService.DataAccess.MSSqlDataAccess.OutputUpdate(Int32 id, Byte status) in C:\Users\Abuzar\Desktop\27-08-2018\ExampleService\DataAccess\MSSqlDataAccess.cs:line 540
   at ExampleService.DataAccess.MSSqlDataAccess.CheckConfirmationExpirations() in C:\Users\Abuzar\Desktop\27-08-2018\ExampleService\DataAccess\MSSqlDataAccess.cs:line 561
   at ExampleService.TCPOutputControl.CheckConfirmationExpiration() in C:\Users\Abuzar\Desktop\27-08-2018\ExampleService\TCPOutputControl.cs:line 312
28-08-2018 16:17:57 TCP: Got new connection: 42.106.17.209:62147
28-08-2018 16:17:59 TCP: Recieved 18 bytes from socket.
28-08-2018 16:17:59 TCP: Checking for keyword validity.
28-08-2018 16:17:59 TCP: Keyword valid. Waiting for data.
28-08-2018 16:18:02 TCP: Recieved 36 bytes from socket.
28-08-2018 16:43:06 TCP: Got new connection: 42.106.17.209:35057
28-08-2018 16:43:06 TCP: Unknown service id = 201 , closing connection.
28-08-2018 16:43:06 TCP: Recieved 1024 bytes from socket.
28-08-2018 16:43:06 TCP: Checking for keyword validity.
28-08-2018 16:43:06 TCP: Got new connection: 42.106.17.209:34458
28-08-2018 16:43:06 TCP: Keyword valid. Waiting for data.
28-08-2018 16:43:06 TCP: Connection closed.
28-08-2018 16:43:06 TCP: Recieved 1024 bytes from socket.
28-08-2018 16:43:06 TCP: Checking for keyword validity.
28-08-2018 16:43:06 TCP: Keyword valid. Waiting for data.
28-08-2018 16:43:06 TCP: Got new connection: 42.106.25.2:15522
28-08-2018 16:43:06 TCP: Recieved 11 bytes from socket.
28-08-2018 16:43:06 TCP: Recieved 47 bytes from socket.
28-08-2018 16:43:06 TCP: Got new connection: 42.106.25.2:43347
28-08-2018 16:43:10 TCP: Unknown service id = 10 , closing connection.
28-08-2018 16:43:11 TCP: Unknown service id = 10 , closing connection.
28-08-2018 16:43:11 TCP: Got new connection: 42.106.25.2:43179
28-08-2018 16:43:10 TCP: Recieved 1024 bytes from socket.
28-08-2018 16:43:11 TCP: Checking for keyword validity.
28-08-2018 16:43:11 TCP: Keyword valid. Waiting for data.
28-08-2018 16:43:11 TCP: Recieved 1024 bytes from socket.
28-08-2018 16:43:11 TCP: Connection closed.
28-08-2018 16:43:11 TCP: Checking for keyword validity.
28-08-2018 16:43:11 TCP: Keyword valid. Waiting for data.
28-08-2018 16:43:11 TCP: Recieved 119 bytes from socket.
28-08-2018 16:43:11 TCP: Recieved 18 bytes from socket.
28-08-2018 16:43:15 TCP: Unknown service id = 10 , closing connection.
28-08-2018 16:43:11 TCP: Connection closed.
28-08-2018 16:43:15 TCP: Recieved 11 bytes from socket.
28-08-2018 16:43:15 TCP: Connection closed.
28-08-2018 16:43:15 TCP: Unknown service id = 10 , closing connection.
28-08-2018 16:43:15 TCP: Checking for keyword validity.
28-08-2018 16:43:16 TCP: Keyword valid. Waiting for data.
28-08-2018 16:43:16 TCP: Connection closed.
