31-08-2018 12:42:24 UDP: Started listening at port 8414
31-08-2018 12:42:24 TCP: Started listening at port 10025
31-08-2018 12:42:24 TCP Output Control: Started listening at port 668
31-08-2018 12:42:25 TCP Output Control: Error in confirmation checker.
31-08-2018 12:42:25 TCP Output Control: System.InvalidOperationException: ExecuteNonQuery requires the command to have a transaction when the connection assigned to the command is in a pending local transaction.  The Transaction property of the command has not been initialized.
   at System.Data.SqlClient.SqlCommand.ValidateCommand(String method, Boolean async)
   at System.Data.SqlClient.SqlCommand.InternalExecuteNonQuery(TaskCompletionSource`1 completion, String methodName, Boolean sendToPipe, Int32 timeout, Boolean& usedCache, Boolean asyncWrite, Boolean inRetry)
   at System.Data.SqlClient.SqlCommand.ExecuteNonQuery()
   at ExampleService.DataAccess.MSSqlDataAccess.OutputUpdate(Int32 id, Byte status) in C:\Users\Abuzar\Desktop\27-08-2018\ExampleService\DataAccess\MSSqlDataAccess.cs:line 540
   at ExampleService.DataAccess.MSSqlDataAccess.CheckConfirmationExpirations() in C:\Users\Abuzar\Desktop\27-08-2018\ExampleService\DataAccess\MSSqlDataAccess.cs:line 561
   at ExampleService.TCPOutputControl.CheckConfirmationExpiration() in C:\Users\Abuzar\Desktop\27-08-2018\ExampleService\TCPOutputControl.cs:line 312
31-08-2018 12:42:34 TCP: Got new connection: 42.106.16.237:14385
31-08-2018 12:42:35 TCP: Recieved 18 bytes from socket.
31-08-2018 12:42:35 TCP: Checking for keyword validity.
31-08-2018 12:42:37 TCP: Keyword valid. Waiting for data.
31-08-2018 12:42:38 TCP: Recieved 15 bytes from socket.
31-08-2018 12:42:39 TCP: Packet too short.
31-08-2018 12:42:42 TCP: Recieved 36 bytes from socket.
31-08-2018 12:42:45 TCP: Recieved 36 bytes from socket.
31-08-2018 12:42:45 TCP: Checking for keyword validity.
31-08-2018 12:42:47 TCP: Keyword valid. Waiting for data.
31-08-2018 12:42:48 TCP: Recieved 36 bytes from socket.
31-08-2018 12:42:53 TCP: Recieved 36 bytes from socket.
31-08-2018 12:42:53 TCP: Checking for keyword validity.
31-08-2018 12:42:55 TCP: Keyword valid. Waiting for data.
31-08-2018 12:42:55 TCP: Recieved 36 bytes from socket.
31-08-2018 12:43:02 TCP: Recieved 72 bytes from socket.
31-08-2018 12:43:02 TCP: Checking for keyword validity.
31-08-2018 12:43:04 TCP: Keyword valid. Waiting for data.
31-08-2018 12:43:12 TCP: Recieved 36 bytes from socket.
31-08-2018 12:43:21 TCP: Recieved 36 bytes from socket.
31-08-2018 12:43:21 TCP: Checking for keyword validity.
31-08-2018 12:43:23 TCP: Keyword valid. Waiting for data.
31-08-2018 12:43:31 TCP: Recieved 36 bytes from socket.
31-08-2018 12:43:41 TCP: Recieved 36 bytes from socket.
31-08-2018 12:43:41 TCP: Checking for keyword validity.
31-08-2018 12:43:43 TCP: Keyword valid. Waiting for data.
31-08-2018 12:43:51 TCP: Recieved 36 bytes from socket.
31-08-2018 12:44:01 TCP: Recieved 36 bytes from socket.
31-08-2018 12:44:01 TCP: Checking for keyword validity.
31-08-2018 12:44:03 TCP: Keyword valid. Waiting for data.
31-08-2018 12:44:05 TCP: Recieved 15 bytes from socket.
31-08-2018 12:44:06 TCP: Packet too short.
31-08-2018 12:44:12 TCP: Recieved 36 bytes from socket.
31-08-2018 12:44:21 TCP: Recieved 36 bytes from socket.
31-08-2018 12:44:21 TCP: Checking for keyword validity.
31-08-2018 12:44:23 TCP: Keyword valid. Waiting for data.
31-08-2018 12:44:31 TCP: Recieved 36 bytes from socket.
31-08-2018 12:44:41 TCP: Recieved 36 bytes from socket.
31-08-2018 12:44:41 TCP: Checking for keyword validity.
31-08-2018 12:44:43 TCP: Keyword valid. Waiting for data.
31-08-2018 12:44:51 TCP: Recieved 36 bytes from socket.
31-08-2018 12:45:01 TCP: Recieved 36 bytes from socket.
31-08-2018 12:45:01 TCP: Checking for keyword validity.
31-08-2018 12:45:19 TCP: Keyword valid. Waiting for data.
31-08-2018 12:45:19 TCP: Recieved 36 bytes from socket.
