14-09-2018 13:22:55 UDP: Started listening at port 8414
14-09-2018 13:22:55 TCP: Started listening at port 10025
14-09-2018 13:22:55 TCP Output Control: Started listening at port 669
14-09-2018 13:22:56 TCP Output Control: Error in confirmation checker.
14-09-2018 13:22:56 TCP Output Control: System.InvalidOperationException: ExecuteNonQuery requires the command to have a transaction when the connection assigned to the command is in a pending local transaction.  The Transaction property of the command has not been initialized.
   at System.Data.SqlClient.SqlCommand.ValidateCommand(String method, Boolean async)
   at System.Data.SqlClient.SqlCommand.InternalExecuteNonQuery(TaskCompletionSource`1 completion, String methodName, Boolean sendToPipe, Int32 timeout, Boolean& usedCache, Boolean asyncWrite, Boolean inRetry)
   at System.Data.SqlClient.SqlCommand.ExecuteNonQuery()
   at ExampleService.DataAccess.MSSqlDataAccess.OutputUpdate(Int32 id, Byte status) in C:\Users\Abuzar\Desktop\2deviceconsole 11-09-2018\GPSIndia\ExampleService\DataAccess\MSSqlDataAccess.cs:line 540
   at ExampleService.DataAccess.MSSqlDataAccess.CheckConfirmationExpirations() in C:\Users\Abuzar\Desktop\2deviceconsole 11-09-2018\GPSIndia\ExampleService\DataAccess\MSSqlDataAccess.cs:line 561
   at ExampleService.TCPOutputControl.CheckConfirmationExpiration() in C:\Users\Abuzar\Desktop\2deviceconsole 11-09-2018\GPSIndia\ExampleService\TCPOutputControl.cs:line 313
14-09-2018 15:24:04 TCP: Got new connection: 106.67.149.9:29626
14-09-2018 15:24:05 TCP: Recieved 18 bytes from socket.
14-09-2018 15:24:05 TCP: Parsing Data....
14-09-2018 15:24:05 TCP: Parsing Data....
14-09-2018 15:24:09 TCP: Recieved 36 bytes from socket.
14-09-2018 15:24:09 TCP: Parsing Data....
14-09-2018 15:24:09 TCP: Saving Data Into Database......
14-09-2018 15:24:09 TCP: Successfully Saved To Database......
14-09-2018 15:24:11 TCP: Recieved 15 bytes from socket.
14-09-2018 15:24:11 TCP: Parsing Data....
14-09-2018 15:24:14 TCP: Recieved 36 bytes from socket.
14-09-2018 15:24:14 TCP: Parsing Data....
14-09-2018 15:24:14 TCP: Saving Data Into Database......
14-09-2018 15:24:14 TCP: Successfully Saved To Database......
14-09-2018 15:24:20 TCP: Recieved 36 bytes from socket.
14-09-2018 15:24:20 TCP: Parsing Data....
14-09-2018 15:24:20 TCP: Saving Data Into Database......
14-09-2018 15:24:20 TCP: Successfully Saved To Database......
14-09-2018 15:24:32 TCP: Recieved 36 bytes from socket.
14-09-2018 15:24:32 TCP: Parsing Data....
14-09-2018 15:24:32 TCP: Saving Data Into Database......
14-09-2018 15:24:32 TCP: Successfully Saved To Database......
14-09-2018 15:24:40 TCP: Recieved 36 bytes from socket.
14-09-2018 15:24:40 TCP: Parsing Data....
14-09-2018 15:24:40 TCP: Saving Data Into Database......
14-09-2018 15:24:40 TCP: Successfully Saved To Database......
14-09-2018 15:24:50 TCP: Recieved 36 bytes from socket.
14-09-2018 15:24:50 TCP: Parsing Data....
14-09-2018 15:24:50 TCP: Saving Data Into Database......
14-09-2018 15:24:50 TCP: Successfully Saved To Database......
14-09-2018 15:25:01 TCP: Recieved 36 bytes from socket.
14-09-2018 15:25:01 TCP: Parsing Data....
14-09-2018 15:25:01 TCP: Saving Data Into Database......
14-09-2018 15:25:02 TCP: Successfully Saved To Database......
14-09-2018 15:25:19 TCP: Recieved 36 bytes from socket.
14-09-2018 15:25:19 TCP: Parsing Data....
14-09-2018 15:25:19 TCP: Saving Data Into Database......
14-09-2018 15:25:19 TCP: Successfully Saved To Database......
14-09-2018 15:25:20 TCP: Recieved 36 bytes from socket.
14-09-2018 15:25:20 TCP: Parsing Data....
14-09-2018 15:25:20 TCP: Saving Data Into Database......
14-09-2018 15:25:20 TCP: Successfully Saved To Database......
14-09-2018 15:25:30 TCP: Recieved 36 bytes from socket.
14-09-2018 15:25:30 TCP: Parsing Data....
14-09-2018 15:25:30 TCP: Saving Data Into Database......
14-09-2018 15:25:30 TCP: Successfully Saved To Database......
14-09-2018 15:25:36 TCP: Recieved 15 bytes from socket.
14-09-2018 15:25:36 TCP: Parsing Data....
14-09-2018 15:25:40 TCP: Recieved 36 bytes from socket.
14-09-2018 15:25:40 TCP: Parsing Data....
14-09-2018 15:25:40 TCP: Saving Data Into Database......
14-09-2018 15:25:40 TCP: Successfully Saved To Database......
14-09-2018 15:25:50 TCP: Recieved 36 bytes from socket.
14-09-2018 15:25:50 TCP: Parsing Data....
14-09-2018 15:25:50 TCP: Saving Data Into Database......
14-09-2018 15:25:50 TCP: Successfully Saved To Database......
14-09-2018 15:26:00 TCP: Recieved 36 bytes from socket.
14-09-2018 15:26:00 TCP: Parsing Data....
14-09-2018 15:26:00 TCP: Saving Data Into Database......
14-09-2018 15:26:00 TCP: Successfully Saved To Database......
14-09-2018 15:26:10 TCP: Recieved 36 bytes from socket.
14-09-2018 15:26:10 TCP: Parsing Data....
14-09-2018 15:26:10 TCP: Saving Data Into Database......
14-09-2018 15:26:10 TCP: Successfully Saved To Database......
14-09-2018 15:26:20 TCP: Recieved 36 bytes from socket.
14-09-2018 15:26:20 TCP: Parsing Data....
14-09-2018 15:26:20 TCP: Saving Data Into Database......
14-09-2018 15:26:20 TCP: Successfully Saved To Database......
14-09-2018 15:26:31 TCP: Recieved 36 bytes from socket.
14-09-2018 15:26:31 TCP: Parsing Data....
14-09-2018 15:26:31 TCP: Saving Data Into Database......
14-09-2018 15:26:31 TCP: Successfully Saved To Database......
14-09-2018 15:26:40 TCP: Recieved 36 bytes from socket.
14-09-2018 15:26:40 TCP: Parsing Data....
14-09-2018 15:26:40 TCP: Saving Data Into Database......
14-09-2018 15:26:40 TCP: Successfully Saved To Database......
14-09-2018 15:26:50 TCP: Recieved 36 bytes from socket.
14-09-2018 15:26:50 TCP: Parsing Data....
14-09-2018 15:26:50 TCP: Saving Data Into Database......
14-09-2018 15:26:50 TCP: Successfully Saved To Database......
14-09-2018 15:27:00 TCP: Recieved 36 bytes from socket.
14-09-2018 15:27:00 TCP: Parsing Data....
14-09-2018 15:27:00 TCP: Saving Data Into Database......
14-09-2018 15:27:00 TCP: Successfully Saved To Database......
14-09-2018 15:27:04 TCP: Recieved 15 bytes from socket.
14-09-2018 15:27:04 TCP: Parsing Data....
14-09-2018 15:27:09 TCP: Recieved 36 bytes from socket.
14-09-2018 15:27:09 TCP: Parsing Data....
14-09-2018 15:27:09 TCP: Saving Data Into Database......
14-09-2018 15:27:09 TCP: Successfully Saved To Database......
14-09-2018 15:27:20 TCP: Recieved 36 bytes from socket.
14-09-2018 15:27:20 TCP: Parsing Data....
14-09-2018 15:27:20 TCP: Saving Data Into Database......
14-09-2018 15:27:20 TCP: Successfully Saved To Database......
14-09-2018 15:27:30 TCP: Recieved 36 bytes from socket.
14-09-2018 15:27:30 TCP: Parsing Data....
14-09-2018 15:27:30 TCP: Saving Data Into Database......
14-09-2018 15:27:30 TCP: Successfully Saved To Database......
14-09-2018 15:27:40 TCP: Recieved 36 bytes from socket.
14-09-2018 15:27:40 TCP: Parsing Data....
14-09-2018 15:27:40 TCP: Saving Data Into Database......
14-09-2018 15:27:40 TCP: Successfully Saved To Database......
14-09-2018 15:27:50 TCP: Recieved 36 bytes from socket.
14-09-2018 15:27:50 TCP: Parsing Data....
14-09-2018 15:27:50 TCP: Saving Data Into Database......
14-09-2018 15:27:50 TCP: Successfully Saved To Database......
14-09-2018 15:28:00 TCP: Recieved 36 bytes from socket.
14-09-2018 15:28:00 TCP: Parsing Data....
14-09-2018 15:28:00 TCP: Saving Data Into Database......
14-09-2018 15:28:00 TCP: Successfully Saved To Database......
14-09-2018 15:28:10 TCP: Recieved 36 bytes from socket.
14-09-2018 15:28:10 TCP: Parsing Data....
14-09-2018 15:28:10 TCP: Saving Data Into Database......
14-09-2018 15:28:10 TCP: Successfully Saved To Database......
14-09-2018 15:28:20 TCP: Recieved 36 bytes from socket.
14-09-2018 15:28:20 TCP: Parsing Data....
14-09-2018 15:28:20 TCP: Saving Data Into Database......
14-09-2018 15:28:20 TCP: Successfully Saved To Database......
14-09-2018 15:28:29 TCP: Recieved 36 bytes from socket.
14-09-2018 15:28:29 TCP: Parsing Data....
14-09-2018 15:28:29 TCP: Saving Data Into Database......
14-09-2018 15:28:29 TCP: Successfully Saved To Database......
14-09-2018 15:28:34 TCP: Got new connection: 106.67.149.9:56531
14-09-2018 15:28:35 TCP: Recieved 18 bytes from socket.
14-09-2018 15:28:35 TCP: Parsing Data....
14-09-2018 15:28:35 TCP: Parsing Data....
14-09-2018 15:28:38 TCP: Recieved 15 bytes from socket.
14-09-2018 15:28:38 TCP: Parsing Data....
14-09-2018 15:28:39 TCP: Recieved 36 bytes from socket.
14-09-2018 15:28:39 TCP: Parsing Data....
14-09-2018 15:28:39 TCP: Saving Data Into Database......
14-09-2018 15:28:39 TCP: Successfully Saved To Database......
14-09-2018 17:01:05 TCP: Got new connection: 106.77.2.117:20357
14-09-2018 17:01:06 TCP: Recieved 18 bytes from socket.
14-09-2018 17:01:06 TCP: Parsing Data....
14-09-2018 17:01:06 TCP: Parsing Data....
14-09-2018 17:01:09 TCP: Recieved 15 bytes from socket.
14-09-2018 17:01:09 TCP: Parsing Data....
14-09-2018 17:01:12 TCP: Recieved 36 bytes from socket.
14-09-2018 17:01:12 TCP: Parsing Data....
14-09-2018 17:01:12 TCP: Saving Data Into Database......
14-09-2018 17:01:13 TCP: Successfully Saved To Database......
14-09-2018 17:01:16 TCP: Recieved 36 bytes from socket.
14-09-2018 17:01:16 TCP: Parsing Data....
14-09-2018 17:01:16 TCP: Saving Data Into Database......
14-09-2018 17:01:16 TCP: Successfully Saved To Database......
14-09-2018 17:01:26 TCP: Recieved 36 bytes from socket.
14-09-2018 17:01:26 TCP: Parsing Data....
14-09-2018 17:01:26 TCP: Saving Data Into Database......
14-09-2018 17:01:26 TCP: Successfully Saved To Database......
14-09-2018 17:01:36 TCP: Recieved 36 bytes from socket.
14-09-2018 17:01:36 TCP: Parsing Data....
14-09-2018 17:01:36 TCP: Saving Data Into Database......
14-09-2018 17:01:36 TCP: Successfully Saved To Database......
14-09-2018 17:01:46 TCP: Recieved 36 bytes from socket.
14-09-2018 17:01:46 TCP: Parsing Data....
14-09-2018 17:01:46 TCP: Saving Data Into Database......
14-09-2018 17:01:46 TCP: Successfully Saved To Database......
14-09-2018 17:01:56 TCP: Recieved 36 bytes from socket.
14-09-2018 17:01:56 TCP: Parsing Data....
14-09-2018 17:01:56 TCP: Saving Data Into Database......
14-09-2018 17:01:56 TCP: Successfully Saved To Database......
14-09-2018 17:02:06 TCP: Recieved 36 bytes from socket.
14-09-2018 17:02:06 TCP: Parsing Data....
14-09-2018 17:02:06 TCP: Saving Data Into Database......
14-09-2018 17:02:06 TCP: Successfully Saved To Database......
14-09-2018 17:02:16 TCP: Recieved 36 bytes from socket.
14-09-2018 17:02:16 TCP: Parsing Data....
