03-09-2018 13:17:51 UDP: Started listening at port 8414
03-09-2018 13:17:51 TCP: Started listening at port 10025
03-09-2018 13:17:51 TCP Output Control: Started listening at port 668
03-09-2018 13:17:53 TCP Output Control: Error in confirmation checker.
03-09-2018 13:17:53 TCP Output Control: System.InvalidOperationException: ExecuteNonQuery requires the command to have a transaction when the connection assigned to the command is in a pending local transaction.  The Transaction property of the command has not been initialized.
   at System.Data.SqlClient.SqlCommand.ValidateCommand(String method, Boolean async)
   at System.Data.SqlClient.SqlCommand.InternalExecuteNonQuery(TaskCompletionSource`1 completion, String methodName, Boolean sendToPipe, Int32 timeout, Boolean& usedCache, Boolean asyncWrite, Boolean inRetry)
   at System.Data.SqlClient.SqlCommand.ExecuteNonQuery()
   at ExampleService.DataAccess.MSSqlDataAccess.OutputUpdate(Int32 id, Byte status) in C:\Users\Abuzar\Desktop\27-08-2018\ExampleService\DataAccess\MSSqlDataAccess.cs:line 540
   at ExampleService.DataAccess.MSSqlDataAccess.CheckConfirmationExpirations() in C:\Users\Abuzar\Desktop\27-08-2018\ExampleService\DataAccess\MSSqlDataAccess.cs:line 561
   at ExampleService.TCPOutputControl.CheckConfirmationExpiration() in C:\Users\Abuzar\Desktop\27-08-2018\ExampleService\TCPOutputControl.cs:line 313
03-09-2018 14:48:33 TCP: Got new connection: 42.106.27.27:4583
03-09-2018 14:48:34 TCP: Recieved 18 bytes from socket.
03-09-2018 14:48:34 TCP: Parsing Data....
03-09-2018 14:50:47 TCP: Parsing Data....
03-09-2018 14:50:47 TCP: Recieved 534 bytes from socket.
03-09-2018 14:50:47 TCP: Parsing Data....
03-09-2018 14:50:52 TCP: Saving Data Into Database......
03-09-2018 14:50:53 TCP: Successfully Saved To Database......
03-09-2018 14:50:56 TCP: Saving Data Into Database......
03-09-2018 14:50:57 TCP: Successfully Saved To Database......
03-09-2018 14:51:06 TCP: Saving Data Into Database......
03-09-2018 14:51:07 TCP: Successfully Saved To Database......
03-09-2018 14:51:10 TCP: Saving Data Into Database......
03-09-2018 14:51:11 TCP: Successfully Saved To Database......
03-09-2018 14:51:16 TCP: Saving Data Into Database......
03-09-2018 14:51:16 TCP: Successfully Saved To Database......
03-09-2018 14:51:22 TCP: Saving Data Into Database......
03-09-2018 14:51:23 TCP: Successfully Saved To Database......
03-09-2018 14:51:51 TCP: Saving Data Into Database......
03-09-2018 14:51:52 TCP: Successfully Saved To Database......
03-09-2018 14:52:00 TCP: Saving Data Into Database......
03-09-2018 14:52:00 TCP: Successfully Saved To Database......
03-09-2018 14:52:00 TCP: Saving Data Into Database......
03-09-2018 14:52:01 TCP: Successfully Saved To Database......
03-09-2018 14:52:01 TCP: Saving Data Into Database......
03-09-2018 14:52:01 TCP: Successfully Saved To Database......
03-09-2018 14:52:01 TCP: Saving Data Into Database......
03-09-2018 14:52:01 TCP: Successfully Saved To Database......
03-09-2018 14:52:01 TCP: Saving Data Into Database......
03-09-2018 14:52:01 TCP: Successfully Saved To Database......
03-09-2018 14:52:01 TCP: Saving Data Into Database......
03-09-2018 14:52:01 TCP: Successfully Saved To Database......
03-09-2018 14:52:01 TCP: Saving Data Into Database......
03-09-2018 14:52:01 TCP: Successfully Saved To Database......
03-09-2018 14:52:01 TCP: Recieved 267 bytes from socket.
03-09-2018 14:52:01 TCP: Parsing Data....
03-09-2018 14:52:01 TCP: Saving Data Into Database......
03-09-2018 14:52:01 TCP: Successfully Saved To Database......
03-09-2018 14:52:01 TCP: Saving Data Into Database......
03-09-2018 14:52:01 TCP: Successfully Saved To Database......
03-09-2018 14:52:01 TCP: Saving Data Into Database......
03-09-2018 14:52:01 TCP: Successfully Saved To Database......
03-09-2018 14:52:01 TCP: Saving Data Into Database......
03-09-2018 14:52:01 TCP: Successfully Saved To Database......
03-09-2018 14:52:01 TCP: Saving Data Into Database......
03-09-2018 14:52:01 TCP: Successfully Saved To Database......
03-09-2018 14:52:01 TCP: Saving Data Into Database......
03-09-2018 14:52:01 TCP: Successfully Saved To Database......
03-09-2018 14:52:01 TCP: Saving Data Into Database......
03-09-2018 14:52:01 TCP: Successfully Saved To Database......
03-09-2018 14:52:05 TCP: Recieved 36 bytes from socket.
03-09-2018 14:52:05 TCP: Parsing Data....
03-09-2018 14:52:05 TCP: Saving Data Into Database......
03-09-2018 14:52:05 TCP: Successfully Saved To Database......
03-09-2018 14:52:13 TCP: Recieved 36 bytes from socket.
03-09-2018 14:52:13 TCP: Parsing Data....
03-09-2018 14:52:13 TCP: Saving Data Into Database......
03-09-2018 14:52:13 TCP: Successfully Saved To Database......
03-09-2018 14:52:23 TCP: Recieved 36 bytes from socket.
03-09-2018 14:52:23 TCP: Parsing Data....
03-09-2018 14:52:23 TCP: Saving Data Into Database......
03-09-2018 14:52:23 TCP: Successfully Saved To Database......
03-09-2018 14:52:40 TCP: Got new connection: 42.106.27.27:18977
03-09-2018 14:52:40 TCP: Recieved 18 bytes from socket.
03-09-2018 14:52:40 TCP: Parsing Data....
03-09-2018 14:52:40 TCP: Parsing Data....
03-09-2018 14:52:43 TCP: Recieved 15 bytes from socket.
03-09-2018 14:52:43 TCP: Parsing Data....
03-09-2018 14:52:43 TCP: Packet too short.
03-09-2018 14:52:46 TCP: Recieved 36 bytes from socket.
03-09-2018 14:52:46 TCP: Parsing Data....
03-09-2018 14:52:46 TCP: Saving Data Into Database......
03-09-2018 14:52:46 TCP: Successfully Saved To Database......
03-09-2018 14:52:51 TCP: Recieved 36 bytes from socket.
03-09-2018 14:52:51 TCP: Parsing Data....
03-09-2018 14:52:51 TCP: Saving Data Into Database......
03-09-2018 14:52:51 TCP: Successfully Saved To Database......
03-09-2018 14:52:53 TCP: Recieved 36 bytes from socket.
03-09-2018 14:52:53 TCP: Parsing Data....
03-09-2018 14:52:53 TCP: Saving Data Into Database......
03-09-2018 14:52:53 TCP: Successfully Saved To Database......
03-09-2018 14:53:03 TCP: Recieved 36 bytes from socket.
03-09-2018 14:53:03 TCP: Parsing Data....
03-09-2018 14:53:04 TCP: Saving Data Into Database......
03-09-2018 14:53:04 TCP: Successfully Saved To Database......
03-09-2018 14:53:13 TCP: Recieved 36 bytes from socket.
03-09-2018 14:53:13 TCP: Parsing Data....
03-09-2018 14:53:13 TCP: Saving Data Into Database......
03-09-2018 14:53:14 TCP: Successfully Saved To Database......
03-09-2018 14:53:24 TCP: Recieved 36 bytes from socket.
03-09-2018 14:53:24 TCP: Parsing Data....
03-09-2018 14:53:24 TCP: Saving Data Into Database......
03-09-2018 14:53:24 TCP: Successfully Saved To Database......
03-09-2018 14:53:33 TCP: Recieved 36 bytes from socket.
03-09-2018 14:53:33 TCP: Parsing Data....
03-09-2018 14:53:33 TCP: Saving Data Into Database......
03-09-2018 14:53:33 TCP: Successfully Saved To Database......
03-09-2018 14:53:43 TCP: Recieved 36 bytes from socket.
03-09-2018 14:53:43 TCP: Parsing Data....
03-09-2018 14:53:43 TCP: Saving Data Into Database......
03-09-2018 14:53:43 TCP: Successfully Saved To Database......
03-09-2018 14:53:53 TCP: Recieved 36 bytes from socket.
03-09-2018 14:53:53 TCP: Parsing Data....
03-09-2018 14:53:53 TCP: Saving Data Into Database......
03-09-2018 14:53:53 TCP: Successfully Saved To Database......
03-09-2018 14:54:03 TCP: Recieved 36 bytes from socket.
03-09-2018 14:54:03 TCP: Parsing Data....
03-09-2018 14:54:03 TCP: Saving Data Into Database......
03-09-2018 14:54:03 TCP: Successfully Saved To Database......
