14-09-2018 18:56:58 UDP: Started listening at port 8414
14-09-2018 18:56:58 TCP: Started listening at port 10025
14-09-2018 18:56:58 TCP Output Control: Started listening at port 669
14-09-2018 18:56:59 TCP Output Control: Error in confirmation checker.
14-09-2018 18:56:59 TCP Output Control: System.InvalidOperationException: ExecuteNonQuery requires the command to have a transaction when the connection assigned to the command is in a pending local transaction.  The Transaction property of the command has not been initialized.
   at System.Data.SqlClient.SqlCommand.ValidateCommand(String method, Boolean async)
   at System.Data.SqlClient.SqlCommand.InternalExecuteNonQuery(TaskCompletionSource`1 completion, String methodName, Boolean sendToPipe, Int32 timeout, Boolean& usedCache, Boolean asyncWrite, Boolean inRetry)
   at System.Data.SqlClient.SqlCommand.ExecuteNonQuery()
   at ExampleService.DataAccess.MSSqlDataAccess.OutputUpdate(Int32 id, Byte status) in C:\Users\Abuzar\Desktop\2deviceconsole 11-09-2018\GPSIndia\ExampleService\DataAccess\MSSqlDataAccess.cs:line 540
   at ExampleService.DataAccess.MSSqlDataAccess.CheckConfirmationExpirations() in C:\Users\Abuzar\Desktop\2deviceconsole 11-09-2018\GPSIndia\ExampleService\DataAccess\MSSqlDataAccess.cs:line 561
   at ExampleService.TCPOutputControl.CheckConfirmationExpiration() in C:\Users\Abuzar\Desktop\2deviceconsole 11-09-2018\GPSIndia\ExampleService\TCPOutputControl.cs:line 313
14-09-2018 18:57:17 TCP: Got new connection: 106.77.38.141:4875
14-09-2018 18:57:18 TCP: Recieved 18 bytes from socket.
14-09-2018 18:57:18 TCP: Parsing Data....
14-09-2018 18:57:18 TCP: Parsing Data....
14-09-2018 18:57:21 TCP: Recieved 15 bytes from socket.
14-09-2018 18:57:21 TCP: Parsing Data....
14-09-2018 18:57:44 TCP: Recieved 36 bytes from socket.
14-09-2018 18:57:44 TCP: Parsing Data....
14-09-2018 18:57:44 TCP: Saving Data Into Database......
14-09-2018 18:57:45 TCP: Successfully Saved To Database......
14-09-2018 18:58:48 TCP: Got new connection: 106.77.38.141:32583
14-09-2018 18:58:49 TCP: Recieved 18 bytes from socket.
14-09-2018 18:58:49 TCP: Parsing Data....
14-09-2018 18:58:49 TCP: Parsing Data....
14-09-2018 18:58:52 TCP: Recieved 15 bytes from socket.
14-09-2018 18:58:52 TCP: Parsing Data....
14-09-2018 19:00:19 TCP: Recieved 15 bytes from socket.
14-09-2018 19:00:19 TCP: Parsing Data....
14-09-2018 19:01:48 TCP: Recieved 15 bytes from socket.
14-09-2018 19:01:48 TCP: Parsing Data....
14-09-2018 19:02:49 TCP: Recieved 36 bytes from socket.
14-09-2018 19:02:49 TCP: Parsing Data....
14-09-2018 19:02:49 TCP: Saving Data Into Database......
14-09-2018 19:02:49 TCP: Successfully Saved To Database......
14-09-2018 19:03:24 TCP: Got new connection: 106.77.38.141:22549
14-09-2018 19:03:25 TCP: Recieved 18 bytes from socket.
14-09-2018 19:03:25 TCP: Parsing Data....
14-09-2018 19:03:25 TCP: Parsing Data....
14-09-2018 19:03:27 TCP: Recieved 15 bytes from socket.
14-09-2018 19:03:27 TCP: Parsing Data....
14-09-2018 19:04:54 TCP: Recieved 15 bytes from socket.
14-09-2018 19:04:54 TCP: Parsing Data....
14-09-2018 19:06:23 TCP: Recieved 15 bytes from socket.
14-09-2018 19:06:23 TCP: Parsing Data....
14-09-2018 19:07:44 TCP: Recieved 36 bytes from socket.
14-09-2018 19:07:44 TCP: Parsing Data....
14-09-2018 19:07:44 TCP: Saving Data Into Database......
14-09-2018 19:07:44 TCP: Successfully Saved To Database......
14-09-2018 19:08:32 TCP: Got new connection: 106.77.22.110:21930
14-09-2018 19:08:33 TCP: Recieved 18 bytes from socket.
14-09-2018 19:08:33 TCP: Parsing Data....
14-09-2018 19:08:33 TCP: Parsing Data....
14-09-2018 19:08:36 TCP: Recieved 15 bytes from socket.
14-09-2018 19:08:36 TCP: Parsing Data....
14-09-2018 19:10:03 TCP: Recieved 15 bytes from socket.
14-09-2018 19:10:03 TCP: Parsing Data....
14-09-2018 19:11:33 TCP: Recieved 15 bytes from socket.
14-09-2018 19:11:33 TCP: Parsing Data....
14-09-2018 19:12:45 TCP: Recieved 36 bytes from socket.
14-09-2018 19:12:45 TCP: Parsing Data....
14-09-2018 19:12:45 TCP: Saving Data Into Database......
14-09-2018 19:12:45 TCP: Successfully Saved To Database......
14-09-2018 19:13:03 TCP: Got new connection: 106.77.22.110:32590
14-09-2018 19:13:04 TCP: Recieved 18 bytes from socket.
14-09-2018 19:13:04 TCP: Parsing Data....
14-09-2018 19:13:04 TCP: Parsing Data....
14-09-2018 19:13:07 TCP: Recieved 15 bytes from socket.
14-09-2018 19:13:07 TCP: Parsing Data....
14-09-2018 19:14:34 TCP: Recieved 15 bytes from socket.
14-09-2018 19:14:34 TCP: Parsing Data....
14-09-2018 19:16:04 TCP: Recieved 15 bytes from socket.
14-09-2018 19:16:04 TCP: Parsing Data....
14-09-2018 19:17:36 TCP: Got new connection: 106.77.22.110:43647
14-09-2018 19:17:39 TCP: Recieved 18 bytes from socket.
14-09-2018 19:17:39 TCP: Parsing Data....
14-09-2018 19:17:39 TCP: Parsing Data....
14-09-2018 19:17:40 TCP: Recieved 15 bytes from socket.
14-09-2018 19:17:40 TCP: Parsing Data....
