31-08-2018 15:06:40 UDP: Started listening at port 8414
31-08-2018 15:06:40 TCP: Started listening at port 10025
31-08-2018 15:06:41 TCP Output Control: Started listening at port 668
31-08-2018 15:06:42 TCP Output Control: Error in confirmation checker.
31-08-2018 15:06:42 TCP Output Control: System.InvalidOperationException: ExecuteNonQuery requires the command to have a transaction when the connection assigned to the command is in a pending local transaction.  The Transaction property of the command has not been initialized.
   at System.Data.SqlClient.SqlCommand.ValidateCommand(String method, Boolean async)
   at System.Data.SqlClient.SqlCommand.InternalExecuteNonQuery(TaskCompletionSource`1 completion, String methodName, Boolean sendToPipe, Int32 timeout, Boolean& usedCache, Boolean asyncWrite, Boolean inRetry)
   at System.Data.SqlClient.SqlCommand.ExecuteNonQuery()
   at ExampleService.DataAccess.MSSqlDataAccess.OutputUpdate(Int32 id, Byte status) in C:\Users\Abuzar\Desktop\27-08-2018\ExampleService\DataAccess\MSSqlDataAccess.cs:line 540
   at ExampleService.DataAccess.MSSqlDataAccess.CheckConfirmationExpirations() in C:\Users\Abuzar\Desktop\27-08-2018\ExampleService\DataAccess\MSSqlDataAccess.cs:line 561
   at ExampleService.TCPOutputControl.CheckConfirmationExpiration() in C:\Users\Abuzar\Desktop\27-08-2018\ExampleService\TCPOutputControl.cs:line 312
31-08-2018 15:06:52 TCP: Got new connection: 42.106.19.117:61400
31-08-2018 15:06:53 TCP: Recieved 18 bytes from socket.
31-08-2018 15:06:53 TCP: Checking for keyword validity.
31-08-2018 15:06:54 TCP: Keyword valid. Waiting for data.
31-08-2018 15:06:56 TCP: Recieved 36 bytes from socket.
31-08-2018 15:07:02 TCP: Recieved 72 bytes from socket.
31-08-2018 15:07:02 TCP: Checking for keyword validity.
31-08-2018 15:07:04 TCP: Keyword valid. Waiting for data.
31-08-2018 15:07:05 TCP: Recieved 36 bytes from socket.
31-08-2018 15:07:09 TCP: Recieved 36 bytes from socket.
31-08-2018 15:07:09 TCP: Checking for keyword validity.
31-08-2018 15:07:10 TCP: Keyword valid. Waiting for data.
31-08-2018 15:07:11 TCP: Recieved 36 bytes from socket.
31-08-2018 15:07:14 TCP: Recieved 36 bytes from socket.
31-08-2018 15:07:14 TCP: Checking for keyword validity.
31-08-2018 15:07:27 TCP: Keyword valid. Waiting for data.
31-08-2018 15:07:27 TCP: Recieved 144 bytes from socket.
31-08-2018 15:07:34 TCP: Recieved 72 bytes from socket.
31-08-2018 15:07:34 TCP: Checking for keyword validity.
31-08-2018 15:07:34 TCP: Keyword valid. Waiting for data.
31-08-2018 15:07:35 TCP: Recieved 36 bytes from socket.
31-08-2018 15:07:41 TCP: Recieved 72 bytes from socket.
31-08-2018 15:07:41 TCP: Checking for keyword validity.
31-08-2018 15:08:03 TCP: Keyword valid. Waiting for data.
31-08-2018 15:08:03 TCP: Recieved 252 bytes from socket.
31-08-2018 15:08:13 TCP: Recieved 108 bytes from socket.
31-08-2018 15:08:13 TCP: Checking for keyword validity.
31-08-2018 15:08:13 TCP: Keyword valid. Waiting for data.
31-08-2018 15:08:14 TCP: Recieved 15 bytes from socket.
31-08-2018 15:08:37 TCP: Packet too short.
31-08-2018 15:08:37 TCP: Recieved 252 bytes from socket.
