30-08-2018 11:44:34 UDP: Started listening at port 8414
30-08-2018 11:44:34 TCP: Started listening at port 10025
30-08-2018 11:44:34 TCP Output Control: Started listening at port 668
30-08-2018 11:44:35 TCP Output Control: Error in confirmation checker.
30-08-2018 11:44:35 TCP Output Control: System.InvalidOperationException: ExecuteNonQuery requires the command to have a transaction when the connection assigned to the command is in a pending local transaction.  The Transaction property of the command has not been initialized.
   at System.Data.SqlClient.SqlCommand.ValidateCommand(String method, Boolean async)
   at System.Data.SqlClient.SqlCommand.InternalExecuteNonQuery(TaskCompletionSource`1 completion, String methodName, Boolean sendToPipe, Int32 timeout, Boolean& usedCache, Boolean asyncWrite, Boolean inRetry)
   at System.Data.SqlClient.SqlCommand.ExecuteNonQuery()
   at ExampleService.DataAccess.MSSqlDataAccess.OutputUpdate(Int32 id, Byte status) in C:\Users\Abuzar\Desktop\27-08-2018\ExampleService\DataAccess\MSSqlDataAccess.cs:line 540
   at ExampleService.DataAccess.MSSqlDataAccess.CheckConfirmationExpirations() in C:\Users\Abuzar\Desktop\27-08-2018\ExampleService\DataAccess\MSSqlDataAccess.cs:line 561
   at ExampleService.TCPOutputControl.CheckConfirmationExpiration() in C:\Users\Abuzar\Desktop\27-08-2018\ExampleService\TCPOutputControl.cs:line 312
30-08-2018 11:44:36 TCP: Got new connection: 42.106.18.46:5892
30-08-2018 11:44:41 TCP: Recieved 18 bytes from socket.
30-08-2018 11:44:43 TCP: Checking for keyword validity.
30-08-2018 11:44:53 TCP: Keyword valid. Waiting for data.
30-08-2018 11:45:19 TCP: Recieved 246 bytes from socket.
30-08-2018 11:45:31 TCP: Parsing recieved data.
30-08-2018 11:45:33 TCP: ---- Parser log start ----
30-08-2018 11:45:53 Helper: IMEI: 1130590330583160
30-08-2018 11:46:10 Helper: Error parsing data.
30-08-2018 11:46:48 TCP: Recieved 987 bytes from socket.
30-08-2018 11:46:55 TCP: Parsing recieved data.
30-08-2018 11:46:59 TCP: ---- Parser log start ----
30-08-2018 11:47:34 Helper: IMEI: 440798687235373176
30-08-2018 11:48:00 Helper: Error parsing data.
