11-09-2018 16:33:06 UDP: Started listening at port 8414
11-09-2018 16:33:06 TCP: Started listening at port 10025
11-09-2018 16:33:06 TCP Output Control: Started listening at port 669
11-09-2018 16:33:06 TCP Output Control: Error in confirmation checker.
11-09-2018 16:33:06 TCP Output Control: System.InvalidOperationException: ExecuteNonQuery requires the command to have a transaction when the connection assigned to the command is in a pending local transaction.  The Transaction property of the command has not been initialized.
   at System.Data.SqlClient.SqlCommand.ValidateCommand(String method, Boolean async)
   at System.Data.SqlClient.SqlCommand.InternalExecuteNonQuery(TaskCompletionSource`1 completion, String methodName, Boolean sendToPipe, Int32 timeout, Boolean& usedCache, Boolean asyncWrite, Boolean inRetry)
   at System.Data.SqlClient.SqlCommand.ExecuteNonQuery()
   at ExampleService.DataAccess.MSSqlDataAccess.OutputUpdate(Int32 id, Byte status) in C:\Users\Abuzar\Desktop\2deviceconsole 11-09-2018\GPSIndia\ExampleService\DataAccess\MSSqlDataAccess.cs:line 540
   at ExampleService.DataAccess.MSSqlDataAccess.CheckConfirmationExpirations() in C:\Users\Abuzar\Desktop\2deviceconsole 11-09-2018\GPSIndia\ExampleService\DataAccess\MSSqlDataAccess.cs:line 561
   at ExampleService.TCPOutputControl.CheckConfirmationExpiration() in C:\Users\Abuzar\Desktop\2deviceconsole 11-09-2018\GPSIndia\ExampleService\TCPOutputControl.cs:line 313
11-09-2018 16:33:43 TCP: Got new connection: 106.77.14.114:52243
11-09-2018 16:33:44 TCP: Recieved 18 bytes from socket.
11-09-2018 16:33:44 TCP: Parsing Data....
11-09-2018 16:33:44 TCP: Parsing Data....
11-09-2018 16:33:47 TCP: Recieved 15 bytes from socket.
11-09-2018 16:33:47 TCP: Parsing Data....
11-09-2018 16:33:53 TCP: Recieved 36 bytes from socket.
11-09-2018 16:33:53 TCP: Parsing Data....
11-09-2018 16:33:53 TCP: Saving Data Into Database......
11-09-2018 16:33:53 TCP: Successfully Saved To Database......
11-09-2018 16:33:54 TCP: Recieved 36 bytes from socket.
11-09-2018 16:33:54 TCP: Parsing Data....
11-09-2018 16:33:54 TCP: Saving Data Into Database......
11-09-2018 16:33:54 TCP: Successfully Saved To Database......
11-09-2018 16:33:57 TCP: Recieved 36 bytes from socket.
11-09-2018 16:33:57 TCP: Parsing Data....
11-09-2018 16:33:57 TCP: Saving Data Into Database......
11-09-2018 16:33:58 TCP: Successfully Saved To Database......
11-09-2018 16:34:00 TCP: Recieved 36 bytes from socket.
11-09-2018 16:34:00 TCP: Parsing Data....
11-09-2018 16:34:00 TCP: Saving Data Into Database......
11-09-2018 16:34:00 TCP: Successfully Saved To Database......
11-09-2018 16:34:03 TCP: Recieved 36 bytes from socket.
11-09-2018 16:34:36 TCP: Parsing Data....
11-09-2018 16:34:36 TCP: Saving Data Into Database......
11-09-2018 16:34:36 TCP: Successfully Saved To Database......
11-09-2018 16:34:36 TCP: Recieved 339 bytes from socket.
11-09-2018 16:34:36 TCP: Parsing Data....
11-09-2018 16:34:36 TCP: Saving Data Into Database......
11-09-2018 16:34:36 TCP: Successfully Saved To Database......
11-09-2018 16:34:36 TCP: Saving Data Into Database......
11-09-2018 16:34:36 TCP: Successfully Saved To Database......
11-09-2018 16:34:36 TCP: Saving Data Into Database......
11-09-2018 16:34:36 TCP: Successfully Saved To Database......
11-09-2018 16:34:36 TCP: Saving Data Into Database......
11-09-2018 16:34:36 TCP: Successfully Saved To Database......
11-09-2018 16:34:36 TCP: Saving Data Into Database......
11-09-2018 16:34:36 TCP: Successfully Saved To Database......
11-09-2018 16:34:36 TCP: Saving Data Into Database......
11-09-2018 16:34:36 TCP: Successfully Saved To Database......
11-09-2018 16:34:36 TCP: Saving Data Into Database......
11-09-2018 16:34:36 TCP: Successfully Saved To Database......
11-09-2018 16:34:36 TCP: Saving Data Into Database......
11-09-2018 16:34:36 TCP: Successfully Saved To Database......
11-09-2018 16:34:36 TCP: Saving Data Into Database......
11-09-2018 16:34:36 TCP: Successfully Saved To Database......
11-09-2018 16:34:37 TCP: Recieved 36 bytes from socket.
11-09-2018 16:34:37 TCP: Parsing Data....
11-09-2018 16:34:37 TCP: Saving Data Into Database......
11-09-2018 16:34:37 TCP: Successfully Saved To Database......
11-09-2018 16:34:40 TCP: Recieved 36 bytes from socket.
11-09-2018 16:34:40 TCP: Parsing Data....
11-09-2018 16:34:40 TCP: Saving Data Into Database......
11-09-2018 16:34:40 TCP: Successfully Saved To Database......
11-09-2018 16:34:42 TCP: Recieved 36 bytes from socket.
11-09-2018 16:34:42 TCP: Parsing Data....
11-09-2018 16:34:42 TCP: Saving Data Into Database......
11-09-2018 16:34:42 TCP: Successfully Saved To Database......
11-09-2018 16:34:45 TCP: Recieved 36 bytes from socket.
11-09-2018 16:34:45 TCP: Parsing Data....
11-09-2018 16:34:45 TCP: Saving Data Into Database......
11-09-2018 16:34:45 TCP: Successfully Saved To Database......
11-09-2018 16:34:52 TCP: Recieved 36 bytes from socket.
11-09-2018 16:34:52 TCP: Parsing Data....
11-09-2018 16:34:52 TCP: Saving Data Into Database......
11-09-2018 16:34:52 TCP: Successfully Saved To Database......
11-09-2018 16:35:02 TCP: Recieved 36 bytes from socket.
11-09-2018 16:35:02 TCP: Parsing Data....
11-09-2018 16:35:02 TCP: Saving Data Into Database......
11-09-2018 16:35:02 TCP: Successfully Saved To Database......
11-09-2018 16:35:12 TCP: Recieved 36 bytes from socket.
11-09-2018 16:35:12 TCP: Parsing Data....
11-09-2018 16:35:12 TCP: Saving Data Into Database......
11-09-2018 16:35:12 TCP: Successfully Saved To Database......
11-09-2018 16:35:14 TCP: Got new connection: 106.77.14.114:46417
11-09-2018 16:35:15 TCP: Recieved 18 bytes from socket.
11-09-2018 16:35:15 TCP: Parsing Data....
11-09-2018 16:35:15 TCP: Parsing Data....
11-09-2018 16:35:18 TCP: Recieved 15 bytes from socket.
11-09-2018 16:35:18 TCP: Parsing Data....
11-09-2018 16:35:23 TCP: Recieved 36 bytes from socket.
11-09-2018 16:35:23 TCP: Parsing Data....
11-09-2018 16:35:23 TCP: Saving Data Into Database......
11-09-2018 16:35:23 TCP: Successfully Saved To Database......
11-09-2018 16:35:33 TCP: Recieved 36 bytes from socket.
11-09-2018 16:35:33 TCP: Parsing Data....
11-09-2018 16:35:33 TCP: Saving Data Into Database......
11-09-2018 16:35:33 TCP: Successfully Saved To Database......
11-09-2018 16:35:43 TCP: Recieved 36 bytes from socket.
11-09-2018 16:35:43 TCP: Parsing Data....
11-09-2018 16:35:43 TCP: Saving Data Into Database......
11-09-2018 16:35:43 TCP: Successfully Saved To Database......
11-09-2018 16:35:53 TCP: Recieved 36 bytes from socket.
11-09-2018 16:35:53 TCP: Parsing Data....
11-09-2018 16:35:53 TCP: Saving Data Into Database......
11-09-2018 16:35:53 TCP: Successfully Saved To Database......
11-09-2018 16:36:03 TCP: Recieved 36 bytes from socket.
11-09-2018 16:36:03 TCP: Parsing Data....
11-09-2018 16:36:03 TCP: Saving Data Into Database......
11-09-2018 16:36:03 TCP: Successfully Saved To Database......
11-09-2018 16:36:13 TCP: Recieved 36 bytes from socket.
11-09-2018 16:36:13 TCP: Parsing Data....
11-09-2018 16:36:13 TCP: Saving Data Into Database......
11-09-2018 16:36:13 TCP: Successfully Saved To Database......
11-09-2018 16:36:23 TCP: Recieved 36 bytes from socket.
11-09-2018 16:36:23 TCP: Parsing Data....
11-09-2018 16:36:23 TCP: Saving Data Into Database......
11-09-2018 16:36:23 TCP: Successfully Saved To Database......
11-09-2018 16:36:33 TCP: Recieved 36 bytes from socket.
11-09-2018 16:36:33 TCP: Parsing Data....
11-09-2018 16:36:33 TCP: Saving Data Into Database......
11-09-2018 16:36:33 TCP: Successfully Saved To Database......
11-09-2018 16:36:43 TCP: Recieved 36 bytes from socket.
11-09-2018 16:36:43 TCP: Parsing Data....
11-09-2018 16:36:43 TCP: Saving Data Into Database......
11-09-2018 16:36:43 TCP: Successfully Saved To Database......
11-09-2018 16:36:45 TCP: Recieved 15 bytes from socket.
11-09-2018 16:36:45 TCP: Parsing Data....
11-09-2018 16:36:53 TCP: Recieved 36 bytes from socket.
11-09-2018 16:36:53 TCP: Parsing Data....
11-09-2018 16:36:53 TCP: Saving Data Into Database......
11-09-2018 16:36:53 TCP: Successfully Saved To Database......
11-09-2018 16:37:03 TCP: Recieved 36 bytes from socket.
11-09-2018 16:37:03 TCP: Parsing Data....
11-09-2018 16:37:03 TCP: Saving Data Into Database......
11-09-2018 16:37:03 TCP: Successfully Saved To Database......
11-09-2018 16:37:13 TCP: Recieved 36 bytes from socket.
11-09-2018 16:37:13 TCP: Parsing Data....
11-09-2018 16:37:13 TCP: Saving Data Into Database......
11-09-2018 16:37:13 TCP: Successfully Saved To Database......
11-09-2018 16:37:22 TCP: Recieved 36 bytes from socket.
11-09-2018 16:37:22 TCP: Parsing Data....
11-09-2018 16:37:22 TCP: Saving Data Into Database......
11-09-2018 16:37:23 TCP: Successfully Saved To Database......
11-09-2018 16:37:32 TCP: Recieved 36 bytes from socket.
11-09-2018 16:37:32 TCP: Parsing Data....
11-09-2018 16:37:32 TCP: Saving Data Into Database......
11-09-2018 16:37:32 TCP: Successfully Saved To Database......
