29-08-2018 15:29:14 UDP: Started listening at port 8414
29-08-2018 15:29:14 TCP: Started listening at port 10025
29-08-2018 15:29:14 TCP Output Control: Started listening at port 668
29-08-2018 15:29:15 TCP Output Control: Error in confirmation checker.
29-08-2018 15:29:15 TCP Output Control: System.InvalidOperationException: ExecuteNonQuery requires the command to have a transaction when the connection assigned to the command is in a pending local transaction.  The Transaction property of the command has not been initialized.
   at System.Data.SqlClient.SqlCommand.ValidateCommand(String method, Boolean async)
   at System.Data.SqlClient.SqlCommand.InternalExecuteNonQuery(TaskCompletionSource`1 completion, String methodName, Boolean sendToPipe, Int32 timeout, Boolean& usedCache, Boolean asyncWrite, Boolean inRetry)
   at System.Data.SqlClient.SqlCommand.ExecuteNonQuery()
   at ExampleService.DataAccess.MSSqlDataAccess.OutputUpdate(Int32 id, Byte status) in C:\Users\Abuzar\Desktop\27-08-2018\ExampleService\DataAccess\MSSqlDataAccess.cs:line 540
   at ExampleService.DataAccess.MSSqlDataAccess.CheckConfirmationExpirations() in C:\Users\Abuzar\Desktop\27-08-2018\ExampleService\DataAccess\MSSqlDataAccess.cs:line 561
   at ExampleService.TCPOutputControl.CheckConfirmationExpiration() in C:\Users\Abuzar\Desktop\27-08-2018\ExampleService\TCPOutputControl.cs:line 312
29-08-2018 15:29:50 TCP: Got new connection: 42.106.26.129:4252
29-08-2018 15:29:51 TCP: Recieved 18 bytes from socket.
29-08-2018 15:29:51 TCP: Checking for keyword validity.
29-08-2018 15:30:02 TCP: Keyword valid. Waiting for data.
29-08-2018 15:30:02 TCP: Recieved 87 bytes from socket.
29-08-2018 15:30:02 TCP: Parsing recieved data.
29-08-2018 15:30:02 TCP: ---- Parser log start ----
29-08-2018 15:30:09 Helper: IMEI: 2968533478209507843
29-08-2018 15:30:09 Helper: Checksum does not match.
29-08-2018 15:30:09 TCP: ---- Saving to database ----
29-08-2018 15:30:09 TCP: ---- Successfully saved to database ----
29-08-2018 15:30:09 TCP: Recieved 72 bytes from socket.
29-08-2018 15:30:09 TCP: Parsing recieved data.
29-08-2018 15:30:09 TCP: ---- Parser log start ----
29-08-2018 15:30:15 Helper: IMEI: 2968533478209507843
29-08-2018 15:30:15 Helper: Checksum does not match.
29-08-2018 15:30:15 TCP: ---- Saving to database ----
29-08-2018 15:30:15 TCP: ---- Successfully saved to database ----
29-08-2018 15:30:15 TCP: Recieved 72 bytes from socket.
29-08-2018 15:30:15 TCP: Parsing recieved data.
29-08-2018 15:30:15 TCP: ---- Parser log start ----
29-08-2018 15:30:17 Helper: IMEI: 2968533478209507843
29-08-2018 15:30:17 Helper: Checksum does not match.
29-08-2018 15:30:17 TCP: ---- Saving to database ----
29-08-2018 15:30:17 TCP: ---- Successfully saved to database ----
29-08-2018 15:30:17 TCP: Recieved 36 bytes from socket.
29-08-2018 15:30:17 TCP: Parsing recieved data.
29-08-2018 15:30:17 TCP: ---- Parser log start ----
29-08-2018 15:31:16 Helper: IMEI: 2968533478209507843
29-08-2018 15:31:16 Helper: Checksum does not match.
29-08-2018 15:31:16 TCP: ---- Saving to database ----
29-08-2018 15:31:16 TCP: ---- Successfully saved to database ----
29-08-2018 15:31:16 TCP: Recieved 612 bytes from socket.
29-08-2018 15:31:16 TCP: Parsing recieved data.
29-08-2018 15:31:16 TCP: ---- Parser log start ----
29-08-2018 15:32:04 Helper: IMEI: 2968533478209507843
29-08-2018 15:32:04 Helper: Checksum does not match.
29-08-2018 15:32:04 TCP: ---- Saving to database ----
29-08-2018 15:32:04 TCP: ---- Successfully saved to database ----
29-08-2018 15:32:04 TCP: Recieved 195 bytes from socket.
29-08-2018 15:32:04 TCP: Parsing recieved data.
29-08-2018 15:32:04 TCP: ---- Parser log start ----
29-08-2018 15:32:13 Helper: IMEI: 2968533478209507843
29-08-2018 15:32:13 Helper: Checksum does not match.
29-08-2018 15:32:13 TCP: ---- Saving to database ----
29-08-2018 15:32:13 TCP: ---- Successfully saved to database ----
29-08-2018 15:32:13 TCP: Recieved 36 bytes from socket.
29-08-2018 15:32:13 TCP: Parsing recieved data.
29-08-2018 15:32:13 TCP: ---- Parser log start ----
