30-08-2018 17:59:04 UDP: Started listening at port 8414
30-08-2018 17:59:04 TCP: Started listening at port 10025
30-08-2018 17:59:04 TCP Output Control: Started listening at port 668
30-08-2018 17:59:05 TCP Output Control: Error in confirmation checker.
30-08-2018 17:59:05 TCP Output Control: System.InvalidOperationException: ExecuteNonQuery requires the command to have a transaction when the connection assigned to the command is in a pending local transaction.  The Transaction property of the command has not been initialized.
   at System.Data.SqlClient.SqlCommand.ValidateCommand(String method, Boolean async)
   at System.Data.SqlClient.SqlCommand.InternalExecuteNonQuery(TaskCompletionSource`1 completion, String methodName, Boolean sendToPipe, Int32 timeout, Boolean& usedCache, Boolean asyncWrite, Boolean inRetry)
   at System.Data.SqlClient.SqlCommand.ExecuteNonQuery()
   at ExampleService.DataAccess.MSSqlDataAccess.OutputUpdate(Int32 id, Byte status) in C:\Users\Abuzar\Desktop\27-08-2018\ExampleService\DataAccess\MSSqlDataAccess.cs:line 540
   at ExampleService.DataAccess.MSSqlDataAccess.CheckConfirmationExpirations() in C:\Users\Abuzar\Desktop\27-08-2018\ExampleService\DataAccess\MSSqlDataAccess.cs:line 561
   at ExampleService.TCPOutputControl.CheckConfirmationExpiration() in C:\Users\Abuzar\Desktop\27-08-2018\ExampleService\TCPOutputControl.cs:line 312
30-08-2018 17:59:35 TCP: Got new connection: 42.106.25.114:35593
30-08-2018 18:00:01 TCP: Recieved 18 bytes from socket.
30-08-2018 18:00:01 TCP: Checking for keyword validity.
30-08-2018 18:00:37 TCP: Keyword valid. Waiting for data.
30-08-2018 18:00:38 TCP: Recieved 642 bytes from socket.
30-08-2018 18:00:51 TCP: Longitude:.136.381278
30-08-2018 18:00:51 TCP: Lattitude:.48.336948
30-08-2018 18:00:51 TCP: Date:.18830122940
30-08-2018 18:01:11 TCP: Longitude:.136.38126
30-08-2018 18:01:11 TCP: Lattitude:.48.33669
