01-09-2018 10:06:34 UDP: Started listening at port 8414
01-09-2018 10:06:34 TCP: Started listening at port 10025
01-09-2018 10:06:34 TCP Output Control: Started listening at port 668
01-09-2018 10:06:35 TCP Output Control: Error in confirmation checker.
01-09-2018 10:06:35 TCP Output Control: System.InvalidOperationException: ExecuteNonQuery requires the command to have a transaction when the connection assigned to the command is in a pending local transaction.  The Transaction property of the command has not been initialized.
   at System.Data.SqlClient.SqlCommand.ValidateCommand(String method, Boolean async)
   at System.Data.SqlClient.SqlCommand.InternalExecuteNonQuery(TaskCompletionSource`1 completion, String methodName, Boolean sendToPipe, Int32 timeout, Boolean& usedCache, Boolean asyncWrite, Boolean inRetry)
   at System.Data.SqlClient.SqlCommand.ExecuteNonQuery()
   at ExampleService.DataAccess.MSSqlDataAccess.OutputUpdate(Int32 id, Byte status) in C:\Users\Abuzar\Desktop\27-08-2018\ExampleService\DataAccess\MSSqlDataAccess.cs:line 540
   at ExampleService.DataAccess.MSSqlDataAccess.CheckConfirmationExpirations() in C:\Users\Abuzar\Desktop\27-08-2018\ExampleService\DataAccess\MSSqlDataAccess.cs:line 561
   at ExampleService.TCPOutputControl.CheckConfirmationExpiration() in C:\Users\Abuzar\Desktop\27-08-2018\ExampleService\TCPOutputControl.cs:line 312
01-09-2018 10:06:51 TCP: Got new connection: 42.106.30.22:59182
01-09-2018 10:06:52 TCP: Recieved 18 bytes from socket.
01-09-2018 10:06:52 TCP: Checking for keyword validity.
01-09-2018 10:06:52 TCP: Keyword valid. Waiting for data.
01-09-2018 10:06:55 TCP: Recieved 15 bytes from socket.
01-09-2018 10:06:55 TCP: Packet too short.
01-09-2018 10:07:00 TCP: Recieved 36 bytes from socket.
01-09-2018 10:07:02 TCP: Recieved 36 bytes from socket.
01-09-2018 10:07:02 TCP: Checking for keyword validity.
01-09-2018 10:07:02 TCP: Keyword valid. Waiting for data.
01-09-2018 10:07:05 TCP: Recieved 36 bytes from socket.
01-09-2018 10:07:08 TCP: Recieved 36 bytes from socket.
01-09-2018 10:07:08 TCP: Checking for keyword validity.
01-09-2018 10:07:08 TCP: Keyword valid. Waiting for data.
01-09-2018 10:07:11 TCP: Recieved 36 bytes from socket.
01-09-2018 10:07:14 TCP: Recieved 36 bytes from socket.
01-09-2018 10:07:14 TCP: Checking for keyword validity.
01-09-2018 10:07:14 TCP: Keyword valid. Waiting for data.
01-09-2018 10:07:17 TCP: Recieved 36 bytes from socket.
01-09-2018 10:07:20 TCP: Recieved 36 bytes from socket.
01-09-2018 10:07:20 TCP: Checking for keyword validity.
01-09-2018 10:07:20 TCP: Keyword valid. Waiting for data.
01-09-2018 10:07:23 TCP: Recieved 36 bytes from socket.
01-09-2018 10:07:26 TCP: Recieved 9 bytes from socket.
01-09-2018 10:07:26 TCP: Checking for keyword validity.
01-09-2018 10:07:26 TCP: Keyword valid. Waiting for data.
01-09-2018 10:07:29 TCP: Recieved 27 bytes from socket.
01-09-2018 10:07:32 TCP: Recieved 9 bytes from socket.
01-09-2018 10:07:32 TCP: Checking for keyword validity.
01-09-2018 10:07:32 TCP: Keyword valid. Waiting for data.
01-09-2018 10:07:35 TCP: Recieved 27 bytes from socket.
01-09-2018 10:07:38 TCP: Recieved 9 bytes from socket.
01-09-2018 10:07:38 TCP: Checking for keyword validity.
01-09-2018 10:07:38 TCP: Keyword valid. Waiting for data.
01-09-2018 10:07:41 TCP: Recieved 27 bytes from socket.
01-09-2018 10:07:44 TCP: Recieved 9 bytes from socket.
01-09-2018 10:07:44 TCP: Checking for keyword validity.
01-09-2018 10:07:44 TCP: Keyword valid. Waiting for data.
01-09-2018 10:07:47 TCP: Recieved 36 bytes from socket.
01-09-2018 10:07:50 TCP: Recieved 27 bytes from socket.
01-09-2018 10:07:50 TCP: Checking for keyword validity.
01-09-2018 10:07:50 TCP: Keyword valid. Waiting for data.
01-09-2018 10:07:53 TCP: Recieved 9 bytes from socket.
01-09-2018 10:07:53 TCP: Packet too short.
01-09-2018 10:07:56 TCP: Recieved 27 bytes from socket.
01-09-2018 10:07:59 TCP: Recieved 9 bytes from socket.
01-09-2018 10:07:59 TCP: Checking for keyword validity.
01-09-2018 10:07:59 TCP: Keyword valid. Waiting for data.
01-09-2018 10:08:02 TCP: Recieved 27 bytes from socket.
01-09-2018 10:08:05 TCP: Recieved 36 bytes from socket.
01-09-2018 10:08:05 TCP: Checking for keyword validity.
01-09-2018 10:08:05 TCP: Keyword valid. Waiting for data.
01-09-2018 10:08:08 TCP: Recieved 36 bytes from socket.
01-09-2018 10:08:11 TCP: Recieved 36 bytes from socket.
01-09-2018 10:08:11 TCP: Checking for keyword validity.
01-09-2018 10:08:11 TCP: Keyword valid. Waiting for data.
01-09-2018 10:08:14 TCP: Recieved 36 bytes from socket.
01-09-2018 10:08:17 TCP: Recieved 36 bytes from socket.
01-09-2018 10:08:17 TCP: Checking for keyword validity.
01-09-2018 10:08:17 TCP: Keyword valid. Waiting for data.
01-09-2018 10:08:20 TCP: Recieved 36 bytes from socket.
01-09-2018 10:08:23 TCP: Recieved 36 bytes from socket.
01-09-2018 10:08:23 TCP: Checking for keyword validity.
01-09-2018 10:08:23 TCP: Keyword valid. Waiting for data.
01-09-2018 10:08:26 TCP: Recieved 36 bytes from socket.
01-09-2018 10:08:29 TCP: Recieved 36 bytes from socket.
01-09-2018 10:08:29 TCP: Checking for keyword validity.
01-09-2018 10:08:29 TCP: Keyword valid. Waiting for data.
01-09-2018 10:08:32 TCP: Recieved 36 bytes from socket.
01-09-2018 10:08:35 TCP: Recieved 36 bytes from socket.
01-09-2018 10:08:35 TCP: Checking for keyword validity.
01-09-2018 10:08:35 TCP: Keyword valid. Waiting for data.
01-09-2018 10:08:38 TCP: Recieved 36 bytes from socket.
01-09-2018 10:08:44 TCP: Recieved 36 bytes from socket.
01-09-2018 10:08:44 TCP: Checking for keyword validity.
01-09-2018 10:08:44 TCP: Keyword valid. Waiting for data.
01-09-2018 10:08:45 TCP: Recieved 36 bytes from socket.
01-09-2018 10:08:47 TCP: Recieved 36 bytes from socket.
01-09-2018 10:08:47 TCP: Checking for keyword validity.
01-09-2018 10:08:47 TCP: Keyword valid. Waiting for data.
01-09-2018 10:08:50 TCP: Recieved 36 bytes from socket.
01-09-2018 10:08:53 TCP: Recieved 36 bytes from socket.
01-09-2018 10:08:53 TCP: Checking for keyword validity.
01-09-2018 10:08:53 TCP: Keyword valid. Waiting for data.
01-09-2018 10:08:56 TCP: Recieved 36 bytes from socket.
01-09-2018 10:08:59 TCP: Recieved 36 bytes from socket.
01-09-2018 10:08:59 TCP: Checking for keyword validity.
01-09-2018 10:08:59 TCP: Keyword valid. Waiting for data.
01-09-2018 10:09:02 TCP: Recieved 36 bytes from socket.
01-09-2018 10:09:05 TCP: Recieved 36 bytes from socket.
01-09-2018 10:09:05 TCP: Checking for keyword validity.
01-09-2018 10:09:05 TCP: Keyword valid. Waiting for data.
01-09-2018 10:09:09 TCP: Recieved 36 bytes from socket.
01-09-2018 10:09:11 TCP: Recieved 36 bytes from socket.
01-09-2018 10:09:11 TCP: Checking for keyword validity.
01-09-2018 10:09:11 TCP: Keyword valid. Waiting for data.
01-09-2018 10:09:14 TCP: Recieved 36 bytes from socket.
01-09-2018 10:09:17 TCP: Recieved 36 bytes from socket.
01-09-2018 10:09:17 TCP: Checking for keyword validity.
01-09-2018 10:09:17 TCP: Keyword valid. Waiting for data.
01-09-2018 10:09:20 TCP: Recieved 36 bytes from socket.
01-09-2018 10:09:23 TCP: Recieved 36 bytes from socket.
01-09-2018 10:09:23 TCP: Checking for keyword validity.
01-09-2018 10:09:23 TCP: Keyword valid. Waiting for data.
01-09-2018 10:09:26 TCP: Recieved 36 bytes from socket.
01-09-2018 10:09:29 TCP: Recieved 36 bytes from socket.
01-09-2018 10:09:29 TCP: Checking for keyword validity.
01-09-2018 10:09:29 TCP: Keyword valid. Waiting for data.
01-09-2018 10:09:32 TCP: Recieved 36 bytes from socket.
01-09-2018 10:09:35 TCP: Recieved 36 bytes from socket.
01-09-2018 10:09:35 TCP: Checking for keyword validity.
01-09-2018 10:09:35 TCP: Keyword valid. Waiting for data.
01-09-2018 10:09:38 TCP: Recieved 36 bytes from socket.
01-09-2018 10:09:41 TCP: Recieved 36 bytes from socket.
01-09-2018 10:09:41 TCP: Checking for keyword validity.
01-09-2018 10:09:41 TCP: Keyword valid. Waiting for data.
01-09-2018 10:09:44 TCP: Recieved 36 bytes from socket.
01-09-2018 10:09:47 TCP: Recieved 36 bytes from socket.
01-09-2018 10:09:47 TCP: Checking for keyword validity.
01-09-2018 10:09:47 TCP: Keyword valid. Waiting for data.
01-09-2018 10:09:50 TCP: Recieved 36 bytes from socket.
01-09-2018 10:09:53 TCP: Recieved 36 bytes from socket.
01-09-2018 10:09:53 TCP: Checking for keyword validity.
01-09-2018 10:09:53 TCP: Keyword valid. Waiting for data.
01-09-2018 10:09:56 TCP: Recieved 36 bytes from socket.
01-09-2018 10:09:59 TCP: Recieved 36 bytes from socket.
01-09-2018 10:09:59 TCP: Checking for keyword validity.
01-09-2018 10:09:59 TCP: Keyword valid. Waiting for data.
01-09-2018 10:10:02 TCP: Recieved 36 bytes from socket.
01-09-2018 10:10:05 TCP: Recieved 36 bytes from socket.
01-09-2018 10:10:05 TCP: Checking for keyword validity.
01-09-2018 10:10:05 TCP: Keyword valid. Waiting for data.
01-09-2018 10:10:08 TCP: Recieved 15 bytes from socket.
01-09-2018 10:10:08 TCP: Packet too short.
01-09-2018 10:10:11 TCP: Recieved 36 bytes from socket.
01-09-2018 10:10:14 TCP: Recieved 36 bytes from socket.
01-09-2018 10:10:14 TCP: Checking for keyword validity.
01-09-2018 10:10:14 TCP: Keyword valid. Waiting for data.
01-09-2018 10:10:17 TCP: Recieved 36 bytes from socket.
01-09-2018 10:10:20 TCP: Recieved 36 bytes from socket.
01-09-2018 10:10:25 TCP: Checking for keyword validity.
01-09-2018 10:10:25 TCP: Keyword valid. Waiting for data.
01-09-2018 10:10:25 TCP: Recieved 36 bytes from socket.
01-09-2018 10:10:26 TCP: Recieved 36 bytes from socket.
01-09-2018 10:10:26 TCP: Checking for keyword validity.
01-09-2018 10:10:26 TCP: Keyword valid. Waiting for data.
01-09-2018 10:10:29 TCP: Recieved 36 bytes from socket.
01-09-2018 10:10:32 TCP: Recieved 36 bytes from socket.
01-09-2018 10:10:32 TCP: Checking for keyword validity.
01-09-2018 10:10:32 TCP: Keyword valid. Waiting for data.
01-09-2018 10:10:35 TCP: Recieved 36 bytes from socket.
01-09-2018 10:10:38 TCP: Recieved 36 bytes from socket.
01-09-2018 10:10:38 TCP: Checking for keyword validity.
01-09-2018 10:10:38 TCP: Keyword valid. Waiting for data.
01-09-2018 10:10:41 TCP: Recieved 36 bytes from socket.
01-09-2018 10:10:44 TCP: Recieved 36 bytes from socket.
01-09-2018 10:10:44 TCP: Checking for keyword validity.
01-09-2018 10:10:44 TCP: Keyword valid. Waiting for data.
01-09-2018 10:10:47 TCP: Recieved 36 bytes from socket.
01-09-2018 10:10:50 TCP: Recieved 36 bytes from socket.
01-09-2018 10:10:50 TCP: Checking for keyword validity.
01-09-2018 10:10:50 TCP: Keyword valid. Waiting for data.
01-09-2018 10:10:53 TCP: Recieved 36 bytes from socket.
01-09-2018 10:10:56 TCP: Recieved 36 bytes from socket.
01-09-2018 10:10:56 TCP: Checking for keyword validity.
01-09-2018 10:10:56 TCP: Keyword valid. Waiting for data.
01-09-2018 10:10:59 TCP: Recieved 36 bytes from socket.
01-09-2018 10:11:02 TCP: Recieved 36 bytes from socket.
01-09-2018 10:11:02 TCP: Checking for keyword validity.
01-09-2018 10:11:02 TCP: Keyword valid. Waiting for data.
01-09-2018 10:11:05 TCP: Recieved 36 bytes from socket.
01-09-2018 10:11:08 TCP: Recieved 36 bytes from socket.
01-09-2018 10:11:08 TCP: Checking for keyword validity.
01-09-2018 10:11:08 TCP: Keyword valid. Waiting for data.
01-09-2018 10:11:11 TCP: Recieved 36 bytes from socket.
01-09-2018 10:11:14 TCP: Recieved 36 bytes from socket.
01-09-2018 10:11:14 TCP: Checking for keyword validity.
01-09-2018 10:11:14 TCP: Keyword valid. Waiting for data.
01-09-2018 10:11:17 TCP: Recieved 36 bytes from socket.
01-09-2018 10:11:20 TCP: Recieved 36 bytes from socket.
01-09-2018 10:11:20 TCP: Checking for keyword validity.
01-09-2018 10:11:20 TCP: Keyword valid. Waiting for data.
01-09-2018 10:11:21 TCP: Got new connection: 42.106.30.22:9727
01-09-2018 10:11:22 TCP: Recieved 18 bytes from socket.
01-09-2018 10:11:22 TCP: Checking for keyword validity.
01-09-2018 10:11:22 TCP: Keyword valid. Waiting for data.
01-09-2018 10:11:26 TCP: Recieved 36 bytes from socket.
01-09-2018 10:11:28 TCP: Recieved 36 bytes from socket.
01-09-2018 10:11:28 TCP: Checking for keyword validity.
01-09-2018 10:11:28 TCP: Keyword valid. Waiting for data.
01-09-2018 10:11:31 TCP: Recieved 36 bytes from socket.
01-09-2018 10:11:34 TCP: Recieved 36 bytes from socket.
01-09-2018 10:11:34 TCP: Checking for keyword validity.
01-09-2018 10:11:34 TCP: Keyword valid. Waiting for data.
01-09-2018 10:11:38 TCP: Recieved 36 bytes from socket.
01-09-2018 10:11:41 TCP: Recieved 36 bytes from socket.
01-09-2018 10:11:41 TCP: Checking for keyword validity.
01-09-2018 10:11:41 TCP: Keyword valid. Waiting for data.
01-09-2018 10:11:44 TCP: Recieved 36 bytes from socket.
01-09-2018 10:11:46 TCP: Recieved 36 bytes from socket.
01-09-2018 10:11:46 TCP: Checking for keyword validity.
01-09-2018 10:11:46 TCP: Keyword valid. Waiting for data.
01-09-2018 10:11:49 TCP: Recieved 36 bytes from socket.
01-09-2018 10:11:52 TCP: Recieved 36 bytes from socket.
01-09-2018 10:11:52 TCP: Checking for keyword validity.
01-09-2018 10:11:52 TCP: Keyword valid. Waiting for data.
01-09-2018 10:11:56 TCP: Recieved 36 bytes from socket.
01-09-2018 10:11:59 TCP: Recieved 36 bytes from socket.
01-09-2018 10:11:59 TCP: Checking for keyword validity.
01-09-2018 10:11:59 TCP: Keyword valid. Waiting for data.
01-09-2018 10:12:02 TCP: Recieved 36 bytes from socket.
01-09-2018 10:12:05 TCP: Recieved 36 bytes from socket.
01-09-2018 10:12:05 TCP: Checking for keyword validity.
01-09-2018 10:12:05 TCP: Keyword valid. Waiting for data.
01-09-2018 10:12:08 TCP: Recieved 36 bytes from socket.
01-09-2018 10:12:11 TCP: Recieved 36 bytes from socket.
01-09-2018 10:12:11 TCP: Checking for keyword validity.
01-09-2018 10:12:11 TCP: Keyword valid. Waiting for data.
01-09-2018 10:12:14 TCP: Recieved 36 bytes from socket.
01-09-2018 10:12:17 TCP: Recieved 36 bytes from socket.
01-09-2018 10:12:17 TCP: Checking for keyword validity.
01-09-2018 10:12:17 TCP: Keyword valid. Waiting for data.
01-09-2018 10:12:20 TCP: Recieved 36 bytes from socket.
01-09-2018 10:12:23 TCP: Recieved 36 bytes from socket.
01-09-2018 10:12:23 TCP: Checking for keyword validity.
01-09-2018 10:12:23 TCP: Keyword valid. Waiting for data.
01-09-2018 10:12:26 TCP: Recieved 36 bytes from socket.
01-09-2018 10:12:29 TCP: Recieved 36 bytes from socket.
01-09-2018 10:12:29 TCP: Checking for keyword validity.
01-09-2018 10:12:29 TCP: Keyword valid. Waiting for data.
01-09-2018 10:12:32 TCP: Recieved 36 bytes from socket.
01-09-2018 10:12:35 TCP: Recieved 36 bytes from socket.
01-09-2018 10:12:35 TCP: Checking for keyword validity.
01-09-2018 10:12:35 TCP: Keyword valid. Waiting for data.
01-09-2018 10:12:38 TCP: Recieved 36 bytes from socket.
01-09-2018 10:12:41 TCP: Recieved 36 bytes from socket.
01-09-2018 10:12:41 TCP: Checking for keyword validity.
01-09-2018 10:12:41 TCP: Keyword valid. Waiting for data.
01-09-2018 10:12:44 TCP: Recieved 36 bytes from socket.
01-09-2018 10:12:47 TCP: Recieved 36 bytes from socket.
01-09-2018 10:12:47 TCP: Checking for keyword validity.
01-09-2018 10:12:47 TCP: Keyword valid. Waiting for data.
01-09-2018 10:12:49 TCP: Recieved 36 bytes from socket.
01-09-2018 10:12:53 TCP: Recieved 36 bytes from socket.
01-09-2018 10:12:53 TCP: Checking for keyword validity.
01-09-2018 10:12:53 TCP: Keyword valid. Waiting for data.
01-09-2018 10:12:56 TCP: Recieved 36 bytes from socket.
01-09-2018 10:12:59 TCP: Recieved 36 bytes from socket.
01-09-2018 10:12:59 TCP: Checking for keyword validity.
01-09-2018 10:12:59 TCP: Keyword valid. Waiting for data.
01-09-2018 10:13:02 TCP: Recieved 36 bytes from socket.
01-09-2018 10:13:05 TCP: Recieved 36 bytes from socket.
01-09-2018 10:13:05 TCP: Checking for keyword validity.
01-09-2018 10:13:05 TCP: Keyword valid. Waiting for data.
01-09-2018 10:13:08 TCP: Recieved 36 bytes from socket.
01-09-2018 10:13:11 TCP: Recieved 36 bytes from socket.
01-09-2018 10:13:11 TCP: Checking for keyword validity.
01-09-2018 10:13:11 TCP: Keyword valid. Waiting for data.
01-09-2018 10:13:14 TCP: Recieved 36 bytes from socket.
01-09-2018 10:13:17 TCP: Recieved 36 bytes from socket.
01-09-2018 10:13:17 TCP: Checking for keyword validity.
01-09-2018 10:13:17 TCP: Keyword valid. Waiting for data.
01-09-2018 10:13:19 TCP: Recieved 36 bytes from socket.
01-09-2018 10:13:23 TCP: Recieved 36 bytes from socket.
01-09-2018 10:13:23 TCP: Checking for keyword validity.
01-09-2018 10:13:23 TCP: Keyword valid. Waiting for data.
01-09-2018 10:13:26 TCP: Recieved 36 bytes from socket.
01-09-2018 10:13:29 TCP: Recieved 36 bytes from socket.
01-09-2018 10:13:29 TCP: Checking for keyword validity.
01-09-2018 10:13:29 TCP: Keyword valid. Waiting for data.
01-09-2018 10:13:32 TCP: Recieved 36 bytes from socket.
01-09-2018 10:13:35 TCP: Recieved 36 bytes from socket.
01-09-2018 10:13:35 TCP: Checking for keyword validity.
01-09-2018 10:13:35 TCP: Keyword valid. Waiting for data.
01-09-2018 10:13:38 TCP: Recieved 36 bytes from socket.
01-09-2018 10:13:41 TCP: Recieved 15 bytes from socket.
01-09-2018 10:13:41 TCP: Checking for keyword validity.
01-09-2018 10:13:41 TCP: Keyword valid. Waiting for data.
01-09-2018 10:13:44 TCP: Recieved 36 bytes from socket.
01-09-2018 10:13:47 TCP: Recieved 36 bytes from socket.
01-09-2018 10:13:47 TCP: Checking for keyword validity.
01-09-2018 10:13:47 TCP: Keyword valid. Waiting for data.
01-09-2018 10:13:50 TCP: Recieved 36 bytes from socket.
01-09-2018 10:13:53 TCP: Recieved 36 bytes from socket.
01-09-2018 10:13:53 TCP: Checking for keyword validity.
01-09-2018 10:13:53 TCP: Keyword valid. Waiting for data.
01-09-2018 10:13:56 TCP: Recieved 36 bytes from socket.
01-09-2018 10:13:59 TCP: Recieved 36 bytes from socket.
01-09-2018 10:13:59 TCP: Checking for keyword validity.
01-09-2018 10:13:59 TCP: Keyword valid. Waiting for data.
01-09-2018 10:14:02 TCP: Recieved 36 bytes from socket.
01-09-2018 10:14:05 TCP: Recieved 36 bytes from socket.
01-09-2018 10:14:05 TCP: Checking for keyword validity.
01-09-2018 10:14:05 TCP: Keyword valid. Waiting for data.
01-09-2018 10:14:08 TCP: Recieved 36 bytes from socket.
01-09-2018 10:14:11 TCP: Recieved 36 bytes from socket.
01-09-2018 10:14:11 TCP: Checking for keyword validity.
01-09-2018 10:14:11 TCP: Keyword valid. Waiting for data.
01-09-2018 10:14:14 TCP: Recieved 36 bytes from socket.
01-09-2018 10:14:17 TCP: Recieved 36 bytes from socket.
01-09-2018 10:14:17 TCP: Checking for keyword validity.
01-09-2018 10:14:17 TCP: Keyword valid. Waiting for data.
01-09-2018 10:14:20 TCP: Recieved 36 bytes from socket.
01-09-2018 10:14:23 TCP: Recieved 36 bytes from socket.
01-09-2018 10:14:23 TCP: Checking for keyword validity.
01-09-2018 10:14:23 TCP: Keyword valid. Waiting for data.
01-09-2018 10:14:26 TCP: Recieved 36 bytes from socket.
01-09-2018 10:14:29 TCP: Recieved 36 bytes from socket.
01-09-2018 10:14:29 TCP: Checking for keyword validity.
01-09-2018 10:14:29 TCP: Keyword valid. Waiting for data.
01-09-2018 10:14:32 TCP: Recieved 36 bytes from socket.
01-09-2018 10:14:35 TCP: Recieved 36 bytes from socket.
01-09-2018 10:14:35 TCP: Checking for keyword validity.
01-09-2018 10:14:35 TCP: Keyword valid. Waiting for data.
01-09-2018 10:14:38 TCP: Recieved 36 bytes from socket.
01-09-2018 10:14:41 TCP: Recieved 36 bytes from socket.
01-09-2018 10:14:41 TCP: Checking for keyword validity.
01-09-2018 10:14:41 TCP: Keyword valid. Waiting for data.
01-09-2018 10:14:44 TCP: Recieved 36 bytes from socket.
01-09-2018 10:14:47 TCP: Recieved 36 bytes from socket.
01-09-2018 10:14:47 TCP: Checking for keyword validity.
01-09-2018 10:14:47 TCP: Keyword valid. Waiting for data.
01-09-2018 10:14:50 TCP: Recieved 36 bytes from socket.
01-09-2018 10:14:53 TCP: Recieved 36 bytes from socket.
01-09-2018 10:14:53 TCP: Checking for keyword validity.
01-09-2018 10:14:53 TCP: Keyword valid. Waiting for data.
01-09-2018 10:14:56 TCP: Recieved 36 bytes from socket.
01-09-2018 10:14:59 TCP: Recieved 36 bytes from socket.
01-09-2018 10:14:59 TCP: Checking for keyword validity.
01-09-2018 10:14:59 TCP: Keyword valid. Waiting for data.
01-09-2018 10:15:02 TCP: Recieved 36 bytes from socket.
01-09-2018 10:15:05 TCP: Recieved 36 bytes from socket.
01-09-2018 10:15:05 TCP: Checking for keyword validity.
01-09-2018 10:15:05 TCP: Keyword valid. Waiting for data.
01-09-2018 10:15:08 TCP: Recieved 36 bytes from socket.
01-09-2018 10:15:11 TCP: Recieved 36 bytes from socket.
01-09-2018 10:15:11 TCP: Checking for keyword validity.
01-09-2018 10:15:11 TCP: Keyword valid. Waiting for data.
01-09-2018 10:15:14 TCP: Recieved 36 bytes from socket.
01-09-2018 10:15:17 TCP: Recieved 36 bytes from socket.
01-09-2018 10:15:17 TCP: Checking for keyword validity.
01-09-2018 10:15:17 TCP: Keyword valid. Waiting for data.
01-09-2018 10:15:20 TCP: Recieved 36 bytes from socket.
01-09-2018 10:15:23 TCP: Recieved 36 bytes from socket.
01-09-2018 10:15:23 TCP: Checking for keyword validity.
01-09-2018 10:15:23 TCP: Keyword valid. Waiting for data.
01-09-2018 10:15:26 TCP: Recieved 36 bytes from socket.
01-09-2018 10:15:29 TCP: Recieved 36 bytes from socket.
01-09-2018 10:15:29 TCP: Checking for keyword validity.
01-09-2018 10:15:29 TCP: Keyword valid. Waiting for data.
01-09-2018 10:15:32 TCP: Recieved 36 bytes from socket.
01-09-2018 10:15:35 TCP: Recieved 36 bytes from socket.
01-09-2018 10:15:35 TCP: Checking for keyword validity.
01-09-2018 10:15:35 TCP: Keyword valid. Waiting for data.
01-09-2018 10:15:38 TCP: Recieved 36 bytes from socket.
01-09-2018 10:15:41 TCP: Recieved 36 bytes from socket.
01-09-2018 10:15:41 TCP: Checking for keyword validity.
01-09-2018 10:15:41 TCP: Keyword valid. Waiting for data.
01-09-2018 10:15:44 TCP: Recieved 36 bytes from socket.
01-09-2018 10:15:47 TCP: Recieved 36 bytes from socket.
01-09-2018 10:15:47 TCP: Checking for keyword validity.
01-09-2018 10:15:47 TCP: Keyword valid. Waiting for data.
01-09-2018 10:15:50 TCP: Recieved 36 bytes from socket.
01-09-2018 10:15:52 TCP: Got new connection: 42.106.30.22:35391
01-09-2018 10:15:53 TCP: Recieved 18 bytes from socket.
01-09-2018 10:15:53 TCP: Checking for keyword validity.
01-09-2018 10:15:53 TCP: Keyword valid. Waiting for data.
01-09-2018 10:15:57 TCP: Recieved 36 bytes from socket.
01-09-2018 10:16:00 TCP: Recieved 36 bytes from socket.
01-09-2018 10:16:00 TCP: Checking for keyword validity.
01-09-2018 10:16:00 TCP: Keyword valid. Waiting for data.
01-09-2018 10:16:03 TCP: Recieved 36 bytes from socket.
01-09-2018 10:16:06 TCP: Recieved 36 bytes from socket.
01-09-2018 10:16:06 TCP: Checking for keyword validity.
01-09-2018 10:16:06 TCP: Keyword valid. Waiting for data.
01-09-2018 10:16:08 TCP: Recieved 36 bytes from socket.
01-09-2018 10:16:12 TCP: Recieved 36 bytes from socket.
01-09-2018 10:16:12 TCP: Checking for keyword validity.
01-09-2018 10:16:12 TCP: Keyword valid. Waiting for data.
01-09-2018 10:16:15 TCP: Recieved 36 bytes from socket.
01-09-2018 10:16:18 TCP: Recieved 36 bytes from socket.
01-09-2018 10:16:18 TCP: Checking for keyword validity.
01-09-2018 10:16:18 TCP: Keyword valid. Waiting for data.
01-09-2018 10:16:21 TCP: Recieved 36 bytes from socket.
01-09-2018 10:16:23 TCP: Recieved 36 bytes from socket.
01-09-2018 10:16:23 TCP: Checking for keyword validity.
01-09-2018 10:16:23 TCP: Keyword valid. Waiting for data.
01-09-2018 10:16:26 TCP: Recieved 36 bytes from socket.
01-09-2018 10:16:30 TCP: Recieved 36 bytes from socket.
01-09-2018 10:16:30 TCP: Checking for keyword validity.
01-09-2018 10:16:30 TCP: Keyword valid. Waiting for data.
01-09-2018 10:16:33 TCP: Recieved 36 bytes from socket.
01-09-2018 10:16:35 TCP: Recieved 36 bytes from socket.
01-09-2018 10:16:35 TCP: Checking for keyword validity.
01-09-2018 10:16:35 TCP: Keyword valid. Waiting for data.
01-09-2018 10:16:39 TCP: Recieved 36 bytes from socket.
01-09-2018 10:16:42 TCP: Recieved 36 bytes from socket.
01-09-2018 10:16:42 TCP: Checking for keyword validity.
01-09-2018 10:16:42 TCP: Keyword valid. Waiting for data.
01-09-2018 10:16:45 TCP: Recieved 36 bytes from socket.
01-09-2018 10:16:47 TCP: Recieved 36 bytes from socket.
01-09-2018 10:16:47 TCP: Checking for keyword validity.
01-09-2018 10:16:47 TCP: Keyword valid. Waiting for data.
01-09-2018 10:16:50 TCP: Recieved 36 bytes from socket.
01-09-2018 10:16:54 TCP: Recieved 36 bytes from socket.
01-09-2018 10:16:54 TCP: Checking for keyword validity.
01-09-2018 10:16:54 TCP: Keyword valid. Waiting for data.
01-09-2018 10:16:57 TCP: Recieved 36 bytes from socket.
01-09-2018 10:17:00 TCP: Recieved 36 bytes from socket.
01-09-2018 10:17:00 TCP: Checking for keyword validity.
01-09-2018 10:17:00 TCP: Keyword valid. Waiting for data.
01-09-2018 10:17:02 TCP: Recieved 36 bytes from socket.
01-09-2018 10:17:06 TCP: Recieved 36 bytes from socket.
01-09-2018 10:17:06 TCP: Checking for keyword validity.
01-09-2018 10:17:06 TCP: Keyword valid. Waiting for data.
01-09-2018 10:17:08 TCP: Recieved 36 bytes from socket.
01-09-2018 10:17:11 TCP: Recieved 36 bytes from socket.
01-09-2018 10:17:11 TCP: Checking for keyword validity.
01-09-2018 10:17:11 TCP: Keyword valid. Waiting for data.
01-09-2018 10:17:14 TCP: Recieved 15 bytes from socket.
01-09-2018 10:17:14 TCP: Packet too short.
01-09-2018 10:17:18 TCP: Recieved 36 bytes from socket.
01-09-2018 10:17:21 TCP: Recieved 36 bytes from socket.
01-09-2018 10:17:21 TCP: Checking for keyword validity.
01-09-2018 10:17:21 TCP: Keyword valid. Waiting for data.
01-09-2018 10:17:24 TCP: Recieved 36 bytes from socket.
01-09-2018 10:17:26 TCP: Recieved 36 bytes from socket.
01-09-2018 10:17:26 TCP: Checking for keyword validity.
01-09-2018 10:17:26 TCP: Keyword valid. Waiting for data.
01-09-2018 10:17:29 TCP: Recieved 36 bytes from socket.
01-09-2018 10:17:33 TCP: Recieved 36 bytes from socket.
01-09-2018 10:17:33 TCP: Checking for keyword validity.
01-09-2018 10:17:33 TCP: Keyword valid. Waiting for data.
01-09-2018 10:17:36 TCP: Recieved 36 bytes from socket.
01-09-2018 10:17:38 TCP: Recieved 36 bytes from socket.
01-09-2018 10:17:38 TCP: Checking for keyword validity.
01-09-2018 10:17:38 TCP: Keyword valid. Waiting for data.
01-09-2018 10:17:41 TCP: Recieved 36 bytes from socket.
01-09-2018 10:17:44 TCP: Recieved 36 bytes from socket.
01-09-2018 10:17:44 TCP: Checking for keyword validity.
01-09-2018 10:17:44 TCP: Keyword valid. Waiting for data.
01-09-2018 10:17:48 TCP: Recieved 36 bytes from socket.
01-09-2018 10:17:51 TCP: Recieved 36 bytes from socket.
01-09-2018 10:17:51 TCP: Checking for keyword validity.
01-09-2018 10:17:51 TCP: Keyword valid. Waiting for data.
01-09-2018 10:17:54 TCP: Recieved 36 bytes from socket.
01-09-2018 10:17:56 TCP: Recieved 36 bytes from socket.
01-09-2018 10:17:56 TCP: Checking for keyword validity.
01-09-2018 10:17:56 TCP: Keyword valid. Waiting for data.
01-09-2018 10:18:00 TCP: Recieved 36 bytes from socket.
01-09-2018 10:18:03 TCP: Recieved 36 bytes from socket.
01-09-2018 10:18:03 TCP: Checking for keyword validity.
01-09-2018 10:18:03 TCP: Keyword valid. Waiting for data.
01-09-2018 10:18:06 TCP: Recieved 36 bytes from socket.
01-09-2018 10:18:09 TCP: Recieved 36 bytes from socket.
01-09-2018 10:18:09 TCP: Checking for keyword validity.
01-09-2018 10:18:09 TCP: Keyword valid. Waiting for data.
01-09-2018 10:18:12 TCP: Recieved 36 bytes from socket.
01-09-2018 10:18:14 TCP: Recieved 36 bytes from socket.
01-09-2018 10:18:14 TCP: Checking for keyword validity.
01-09-2018 10:18:14 TCP: Keyword valid. Waiting for data.
01-09-2018 10:18:17 TCP: Recieved 36 bytes from socket.
01-09-2018 10:18:20 TCP: Recieved 36 bytes from socket.
01-09-2018 10:18:20 TCP: Checking for keyword validity.
01-09-2018 10:18:20 TCP: Keyword valid. Waiting for data.
01-09-2018 10:18:23 TCP: Recieved 36 bytes from socket.
01-09-2018 10:18:27 TCP: Recieved 36 bytes from socket.
01-09-2018 10:18:27 TCP: Checking for keyword validity.
01-09-2018 10:18:27 TCP: Keyword valid. Waiting for data.
01-09-2018 10:18:29 TCP: Recieved 36 bytes from socket.
01-09-2018 10:18:33 TCP: Recieved 36 bytes from socket.
01-09-2018 10:18:33 TCP: Checking for keyword validity.
01-09-2018 10:18:33 TCP: Keyword valid. Waiting for data.
01-09-2018 10:18:36 TCP: Recieved 36 bytes from socket.
01-09-2018 10:18:39 TCP: Recieved 36 bytes from socket.
01-09-2018 10:18:39 TCP: Checking for keyword validity.
01-09-2018 10:18:39 TCP: Keyword valid. Waiting for data.
01-09-2018 10:18:42 TCP: Recieved 36 bytes from socket.
01-09-2018 10:18:44 TCP: Recieved 36 bytes from socket.
01-09-2018 10:18:44 TCP: Checking for keyword validity.
01-09-2018 10:18:44 TCP: Keyword valid. Waiting for data.
01-09-2018 10:18:48 TCP: Recieved 36 bytes from socket.
01-09-2018 10:18:52 TCP: Recieved 36 bytes from socket.
01-09-2018 10:18:52 TCP: Checking for keyword validity.
01-09-2018 10:18:52 TCP: Keyword valid. Waiting for data.
01-09-2018 10:18:53 TCP: Recieved 36 bytes from socket.
01-09-2018 10:18:56 TCP: Recieved 36 bytes from socket.
01-09-2018 10:18:56 TCP: Checking for keyword validity.
01-09-2018 10:18:56 TCP: Keyword valid. Waiting for data.
01-09-2018 10:19:00 TCP: Recieved 36 bytes from socket.
01-09-2018 10:19:03 TCP: Recieved 36 bytes from socket.
01-09-2018 10:19:03 TCP: Checking for keyword validity.
01-09-2018 10:19:03 TCP: Keyword valid. Waiting for data.
01-09-2018 10:19:05 TCP: Recieved 36 bytes from socket.
01-09-2018 10:19:09 TCP: Recieved 36 bytes from socket.
01-09-2018 10:19:09 TCP: Checking for keyword validity.
01-09-2018 10:19:09 TCP: Keyword valid. Waiting for data.
01-09-2018 10:19:11 TCP: Recieved 36 bytes from socket.
01-09-2018 10:19:15 TCP: Recieved 36 bytes from socket.
01-09-2018 10:19:15 TCP: Checking for keyword validity.
01-09-2018 10:19:15 TCP: Keyword valid. Waiting for data.
01-09-2018 10:19:18 TCP: Recieved 36 bytes from socket.
01-09-2018 10:19:21 TCP: Recieved 36 bytes from socket.
01-09-2018 10:19:21 TCP: Checking for keyword validity.
01-09-2018 10:19:21 TCP: Keyword valid. Waiting for data.
01-09-2018 10:19:24 TCP: Recieved 36 bytes from socket.
01-09-2018 10:19:27 TCP: Recieved 36 bytes from socket.
01-09-2018 10:19:27 TCP: Checking for keyword validity.
01-09-2018 10:19:27 TCP: Keyword valid. Waiting for data.
01-09-2018 10:19:30 TCP: Recieved 36 bytes from socket.
01-09-2018 10:19:33 TCP: Recieved 36 bytes from socket.
01-09-2018 10:19:33 TCP: Checking for keyword validity.
01-09-2018 10:19:33 TCP: Keyword valid. Waiting for data.
01-09-2018 10:19:36 TCP: Recieved 36 bytes from socket.
01-09-2018 10:19:39 TCP: Recieved 36 bytes from socket.
01-09-2018 10:19:39 TCP: Checking for keyword validity.
01-09-2018 10:19:39 TCP: Keyword valid. Waiting for data.
01-09-2018 10:19:42 TCP: Recieved 36 bytes from socket.
01-09-2018 10:19:50 TCP: Recieved 72 bytes from socket.
01-09-2018 10:19:50 TCP: Checking for keyword validity.
01-09-2018 10:19:50 TCP: Keyword valid. Waiting for data.
01-09-2018 10:19:51 TCP: Recieved 36 bytes from socket.
01-09-2018 10:19:54 TCP: Recieved 36 bytes from socket.
01-09-2018 10:19:54 TCP: Checking for keyword validity.
01-09-2018 10:19:54 TCP: Keyword valid. Waiting for data.
01-09-2018 10:19:57 TCP: Recieved 36 bytes from socket.
01-09-2018 10:20:00 TCP: Recieved 36 bytes from socket.
01-09-2018 10:20:00 TCP: Checking for keyword validity.
01-09-2018 10:20:00 TCP: Keyword valid. Waiting for data.
01-09-2018 10:20:03 TCP: Recieved 36 bytes from socket.
01-09-2018 10:20:06 TCP: Recieved 36 bytes from socket.
01-09-2018 10:20:06 TCP: Checking for keyword validity.
01-09-2018 10:20:06 TCP: Keyword valid. Waiting for data.
01-09-2018 10:20:09 TCP: Recieved 36 bytes from socket.
01-09-2018 10:20:12 TCP: Recieved 36 bytes from socket.
01-09-2018 10:20:12 TCP: Checking for keyword validity.
01-09-2018 10:20:12 TCP: Keyword valid. Waiting for data.
01-09-2018 10:20:15 TCP: Recieved 36 bytes from socket.
01-09-2018 10:20:18 TCP: Recieved 36 bytes from socket.
01-09-2018 10:20:18 TCP: Checking for keyword validity.
01-09-2018 10:20:18 TCP: Keyword valid. Waiting for data.
01-09-2018 10:20:21 TCP: Recieved 36 bytes from socket.
01-09-2018 10:20:57 TCP: Got new connection: 42.106.27.194:51446
01-09-2018 10:20:58 TCP: Recieved 18 bytes from socket.
01-09-2018 10:20:58 TCP: Checking for keyword validity.
01-09-2018 10:20:58 TCP: Keyword valid. Waiting for data.
01-09-2018 10:21:01 TCP: Recieved 36 bytes from socket.
01-09-2018 10:21:04 TCP: Recieved 15 bytes from socket.
01-09-2018 10:21:04 TCP: Checking for keyword validity.
01-09-2018 10:21:04 TCP: Keyword valid. Waiting for data.
01-09-2018 10:21:07 TCP: Recieved 36 bytes from socket.
01-09-2018 10:21:10 TCP: Recieved 36 bytes from socket.
01-09-2018 10:21:10 TCP: Checking for keyword validity.
01-09-2018 10:21:10 TCP: Keyword valid. Waiting for data.
01-09-2018 10:21:13 TCP: Recieved 36 bytes from socket.
01-09-2018 10:21:16 TCP: Recieved 36 bytes from socket.
01-09-2018 10:21:16 TCP: Checking for keyword validity.
01-09-2018 10:21:16 TCP: Keyword valid. Waiting for data.
01-09-2018 10:21:19 TCP: Recieved 36 bytes from socket.
01-09-2018 10:21:22 TCP: Recieved 36 bytes from socket.
01-09-2018 10:21:22 TCP: Checking for keyword validity.
01-09-2018 10:21:22 TCP: Keyword valid. Waiting for data.
01-09-2018 10:21:25 TCP: Recieved 36 bytes from socket.
01-09-2018 10:21:28 TCP: Recieved 36 bytes from socket.
01-09-2018 10:21:28 TCP: Checking for keyword validity.
01-09-2018 10:21:28 TCP: Keyword valid. Waiting for data.
01-09-2018 10:21:31 TCP: Recieved 36 bytes from socket.
01-09-2018 10:21:34 TCP: Recieved 36 bytes from socket.
01-09-2018 10:21:34 TCP: Checking for keyword validity.
01-09-2018 10:21:34 TCP: Keyword valid. Waiting for data.
01-09-2018 10:21:37 TCP: Recieved 36 bytes from socket.
01-09-2018 10:21:40 TCP: Recieved 36 bytes from socket.
01-09-2018 10:21:40 TCP: Checking for keyword validity.
01-09-2018 10:21:40 TCP: Keyword valid. Waiting for data.
01-09-2018 10:21:43 TCP: Recieved 36 bytes from socket.
01-09-2018 10:21:46 TCP: Recieved 36 bytes from socket.
01-09-2018 10:21:46 TCP: Checking for keyword validity.
01-09-2018 10:21:46 TCP: Keyword valid. Waiting for data.
01-09-2018 10:21:49 TCP: Recieved 36 bytes from socket.
01-09-2018 10:21:52 TCP: Recieved 36 bytes from socket.
01-09-2018 10:21:52 TCP: Checking for keyword validity.
01-09-2018 10:21:52 TCP: Keyword valid. Waiting for data.
01-09-2018 10:21:55 TCP: Recieved 36 bytes from socket.
01-09-2018 10:21:58 TCP: Recieved 36 bytes from socket.
01-09-2018 10:21:58 TCP: Checking for keyword validity.
01-09-2018 10:21:58 TCP: Keyword valid. Waiting for data.
01-09-2018 10:22:01 TCP: Recieved 36 bytes from socket.
01-09-2018 10:22:04 TCP: Recieved 36 bytes from socket.
01-09-2018 10:22:04 TCP: Checking for keyword validity.
01-09-2018 10:22:04 TCP: Keyword valid. Waiting for data.
01-09-2018 10:22:07 TCP: Recieved 36 bytes from socket.
01-09-2018 10:22:10 TCP: Recieved 36 bytes from socket.
01-09-2018 10:22:10 TCP: Checking for keyword validity.
01-09-2018 10:22:10 TCP: Keyword valid. Waiting for data.
01-09-2018 10:22:13 TCP: Recieved 36 bytes from socket.
01-09-2018 10:22:16 TCP: Recieved 36 bytes from socket.
01-09-2018 10:22:16 TCP: Checking for keyword validity.
01-09-2018 10:22:16 TCP: Keyword valid. Waiting for data.
01-09-2018 10:22:19 TCP: Recieved 36 bytes from socket.
01-09-2018 10:22:22 TCP: Recieved 36 bytes from socket.
01-09-2018 10:22:22 TCP: Checking for keyword validity.
01-09-2018 10:22:22 TCP: Keyword valid. Waiting for data.
01-09-2018 10:22:25 TCP: Recieved 36 bytes from socket.
01-09-2018 10:22:28 TCP: Recieved 36 bytes from socket.
01-09-2018 10:22:28 TCP: Checking for keyword validity.
01-09-2018 10:22:28 TCP: Keyword valid. Waiting for data.
01-09-2018 10:22:31 TCP: Recieved 36 bytes from socket.
01-09-2018 10:22:34 TCP: Recieved 36 bytes from socket.
01-09-2018 10:22:34 TCP: Checking for keyword validity.
01-09-2018 10:22:34 TCP: Keyword valid. Waiting for data.
01-09-2018 10:22:37 TCP: Recieved 36 bytes from socket.
01-09-2018 10:22:40 TCP: Recieved 36 bytes from socket.
01-09-2018 10:22:40 TCP: Checking for keyword validity.
01-09-2018 10:22:40 TCP: Keyword valid. Waiting for data.
01-09-2018 10:22:43 TCP: Recieved 36 bytes from socket.
01-09-2018 10:22:47 TCP: Recieved 36 bytes from socket.
01-09-2018 10:22:47 TCP: Checking for keyword validity.
01-09-2018 10:22:47 TCP: Keyword valid. Waiting for data.
01-09-2018 10:22:49 TCP: Recieved 36 bytes from socket.
01-09-2018 10:22:53 TCP: Recieved 36 bytes from socket.
01-09-2018 10:22:53 TCP: Checking for keyword validity.
01-09-2018 10:22:53 TCP: Keyword valid. Waiting for data.
01-09-2018 10:22:55 TCP: Recieved 36 bytes from socket.
01-09-2018 10:22:58 TCP: Recieved 36 bytes from socket.
01-09-2018 10:22:58 TCP: Checking for keyword validity.
01-09-2018 10:22:58 TCP: Keyword valid. Waiting for data.
01-09-2018 10:23:01 TCP: Recieved 36 bytes from socket.
01-09-2018 10:23:04 TCP: Recieved 36 bytes from socket.
01-09-2018 10:23:04 TCP: Checking for keyword validity.
01-09-2018 10:23:04 TCP: Keyword valid. Waiting for data.
01-09-2018 10:23:07 TCP: Recieved 36 bytes from socket.
01-09-2018 10:23:10 TCP: Recieved 36 bytes from socket.
01-09-2018 10:23:10 TCP: Checking for keyword validity.
01-09-2018 10:23:10 TCP: Keyword valid. Waiting for data.
01-09-2018 10:23:13 TCP: Recieved 36 bytes from socket.
01-09-2018 10:23:16 TCP: Recieved 36 bytes from socket.
01-09-2018 10:23:16 TCP: Checking for keyword validity.
01-09-2018 10:23:16 TCP: Keyword valid. Waiting for data.
01-09-2018 10:23:20 TCP: Recieved 36 bytes from socket.
01-09-2018 10:23:22 TCP: Recieved 36 bytes from socket.
01-09-2018 10:23:22 TCP: Checking for keyword validity.
01-09-2018 10:23:22 TCP: Keyword valid. Waiting for data.
01-09-2018 10:23:25 TCP: Recieved 36 bytes from socket.
01-09-2018 10:23:28 TCP: Recieved 36 bytes from socket.
01-09-2018 10:23:28 TCP: Checking for keyword validity.
01-09-2018 10:23:28 TCP: Keyword valid. Waiting for data.
01-09-2018 10:23:31 TCP: Recieved 36 bytes from socket.
01-09-2018 10:23:34 TCP: Recieved 36 bytes from socket.
01-09-2018 10:23:34 TCP: Checking for keyword validity.
01-09-2018 10:23:34 TCP: Keyword valid. Waiting for data.
01-09-2018 10:23:37 TCP: Recieved 36 bytes from socket.
01-09-2018 10:23:42 TCP: Recieved 36 bytes from socket.
01-09-2018 10:23:42 TCP: Checking for keyword validity.
01-09-2018 10:23:42 TCP: Keyword valid. Waiting for data.
01-09-2018 10:23:43 TCP: Recieved 36 bytes from socket.
01-09-2018 10:23:46 TCP: Recieved 36 bytes from socket.
01-09-2018 10:23:46 TCP: Checking for keyword validity.
01-09-2018 10:23:46 TCP: Keyword valid. Waiting for data.
01-09-2018 10:23:49 TCP: Recieved 36 bytes from socket.
01-09-2018 10:23:53 TCP: Recieved 36 bytes from socket.
01-09-2018 10:23:53 TCP: Checking for keyword validity.
01-09-2018 10:23:53 TCP: Keyword valid. Waiting for data.
01-09-2018 10:23:55 TCP: Recieved 36 bytes from socket.
01-09-2018 10:23:58 TCP: Recieved 36 bytes from socket.
01-09-2018 10:23:58 TCP: Checking for keyword validity.
01-09-2018 10:23:58 TCP: Keyword valid. Waiting for data.
01-09-2018 10:24:01 TCP: Recieved 36 bytes from socket.
01-09-2018 10:24:05 TCP: Recieved 36 bytes from socket.
01-09-2018 10:24:05 TCP: Checking for keyword validity.
01-09-2018 10:24:05 TCP: Keyword valid. Waiting for data.
01-09-2018 10:24:07 TCP: Recieved 36 bytes from socket.
01-09-2018 10:24:10 TCP: Recieved 36 bytes from socket.
01-09-2018 10:24:10 TCP: Checking for keyword validity.
01-09-2018 10:24:10 TCP: Keyword valid. Waiting for data.
01-09-2018 10:24:14 TCP: Recieved 36 bytes from socket.
01-09-2018 10:24:16 TCP: Recieved 36 bytes from socket.
01-09-2018 10:24:16 TCP: Checking for keyword validity.
01-09-2018 10:24:16 TCP: Keyword valid. Waiting for data.
01-09-2018 10:24:21 TCP: Recieved 36 bytes from socket.
01-09-2018 10:24:22 TCP: Recieved 36 bytes from socket.
01-09-2018 10:24:22 TCP: Checking for keyword validity.
01-09-2018 10:24:22 TCP: Keyword valid. Waiting for data.
01-09-2018 10:24:26 TCP: Recieved 36 bytes from socket.
01-09-2018 10:24:28 TCP: Recieved 36 bytes from socket.
01-09-2018 10:24:28 TCP: Checking for keyword validity.
01-09-2018 10:24:28 TCP: Keyword valid. Waiting for data.
01-09-2018 10:24:31 TCP: Recieved 36 bytes from socket.
01-09-2018 10:24:34 TCP: Recieved 15 bytes from socket.
01-09-2018 10:24:34 TCP: Checking for keyword validity.
01-09-2018 10:24:34 TCP: Keyword valid. Waiting for data.
01-09-2018 10:24:38 TCP: Recieved 36 bytes from socket.
01-09-2018 10:24:41 TCP: Recieved 36 bytes from socket.
01-09-2018 10:24:41 TCP: Checking for keyword validity.
01-09-2018 10:24:41 TCP: Keyword valid. Waiting for data.
01-09-2018 10:24:43 TCP: Recieved 36 bytes from socket.
01-09-2018 10:24:46 TCP: Recieved 36 bytes from socket.
01-09-2018 10:24:46 TCP: Checking for keyword validity.
01-09-2018 10:24:46 TCP: Keyword valid. Waiting for data.
01-09-2018 10:24:49 TCP: Recieved 36 bytes from socket.
01-09-2018 10:24:53 TCP: Recieved 36 bytes from socket.
01-09-2018 10:24:53 TCP: Checking for keyword validity.
01-09-2018 10:24:53 TCP: Keyword valid. Waiting for data.
01-09-2018 10:24:56 TCP: Recieved 36 bytes from socket.
01-09-2018 10:24:59 TCP: Recieved 36 bytes from socket.
01-09-2018 10:24:59 TCP: Checking for keyword validity.
01-09-2018 10:24:59 TCP: Keyword valid. Waiting for data.
01-09-2018 10:25:02 TCP: Recieved 36 bytes from socket.
01-09-2018 10:25:05 TCP: Recieved 36 bytes from socket.
01-09-2018 10:25:05 TCP: Checking for keyword validity.
01-09-2018 10:25:05 TCP: Keyword valid. Waiting for data.
01-09-2018 10:25:08 TCP: Recieved 36 bytes from socket.
01-09-2018 10:25:10 TCP: Recieved 36 bytes from socket.
01-09-2018 10:25:10 TCP: Checking for keyword validity.
01-09-2018 10:25:10 TCP: Keyword valid. Waiting for data.
01-09-2018 10:25:13 TCP: Recieved 36 bytes from socket.
01-09-2018 10:25:16 TCP: Recieved 36 bytes from socket.
01-09-2018 10:25:16 TCP: Checking for keyword validity.
01-09-2018 10:25:16 TCP: Keyword valid. Waiting for data.
01-09-2018 10:25:19 TCP: Recieved 36 bytes from socket.
01-09-2018 10:25:22 TCP: Recieved 36 bytes from socket.
01-09-2018 10:25:22 TCP: Checking for keyword validity.
01-09-2018 10:25:22 TCP: Keyword valid. Waiting for data.
01-09-2018 10:25:26 TCP: Recieved 36 bytes from socket.
01-09-2018 10:25:28 TCP: Got new connection: 42.106.27.194:51931
01-09-2018 10:25:29 TCP: Recieved 18 bytes from socket.
01-09-2018 10:25:29 TCP: Checking for keyword validity.
01-09-2018 10:25:29 TCP: Keyword valid. Waiting for data.
01-09-2018 10:25:32 TCP: Recieved 36 bytes from socket.
01-09-2018 10:25:35 TCP: Recieved 36 bytes from socket.
01-09-2018 10:25:35 TCP: Checking for keyword validity.
01-09-2018 10:25:35 TCP: Keyword valid. Waiting for data.
01-09-2018 10:25:38 TCP: Recieved 36 bytes from socket.
01-09-2018 10:25:41 TCP: Recieved 36 bytes from socket.
01-09-2018 10:25:41 TCP: Checking for keyword validity.
01-09-2018 10:25:41 TCP: Keyword valid. Waiting for data.
01-09-2018 10:25:44 TCP: Recieved 36 bytes from socket.
01-09-2018 10:25:47 TCP: Recieved 36 bytes from socket.
01-09-2018 10:25:47 TCP: Checking for keyword validity.
01-09-2018 10:25:47 TCP: Keyword valid. Waiting for data.
01-09-2018 10:25:50 TCP: Recieved 36 bytes from socket.
01-09-2018 10:25:53 TCP: Recieved 36 bytes from socket.
01-09-2018 10:25:53 TCP: Checking for keyword validity.
01-09-2018 10:25:53 TCP: Keyword valid. Waiting for data.
01-09-2018 10:25:57 TCP: Recieved 36 bytes from socket.
01-09-2018 10:25:59 TCP: Recieved 36 bytes from socket.
01-09-2018 10:25:59 TCP: Checking for keyword validity.
01-09-2018 10:25:59 TCP: Keyword valid. Waiting for data.
01-09-2018 10:26:02 TCP: Recieved 36 bytes from socket.
01-09-2018 10:26:05 TCP: Recieved 36 bytes from socket.
01-09-2018 10:26:05 TCP: Checking for keyword validity.
01-09-2018 10:26:05 TCP: Keyword valid. Waiting for data.
01-09-2018 10:26:08 TCP: Recieved 36 bytes from socket.
01-09-2018 10:26:11 TCP: Recieved 36 bytes from socket.
01-09-2018 10:26:11 TCP: Checking for keyword validity.
01-09-2018 10:26:11 TCP: Keyword valid. Waiting for data.
01-09-2018 10:26:14 TCP: Recieved 36 bytes from socket.
01-09-2018 10:26:17 TCP: Recieved 36 bytes from socket.
01-09-2018 10:26:17 TCP: Checking for keyword validity.
01-09-2018 10:26:17 TCP: Keyword valid. Waiting for data.
01-09-2018 10:26:20 TCP: Recieved 36 bytes from socket.
01-09-2018 10:26:23 TCP: Recieved 36 bytes from socket.
01-09-2018 10:26:23 TCP: Checking for keyword validity.
01-09-2018 10:26:23 TCP: Keyword valid. Waiting for data.
01-09-2018 10:26:26 TCP: Recieved 36 bytes from socket.
01-09-2018 10:26:29 TCP: Recieved 36 bytes from socket.
01-09-2018 10:26:29 TCP: Checking for keyword validity.
01-09-2018 10:26:29 TCP: Keyword valid. Waiting for data.
01-09-2018 10:26:32 TCP: Recieved 15 bytes from socket.
01-09-2018 10:26:32 TCP: Packet too short.
01-09-2018 10:26:35 TCP: Recieved 36 bytes from socket.
01-09-2018 10:26:38 TCP: Recieved 36 bytes from socket.
01-09-2018 10:26:38 TCP: Checking for keyword validity.
01-09-2018 10:26:38 TCP: Keyword valid. Waiting for data.
01-09-2018 10:26:41 TCP: Recieved 36 bytes from socket.
01-09-2018 10:26:44 TCP: Recieved 36 bytes from socket.
01-09-2018 10:26:44 TCP: Checking for keyword validity.
01-09-2018 10:26:44 TCP: Keyword valid. Waiting for data.
01-09-2018 10:26:47 TCP: Recieved 36 bytes from socket.
01-09-2018 10:26:50 TCP: Recieved 36 bytes from socket.
01-09-2018 10:26:50 TCP: Checking for keyword validity.
01-09-2018 10:26:50 TCP: Keyword valid. Waiting for data.
01-09-2018 10:26:53 TCP: Recieved 36 bytes from socket.
01-09-2018 10:26:56 TCP: Recieved 36 bytes from socket.
01-09-2018 10:26:56 TCP: Checking for keyword validity.
01-09-2018 10:26:56 TCP: Keyword valid. Waiting for data.
01-09-2018 10:26:59 TCP: Recieved 36 bytes from socket.
01-09-2018 10:27:02 TCP: Recieved 36 bytes from socket.
01-09-2018 10:27:02 TCP: Checking for keyword validity.
01-09-2018 10:27:02 TCP: Keyword valid. Waiting for data.
01-09-2018 10:27:05 TCP: Recieved 36 bytes from socket.
01-09-2018 10:27:08 TCP: Recieved 36 bytes from socket.
01-09-2018 10:27:08 TCP: Checking for keyword validity.
01-09-2018 10:27:08 TCP: Keyword valid. Waiting for data.
01-09-2018 10:27:11 TCP: Recieved 36 bytes from socket.
01-09-2018 10:27:14 TCP: Recieved 36 bytes from socket.
01-09-2018 10:27:14 TCP: Checking for keyword validity.
01-09-2018 10:27:14 TCP: Keyword valid. Waiting for data.
01-09-2018 10:27:17 TCP: Recieved 36 bytes from socket.
01-09-2018 10:27:20 TCP: Recieved 36 bytes from socket.
01-09-2018 10:27:20 TCP: Checking for keyword validity.
01-09-2018 10:27:20 TCP: Keyword valid. Waiting for data.
01-09-2018 10:27:23 TCP: Recieved 36 bytes from socket.
01-09-2018 10:27:26 TCP: Recieved 36 bytes from socket.
01-09-2018 10:27:26 TCP: Checking for keyword validity.
01-09-2018 10:27:26 TCP: Keyword valid. Waiting for data.
01-09-2018 10:27:29 TCP: Recieved 36 bytes from socket.
01-09-2018 10:27:32 TCP: Recieved 36 bytes from socket.
01-09-2018 10:27:32 TCP: Checking for keyword validity.
01-09-2018 10:27:32 TCP: Keyword valid. Waiting for data.
01-09-2018 10:27:35 TCP: Recieved 36 bytes from socket.
01-09-2018 10:27:38 TCP: Recieved 36 bytes from socket.
01-09-2018 10:27:38 TCP: Checking for keyword validity.
01-09-2018 10:27:38 TCP: Keyword valid. Waiting for data.
01-09-2018 10:27:41 TCP: Recieved 36 bytes from socket.
01-09-2018 10:27:44 TCP: Recieved 36 bytes from socket.
01-09-2018 10:27:44 TCP: Checking for keyword validity.
01-09-2018 10:27:44 TCP: Keyword valid. Waiting for data.
01-09-2018 10:27:47 TCP: Recieved 36 bytes from socket.
01-09-2018 10:27:50 TCP: Recieved 36 bytes from socket.
01-09-2018 10:27:50 TCP: Checking for keyword validity.
01-09-2018 10:27:50 TCP: Keyword valid. Waiting for data.
01-09-2018 10:27:53 TCP: Recieved 36 bytes from socket.
01-09-2018 10:27:56 TCP: Recieved 36 bytes from socket.
01-09-2018 10:27:56 TCP: Checking for keyword validity.
01-09-2018 10:27:56 TCP: Keyword valid. Waiting for data.
01-09-2018 10:27:59 TCP: Recieved 15 bytes from socket.
01-09-2018 10:27:59 TCP: Packet too short.
01-09-2018 10:28:02 TCP: Recieved 36 bytes from socket.
01-09-2018 10:28:05 TCP: Recieved 36 bytes from socket.
01-09-2018 10:28:05 TCP: Checking for keyword validity.
01-09-2018 10:28:05 TCP: Keyword valid. Waiting for data.
01-09-2018 10:28:10 TCP: Recieved 36 bytes from socket.
01-09-2018 10:28:12 TCP: Recieved 36 bytes from socket.
01-09-2018 10:28:12 TCP: Checking for keyword validity.
01-09-2018 10:28:12 TCP: Keyword valid. Waiting for data.
01-09-2018 10:28:14 TCP: Recieved 36 bytes from socket.
01-09-2018 10:28:17 TCP: Recieved 36 bytes from socket.
01-09-2018 10:28:22 TCP: Checking for keyword validity.
01-09-2018 10:28:22 TCP: Keyword valid. Waiting for data.
01-09-2018 10:28:22 TCP: Recieved 36 bytes from socket.
01-09-2018 10:28:23 TCP: Recieved 36 bytes from socket.
01-09-2018 10:28:23 TCP: Checking for keyword validity.
01-09-2018 10:28:23 TCP: Keyword valid. Waiting for data.
01-09-2018 10:28:26 TCP: Recieved 36 bytes from socket.
01-09-2018 10:28:29 TCP: Recieved 36 bytes from socket.
01-09-2018 10:28:29 TCP: Checking for keyword validity.
01-09-2018 10:28:29 TCP: Keyword valid. Waiting for data.
01-09-2018 10:28:33 TCP: Recieved 36 bytes from socket.
01-09-2018 10:28:35 TCP: Recieved 36 bytes from socket.
01-09-2018 10:28:35 TCP: Checking for keyword validity.
01-09-2018 10:28:35 TCP: Keyword valid. Waiting for data.
01-09-2018 10:28:38 TCP: Recieved 36 bytes from socket.
01-09-2018 10:28:41 TCP: Recieved 36 bytes from socket.
01-09-2018 10:28:41 TCP: Checking for keyword validity.
01-09-2018 10:28:41 TCP: Keyword valid. Waiting for data.
01-09-2018 10:28:44 TCP: Recieved 36 bytes from socket.
01-09-2018 10:28:47 TCP: Recieved 36 bytes from socket.
01-09-2018 10:28:47 TCP: Checking for keyword validity.
01-09-2018 10:28:47 TCP: Keyword valid. Waiting for data.
01-09-2018 10:28:50 TCP: Recieved 36 bytes from socket.
01-09-2018 10:28:53 TCP: Recieved 36 bytes from socket.
01-09-2018 10:28:53 TCP: Checking for keyword validity.
01-09-2018 10:28:53 TCP: Keyword valid. Waiting for data.
01-09-2018 10:28:56 TCP: Recieved 36 bytes from socket.
01-09-2018 10:28:59 TCP: Recieved 36 bytes from socket.
01-09-2018 10:28:59 TCP: Checking for keyword validity.
01-09-2018 10:28:59 TCP: Keyword valid. Waiting for data.
01-09-2018 10:29:02 TCP: Recieved 36 bytes from socket.
01-09-2018 10:29:05 TCP: Recieved 36 bytes from socket.
01-09-2018 10:29:05 TCP: Checking for keyword validity.
01-09-2018 10:29:05 TCP: Keyword valid. Waiting for data.
01-09-2018 10:29:08 TCP: Recieved 36 bytes from socket.
01-09-2018 10:29:11 TCP: Recieved 36 bytes from socket.
01-09-2018 10:29:11 TCP: Checking for keyword validity.
01-09-2018 10:29:11 TCP: Keyword valid. Waiting for data.
01-09-2018 10:29:14 TCP: Recieved 36 bytes from socket.
01-09-2018 10:29:17 TCP: Recieved 36 bytes from socket.
01-09-2018 10:29:17 TCP: Checking for keyword validity.
01-09-2018 10:29:17 TCP: Keyword valid. Waiting for data.
01-09-2018 10:29:20 TCP: Recieved 36 bytes from socket.
01-09-2018 10:29:23 TCP: Recieved 36 bytes from socket.
01-09-2018 10:29:23 TCP: Checking for keyword validity.
01-09-2018 10:29:23 TCP: Keyword valid. Waiting for data.
01-09-2018 10:29:26 TCP: Recieved 36 bytes from socket.
01-09-2018 10:29:29 TCP: Recieved 15 bytes from socket.
01-09-2018 10:29:29 TCP: Checking for keyword validity.
01-09-2018 10:29:29 TCP: Keyword valid. Waiting for data.
01-09-2018 10:29:33 TCP: Recieved 36 bytes from socket.
01-09-2018 10:29:35 TCP: Recieved 36 bytes from socket.
01-09-2018 10:29:35 TCP: Checking for keyword validity.
01-09-2018 10:29:35 TCP: Keyword valid. Waiting for data.
01-09-2018 10:29:38 TCP: Recieved 36 bytes from socket.
01-09-2018 10:29:41 TCP: Recieved 36 bytes from socket.
01-09-2018 10:29:41 TCP: Checking for keyword validity.
01-09-2018 10:29:41 TCP: Keyword valid. Waiting for data.
01-09-2018 10:29:44 TCP: Recieved 36 bytes from socket.
01-09-2018 10:29:47 TCP: Recieved 36 bytes from socket.
01-09-2018 10:29:47 TCP: Checking for keyword validity.
01-09-2018 10:29:47 TCP: Keyword valid. Waiting for data.
01-09-2018 10:29:50 TCP: Recieved 36 bytes from socket.
01-09-2018 10:29:53 TCP: Recieved 36 bytes from socket.
01-09-2018 10:29:53 TCP: Checking for keyword validity.
01-09-2018 10:29:53 TCP: Keyword valid. Waiting for data.
01-09-2018 10:29:56 TCP: Recieved 36 bytes from socket.
01-09-2018 10:29:59 TCP: Got new connection: 42.106.27.194:50643
01-09-2018 10:30:00 TCP: Recieved 18 bytes from socket.
01-09-2018 10:30:00 TCP: Checking for keyword validity.
01-09-2018 10:30:00 TCP: Keyword valid. Waiting for data.
01-09-2018 10:30:03 TCP: Recieved 36 bytes from socket.
01-09-2018 10:30:06 TCP: Recieved 36 bytes from socket.
01-09-2018 10:30:06 TCP: Checking for keyword validity.
01-09-2018 10:30:06 TCP: Keyword valid. Waiting for data.
01-09-2018 10:30:09 TCP: Recieved 36 bytes from socket.
01-09-2018 10:30:12 TCP: Recieved 36 bytes from socket.
01-09-2018 10:30:12 TCP: Checking for keyword validity.
01-09-2018 10:30:12 TCP: Keyword valid. Waiting for data.
01-09-2018 10:30:15 TCP: Recieved 36 bytes from socket.
01-09-2018 10:30:18 TCP: Recieved 36 bytes from socket.
01-09-2018 10:30:18 TCP: Checking for keyword validity.
01-09-2018 10:30:18 TCP: Keyword valid. Waiting for data.
01-09-2018 10:30:21 TCP: Recieved 36 bytes from socket.
01-09-2018 10:30:24 TCP: Recieved 36 bytes from socket.
01-09-2018 10:30:24 TCP: Checking for keyword validity.
01-09-2018 10:30:24 TCP: Keyword valid. Waiting for data.
01-09-2018 10:30:27 TCP: Recieved 36 bytes from socket.
01-09-2018 10:30:30 TCP: Recieved 36 bytes from socket.
01-09-2018 10:30:30 TCP: Checking for keyword validity.
01-09-2018 10:30:30 TCP: Keyword valid. Waiting for data.
01-09-2018 10:30:33 TCP: Recieved 36 bytes from socket.
01-09-2018 10:30:36 TCP: Recieved 36 bytes from socket.
01-09-2018 10:30:36 TCP: Checking for keyword validity.
01-09-2018 10:30:36 TCP: Keyword valid. Waiting for data.
01-09-2018 10:30:39 TCP: Recieved 36 bytes from socket.
01-09-2018 10:30:42 TCP: Recieved 36 bytes from socket.
01-09-2018 10:30:42 TCP: Checking for keyword validity.
01-09-2018 10:30:42 TCP: Keyword valid. Waiting for data.
01-09-2018 10:30:45 TCP: Recieved 36 bytes from socket.
01-09-2018 10:30:48 TCP: Recieved 36 bytes from socket.
01-09-2018 10:30:48 TCP: Checking for keyword validity.
01-09-2018 10:30:48 TCP: Keyword valid. Waiting for data.
01-09-2018 10:30:53 TCP: Recieved 36 bytes from socket.
01-09-2018 10:30:55 TCP: Recieved 15 bytes from socket.
01-09-2018 10:30:55 TCP: Checking for keyword validity.
01-09-2018 10:30:55 TCP: Keyword valid. Waiting for data.
01-09-2018 10:30:57 TCP: Recieved 36 bytes from socket.
01-09-2018 10:31:00 TCP: Recieved 36 bytes from socket.
01-09-2018 10:31:00 TCP: Checking for keyword validity.
01-09-2018 10:31:00 TCP: Keyword valid. Waiting for data.
01-09-2018 10:31:03 TCP: Recieved 36 bytes from socket.
01-09-2018 10:31:06 TCP: Recieved 36 bytes from socket.
01-09-2018 10:31:06 TCP: Checking for keyword validity.
01-09-2018 10:31:06 TCP: Keyword valid. Waiting for data.
01-09-2018 10:31:09 TCP: Recieved 36 bytes from socket.
01-09-2018 10:31:12 TCP: Recieved 36 bytes from socket.
01-09-2018 10:31:12 TCP: Checking for keyword validity.
01-09-2018 10:31:12 TCP: Keyword valid. Waiting for data.
01-09-2018 10:31:15 TCP: Recieved 36 bytes from socket.
01-09-2018 10:31:18 TCP: Recieved 36 bytes from socket.
01-09-2018 10:31:18 TCP: Checking for keyword validity.
01-09-2018 10:31:18 TCP: Keyword valid. Waiting for data.
01-09-2018 10:31:21 TCP: Recieved 36 bytes from socket.
01-09-2018 10:31:24 TCP: Recieved 36 bytes from socket.
01-09-2018 10:31:24 TCP: Checking for keyword validity.
01-09-2018 10:31:24 TCP: Keyword valid. Waiting for data.
01-09-2018 10:31:27 TCP: Recieved 36 bytes from socket.
01-09-2018 10:31:30 TCP: Recieved 36 bytes from socket.
01-09-2018 10:31:30 TCP: Checking for keyword validity.
01-09-2018 10:31:30 TCP: Keyword valid. Waiting for data.
01-09-2018 10:31:33 TCP: Recieved 15 bytes from socket.
01-09-2018 10:31:33 TCP: Packet too short.
01-09-2018 10:31:36 TCP: Recieved 36 bytes from socket.
01-09-2018 10:31:39 TCP: Recieved 36 bytes from socket.
01-09-2018 10:31:39 TCP: Checking for keyword validity.
01-09-2018 10:31:39 TCP: Keyword valid. Waiting for data.
01-09-2018 10:31:42 TCP: Recieved 36 bytes from socket.
01-09-2018 10:31:45 TCP: Recieved 36 bytes from socket.
01-09-2018 10:31:45 TCP: Checking for keyword validity.
01-09-2018 10:31:45 TCP: Keyword valid. Waiting for data.
01-09-2018 10:31:48 TCP: Recieved 36 bytes from socket.
01-09-2018 10:31:53 TCP: Recieved 36 bytes from socket.
01-09-2018 10:31:53 TCP: Checking for keyword validity.
01-09-2018 10:31:53 TCP: Keyword valid. Waiting for data.
01-09-2018 10:31:54 TCP: Recieved 36 bytes from socket.
01-09-2018 10:31:57 TCP: Recieved 36 bytes from socket.
01-09-2018 10:31:57 TCP: Checking for keyword validity.
01-09-2018 10:31:57 TCP: Keyword valid. Waiting for data.
01-09-2018 10:32:00 TCP: Recieved 36 bytes from socket.
01-09-2018 10:32:03 TCP: Recieved 15 bytes from socket.
01-09-2018 10:32:03 TCP: Checking for keyword validity.
01-09-2018 10:32:03 TCP: Keyword valid. Waiting for data.
01-09-2018 10:32:06 TCP: Recieved 36 bytes from socket.
01-09-2018 10:32:09 TCP: Recieved 36 bytes from socket.
01-09-2018 10:32:09 TCP: Checking for keyword validity.
01-09-2018 10:32:09 TCP: Keyword valid. Waiting for data.
01-09-2018 10:32:12 TCP: Recieved 36 bytes from socket.
01-09-2018 10:32:15 TCP: Recieved 36 bytes from socket.
01-09-2018 10:32:15 TCP: Checking for keyword validity.
01-09-2018 10:32:15 TCP: Keyword valid. Waiting for data.
01-09-2018 10:32:18 TCP: Recieved 36 bytes from socket.
01-09-2018 10:32:21 TCP: Recieved 36 bytes from socket.
01-09-2018 10:32:21 TCP: Checking for keyword validity.
01-09-2018 10:32:21 TCP: Keyword valid. Waiting for data.
01-09-2018 10:32:26 TCP: Recieved 36 bytes from socket.
01-09-2018 10:32:27 TCP: Recieved 36 bytes from socket.
01-09-2018 10:32:27 TCP: Checking for keyword validity.
01-09-2018 10:32:27 TCP: Keyword valid. Waiting for data.
01-09-2018 10:32:30 TCP: Recieved 36 bytes from socket.
01-09-2018 10:32:33 TCP: Recieved 15 bytes from socket.
01-09-2018 10:32:33 TCP: Checking for keyword validity.
01-09-2018 10:32:33 TCP: Keyword valid. Waiting for data.
01-09-2018 10:32:36 TCP: Recieved 36 bytes from socket.
01-09-2018 10:32:39 TCP: Recieved 36 bytes from socket.
01-09-2018 10:32:39 TCP: Checking for keyword validity.
01-09-2018 10:32:39 TCP: Keyword valid. Waiting for data.
01-09-2018 10:32:42 TCP: Recieved 36 bytes from socket.
01-09-2018 10:32:45 TCP: Recieved 36 bytes from socket.
01-09-2018 10:32:45 TCP: Checking for keyword validity.
01-09-2018 10:32:45 TCP: Keyword valid. Waiting for data.
01-09-2018 10:32:48 TCP: Recieved 36 bytes from socket.
01-09-2018 10:32:51 TCP: Recieved 36 bytes from socket.
01-09-2018 10:32:51 TCP: Checking for keyword validity.
01-09-2018 10:32:51 TCP: Keyword valid. Waiting for data.
01-09-2018 10:32:54 TCP: Recieved 36 bytes from socket.
01-09-2018 10:32:57 TCP: Recieved 36 bytes from socket.
01-09-2018 10:32:57 TCP: Checking for keyword validity.
01-09-2018 10:32:57 TCP: Keyword valid. Waiting for data.
01-09-2018 10:33:00 TCP: Recieved 36 bytes from socket.
01-09-2018 10:33:03 TCP: Recieved 15 bytes from socket.
01-09-2018 10:33:03 TCP: Checking for keyword validity.
01-09-2018 10:33:03 TCP: Keyword valid. Waiting for data.
01-09-2018 10:33:06 TCP: Recieved 36 bytes from socket.
01-09-2018 10:33:09 TCP: Recieved 36 bytes from socket.
01-09-2018 10:33:09 TCP: Checking for keyword validity.
01-09-2018 10:33:09 TCP: Keyword valid. Waiting for data.
01-09-2018 10:33:12 TCP: Recieved 36 bytes from socket.
01-09-2018 10:33:17 TCP: Recieved 36 bytes from socket.
01-09-2018 10:33:17 TCP: Checking for keyword validity.
01-09-2018 10:33:17 TCP: Keyword valid. Waiting for data.
01-09-2018 10:33:18 TCP: Recieved 36 bytes from socket.
01-09-2018 10:33:21 TCP: Recieved 36 bytes from socket.
01-09-2018 10:33:21 TCP: Checking for keyword validity.
01-09-2018 10:33:21 TCP: Keyword valid. Waiting for data.
01-09-2018 10:33:24 TCP: Recieved 36 bytes from socket.
01-09-2018 10:33:27 TCP: Recieved 36 bytes from socket.
01-09-2018 10:33:27 TCP: Checking for keyword validity.
01-09-2018 10:33:27 TCP: Keyword valid. Waiting for data.
01-09-2018 10:33:30 TCP: Recieved 36 bytes from socket.
01-09-2018 10:33:33 TCP: Recieved 15 bytes from socket.
01-09-2018 10:33:33 TCP: Checking for keyword validity.
01-09-2018 10:33:33 TCP: Keyword valid. Waiting for data.
01-09-2018 10:33:36 TCP: Recieved 36 bytes from socket.
01-09-2018 10:33:39 TCP: Recieved 36 bytes from socket.
01-09-2018 10:33:39 TCP: Checking for keyword validity.
01-09-2018 10:33:39 TCP: Keyword valid. Waiting for data.
01-09-2018 10:33:42 TCP: Recieved 36 bytes from socket.
01-09-2018 10:33:45 TCP: Recieved 36 bytes from socket.
01-09-2018 10:33:45 TCP: Checking for keyword validity.
01-09-2018 10:33:45 TCP: Keyword valid. Waiting for data.
01-09-2018 10:33:48 TCP: Recieved 36 bytes from socket.
01-09-2018 10:33:51 TCP: Recieved 36 bytes from socket.
01-09-2018 10:33:51 TCP: Checking for keyword validity.
01-09-2018 10:33:51 TCP: Keyword valid. Waiting for data.
01-09-2018 10:33:55 TCP: Recieved 36 bytes from socket.
01-09-2018 10:33:57 TCP: Recieved 36 bytes from socket.
01-09-2018 10:33:57 TCP: Checking for keyword validity.
01-09-2018 10:33:57 TCP: Keyword valid. Waiting for data.
01-09-2018 10:34:00 TCP: Recieved 36 bytes from socket.
01-09-2018 10:34:03 TCP: Recieved 15 bytes from socket.
01-09-2018 10:34:03 TCP: Checking for keyword validity.
01-09-2018 10:34:03 TCP: Keyword valid. Waiting for data.
01-09-2018 10:34:06 TCP: Recieved 36 bytes from socket.
01-09-2018 10:34:09 TCP: Recieved 36 bytes from socket.
01-09-2018 10:34:09 TCP: Checking for keyword validity.
01-09-2018 10:34:09 TCP: Keyword valid. Waiting for data.
01-09-2018 10:34:12 TCP: Recieved 36 bytes from socket.
01-09-2018 10:34:15 TCP: Recieved 36 bytes from socket.
01-09-2018 10:34:15 TCP: Checking for keyword validity.
01-09-2018 10:34:15 TCP: Keyword valid. Waiting for data.
01-09-2018 10:34:18 TCP: Recieved 36 bytes from socket.
01-09-2018 10:34:21 TCP: Recieved 36 bytes from socket.
01-09-2018 10:34:21 TCP: Checking for keyword validity.
01-09-2018 10:34:21 TCP: Keyword valid. Waiting for data.
01-09-2018 10:34:24 TCP: Recieved 36 bytes from socket.
01-09-2018 10:34:27 TCP: Recieved 36 bytes from socket.
01-09-2018 10:34:27 TCP: Checking for keyword validity.
01-09-2018 10:34:27 TCP: Keyword valid. Waiting for data.
01-09-2018 10:35:03 TCP: Got new connection: 42.106.25.8:1042
01-09-2018 10:35:05 TCP: Recieved 18 bytes from socket.
01-09-2018 10:35:05 TCP: Checking for keyword validity.
01-09-2018 10:35:05 TCP: Keyword valid. Waiting for data.
01-09-2018 10:35:08 TCP: Recieved 36 bytes from socket.
01-09-2018 10:35:10 TCP: Recieved 15 bytes from socket.
01-09-2018 10:35:10 TCP: Checking for keyword validity.
01-09-2018 10:35:10 TCP: Keyword valid. Waiting for data.
01-09-2018 10:35:13 TCP: Recieved 36 bytes from socket.
01-09-2018 10:35:16 TCP: Recieved 36 bytes from socket.
01-09-2018 10:35:16 TCP: Checking for keyword validity.
01-09-2018 10:35:16 TCP: Keyword valid. Waiting for data.
01-09-2018 10:35:19 TCP: Recieved 36 bytes from socket.
01-09-2018 10:35:23 TCP: Recieved 36 bytes from socket.
01-09-2018 10:35:23 TCP: Checking for keyword validity.
01-09-2018 10:35:23 TCP: Keyword valid. Waiting for data.
01-09-2018 10:35:26 TCP: Recieved 36 bytes from socket.
01-09-2018 10:35:29 TCP: Recieved 36 bytes from socket.
01-09-2018 10:35:29 TCP: Checking for keyword validity.
01-09-2018 10:35:29 TCP: Keyword valid. Waiting for data.
01-09-2018 10:35:32 TCP: Recieved 36 bytes from socket.
01-09-2018 10:35:35 TCP: Recieved 36 bytes from socket.
01-09-2018 10:35:35 TCP: Checking for keyword validity.
01-09-2018 10:35:35 TCP: Keyword valid. Waiting for data.
01-09-2018 10:35:38 TCP: Recieved 36 bytes from socket.
01-09-2018 10:35:41 TCP: Recieved 15 bytes from socket.
01-09-2018 10:35:41 TCP: Checking for keyword validity.
01-09-2018 10:35:41 TCP: Keyword valid. Waiting for data.
01-09-2018 10:35:44 TCP: Recieved 36 bytes from socket.
01-09-2018 10:35:47 TCP: Recieved 36 bytes from socket.
01-09-2018 10:35:47 TCP: Checking for keyword validity.
01-09-2018 10:35:47 TCP: Keyword valid. Waiting for data.
01-09-2018 10:35:50 TCP: Recieved 36 bytes from socket.
01-09-2018 10:35:53 TCP: Recieved 36 bytes from socket.
01-09-2018 10:35:53 TCP: Checking for keyword validity.
01-09-2018 10:35:53 TCP: Keyword valid. Waiting for data.
01-09-2018 10:35:56 TCP: Recieved 36 bytes from socket.
01-09-2018 10:35:59 TCP: Recieved 36 bytes from socket.
01-09-2018 10:35:59 TCP: Checking for keyword validity.
01-09-2018 10:35:59 TCP: Keyword valid. Waiting for data.
01-09-2018 10:36:02 TCP: Recieved 36 bytes from socket.
01-09-2018 10:36:05 TCP: Recieved 36 bytes from socket.
01-09-2018 10:36:05 TCP: Checking for keyword validity.
01-09-2018 10:36:05 TCP: Keyword valid. Waiting for data.
01-09-2018 10:36:08 TCP: Recieved 36 bytes from socket.
01-09-2018 10:36:11 TCP: Recieved 15 bytes from socket.
01-09-2018 10:36:11 TCP: Checking for keyword validity.
01-09-2018 10:36:11 TCP: Keyword valid. Waiting for data.
01-09-2018 10:36:14 TCP: Recieved 36 bytes from socket.
01-09-2018 10:36:17 TCP: Recieved 36 bytes from socket.
01-09-2018 10:36:17 TCP: Checking for keyword validity.
01-09-2018 10:36:17 TCP: Keyword valid. Waiting for data.
01-09-2018 10:36:20 TCP: Recieved 36 bytes from socket.
01-09-2018 10:36:23 TCP: Recieved 36 bytes from socket.
01-09-2018 10:36:23 TCP: Checking for keyword validity.
01-09-2018 10:36:23 TCP: Keyword valid. Waiting for data.
01-09-2018 10:36:26 TCP: Recieved 36 bytes from socket.
01-09-2018 10:36:29 TCP: Recieved 36 bytes from socket.
01-09-2018 10:36:29 TCP: Checking for keyword validity.
01-09-2018 10:36:29 TCP: Keyword valid. Waiting for data.
01-09-2018 10:36:32 TCP: Recieved 36 bytes from socket.
01-09-2018 10:36:35 TCP: Recieved 36 bytes from socket.
01-09-2018 10:36:35 TCP: Checking for keyword validity.
01-09-2018 10:36:35 TCP: Keyword valid. Waiting for data.
01-09-2018 10:36:38 TCP: Recieved 36 bytes from socket.
01-09-2018 10:36:41 TCP: Recieved 36 bytes from socket.
01-09-2018 10:36:41 TCP: Checking for keyword validity.
01-09-2018 10:36:41 TCP: Keyword valid. Waiting for data.
01-09-2018 10:36:44 TCP: Recieved 36 bytes from socket.
01-09-2018 10:36:47 TCP: Recieved 36 bytes from socket.
01-09-2018 10:36:47 TCP: Checking for keyword validity.
01-09-2018 10:36:47 TCP: Keyword valid. Waiting for data.
01-09-2018 10:36:50 TCP: Recieved 36 bytes from socket.
01-09-2018 10:36:53 TCP: Recieved 15 bytes from socket.
01-09-2018 10:36:53 TCP: Checking for keyword validity.
01-09-2018 10:36:53 TCP: Keyword valid. Waiting for data.
01-09-2018 10:36:56 TCP: Recieved 36 bytes from socket.
01-09-2018 10:36:59 TCP: Recieved 36 bytes from socket.
01-09-2018 10:36:59 TCP: Checking for keyword validity.
01-09-2018 10:36:59 TCP: Keyword valid. Waiting for data.
01-09-2018 10:37:00 TCP: Recieved 36 bytes from socket.
01-09-2018 10:37:10 TCP: Recieved 36 bytes from socket.
01-09-2018 10:37:10 TCP: Checking for keyword validity.
01-09-2018 10:37:10 TCP: Keyword valid. Waiting for data.
01-09-2018 10:37:20 TCP: Recieved 36 bytes from socket.
01-09-2018 10:37:30 TCP: Recieved 36 bytes from socket.
01-09-2018 10:37:30 TCP: Checking for keyword validity.
01-09-2018 10:37:30 TCP: Keyword valid. Waiting for data.
01-09-2018 10:37:41 TCP: Recieved 36 bytes from socket.
01-09-2018 10:37:50 TCP: Recieved 36 bytes from socket.
01-09-2018 10:37:50 TCP: Checking for keyword validity.
01-09-2018 10:37:50 TCP: Keyword valid. Waiting for data.
01-09-2018 10:38:00 TCP: Recieved 36 bytes from socket.
01-09-2018 10:38:05 TCP: Recieved 15 bytes from socket.
01-09-2018 10:38:05 TCP: Checking for keyword validity.
01-09-2018 10:38:05 TCP: Keyword valid. Waiting for data.
01-09-2018 10:38:10 TCP: Recieved 36 bytes from socket.
01-09-2018 10:38:20 TCP: Recieved 36 bytes from socket.
01-09-2018 10:38:20 TCP: Checking for keyword validity.
01-09-2018 10:38:20 TCP: Keyword valid. Waiting for data.
01-09-2018 10:38:30 TCP: Recieved 36 bytes from socket.
01-09-2018 10:38:40 TCP: Recieved 36 bytes from socket.
01-09-2018 10:38:40 TCP: Checking for keyword validity.
01-09-2018 10:38:40 TCP: Keyword valid. Waiting for data.
01-09-2018 10:38:50 TCP: Recieved 36 bytes from socket.
01-09-2018 10:39:00 TCP: Recieved 36 bytes from socket.
01-09-2018 10:39:00 TCP: Checking for keyword validity.
01-09-2018 10:39:00 TCP: Keyword valid. Waiting for data.
01-09-2018 10:39:10 TCP: Recieved 36 bytes from socket.
01-09-2018 10:39:19 TCP: Recieved 36 bytes from socket.
01-09-2018 10:39:19 TCP: Checking for keyword validity.
01-09-2018 10:39:19 TCP: Keyword valid. Waiting for data.
01-09-2018 10:39:29 TCP: Recieved 36 bytes from socket.
01-09-2018 10:39:34 TCP: Got new connection: 42.106.25.8:54867
01-09-2018 10:39:35 TCP: Recieved 18 bytes from socket.
01-09-2018 10:39:35 TCP: Checking for keyword validity.
01-09-2018 10:39:35 TCP: Keyword valid. Waiting for data.
01-09-2018 10:39:38 TCP: Recieved 15 bytes from socket.
01-09-2018 10:39:38 TCP: Packet too short.
01-09-2018 10:39:40 TCP: Recieved 36 bytes from socket.
01-09-2018 10:39:50 TCP: Recieved 36 bytes from socket.
01-09-2018 10:39:50 TCP: Checking for keyword validity.
01-09-2018 10:39:50 TCP: Keyword valid. Waiting for data.
01-09-2018 10:40:00 TCP: Recieved 36 bytes from socket.
01-09-2018 10:40:10 TCP: Recieved 36 bytes from socket.
01-09-2018 10:40:10 TCP: Checking for keyword validity.
01-09-2018 10:40:10 TCP: Keyword valid. Waiting for data.
01-09-2018 10:40:20 TCP: Recieved 36 bytes from socket.
01-09-2018 10:40:30 TCP: Recieved 36 bytes from socket.
01-09-2018 10:40:30 TCP: Checking for keyword validity.
01-09-2018 10:40:30 TCP: Keyword valid. Waiting for data.
01-09-2018 10:40:40 TCP: Recieved 36 bytes from socket.
01-09-2018 10:40:50 TCP: Recieved 36 bytes from socket.
01-09-2018 10:40:50 TCP: Checking for keyword validity.
01-09-2018 10:40:50 TCP: Keyword valid. Waiting for data.
01-09-2018 10:41:00 TCP: Recieved 36 bytes from socket.
01-09-2018 10:41:06 TCP: Recieved 15 bytes from socket.
01-09-2018 10:41:06 TCP: Checking for keyword validity.
01-09-2018 10:41:06 TCP: Keyword valid. Waiting for data.
01-09-2018 10:41:09 TCP: Recieved 36 bytes from socket.
01-09-2018 10:41:19 TCP: Recieved 36 bytes from socket.
01-09-2018 10:41:19 TCP: Checking for keyword validity.
01-09-2018 10:41:19 TCP: Keyword valid. Waiting for data.
01-09-2018 10:41:30 TCP: Recieved 36 bytes from socket.
01-09-2018 10:41:39 TCP: Recieved 36 bytes from socket.
01-09-2018 10:41:39 TCP: Checking for keyword validity.
01-09-2018 10:41:39 TCP: Keyword valid. Waiting for data.
01-09-2018 10:41:49 TCP: Recieved 36 bytes from socket.
01-09-2018 10:41:59 TCP: Recieved 36 bytes from socket.
01-09-2018 10:41:59 TCP: Checking for keyword validity.
01-09-2018 10:41:59 TCP: Keyword valid. Waiting for data.
01-09-2018 10:42:09 TCP: Recieved 36 bytes from socket.
01-09-2018 10:42:19 TCP: Recieved 36 bytes from socket.
01-09-2018 10:42:19 TCP: Checking for keyword validity.
01-09-2018 10:42:19 TCP: Keyword valid. Waiting for data.
01-09-2018 10:42:30 TCP: Recieved 36 bytes from socket.
01-09-2018 10:42:36 TCP: Recieved 15 bytes from socket.
01-09-2018 10:42:36 TCP: Checking for keyword validity.
01-09-2018 10:42:36 TCP: Keyword valid. Waiting for data.
01-09-2018 10:42:39 TCP: Recieved 36 bytes from socket.
01-09-2018 10:42:49 TCP: Recieved 36 bytes from socket.
01-09-2018 10:42:49 TCP: Checking for keyword validity.
01-09-2018 10:42:49 TCP: Keyword valid. Waiting for data.
01-09-2018 10:42:59 TCP: Recieved 36 bytes from socket.
01-09-2018 10:43:09 TCP: Recieved 36 bytes from socket.
01-09-2018 10:43:09 TCP: Checking for keyword validity.
01-09-2018 10:43:09 TCP: Keyword valid. Waiting for data.
01-09-2018 10:43:19 TCP: Recieved 36 bytes from socket.
01-09-2018 10:43:29 TCP: Recieved 36 bytes from socket.
01-09-2018 10:43:29 TCP: Checking for keyword validity.
01-09-2018 10:43:29 TCP: Keyword valid. Waiting for data.
01-09-2018 10:43:39 TCP: Recieved 36 bytes from socket.
01-09-2018 10:43:49 TCP: Recieved 36 bytes from socket.
01-09-2018 10:43:49 TCP: Checking for keyword validity.
01-09-2018 10:43:49 TCP: Keyword valid. Waiting for data.
01-09-2018 10:44:00 TCP: Recieved 36 bytes from socket.
01-09-2018 10:44:05 TCP: Got new connection: 42.106.25.8:19573
01-09-2018 10:44:06 TCP: Recieved 18 bytes from socket.
01-09-2018 10:44:06 TCP: Checking for keyword validity.
01-09-2018 10:44:06 TCP: Keyword valid. Waiting for data.
01-09-2018 10:44:10 TCP: Recieved 15 bytes from socket.
01-09-2018 10:44:10 TCP: Packet too short.
01-09-2018 10:44:13 TCP: Recieved 36 bytes from socket.
01-09-2018 10:44:20 TCP: Recieved 36 bytes from socket.
01-09-2018 10:44:20 TCP: Checking for keyword validity.
01-09-2018 10:44:20 TCP: Keyword valid. Waiting for data.
01-09-2018 10:44:30 TCP: Recieved 36 bytes from socket.
01-09-2018 10:44:40 TCP: Recieved 36 bytes from socket.
01-09-2018 10:44:40 TCP: Checking for keyword validity.
01-09-2018 10:44:40 TCP: Keyword valid. Waiting for data.
01-09-2018 10:44:50 TCP: Recieved 36 bytes from socket.
01-09-2018 10:45:00 TCP: Recieved 36 bytes from socket.
01-09-2018 10:45:00 TCP: Checking for keyword validity.
01-09-2018 10:45:00 TCP: Keyword valid. Waiting for data.
01-09-2018 10:45:09 TCP: Recieved 36 bytes from socket.
01-09-2018 10:45:20 TCP: Recieved 36 bytes from socket.
01-09-2018 10:45:20 TCP: Checking for keyword validity.
01-09-2018 10:45:20 TCP: Keyword valid. Waiting for data.
01-09-2018 10:45:30 TCP: Recieved 36 bytes from socket.
01-09-2018 10:45:36 TCP: Recieved 15 bytes from socket.
01-09-2018 10:45:36 TCP: Checking for keyword validity.
01-09-2018 10:45:36 TCP: Keyword valid. Waiting for data.
01-09-2018 10:45:39 TCP: Recieved 36 bytes from socket.
01-09-2018 10:45:50 TCP: Recieved 36 bytes from socket.
01-09-2018 10:45:50 TCP: Checking for keyword validity.
01-09-2018 10:45:50 TCP: Keyword valid. Waiting for data.
01-09-2018 10:45:59 TCP: Recieved 36 bytes from socket.
01-09-2018 10:46:09 TCP: Recieved 36 bytes from socket.
01-09-2018 10:46:09 TCP: Checking for keyword validity.
01-09-2018 10:46:09 TCP: Keyword valid. Waiting for data.
01-09-2018 10:46:19 TCP: Recieved 36 bytes from socket.
01-09-2018 10:46:29 TCP: Recieved 36 bytes from socket.
01-09-2018 10:46:29 TCP: Checking for keyword validity.
01-09-2018 10:46:29 TCP: Keyword valid. Waiting for data.
01-09-2018 10:46:40 TCP: Recieved 36 bytes from socket.
01-09-2018 10:46:49 TCP: Recieved 36 bytes from socket.
01-09-2018 10:46:49 TCP: Checking for keyword validity.
01-09-2018 10:46:49 TCP: Keyword valid. Waiting for data.
01-09-2018 10:46:59 TCP: Recieved 36 bytes from socket.
01-09-2018 10:47:06 TCP: Recieved 15 bytes from socket.
01-09-2018 10:47:06 TCP: Checking for keyword validity.
01-09-2018 10:47:06 TCP: Keyword valid. Waiting for data.
