28-08-2018 17:29:41 UDP: Started listening at port 8414
28-08-2018 17:29:41 TCP: Started listening at port 10025
28-08-2018 17:29:42 TCP Output Control: Started listening at port 668
28-08-2018 17:29:42 TCP Output Control: Error in confirmation checker.
28-08-2018 17:29:42 TCP Output Control: System.InvalidOperationException: ExecuteNonQuery requires the command to have a transaction when the connection assigned to the command is in a pending local transaction.  The Transaction property of the command has not been initialized.
   at System.Data.SqlClient.SqlCommand.ValidateCommand(String method, Boolean async)
   at System.Data.SqlClient.SqlCommand.InternalExecuteNonQuery(TaskCompletionSource`1 completion, String methodName, Boolean sendToPipe, Int32 timeout, Boolean& usedCache, Boolean asyncWrite, Boolean inRetry)
   at System.Data.SqlClient.SqlCommand.ExecuteNonQuery()
   at ExampleService.DataAccess.MSSqlDataAccess.OutputUpdate(Int32 id, Byte status) in C:\Users\Abuzar\Desktop\27-08-2018\ExampleService\DataAccess\MSSqlDataAccess.cs:line 540
   at ExampleService.DataAccess.MSSqlDataAccess.CheckConfirmationExpirations() in C:\Users\Abuzar\Desktop\27-08-2018\ExampleService\DataAccess\MSSqlDataAccess.cs:line 561
   at ExampleService.TCPOutputControl.CheckConfirmationExpiration() in C:\Users\Abuzar\Desktop\27-08-2018\ExampleService\TCPOutputControl.cs:line 312
28-08-2018 17:29:55 TCP: Got new connection: 42.106.31.178:12439
28-08-2018 17:29:56 TCP: Recieved 18 bytes from socket.
28-08-2018 17:29:56 TCP: Checking for keyword validity.
28-08-2018 17:29:56 TCP: Keyword valid. Waiting for data.
28-08-2018 17:29:59 TCP: Recieved 15 bytes from socket.
28-08-2018 17:29:59 TCP: Parsing recieved data.
28-08-2018 17:29:59 TCP: ---- Parser log start ----
28-08-2018 17:30:18 Helper: Error parsing data.
28-08-2018 17:30:25 TCP: ---- Saving to database ----
28-08-2018 17:30:29 TCP: Error saving to database.
28-08-2018 17:30:29 TCP: System.ArgumentNullException: Value cannot be null.
Parameter name: value
   at System.ThrowHelper.ThrowArgumentNullException(ExceptionArgument argument)
   at System.BitConverter.ToInt64(Byte[] value, Int32 startIndex)
   at ExampleService.ParseResults.get_Imei() in C:\Users\Abuzar\Desktop\27-08-2018\ExampleService\ParseResults.cs:line 42
   at ExampleService.TCPServer.SaveToDatabase(ParseResults results) in C:\Users\Abuzar\Desktop\27-08-2018\ExampleService\TCPServer.cs:line 202
28-08-2018 17:30:29 TCP: ---- Successfully saved to database ----
28-08-2018 17:30:29 TCP: Recieved 303 bytes from socket.
28-08-2018 17:30:29 TCP: Parsing recieved data.
28-08-2018 17:30:29 TCP: ---- Parser log start ----
28-08-2018 17:30:32 Helper: IMEI: 17222364243824861442
28-08-2018 17:30:32 Helper: Checksum does not match.
28-08-2018 17:30:32 TCP: ---- Saving to database ----
28-08-2018 17:30:32 TCP: ---- Successfully saved to database ----
28-08-2018 17:30:32 TCP: Recieved 36 bytes from socket.
28-08-2018 17:30:32 TCP: Parsing recieved data.
28-08-2018 17:30:32 TCP: ---- Parser log start ----
28-08-2018 17:31:14 Helper: IMEI: 8503676840916869378
28-08-2018 17:31:47 Helper: Checksum does not match.
28-08-2018 17:31:47 TCP: ---- Saving to database ----
28-08-2018 17:31:47 TCP: ---- Successfully saved to database ----
28-08-2018 17:31:47 TCP: Recieved 879 bytes from socket.
28-08-2018 17:31:47 TCP: Parsing recieved data.
28-08-2018 17:31:47 TCP: ---- Parser log start ----
28-08-2018 17:32:10 Helper: IMEI: 10233059097441263874
28-08-2018 17:32:10 Helper: Checksum does not match.
28-08-2018 17:32:10 TCP: ---- Saving to database ----
28-08-2018 17:32:10 TCP: ---- Successfully saved to database ----
28-08-2018 17:32:10 TCP: Recieved 288 bytes from socket.
28-08-2018 17:32:10 TCP: Parsing recieved data.
28-08-2018 17:32:10 TCP: ---- Parser log start ----
28-08-2018 17:32:12 Helper: IMEI: 11385699126652035330
28-08-2018 17:32:12 Helper: Checksum does not match.
28-08-2018 17:32:12 TCP: ---- Saving to database ----
28-08-2018 17:32:12 TCP: ---- Successfully saved to database ----
28-08-2018 17:32:12 TCP: Recieved 36 bytes from socket.
28-08-2018 17:32:12 TCP: Parsing recieved data.
28-08-2018 17:32:12 TCP: ---- Parser log start ----
28-08-2018 17:32:15 Helper: IMEI: 13979772512973742338
28-08-2018 17:32:15 Helper: Checksum does not match.
28-08-2018 17:32:15 TCP: ---- Saving to database ----
28-08-2018 17:32:15 TCP: ---- Successfully saved to database ----
28-08-2018 17:32:15 TCP: Recieved 36 bytes from socket.
28-08-2018 17:32:15 TCP: Parsing recieved data.
28-08-2018 17:32:15 TCP: ---- Parser log start ----
28-08-2018 17:32:30 Helper: IMEI: 16790018680855585026
28-08-2018 17:32:30 Helper: Checksum does not match.
28-08-2018 17:32:30 TCP: ---- Saving to database ----
28-08-2018 17:32:30 TCP: ---- Successfully saved to database ----
28-08-2018 17:32:30 TCP: Recieved 180 bytes from socket.
28-08-2018 17:32:30 TCP: Parsing recieved data.
28-08-2018 17:32:30 TCP: ---- Parser log start ----
