29-08-2018 15:24:37 UDP: Started listening at port 8414
29-08-2018 15:24:37 TCP: Started listening at port 10025
29-08-2018 15:24:38 TCP Output Control: Started listening at port 668
29-08-2018 15:24:39 TCP Output Control: Error in confirmation checker.
29-08-2018 15:24:39 TCP Output Control: System.InvalidOperationException: ExecuteNonQuery requires the command to have a transaction when the connection assigned to the command is in a pending local transaction.  The Transaction property of the command has not been initialized.
   at System.Data.SqlClient.SqlCommand.ValidateCommand(String method, Boolean async)
   at System.Data.SqlClient.SqlCommand.InternalExecuteNonQuery(TaskCompletionSource`1 completion, String methodName, Boolean sendToPipe, Int32 timeout, Boolean& usedCache, Boolean asyncWrite, Boolean inRetry)
   at System.Data.SqlClient.SqlCommand.ExecuteNonQuery()
   at ExampleService.DataAccess.MSSqlDataAccess.OutputUpdate(Int32 id, Byte status) in C:\Users\Abuzar\Desktop\27-08-2018\ExampleService\DataAccess\MSSqlDataAccess.cs:line 540
   at ExampleService.DataAccess.MSSqlDataAccess.CheckConfirmationExpirations() in C:\Users\Abuzar\Desktop\27-08-2018\ExampleService\DataAccess\MSSqlDataAccess.cs:line 561
   at ExampleService.TCPOutputControl.CheckConfirmationExpiration() in C:\Users\Abuzar\Desktop\27-08-2018\ExampleService\TCPOutputControl.cs:line 312
29-08-2018 15:25:08 TCP: Got new connection: 42.106.26.140:55024
29-08-2018 15:25:09 TCP: Recieved 18 bytes from socket.
29-08-2018 15:25:09 TCP: Checking for keyword validity.
29-08-2018 15:26:58 TCP: Keyword valid. Waiting for data.
29-08-2018 15:26:58 TCP: Recieved 1024 bytes from socket.
29-08-2018 15:26:58 TCP: Parsing recieved data.
29-08-2018 15:26:58 TCP: ---- Parser log start ----
29-08-2018 15:26:58 Helper: IMEI: 656689994372446328
29-08-2018 15:26:58 Helper: Checksum does not match.
29-08-2018 15:26:58 TCP: ---- Saving to database ----
29-08-2018 15:26:58 TCP: ---- Successfully saved to database ----
29-08-2018 15:26:58 TCP: Recieved 173 bytes from socket.
29-08-2018 15:26:58 TCP: Parsing recieved data.
29-08-2018 15:26:58 TCP: ---- Parser log start ----
29-08-2018 15:26:58 Helper: IMEI: 3186860751591347201
29-08-2018 15:26:58 Helper: Checksum does not match.
29-08-2018 15:26:58 TCP: ---- Saving to database ----
29-08-2018 15:26:58 TCP: ---- Successfully saved to database ----
29-08-2018 15:27:01 TCP: Recieved 36 bytes from socket.
29-08-2018 15:27:01 TCP: Parsing recieved data.
29-08-2018 15:27:01 TCP: ---- Parser log start ----
29-08-2018 15:27:01 Helper: IMEI: 656689994372446328
29-08-2018 15:27:01 Helper: Checksum does not match.
29-08-2018 15:27:01 TCP: ---- Saving to database ----
29-08-2018 15:27:01 TCP: ---- Successfully saved to database ----
