01-09-2018 18:21:42 UDP: Started listening at port 8414
01-09-2018 18:21:42 TCP: Started listening at port 10025
01-09-2018 18:21:42 TCP Output Control: Started listening at port 668
01-09-2018 18:21:43 TCP Output Control: Error in confirmation checker.
01-09-2018 18:21:43 TCP Output Control: System.InvalidOperationException: ExecuteNonQuery requires the command to have a transaction when the connection assigned to the command is in a pending local transaction.  The Transaction property of the command has not been initialized.
   at System.Data.SqlClient.SqlCommand.ValidateCommand(String method, Boolean async)
   at System.Data.SqlClient.SqlCommand.InternalExecuteNonQuery(TaskCompletionSource`1 completion, String methodName, Boolean sendToPipe, Int32 timeout, Boolean& usedCache, Boolean asyncWrite, Boolean inRetry)
   at System.Data.SqlClient.SqlCommand.ExecuteNonQuery()
   at ExampleService.DataAccess.MSSqlDataAccess.OutputUpdate(Int32 id, Byte status) in C:\Users\Abuzar\Desktop\27-08-2018\ExampleService\DataAccess\MSSqlDataAccess.cs:line 540
   at ExampleService.DataAccess.MSSqlDataAccess.CheckConfirmationExpirations() in C:\Users\Abuzar\Desktop\27-08-2018\ExampleService\DataAccess\MSSqlDataAccess.cs:line 561
   at ExampleService.TCPOutputControl.CheckConfirmationExpiration() in C:\Users\Abuzar\Desktop\27-08-2018\ExampleService\TCPOutputControl.cs:line 313
01-09-2018 18:21:48 TCP: Got new connection: 42.106.5.80:16216
01-09-2018 18:21:49 TCP: Recieved 18 bytes from socket.
01-09-2018 18:21:49 TCP: Parsing Data....
01-09-2018 18:21:49 TCP: Parsing Data....
01-09-2018 18:21:52 TCP: Recieved 15 bytes from socket.
01-09-2018 18:21:52 TCP: Parsing Data....
01-09-2018 18:21:52 TCP: Packet too short.
01-09-2018 18:21:54 TCP: Recieved 36 bytes from socket.
01-09-2018 18:21:54 TCP: Parsing Data....
01-09-2018 18:21:54 TCP: Saving Data Into Database......
01-09-2018 18:21:55 TCP: Successfully Saved To Database......
01-09-2018 18:21:58 TCP: Recieved 36 bytes from socket.
01-09-2018 18:21:58 TCP: Parsing Data....
01-09-2018 18:21:58 TCP: Saving Data Into Database......
01-09-2018 18:21:59 TCP: Successfully Saved To Database......
01-09-2018 18:22:02 TCP: Recieved 36 bytes from socket.
01-09-2018 18:22:02 TCP: Parsing Data....
01-09-2018 18:22:02 TCP: Saving Data Into Database......
01-09-2018 18:22:02 TCP: Successfully Saved To Database......
01-09-2018 18:22:05 TCP: Recieved 36 bytes from socket.
01-09-2018 18:22:05 TCP: Parsing Data....
01-09-2018 18:22:05 TCP: Saving Data Into Database......
01-09-2018 18:22:05 TCP: Successfully Saved To Database......
01-09-2018 18:22:08 TCP: Recieved 36 bytes from socket.
01-09-2018 18:22:08 TCP: Parsing Data....
01-09-2018 18:22:08 TCP: Saving Data Into Database......
01-09-2018 18:22:08 TCP: Successfully Saved To Database......
01-09-2018 18:22:11 TCP: Recieved 36 bytes from socket.
01-09-2018 18:22:11 TCP: Parsing Data....
01-09-2018 18:22:11 TCP: Saving Data Into Database......
01-09-2018 18:22:11 TCP: Successfully Saved To Database......
01-09-2018 18:22:13 TCP: Recieved 36 bytes from socket.
01-09-2018 18:22:13 TCP: Parsing Data....
01-09-2018 18:22:13 TCP: Saving Data Into Database......
01-09-2018 18:22:14 TCP: Successfully Saved To Database......
01-09-2018 18:22:16 TCP: Recieved 36 bytes from socket.
01-09-2018 18:22:16 TCP: Parsing Data....
01-09-2018 18:22:16 TCP: Saving Data Into Database......
01-09-2018 18:22:17 TCP: Successfully Saved To Database......
01-09-2018 18:22:19 TCP: Recieved 36 bytes from socket.
01-09-2018 18:22:19 TCP: Parsing Data....
01-09-2018 18:22:19 TCP: Saving Data Into Database......
01-09-2018 18:22:20 TCP: Successfully Saved To Database......
01-09-2018 18:22:23 TCP: Recieved 36 bytes from socket.
01-09-2018 18:22:23 TCP: Parsing Data....
01-09-2018 18:22:23 TCP: Saving Data Into Database......
01-09-2018 18:22:23 TCP: Successfully Saved To Database......
01-09-2018 18:22:25 TCP: Recieved 36 bytes from socket.
01-09-2018 18:22:25 TCP: Parsing Data....
01-09-2018 18:22:25 TCP: Saving Data Into Database......
01-09-2018 18:22:26 TCP: Successfully Saved To Database......
01-09-2018 18:22:29 TCP: Recieved 36 bytes from socket.
01-09-2018 18:22:29 TCP: Parsing Data....
01-09-2018 18:22:29 TCP: Saving Data Into Database......
01-09-2018 18:22:29 TCP: Successfully Saved To Database......
01-09-2018 18:22:31 TCP: Recieved 36 bytes from socket.
01-09-2018 18:22:31 TCP: Parsing Data....
01-09-2018 18:22:31 TCP: Saving Data Into Database......
01-09-2018 18:22:32 TCP: Successfully Saved To Database......
01-09-2018 18:22:34 TCP: Recieved 36 bytes from socket.
01-09-2018 18:22:34 TCP: Parsing Data....
01-09-2018 18:22:34 TCP: Saving Data Into Database......
01-09-2018 18:22:35 TCP: Successfully Saved To Database......
01-09-2018 18:22:38 TCP: Recieved 36 bytes from socket.
01-09-2018 18:22:38 TCP: Parsing Data....
01-09-2018 18:22:38 TCP: Saving Data Into Database......
01-09-2018 18:22:38 TCP: Successfully Saved To Database......
01-09-2018 18:22:41 TCP: Recieved 36 bytes from socket.
01-09-2018 18:22:41 TCP: Parsing Data....
01-09-2018 18:22:41 TCP: Saving Data Into Database......
01-09-2018 18:22:41 TCP: Successfully Saved To Database......
01-09-2018 18:22:44 TCP: Recieved 36 bytes from socket.
01-09-2018 18:22:44 TCP: Parsing Data....
01-09-2018 18:22:44 TCP: Saving Data Into Database......
01-09-2018 18:22:44 TCP: Successfully Saved To Database......
01-09-2018 18:22:47 TCP: Recieved 36 bytes from socket.
01-09-2018 18:22:47 TCP: Parsing Data....
01-09-2018 18:22:47 TCP: Saving Data Into Database......
01-09-2018 18:22:47 TCP: Successfully Saved To Database......
01-09-2018 18:22:50 TCP: Recieved 36 bytes from socket.
01-09-2018 18:22:50 TCP: Parsing Data....
01-09-2018 18:22:50 TCP: Saving Data Into Database......
01-09-2018 18:22:50 TCP: Successfully Saved To Database......
01-09-2018 18:22:53 TCP: Recieved 36 bytes from socket.
01-09-2018 18:22:53 TCP: Parsing Data....
01-09-2018 18:22:53 TCP: Saving Data Into Database......
01-09-2018 18:22:53 TCP: Successfully Saved To Database......
01-09-2018 18:22:56 TCP: Recieved 36 bytes from socket.
01-09-2018 18:22:56 TCP: Parsing Data....
01-09-2018 18:22:56 TCP: Saving Data Into Database......
01-09-2018 18:22:56 TCP: Successfully Saved To Database......
01-09-2018 18:22:59 TCP: Recieved 36 bytes from socket.
01-09-2018 18:22:59 TCP: Parsing Data....
01-09-2018 18:22:59 TCP: Saving Data Into Database......
01-09-2018 18:22:59 TCP: Successfully Saved To Database......
01-09-2018 18:23:02 TCP: Recieved 36 bytes from socket.
01-09-2018 18:23:02 TCP: Parsing Data....
01-09-2018 18:23:02 TCP: Saving Data Into Database......
01-09-2018 18:23:02 TCP: Successfully Saved To Database......
01-09-2018 18:23:06 TCP: Recieved 36 bytes from socket.
01-09-2018 18:23:06 TCP: Parsing Data....
01-09-2018 18:23:06 TCP: Saving Data Into Database......
01-09-2018 18:23:06 TCP: Successfully Saved To Database......
01-09-2018 18:23:08 TCP: Recieved 36 bytes from socket.
01-09-2018 18:23:08 TCP: Parsing Data....
01-09-2018 18:23:08 TCP: Saving Data Into Database......
01-09-2018 18:23:08 TCP: Successfully Saved To Database......
01-09-2018 18:23:11 TCP: Recieved 36 bytes from socket.
01-09-2018 18:23:11 TCP: Parsing Data....
01-09-2018 18:23:11 TCP: Saving Data Into Database......
01-09-2018 18:23:11 TCP: Successfully Saved To Database......
01-09-2018 18:23:14 TCP: Recieved 36 bytes from socket.
01-09-2018 18:23:14 TCP: Parsing Data....
01-09-2018 18:23:14 TCP: Saving Data Into Database......
01-09-2018 18:23:14 TCP: Successfully Saved To Database......
01-09-2018 18:23:15 TCP: Recieved 36 bytes from socket.
01-09-2018 18:23:15 TCP: Parsing Data....
01-09-2018 18:23:15 TCP: Saving Data Into Database......
01-09-2018 18:23:15 TCP: Successfully Saved To Database......
01-09-2018 18:23:18 TCP: Recieved 15 bytes from socket.
01-09-2018 18:23:18 TCP: Parsing Data....
01-09-2018 18:23:18 TCP: Packet too short.
01-09-2018 18:23:25 TCP: Recieved 36 bytes from socket.
01-09-2018 18:23:25 TCP: Parsing Data....
01-09-2018 18:23:25 TCP: Saving Data Into Database......
01-09-2018 18:23:25 TCP: Successfully Saved To Database......
01-09-2018 18:23:35 TCP: Recieved 36 bytes from socket.
01-09-2018 18:23:35 TCP: Parsing Data....
01-09-2018 18:23:35 TCP: Saving Data Into Database......
01-09-2018 18:23:35 TCP: Successfully Saved To Database......
01-09-2018 18:23:45 TCP: Recieved 36 bytes from socket.
01-09-2018 18:23:45 TCP: Parsing Data....
01-09-2018 18:23:45 TCP: Saving Data Into Database......
01-09-2018 18:23:45 TCP: Successfully Saved To Database......
01-09-2018 18:23:55 TCP: Recieved 36 bytes from socket.
01-09-2018 18:23:55 TCP: Parsing Data....
01-09-2018 18:23:55 TCP: Saving Data Into Database......
01-09-2018 18:23:55 TCP: Successfully Saved To Database......
01-09-2018 18:24:05 TCP: Recieved 36 bytes from socket.
01-09-2018 18:24:05 TCP: Parsing Data....
01-09-2018 18:24:05 TCP: Saving Data Into Database......
01-09-2018 18:24:05 TCP: Successfully Saved To Database......
01-09-2018 18:24:15 TCP: Recieved 36 bytes from socket.
01-09-2018 18:24:15 TCP: Parsing Data....
01-09-2018 18:24:15 TCP: Saving Data Into Database......
01-09-2018 18:24:15 TCP: Successfully Saved To Database......
01-09-2018 18:24:25 TCP: Recieved 36 bytes from socket.
01-09-2018 18:24:25 TCP: Parsing Data....
01-09-2018 18:24:25 TCP: Saving Data Into Database......
01-09-2018 18:24:25 TCP: Successfully Saved To Database......
01-09-2018 18:24:35 TCP: Recieved 36 bytes from socket.
01-09-2018 18:24:35 TCP: Parsing Data....
01-09-2018 18:24:35 TCP: Saving Data Into Database......
01-09-2018 18:24:35 TCP: Successfully Saved To Database......
01-09-2018 18:24:45 TCP: Recieved 36 bytes from socket.
01-09-2018 18:24:45 TCP: Parsing Data....
01-09-2018 18:24:45 TCP: Saving Data Into Database......
01-09-2018 18:24:45 TCP: Successfully Saved To Database......
01-09-2018 18:24:48 TCP: Recieved 15 bytes from socket.
01-09-2018 18:24:48 TCP: Parsing Data....
01-09-2018 18:24:48 TCP: Packet too short.
01-09-2018 18:24:55 TCP: Recieved 36 bytes from socket.
01-09-2018 18:24:55 TCP: Parsing Data....
01-09-2018 18:24:55 TCP: Saving Data Into Database......
01-09-2018 18:24:55 TCP: Successfully Saved To Database......
01-09-2018 18:25:05 TCP: Recieved 36 bytes from socket.
01-09-2018 18:25:05 TCP: Parsing Data....
01-09-2018 18:25:05 TCP: Saving Data Into Database......
01-09-2018 18:25:05 TCP: Successfully Saved To Database......
01-09-2018 18:25:14 TCP: Recieved 36 bytes from socket.
01-09-2018 18:25:14 TCP: Parsing Data....
01-09-2018 18:25:14 TCP: Saving Data Into Database......
01-09-2018 18:25:14 TCP: Successfully Saved To Database......
01-09-2018 18:25:24 TCP: Recieved 36 bytes from socket.
01-09-2018 18:25:24 TCP: Parsing Data....
01-09-2018 18:25:24 TCP: Saving Data Into Database......
01-09-2018 18:25:24 TCP: Successfully Saved To Database......
01-09-2018 18:25:34 TCP: Recieved 36 bytes from socket.
01-09-2018 18:25:34 TCP: Parsing Data....
01-09-2018 18:25:34 TCP: Saving Data Into Database......
01-09-2018 18:25:34 TCP: Successfully Saved To Database......
01-09-2018 18:25:44 TCP: Recieved 36 bytes from socket.
01-09-2018 18:25:44 TCP: Parsing Data....
01-09-2018 18:25:44 TCP: Saving Data Into Database......
01-09-2018 18:25:44 TCP: Successfully Saved To Database......
01-09-2018 18:25:54 TCP: Recieved 36 bytes from socket.
01-09-2018 18:25:54 TCP: Parsing Data....
01-09-2018 18:25:54 TCP: Saving Data Into Database......
01-09-2018 18:25:54 TCP: Successfully Saved To Database......
01-09-2018 18:26:04 TCP: Recieved 36 bytes from socket.
01-09-2018 18:26:04 TCP: Parsing Data....
01-09-2018 18:26:04 TCP: Saving Data Into Database......
01-09-2018 18:26:04 TCP: Successfully Saved To Database......
01-09-2018 18:26:14 TCP: Recieved 36 bytes from socket.
01-09-2018 18:26:14 TCP: Parsing Data....
01-09-2018 18:26:14 TCP: Saving Data Into Database......
01-09-2018 18:26:14 TCP: Successfully Saved To Database......
01-09-2018 18:26:18 TCP: Got new connection: 42.106.5.80:15371
01-09-2018 18:26:19 TCP: Recieved 18 bytes from socket.
01-09-2018 18:26:19 TCP: Parsing Data....
01-09-2018 18:26:19 TCP: Parsing Data....
01-09-2018 18:26:22 TCP: Recieved 15 bytes from socket.
01-09-2018 18:26:22 TCP: Parsing Data....
01-09-2018 18:26:22 TCP: Packet too short.
01-09-2018 18:26:24 TCP: Recieved 36 bytes from socket.
01-09-2018 18:26:24 TCP: Parsing Data....
01-09-2018 18:26:24 TCP: Saving Data Into Database......
01-09-2018 18:26:24 TCP: Successfully Saved To Database......
01-09-2018 18:26:34 TCP: Recieved 36 bytes from socket.
01-09-2018 18:26:34 TCP: Parsing Data....
01-09-2018 18:26:34 TCP: Saving Data Into Database......
01-09-2018 18:26:34 TCP: Successfully Saved To Database......
01-09-2018 18:26:44 TCP: Recieved 36 bytes from socket.
01-09-2018 18:26:44 TCP: Parsing Data....
01-09-2018 18:26:44 TCP: Saving Data Into Database......
01-09-2018 18:26:44 TCP: Successfully Saved To Database......
01-09-2018 18:26:54 TCP: Recieved 36 bytes from socket.
01-09-2018 18:26:54 TCP: Parsing Data....
01-09-2018 18:26:54 TCP: Saving Data Into Database......
01-09-2018 18:26:54 TCP: Successfully Saved To Database......
01-09-2018 18:27:04 TCP: Recieved 36 bytes from socket.
01-09-2018 18:27:04 TCP: Parsing Data....
01-09-2018 18:27:04 TCP: Saving Data Into Database......
01-09-2018 18:27:04 TCP: Successfully Saved To Database......
01-09-2018 18:27:14 TCP: Recieved 36 bytes from socket.
01-09-2018 18:27:14 TCP: Parsing Data....
01-09-2018 18:27:14 TCP: Saving Data Into Database......
01-09-2018 18:27:14 TCP: Successfully Saved To Database......
01-09-2018 18:27:24 TCP: Recieved 36 bytes from socket.
01-09-2018 18:27:24 TCP: Parsing Data....
01-09-2018 18:27:24 TCP: Saving Data Into Database......
01-09-2018 18:27:24 TCP: Successfully Saved To Database......
01-09-2018 18:27:34 TCP: Recieved 36 bytes from socket.
01-09-2018 18:27:34 TCP: Parsing Data....
01-09-2018 18:27:34 TCP: Saving Data Into Database......
01-09-2018 18:27:34 TCP: Successfully Saved To Database......
01-09-2018 18:27:46 TCP: Recieved 36 bytes from socket.
01-09-2018 18:27:46 TCP: Parsing Data....
01-09-2018 18:27:46 TCP: Saving Data Into Database......
01-09-2018 18:27:46 TCP: Successfully Saved To Database......
01-09-2018 18:27:49 TCP: Recieved 15 bytes from socket.
01-09-2018 18:27:49 TCP: Parsing Data....
01-09-2018 18:27:49 TCP: Packet too short.
01-09-2018 18:27:54 TCP: Recieved 36 bytes from socket.
01-09-2018 18:27:54 TCP: Parsing Data....
01-09-2018 18:27:54 TCP: Saving Data Into Database......
01-09-2018 18:27:54 TCP: Successfully Saved To Database......
01-09-2018 18:28:04 TCP: Recieved 36 bytes from socket.
01-09-2018 18:28:04 TCP: Parsing Data....
01-09-2018 18:28:04 TCP: Saving Data Into Database......
01-09-2018 18:28:04 TCP: Successfully Saved To Database......
01-09-2018 18:28:14 TCP: Recieved 36 bytes from socket.
01-09-2018 18:28:14 TCP: Parsing Data....
01-09-2018 18:28:14 TCP: Saving Data Into Database......
01-09-2018 18:28:14 TCP: Successfully Saved To Database......
01-09-2018 18:28:24 TCP: Recieved 36 bytes from socket.
01-09-2018 18:28:24 TCP: Parsing Data....
01-09-2018 18:28:24 TCP: Saving Data Into Database......
01-09-2018 18:28:24 TCP: Successfully Saved To Database......
01-09-2018 18:28:34 TCP: Recieved 36 bytes from socket.
01-09-2018 18:28:34 TCP: Parsing Data....
01-09-2018 18:28:34 TCP: Saving Data Into Database......
01-09-2018 18:28:34 TCP: Successfully Saved To Database......
01-09-2018 18:28:44 TCP: Recieved 36 bytes from socket.
01-09-2018 18:28:44 TCP: Parsing Data....
01-09-2018 18:28:44 TCP: Saving Data Into Database......
01-09-2018 18:28:44 TCP: Successfully Saved To Database......
01-09-2018 18:28:54 TCP: Recieved 36 bytes from socket.
01-09-2018 18:28:54 TCP: Parsing Data....
01-09-2018 18:28:54 TCP: Saving Data Into Database......
01-09-2018 18:28:54 TCP: Successfully Saved To Database......
01-09-2018 18:29:04 TCP: Recieved 36 bytes from socket.
01-09-2018 18:29:04 TCP: Parsing Data....
01-09-2018 18:29:04 TCP: Saving Data Into Database......
01-09-2018 18:29:04 TCP: Successfully Saved To Database......
01-09-2018 18:29:14 TCP: Recieved 36 bytes from socket.
01-09-2018 18:29:14 TCP: Parsing Data....
01-09-2018 18:29:14 TCP: Saving Data Into Database......
01-09-2018 18:29:14 TCP: Successfully Saved To Database......
01-09-2018 18:29:19 TCP: Recieved 15 bytes from socket.
01-09-2018 18:29:19 TCP: Parsing Data....
01-09-2018 18:29:19 TCP: Packet too short.
01-09-2018 18:29:24 TCP: Recieved 36 bytes from socket.
01-09-2018 18:29:24 TCP: Parsing Data....
01-09-2018 18:29:24 TCP: Saving Data Into Database......
01-09-2018 18:29:24 TCP: Successfully Saved To Database......
01-09-2018 18:29:34 TCP: Recieved 36 bytes from socket.
01-09-2018 18:29:34 TCP: Parsing Data....
01-09-2018 18:29:34 TCP: Saving Data Into Database......
01-09-2018 18:29:34 TCP: Successfully Saved To Database......
01-09-2018 18:29:44 TCP: Recieved 36 bytes from socket.
01-09-2018 18:29:44 TCP: Parsing Data....
01-09-2018 18:29:44 TCP: Saving Data Into Database......
01-09-2018 18:29:44 TCP: Successfully Saved To Database......
01-09-2018 18:29:54 TCP: Recieved 36 bytes from socket.
01-09-2018 18:29:54 TCP: Parsing Data....
01-09-2018 18:29:54 TCP: Saving Data Into Database......
01-09-2018 18:29:54 TCP: Successfully Saved To Database......
01-09-2018 18:30:04 TCP: Recieved 36 bytes from socket.
01-09-2018 18:30:04 TCP: Parsing Data....
01-09-2018 18:30:04 TCP: Saving Data Into Database......
01-09-2018 18:30:04 TCP: Successfully Saved To Database......
01-09-2018 18:30:15 TCP: Recieved 36 bytes from socket.
01-09-2018 18:30:15 TCP: Parsing Data....
01-09-2018 18:30:15 TCP: Saving Data Into Database......
01-09-2018 18:30:15 TCP: Successfully Saved To Database......
01-09-2018 18:30:25 TCP: Recieved 36 bytes from socket.
01-09-2018 18:30:25 TCP: Parsing Data....
01-09-2018 18:30:25 TCP: Saving Data Into Database......
01-09-2018 18:30:25 TCP: Successfully Saved To Database......
01-09-2018 18:30:35 TCP: Recieved 36 bytes from socket.
01-09-2018 18:30:35 TCP: Parsing Data....
01-09-2018 18:30:35 TCP: Saving Data Into Database......
01-09-2018 18:30:35 TCP: Successfully Saved To Database......
01-09-2018 18:30:45 TCP: Recieved 36 bytes from socket.
01-09-2018 18:30:45 TCP: Parsing Data....
01-09-2018 18:30:45 TCP: Saving Data Into Database......
01-09-2018 18:30:45 TCP: Successfully Saved To Database......
01-09-2018 18:30:48 TCP: Got new connection: 42.106.5.80:58005
01-09-2018 18:30:50 TCP: Recieved 18 bytes from socket.
01-09-2018 18:30:50 TCP: Parsing Data....
01-09-2018 18:30:50 TCP: Parsing Data....
01-09-2018 18:30:52 TCP: Recieved 15 bytes from socket.
01-09-2018 18:30:52 TCP: Parsing Data....
01-09-2018 18:30:52 TCP: Packet too short.
01-09-2018 18:30:54 TCP: Recieved 36 bytes from socket.
01-09-2018 18:30:54 TCP: Parsing Data....
01-09-2018 18:30:54 TCP: Saving Data Into Database......
01-09-2018 18:30:54 TCP: Successfully Saved To Database......
01-09-2018 18:31:04 TCP: Recieved 36 bytes from socket.
01-09-2018 18:31:04 TCP: Parsing Data....
01-09-2018 18:31:04 TCP: Saving Data Into Database......
01-09-2018 18:31:04 TCP: Successfully Saved To Database......
01-09-2018 18:31:15 TCP: Recieved 36 bytes from socket.
01-09-2018 18:31:15 TCP: Parsing Data....
01-09-2018 18:31:15 TCP: Saving Data Into Database......
01-09-2018 18:31:15 TCP: Successfully Saved To Database......
01-09-2018 18:31:25 TCP: Recieved 36 bytes from socket.
01-09-2018 18:31:25 TCP: Parsing Data....
01-09-2018 18:31:25 TCP: Saving Data Into Database......
01-09-2018 18:31:25 TCP: Successfully Saved To Database......
01-09-2018 18:31:35 TCP: Recieved 36 bytes from socket.
01-09-2018 18:31:35 TCP: Parsing Data....
01-09-2018 18:31:35 TCP: Saving Data Into Database......
01-09-2018 18:31:35 TCP: Successfully Saved To Database......
01-09-2018 18:31:45 TCP: Recieved 36 bytes from socket.
01-09-2018 18:31:45 TCP: Parsing Data....
01-09-2018 18:31:45 TCP: Saving Data Into Database......
01-09-2018 18:31:45 TCP: Successfully Saved To Database......
01-09-2018 18:31:55 TCP: Recieved 36 bytes from socket.
01-09-2018 18:31:55 TCP: Parsing Data....
01-09-2018 18:31:55 TCP: Saving Data Into Database......
01-09-2018 18:31:55 TCP: Successfully Saved To Database......
01-09-2018 18:32:05 TCP: Recieved 36 bytes from socket.
01-09-2018 18:32:05 TCP: Parsing Data....
01-09-2018 18:32:05 TCP: Saving Data Into Database......
01-09-2018 18:32:05 TCP: Successfully Saved To Database......
01-09-2018 18:32:15 TCP: Recieved 36 bytes from socket.
01-09-2018 18:32:15 TCP: Parsing Data....
01-09-2018 18:32:15 TCP: Saving Data Into Database......
01-09-2018 18:32:15 TCP: Successfully Saved To Database......
01-09-2018 18:32:19 TCP: Recieved 15 bytes from socket.
01-09-2018 18:32:19 TCP: Parsing Data....
01-09-2018 18:32:19 TCP: Packet too short.
01-09-2018 18:32:26 TCP: Recieved 36 bytes from socket.
01-09-2018 18:32:26 TCP: Parsing Data....
01-09-2018 18:32:26 TCP: Saving Data Into Database......
01-09-2018 18:32:26 TCP: Successfully Saved To Database......
