29-08-2018 12:01:41 UDP: Started listening at port 8414
29-08-2018 12:01:41 TCP: Started listening at port 10025
29-08-2018 12:01:41 TCP Output Control: Started listening at port 668
29-08-2018 12:01:42 TCP Output Control: Error in confirmation checker.
29-08-2018 12:01:42 TCP Output Control: System.InvalidOperationException: ExecuteNonQuery requires the command to have a transaction when the connection assigned to the command is in a pending local transaction.  The Transaction property of the command has not been initialized.
   at System.Data.SqlClient.SqlCommand.ValidateCommand(String method, Boolean async)
   at System.Data.SqlClient.SqlCommand.InternalExecuteNonQuery(TaskCompletionSource`1 completion, String methodName, Boolean sendToPipe, Int32 timeout, Boolean& usedCache, Boolean asyncWrite, Boolean inRetry)
   at System.Data.SqlClient.SqlCommand.ExecuteNonQuery()
   at ExampleService.DataAccess.MSSqlDataAccess.OutputUpdate(Int32 id, Byte status) in C:\Users\Abuzar\Desktop\27-08-2018\ExampleService\DataAccess\MSSqlDataAccess.cs:line 540
   at ExampleService.DataAccess.MSSqlDataAccess.CheckConfirmationExpirations() in C:\Users\Abuzar\Desktop\27-08-2018\ExampleService\DataAccess\MSSqlDataAccess.cs:line 561
   at ExampleService.TCPOutputControl.CheckConfirmationExpiration() in C:\Users\Abuzar\Desktop\27-08-2018\ExampleService\TCPOutputControl.cs:line 312
29-08-2018 12:02:02 TCP: Got new connection: 42.106.27.79:50165
29-08-2018 12:02:02 TCP: Recieved 18 bytes from socket.
29-08-2018 12:02:02 TCP: Checking for keyword validity.
29-08-2018 12:02:02 TCP: Keyword valid. Waiting for data.
29-08-2018 12:02:05 TCP: Recieved 15 bytes from socket.
29-08-2018 12:02:13 TCP: Parsing recieved data.
29-08-2018 12:02:17 TCP: ---- Parser log start ----
29-08-2018 12:10:27 TCP: Got new connection: 42.106.27.79:21120
29-08-2018 12:10:27 Helper: IMEI: 1130590330583160
29-08-2018 12:10:27 TCP: Recieved 1024 bytes from socket.
29-08-2018 12:10:29 TCP: Checking for keyword validity.
29-08-2018 12:10:30 Helper: Checksum does not match.
29-08-2018 12:10:30 TCP: ---- Saving to database ----
29-08-2018 12:10:30 TCP: Keyword valid. Waiting for data.
29-08-2018 12:10:33 TCP: ---- Successfully saved to database ----
29-08-2018 12:10:33 TCP: Recieved 1024 bytes from socket.
29-08-2018 12:10:33 TCP: Recieved 1024 bytes from socket.
29-08-2018 12:10:36 TCP: Parsing recieved data.
29-08-2018 12:10:36 TCP: Parsing recieved data.
29-08-2018 12:10:36 TCP: ---- Parser log start ----
