31-08-2018 17:37:40 UDP: Started listening at port 8414
31-08-2018 17:37:40 TCP: Started listening at port 10025
31-08-2018 17:37:40 TCP Output Control: Started listening at port 668
31-08-2018 17:37:40 TCP Output Control: Error in confirmation checker.
31-08-2018 17:37:40 TCP Output Control: System.InvalidOperationException: ExecuteNonQuery requires the command to have a transaction when the connection assigned to the command is in a pending local transaction.  The Transaction property of the command has not been initialized.
   at System.Data.SqlClient.SqlCommand.ValidateCommand(String method, Boolean async)
   at System.Data.SqlClient.SqlCommand.InternalExecuteNonQuery(TaskCompletionSource`1 completion, String methodName, Boolean sendToPipe, Int32 timeout, Boolean& usedCache, Boolean asyncWrite, Boolean inRetry)
   at System.Data.SqlClient.SqlCommand.ExecuteNonQuery()
   at ExampleService.DataAccess.MSSqlDataAccess.OutputUpdate(Int32 id, Byte status) in C:\Users\Abuzar\Desktop\27-08-2018\ExampleService\DataAccess\MSSqlDataAccess.cs:line 540
   at ExampleService.DataAccess.MSSqlDataAccess.CheckConfirmationExpirations() in C:\Users\Abuzar\Desktop\27-08-2018\ExampleService\DataAccess\MSSqlDataAccess.cs:line 561
   at ExampleService.TCPOutputControl.CheckConfirmationExpiration() in C:\Users\Abuzar\Desktop\27-08-2018\ExampleService\TCPOutputControl.cs:line 312
31-08-2018 17:38:00 TCP: Got new connection: 42.106.25.124:40783
31-08-2018 17:38:01 TCP: Recieved 18 bytes from socket.
31-08-2018 17:38:01 TCP: Checking for keyword validity.
31-08-2018 17:38:01 TCP: Keyword valid. Waiting for data.
31-08-2018 17:38:04 TCP: Recieved 15 bytes from socket.
31-08-2018 17:38:04 TCP: Packet too short.
31-08-2018 17:38:07 TCP: Recieved 36 bytes from socket.
31-08-2018 17:38:10 TCP: Recieved 36 bytes from socket.
31-08-2018 17:38:10 TCP: Checking for keyword validity.
31-08-2018 17:38:10 TCP: Keyword valid. Waiting for data.
31-08-2018 17:38:13 TCP: Recieved 36 bytes from socket.
31-08-2018 17:38:16 TCP: Recieved 36 bytes from socket.
31-08-2018 17:38:16 TCP: Checking for keyword validity.
31-08-2018 17:38:16 TCP: Keyword valid. Waiting for data.
31-08-2018 17:38:19 TCP: Recieved 36 bytes from socket.
31-08-2018 17:38:22 TCP: Recieved 36 bytes from socket.
31-08-2018 17:38:22 TCP: Checking for keyword validity.
31-08-2018 17:38:22 TCP: Keyword valid. Waiting for data.
31-08-2018 17:38:25 TCP: Recieved 15 bytes from socket.
31-08-2018 17:38:25 TCP: Packet too short.
31-08-2018 17:38:28 TCP: Recieved 36 bytes from socket.
31-08-2018 17:38:31 TCP: Recieved 36 bytes from socket.
31-08-2018 17:38:31 TCP: Checking for keyword validity.
31-08-2018 17:38:31 TCP: Keyword valid. Waiting for data.
31-08-2018 17:38:34 TCP: Recieved 36 bytes from socket.
31-08-2018 17:38:37 TCP: Recieved 36 bytes from socket.
31-08-2018 17:38:37 TCP: Checking for keyword validity.
31-08-2018 17:38:37 TCP: Keyword valid. Waiting for data.
31-08-2018 17:38:40 TCP: Recieved 36 bytes from socket.
31-08-2018 17:38:43 TCP: Recieved 36 bytes from socket.
31-08-2018 17:38:43 TCP: Checking for keyword validity.
31-08-2018 17:38:43 TCP: Keyword valid. Waiting for data.
31-08-2018 17:38:46 TCP: Recieved 36 bytes from socket.
31-08-2018 17:38:51 TCP: Recieved 36 bytes from socket.
31-08-2018 17:38:51 TCP: Checking for keyword validity.
31-08-2018 17:38:51 TCP: Keyword valid. Waiting for data.
31-08-2018 17:38:52 TCP: Recieved 36 bytes from socket.
31-08-2018 17:38:55 TCP: Recieved 36 bytes from socket.
31-08-2018 17:38:55 TCP: Checking for keyword validity.
31-08-2018 17:38:55 TCP: Keyword valid. Waiting for data.
31-08-2018 17:38:58 TCP: Recieved 36 bytes from socket.
31-08-2018 17:39:01 TCP: Recieved 15 bytes from socket.
31-08-2018 17:39:01 TCP: Checking for keyword validity.
31-08-2018 17:39:01 TCP: Keyword valid. Waiting for data.
31-08-2018 17:39:04 TCP: Recieved 36 bytes from socket.
31-08-2018 17:39:07 TCP: Recieved 36 bytes from socket.
31-08-2018 17:39:07 TCP: Checking for keyword validity.
31-08-2018 17:39:07 TCP: Keyword valid. Waiting for data.
31-08-2018 17:39:10 TCP: Recieved 36 bytes from socket.
31-08-2018 17:39:13 TCP: Recieved 36 bytes from socket.
31-08-2018 17:39:13 TCP: Checking for keyword validity.
31-08-2018 17:39:13 TCP: Keyword valid. Waiting for data.
31-08-2018 17:39:16 TCP: Recieved 36 bytes from socket.
31-08-2018 17:39:19 TCP: Recieved 36 bytes from socket.
31-08-2018 17:39:19 TCP: Checking for keyword validity.
31-08-2018 17:39:19 TCP: Keyword valid. Waiting for data.
31-08-2018 17:39:22 TCP: Recieved 36 bytes from socket.
31-08-2018 17:39:25 TCP: Recieved 36 bytes from socket.
31-08-2018 17:39:25 TCP: Checking for keyword validity.
31-08-2018 17:39:25 TCP: Keyword valid. Waiting for data.
31-08-2018 17:39:28 TCP: Recieved 36 bytes from socket.
31-08-2018 17:39:31 TCP: Recieved 36 bytes from socket.
31-08-2018 17:39:31 TCP: Checking for keyword validity.
31-08-2018 17:39:31 TCP: Keyword valid. Waiting for data.
31-08-2018 17:39:34 TCP: Recieved 36 bytes from socket.
31-08-2018 17:39:37 TCP: Recieved 36 bytes from socket.
31-08-2018 17:39:37 TCP: Checking for keyword validity.
31-08-2018 17:39:37 TCP: Keyword valid. Waiting for data.
31-08-2018 17:39:40 TCP: Recieved 36 bytes from socket.
31-08-2018 17:39:43 TCP: Recieved 36 bytes from socket.
31-08-2018 17:39:43 TCP: Checking for keyword validity.
31-08-2018 17:39:43 TCP: Keyword valid. Waiting for data.
31-08-2018 17:39:46 TCP: Recieved 36 bytes from socket.
31-08-2018 17:39:49 TCP: Recieved 36 bytes from socket.
31-08-2018 17:39:49 TCP: Checking for keyword validity.
31-08-2018 17:39:49 TCP: Keyword valid. Waiting for data.
31-08-2018 17:39:52 TCP: Recieved 36 bytes from socket.
31-08-2018 17:39:55 TCP: Recieved 36 bytes from socket.
31-08-2018 17:39:55 TCP: Checking for keyword validity.
31-08-2018 17:39:55 TCP: Keyword valid. Waiting for data.
31-08-2018 17:39:58 TCP: Recieved 36 bytes from socket.
31-08-2018 17:40:01 TCP: Recieved 36 bytes from socket.
31-08-2018 17:40:01 TCP: Checking for keyword validity.
31-08-2018 17:40:01 TCP: Keyword valid. Waiting for data.
31-08-2018 17:40:04 TCP: Recieved 36 bytes from socket.
31-08-2018 17:40:07 TCP: Recieved 36 bytes from socket.
31-08-2018 17:40:07 TCP: Checking for keyword validity.
31-08-2018 17:40:07 TCP: Keyword valid. Waiting for data.
31-08-2018 17:40:10 TCP: Recieved 36 bytes from socket.
31-08-2018 17:40:13 TCP: Recieved 36 bytes from socket.
31-08-2018 17:40:13 TCP: Checking for keyword validity.
31-08-2018 17:40:13 TCP: Keyword valid. Waiting for data.
31-08-2018 17:40:16 TCP: Recieved 36 bytes from socket.
31-08-2018 17:40:19 TCP: Recieved 36 bytes from socket.
31-08-2018 17:40:19 TCP: Checking for keyword validity.
31-08-2018 17:40:19 TCP: Keyword valid. Waiting for data.
31-08-2018 17:40:22 TCP: Recieved 36 bytes from socket.
31-08-2018 17:40:25 TCP: Recieved 36 bytes from socket.
31-08-2018 17:40:25 TCP: Checking for keyword validity.
31-08-2018 17:40:25 TCP: Keyword valid. Waiting for data.
31-08-2018 17:40:28 TCP: Recieved 36 bytes from socket.
31-08-2018 17:40:31 TCP: Recieved 36 bytes from socket.
31-08-2018 17:40:31 TCP: Checking for keyword validity.
31-08-2018 17:40:31 TCP: Keyword valid. Waiting for data.
31-08-2018 17:40:34 TCP: Recieved 36 bytes from socket.
31-08-2018 17:40:37 TCP: Recieved 36 bytes from socket.
31-08-2018 17:40:37 TCP: Checking for keyword validity.
31-08-2018 17:40:37 TCP: Keyword valid. Waiting for data.
31-08-2018 17:40:40 TCP: Recieved 36 bytes from socket.
31-08-2018 17:40:43 TCP: Recieved 15 bytes from socket.
31-08-2018 17:40:43 TCP: Checking for keyword validity.
31-08-2018 17:40:43 TCP: Keyword valid. Waiting for data.
31-08-2018 17:40:46 TCP: Recieved 36 bytes from socket.
31-08-2018 17:40:49 TCP: Recieved 36 bytes from socket.
31-08-2018 17:40:49 TCP: Checking for keyword validity.
31-08-2018 17:40:49 TCP: Keyword valid. Waiting for data.
31-08-2018 17:40:52 TCP: Recieved 36 bytes from socket.
31-08-2018 17:40:55 TCP: Recieved 36 bytes from socket.
31-08-2018 17:40:55 TCP: Checking for keyword validity.
31-08-2018 17:40:55 TCP: Keyword valid. Waiting for data.
31-08-2018 17:40:58 TCP: Recieved 36 bytes from socket.
31-08-2018 17:41:01 TCP: Recieved 36 bytes from socket.
31-08-2018 17:41:01 TCP: Checking for keyword validity.
31-08-2018 17:41:01 TCP: Keyword valid. Waiting for data.
31-08-2018 17:41:04 TCP: Recieved 36 bytes from socket.
31-08-2018 17:41:07 TCP: Recieved 36 bytes from socket.
31-08-2018 17:41:07 TCP: Checking for keyword validity.
31-08-2018 17:41:07 TCP: Keyword valid. Waiting for data.
31-08-2018 17:41:10 TCP: Recieved 36 bytes from socket.
31-08-2018 17:41:13 TCP: Recieved 15 bytes from socket.
31-08-2018 17:41:13 TCP: Checking for keyword validity.
31-08-2018 17:41:13 TCP: Keyword valid. Waiting for data.
31-08-2018 17:41:16 TCP: Recieved 36 bytes from socket.
31-08-2018 17:41:19 TCP: Recieved 36 bytes from socket.
31-08-2018 17:41:19 TCP: Checking for keyword validity.
31-08-2018 17:41:19 TCP: Keyword valid. Waiting for data.
31-08-2018 17:41:21 TCP: Recieved 36 bytes from socket.
31-08-2018 17:41:31 TCP: Recieved 36 bytes from socket.
31-08-2018 17:41:31 TCP: Checking for keyword validity.
31-08-2018 17:41:31 TCP: Keyword valid. Waiting for data.
31-08-2018 17:41:41 TCP: Recieved 36 bytes from socket.
31-08-2018 17:41:51 TCP: Recieved 36 bytes from socket.
31-08-2018 17:41:51 TCP: Checking for keyword validity.
31-08-2018 17:41:51 TCP: Keyword valid. Waiting for data.
31-08-2018 17:42:01 TCP: Recieved 36 bytes from socket.
31-08-2018 17:42:11 TCP: Recieved 36 bytes from socket.
31-08-2018 17:42:11 TCP: Checking for keyword validity.
31-08-2018 17:42:11 TCP: Keyword valid. Waiting for data.
31-08-2018 17:42:21 TCP: Recieved 36 bytes from socket.
31-08-2018 17:42:31 TCP: Got new connection: 42.106.25.124:31180
31-08-2018 17:42:32 TCP: Recieved 18 bytes from socket.
31-08-2018 17:42:32 TCP: Checking for keyword validity.
31-08-2018 17:42:32 TCP: Keyword valid. Waiting for data.
31-08-2018 17:42:35 TCP: Recieved 15 bytes from socket.
31-08-2018 17:42:35 TCP: Packet too short.
31-08-2018 17:42:42 TCP: Recieved 36 bytes from socket.
31-08-2018 17:42:42 TCP: Recieved 36 bytes from socket.
31-08-2018 17:42:42 TCP: Checking for keyword validity.
31-08-2018 17:42:42 TCP: Keyword valid. Waiting for data.
31-08-2018 17:42:51 TCP: Recieved 36 bytes from socket.
31-08-2018 17:43:01 TCP: Recieved 36 bytes from socket.
31-08-2018 17:43:01 TCP: Checking for keyword validity.
31-08-2018 17:43:01 TCP: Keyword valid. Waiting for data.
31-08-2018 17:43:11 TCP: Recieved 36 bytes from socket.
31-08-2018 17:43:21 TCP: Recieved 36 bytes from socket.
31-08-2018 17:43:21 TCP: Checking for keyword validity.
31-08-2018 17:43:21 TCP: Keyword valid. Waiting for data.
31-08-2018 17:43:31 TCP: Recieved 36 bytes from socket.
31-08-2018 17:43:41 TCP: Recieved 36 bytes from socket.
31-08-2018 17:43:41 TCP: Checking for keyword validity.
31-08-2018 17:43:41 TCP: Keyword valid. Waiting for data.
31-08-2018 17:43:51 TCP: Recieved 36 bytes from socket.
31-08-2018 17:44:01 TCP: Recieved 36 bytes from socket.
31-08-2018 17:44:01 TCP: Checking for keyword validity.
31-08-2018 17:44:01 TCP: Keyword valid. Waiting for data.
31-08-2018 17:44:02 TCP: Recieved 15 bytes from socket.
31-08-2018 17:44:02 TCP: Packet too short.
31-08-2018 17:44:11 TCP: Recieved 36 bytes from socket.
31-08-2018 17:44:21 TCP: Recieved 36 bytes from socket.
31-08-2018 17:44:21 TCP: Checking for keyword validity.
31-08-2018 17:44:21 TCP: Keyword valid. Waiting for data.
31-08-2018 17:44:31 TCP: Recieved 36 bytes from socket.
31-08-2018 17:44:41 TCP: Recieved 36 bytes from socket.
31-08-2018 17:44:41 TCP: Checking for keyword validity.
31-08-2018 17:44:41 TCP: Keyword valid. Waiting for data.
31-08-2018 17:44:51 TCP: Recieved 36 bytes from socket.
31-08-2018 17:45:01 TCP: Recieved 36 bytes from socket.
31-08-2018 17:45:01 TCP: Checking for keyword validity.
31-08-2018 17:45:01 TCP: Keyword valid. Waiting for data.
31-08-2018 17:45:11 TCP: Recieved 36 bytes from socket.
31-08-2018 17:45:21 TCP: Recieved 36 bytes from socket.
31-08-2018 17:45:21 TCP: Checking for keyword validity.
31-08-2018 17:45:21 TCP: Keyword valid. Waiting for data.
31-08-2018 17:45:31 TCP: Recieved 36 bytes from socket.
31-08-2018 17:45:33 TCP: Recieved 15 bytes from socket.
31-08-2018 17:45:33 TCP: Checking for keyword validity.
31-08-2018 17:45:33 TCP: Keyword valid. Waiting for data.
31-08-2018 17:45:41 TCP: Recieved 36 bytes from socket.
31-08-2018 17:45:51 TCP: Recieved 36 bytes from socket.
31-08-2018 17:45:51 TCP: Checking for keyword validity.
31-08-2018 17:45:51 TCP: Keyword valid. Waiting for data.
31-08-2018 17:46:01 TCP: Recieved 36 bytes from socket.
31-08-2018 17:46:11 TCP: Recieved 36 bytes from socket.
31-08-2018 17:46:11 TCP: Checking for keyword validity.
31-08-2018 17:46:11 TCP: Keyword valid. Waiting for data.
31-08-2018 17:46:21 TCP: Recieved 36 bytes from socket.
31-08-2018 17:46:31 TCP: Recieved 36 bytes from socket.
31-08-2018 17:46:31 TCP: Checking for keyword validity.
31-08-2018 17:46:31 TCP: Keyword valid. Waiting for data.
31-08-2018 17:46:41 TCP: Recieved 36 bytes from socket.
31-08-2018 17:46:51 TCP: Recieved 36 bytes from socket.
31-08-2018 17:46:51 TCP: Checking for keyword validity.
31-08-2018 17:46:51 TCP: Keyword valid. Waiting for data.
31-08-2018 17:47:01 TCP: Recieved 36 bytes from socket.
31-08-2018 17:47:02 TCP: Got new connection: 42.106.25.124:55582
31-08-2018 17:47:03 TCP: Recieved 18 bytes from socket.
31-08-2018 17:47:03 TCP: Checking for keyword validity.
31-08-2018 17:47:03 TCP: Keyword valid. Waiting for data.
31-08-2018 17:47:06 TCP: Recieved 15 bytes from socket.
31-08-2018 17:47:06 TCP: Packet too short.
31-08-2018 17:47:12 TCP: Recieved 36 bytes from socket.
31-08-2018 17:47:21 TCP: Recieved 36 bytes from socket.
31-08-2018 17:47:21 TCP: Checking for keyword validity.
31-08-2018 17:47:21 TCP: Keyword valid. Waiting for data.
31-08-2018 17:47:31 TCP: Recieved 36 bytes from socket.
31-08-2018 17:47:41 TCP: Recieved 36 bytes from socket.
31-08-2018 17:47:41 TCP: Checking for keyword validity.
31-08-2018 17:47:41 TCP: Keyword valid. Waiting for data.
31-08-2018 17:47:51 TCP: Recieved 36 bytes from socket.
31-08-2018 17:48:01 TCP: Recieved 36 bytes from socket.
31-08-2018 17:48:01 TCP: Checking for keyword validity.
31-08-2018 17:48:01 TCP: Keyword valid. Waiting for data.
31-08-2018 17:48:11 TCP: Recieved 36 bytes from socket.
31-08-2018 17:48:21 TCP: Recieved 36 bytes from socket.
31-08-2018 17:48:21 TCP: Checking for keyword validity.
31-08-2018 17:48:21 TCP: Keyword valid. Waiting for data.
31-08-2018 17:48:31 TCP: Recieved 36 bytes from socket.
31-08-2018 17:48:33 TCP: Recieved 15 bytes from socket.
31-08-2018 17:48:33 TCP: Checking for keyword validity.
31-08-2018 17:48:33 TCP: Keyword valid. Waiting for data.
31-08-2018 17:48:41 TCP: Recieved 36 bytes from socket.
31-08-2018 17:48:51 TCP: Recieved 36 bytes from socket.
31-08-2018 17:48:51 TCP: Checking for keyword validity.
31-08-2018 17:48:51 TCP: Keyword valid. Waiting for data.
31-08-2018 17:49:01 TCP: Recieved 36 bytes from socket.
31-08-2018 17:49:11 TCP: Recieved 36 bytes from socket.
31-08-2018 17:49:11 TCP: Checking for keyword validity.
31-08-2018 17:49:11 TCP: Keyword valid. Waiting for data.
31-08-2018 17:49:21 TCP: Recieved 36 bytes from socket.
31-08-2018 17:49:31 TCP: Recieved 36 bytes from socket.
31-08-2018 17:49:31 TCP: Checking for keyword validity.
31-08-2018 17:49:31 TCP: Keyword valid. Waiting for data.
31-08-2018 17:49:41 TCP: Recieved 36 bytes from socket.
31-08-2018 17:49:51 TCP: Recieved 36 bytes from socket.
31-08-2018 17:49:51 TCP: Checking for keyword validity.
31-08-2018 17:49:51 TCP: Keyword valid. Waiting for data.
31-08-2018 17:50:01 TCP: Recieved 36 bytes from socket.
31-08-2018 17:50:03 TCP: Recieved 15 bytes from socket.
31-08-2018 17:50:03 TCP: Checking for keyword validity.
31-08-2018 17:50:03 TCP: Keyword valid. Waiting for data.
31-08-2018 17:50:11 TCP: Recieved 36 bytes from socket.
31-08-2018 17:50:21 TCP: Recieved 36 bytes from socket.
31-08-2018 17:50:21 TCP: Checking for keyword validity.
31-08-2018 17:50:21 TCP: Keyword valid. Waiting for data.
31-08-2018 17:50:31 TCP: Recieved 36 bytes from socket.
31-08-2018 17:50:41 TCP: Recieved 36 bytes from socket.
31-08-2018 17:50:41 TCP: Checking for keyword validity.
31-08-2018 17:50:41 TCP: Keyword valid. Waiting for data.
31-08-2018 17:50:51 TCP: Recieved 36 bytes from socket.
31-08-2018 17:51:01 TCP: Recieved 36 bytes from socket.
31-08-2018 17:51:01 TCP: Checking for keyword validity.
31-08-2018 17:51:01 TCP: Keyword valid. Waiting for data.
31-08-2018 17:51:11 TCP: Recieved 36 bytes from socket.
31-08-2018 17:51:21 TCP: Recieved 36 bytes from socket.
31-08-2018 17:51:21 TCP: Checking for keyword validity.
31-08-2018 17:51:21 TCP: Keyword valid. Waiting for data.
31-08-2018 17:51:31 TCP: Recieved 36 bytes from socket.
31-08-2018 17:52:07 TCP: Got new connection: 42.106.25.74:2771
31-08-2018 17:52:08 TCP: Recieved 18 bytes from socket.
31-08-2018 17:52:08 TCP: Checking for keyword validity.
31-08-2018 17:52:08 TCP: Keyword valid. Waiting for data.
31-08-2018 17:52:11 TCP: Recieved 15 bytes from socket.
31-08-2018 17:52:11 TCP: Packet too short.
31-08-2018 17:52:14 TCP: Recieved 36 bytes from socket.
31-08-2018 17:52:17 TCP: Recieved 36 bytes from socket.
31-08-2018 17:52:17 TCP: Checking for keyword validity.
31-08-2018 17:52:17 TCP: Keyword valid. Waiting for data.
31-08-2018 17:52:22 TCP: Recieved 36 bytes from socket.
31-08-2018 17:52:23 TCP: Recieved 36 bytes from socket.
31-08-2018 17:52:23 TCP: Checking for keyword validity.
31-08-2018 17:52:23 TCP: Keyword valid. Waiting for data.
31-08-2018 17:52:26 TCP: Recieved 36 bytes from socket.
31-08-2018 17:52:33 TCP: Recieved 36 bytes from socket.
31-08-2018 17:52:33 TCP: Checking for keyword validity.
31-08-2018 17:52:33 TCP: Keyword valid. Waiting for data.
31-08-2018 17:52:41 TCP: Recieved 36 bytes from socket.
31-08-2018 17:52:51 TCP: Recieved 36 bytes from socket.
31-08-2018 17:52:51 TCP: Checking for keyword validity.
31-08-2018 17:52:51 TCP: Keyword valid. Waiting for data.
31-08-2018 17:53:01 TCP: Recieved 36 bytes from socket.
31-08-2018 17:53:11 TCP: Recieved 36 bytes from socket.
31-08-2018 17:53:11 TCP: Checking for keyword validity.
31-08-2018 17:53:11 TCP: Keyword valid. Waiting for data.
31-08-2018 17:53:21 TCP: Recieved 36 bytes from socket.
31-08-2018 17:53:31 TCP: Recieved 36 bytes from socket.
31-08-2018 17:53:31 TCP: Checking for keyword validity.
31-08-2018 17:53:31 TCP: Keyword valid. Waiting for data.
31-08-2018 17:53:38 TCP: Recieved 15 bytes from socket.
31-08-2018 17:53:38 TCP: Packet too short.
31-08-2018 17:53:41 TCP: Recieved 36 bytes from socket.
31-08-2018 17:53:51 TCP: Recieved 36 bytes from socket.
31-08-2018 17:53:51 TCP: Checking for keyword validity.
31-08-2018 17:53:51 TCP: Keyword valid. Waiting for data.
31-08-2018 17:54:01 TCP: Recieved 36 bytes from socket.
31-08-2018 17:54:11 TCP: Recieved 36 bytes from socket.
31-08-2018 17:54:11 TCP: Checking for keyword validity.
31-08-2018 17:54:11 TCP: Keyword valid. Waiting for data.
31-08-2018 17:54:21 TCP: Recieved 36 bytes from socket.
31-08-2018 17:54:31 TCP: Recieved 36 bytes from socket.
31-08-2018 17:54:31 TCP: Checking for keyword validity.
31-08-2018 17:54:31 TCP: Keyword valid. Waiting for data.
31-08-2018 17:54:41 TCP: Recieved 36 bytes from socket.
31-08-2018 17:54:51 TCP: Recieved 36 bytes from socket.
31-08-2018 17:54:51 TCP: Checking for keyword validity.
31-08-2018 17:54:51 TCP: Keyword valid. Waiting for data.
31-08-2018 17:55:01 TCP: Recieved 36 bytes from socket.
31-08-2018 17:55:08 TCP: Recieved 15 bytes from socket.
31-08-2018 17:55:08 TCP: Checking for keyword validity.
31-08-2018 17:55:08 TCP: Keyword valid. Waiting for data.
31-08-2018 17:55:11 TCP: Recieved 36 bytes from socket.
31-08-2018 17:55:21 TCP: Recieved 36 bytes from socket.
31-08-2018 17:55:21 TCP: Checking for keyword validity.
31-08-2018 17:55:21 TCP: Keyword valid. Waiting for data.
31-08-2018 17:55:31 TCP: Recieved 36 bytes from socket.
31-08-2018 17:55:41 TCP: Recieved 36 bytes from socket.
31-08-2018 17:55:41 TCP: Checking for keyword validity.
31-08-2018 17:55:41 TCP: Keyword valid. Waiting for data.
31-08-2018 17:55:51 TCP: Recieved 36 bytes from socket.
31-08-2018 17:56:01 TCP: Recieved 36 bytes from socket.
31-08-2018 17:56:01 TCP: Checking for keyword validity.
31-08-2018 17:56:01 TCP: Keyword valid. Waiting for data.
31-08-2018 17:56:11 TCP: Recieved 36 bytes from socket.
31-08-2018 17:56:21 TCP: Recieved 36 bytes from socket.
31-08-2018 17:56:21 TCP: Checking for keyword validity.
31-08-2018 17:56:21 TCP: Keyword valid. Waiting for data.
31-08-2018 17:56:31 TCP: Recieved 36 bytes from socket.
31-08-2018 17:56:38 TCP: Got new connection: 42.106.25.74:4755
31-08-2018 17:56:39 TCP: Recieved 18 bytes from socket.
31-08-2018 17:56:39 TCP: Checking for keyword validity.
31-08-2018 17:56:39 TCP: Keyword valid. Waiting for data.
31-08-2018 17:56:42 TCP: Recieved 15 bytes from socket.
31-08-2018 17:56:42 TCP: Packet too short.
31-08-2018 17:56:45 TCP: Recieved 36 bytes from socket.
31-08-2018 17:56:51 TCP: Recieved 36 bytes from socket.
31-08-2018 17:56:51 TCP: Checking for keyword validity.
31-08-2018 17:56:51 TCP: Keyword valid. Waiting for data.
31-08-2018 17:57:01 TCP: Recieved 36 bytes from socket.
31-08-2018 17:57:11 TCP: Recieved 36 bytes from socket.
31-08-2018 17:57:11 TCP: Checking for keyword validity.
31-08-2018 17:57:11 TCP: Keyword valid. Waiting for data.
31-08-2018 17:57:21 TCP: Recieved 36 bytes from socket.
31-08-2018 17:57:31 TCP: Recieved 36 bytes from socket.
31-08-2018 17:57:31 TCP: Checking for keyword validity.
31-08-2018 17:57:31 TCP: Keyword valid. Waiting for data.
31-08-2018 17:57:41 TCP: Recieved 36 bytes from socket.
31-08-2018 17:57:51 TCP: Recieved 36 bytes from socket.
31-08-2018 17:57:51 TCP: Checking for keyword validity.
31-08-2018 17:57:51 TCP: Keyword valid. Waiting for data.
31-08-2018 17:58:01 TCP: Recieved 36 bytes from socket.
31-08-2018 17:58:09 TCP: Recieved 15 bytes from socket.
31-08-2018 17:58:09 TCP: Checking for keyword validity.
31-08-2018 17:58:09 TCP: Keyword valid. Waiting for data.
31-08-2018 17:58:11 TCP: Recieved 36 bytes from socket.
31-08-2018 17:58:21 TCP: Recieved 36 bytes from socket.
31-08-2018 17:58:21 TCP: Checking for keyword validity.
31-08-2018 17:58:21 TCP: Keyword valid. Waiting for data.
31-08-2018 17:58:31 TCP: Recieved 36 bytes from socket.
31-08-2018 17:58:41 TCP: Recieved 36 bytes from socket.
31-08-2018 17:58:41 TCP: Checking for keyword validity.
31-08-2018 17:58:41 TCP: Keyword valid. Waiting for data.
31-08-2018 17:58:51 TCP: Recieved 36 bytes from socket.
31-08-2018 17:59:01 TCP: Recieved 36 bytes from socket.
31-08-2018 17:59:01 TCP: Checking for keyword validity.
31-08-2018 17:59:01 TCP: Keyword valid. Waiting for data.
31-08-2018 17:59:11 TCP: Recieved 36 bytes from socket.
31-08-2018 17:59:21 TCP: Recieved 36 bytes from socket.
31-08-2018 17:59:21 TCP: Checking for keyword validity.
31-08-2018 17:59:21 TCP: Keyword valid. Waiting for data.
31-08-2018 17:59:31 TCP: Recieved 36 bytes from socket.
31-08-2018 17:59:39 TCP: Recieved 15 bytes from socket.
31-08-2018 17:59:39 TCP: Checking for keyword validity.
31-08-2018 17:59:39 TCP: Keyword valid. Waiting for data.
31-08-2018 17:59:41 TCP: Recieved 36 bytes from socket.
31-08-2018 17:59:51 TCP: Recieved 36 bytes from socket.
31-08-2018 17:59:51 TCP: Checking for keyword validity.
31-08-2018 17:59:51 TCP: Keyword valid. Waiting for data.
31-08-2018 18:00:01 TCP: Recieved 36 bytes from socket.
31-08-2018 18:00:11 TCP: Recieved 36 bytes from socket.
31-08-2018 18:00:11 TCP: Checking for keyword validity.
31-08-2018 18:00:11 TCP: Keyword valid. Waiting for data.
31-08-2018 18:00:21 TCP: Recieved 36 bytes from socket.
31-08-2018 18:00:31 TCP: Recieved 36 bytes from socket.
31-08-2018 18:00:31 TCP: Checking for keyword validity.
31-08-2018 18:00:31 TCP: Keyword valid. Waiting for data.
31-08-2018 18:00:41 TCP: Recieved 36 bytes from socket.
31-08-2018 18:00:51 TCP: Recieved 36 bytes from socket.
31-08-2018 18:00:51 TCP: Checking for keyword validity.
31-08-2018 18:00:51 TCP: Keyword valid. Waiting for data.
31-08-2018 18:01:01 TCP: Recieved 36 bytes from socket.
31-08-2018 18:01:09 TCP: Got new connection: 42.106.25.74:24520
31-08-2018 18:01:10 TCP: Recieved 18 bytes from socket.
31-08-2018 18:01:10 TCP: Checking for keyword validity.
31-08-2018 18:01:10 TCP: Keyword valid. Waiting for data.
31-08-2018 18:01:13 TCP: Recieved 15 bytes from socket.
31-08-2018 18:01:13 TCP: Packet too short.
31-08-2018 18:01:16 TCP: Recieved 36 bytes from socket.
31-08-2018 18:01:21 TCP: Recieved 36 bytes from socket.
31-08-2018 18:01:21 TCP: Checking for keyword validity.
31-08-2018 18:01:21 TCP: Keyword valid. Waiting for data.
31-08-2018 18:01:31 TCP: Recieved 36 bytes from socket.
31-08-2018 18:01:41 TCP: Recieved 36 bytes from socket.
31-08-2018 18:01:41 TCP: Checking for keyword validity.
31-08-2018 18:01:41 TCP: Keyword valid. Waiting for data.
31-08-2018 18:01:51 TCP: Recieved 36 bytes from socket.
31-08-2018 18:02:01 TCP: Recieved 36 bytes from socket.
31-08-2018 18:02:01 TCP: Checking for keyword validity.
31-08-2018 18:02:01 TCP: Keyword valid. Waiting for data.
31-08-2018 18:02:11 TCP: Recieved 36 bytes from socket.
31-08-2018 18:02:21 TCP: Recieved 36 bytes from socket.
31-08-2018 18:02:21 TCP: Checking for keyword validity.
31-08-2018 18:02:21 TCP: Keyword valid. Waiting for data.
31-08-2018 18:02:31 TCP: Recieved 36 bytes from socket.
31-08-2018 18:02:40 TCP: Recieved 15 bytes from socket.
31-08-2018 18:02:40 TCP: Checking for keyword validity.
31-08-2018 18:02:40 TCP: Keyword valid. Waiting for data.
31-08-2018 18:02:41 TCP: Recieved 36 bytes from socket.
31-08-2018 18:02:51 TCP: Recieved 36 bytes from socket.
31-08-2018 18:02:51 TCP: Checking for keyword validity.
31-08-2018 18:02:51 TCP: Keyword valid. Waiting for data.
31-08-2018 18:03:01 TCP: Recieved 36 bytes from socket.
31-08-2018 18:03:11 TCP: Recieved 36 bytes from socket.
31-08-2018 18:03:11 TCP: Checking for keyword validity.
31-08-2018 18:03:11 TCP: Keyword valid. Waiting for data.
31-08-2018 18:03:21 TCP: Recieved 36 bytes from socket.
31-08-2018 18:03:31 TCP: Recieved 36 bytes from socket.
31-08-2018 18:03:31 TCP: Checking for keyword validity.
31-08-2018 18:03:31 TCP: Keyword valid. Waiting for data.
31-08-2018 18:03:41 TCP: Recieved 36 bytes from socket.
31-08-2018 18:03:51 TCP: Recieved 36 bytes from socket.
31-08-2018 18:03:51 TCP: Checking for keyword validity.
31-08-2018 18:03:51 TCP: Keyword valid. Waiting for data.
31-08-2018 18:04:01 TCP: Recieved 36 bytes from socket.
31-08-2018 18:04:10 TCP: Recieved 15 bytes from socket.
31-08-2018 18:04:10 TCP: Checking for keyword validity.
31-08-2018 18:04:10 TCP: Keyword valid. Waiting for data.
31-08-2018 18:04:11 TCP: Recieved 36 bytes from socket.
31-08-2018 18:04:21 TCP: Recieved 36 bytes from socket.
31-08-2018 18:04:21 TCP: Checking for keyword validity.
31-08-2018 18:04:21 TCP: Keyword valid. Waiting for data.
31-08-2018 18:04:31 TCP: Recieved 36 bytes from socket.
31-08-2018 18:04:41 TCP: Recieved 36 bytes from socket.
31-08-2018 18:04:41 TCP: Checking for keyword validity.
31-08-2018 18:04:41 TCP: Keyword valid. Waiting for data.
31-08-2018 18:04:51 TCP: Recieved 36 bytes from socket.
31-08-2018 18:05:01 TCP: Recieved 36 bytes from socket.
31-08-2018 18:05:01 TCP: Checking for keyword validity.
31-08-2018 18:05:01 TCP: Keyword valid. Waiting for data.
31-08-2018 18:05:11 TCP: Recieved 36 bytes from socket.
31-08-2018 18:05:21 TCP: Recieved 36 bytes from socket.
31-08-2018 18:05:21 TCP: Checking for keyword validity.
31-08-2018 18:05:21 TCP: Keyword valid. Waiting for data.
31-08-2018 18:05:31 TCP: Recieved 36 bytes from socket.
31-08-2018 18:06:12 TCP: Got new connection: 42.106.27.149:40326
31-08-2018 18:06:14 TCP: Recieved 18 bytes from socket.
31-08-2018 18:06:14 TCP: Checking for keyword validity.
31-08-2018 18:06:14 TCP: Keyword valid. Waiting for data.
31-08-2018 18:06:16 TCP: Recieved 15 bytes from socket.
31-08-2018 18:06:16 TCP: Packet too short.
31-08-2018 18:06:20 TCP: Recieved 36 bytes from socket.
31-08-2018 18:06:22 TCP: Recieved 36 bytes from socket.
31-08-2018 18:06:22 TCP: Checking for keyword validity.
31-08-2018 18:06:22 TCP: Keyword valid. Waiting for data.
31-08-2018 18:06:26 TCP: Recieved 36 bytes from socket.
31-08-2018 18:06:29 TCP: Recieved 36 bytes from socket.
31-08-2018 18:06:29 TCP: Checking for keyword validity.
31-08-2018 18:06:29 TCP: Keyword valid. Waiting for data.
31-08-2018 18:06:31 TCP: Recieved 36 bytes from socket.
31-08-2018 18:06:35 TCP: Recieved 36 bytes from socket.
31-08-2018 18:06:35 TCP: Checking for keyword validity.
31-08-2018 18:06:35 TCP: Keyword valid. Waiting for data.
31-08-2018 18:06:41 TCP: Recieved 36 bytes from socket.
31-08-2018 18:06:51 TCP: Recieved 36 bytes from socket.
31-08-2018 18:06:51 TCP: Checking for keyword validity.
31-08-2018 18:06:51 TCP: Keyword valid. Waiting for data.
31-08-2018 18:07:01 TCP: Recieved 36 bytes from socket.
31-08-2018 18:07:11 TCP: Recieved 36 bytes from socket.
31-08-2018 18:07:11 TCP: Checking for keyword validity.
31-08-2018 18:07:11 TCP: Keyword valid. Waiting for data.
31-08-2018 18:07:21 TCP: Recieved 36 bytes from socket.
31-08-2018 18:07:31 TCP: Recieved 36 bytes from socket.
31-08-2018 18:07:31 TCP: Checking for keyword validity.
31-08-2018 18:07:31 TCP: Keyword valid. Waiting for data.
31-08-2018 18:07:41 TCP: Recieved 36 bytes from socket.
31-08-2018 18:07:44 TCP: Recieved 15 bytes from socket.
31-08-2018 18:07:44 TCP: Checking for keyword validity.
31-08-2018 18:07:44 TCP: Keyword valid. Waiting for data.
31-08-2018 18:07:51 TCP: Recieved 36 bytes from socket.
31-08-2018 18:08:01 TCP: Recieved 36 bytes from socket.
31-08-2018 18:08:01 TCP: Checking for keyword validity.
31-08-2018 18:08:01 TCP: Keyword valid. Waiting for data.
31-08-2018 18:08:11 TCP: Recieved 36 bytes from socket.
31-08-2018 18:08:21 TCP: Recieved 36 bytes from socket.
31-08-2018 18:08:21 TCP: Checking for keyword validity.
31-08-2018 18:08:21 TCP: Keyword valid. Waiting for data.
31-08-2018 18:08:30 TCP: Recieved 36 bytes from socket.
31-08-2018 18:08:41 TCP: Recieved 36 bytes from socket.
31-08-2018 18:08:41 TCP: Checking for keyword validity.
31-08-2018 18:08:41 TCP: Keyword valid. Waiting for data.
31-08-2018 18:08:50 TCP: Recieved 36 bytes from socket.
31-08-2018 18:09:00 TCP: Recieved 36 bytes from socket.
31-08-2018 18:09:00 TCP: Checking for keyword validity.
31-08-2018 18:09:00 TCP: Keyword valid. Waiting for data.
31-08-2018 18:09:11 TCP: Recieved 36 bytes from socket.
31-08-2018 18:09:13 TCP: Recieved 15 bytes from socket.
31-08-2018 18:09:13 TCP: Checking for keyword validity.
31-08-2018 18:09:13 TCP: Keyword valid. Waiting for data.
31-08-2018 18:09:20 TCP: Recieved 36 bytes from socket.
31-08-2018 18:09:30 TCP: Recieved 36 bytes from socket.
31-08-2018 18:09:30 TCP: Checking for keyword validity.
31-08-2018 18:09:30 TCP: Keyword valid. Waiting for data.
31-08-2018 18:09:40 TCP: Recieved 36 bytes from socket.
31-08-2018 18:09:50 TCP: Recieved 36 bytes from socket.
31-08-2018 18:09:50 TCP: Checking for keyword validity.
31-08-2018 18:09:50 TCP: Keyword valid. Waiting for data.
31-08-2018 18:10:00 TCP: Recieved 36 bytes from socket.
31-08-2018 18:10:10 TCP: Recieved 36 bytes from socket.
31-08-2018 18:10:10 TCP: Checking for keyword validity.
31-08-2018 18:10:10 TCP: Keyword valid. Waiting for data.
31-08-2018 18:10:20 TCP: Recieved 36 bytes from socket.
31-08-2018 18:10:30 TCP: Recieved 36 bytes from socket.
31-08-2018 18:10:30 TCP: Checking for keyword validity.
31-08-2018 18:10:30 TCP: Keyword valid. Waiting for data.
31-08-2018 18:10:40 TCP: Recieved 36 bytes from socket.
31-08-2018 18:10:43 TCP: Got new connection: 42.106.27.149:50903
31-08-2018 18:10:44 TCP: Recieved 18 bytes from socket.
31-08-2018 18:10:44 TCP: Checking for keyword validity.
31-08-2018 18:10:44 TCP: Keyword valid. Waiting for data.
31-08-2018 18:10:47 TCP: Recieved 15 bytes from socket.
31-08-2018 18:10:47 TCP: Packet too short.
31-08-2018 18:10:50 TCP: Recieved 36 bytes from socket.
31-08-2018 18:11:00 TCP: Recieved 36 bytes from socket.
31-08-2018 18:11:00 TCP: Checking for keyword validity.
31-08-2018 18:11:00 TCP: Keyword valid. Waiting for data.
31-08-2018 18:11:10 TCP: Recieved 36 bytes from socket.
31-08-2018 18:11:20 TCP: Recieved 36 bytes from socket.
31-08-2018 18:11:20 TCP: Checking for keyword validity.
31-08-2018 18:11:20 TCP: Keyword valid. Waiting for data.
31-08-2018 18:11:30 TCP: Recieved 36 bytes from socket.
31-08-2018 18:11:40 TCP: Recieved 36 bytes from socket.
31-08-2018 18:11:40 TCP: Checking for keyword validity.
31-08-2018 18:11:40 TCP: Keyword valid. Waiting for data.
31-08-2018 18:11:50 TCP: Recieved 36 bytes from socket.
31-08-2018 18:12:00 TCP: Recieved 36 bytes from socket.
31-08-2018 18:12:00 TCP: Checking for keyword validity.
31-08-2018 18:12:00 TCP: Keyword valid. Waiting for data.
31-08-2018 18:12:10 TCP: Recieved 36 bytes from socket.
31-08-2018 18:12:14 TCP: Recieved 15 bytes from socket.
31-08-2018 18:12:14 TCP: Checking for keyword validity.
31-08-2018 18:12:14 TCP: Keyword valid. Waiting for data.
31-08-2018 18:12:20 TCP: Recieved 36 bytes from socket.
31-08-2018 18:12:30 TCP: Recieved 36 bytes from socket.
31-08-2018 18:12:30 TCP: Checking for keyword validity.
31-08-2018 18:12:30 TCP: Keyword valid. Waiting for data.
31-08-2018 18:12:40 TCP: Recieved 36 bytes from socket.
31-08-2018 18:12:50 TCP: Recieved 36 bytes from socket.
31-08-2018 18:12:50 TCP: Checking for keyword validity.
31-08-2018 18:12:50 TCP: Keyword valid. Waiting for data.
31-08-2018 18:13:01 TCP: Recieved 36 bytes from socket.
31-08-2018 18:13:11 TCP: Recieved 36 bytes from socket.
31-08-2018 18:13:11 TCP: Checking for keyword validity.
31-08-2018 18:13:11 TCP: Keyword valid. Waiting for data.
31-08-2018 18:13:21 TCP: Recieved 36 bytes from socket.
31-08-2018 18:13:31 TCP: Recieved 36 bytes from socket.
31-08-2018 18:13:31 TCP: Checking for keyword validity.
31-08-2018 18:13:31 TCP: Keyword valid. Waiting for data.
31-08-2018 18:13:41 TCP: Recieved 36 bytes from socket.
31-08-2018 18:13:44 TCP: Recieved 15 bytes from socket.
31-08-2018 18:13:44 TCP: Checking for keyword validity.
31-08-2018 18:13:44 TCP: Keyword valid. Waiting for data.
31-08-2018 18:13:51 TCP: Recieved 36 bytes from socket.
31-08-2018 18:14:01 TCP: Recieved 36 bytes from socket.
31-08-2018 18:14:01 TCP: Checking for keyword validity.
31-08-2018 18:14:01 TCP: Keyword valid. Waiting for data.
31-08-2018 18:14:11 TCP: Recieved 36 bytes from socket.
31-08-2018 18:14:21 TCP: Recieved 36 bytes from socket.
31-08-2018 18:14:21 TCP: Checking for keyword validity.
31-08-2018 18:14:21 TCP: Keyword valid. Waiting for data.
31-08-2018 18:14:31 TCP: Recieved 36 bytes from socket.
31-08-2018 18:14:41 TCP: Recieved 36 bytes from socket.
31-08-2018 18:14:41 TCP: Checking for keyword validity.
31-08-2018 18:14:41 TCP: Keyword valid. Waiting for data.
31-08-2018 18:14:51 TCP: Recieved 36 bytes from socket.
31-08-2018 18:15:01 TCP: Recieved 36 bytes from socket.
31-08-2018 18:15:01 TCP: Checking for keyword validity.
31-08-2018 18:15:01 TCP: Keyword valid. Waiting for data.
31-08-2018 18:15:11 TCP: Recieved 36 bytes from socket.
31-08-2018 18:15:14 TCP: Got new connection: 42.106.27.149:55905
31-08-2018 18:15:15 TCP: Recieved 18 bytes from socket.
31-08-2018 18:15:15 TCP: Checking for keyword validity.
31-08-2018 18:15:15 TCP: Keyword valid. Waiting for data.
31-08-2018 18:15:18 TCP: Recieved 15 bytes from socket.
31-08-2018 18:15:18 TCP: Packet too short.
31-08-2018 18:15:20 TCP: Recieved 36 bytes from socket.
31-08-2018 18:15:30 TCP: Recieved 36 bytes from socket.
31-08-2018 18:15:30 TCP: Checking for keyword validity.
31-08-2018 18:15:30 TCP: Keyword valid. Waiting for data.
31-08-2018 18:15:40 TCP: Recieved 36 bytes from socket.
31-08-2018 18:15:50 TCP: Recieved 36 bytes from socket.
31-08-2018 18:15:50 TCP: Checking for keyword validity.
31-08-2018 18:15:50 TCP: Keyword valid. Waiting for data.
31-08-2018 18:16:00 TCP: Recieved 36 bytes from socket.
31-08-2018 18:16:10 TCP: Recieved 36 bytes from socket.
31-08-2018 18:16:10 TCP: Checking for keyword validity.
31-08-2018 18:16:10 TCP: Keyword valid. Waiting for data.
31-08-2018 18:16:20 TCP: Recieved 36 bytes from socket.
31-08-2018 18:16:30 TCP: Recieved 36 bytes from socket.
31-08-2018 18:16:30 TCP: Checking for keyword validity.
31-08-2018 18:16:30 TCP: Keyword valid. Waiting for data.
31-08-2018 18:16:40 TCP: Recieved 36 bytes from socket.
31-08-2018 18:16:45 TCP: Recieved 15 bytes from socket.
31-08-2018 18:16:45 TCP: Checking for keyword validity.
31-08-2018 18:16:45 TCP: Keyword valid. Waiting for data.
31-08-2018 18:16:51 TCP: Recieved 36 bytes from socket.
31-08-2018 18:17:01 TCP: Recieved 36 bytes from socket.
31-08-2018 18:17:01 TCP: Checking for keyword validity.
31-08-2018 18:17:01 TCP: Keyword valid. Waiting for data.
31-08-2018 18:17:11 TCP: Recieved 36 bytes from socket.
31-08-2018 18:17:21 TCP: Recieved 36 bytes from socket.
31-08-2018 18:17:21 TCP: Checking for keyword validity.
31-08-2018 18:17:21 TCP: Keyword valid. Waiting for data.
31-08-2018 18:17:31 TCP: Recieved 36 bytes from socket.
31-08-2018 18:17:41 TCP: Recieved 36 bytes from socket.
31-08-2018 18:17:41 TCP: Checking for keyword validity.
31-08-2018 18:17:41 TCP: Keyword valid. Waiting for data.
31-08-2018 18:17:51 TCP: Recieved 36 bytes from socket.
31-08-2018 18:18:01 TCP: Recieved 36 bytes from socket.
31-08-2018 18:18:01 TCP: Checking for keyword validity.
31-08-2018 18:18:01 TCP: Keyword valid. Waiting for data.
31-08-2018 18:18:11 TCP: Recieved 36 bytes from socket.
31-08-2018 18:18:14 TCP: Recieved 15 bytes from socket.
31-08-2018 18:18:14 TCP: Checking for keyword validity.
31-08-2018 18:18:14 TCP: Keyword valid. Waiting for data.
31-08-2018 18:18:21 TCP: Recieved 36 bytes from socket.
31-08-2018 18:18:31 TCP: Recieved 36 bytes from socket.
31-08-2018 18:18:31 TCP: Checking for keyword validity.
31-08-2018 18:18:31 TCP: Keyword valid. Waiting for data.
31-08-2018 18:18:41 TCP: Recieved 36 bytes from socket.
31-08-2018 18:18:51 TCP: Recieved 36 bytes from socket.
31-08-2018 18:18:51 TCP: Checking for keyword validity.
31-08-2018 18:18:51 TCP: Keyword valid. Waiting for data.
31-08-2018 18:19:01 TCP: Recieved 36 bytes from socket.
31-08-2018 18:19:11 TCP: Recieved 36 bytes from socket.
31-08-2018 18:19:11 TCP: Checking for keyword validity.
31-08-2018 18:19:11 TCP: Keyword valid. Waiting for data.
31-08-2018 18:19:21 TCP: Recieved 36 bytes from socket.
31-08-2018 18:19:31 TCP: Recieved 36 bytes from socket.
31-08-2018 18:19:31 TCP: Checking for keyword validity.
31-08-2018 18:19:31 TCP: Keyword valid. Waiting for data.
31-08-2018 18:19:40 TCP: Recieved 36 bytes from socket.
31-08-2018 18:20:18 TCP: Got new connection: 42.106.29.178:22329
31-08-2018 18:20:19 TCP: Recieved 18 bytes from socket.
31-08-2018 18:20:19 TCP: Checking for keyword validity.
31-08-2018 18:20:19 TCP: Keyword valid. Waiting for data.
31-08-2018 18:20:23 TCP: Recieved 15 bytes from socket.
31-08-2018 18:20:23 TCP: Packet too short.
31-08-2018 18:20:25 TCP: Recieved 36 bytes from socket.
31-08-2018 18:20:29 TCP: Recieved 36 bytes from socket.
31-08-2018 18:20:29 TCP: Checking for keyword validity.
31-08-2018 18:20:29 TCP: Keyword valid. Waiting for data.
31-08-2018 18:20:31 TCP: Recieved 36 bytes from socket.
31-08-2018 18:20:35 TCP: Recieved 36 bytes from socket.
31-08-2018 18:20:35 TCP: Checking for keyword validity.
31-08-2018 18:20:35 TCP: Keyword valid. Waiting for data.
31-08-2018 18:20:38 TCP: Recieved 36 bytes from socket.
31-08-2018 18:20:40 TCP: Recieved 36 bytes from socket.
31-08-2018 18:20:40 TCP: Checking for keyword validity.
31-08-2018 18:20:40 TCP: Keyword valid. Waiting for data.
31-08-2018 18:20:51 TCP: Recieved 36 bytes from socket.
31-08-2018 18:21:01 TCP: Recieved 36 bytes from socket.
31-08-2018 18:21:01 TCP: Checking for keyword validity.
31-08-2018 18:21:01 TCP: Keyword valid. Waiting for data.
31-08-2018 18:21:11 TCP: Recieved 36 bytes from socket.
31-08-2018 18:21:20 TCP: Recieved 36 bytes from socket.
31-08-2018 18:21:20 TCP: Checking for keyword validity.
31-08-2018 18:21:20 TCP: Keyword valid. Waiting for data.
31-08-2018 18:21:30 TCP: Recieved 36 bytes from socket.
31-08-2018 18:21:40 TCP: Recieved 36 bytes from socket.
31-08-2018 18:21:40 TCP: Checking for keyword validity.
31-08-2018 18:21:40 TCP: Keyword valid. Waiting for data.
31-08-2018 18:21:49 TCP: Recieved 15 bytes from socket.
31-08-2018 18:21:49 TCP: Packet too short.
31-08-2018 18:21:50 TCP: Recieved 36 bytes from socket.
31-08-2018 18:22:00 TCP: Recieved 36 bytes from socket.
31-08-2018 18:22:00 TCP: Checking for keyword validity.
31-08-2018 18:22:00 TCP: Keyword valid. Waiting for data.
31-08-2018 18:22:10 TCP: Recieved 36 bytes from socket.
31-08-2018 18:22:20 TCP: Recieved 36 bytes from socket.
31-08-2018 18:22:20 TCP: Checking for keyword validity.
31-08-2018 18:22:20 TCP: Keyword valid. Waiting for data.
31-08-2018 18:22:30 TCP: Recieved 36 bytes from socket.
31-08-2018 18:22:40 TCP: Recieved 36 bytes from socket.
31-08-2018 18:22:40 TCP: Checking for keyword validity.
31-08-2018 18:22:40 TCP: Keyword valid. Waiting for data.
31-08-2018 18:22:50 TCP: Recieved 36 bytes from socket.
31-08-2018 18:23:00 TCP: Recieved 36 bytes from socket.
31-08-2018 18:23:00 TCP: Checking for keyword validity.
31-08-2018 18:23:00 TCP: Keyword valid. Waiting for data.
31-08-2018 18:23:10 TCP: Recieved 36 bytes from socket.
31-08-2018 18:23:19 TCP: Recieved 15 bytes from socket.
31-08-2018 18:23:19 TCP: Checking for keyword validity.
31-08-2018 18:23:19 TCP: Keyword valid. Waiting for data.
31-08-2018 18:23:20 TCP: Recieved 36 bytes from socket.
31-08-2018 18:23:30 TCP: Recieved 36 bytes from socket.
31-08-2018 18:23:30 TCP: Checking for keyword validity.
31-08-2018 18:23:30 TCP: Keyword valid. Waiting for data.
31-08-2018 18:23:40 TCP: Recieved 36 bytes from socket.
31-08-2018 18:23:50 TCP: Recieved 36 bytes from socket.
31-08-2018 18:23:50 TCP: Checking for keyword validity.
31-08-2018 18:23:50 TCP: Keyword valid. Waiting for data.
31-08-2018 18:24:00 TCP: Recieved 36 bytes from socket.
31-08-2018 18:24:10 TCP: Recieved 36 bytes from socket.
31-08-2018 18:24:10 TCP: Checking for keyword validity.
31-08-2018 18:24:10 TCP: Keyword valid. Waiting for data.
31-08-2018 18:24:20 TCP: Recieved 36 bytes from socket.
31-08-2018 18:24:30 TCP: Recieved 36 bytes from socket.
31-08-2018 18:24:30 TCP: Checking for keyword validity.
31-08-2018 18:24:30 TCP: Keyword valid. Waiting for data.
31-08-2018 18:24:40 TCP: Recieved 36 bytes from socket.
31-08-2018 18:24:49 TCP: Got new connection: 42.106.29.178:3398
31-08-2018 18:24:50 TCP: Recieved 18 bytes from socket.
31-08-2018 18:24:50 TCP: Checking for keyword validity.
31-08-2018 18:24:50 TCP: Keyword valid. Waiting for data.
31-08-2018 18:24:53 TCP: Recieved 15 bytes from socket.
31-08-2018 18:24:53 TCP: Packet too short.
31-08-2018 18:24:56 TCP: Recieved 36 bytes from socket.
31-08-2018 18:25:00 TCP: Recieved 36 bytes from socket.
31-08-2018 18:25:00 TCP: Checking for keyword validity.
31-08-2018 18:25:00 TCP: Keyword valid. Waiting for data.
31-08-2018 18:25:10 TCP: Recieved 36 bytes from socket.
31-08-2018 18:25:20 TCP: Recieved 36 bytes from socket.
31-08-2018 18:25:20 TCP: Checking for keyword validity.
31-08-2018 18:25:20 TCP: Keyword valid. Waiting for data.
31-08-2018 18:25:30 TCP: Recieved 36 bytes from socket.
31-08-2018 18:25:40 TCP: Recieved 36 bytes from socket.
31-08-2018 18:25:40 TCP: Checking for keyword validity.
31-08-2018 18:25:40 TCP: Keyword valid. Waiting for data.
31-08-2018 18:25:50 TCP: Recieved 36 bytes from socket.
31-08-2018 18:26:00 TCP: Recieved 36 bytes from socket.
31-08-2018 18:26:00 TCP: Checking for keyword validity.
31-08-2018 18:26:00 TCP: Keyword valid. Waiting for data.
31-08-2018 18:26:10 TCP: Recieved 36 bytes from socket.
31-08-2018 18:26:20 TCP: Recieved 15 bytes from socket.
31-08-2018 18:26:20 TCP: Checking for keyword validity.
31-08-2018 18:26:20 TCP: Keyword valid. Waiting for data.
31-08-2018 18:26:23 TCP: Recieved 36 bytes from socket.
