29-08-2018 16:21:43 UDP: Started listening at port 8414
29-08-2018 16:21:43 TCP: Started listening at port 10025
29-08-2018 16:21:44 TCP Output Control: Started listening at port 668
29-08-2018 16:21:44 TCP Output Control: Error in confirmation checker.
29-08-2018 16:21:44 TCP Output Control: System.InvalidOperationException: ExecuteNonQuery requires the command to have a transaction when the connection assigned to the command is in a pending local transaction.  The Transaction property of the command has not been initialized.
   at System.Data.SqlClient.SqlCommand.ValidateCommand(String method, Boolean async)
   at System.Data.SqlClient.SqlCommand.InternalExecuteNonQuery(TaskCompletionSource`1 completion, String methodName, Boolean sendToPipe, Int32 timeout, Boolean& usedCache, Boolean asyncWrite, Boolean inRetry)
   at System.Data.SqlClient.SqlCommand.ExecuteNonQuery()
   at ExampleService.DataAccess.MSSqlDataAccess.OutputUpdate(Int32 id, Byte status) in C:\Users\Abuzar\Desktop\27-08-2018\ExampleService\DataAccess\MSSqlDataAccess.cs:line 540
   at ExampleService.DataAccess.MSSqlDataAccess.CheckConfirmationExpirations() in C:\Users\Abuzar\Desktop\27-08-2018\ExampleService\DataAccess\MSSqlDataAccess.cs:line 561
   at ExampleService.TCPOutputControl.CheckConfirmationExpiration() in C:\Users\Abuzar\Desktop\27-08-2018\ExampleService\TCPOutputControl.cs:line 312
29-08-2018 16:22:36 TCP: Got new connection: 42.106.27.210:4679
29-08-2018 16:22:37 TCP: Recieved 18 bytes from socket.
29-08-2018 16:22:37 TCP: Checking for keyword validity.
29-08-2018 16:22:44 TCP: Keyword valid. Waiting for data.
29-08-2018 16:22:44 TCP: Recieved 51 bytes from socket.
29-08-2018 16:22:44 TCP: Parsing recieved data.
29-08-2018 16:22:44 TCP: ---- Parser log start ----
29-08-2018 16:22:44 Helper: IMEI: 1130590330583160
29-08-2018 16:22:44 Helper: Checksum does not match.
29-08-2018 16:22:44 TCP: ---- Saving to database ----
29-08-2018 16:22:44 TCP: ---- Successfully saved to database ----
29-08-2018 16:22:46 TCP: Recieved 36 bytes from socket.
29-08-2018 16:22:46 TCP: Parsing recieved data.
29-08-2018 16:22:46 TCP: ---- Parser log start ----
29-08-2018 16:22:46 Helper: IMEI: 728747588410374264
29-08-2018 16:22:46 Helper: Checksum does not match.
29-08-2018 16:22:46 TCP: ---- Saving to database ----
29-08-2018 16:22:46 TCP: ---- Successfully saved to database ----
29-08-2018 16:22:49 TCP: Recieved 36 bytes from socket.
29-08-2018 16:23:17 TCP: Parsing recieved data.
29-08-2018 16:23:17 TCP: ---- Parser log start ----
29-08-2018 16:23:17 Helper: IMEI: 728747588410374264
29-08-2018 16:23:17 Helper: Checksum does not match.
29-08-2018 16:23:17 TCP: ---- Saving to database ----
29-08-2018 16:23:17 TCP: ---- Successfully saved to database ----
29-08-2018 16:23:17 TCP: Recieved 324 bytes from socket.
29-08-2018 16:23:17 TCP: Parsing recieved data.
29-08-2018 16:23:17 TCP: ---- Parser log start ----
29-08-2018 16:23:17 Helper: IMEI: 728747588410374264
29-08-2018 16:23:17 Helper: Checksum does not match.
29-08-2018 16:23:17 TCP: ---- Saving to database ----
29-08-2018 16:23:17 TCP: ---- Successfully saved to database ----
29-08-2018 16:23:19 TCP: Recieved 36 bytes from socket.
29-08-2018 16:23:19 TCP: Parsing recieved data.
29-08-2018 16:23:19 TCP: ---- Parser log start ----
29-08-2018 16:23:19 Helper: IMEI: 728747588410374264
29-08-2018 16:23:19 Helper: Checksum does not match.
29-08-2018 16:23:19 TCP: ---- Saving to database ----
29-08-2018 16:23:19 TCP: ---- Successfully saved to database ----
29-08-2018 16:23:22 TCP: Recieved 36 bytes from socket.
29-08-2018 16:23:22 TCP: Parsing recieved data.
29-08-2018 16:23:22 TCP: ---- Parser log start ----
29-08-2018 16:23:22 Helper: IMEI: 728747588410374264
29-08-2018 16:23:22 Helper: Checksum does not match.
29-08-2018 16:23:22 TCP: ---- Saving to database ----
29-08-2018 16:23:22 TCP: ---- Successfully saved to database ----
29-08-2018 16:23:26 TCP: Recieved 36 bytes from socket.
29-08-2018 16:23:26 TCP: Parsing recieved data.
29-08-2018 16:23:26 TCP: ---- Parser log start ----
29-08-2018 16:23:26 Helper: IMEI: 728747588410374264
29-08-2018 16:23:26 Helper: Checksum does not match.
29-08-2018 16:23:26 TCP: ---- Saving to database ----
29-08-2018 16:23:26 TCP: ---- Successfully saved to database ----
29-08-2018 16:23:28 TCP: Recieved 36 bytes from socket.
29-08-2018 16:23:28 TCP: Parsing recieved data.
29-08-2018 16:23:28 TCP: ---- Parser log start ----
29-08-2018 16:23:28 Helper: IMEI: 728747588410374264
29-08-2018 16:23:28 Helper: Checksum does not match.
29-08-2018 16:23:28 TCP: ---- Saving to database ----
29-08-2018 16:23:28 TCP: ---- Successfully saved to database ----
29-08-2018 16:23:31 TCP: Recieved 36 bytes from socket.
29-08-2018 16:23:31 TCP: Parsing recieved data.
29-08-2018 16:23:31 TCP: ---- Parser log start ----
29-08-2018 16:23:31 Helper: IMEI: 728747588410374264
29-08-2018 16:23:31 Helper: Checksum does not match.
29-08-2018 16:23:31 TCP: ---- Saving to database ----
29-08-2018 16:23:31 TCP: ---- Successfully saved to database ----
29-08-2018 16:23:34 TCP: Recieved 36 bytes from socket.
29-08-2018 16:23:34 TCP: Parsing recieved data.
29-08-2018 16:23:34 TCP: ---- Parser log start ----
29-08-2018 16:23:34 Helper: IMEI: 728747588410374264
29-08-2018 16:23:34 Helper: Checksum does not match.
29-08-2018 16:23:34 TCP: ---- Saving to database ----
29-08-2018 16:23:34 TCP: ---- Successfully saved to database ----
29-08-2018 16:23:37 TCP: Recieved 36 bytes from socket.
29-08-2018 16:23:37 TCP: Parsing recieved data.
29-08-2018 16:23:37 TCP: ---- Parser log start ----
29-08-2018 16:23:37 Helper: IMEI: 728747588410374264
29-08-2018 16:23:37 Helper: Checksum does not match.
29-08-2018 16:23:37 TCP: ---- Saving to database ----
29-08-2018 16:23:37 TCP: ---- Successfully saved to database ----
29-08-2018 16:23:40 TCP: Recieved 36 bytes from socket.
29-08-2018 16:23:40 TCP: Parsing recieved data.
29-08-2018 16:23:40 TCP: ---- Parser log start ----
29-08-2018 16:23:40 Helper: IMEI: 728747588410374264
29-08-2018 16:23:40 Helper: Checksum does not match.
29-08-2018 16:23:40 TCP: ---- Saving to database ----
29-08-2018 16:23:40 TCP: ---- Successfully saved to database ----
29-08-2018 16:23:43 TCP: Recieved 36 bytes from socket.
29-08-2018 16:23:43 TCP: Parsing recieved data.
29-08-2018 16:23:43 TCP: ---- Parser log start ----
29-08-2018 16:23:43 Helper: IMEI: 728747588410374264
29-08-2018 16:23:43 Helper: Checksum does not match.
29-08-2018 16:23:43 TCP: ---- Saving to database ----
29-08-2018 16:23:43 TCP: ---- Successfully saved to database ----
29-08-2018 16:23:46 TCP: Recieved 36 bytes from socket.
29-08-2018 16:23:46 TCP: Parsing recieved data.
29-08-2018 16:23:46 TCP: ---- Parser log start ----
29-08-2018 16:23:46 Helper: IMEI: 728747588410374264
29-08-2018 16:23:46 Helper: Checksum does not match.
29-08-2018 16:23:46 TCP: ---- Saving to database ----
29-08-2018 16:23:46 TCP: ---- Successfully saved to database ----
