30-08-2018 17:01:24 UDP: Started listening at port 8414
30-08-2018 17:01:24 TCP: Started listening at port 10025
30-08-2018 17:01:24 TCP Output Control: Started listening at port 668
30-08-2018 17:01:24 TCP Output Control: Error in confirmation checker.
30-08-2018 17:01:24 TCP Output Control: System.InvalidOperationException: ExecuteNonQuery requires the command to have a transaction when the connection assigned to the command is in a pending local transaction.  The Transaction property of the command has not been initialized.
   at System.Data.SqlClient.SqlCommand.ValidateCommand(String method, Boolean async)
   at System.Data.SqlClient.SqlCommand.InternalExecuteNonQuery(TaskCompletionSource`1 completion, String methodName, Boolean sendToPipe, Int32 timeout, Boolean& usedCache, Boolean asyncWrite, Boolean inRetry)
   at System.Data.SqlClient.SqlCommand.ExecuteNonQuery()
   at ExampleService.DataAccess.MSSqlDataAccess.OutputUpdate(Int32 id, Byte status) in C:\Users\Abuzar\Desktop\27-08-2018\ExampleService\DataAccess\MSSqlDataAccess.cs:line 540
   at ExampleService.DataAccess.MSSqlDataAccess.CheckConfirmationExpirations() in C:\Users\Abuzar\Desktop\27-08-2018\ExampleService\DataAccess\MSSqlDataAccess.cs:line 561
   at ExampleService.TCPOutputControl.CheckConfirmationExpiration() in C:\Users\Abuzar\Desktop\27-08-2018\ExampleService\TCPOutputControl.cs:line 312
30-08-2018 17:01:51 TCP: Got new connection: 42.106.19.13:52468
30-08-2018 17:02:07 TCP: Recieved 18 bytes from socket.
30-08-2018 17:02:07 TCP: Checking for keyword validity.
30-08-2018 17:02:08 TCP: Keyword valid. Waiting for data.
30-08-2018 17:02:08 TCP: Recieved 123 bytes from socket.
30-08-2018 17:02:11 TCP: Longitude:.4110.950658
30-08-2018 17:02:11 TCP: Lattitude:.3355.632015
30-08-2018 17:02:12 TCP: Date;.1212081E0B1F
30-08-2018 17:02:14 TCP: Longitude:.2148.016387
30-08-2018 17:02:14 TCP: Lattitude:.3372.409231
30-08-2018 17:02:15 TCP: Date;.1212081E0B1E
30-08-2018 17:04:50 TCP: Got new connection: 42.106.19.13:40173
30-08-2018 17:04:51 TCP: Longitude:.2248.679683
30-08-2018 17:05:14 TCP: Lattitude:.3372.409231
30-08-2018 17:05:55 TCP: Recieved 357 bytes from socket.
30-08-2018 17:06:51 TCP: Checking for keyword validity.
30-08-2018 17:10:23 TCP: Lattitude:.3372.409231
30-08-2018 17:10:26 TCP: Date;.1212081E0B1E
30-08-2018 17:10:26 TCP: Got new connection: 42.106.19.13:30917
30-08-2018 17:10:27 TCP: Keyword valid. Waiting for data.
30-08-2018 17:10:29 TCP: Recieved 483 bytes from socket.
30-08-2018 17:10:30 TCP: Recieved 624 bytes from socket.
30-08-2018 17:10:31 TCP: Checking for keyword validity.
30-08-2018 17:10:32 TCP: Recieved 678 bytes from socket.
30-08-2018 17:10:32 TCP: Checking for keyword validity.
30-08-2018 17:10:33 TCP: Keyword valid. Waiting for data.
