29-08-2018 15:47:39 UDP: Started listening at port 8414
29-08-2018 15:47:45 TCP: Started listening at port 10025
29-08-2018 15:48:09 TCP: Got new connection: 42.106.18.24:3812
29-08-2018 15:48:12 TCP: Recieved 18 bytes from socket.
29-08-2018 15:48:12 TCP: Checking for keyword validity.
29-08-2018 15:48:12 TCP: Keyword valid. Waiting for data.
29-08-2018 15:48:13 TCP: Recieved 15 bytes from socket.
29-08-2018 15:48:20 TCP: Parsing recieved data.
29-08-2018 15:48:20 TCP: ---- Parser log start ----
29-08-2018 15:48:21 Helper: IMEI: 1130590330583160
29-08-2018 15:48:21 Helper: Checksum does not match.
29-08-2018 15:48:21 TCP: ---- Saving to database ----
29-08-2018 15:48:24 TCP Output Control: Started listening at port 668
29-08-2018 15:48:44 TCP Output Control: Error in confirmation checker.
29-08-2018 15:48:45 TCP Output Control: System.Data.SqlClient.SqlException (0x80131904): A connection was successfully established with the server, but then an error occurred during the login process. (provider: TCP Provider, error: 0 - An existing connection was forcibly closed by the remote host.) ---> System.ComponentModel.Win32Exception (0x80004005): An existing connection was forcibly closed by the remote host
   at System.Data.SqlClient.SqlInternalConnectionTds..ctor(DbConnectionPoolIdentity identity, SqlConnectionString connectionOptions, SqlCredential credential, Object providerInfo, String newPassword, SecureString newSecurePassword, Boolean redirectedUserInstance, SqlConnectionString userConnectionOptions, SessionData reconnectSessionData, DbConnectionPool pool, String accessToken, Boolean applyTransientFaultHandling, SqlAuthenticationProviderManager sqlAuthProviderManager)
   at System.Data.SqlClient.SqlConnectionFactory.CreateConnection(DbConnectionOptions options, DbConnectionPoolKey poolKey, Object poolGroupProviderInfo, DbConnectionPool pool, DbConnection owningConnection, DbConnectionOptions userOptions)
   at System.Data.ProviderBase.DbConnectionFactory.CreatePooledConnection(DbConnectionPool pool, DbConnection owningObject, DbConnectionOptions options, DbConnectionPoolKey poolKey, DbConnectionOptions userOptions)
   at System.Data.ProviderBase.DbConnectionPool.CreateObject(DbConnection owningObject, DbConnectionOptions userOptions, DbConnectionInternal oldConnection)
   at System.Data.ProviderBase.DbConnectionPool.UserCreateRequest(DbConnection owningObject, DbConnectionOptions userOptions, DbConnectionInternal oldConnection)
   at System.Data.ProviderBase.DbConnectionPool.TryGetConnection(DbConnection owningObject, UInt32 waitForMultipleObjectsTimeout, Boolean allowCreate, Boolean onlyOneCheckConnection, DbConnectionOptions userOptions, DbConnectionInternal& connection)
   at System.Data.ProviderBase.DbConnectionPool.TryGetConnection(DbConnection owningObject, TaskCompletionSource`1 retry, DbConnectionOptions userOptions, DbConnectionInternal& connection)
   at System.Data.ProviderBase.DbConnectionFactory.TryGetConnection(DbConnection owningConnection, TaskCompletionSource`1 retry, DbConnectionOptions userOptions, DbConnectionInternal oldConnection, DbConnectionInternal& connection)
   at System.Data.ProviderBase.DbConnectionInternal.TryOpenConnectionInternal(DbConnection outerConnection, DbConnectionFactory connectionFactory, TaskCompletionSource`1 retry, DbConnectionOptions userOptions)
   at System.Data.SqlClient.SqlConnection.TryOpenInner(TaskCompletionSource`1 retry)
   at System.Data.SqlClient.SqlConnection.TryOpen(TaskCompletionSource`1 retry)
   at System.Data.SqlClient.SqlConnection.Open()
   at ExampleService.DataAccess.MSSqlDataAccess.Open() in C:\Users\Abuzar\Desktop\27-08-2018\ExampleService\DataAccess\MSSqlDataAccess.cs:line 25
   at ExampleService.TCPOutputControl.CheckConfirmationExpiration() in C:\Users\Abuzar\Desktop\27-08-2018\ExampleService\TCPOutputControl.cs:line 309
ClientConnectionId:aefb5e02-3912-4f15-a509-0efa04c0fa60
Error Number:10054,State:0,Class:20
29-08-2018 15:48:46 TCP: ---- Successfully saved to database ----
29-08-2018 15:48:47 TCP: Recieved 396 bytes from socket.
29-08-2018 15:48:47 TCP: Parsing recieved data.
29-08-2018 15:48:47 TCP: ---- Parser log start ----
29-08-2018 15:48:47 Helper: IMEI: 728747588410374264
29-08-2018 15:48:47 Helper: Checksum does not match.
29-08-2018 15:48:47 TCP: ---- Saving to database ----
29-08-2018 15:48:47 TCP: ---- Successfully saved to database ----
29-08-2018 15:48:50 TCP: Recieved 36 bytes from socket.
29-08-2018 15:48:50 TCP: Parsing recieved data.
29-08-2018 15:48:50 TCP: ---- Parser log start ----
29-08-2018 15:48:50 Helper: IMEI: 728747588410374264
29-08-2018 15:48:50 Helper: Checksum does not match.
29-08-2018 15:48:50 TCP: ---- Saving to database ----
29-08-2018 15:48:50 TCP: ---- Successfully saved to database ----
29-08-2018 15:49:00 TCP: Recieved 36 bytes from socket.
29-08-2018 15:49:00 TCP: Parsing recieved data.
29-08-2018 15:49:00 TCP: ---- Parser log start ----
29-08-2018 15:49:00 Helper: IMEI: 728747588410374264
29-08-2018 15:49:00 Helper: Checksum does not match.
29-08-2018 15:49:00 TCP: ---- Saving to database ----
29-08-2018 15:49:00 TCP: ---- Successfully saved to database ----
29-08-2018 15:49:10 TCP: Recieved 36 bytes from socket.
29-08-2018 15:49:10 TCP: Parsing recieved data.
29-08-2018 15:49:10 TCP: ---- Parser log start ----
29-08-2018 15:49:10 Helper: IMEI: 728747588410374264
29-08-2018 15:49:10 Helper: Checksum does not match.
29-08-2018 15:49:10 TCP: ---- Saving to database ----
29-08-2018 15:49:10 TCP: ---- Successfully saved to database ----
29-08-2018 15:49:20 TCP: Recieved 36 bytes from socket.
29-08-2018 15:49:20 TCP: Parsing recieved data.
29-08-2018 15:49:20 TCP: ---- Parser log start ----
29-08-2018 15:49:20 Helper: IMEI: 728747588410374264
29-08-2018 15:49:20 Helper: Checksum does not match.
29-08-2018 15:49:20 TCP: ---- Saving to database ----
29-08-2018 15:49:20 TCP: ---- Successfully saved to database ----
29-08-2018 15:49:30 TCP: Recieved 36 bytes from socket.
29-08-2018 15:49:30 TCP: Parsing recieved data.
29-08-2018 15:49:30 TCP: ---- Parser log start ----
29-08-2018 15:49:30 Helper: IMEI: 728747588410374264
29-08-2018 15:49:30 Helper: Checksum does not match.
29-08-2018 15:49:30 TCP: ---- Saving to database ----
29-08-2018 15:49:30 TCP: ---- Successfully saved to database ----
29-08-2018 15:49:39 TCP: Recieved 15 bytes from socket.
29-08-2018 15:49:39 TCP: Parsing recieved data.
29-08-2018 15:49:39 TCP: ---- Parser log start ----
29-08-2018 15:49:39 Helper: IMEI: 1130590330583160
29-08-2018 15:49:39 Helper: Checksum does not match.
29-08-2018 15:49:39 TCP: ---- Saving to database ----
29-08-2018 15:49:39 TCP: ---- Successfully saved to database ----
29-08-2018 15:49:40 TCP: Recieved 36 bytes from socket.
29-08-2018 15:49:40 TCP: Parsing recieved data.
29-08-2018 15:49:40 TCP: ---- Parser log start ----
29-08-2018 15:49:40 Helper: IMEI: 728747588410374264
29-08-2018 15:49:40 Helper: Checksum does not match.
29-08-2018 15:49:40 TCP: ---- Saving to database ----
29-08-2018 15:49:40 TCP: ---- Successfully saved to database ----
29-08-2018 15:49:51 TCP: Recieved 36 bytes from socket.
29-08-2018 15:49:51 TCP: Parsing recieved data.
29-08-2018 15:49:51 TCP: ---- Parser log start ----
29-08-2018 15:49:51 Helper: IMEI: 728747588410374264
29-08-2018 15:49:51 Helper: Checksum does not match.
29-08-2018 15:49:51 TCP: ---- Saving to database ----
29-08-2018 15:49:51 TCP: ---- Successfully saved to database ----
29-08-2018 15:50:00 TCP: Recieved 36 bytes from socket.
29-08-2018 15:50:00 TCP: Parsing recieved data.
29-08-2018 15:50:00 TCP: ---- Parser log start ----
29-08-2018 15:50:00 Helper: IMEI: 728747588410374264
29-08-2018 15:50:00 Helper: Checksum does not match.
29-08-2018 15:50:00 TCP: ---- Saving to database ----
29-08-2018 15:50:00 TCP: ---- Successfully saved to database ----
29-08-2018 15:50:10 TCP: Recieved 36 bytes from socket.
29-08-2018 15:50:10 TCP: Parsing recieved data.
29-08-2018 15:50:10 TCP: ---- Parser log start ----
29-08-2018 15:50:10 Helper: IMEI: 728747588410374264
29-08-2018 15:50:10 Helper: Checksum does not match.
29-08-2018 15:50:10 TCP: ---- Saving to database ----
29-08-2018 15:50:10 TCP: ---- Successfully saved to database ----
29-08-2018 15:50:20 TCP: Recieved 36 bytes from socket.
29-08-2018 15:50:20 TCP: Parsing recieved data.
29-08-2018 15:50:20 TCP: ---- Parser log start ----
29-08-2018 15:50:20 Helper: IMEI: 728747588410374264
29-08-2018 15:50:20 Helper: Checksum does not match.
29-08-2018 15:50:20 TCP: ---- Saving to database ----
29-08-2018 15:50:20 TCP: ---- Successfully saved to database ----
29-08-2018 15:50:30 TCP: Recieved 36 bytes from socket.
29-08-2018 15:50:30 TCP: Parsing recieved data.
29-08-2018 15:50:30 TCP: ---- Parser log start ----
29-08-2018 15:50:45 Helper: IMEI: 728747588410374264
29-08-2018 15:50:45 Helper: Checksum does not match.
29-08-2018 15:50:45 TCP: ---- Saving to database ----
29-08-2018 15:50:45 TCP: ---- Successfully saved to database ----
29-08-2018 15:50:45 TCP: Recieved 36 bytes from socket.
29-08-2018 15:50:45 TCP: Parsing recieved data.
29-08-2018 15:50:45 TCP: ---- Parser log start ----
29-08-2018 15:51:30 Helper: IMEI: 728747588410374264
29-08-2018 15:51:30 Helper: Checksum does not match.
29-08-2018 15:51:30 TCP: ---- Saving to database ----
29-08-2018 15:51:30 TCP: ---- Successfully saved to database ----
29-08-2018 15:51:30 TCP: Recieved 159 bytes from socket.
29-08-2018 15:51:30 TCP: Parsing recieved data.
29-08-2018 15:51:30 TCP: ---- Parser log start ----
29-08-2018 15:51:40 Helper: IMEI: 728747588410374264
29-08-2018 15:51:40 Helper: Checksum does not match.
29-08-2018 15:51:40 TCP: ---- Saving to database ----
29-08-2018 15:51:40 TCP: ---- Successfully saved to database ----
29-08-2018 15:51:40 TCP: Recieved 36 bytes from socket.
29-08-2018 15:51:40 TCP: Parsing recieved data.
29-08-2018 15:51:40 TCP: ---- Parser log start ----
29-08-2018 15:52:26 Helper: IMEI: 728747588410374264
29-08-2018 15:52:26 Helper: Checksum does not match.
29-08-2018 15:52:26 TCP: ---- Saving to database ----
29-08-2018 15:52:26 TCP: ---- Successfully saved to database ----
29-08-2018 15:52:26 TCP: Recieved 180 bytes from socket.
29-08-2018 15:52:26 TCP: Parsing recieved data.
29-08-2018 15:52:26 TCP: ---- Parser log start ----
29-08-2018 15:52:27 Helper: IMEI: 728747588410374264
29-08-2018 15:52:27 Helper: Checksum does not match.
29-08-2018 15:52:27 TCP: ---- Saving to database ----
29-08-2018 15:52:27 TCP: ---- Successfully saved to database ----
29-08-2018 15:52:31 TCP: Recieved 36 bytes from socket.
29-08-2018 15:52:31 TCP: Parsing recieved data.
29-08-2018 15:52:31 TCP: ---- Parser log start ----
29-08-2018 16:00:07 TCP: Got new connection: 42.106.18.24:56560
29-08-2018 16:00:07 TCP: Got new connection: 42.106.18.24:30554
29-08-2018 16:00:07 Helper: IMEI: 728747588410374264
29-08-2018 16:00:07 TCP: Recieved 1024 bytes from socket.
29-08-2018 16:00:07 TCP: Checking for keyword validity.
29-08-2018 16:00:07 TCP: Keyword valid. Waiting for data.
29-08-2018 16:00:07 TCP: Recieved 696 bytes from socket.
29-08-2018 16:00:07 Helper: Checksum does not match.
29-08-2018 16:00:07 TCP: Checking for keyword validity.
29-08-2018 16:00:07 TCP: Recieved 11 bytes from socket.
29-08-2018 16:00:07 TCP: Parsing recieved data.
29-08-2018 16:00:07 TCP: Keyword valid. Waiting for data.
29-08-2018 16:00:07 TCP: ---- Parser log start ----
29-08-2018 16:00:07 TCP: ---- Saving to database ----
29-08-2018 16:00:09 Helper: IMEI: 7721421751078418439
29-08-2018 16:00:09 Helper: Checksum does not match.
29-08-2018 16:00:09 TCP: ---- Saving to database ----
29-08-2018 16:00:09 TCP: ---- Successfully saved to database ----
29-08-2018 16:00:09 TCP: ---- Successfully saved to database ----
29-08-2018 16:00:10 TCP: Recieved 36 bytes from socket.
29-08-2018 16:00:10 TCP: Parsing recieved data.
29-08-2018 16:00:10 TCP: ---- Parser log start ----
29-08-2018 16:10:15 Helper: IMEI: 728747588410374264
29-08-2018 16:10:15 TCP: Got new connection: 42.106.16.53:29285
29-08-2018 16:10:15 TCP: Got new connection: 42.106.16.53:59337
29-08-2018 16:10:15 Helper: Checksum does not match.
29-08-2018 16:10:15 TCP: Recieved 819 bytes from socket.
29-08-2018 16:10:15 TCP: ---- Saving to database ----
29-08-2018 16:10:15 TCP: Checking for keyword validity.
29-08-2018 16:10:20 TCP: Keyword valid. Waiting for data.
29-08-2018 16:10:15 TCP: Recieved 1024 bytes from socket.
29-08-2018 16:10:20 TCP: Checking for keyword validity.
29-08-2018 16:10:20 TCP: ---- Successfully saved to database ----
29-08-2018 16:10:22 TCP: Recieved 36 bytes from socket.
29-08-2018 16:10:22 TCP: Parsing recieved data.
29-08-2018 16:10:22 TCP: ---- Parser log start ----
29-08-2018 16:10:22 Helper: IMEI: 728747588410374264
29-08-2018 16:10:22 Helper: Checksum does not match.
29-08-2018 16:10:22 TCP: Keyword valid. Waiting for data.
29-08-2018 16:10:22 TCP: ---- Saving to database ----
29-08-2018 16:10:22 TCP: Recieved 303 bytes from socket.
29-08-2018 16:10:22 TCP: Parsing recieved data.
29-08-2018 16:10:22 TCP: ---- Parser log start ----
29-08-2018 16:10:22 Helper: IMEI: 1130590330583160
29-08-2018 16:10:22 TCP: Recieved 155 bytes from socket.
29-08-2018 16:10:22 TCP: Parsing recieved data.
29-08-2018 16:10:22 TCP: ---- Successfully saved to database ----
29-08-2018 16:10:22 Helper: Checksum does not match.
29-08-2018 16:10:22 TCP: ---- Saving to database ----
29-08-2018 16:10:22 TCP: ---- Parser log start ----
29-08-2018 16:10:22 Helper: IMEI: 9756485832696461319
29-08-2018 16:10:22 Helper: Checksum does not match.
29-08-2018 16:10:22 TCP: ---- Saving to database ----
29-08-2018 16:10:22 TCP: ---- Successfully saved to database ----
29-08-2018 16:10:22 TCP: ---- Successfully saved to database ----
29-08-2018 16:10:30 TCP: Recieved 36 bytes from socket.
29-08-2018 16:10:30 TCP: Parsing recieved data.
29-08-2018 16:10:30 TCP: ---- Parser log start ----
29-08-2018 16:10:30 Helper: IMEI: 728747588410374264
29-08-2018 16:10:30 Helper: Checksum does not match.
29-08-2018 16:10:30 TCP: ---- Saving to database ----
29-08-2018 16:10:30 TCP: ---- Successfully saved to database ----
29-08-2018 16:10:40 TCP: Recieved 36 bytes from socket.
29-08-2018 16:10:40 TCP: Parsing recieved data.
29-08-2018 16:10:40 TCP: ---- Parser log start ----
29-08-2018 16:10:40 Helper: IMEI: 728747588410374264
29-08-2018 16:10:40 Helper: Checksum does not match.
29-08-2018 16:10:40 TCP: ---- Saving to database ----
29-08-2018 16:10:40 TCP: ---- Successfully saved to database ----
29-08-2018 16:10:50 TCP: Recieved 36 bytes from socket.
29-08-2018 16:10:50 TCP: Parsing recieved data.
29-08-2018 16:10:50 TCP: ---- Parser log start ----
29-08-2018 16:10:50 Helper: IMEI: 728747588410374264
29-08-2018 16:10:50 Helper: Checksum does not match.
29-08-2018 16:10:50 TCP: ---- Saving to database ----
29-08-2018 16:10:50 TCP: ---- Successfully saved to database ----
29-08-2018 16:11:00 TCP: Recieved 36 bytes from socket.
29-08-2018 16:11:00 TCP: Parsing recieved data.
29-08-2018 16:11:00 TCP: ---- Parser log start ----
29-08-2018 16:11:00 Helper: IMEI: 728747588410374264
29-08-2018 16:11:00 Helper: Checksum does not match.
29-08-2018 16:11:00 TCP: ---- Saving to database ----
29-08-2018 16:11:00 TCP: ---- Successfully saved to database ----
29-08-2018 16:11:10 TCP: Recieved 36 bytes from socket.
29-08-2018 16:11:10 TCP: Parsing recieved data.
29-08-2018 16:11:10 TCP: ---- Parser log start ----
29-08-2018 16:11:10 Helper: IMEI: 728747588410374264
29-08-2018 16:11:10 Helper: Checksum does not match.
29-08-2018 16:11:10 TCP: ---- Saving to database ----
29-08-2018 16:11:10 TCP: ---- Successfully saved to database ----
29-08-2018 16:11:18 TCP: Got new connection: 42.106.16.53:4705
29-08-2018 16:11:19 TCP: Recieved 18 bytes from socket.
29-08-2018 16:11:19 TCP: Checking for keyword validity.
29-08-2018 16:19:39 TCP: Keyword valid. Waiting for data.
29-08-2018 16:19:39 TCP: Recieved 1017 bytes from socket.
29-08-2018 16:19:39 TCP: Got new connection: 42.106.26.145:53868
29-08-2018 16:19:39 TCP: Parsing recieved data.
29-08-2018 16:19:39 TCP: ---- Parser log start ----
29-08-2018 16:19:39 Helper: IMEI: 1130590330583160
29-08-2018 16:19:39 Helper: Checksum does not match.
29-08-2018 16:19:39 TCP: ---- Saving to database ----
29-08-2018 16:19:39 TCP: Recieved 891 bytes from socket.
29-08-2018 16:19:39 TCP: Checking for keyword validity.
29-08-2018 16:19:45 TCP: Keyword valid. Waiting for data.
29-08-2018 16:19:45 TCP: ---- Successfully saved to database ----
29-08-2018 16:19:45 TCP: Recieved 36 bytes from socket.
29-08-2018 16:19:45 TCP: Parsing recieved data.
29-08-2018 16:19:45 TCP: ---- Parser log start ----
29-08-2018 16:19:45 Helper: IMEI: 728747588410374264
29-08-2018 16:19:45 Helper: Checksum does not match.
29-08-2018 16:19:45 TCP: ---- Saving to database ----
29-08-2018 16:19:45 TCP: ---- Successfully saved to database ----
29-08-2018 16:19:50 TCP: Recieved 36 bytes from socket.
29-08-2018 16:19:50 TCP: Parsing recieved data.
29-08-2018 16:19:50 TCP: ---- Parser log start ----
29-08-2018 16:19:50 Helper: IMEI: 728747588410374264
29-08-2018 16:19:50 Helper: Checksum does not match.
29-08-2018 16:19:50 TCP: ---- Saving to database ----
29-08-2018 16:19:50 TCP: ---- Successfully saved to database ----
