30-08-2018 15:17:05 UDP: Started listening at port 8414
30-08-2018 15:17:05 TCP: Started listening at port 10025
30-08-2018 15:17:05 TCP Output Control: Started listening at port 668
30-08-2018 15:17:06 TCP Output Control: Error in confirmation checker.
30-08-2018 15:17:06 TCP Output Control: System.InvalidOperationException: ExecuteNonQuery requires the command to have a transaction when the connection assigned to the command is in a pending local transaction.  The Transaction property of the command has not been initialized.
   at System.Data.SqlClient.SqlCommand.ValidateCommand(String method, Boolean async)
   at System.Data.SqlClient.SqlCommand.InternalExecuteNonQuery(TaskCompletionSource`1 completion, String methodName, Boolean sendToPipe, Int32 timeout, Boolean& usedCache, Boolean asyncWrite, Boolean inRetry)
   at System.Data.SqlClient.SqlCommand.ExecuteNonQuery()
   at ExampleService.DataAccess.MSSqlDataAccess.OutputUpdate(Int32 id, Byte status) in C:\Users\Abuzar\Desktop\27-08-2018\ExampleService\DataAccess\MSSqlDataAccess.cs:line 540
   at ExampleService.DataAccess.MSSqlDataAccess.CheckConfirmationExpirations() in C:\Users\Abuzar\Desktop\27-08-2018\ExampleService\DataAccess\MSSqlDataAccess.cs:line 561
   at ExampleService.TCPOutputControl.CheckConfirmationExpiration() in C:\Users\Abuzar\Desktop\27-08-2018\ExampleService\TCPOutputControl.cs:line 312
30-08-2018 15:17:15 TCP: Got new connection: 42.106.27.153:44885
30-08-2018 15:17:18 TCP: Recieved 18 bytes from socket.
30-08-2018 15:17:18 TCP: Checking for keyword validity.
30-08-2018 15:17:20 TCP: Keyword valid. Waiting for data.
30-08-2018 15:17:21 TCP: Recieved 15 bytes from socket.
30-08-2018 15:17:22 TCP: Packet too short.
30-08-2018 15:17:24 TCP: Recieved 36 bytes from socket.
30-08-2018 15:17:31 TCP: Recieved 51 bytes from socket.
30-08-2018 15:17:31 TCP: Checking for keyword validity.
30-08-2018 15:17:33 TCP: Keyword valid. Waiting for data.
30-08-2018 15:17:35 TCP: Recieved 36 bytes from socket.
30-08-2018 15:18:34 TCP: Recieved 72 bytes from socket.
30-08-2018 15:18:34 TCP: Checking for keyword validity.
30-08-2018 15:18:38 TCP: Keyword valid. Waiting for data.
30-08-2018 15:18:40 TCP: Recieved 519 bytes from socket.
30-08-2018 15:19:12 TCP: Recieved 123 bytes from socket.
30-08-2018 15:19:12 TCP: Checking for keyword validity.
30-08-2018 15:19:13 TCP: Keyword valid. Waiting for data.
30-08-2018 15:19:30 TCP: Recieved 36 bytes from socket.
30-08-2018 15:19:33 TCP: Recieved 36 bytes from socket.
30-08-2018 15:19:33 TCP: Checking for keyword validity.
30-08-2018 15:19:34 TCP: Keyword valid. Waiting for data.
30-08-2018 15:19:40 TCP: Recieved 36 bytes from socket.
30-08-2018 15:19:51 TCP: Recieved 36 bytes from socket.
30-08-2018 15:19:51 TCP: Checking for keyword validity.
30-08-2018 15:19:52 TCP: Keyword valid. Waiting for data.
30-08-2018 15:20:06 TCP: Recieved 36 bytes from socket.
30-08-2018 15:20:14 TCP: Recieved 36 bytes from socket.
30-08-2018 15:20:14 TCP: Checking for keyword validity.
